2025-05-18 06:34:06,112 - INFO - Starting sales apartment scraper at 2025-05-18 06:34:06.112819
2025-05-18 06:34:06,378 - INFO - Loaded existing data from unegui_data/unegui_sales_data.csv: 14730 records
2025-05-18 06:34:06,568 - INFO - Loaded 14730 existing records
2025-05-18 06:34:06,580 - INFO - Scraping page 1...
2025-05-18 06:34:06,580 - INFO - Scraping page 2...
2025-05-18 06:34:06,580 - INFO - Scraping page 3...
2025-05-18 06:34:10,501 - INFO - Found 60 links on page 1
2025-05-18 06:34:10,501 - INFO - Scraping page 4...
2025-05-18 06:34:11,197 - INFO - Found 60 links on page 3
2025-05-18 06:34:11,197 - INFO - Scraping page 5...
2025-05-18 06:34:11,398 - INFO - Found 60 links on page 2
2025-05-18 06:34:11,398 - INFO - Scraping page 6...
2025-05-18 06:34:14,914 - INFO - Found 60 links on page 4
2025-05-18 06:34:14,914 - INFO - Scraping page 7...
2025-05-18 06:34:15,588 - INFO - Found 60 links on page 5
2025-05-18 06:34:15,588 - INFO - Scraping page 8...
2025-05-18 06:34:16,020 - INFO - Found 60 links on page 6
2025-05-18 06:34:16,020 - INFO - Scraping page 9...
2025-05-18 06:34:19,385 - INFO - Found 60 links on page 7
2025-05-18 06:34:19,385 - INFO - Scraping page 10...
2025-05-18 06:34:20,224 - INFO - Found 60 links on page 8
2025-05-18 06:34:20,224 - INFO - Scraping page 11...
2025-05-18 06:34:20,616 - INFO - Found 60 links on page 9
2025-05-18 06:34:20,616 - INFO - Scraping page 12...
2025-05-18 06:34:23,798 - INFO - Found 60 links on page 10
2025-05-18 06:34:23,798 - INFO - Scraping page 13...
2025-05-18 06:34:25,127 - INFO - Found 60 links on page 12
2025-05-18 06:34:25,128 - INFO - Scraping page 14...
2025-05-18 06:34:25,878 - INFO - Found 60 links on page 11
2025-05-18 06:34:25,878 - INFO - Scraping page 15...
2025-05-18 06:34:28,623 - INFO - Found 60 links on page 13
2025-05-18 06:34:28,623 - INFO - Scraping page 16...
2025-05-18 06:34:29,463 - INFO - Found 60 links on page 14
2025-05-18 06:34:29,464 - INFO - Scraping page 17...
2025-05-18 06:34:30,154 - INFO - Found 60 links on page 15
2025-05-18 06:34:30,154 - INFO - Scraping page 18...
2025-05-18 06:34:32,884 - INFO - Found 60 links on page 16
2025-05-18 06:34:32,884 - INFO - Scraping page 19...
2025-05-18 06:34:34,174 - INFO - Found 60 links on page 17
2025-05-18 06:34:34,174 - INFO - Scraping page 20...
2025-05-18 06:34:34,460 - INFO - Found 60 links on page 18
2025-05-18 06:34:34,461 - INFO - Scraping page 21...
2025-05-18 06:34:37,563 - INFO - Found 60 links on page 19
2025-05-18 06:34:37,563 - INFO - Scraping page 22...
2025-05-18 06:34:38,698 - INFO - Found 60 links on page 20
2025-05-18 06:34:38,699 - INFO - Scraping page 23...
2025-05-18 06:34:39,185 - INFO - Found 60 links on page 21
2025-05-18 06:34:39,186 - INFO - Scraping page 24...
2025-05-18 06:34:42,235 - INFO - Found 60 links on page 22
2025-05-18 06:34:42,236 - INFO - Scraping page 25...
2025-05-18 06:34:43,320 - INFO - Found 60 links on page 23
2025-05-18 06:34:43,320 - INFO - Scraping page 26...
2025-05-18 06:34:43,842 - INFO - Found 60 links on page 24
2025-05-18 06:34:43,842 - INFO - Scraping page 27...
2025-05-18 06:34:47,332 - INFO - Found 60 links on page 25
2025-05-18 06:34:47,332 - INFO - Scraping page 28...
2025-05-18 06:34:48,133 - INFO - Found 60 links on page 26
2025-05-18 06:34:48,134 - INFO - Scraping page 29...
2025-05-18 06:34:48,392 - INFO - Found 60 links on page 27
2025-05-18 06:34:48,392 - INFO - Scraping page 30...
2025-05-18 06:34:52,103 - INFO - Found 60 links on page 28
2025-05-18 06:34:52,103 - INFO - Scraping page 31...
2025-05-18 06:34:52,620 - INFO - Found 60 links on page 29
2025-05-18 06:34:52,625 - INFO - Scraping page 32...
2025-05-18 06:34:52,796 - INFO - Found 60 links on page 30
2025-05-18 06:34:52,796 - INFO - Scraping page 33...
2025-05-18 06:34:56,755 - INFO - Found 60 links on page 31
2025-05-18 06:34:56,755 - INFO - Scraping page 34...
2025-05-18 06:34:57,159 - INFO - Found 60 links on page 33
2025-05-18 06:34:57,164 - INFO - Scraping page 35...
2025-05-18 06:34:57,177 - INFO - Found 60 links on page 32
2025-05-18 06:34:57,178 - INFO - Scraping page 36...
2025-05-18 06:35:01,267 - INFO - Found 60 links on page 35
2025-05-18 06:35:01,273 - INFO - Scraping page 37...
2025-05-18 06:35:01,492 - INFO - Found 60 links on page 36
2025-05-18 06:35:01,502 - INFO - Scraping page 38...
2025-05-18 06:35:01,728 - INFO - Found 60 links on page 34
2025-05-18 06:35:01,728 - INFO - Scraping page 39...
2025-05-18 06:35:05,753 - INFO - Found 60 links on page 39
2025-05-18 06:35:05,754 - INFO - Scraping page 40...
2025-05-18 06:35:05,956 - INFO - Found 60 links on page 38
2025-05-18 06:35:05,956 - INFO - Scraping page 41...
2025-05-18 06:35:06,309 - INFO - Found 60 links on page 37
2025-05-18 06:35:06,310 - INFO - Scraping page 42...
2025-05-18 06:35:09,796 - INFO - Found 60 links on page 40
2025-05-18 06:35:09,796 - INFO - Scraping page 43...
2025-05-18 06:35:10,151 - INFO - Found 60 links on page 41
2025-05-18 06:35:10,156 - INFO - Scraping page 44...
2025-05-18 06:35:10,274 - INFO - Found 60 links on page 42
2025-05-18 06:35:10,274 - INFO - Scraping page 45...
2025-05-18 06:35:13,738 - INFO - Found 60 links on page 43
2025-05-18 06:35:13,738 - INFO - Scraping page 46...
2025-05-18 06:35:14,022 - INFO - Found 60 links on page 44
2025-05-18 06:35:14,022 - INFO - Scraping page 47...
2025-05-18 06:35:14,304 - INFO - Found 60 links on page 45
2025-05-18 06:35:14,304 - INFO - Scraping page 48...
2025-05-18 06:35:18,257 - INFO - Found 60 links on page 46
2025-05-18 06:35:18,262 - INFO - Scraping page 49...
2025-05-18 06:35:18,452 - INFO - Found 60 links on page 47
2025-05-18 06:35:18,457 - INFO - Scraping page 50...
2025-05-18 06:35:18,646 - INFO - Found 60 links on page 48
2025-05-18 06:35:18,646 - INFO - Scraping page 51...
2025-05-18 06:35:22,741 - INFO - Found 60 links on page 49
2025-05-18 06:35:22,742 - INFO - Scraping page 52...
2025-05-18 06:35:22,883 - INFO - Found 60 links on page 51
2025-05-18 06:35:22,883 - INFO - Scraping page 53...
2025-05-18 06:35:23,149 - INFO - Found 60 links on page 50
2025-05-18 06:35:23,149 - INFO - Scraping page 54...
2025-05-18 06:35:27,007 - INFO - Found 60 links on page 54
2025-05-18 06:35:27,017 - INFO - Scraping page 55...
2025-05-18 06:35:27,279 - INFO - Found 60 links on page 52
2025-05-18 06:35:27,285 - INFO - Scraping page 56...
2025-05-18 06:35:27,375 - INFO - Found 60 links on page 53
2025-05-18 06:35:27,375 - INFO - Scraping page 57...
2025-05-18 06:35:30,938 - INFO - Found 60 links on page 55
2025-05-18 06:35:30,938 - INFO - Scraping page 58...
2025-05-18 06:35:31,580 - INFO - Found 60 links on page 57
2025-05-18 06:35:31,590 - INFO - Scraping page 59...
2025-05-18 06:35:31,697 - INFO - Found 60 links on page 56
2025-05-18 06:35:31,697 - INFO - Scraping page 60...
2025-05-18 06:35:34,976 - INFO - Found 60 links on page 58
2025-05-18 06:35:34,976 - INFO - Scraping page 61...
2025-05-18 06:35:35,585 - INFO - Found 60 links on page 59
2025-05-18 06:35:35,585 - INFO - Scraping page 62...
2025-05-18 06:35:36,644 - INFO - Found 60 links on page 60
2025-05-18 06:35:36,644 - INFO - Scraping page 63...
2025-05-18 06:35:39,733 - INFO - Found 60 links on page 61
2025-05-18 06:35:39,733 - INFO - Scraping page 64...
2025-05-18 06:35:39,977 - INFO - Found 60 links on page 62
2025-05-18 06:35:39,977 - INFO - Scraping page 65...
2025-05-18 06:35:40,672 - INFO - Found 60 links on page 63
2025-05-18 06:35:40,673 - INFO - Scraping page 66...
2025-05-18 06:35:44,101 - INFO - Found 60 links on page 65
2025-05-18 06:35:44,111 - INFO - Scraping page 67...
2025-05-18 06:35:44,279 - INFO - Found 60 links on page 64
2025-05-18 06:35:44,279 - INFO - Scraping page 68...
2025-05-18 06:35:44,736 - INFO - Found 60 links on page 66
2025-05-18 06:35:44,736 - INFO - Scraping page 69...
2025-05-18 06:35:48,311 - INFO - Found 60 links on page 67
2025-05-18 06:35:48,311 - INFO - Scraping page 70...
2025-05-18 06:35:49,380 - INFO - Found 60 links on page 68
2025-05-18 06:35:49,385 - INFO - Scraping page 71...
2025-05-18 06:35:49,518 - INFO - Found 60 links on page 69
2025-05-18 06:35:49,518 - INFO - Scraping page 72...
2025-05-18 06:35:52,654 - INFO - Found 60 links on page 70
2025-05-18 06:35:52,654 - INFO - Scraping page 73...
2025-05-18 06:35:53,772 - INFO - Found 60 links on page 71
2025-05-18 06:35:53,782 - INFO - Scraping page 74...
2025-05-18 06:35:53,860 - INFO - Found 60 links on page 72
2025-05-18 06:35:53,861 - INFO - Scraping page 75...
2025-05-18 06:35:56,663 - INFO - Found 60 links on page 73
2025-05-18 06:35:56,663 - INFO - Scraping page 76...
2025-05-18 06:35:57,761 - INFO - Found 60 links on page 74
2025-05-18 06:35:57,761 - INFO - Scraping page 77...
2025-05-18 06:35:58,000 - INFO - Found 60 links on page 75
2025-05-18 06:35:58,000 - INFO - Scraping page 78...
2025-05-18 06:36:00,676 - INFO - Found 60 links on page 76
2025-05-18 06:36:00,677 - INFO - Scraping page 79...
2025-05-18 06:36:01,918 - INFO - Found 60 links on page 77
2025-05-18 06:36:01,918 - INFO - Scraping page 80...
2025-05-18 06:36:02,213 - INFO - Found 60 links on page 78
2025-05-18 06:36:02,213 - INFO - Scraping page 81...
2025-05-18 06:36:04,939 - INFO - Found 60 links on page 79
2025-05-18 06:36:04,939 - INFO - Scraping page 82...
2025-05-18 06:36:05,857 - INFO - Found 60 links on page 80
2025-05-18 06:36:05,857 - INFO - Scraping page 83...
2025-05-18 06:36:06,493 - INFO - Found 60 links on page 81
2025-05-18 06:36:06,493 - INFO - Scraping page 84...
2025-05-18 06:36:09,246 - INFO - Found 60 links on page 82
2025-05-18 06:36:09,246 - INFO - Scraping page 85...
2025-05-18 06:36:10,102 - INFO - Found 60 links on page 83
2025-05-18 06:36:10,102 - INFO - Scraping page 86...
2025-05-18 06:36:10,654 - INFO - Found 60 links on page 84
2025-05-18 06:36:10,654 - INFO - Scraping page 87...
2025-05-18 06:36:13,623 - INFO - Found 60 links on page 85
2025-05-18 06:36:13,624 - INFO - Scraping page 88...
2025-05-18 06:36:14,884 - INFO - Found 60 links on page 86
2025-05-18 06:36:14,890 - INFO - Scraping page 89...
2025-05-18 06:36:15,006 - INFO - Found 60 links on page 87
2025-05-18 06:36:15,006 - INFO - Scraping page 90...
2025-05-18 06:36:17,714 - INFO - Found 60 links on page 88
2025-05-18 06:36:17,714 - INFO - Scraping page 91...
2025-05-18 06:36:19,155 - INFO - Found 60 links on page 89
2025-05-18 06:36:19,156 - INFO - Scraping page 92...
2025-05-18 06:36:20,012 - INFO - Found 60 links on page 90
2025-05-18 06:36:20,012 - INFO - Scraping page 93...
2025-05-18 06:36:21,728 - INFO - Found 60 links on page 91
2025-05-18 06:36:21,728 - INFO - Scraping page 94...
2025-05-18 06:36:23,484 - INFO - Found 60 links on page 92
2025-05-18 06:36:23,484 - INFO - Scraping page 95...
2025-05-18 06:36:23,974 - INFO - Found 60 links on page 93
2025-05-18 06:36:23,974 - INFO - Scraping page 96...
2025-05-18 06:36:26,541 - INFO - Found 60 links on page 94
2025-05-18 06:36:26,542 - INFO - Scraping page 97...
2025-05-18 06:36:27,954 - INFO - Found 60 links on page 95
2025-05-18 06:36:27,954 - INFO - Scraping page 98...
2025-05-18 06:36:28,720 - INFO - Found 60 links on page 96
2025-05-18 06:36:28,720 - INFO - Scraping page 99...
2025-05-18 06:36:31,179 - INFO - Found 60 links on page 97
2025-05-18 06:36:31,179 - INFO - Scraping page 100...
2025-05-18 06:36:32,161 - INFO - Found 60 links on page 98
2025-05-18 06:36:32,161 - INFO - Scraping page 101...
2025-05-18 06:36:32,739 - INFO - Found 60 links on page 99
2025-05-18 06:36:32,739 - INFO - Scraping page 102...
2025-05-18 06:36:35,155 - INFO - Found 60 links on page 100
2025-05-18 06:36:35,155 - INFO - Scraping page 103...
2025-05-18 06:36:36,548 - INFO - Found 60 links on page 101
2025-05-18 06:36:36,549 - INFO - Scraping page 104...
2025-05-18 06:36:37,034 - INFO - Found 60 links on page 102
2025-05-18 06:36:37,034 - INFO - Scraping page 105...
2025-05-18 06:36:39,195 - INFO - Found 60 links on page 103
2025-05-18 06:36:39,195 - INFO - Scraping page 106...
2025-05-18 06:36:40,736 - INFO - Found 60 links on page 104
2025-05-18 06:36:40,736 - INFO - Scraping page 107...
2025-05-18 06:36:41,437 - INFO - Found 60 links on page 105
2025-05-18 06:36:41,437 - INFO - Scraping page 108...
2025-05-18 06:36:44,017 - INFO - Found 60 links on page 106
2025-05-18 06:36:44,017 - INFO - Scraping page 109...
2025-05-18 06:36:45,152 - INFO - Found 60 links on page 107
2025-05-18 06:36:45,152 - INFO - Scraping page 110...
2025-05-18 06:36:45,591 - INFO - Found 60 links on page 108
2025-05-18 06:36:45,591 - INFO - Scraping page 111...
2025-05-18 06:36:48,157 - INFO - Found 60 links on page 109
2025-05-18 06:36:48,157 - INFO - Scraping page 112...
2025-05-18 06:36:49,384 - INFO - Found 60 links on page 110
2025-05-18 06:36:49,384 - INFO - Scraping page 113...
2025-05-18 06:36:50,925 - INFO - Found 60 links on page 111
2025-05-18 06:36:50,925 - INFO - Scraping page 114...
2025-05-18 06:36:52,440 - INFO - Found 60 links on page 112
2025-05-18 06:36:52,440 - INFO - Scraping page 115...
2025-05-18 06:36:53,597 - INFO - Found 60 links on page 113
2025-05-18 06:36:53,597 - INFO - Scraping page 116...
2025-05-18 06:36:55,820 - INFO - Found 60 links on page 114
2025-05-18 06:36:55,820 - INFO - Scraping page 117...
2025-05-18 06:36:57,531 - INFO - Found 60 links on page 115
2025-05-18 06:36:57,532 - INFO - Scraping page 118...
2025-05-18 06:36:57,740 - INFO - Found 60 links on page 116
2025-05-18 06:36:57,740 - INFO - Scraping page 119...
2025-05-18 06:37:00,107 - INFO - Found 60 links on page 117
2025-05-18 06:37:00,107 - INFO - Scraping page 120...
2025-05-18 06:37:01,822 - INFO - Found 60 links on page 118
2025-05-18 06:37:01,822 - INFO - Scraping page 121...
2025-05-18 06:37:02,182 - INFO - Found 60 links on page 119
2025-05-18 06:37:02,183 - INFO - Scraping page 122...
2025-05-18 06:37:03,972 - INFO - Found 60 links on page 120
2025-05-18 06:37:03,973 - INFO - Scraping page 123...
2025-05-18 06:37:06,239 - INFO - Found 60 links on page 121
2025-05-18 06:37:06,244 - INFO - Scraping page 124...
2025-05-18 06:37:06,489 - INFO - Found 60 links on page 122
2025-05-18 06:37:06,489 - INFO - Scraping page 125...
2025-05-18 06:37:08,181 - INFO - Found 60 links on page 123
2025-05-18 06:37:08,181 - INFO - Scraping page 126...
2025-05-18 06:37:10,666 - INFO - Found 60 links on page 124
2025-05-18 06:37:10,666 - INFO - Scraping page 127...
2025-05-18 06:37:10,935 - INFO - Found 60 links on page 125
2025-05-18 06:37:10,935 - INFO - Scraping page 128...
2025-05-18 06:37:12,318 - INFO - Found 60 links on page 126
2025-05-18 06:37:12,318 - INFO - Scraping page 129...
2025-05-18 06:37:14,767 - INFO - Found 60 links on page 127
2025-05-18 06:37:14,767 - INFO - Scraping page 130...
2025-05-18 06:37:15,439 - INFO - Found 60 links on page 128
2025-05-18 06:37:15,439 - INFO - Scraping page 131...
2025-05-18 06:37:17,761 - INFO - Found 60 links on page 129
2025-05-18 06:37:17,761 - INFO - Scraping page 132...
2025-05-18 06:37:19,192 - INFO - Found 60 links on page 130
2025-05-18 06:37:19,192 - INFO - Scraping page 133...
2025-05-18 06:37:19,598 - INFO - Found 60 links on page 131
2025-05-18 06:37:19,598 - INFO - Scraping page 134...
2025-05-18 06:37:21,901 - INFO - Found 60 links on page 132
2025-05-18 06:37:21,901 - INFO - Scraping page 135...
2025-05-18 06:37:23,344 - INFO - Found 60 links on page 133
2025-05-18 06:37:23,344 - INFO - Scraping page 136...
2025-05-18 06:37:23,678 - INFO - Found 60 links on page 134
2025-05-18 06:37:23,678 - INFO - Scraping page 137...
2025-05-18 06:37:26,183 - INFO - Found 60 links on page 135
2025-05-18 06:37:26,183 - INFO - Scraping page 138...
2025-05-18 06:37:27,211 - INFO - Found 60 links on page 136
2025-05-18 06:37:27,211 - INFO - Scraping page 139...
2025-05-18 06:37:27,967 - INFO - Found 60 links on page 137
2025-05-18 06:37:27,967 - INFO - Scraping page 140...
2025-05-18 06:37:30,285 - INFO - Found 60 links on page 138
2025-05-18 06:37:30,285 - INFO - Scraping page 141...
2025-05-18 06:37:31,457 - INFO - Found 60 links on page 139
2025-05-18 06:37:31,457 - INFO - Scraping page 142...
2025-05-18 06:37:32,661 - INFO - Found 60 links on page 140
2025-05-18 06:37:32,661 - INFO - Scraping page 143...
2025-05-18 06:37:34,349 - INFO - Found 60 links on page 141
2025-05-18 06:37:34,349 - INFO - Scraping page 144...
2025-05-18 06:37:35,532 - INFO - Found 60 links on page 142
2025-05-18 06:37:35,532 - INFO - Scraping page 145...
2025-05-18 06:37:37,095 - INFO - Found 60 links on page 143
2025-05-18 06:37:37,096 - INFO - Scraping page 146...
2025-05-18 06:37:38,686 - INFO - Found 60 links on page 144
2025-05-18 06:37:38,687 - INFO - Scraping page 147...
2025-05-18 06:37:39,567 - INFO - Found 60 links on page 145
2025-05-18 06:37:39,567 - INFO - Scraping page 148...
2025-05-18 06:37:41,461 - INFO - Found 60 links on page 146
2025-05-18 06:37:41,461 - INFO - Scraping page 149...
2025-05-18 06:37:43,062 - INFO - Found 60 links on page 147
2025-05-18 06:37:43,063 - INFO - Scraping page 150...
2025-05-18 06:37:43,662 - INFO - Found 60 links on page 148
2025-05-18 06:37:43,662 - INFO - Scraping page 151...
2025-05-18 06:37:46,128 - INFO - Found 60 links on page 149
2025-05-18 06:37:46,129 - INFO - Scraping page 152...
2025-05-18 06:37:47,361 - INFO - Found 60 links on page 150
2025-05-18 06:37:47,361 - INFO - Scraping page 153...
2025-05-18 06:37:47,645 - INFO - Found 60 links on page 151
2025-05-18 06:37:47,645 - INFO - Scraping page 154...
2025-05-18 06:37:50,533 - INFO - Found 60 links on page 152
2025-05-18 06:37:50,533 - INFO - Scraping page 155...
2025-05-18 06:37:51,302 - INFO - Found 60 links on page 153
2025-05-18 06:37:51,302 - INFO - Scraping page 156...
2025-05-18 06:37:52,005 - INFO - Found 60 links on page 154
2025-05-18 06:37:52,005 - INFO - Scraping page 157...
2025-05-18 06:37:54,600 - INFO - Found 60 links on page 155
2025-05-18 06:37:54,600 - INFO - Scraping page 158...
2025-05-18 06:37:55,734 - INFO - Found 60 links on page 156
2025-05-18 06:37:55,734 - INFO - Scraping page 159...
2025-05-18 06:37:56,064 - INFO - Found 60 links on page 157
2025-05-18 06:37:56,064 - INFO - Scraping page 160...
2025-05-18 06:37:58,887 - INFO - Found 60 links on page 158
2025-05-18 06:37:58,887 - INFO - Scraping page 161...
2025-05-18 06:38:00,114 - INFO - Found 60 links on page 159
2025-05-18 06:38:00,114 - INFO - Scraping page 162...
2025-05-18 06:38:00,858 - INFO - Found 60 links on page 160
2025-05-18 06:38:00,858 - INFO - Scraping page 163...
2025-05-18 06:38:03,393 - INFO - Found 60 links on page 161
2025-05-18 06:38:03,393 - INFO - Scraping page 164...
2025-05-18 06:38:05,079 - INFO - Found 60 links on page 162
2025-05-18 06:38:05,079 - INFO - Scraping page 165...
2025-05-18 06:38:05,324 - INFO - Found 60 links on page 163
2025-05-18 06:38:05,324 - INFO - Scraping page 166...
2025-05-18 06:38:07,753 - INFO - Found 60 links on page 164
2025-05-18 06:38:07,753 - INFO - Scraping page 167...
2025-05-18 06:38:09,296 - INFO - Found 60 links on page 165
2025-05-18 06:38:09,296 - INFO - Scraping page 168...
2025-05-18 06:38:09,724 - INFO - Found 60 links on page 166
2025-05-18 06:38:09,724 - INFO - Scraping page 169...
2025-05-18 06:38:12,242 - INFO - Found 60 links on page 167
2025-05-18 06:38:12,242 - INFO - Scraping page 170...
2025-05-18 06:38:13,468 - INFO - Found 60 links on page 168
2025-05-18 06:38:13,469 - INFO - Scraping page 171...
2025-05-18 06:38:14,986 - INFO - Found 60 links on page 169
2025-05-18 06:38:14,987 - INFO - Scraping page 172...
2025-05-18 06:38:16,521 - INFO - Found 60 links on page 170
2025-05-18 06:38:16,521 - INFO - Scraping page 173...
2025-05-18 06:38:17,380 - INFO - Found 60 links on page 171
2025-05-18 06:38:17,380 - INFO - Scraping page 174...
2025-05-18 06:38:19,171 - INFO - Found 60 links on page 172
2025-05-18 06:38:19,171 - INFO - Scraping page 175...
2025-05-18 06:38:20,399 - INFO - Found 60 links on page 173
2025-05-18 06:38:20,399 - INFO - Scraping page 176...
2025-05-18 06:38:21,759 - INFO - Found 60 links on page 174
2025-05-18 06:38:21,759 - INFO - Scraping page 177...
2025-05-18 06:38:23,166 - INFO - Found 60 links on page 175
2025-05-18 06:38:23,166 - INFO - Scraping page 178...
2025-05-18 06:38:24,557 - INFO - Found 60 links on page 176
2025-05-18 06:38:24,557 - INFO - Scraping page 179...
2025-05-18 06:38:26,134 - INFO - Found 60 links on page 177
2025-05-18 06:38:26,134 - INFO - Scraping page 180...
2025-05-18 06:38:27,463 - INFO - Found 60 links on page 178
2025-05-18 06:38:27,463 - INFO - Scraping page 181...
2025-05-18 06:38:29,271 - INFO - Found 60 links on page 179
2025-05-18 06:38:29,271 - INFO - Scraping page 182...
2025-05-18 06:38:30,557 - INFO - Found 60 links on page 180
2025-05-18 06:38:30,557 - INFO - Scraping page 183...
2025-05-18 06:38:31,787 - INFO - Found 60 links on page 181
2025-05-18 06:38:31,787 - INFO - Scraping page 184...
2025-05-18 06:38:33,644 - INFO - Found 60 links on page 182
2025-05-18 06:38:33,645 - INFO - Scraping page 185...
2025-05-18 06:38:35,541 - INFO - Found 60 links on page 183
2025-05-18 06:38:35,543 - INFO - Scraping page 186...
2025-05-18 06:38:35,832 - INFO - Found 60 links on page 184
2025-05-18 06:38:35,832 - INFO - Scraping page 187...
2025-05-18 06:38:38,005 - INFO - Found 60 links on page 185
2025-05-18 06:38:38,005 - INFO - Scraping page 188...
2025-05-18 06:38:39,886 - INFO - Found 60 links on page 186
2025-05-18 06:38:39,886 - INFO - Scraping page 189...
2025-05-18 06:38:40,273 - INFO - Found 60 links on page 187
2025-05-18 06:38:40,273 - INFO - Scraping page 190...
2025-05-18 06:38:42,024 - INFO - Found 60 links on page 188
2025-05-18 06:38:42,024 - INFO - Scraping page 191...
2025-05-18 06:38:43,959 - INFO - Found 60 links on page 189
2025-05-18 06:38:43,959 - INFO - Scraping page 192...
2025-05-18 06:38:44,623 - INFO - Found 60 links on page 190
2025-05-18 06:38:44,623 - INFO - Scraping page 193...
2025-05-18 06:38:47,250 - INFO - Found 60 links on page 191
2025-05-18 06:38:47,250 - INFO - Scraping page 194...
2025-05-18 06:38:47,851 - INFO - Found 60 links on page 192
2025-05-18 06:38:47,851 - INFO - Scraping page 195...
2025-05-18 06:38:49,138 - INFO - Found 60 links on page 193
2025-05-18 06:38:49,138 - INFO - Scraping page 196...
2025-05-18 06:38:51,505 - INFO - Found 60 links on page 194
2025-05-18 06:38:51,506 - INFO - Scraping page 197...
2025-05-18 06:38:52,294 - INFO - Found 60 links on page 195
2025-05-18 06:38:52,294 - INFO - Scraping page 198...
2025-05-18 06:38:53,201 - INFO - Found 60 links on page 196
2025-05-18 06:38:53,201 - INFO - Scraping page 199...
2025-05-18 06:38:55,530 - INFO - Found 60 links on page 197
2025-05-18 06:38:55,530 - INFO - Scraping page 200...
2025-05-18 06:38:56,566 - INFO - Found 60 links on page 198
2025-05-18 06:38:57,978 - INFO - Found 60 links on page 199
2025-05-18 06:38:59,477 - INFO - Found 60 links on page 200
2025-05-18 06:38:59,484 - INFO - Found 254 new links to scrape out of 12000 total links
2025-05-18 06:38:59,484 - INFO - Processing batch 1/6 (50 links)
2025-05-18 06:39:05,248 - INFO - Progress: 10/50 ads processed
2025-05-18 06:39:10,292 - INFO - Progress: 20/50 ads processed
2025-05-18 06:39:15,500 - INFO - Progress: 30/50 ads processed
2025-05-18 06:39:20,676 - INFO - Progress: 40/50 ads processed
2025-05-18 06:39:25,996 - INFO - Progress: 50/50 ads processed
2025-05-18 06:39:26,043 - INFO - Created backup of existing data file at unegui_data/unegui_sales_data.csv.bak
2025-05-18 06:39:26,248 - INFO - Data saved to unegui_data/unegui_sales_data.csv: 14779 records
2025-05-18 06:39:26,730 - INFO - Cache saved with 15030 URLs
2025-05-18 06:39:26,730 - INFO - Saved batch data. Total records: 14779
2025-05-18 06:39:26,730 - INFO - Processing batch 2/6 (50 links)
2025-05-18 06:39:31,814 - INFO - Progress: 10/50 ads processed
2025-05-18 06:39:37,592 - INFO - Progress: 20/50 ads processed
2025-05-18 06:39:43,068 - INFO - Progress: 30/50 ads processed
2025-05-18 06:39:48,198 - INFO - Progress: 40/50 ads processed
2025-05-18 06:39:53,773 - INFO - Progress: 50/50 ads processed
2025-05-18 06:39:53,821 - INFO - Created backup of existing data file at unegui_data/unegui_sales_data.csv.bak
2025-05-18 06:39:54,028 - INFO - Data saved to unegui_data/unegui_sales_data.csv: 14828 records
2025-05-18 06:39:54,526 - INFO - Cache saved with 15080 URLs
2025-05-18 06:39:54,526 - INFO - Saved batch data. Total records: 14828
2025-05-18 06:39:54,526 - INFO - Processing batch 3/6 (50 links)
2025-05-18 06:40:00,192 - INFO - Progress: 10/50 ads processed
2025-05-18 06:40:05,346 - INFO - Progress: 20/50 ads processed
2025-05-18 06:40:10,374 - INFO - Progress: 30/50 ads processed
2025-05-18 06:40:15,735 - INFO - Progress: 40/50 ads processed
2025-05-18 06:40:20,812 - INFO - Progress: 50/50 ads processed
2025-05-18 06:40:20,860 - INFO - Created backup of existing data file at unegui_data/unegui_sales_data.csv.bak
2025-05-18 06:40:21,066 - INFO - Data saved to unegui_data/unegui_sales_data.csv: 14878 records
2025-05-18 06:40:21,561 - INFO - Cache saved with 15130 URLs
2025-05-18 06:40:21,561 - INFO - Saved batch data. Total records: 14878
2025-05-18 06:40:21,561 - INFO - Processing batch 4/6 (50 links)
2025-05-18 06:40:27,275 - INFO - Progress: 10/50 ads processed
2025-05-18 06:40:32,742 - INFO - Progress: 20/50 ads processed
2025-05-18 06:40:38,035 - INFO - Progress: 30/50 ads processed
2025-05-18 06:40:42,791 - INFO - Progress: 40/50 ads processed
2025-05-18 06:40:48,023 - INFO - Progress: 50/50 ads processed
2025-05-18 06:40:48,071 - INFO - Created backup of existing data file at unegui_data/unegui_sales_data.csv.bak
2025-05-18 06:40:48,278 - INFO - Data saved to unegui_data/unegui_sales_data.csv: 14928 records
2025-05-18 06:40:48,770 - INFO - Cache saved with 15180 URLs
2025-05-18 06:40:48,770 - INFO - Saved batch data. Total records: 14928
2025-05-18 06:40:48,770 - INFO - Processing batch 5/6 (50 links)
2025-05-18 06:40:54,224 - INFO - Progress: 10/50 ads processed
2025-05-18 06:40:59,510 - INFO - Progress: 20/50 ads processed
2025-05-18 06:41:04,795 - INFO - Progress: 30/50 ads processed
2025-05-18 06:41:10,415 - INFO - Progress: 40/50 ads processed
2025-05-18 06:41:15,542 - INFO - Progress: 50/50 ads processed
2025-05-18 06:41:15,591 - INFO - Created backup of existing data file at unegui_data/unegui_sales_data.csv.bak
2025-05-18 06:41:15,802 - INFO - Data saved to unegui_data/unegui_sales_data.csv: 14977 records
2025-05-18 06:41:16,306 - INFO - Cache saved with 15229 URLs
2025-05-18 06:41:16,306 - INFO - Saved batch data. Total records: 14978
2025-05-18 06:41:16,307 - INFO - Processing batch 6/6 (4 links)
2025-05-18 06:41:19,228 - INFO - Progress: 4/4 ads processed
2025-05-18 06:41:19,278 - INFO - Created backup of existing data file at unegui_data/unegui_sales_data.csv.bak
2025-05-18 06:41:19,487 - INFO - Data saved to unegui_data/unegui_sales_data.csv: 14979 records
2025-05-18 06:41:19,986 - INFO - Cache saved with 15233 URLs
2025-05-18 06:41:19,986 - INFO - Saved batch data. Total records: 14980
2025-05-18 06:41:19,986 - INFO - Scraping completed in 0:07:13.874128. Total ads collected: 14980
