2025-05-27 06:36:06,964 - INFO - Starting sales apartment scraper at 2025-05-27 06:36:06.964303
2025-05-27 06:36:07,262 - INFO - Loaded existing data from unegui_data/unegui_sales_data.csv: 17740 records
2025-05-27 06:36:07,496 - INFO - Loaded 17740 existing records
2025-05-27 06:36:07,509 - INFO - Scraping page 1...
2025-05-27 06:36:07,509 - INFO - Scraping page 2...
2025-05-27 06:36:07,510 - INFO - Scraping page 3...
2025-05-27 06:36:12,405 - INFO - Found 60 links on page 2
2025-05-27 06:36:12,405 - INFO - Scraping page 4...
2025-05-27 06:36:12,800 - INFO - Found 60 links on page 1
2025-05-27 06:36:12,800 - INFO - Scraping page 5...
2025-05-27 06:36:13,256 - INFO - Found 60 links on page 3
2025-05-27 06:36:13,256 - INFO - Scraping page 6...
2025-05-27 06:36:17,445 - INFO - Found 60 links on page 4
2025-05-27 06:36:17,445 - INFO - Scraping page 7...
2025-05-27 06:36:17,844 - INFO - Found 60 links on page 5
2025-05-27 06:36:17,844 - INFO - Scraping page 8...
2025-05-27 06:36:18,638 - INFO - Found 60 links on page 6
2025-05-27 06:36:18,638 - INFO - Scraping page 9...
2025-05-27 06:36:22,854 - INFO - Found 60 links on page 7
2025-05-27 06:36:22,854 - INFO - Scraping page 10...
2025-05-27 06:36:23,061 - INFO - Found 60 links on page 8
2025-05-27 06:36:23,061 - INFO - Scraping page 11...
2025-05-27 06:36:23,725 - INFO - Found 60 links on page 9
2025-05-27 06:36:23,725 - INFO - Scraping page 12...
2025-05-27 06:36:27,227 - INFO - Found 60 links on page 11
2025-05-27 06:36:27,227 - INFO - Scraping page 13...
2025-05-27 06:36:28,164 - INFO - Found 60 links on page 10
2025-05-27 06:36:28,164 - INFO - Scraping page 14...
2025-05-27 06:36:28,751 - INFO - Found 60 links on page 12
2025-05-27 06:36:28,751 - INFO - Scraping page 15...
2025-05-27 06:36:32,565 - INFO - Found 60 links on page 13
2025-05-27 06:36:32,565 - INFO - Scraping page 16...
2025-05-27 06:36:33,497 - INFO - Found 60 links on page 14
2025-05-27 06:36:33,497 - INFO - Scraping page 17...
2025-05-27 06:36:33,706 - INFO - Found 60 links on page 15
2025-05-27 06:36:33,706 - INFO - Scraping page 18...
2025-05-27 06:36:37,351 - INFO - Found 60 links on page 16
2025-05-27 06:36:37,351 - INFO - Scraping page 19...
2025-05-27 06:36:38,776 - INFO - Found 60 links on page 17
2025-05-27 06:36:38,777 - INFO - Scraping page 20...
2025-05-27 06:36:39,054 - INFO - Found 60 links on page 18
2025-05-27 06:36:39,054 - INFO - Scraping page 21...
2025-05-27 06:36:42,864 - INFO - Found 60 links on page 19
2025-05-27 06:36:42,865 - INFO - Scraping page 22...
2025-05-27 06:36:43,207 - INFO - Found 60 links on page 21
2025-05-27 06:36:43,207 - INFO - Scraping page 23...
2025-05-27 06:36:44,003 - INFO - Found 60 links on page 20
2025-05-27 06:36:44,003 - INFO - Scraping page 24...
2025-05-27 06:36:48,603 - INFO - Found 60 links on page 23
2025-05-27 06:36:48,614 - INFO - Scraping page 25...
2025-05-27 06:36:48,743 - INFO - Found 60 links on page 22
2025-05-27 06:36:48,743 - INFO - Scraping page 26...
2025-05-27 06:36:49,270 - INFO - Found 60 links on page 24
2025-05-27 06:36:49,270 - INFO - Scraping page 27...
2025-05-27 06:36:53,564 - INFO - Found 60 links on page 25
2025-05-27 06:36:53,564 - INFO - Scraping page 28...
2025-05-27 06:36:53,849 - INFO - Found 60 links on page 26
2025-05-27 06:36:53,849 - INFO - Scraping page 29...
2025-05-27 06:36:54,372 - INFO - Found 60 links on page 27
2025-05-27 06:36:54,372 - INFO - Scraping page 30...
2025-05-27 06:36:59,541 - INFO - Found 60 links on page 30
2025-05-27 06:36:59,546 - INFO - Scraping page 31...
2025-05-27 06:36:59,740 - INFO - Found 60 links on page 29
2025-05-27 06:36:59,745 - INFO - Scraping page 32...
2025-05-27 06:36:59,871 - INFO - Found 60 links on page 28
2025-05-27 06:36:59,871 - INFO - Scraping page 33...
2025-05-27 06:37:04,525 - INFO - Found 60 links on page 33
2025-05-27 06:37:04,531 - INFO - Scraping page 34...
2025-05-27 06:37:04,734 - INFO - Found 60 links on page 32
2025-05-27 06:37:04,734 - INFO - Scraping page 35...
2025-05-27 06:37:05,234 - INFO - Found 60 links on page 31
2025-05-27 06:37:05,235 - INFO - Scraping page 36...
2025-05-27 06:37:09,025 - INFO - Found 60 links on page 34
2025-05-27 06:37:09,026 - INFO - Scraping page 37...
2025-05-27 06:37:09,596 - INFO - Found 60 links on page 35
2025-05-27 06:37:09,597 - INFO - Scraping page 38...
2025-05-27 06:37:09,998 - INFO - Found 60 links on page 36
2025-05-27 06:37:09,998 - INFO - Scraping page 39...
2025-05-27 06:37:13,588 - INFO - Found 60 links on page 37
2025-05-27 06:37:13,593 - INFO - Scraping page 40...
2025-05-27 06:37:13,806 - INFO - Found 60 links on page 38
2025-05-27 06:37:13,806 - INFO - Scraping page 41...
2025-05-27 06:37:14,821 - INFO - Found 60 links on page 39
2025-05-27 06:37:14,821 - INFO - Scraping page 42...
2025-05-27 06:37:18,306 - INFO - Found 60 links on page 40
2025-05-27 06:37:18,307 - INFO - Scraping page 43...
2025-05-27 06:37:18,603 - INFO - Found 60 links on page 41
2025-05-27 06:37:18,603 - INFO - Scraping page 44...
2025-05-27 06:37:19,727 - INFO - Found 60 links on page 42
2025-05-27 06:37:19,727 - INFO - Scraping page 45...
2025-05-27 06:37:22,154 - INFO - Found 60 links on page 43
2025-05-27 06:37:22,155 - INFO - Scraping page 46...
2025-05-27 06:37:23,121 - INFO - Found 60 links on page 44
2025-05-27 06:37:23,121 - INFO - Scraping page 47...
2025-05-27 06:37:24,502 - INFO - Found 60 links on page 45
2025-05-27 06:37:24,502 - INFO - Scraping page 48...
2025-05-27 06:37:26,784 - INFO - Found 60 links on page 46
2025-05-27 06:37:26,784 - INFO - Scraping page 49...
2025-05-27 06:37:27,876 - INFO - Found 60 links on page 47
2025-05-27 06:37:27,876 - INFO - Scraping page 50...
2025-05-27 06:37:29,014 - INFO - Found 60 links on page 48
2025-05-27 06:37:29,014 - INFO - Scraping page 51...
2025-05-27 06:37:32,001 - INFO - Found 60 links on page 49
2025-05-27 06:37:32,001 - INFO - Scraping page 52...
2025-05-27 06:37:32,363 - INFO - Found 60 links on page 50
2025-05-27 06:37:32,363 - INFO - Scraping page 53...
2025-05-27 06:37:34,144 - INFO - Found 60 links on page 51
2025-05-27 06:37:34,144 - INFO - Scraping page 54...
2025-05-27 06:37:37,253 - INFO - Found 60 links on page 53
2025-05-27 06:37:37,253 - INFO - Scraping page 55...
2025-05-27 06:37:37,513 - INFO - Found 60 links on page 52
2025-05-27 06:37:37,513 - INFO - Scraping page 56...
2025-05-27 06:37:38,657 - INFO - Found 60 links on page 54
2025-05-27 06:37:38,657 - INFO - Scraping page 57...
2025-05-27 06:37:42,025 - INFO - Found 60 links on page 55
2025-05-27 06:37:42,025 - INFO - Scraping page 58...
2025-05-27 06:37:42,233 - INFO - Found 60 links on page 56
2025-05-27 06:37:42,233 - INFO - Scraping page 59...
2025-05-27 06:37:43,531 - INFO - Found 60 links on page 57
2025-05-27 06:37:43,532 - INFO - Scraping page 60...
2025-05-27 06:37:47,329 - INFO - Found 60 links on page 58
2025-05-27 06:37:47,329 - INFO - Scraping page 61...
2025-05-27 06:37:48,187 - INFO - Found 60 links on page 59
2025-05-27 06:37:48,187 - INFO - Scraping page 62...
2025-05-27 06:37:48,466 - INFO - Found 60 links on page 60
2025-05-27 06:37:48,466 - INFO - Scraping page 63...
2025-05-27 06:37:51,176 - INFO - Found 60 links on page 61
2025-05-27 06:37:51,176 - INFO - Scraping page 64...
2025-05-27 06:37:52,735 - INFO - Found 60 links on page 62
2025-05-27 06:37:52,735 - INFO - Scraping page 65...
2025-05-27 06:37:53,239 - INFO - Found 60 links on page 63
2025-05-27 06:37:53,239 - INFO - Scraping page 66...
2025-05-27 06:37:55,814 - INFO - Found 60 links on page 64
2025-05-27 06:37:55,814 - INFO - Scraping page 67...
2025-05-27 06:37:56,853 - INFO - Found 60 links on page 65
2025-05-27 06:37:56,853 - INFO - Scraping page 68...
2025-05-27 06:37:58,115 - INFO - Found 60 links on page 66
2025-05-27 06:37:58,115 - INFO - Scraping page 69...
2025-05-27 06:38:00,208 - INFO - Found 60 links on page 67
2025-05-27 06:38:00,208 - INFO - Scraping page 70...
2025-05-27 06:38:01,656 - INFO - Found 60 links on page 68
2025-05-27 06:38:01,656 - INFO - Scraping page 71...
2025-05-27 06:38:02,841 - INFO - Found 60 links on page 69
2025-05-27 06:38:02,841 - INFO - Scraping page 72...
2025-05-27 06:38:04,931 - INFO - Found 60 links on page 70
2025-05-27 06:38:04,931 - INFO - Scraping page 73...
2025-05-27 06:38:06,538 - INFO - Found 60 links on page 71
2025-05-27 06:38:06,538 - INFO - Scraping page 74...
2025-05-27 06:38:07,899 - INFO - Found 60 links on page 72
2025-05-27 06:38:07,900 - INFO - Scraping page 75...
2025-05-27 06:38:09,621 - INFO - Found 60 links on page 73
2025-05-27 06:38:09,621 - INFO - Scraping page 76...
2025-05-27 06:38:11,479 - INFO - Found 60 links on page 74
2025-05-27 06:38:11,479 - INFO - Scraping page 77...
2025-05-27 06:38:12,802 - INFO - Found 60 links on page 75
2025-05-27 06:38:12,802 - INFO - Scraping page 78...
2025-05-27 06:38:14,563 - INFO - Found 60 links on page 76
2025-05-27 06:38:14,564 - INFO - Scraping page 79...
2025-05-27 06:38:16,070 - INFO - Found 60 links on page 77
2025-05-27 06:38:16,071 - INFO - Scraping page 80...
2025-05-27 06:38:17,518 - INFO - Found 60 links on page 78
2025-05-27 06:38:17,518 - INFO - Scraping page 81...
2025-05-27 06:38:19,231 - INFO - Found 60 links on page 79
2025-05-27 06:38:19,231 - INFO - Scraping page 82...
2025-05-27 06:38:20,780 - INFO - Found 60 links on page 80
2025-05-27 06:38:20,780 - INFO - Scraping page 83...
2025-05-27 06:38:22,246 - INFO - Found 60 links on page 81
2025-05-27 06:38:22,246 - INFO - Scraping page 84...
2025-05-27 06:38:23,991 - INFO - Found 60 links on page 82
2025-05-27 06:38:23,991 - INFO - Scraping page 85...
2025-05-27 06:38:25,348 - INFO - Found 60 links on page 83
2025-05-27 06:38:25,349 - INFO - Scraping page 86...
2025-05-27 06:38:27,119 - INFO - Found 60 links on page 84
2025-05-27 06:38:27,119 - INFO - Scraping page 87...
2025-05-27 06:38:28,665 - INFO - Found 60 links on page 85
2025-05-27 06:38:28,666 - INFO - Scraping page 88...
2025-05-27 06:38:30,436 - INFO - Found 60 links on page 86
2025-05-27 06:38:30,436 - INFO - Scraping page 89...
2025-05-27 06:38:31,524 - INFO - Found 60 links on page 87
2025-05-27 06:38:31,525 - INFO - Scraping page 90...
2025-05-27 06:38:33,281 - INFO - Found 60 links on page 88
2025-05-27 06:38:33,281 - INFO - Scraping page 91...
2025-05-27 06:38:35,265 - INFO - Found 60 links on page 89
2025-05-27 06:38:35,265 - INFO - Scraping page 92...
2025-05-27 06:38:36,384 - INFO - Found 60 links on page 90
2025-05-27 06:38:36,385 - INFO - Scraping page 93...
2025-05-27 06:38:38,524 - INFO - Found 60 links on page 91
2025-05-27 06:38:38,524 - INFO - Scraping page 94...
2025-05-27 06:38:40,276 - INFO - Found 60 links on page 92
2025-05-27 06:38:40,277 - INFO - Scraping page 95...
2025-05-27 06:38:41,172 - INFO - Found 60 links on page 93
2025-05-27 06:38:41,172 - INFO - Scraping page 96...
2025-05-27 06:38:42,982 - INFO - Found 60 links on page 94
2025-05-27 06:38:42,983 - INFO - Scraping page 97...
2025-05-27 06:38:44,855 - INFO - Found 60 links on page 95
2025-05-27 06:38:44,855 - INFO - Scraping page 98...
2025-05-27 06:38:45,115 - INFO - Found 60 links on page 96
2025-05-27 06:38:45,115 - INFO - Scraping page 99...
2025-05-27 06:38:47,479 - INFO - Found 60 links on page 97
2025-05-27 06:38:47,479 - INFO - Scraping page 100...
2025-05-27 06:38:49,659 - INFO - Found 60 links on page 98
2025-05-27 06:38:49,659 - INFO - Scraping page 101...
2025-05-27 06:38:49,929 - INFO - Found 60 links on page 99
2025-05-27 06:38:49,929 - INFO - Scraping page 102...
2025-05-27 06:38:52,441 - INFO - Found 60 links on page 100
2025-05-27 06:38:52,441 - INFO - Scraping page 103...
2025-05-27 06:38:54,189 - INFO - Found 60 links on page 102
2025-05-27 06:38:54,190 - INFO - Scraping page 104...
2025-05-27 06:38:54,523 - INFO - Found 60 links on page 101
2025-05-27 06:38:54,523 - INFO - Scraping page 105...
2025-05-27 06:38:57,054 - INFO - Found 60 links on page 103
2025-05-27 06:38:57,054 - INFO - Scraping page 106...
2025-05-27 06:38:59,008 - INFO - Found 60 links on page 105
2025-05-27 06:38:59,008 - INFO - Scraping page 107...
2025-05-27 06:38:59,455 - INFO - Found 60 links on page 104
2025-05-27 06:38:59,456 - INFO - Scraping page 108...
2025-05-27 06:39:01,613 - INFO - Found 60 links on page 106
2025-05-27 06:39:01,613 - INFO - Scraping page 109...
2025-05-27 06:39:03,906 - INFO - Found 60 links on page 108
2025-05-27 06:39:03,911 - INFO - Scraping page 110...
2025-05-27 06:39:04,007 - INFO - Found 60 links on page 107
2025-05-27 06:39:04,007 - INFO - Scraping page 111...
2025-05-27 06:39:06,366 - INFO - Found 60 links on page 109
2025-05-27 06:39:06,366 - INFO - Scraping page 112...
2025-05-27 06:39:08,578 - INFO - Found 60 links on page 110
2025-05-27 06:39:08,579 - INFO - Scraping page 113...
2025-05-27 06:39:08,877 - INFO - Found 60 links on page 111
2025-05-27 06:39:08,877 - INFO - Scraping page 114...
2025-05-27 06:39:11,505 - INFO - Found 60 links on page 112
2025-05-27 06:39:11,505 - INFO - Scraping page 115...
2025-05-27 06:39:12,700 - INFO - Found 60 links on page 113
2025-05-27 06:39:12,701 - INFO - Scraping page 116...
2025-05-27 06:39:13,542 - INFO - Found 60 links on page 114
2025-05-27 06:39:13,542 - INFO - Scraping page 117...
2025-05-27 06:39:16,230 - INFO - Found 60 links on page 115
2025-05-27 06:39:16,230 - INFO - Scraping page 118...
2025-05-27 06:39:16,828 - INFO - Found 60 links on page 116
2025-05-27 06:39:16,828 - INFO - Scraping page 119...
2025-05-27 06:39:18,630 - INFO - Found 60 links on page 117
2025-05-27 06:39:18,630 - INFO - Scraping page 120...
2025-05-27 06:39:20,930 - INFO - Found 60 links on page 118
2025-05-27 06:39:20,930 - INFO - Scraping page 121...
2025-05-27 06:39:21,565 - INFO - Found 60 links on page 119
2025-05-27 06:39:21,565 - INFO - Scraping page 122...
2025-05-27 06:39:23,153 - INFO - Found 60 links on page 120
2025-05-27 06:39:23,153 - INFO - Scraping page 123...
2025-05-27 06:39:25,666 - INFO - Found 60 links on page 121
2025-05-27 06:39:25,667 - INFO - Scraping page 124...
2025-05-27 06:39:25,875 - INFO - Found 60 links on page 122
2025-05-27 06:39:25,875 - INFO - Scraping page 125...
2025-05-27 06:39:28,039 - INFO - Found 60 links on page 123
2025-05-27 06:39:28,039 - INFO - Scraping page 126...
2025-05-27 06:39:30,130 - INFO - Found 60 links on page 124
2025-05-27 06:39:30,131 - INFO - Scraping page 127...
2025-05-27 06:39:30,815 - INFO - Found 60 links on page 125
2025-05-27 06:39:30,815 - INFO - Scraping page 128...
2025-05-27 06:39:32,467 - INFO - Found 60 links on page 126
2025-05-27 06:39:32,468 - INFO - Scraping page 129...
2025-05-27 06:39:34,650 - INFO - Found 60 links on page 127
2025-05-27 06:39:34,650 - INFO - Scraping page 130...
2025-05-27 06:39:35,458 - INFO - Found 60 links on page 128
2025-05-27 06:39:35,459 - INFO - Scraping page 131...
2025-05-27 06:39:36,786 - INFO - Found 60 links on page 129
2025-05-27 06:39:36,786 - INFO - Scraping page 132...
2025-05-27 06:39:38,614 - INFO - Found 60 links on page 130
2025-05-27 06:39:38,614 - INFO - Scraping page 133...
2025-05-27 06:39:40,086 - INFO - Found 60 links on page 131
2025-05-27 06:39:40,086 - INFO - Scraping page 134...
2025-05-27 06:39:40,815 - INFO - Found 60 links on page 132
2025-05-27 06:39:40,815 - INFO - Scraping page 135...
2025-05-27 06:39:43,498 - INFO - Found 60 links on page 133
2025-05-27 06:39:43,498 - INFO - Scraping page 136...
2025-05-27 06:39:44,951 - INFO - Found 60 links on page 134
2025-05-27 06:39:44,952 - INFO - Scraping page 137...
2025-05-27 06:39:45,337 - INFO - Found 60 links on page 135
2025-05-27 06:39:45,337 - INFO - Scraping page 138...
2025-05-27 06:39:48,396 - INFO - Found 60 links on page 136
2025-05-27 06:39:48,396 - INFO - Scraping page 139...
2025-05-27 06:39:50,233 - INFO - Found 60 links on page 137
2025-05-27 06:39:50,233 - INFO - Scraping page 140...
2025-05-27 06:39:50,603 - INFO - Found 60 links on page 138
2025-05-27 06:39:50,603 - INFO - Scraping page 141...
2025-05-27 06:39:53,257 - INFO - Found 60 links on page 139
2025-05-27 06:39:53,258 - INFO - Scraping page 142...
2025-05-27 06:39:55,300 - INFO - Found 60 links on page 140
2025-05-27 06:39:55,311 - INFO - Scraping page 143...
2025-05-27 06:39:55,518 - INFO - Found 60 links on page 141
2025-05-27 06:39:55,518 - INFO - Scraping page 144...
2025-05-27 06:39:57,867 - INFO - Found 60 links on page 142
2025-05-27 06:39:57,868 - INFO - Scraping page 145...
2025-05-27 06:40:00,271 - INFO - Found 60 links on page 143
2025-05-27 06:40:00,277 - INFO - Scraping page 146...
2025-05-27 06:40:00,482 - INFO - Found 60 links on page 144
2025-05-27 06:40:00,482 - INFO - Scraping page 147...
2025-05-27 06:40:02,651 - INFO - Found 60 links on page 145
2025-05-27 06:40:02,651 - INFO - Scraping page 148...
2025-05-27 06:40:04,642 - INFO - Found 60 links on page 146
2025-05-27 06:40:04,643 - INFO - Scraping page 149...
2025-05-27 06:40:05,779 - INFO - Found 60 links on page 147
2025-05-27 06:40:05,780 - INFO - Scraping page 150...
2025-05-27 06:40:08,264 - INFO - Found 60 links on page 148
2025-05-27 06:40:08,264 - INFO - Scraping page 151...
2025-05-27 06:40:09,762 - INFO - Found 60 links on page 149
2025-05-27 06:40:09,762 - INFO - Scraping page 152...
2025-05-27 06:40:10,742 - INFO - Found 60 links on page 150
2025-05-27 06:40:10,742 - INFO - Scraping page 153...
2025-05-27 06:40:12,935 - INFO - Found 60 links on page 151
2025-05-27 06:40:12,935 - INFO - Scraping page 154...
2025-05-27 06:40:14,525 - INFO - Found 60 links on page 152
2025-05-27 06:40:14,526 - INFO - Scraping page 155...
2025-05-27 06:40:16,622 - INFO - Found 60 links on page 153
2025-05-27 06:40:16,623 - INFO - Scraping page 156...
2025-05-27 06:40:17,988 - INFO - Found 60 links on page 154
2025-05-27 06:40:17,988 - INFO - Scraping page 157...
2025-05-27 06:40:19,780 - INFO - Found 60 links on page 155
2025-05-27 06:40:19,780 - INFO - Scraping page 158...
2025-05-27 06:40:21,328 - INFO - Found 60 links on page 156
2025-05-27 06:40:21,328 - INFO - Scraping page 159...
2025-05-27 06:40:22,762 - INFO - Found 60 links on page 157
2025-05-27 06:40:22,763 - INFO - Scraping page 160...
2025-05-27 06:40:24,030 - INFO - Found 60 links on page 158
2025-05-27 06:40:24,030 - INFO - Scraping page 161...
2025-05-27 06:40:25,403 - INFO - Found 60 links on page 159
2025-05-27 06:40:25,403 - INFO - Scraping page 162...
2025-05-27 06:40:27,455 - INFO - Found 60 links on page 160
2025-05-27 06:40:27,455 - INFO - Scraping page 163...
2025-05-27 06:40:28,737 - INFO - Found 60 links on page 161
2025-05-27 06:40:28,737 - INFO - Scraping page 164...
2025-05-27 06:40:30,873 - INFO - Found 60 links on page 162
2025-05-27 06:40:30,874 - INFO - Scraping page 165...
2025-05-27 06:40:32,303 - INFO - Found 60 links on page 163
2025-05-27 06:40:32,303 - INFO - Scraping page 166...
2025-05-27 06:40:33,477 - INFO - Found 60 links on page 164
2025-05-27 06:40:33,477 - INFO - Scraping page 167...
2025-05-27 06:40:36,185 - INFO - Found 60 links on page 165
2025-05-27 06:40:36,185 - INFO - Scraping page 168...
2025-05-27 06:40:37,371 - INFO - Found 60 links on page 166
2025-05-27 06:40:37,371 - INFO - Scraping page 169...
2025-05-27 06:40:38,868 - INFO - Found 60 links on page 167
2025-05-27 06:40:38,868 - INFO - Scraping page 170...
2025-05-27 06:40:40,611 - INFO - Found 60 links on page 168
2025-05-27 06:40:40,611 - INFO - Scraping page 171...
2025-05-27 06:40:42,267 - INFO - Found 60 links on page 169
2025-05-27 06:40:42,267 - INFO - Scraping page 172...
2025-05-27 06:40:43,941 - INFO - Found 60 links on page 170
2025-05-27 06:40:43,941 - INFO - Scraping page 173...
2025-05-27 06:40:46,532 - INFO - Found 60 links on page 172
2025-05-27 06:40:46,548 - INFO - Scraping page 174...
2025-05-27 06:40:46,648 - INFO - Found 60 links on page 171
2025-05-27 06:40:46,648 - INFO - Scraping page 175...
2025-05-27 06:40:48,505 - INFO - Found 60 links on page 173
2025-05-27 06:40:48,505 - INFO - Scraping page 176...
2025-05-27 06:40:51,527 - INFO - Found 60 links on page 174
2025-05-27 06:40:51,527 - INFO - Scraping page 177...
2025-05-27 06:40:51,785 - INFO - Found 60 links on page 175
2025-05-27 06:40:51,785 - INFO - Scraping page 178...
2025-05-27 06:40:53,690 - INFO - Found 60 links on page 176
2025-05-27 06:40:53,690 - INFO - Scraping page 179...
2025-05-27 06:40:56,366 - INFO - Found 60 links on page 177
2025-05-27 06:40:56,366 - INFO - Scraping page 180...
2025-05-27 06:40:56,706 - INFO - Found 60 links on page 178
2025-05-27 06:40:56,706 - INFO - Scraping page 181...
2025-05-27 06:40:58,913 - INFO - Found 60 links on page 179
2025-05-27 06:40:58,913 - INFO - Scraping page 182...
2025-05-27 06:41:00,722 - INFO - Found 60 links on page 181
2025-05-27 06:41:00,722 - INFO - Scraping page 183...
2025-05-27 06:41:00,980 - INFO - Found 60 links on page 180
2025-05-27 06:41:00,980 - INFO - Scraping page 184...
2025-05-27 06:41:03,857 - INFO - Found 60 links on page 182
2025-05-27 06:41:03,857 - INFO - Scraping page 185...
2025-05-27 06:41:05,617 - INFO - Found 60 links on page 183
2025-05-27 06:41:05,618 - INFO - Scraping page 186...
2025-05-27 06:41:06,479 - INFO - Found 60 links on page 184
2025-05-27 06:41:06,479 - INFO - Scraping page 187...
2025-05-27 06:41:08,463 - INFO - Found 60 links on page 185
2025-05-27 06:41:08,463 - INFO - Scraping page 188...
2025-05-27 06:41:10,103 - INFO - Found 60 links on page 186
2025-05-27 06:41:10,104 - INFO - Scraping page 189...
2025-05-27 06:41:11,213 - INFO - Found 60 links on page 187
2025-05-27 06:41:11,213 - INFO - Scraping page 190...
2025-05-27 06:41:12,999 - INFO - Found 60 links on page 188
2025-05-27 06:41:12,999 - INFO - Scraping page 191...
2025-05-27 06:41:14,853 - INFO - Found 60 links on page 189
2025-05-27 06:41:14,853 - INFO - Scraping page 192...
2025-05-27 06:41:16,119 - INFO - Found 60 links on page 190
2025-05-27 06:41:16,119 - INFO - Scraping page 193...
2025-05-27 06:41:17,655 - INFO - Found 60 links on page 191
2025-05-27 06:41:17,655 - INFO - Scraping page 194...
2025-05-27 06:41:19,924 - INFO - Found 60 links on page 192
2025-05-27 06:41:19,925 - INFO - Scraping page 195...
2025-05-27 06:41:20,873 - INFO - Found 60 links on page 193
2025-05-27 06:41:20,873 - INFO - Scraping page 196...
2025-05-27 06:41:23,138 - INFO - Found 60 links on page 194
2025-05-27 06:41:23,139 - INFO - Scraping page 197...
2025-05-27 06:41:24,848 - INFO - Found 60 links on page 195
2025-05-27 06:41:24,848 - INFO - Scraping page 198...
2025-05-27 06:41:25,876 - INFO - Found 60 links on page 196
2025-05-27 06:41:25,876 - INFO - Scraping page 199...
2025-05-27 06:41:27,885 - INFO - Found 60 links on page 197
2025-05-27 06:41:27,885 - INFO - Scraping page 200...
2025-05-27 06:41:29,829 - INFO - Found 60 links on page 198
2025-05-27 06:41:31,458 - INFO - Found 60 links on page 199
2025-05-27 06:41:32,979 - INFO - Found 60 links on page 200
2025-05-27 06:41:32,986 - INFO - Found 413 new links to scrape out of 12000 total links
2025-05-27 06:41:32,987 - INFO - Processing batch 1/9 (50 links)
2025-05-27 06:41:38,719 - INFO - Progress: 10/50 ads processed
2025-05-27 06:41:43,820 - INFO - Progress: 20/50 ads processed
2025-05-27 06:41:48,775 - INFO - Progress: 30/50 ads processed
2025-05-27 06:41:54,268 - INFO - Progress: 40/50 ads processed
2025-05-27 06:41:59,667 - INFO - Progress: 50/50 ads processed
2025-05-27 06:41:59,726 - INFO - Created backup of existing data file at unegui_data/unegui_sales_data.csv.bak
2025-05-27 06:41:59,973 - INFO - Data saved to unegui_data/unegui_sales_data.csv: 17790 records
2025-05-27 06:42:00,570 - INFO - Cache saved with 18088 URLs
2025-05-27 06:42:00,570 - INFO - Saved batch data. Total records: 17790
2025-05-27 06:42:00,570 - INFO - Processing batch 2/9 (50 links)
2025-05-27 06:42:05,944 - INFO - Progress: 10/50 ads processed
2025-05-27 06:42:11,551 - INFO - Progress: 20/50 ads processed
2025-05-27 06:42:17,704 - INFO - Progress: 30/50 ads processed
2025-05-27 06:42:22,687 - INFO - Progress: 40/50 ads processed
2025-05-27 06:42:27,387 - INFO - Progress: 50/50 ads processed
2025-05-27 06:42:27,444 - INFO - Created backup of existing data file at unegui_data/unegui_sales_data.csv.bak
2025-05-27 06:42:27,691 - INFO - Data saved to unegui_data/unegui_sales_data.csv: 17838 records
2025-05-27 06:42:28,290 - INFO - Cache saved with 18138 URLs
2025-05-27 06:42:28,290 - INFO - Saved batch data. Total records: 17838
2025-05-27 06:42:28,290 - INFO - Processing batch 3/9 (50 links)
2025-05-27 06:42:33,449 - INFO - Progress: 10/50 ads processed
2025-05-27 06:42:38,730 - INFO - Progress: 20/50 ads processed
2025-05-27 06:42:43,892 - INFO - Progress: 30/50 ads processed
2025-05-27 06:42:49,091 - INFO - Progress: 40/50 ads processed
2025-05-27 06:42:54,170 - INFO - Progress: 50/50 ads processed
2025-05-27 06:42:54,232 - INFO - Created backup of existing data file at unegui_data/unegui_sales_data.csv.bak
2025-05-27 06:42:54,488 - INFO - Data saved to unegui_data/unegui_sales_data.csv: 17888 records
2025-05-27 06:42:55,092 - INFO - Cache saved with 18188 URLs
2025-05-27 06:42:55,092 - INFO - Saved batch data. Total records: 17888
2025-05-27 06:42:55,092 - INFO - Processing batch 4/9 (50 links)
2025-05-27 06:43:00,599 - INFO - Progress: 10/50 ads processed
2025-05-27 06:43:06,129 - INFO - Progress: 20/50 ads processed
2025-05-27 06:43:10,976 - INFO - Progress: 30/50 ads processed
2025-05-27 06:43:16,011 - INFO - Progress: 40/50 ads processed
2025-05-27 06:43:21,765 - INFO - Progress: 50/50 ads processed
2025-05-27 06:43:21,821 - INFO - Created backup of existing data file at unegui_data/unegui_sales_data.csv.bak
2025-05-27 06:43:22,069 - INFO - Data saved to unegui_data/unegui_sales_data.csv: 17938 records
2025-05-27 06:43:22,674 - INFO - Cache saved with 18238 URLs
2025-05-27 06:43:22,674 - INFO - Saved batch data. Total records: 17938
2025-05-27 06:43:22,674 - INFO - Processing batch 5/9 (50 links)
2025-05-27 06:43:28,050 - INFO - Progress: 10/50 ads processed
2025-05-27 06:43:33,291 - INFO - Progress: 20/50 ads processed
2025-05-27 06:43:37,988 - INFO - Progress: 30/50 ads processed
2025-05-27 06:43:43,007 - INFO - Progress: 40/50 ads processed
2025-05-27 06:43:48,341 - INFO - Progress: 50/50 ads processed
2025-05-27 06:43:48,400 - INFO - Created backup of existing data file at unegui_data/unegui_sales_data.csv.bak
2025-05-27 06:43:48,654 - INFO - Data saved to unegui_data/unegui_sales_data.csv: 17988 records
2025-05-27 06:43:49,255 - INFO - Cache saved with 18288 URLs
2025-05-27 06:43:49,255 - INFO - Saved batch data. Total records: 17988
2025-05-27 06:43:49,255 - INFO - Processing batch 6/9 (50 links)
2025-05-27 06:43:55,132 - INFO - Progress: 10/50 ads processed
2025-05-27 06:43:59,972 - INFO - Progress: 20/50 ads processed
2025-05-27 06:44:05,395 - INFO - Progress: 30/50 ads processed
2025-05-27 06:44:10,929 - INFO - Progress: 40/50 ads processed
2025-05-27 06:44:16,187 - INFO - Progress: 50/50 ads processed
2025-05-27 06:44:16,246 - INFO - Created backup of existing data file at unegui_data/unegui_sales_data.csv.bak
2025-05-27 06:44:16,501 - INFO - Data saved to unegui_data/unegui_sales_data.csv: 18038 records
2025-05-27 06:44:17,110 - INFO - Cache saved with 18338 URLs
2025-05-27 06:44:17,110 - INFO - Saved batch data. Total records: 18038
2025-05-27 06:44:17,110 - INFO - Processing batch 7/9 (50 links)
2025-05-27 06:44:22,257 - INFO - Progress: 10/50 ads processed
2025-05-27 06:44:27,553 - INFO - Progress: 20/50 ads processed
2025-05-27 06:44:33,248 - INFO - Progress: 30/50 ads processed
2025-05-27 06:44:38,682 - INFO - Progress: 40/50 ads processed
2025-05-27 06:44:43,290 - INFO - Progress: 50/50 ads processed
2025-05-27 06:44:43,351 - INFO - Created backup of existing data file at unegui_data/unegui_sales_data.csv.bak
2025-05-27 06:44:43,608 - INFO - Data saved to unegui_data/unegui_sales_data.csv: 18085 records
2025-05-27 06:44:44,213 - INFO - Cache saved with 18388 URLs
2025-05-27 06:44:44,213 - INFO - Saved batch data. Total records: 18085
2025-05-27 06:44:44,213 - INFO - Processing batch 8/9 (50 links)
2025-05-27 06:44:49,985 - INFO - Progress: 10/50 ads processed
2025-05-27 06:44:54,938 - INFO - Progress: 20/50 ads processed
2025-05-27 06:45:00,329 - INFO - Progress: 30/50 ads processed
2025-05-27 06:45:05,406 - INFO - Progress: 40/50 ads processed
2025-05-27 06:45:10,373 - INFO - Progress: 50/50 ads processed
2025-05-27 06:45:10,433 - INFO - Created backup of existing data file at unegui_data/unegui_sales_data.csv.bak
2025-05-27 06:45:10,689 - INFO - Data saved to unegui_data/unegui_sales_data.csv: 18135 records
2025-05-27 06:45:11,299 - INFO - Cache saved with 18438 URLs
2025-05-27 06:45:11,299 - INFO - Saved batch data. Total records: 18135
2025-05-27 06:45:11,299 - INFO - Processing batch 9/9 (13 links)
2025-05-27 06:45:16,884 - INFO - Progress: 10/13 ads processed
2025-05-27 06:45:19,018 - INFO - Progress: 13/13 ads processed
2025-05-27 06:45:19,080 - INFO - Created backup of existing data file at unegui_data/unegui_sales_data.csv.bak
2025-05-27 06:45:19,337 - INFO - Data saved to unegui_data/unegui_sales_data.csv: 18147 records
2025-05-27 06:45:19,955 - INFO - Cache saved with 18451 URLs
2025-05-27 06:45:19,955 - INFO - Saved batch data. Total records: 18147
2025-05-27 06:45:19,955 - INFO - Scraping completed in 0:09:12.991245. Total ads collected: 18147
