2025-05-13 06:35:22,200 - INFO - Starting sales apartment scraper at 2025-05-13 06:35:22.200623
2025-05-13 06:35:22,398 - INFO - Loaded existing data from unegui_data/unegui_sales_data.csv: 12402 records
2025-05-13 06:35:22,564 - INFO - Loaded 12402 existing records
2025-05-13 06:35:22,583 - INFO - Scraping page 1...
2025-05-13 06:35:22,584 - INFO - Scraping page 2...
2025-05-13 06:35:22,584 - INFO - Scraping page 3...
2025-05-13 06:35:27,072 - INFO - Found 60 links on page 1
2025-05-13 06:35:27,073 - INFO - Scraping page 4...
2025-05-13 06:35:27,748 - INFO - Found 60 links on page 3
2025-05-13 06:35:27,748 - INFO - Scraping page 5...
2025-05-13 06:35:28,124 - INFO - Found 60 links on page 2
2025-05-13 06:35:28,124 - INFO - Scraping page 6...
2025-05-13 06:35:32,163 - INFO - Found 60 links on page 4
2025-05-13 06:35:32,163 - INFO - Scraping page 7...
2025-05-13 06:35:32,469 - INFO - Found 60 links on page 6
2025-05-13 06:35:32,470 - INFO - Scraping page 8...
2025-05-13 06:35:33,133 - INFO - Found 60 links on page 5
2025-05-13 06:35:33,133 - INFO - Scraping page 9...
2025-05-13 06:35:37,163 - INFO - Found 60 links on page 8
2025-05-13 06:35:37,163 - INFO - Scraping page 10...
2025-05-13 06:35:37,532 - INFO - Found 60 links on page 7
2025-05-13 06:35:37,533 - INFO - Scraping page 11...
2025-05-13 06:35:37,779 - INFO - Found 60 links on page 9
2025-05-13 06:35:37,780 - INFO - Scraping page 12...
2025-05-13 06:35:41,389 - INFO - Found 60 links on page 10
2025-05-13 06:35:41,389 - INFO - Scraping page 13...
2025-05-13 06:35:41,806 - INFO - Found 60 links on page 11
2025-05-13 06:35:41,807 - INFO - Scraping page 14...
2025-05-13 06:35:42,979 - INFO - Found 60 links on page 12
2025-05-13 06:35:42,979 - INFO - Scraping page 15...
2025-05-13 06:35:45,667 - INFO - Found 60 links on page 13
2025-05-13 06:35:45,667 - INFO - Scraping page 16...
2025-05-13 06:35:46,519 - INFO - Found 60 links on page 14
2025-05-13 06:35:46,519 - INFO - Scraping page 17...
2025-05-13 06:35:48,152 - INFO - Found 60 links on page 15
2025-05-13 06:35:48,153 - INFO - Scraping page 18...
2025-05-13 06:35:50,227 - INFO - Found 60 links on page 16
2025-05-13 06:35:50,227 - INFO - Scraping page 19...
2025-05-13 06:35:51,382 - INFO - Found 60 links on page 17
2025-05-13 06:35:51,382 - INFO - Scraping page 20...
2025-05-13 06:35:52,654 - INFO - Found 60 links on page 18
2025-05-13 06:35:52,655 - INFO - Scraping page 21...
2025-05-13 06:35:55,544 - INFO - Found 60 links on page 19
2025-05-13 06:35:55,544 - INFO - Scraping page 22...
2025-05-13 06:35:56,045 - INFO - Found 60 links on page 20
2025-05-13 06:35:56,045 - INFO - Scraping page 23...
2025-05-13 06:35:57,881 - INFO - Found 60 links on page 21
2025-05-13 06:35:57,881 - INFO - Scraping page 24...
2025-05-13 06:36:00,160 - INFO - Found 60 links on page 22
2025-05-13 06:36:00,161 - INFO - Scraping page 25...
2025-05-13 06:36:00,567 - INFO - Found 60 links on page 23
2025-05-13 06:36:00,567 - INFO - Scraping page 26...
2025-05-13 06:36:03,260 - INFO - Found 60 links on page 24
2025-05-13 06:36:03,261 - INFO - Scraping page 27...
2025-05-13 06:36:04,642 - INFO - Found 60 links on page 25
2025-05-13 06:36:04,642 - INFO - Scraping page 28...
2025-05-13 06:36:05,088 - INFO - Found 60 links on page 26
2025-05-13 06:36:05,088 - INFO - Scraping page 29...
2025-05-13 06:36:07,903 - INFO - Found 60 links on page 27
2025-05-13 06:36:07,903 - INFO - Scraping page 30...
2025-05-13 06:36:09,284 - INFO - Found 60 links on page 28
2025-05-13 06:36:09,284 - INFO - Scraping page 31...
2025-05-13 06:36:09,600 - INFO - Found 60 links on page 29
2025-05-13 06:36:09,600 - INFO - Scraping page 32...
2025-05-13 06:36:12,518 - INFO - Found 60 links on page 30
2025-05-13 06:36:12,518 - INFO - Scraping page 33...
2025-05-13 06:36:13,604 - INFO - Found 60 links on page 31
2025-05-13 06:36:13,604 - INFO - Scraping page 34...
2025-05-13 06:36:13,945 - INFO - Found 60 links on page 32
2025-05-13 06:36:13,946 - INFO - Scraping page 35...
2025-05-13 06:36:16,909 - INFO - Found 60 links on page 33
2025-05-13 06:36:16,909 - INFO - Scraping page 36...
2025-05-13 06:36:17,721 - INFO - Found 60 links on page 34
2025-05-13 06:36:17,722 - INFO - Scraping page 37...
2025-05-13 06:36:18,079 - INFO - Found 60 links on page 35
2025-05-13 06:36:18,079 - INFO - Scraping page 38...
2025-05-13 06:36:21,169 - INFO - Found 60 links on page 36
2025-05-13 06:36:21,170 - INFO - Scraping page 39...
2025-05-13 06:36:21,646 - INFO - Found 60 links on page 37
2025-05-13 06:36:21,646 - INFO - Scraping page 40...
2025-05-13 06:36:22,305 - INFO - Found 60 links on page 38
2025-05-13 06:36:22,306 - INFO - Scraping page 41...
2025-05-13 06:36:25,552 - INFO - Found 60 links on page 39
2025-05-13 06:36:25,552 - INFO - Scraping page 42...
2025-05-13 06:36:25,929 - INFO - Found 60 links on page 40
2025-05-13 06:36:25,929 - INFO - Scraping page 43...
2025-05-13 06:36:26,437 - INFO - Found 60 links on page 41
2025-05-13 06:36:26,437 - INFO - Scraping page 44...
2025-05-13 06:36:29,918 - INFO - Found 60 links on page 42
2025-05-13 06:36:29,919 - INFO - Scraping page 45...
2025-05-13 06:36:30,214 - INFO - Found 60 links on page 43
2025-05-13 06:36:30,214 - INFO - Scraping page 46...
2025-05-13 06:36:30,749 - INFO - Found 60 links on page 44
2025-05-13 06:36:30,749 - INFO - Scraping page 47...
2025-05-13 06:36:33,753 - INFO - Found 60 links on page 45
2025-05-13 06:36:33,753 - INFO - Scraping page 48...
2025-05-13 06:36:34,577 - INFO - Found 60 links on page 46
2025-05-13 06:36:34,577 - INFO - Scraping page 49...
2025-05-13 06:36:34,899 - INFO - Found 60 links on page 47
2025-05-13 06:36:34,899 - INFO - Scraping page 50...
2025-05-13 06:36:38,546 - INFO - Found 60 links on page 48
2025-05-13 06:36:38,547 - INFO - Scraping page 51...
2025-05-13 06:36:38,773 - INFO - Found 60 links on page 49
2025-05-13 06:36:38,774 - INFO - Scraping page 52...
2025-05-13 06:36:39,192 - INFO - Found 60 links on page 50
2025-05-13 06:36:39,193 - INFO - Scraping page 53...
2025-05-13 06:36:43,148 - INFO - Found 60 links on page 52
2025-05-13 06:36:43,154 - INFO - Scraping page 54...
2025-05-13 06:36:43,279 - INFO - Found 60 links on page 51
2025-05-13 06:36:43,279 - INFO - Scraping page 55...
2025-05-13 06:36:43,715 - INFO - Found 60 links on page 53
2025-05-13 06:36:43,716 - INFO - Scraping page 56...
2025-05-13 06:36:47,065 - INFO - Found 60 links on page 54
2025-05-13 06:36:47,065 - INFO - Scraping page 57...
2025-05-13 06:36:47,662 - INFO - Found 60 links on page 55
2025-05-13 06:36:47,662 - INFO - Scraping page 58...
2025-05-13 06:36:48,434 - INFO - Found 60 links on page 56
2025-05-13 06:36:48,435 - INFO - Scraping page 59...
2025-05-13 06:36:51,565 - INFO - Found 60 links on page 58
2025-05-13 06:36:51,565 - INFO - Scraping page 60...
2025-05-13 06:36:51,957 - INFO - Found 60 links on page 57
2025-05-13 06:36:51,957 - INFO - Scraping page 61...
2025-05-13 06:36:52,470 - INFO - Found 60 links on page 59
2025-05-13 06:36:52,471 - INFO - Scraping page 62...
2025-05-13 06:36:55,524 - INFO - Found 60 links on page 60
2025-05-13 06:36:55,524 - INFO - Scraping page 63...
2025-05-13 06:36:56,075 - INFO - Found 60 links on page 61
2025-05-13 06:36:56,075 - INFO - Scraping page 64...
2025-05-13 06:36:57,245 - INFO - Found 60 links on page 62
2025-05-13 06:36:57,245 - INFO - Scraping page 65...
2025-05-13 06:36:59,315 - INFO - Found 60 links on page 63
2025-05-13 06:36:59,315 - INFO - Scraping page 66...
2025-05-13 06:37:00,522 - INFO - Found 60 links on page 64
2025-05-13 06:37:00,523 - INFO - Scraping page 67...
2025-05-13 06:37:01,824 - INFO - Found 60 links on page 65
2025-05-13 06:37:01,824 - INFO - Scraping page 68...
2025-05-13 06:37:03,444 - INFO - Found 60 links on page 66
2025-05-13 06:37:03,445 - INFO - Scraping page 69...
2025-05-13 06:37:04,873 - INFO - Found 60 links on page 67
2025-05-13 06:37:04,873 - INFO - Scraping page 70...
2025-05-13 06:37:05,878 - INFO - Found 60 links on page 68
2025-05-13 06:37:05,878 - INFO - Scraping page 71...
2025-05-13 06:37:07,633 - INFO - Found 60 links on page 69
2025-05-13 06:37:07,633 - INFO - Scraping page 72...
2025-05-13 06:37:09,478 - INFO - Found 60 links on page 70
2025-05-13 06:37:09,478 - INFO - Scraping page 73...
2025-05-13 06:37:09,686 - INFO - Found 60 links on page 71
2025-05-13 06:37:09,686 - INFO - Scraping page 74...
2025-05-13 06:37:11,655 - INFO - Found 60 links on page 72
2025-05-13 06:37:11,655 - INFO - Scraping page 75...
2025-05-13 06:37:13,804 - INFO - Found 60 links on page 73
2025-05-13 06:37:13,815 - INFO - Scraping page 76...
2025-05-13 06:37:13,866 - INFO - Found 60 links on page 74
2025-05-13 06:37:13,866 - INFO - Scraping page 77...
2025-05-13 06:37:16,559 - INFO - Found 60 links on page 75
2025-05-13 06:37:16,560 - INFO - Scraping page 78...
2025-05-13 06:37:17,732 - INFO - Found 60 links on page 76
2025-05-13 06:37:17,742 - INFO - Scraping page 79...
2025-05-13 06:37:17,983 - INFO - Found 60 links on page 77
2025-05-13 06:37:17,984 - INFO - Scraping page 80...
2025-05-13 06:37:20,534 - INFO - Found 60 links on page 78
2025-05-13 06:37:20,534 - INFO - Scraping page 81...
2025-05-13 06:37:21,575 - INFO - Found 60 links on page 79
2025-05-13 06:37:21,575 - INFO - Scraping page 82...
2025-05-13 06:37:22,208 - INFO - Found 60 links on page 80
2025-05-13 06:37:22,208 - INFO - Scraping page 83...
2025-05-13 06:37:24,504 - INFO - Found 60 links on page 81
2025-05-13 06:37:24,504 - INFO - Scraping page 84...
2025-05-13 06:37:25,388 - INFO - Found 60 links on page 82
2025-05-13 06:37:25,388 - INFO - Scraping page 85...
2025-05-13 06:37:25,996 - INFO - Found 60 links on page 83
2025-05-13 06:37:25,996 - INFO - Scraping page 86...
2025-05-13 06:37:28,786 - INFO - Found 60 links on page 84
2025-05-13 06:37:28,786 - INFO - Scraping page 87...
2025-05-13 06:37:29,445 - INFO - Found 60 links on page 85
2025-05-13 06:37:29,445 - INFO - Scraping page 88...
2025-05-13 06:37:30,230 - INFO - Found 60 links on page 86
2025-05-13 06:37:30,230 - INFO - Scraping page 89...
2025-05-13 06:37:32,737 - INFO - Found 60 links on page 87
2025-05-13 06:37:32,737 - INFO - Scraping page 90...
2025-05-13 06:37:33,554 - INFO - Found 60 links on page 88
2025-05-13 06:37:33,554 - INFO - Scraping page 91...
2025-05-13 06:37:34,307 - INFO - Found 60 links on page 89
2025-05-13 06:37:34,308 - INFO - Scraping page 92...
2025-05-13 06:37:36,725 - INFO - Found 60 links on page 90
2025-05-13 06:37:36,725 - INFO - Scraping page 93...
2025-05-13 06:37:37,617 - INFO - Found 60 links on page 91
2025-05-13 06:37:37,618 - INFO - Scraping page 94...
2025-05-13 06:37:38,366 - INFO - Found 60 links on page 92
2025-05-13 06:37:38,366 - INFO - Scraping page 95...
2025-05-13 06:37:40,943 - INFO - Found 60 links on page 93
2025-05-13 06:37:40,943 - INFO - Scraping page 96...
2025-05-13 06:37:41,948 - INFO - Found 60 links on page 94
2025-05-13 06:37:41,948 - INFO - Scraping page 97...
2025-05-13 06:37:42,313 - INFO - Found 60 links on page 95
2025-05-13 06:37:42,313 - INFO - Scraping page 98...
2025-05-13 06:37:45,068 - INFO - Found 60 links on page 96
2025-05-13 06:37:45,069 - INFO - Scraping page 99...
2025-05-13 06:37:45,924 - INFO - Found 60 links on page 97
2025-05-13 06:37:45,925 - INFO - Scraping page 100...
2025-05-13 06:37:46,460 - INFO - Found 60 links on page 98
2025-05-13 06:37:46,460 - INFO - Scraping page 101...
2025-05-13 06:37:49,389 - INFO - Found 60 links on page 99
2025-05-13 06:37:49,389 - INFO - Scraping page 102...
2025-05-13 06:37:49,984 - INFO - Found 60 links on page 100
2025-05-13 06:37:49,984 - INFO - Scraping page 103...
2025-05-13 06:37:50,181 - INFO - Found 60 links on page 101
2025-05-13 06:37:50,181 - INFO - Scraping page 104...
2025-05-13 06:37:53,963 - INFO - Found 60 links on page 103
2025-05-13 06:37:53,974 - INFO - Scraping page 105...
2025-05-13 06:37:54,211 - INFO - Found 60 links on page 104
2025-05-13 06:37:54,222 - INFO - Scraping page 106...
2025-05-13 06:37:54,399 - INFO - Found 60 links on page 102
2025-05-13 06:37:54,399 - INFO - Scraping page 107...
2025-05-13 06:37:57,669 - INFO - Found 60 links on page 105
2025-05-13 06:37:57,670 - INFO - Scraping page 108...
2025-05-13 06:37:58,339 - INFO - Found 60 links on page 107
2025-05-13 06:37:58,345 - INFO - Scraping page 109...
2025-05-13 06:37:58,496 - INFO - Found 60 links on page 106
2025-05-13 06:37:58,497 - INFO - Scraping page 110...
2025-05-13 06:38:01,498 - INFO - Found 60 links on page 108
2025-05-13 06:38:01,498 - INFO - Scraping page 111...
2025-05-13 06:38:02,413 - INFO - Found 60 links on page 109
2025-05-13 06:38:02,413 - INFO - Scraping page 112...
2025-05-13 06:38:02,719 - INFO - Found 60 links on page 110
2025-05-13 06:38:02,720 - INFO - Scraping page 113...
2025-05-13 06:38:05,659 - INFO - Found 60 links on page 111
2025-05-13 06:38:05,659 - INFO - Scraping page 114...
2025-05-13 06:38:06,714 - INFO - Found 60 links on page 112
2025-05-13 06:38:06,714 - INFO - Scraping page 115...
2025-05-13 06:38:06,905 - INFO - Found 60 links on page 113
2025-05-13 06:38:06,905 - INFO - Scraping page 116...
2025-05-13 06:38:10,694 - INFO - Found 60 links on page 114
2025-05-13 06:38:10,694 - INFO - Scraping page 117...
2025-05-13 06:38:10,978 - INFO - Found 60 links on page 115
2025-05-13 06:38:10,978 - INFO - Scraping page 118...
2025-05-13 06:38:11,601 - INFO - Found 60 links on page 116
2025-05-13 06:38:11,601 - INFO - Scraping page 119...
2025-05-13 06:38:15,474 - INFO - Found 60 links on page 118
2025-05-13 06:38:15,480 - INFO - Scraping page 120...
2025-05-13 06:38:15,668 - INFO - Found 60 links on page 117
2025-05-13 06:38:15,668 - INFO - Scraping page 121...
2025-05-13 06:38:16,113 - INFO - Found 60 links on page 119
2025-05-13 06:38:16,113 - INFO - Scraping page 122...
2025-05-13 06:38:20,406 - INFO - Found 60 links on page 120
2025-05-13 06:38:20,416 - INFO - Scraping page 123...
2025-05-13 06:38:20,560 - INFO - Found 60 links on page 121
2025-05-13 06:38:20,560 - INFO - Scraping page 124...
2025-05-13 06:38:20,922 - INFO - Found 60 links on page 122
2025-05-13 06:38:20,922 - INFO - Scraping page 125...
2025-05-13 06:38:24,600 - INFO - Found 60 links on page 124
2025-05-13 06:38:24,601 - INFO - Scraping page 126...
2025-05-13 06:38:24,941 - INFO - Found 60 links on page 123
2025-05-13 06:38:24,941 - INFO - Scraping page 127...
2025-05-13 06:38:25,143 - INFO - Found 60 links on page 125
2025-05-13 06:38:25,143 - INFO - Scraping page 128...
2025-05-13 06:38:28,620 - INFO - Found 60 links on page 126
2025-05-13 06:38:28,620 - INFO - Scraping page 129...
2025-05-13 06:38:29,259 - INFO - Found 60 links on page 128
2025-05-13 06:38:29,259 - INFO - Scraping page 130...
2025-05-13 06:38:29,817 - INFO - Found 60 links on page 127
2025-05-13 06:38:29,817 - INFO - Scraping page 131...
2025-05-13 06:38:33,033 - INFO - Found 60 links on page 129
2025-05-13 06:38:33,033 - INFO - Scraping page 132...
2025-05-13 06:38:33,601 - INFO - Found 60 links on page 130
2025-05-13 06:38:33,601 - INFO - Scraping page 133...
2025-05-13 06:38:34,479 - INFO - Found 60 links on page 131
2025-05-13 06:38:34,479 - INFO - Scraping page 134...
2025-05-13 06:38:37,013 - INFO - Found 60 links on page 132
2025-05-13 06:38:37,013 - INFO - Scraping page 135...
2025-05-13 06:38:37,445 - INFO - Found 60 links on page 133
2025-05-13 06:38:37,445 - INFO - Scraping page 136...
2025-05-13 06:38:38,648 - INFO - Found 60 links on page 134
2025-05-13 06:38:38,649 - INFO - Scraping page 137...
2025-05-13 06:38:41,288 - INFO - Found 60 links on page 136
2025-05-13 06:38:41,288 - INFO - Scraping page 138...
2025-05-13 06:38:41,554 - INFO - Found 60 links on page 135
2025-05-13 06:38:41,554 - INFO - Scraping page 139...
2025-05-13 06:38:43,088 - INFO - Found 60 links on page 137
2025-05-13 06:38:43,088 - INFO - Scraping page 140...
2025-05-13 06:38:45,754 - INFO - Found 60 links on page 138
2025-05-13 06:38:45,754 - INFO - Scraping page 141...
2025-05-13 06:38:46,348 - INFO - Found 60 links on page 139
2025-05-13 06:38:46,349 - INFO - Scraping page 142...
2025-05-13 06:38:47,594 - INFO - Found 60 links on page 140
2025-05-13 06:38:47,594 - INFO - Scraping page 143...
2025-05-13 06:38:50,274 - INFO - Found 60 links on page 141
2025-05-13 06:38:50,274 - INFO - Scraping page 144...
2025-05-13 06:38:50,711 - INFO - Found 60 links on page 142
2025-05-13 06:38:50,711 - INFO - Scraping page 145...
2025-05-13 06:38:51,786 - INFO - Found 60 links on page 143
2025-05-13 06:38:51,786 - INFO - Scraping page 146...
2025-05-13 06:38:54,330 - INFO - Found 60 links on page 144
2025-05-13 06:38:54,330 - INFO - Scraping page 147...
2025-05-13 06:38:55,039 - INFO - Found 60 links on page 145
2025-05-13 06:38:55,039 - INFO - Scraping page 148...
2025-05-13 06:38:56,960 - INFO - Found 60 links on page 146
2025-05-13 06:38:56,960 - INFO - Scraping page 149...
2025-05-13 06:38:58,387 - INFO - Found 60 links on page 147
2025-05-13 06:38:58,387 - INFO - Scraping page 150...
2025-05-13 06:38:59,410 - INFO - Found 60 links on page 148
2025-05-13 06:38:59,411 - INFO - Scraping page 151...
2025-05-13 06:39:00,835 - INFO - Found 60 links on page 149
2025-05-13 06:39:00,835 - INFO - Scraping page 152...
2025-05-13 06:39:02,535 - INFO - Found 60 links on page 150
2025-05-13 06:39:02,535 - INFO - Scraping page 153...
2025-05-13 06:39:03,870 - INFO - Found 60 links on page 151
2025-05-13 06:39:03,870 - INFO - Scraping page 154...
2025-05-13 06:39:05,353 - INFO - Found 60 links on page 152
2025-05-13 06:39:05,353 - INFO - Scraping page 155...
2025-05-13 06:39:06,537 - INFO - Found 60 links on page 153
2025-05-13 06:39:06,537 - INFO - Scraping page 156...
2025-05-13 06:39:08,385 - INFO - Found 60 links on page 154
2025-05-13 06:39:08,385 - INFO - Scraping page 157...
2025-05-13 06:39:09,802 - INFO - Found 60 links on page 155
2025-05-13 06:39:09,802 - INFO - Scraping page 158...
2025-05-13 06:39:10,687 - INFO - Found 60 links on page 156
2025-05-13 06:39:10,687 - INFO - Scraping page 159...
2025-05-13 06:39:12,050 - INFO - Found 60 links on page 157
2025-05-13 06:39:12,050 - INFO - Scraping page 160...
2025-05-13 06:39:13,745 - INFO - Found 60 links on page 158
2025-05-13 06:39:13,745 - INFO - Scraping page 161...
2025-05-13 06:39:14,853 - INFO - Found 60 links on page 159
2025-05-13 06:39:14,853 - INFO - Scraping page 162...
2025-05-13 06:39:16,039 - INFO - Found 60 links on page 160
2025-05-13 06:39:16,039 - INFO - Scraping page 163...
2025-05-13 06:39:17,905 - INFO - Found 60 links on page 161
2025-05-13 06:39:17,905 - INFO - Scraping page 164...
2025-05-13 06:39:20,007 - INFO - Found 60 links on page 162
2025-05-13 06:39:20,008 - INFO - Scraping page 165...
2025-05-13 06:39:20,253 - INFO - Found 60 links on page 163
2025-05-13 06:39:20,254 - INFO - Scraping page 166...
2025-05-13 06:39:22,388 - INFO - Found 60 links on page 164
2025-05-13 06:39:22,388 - INFO - Scraping page 167...
2025-05-13 06:39:24,216 - INFO - Found 60 links on page 165
2025-05-13 06:39:24,216 - INFO - Scraping page 168...
2025-05-13 06:39:24,667 - INFO - Found 60 links on page 166
2025-05-13 06:39:24,667 - INFO - Scraping page 169...
2025-05-13 06:39:26,457 - INFO - Found 60 links on page 167
2025-05-13 06:39:26,458 - INFO - Scraping page 170...
2025-05-13 06:39:28,630 - INFO - Found 60 links on page 169
2025-05-13 06:39:28,630 - INFO - Scraping page 171...
2025-05-13 06:39:29,388 - INFO - Found 60 links on page 168
2025-05-13 06:39:29,388 - INFO - Scraping page 172...
2025-05-13 06:39:30,763 - INFO - Found 60 links on page 170
2025-05-13 06:39:30,763 - INFO - Scraping page 173...
2025-05-13 06:39:33,013 - INFO - Found 60 links on page 171
2025-05-13 06:39:33,013 - INFO - Scraping page 174...
2025-05-13 06:39:33,770 - INFO - Found 60 links on page 172
2025-05-13 06:39:33,770 - INFO - Scraping page 175...
2025-05-13 06:39:34,993 - INFO - Found 60 links on page 173
2025-05-13 06:39:34,993 - INFO - Scraping page 176...
2025-05-13 06:39:38,131 - INFO - Found 60 links on page 174
2025-05-13 06:39:38,142 - INFO - Scraping page 177...
2025-05-13 06:39:38,217 - INFO - Found 60 links on page 175
2025-05-13 06:39:38,218 - INFO - Scraping page 178...
2025-05-13 06:39:39,762 - INFO - Found 60 links on page 176
2025-05-13 06:39:39,762 - INFO - Scraping page 179...
2025-05-13 06:39:42,628 - INFO - Found 60 links on page 178
2025-05-13 06:39:42,628 - INFO - Scraping page 180...
2025-05-13 06:39:42,826 - INFO - Found 60 links on page 177
2025-05-13 06:39:42,826 - INFO - Scraping page 181...
2025-05-13 06:39:43,995 - INFO - Found 60 links on page 179
2025-05-13 06:39:43,996 - INFO - Scraping page 182...
2025-05-13 06:39:47,003 - INFO - Found 60 links on page 181
2025-05-13 06:39:47,003 - INFO - Scraping page 183...
2025-05-13 06:39:47,212 - INFO - Found 60 links on page 180
2025-05-13 06:39:47,212 - INFO - Scraping page 184...
2025-05-13 06:39:48,497 - INFO - Found 60 links on page 182
2025-05-13 06:39:48,498 - INFO - Scraping page 185...
2025-05-13 06:39:51,354 - INFO - Found 60 links on page 183
2025-05-13 06:39:51,354 - INFO - Scraping page 186...
2025-05-13 06:39:51,740 - INFO - Found 60 links on page 184
2025-05-13 06:39:51,740 - INFO - Scraping page 187...
2025-05-13 06:39:52,681 - INFO - Found 60 links on page 185
2025-05-13 06:39:52,682 - INFO - Scraping page 188...
2025-05-13 06:39:55,302 - INFO - Found 60 links on page 186
2025-05-13 06:39:55,302 - INFO - Scraping page 189...
2025-05-13 06:39:55,885 - INFO - Found 60 links on page 187
2025-05-13 06:39:55,885 - INFO - Scraping page 190...
2025-05-13 06:39:56,891 - INFO - Found 60 links on page 188
2025-05-13 06:39:56,891 - INFO - Scraping page 191...
2025-05-13 06:39:59,420 - INFO - Found 60 links on page 189
2025-05-13 06:39:59,420 - INFO - Scraping page 192...
2025-05-13 06:40:00,336 - INFO - Found 60 links on page 190
2025-05-13 06:40:00,336 - INFO - Scraping page 193...
2025-05-13 06:40:01,942 - INFO - Found 60 links on page 191
2025-05-13 06:40:01,943 - INFO - Scraping page 194...
2025-05-13 06:40:04,182 - INFO - Found 60 links on page 192
2025-05-13 06:40:04,182 - INFO - Scraping page 195...
2025-05-13 06:40:04,729 - INFO - Found 60 links on page 193
2025-05-13 06:40:04,729 - INFO - Scraping page 196...
2025-05-13 06:40:06,702 - INFO - Found 60 links on page 194
2025-05-13 06:40:06,702 - INFO - Scraping page 197...
2025-05-13 06:40:08,419 - INFO - Found 60 links on page 195
2025-05-13 06:40:08,420 - INFO - Scraping page 198...
2025-05-13 06:40:09,558 - INFO - Found 60 links on page 196
2025-05-13 06:40:09,559 - INFO - Scraping page 199...
2025-05-13 06:40:10,877 - INFO - Found 60 links on page 197
2025-05-13 06:40:10,877 - INFO - Scraping page 200...
2025-05-13 06:40:13,149 - INFO - Found 60 links on page 198
2025-05-13 06:40:14,226 - INFO - Found 60 links on page 199
2025-05-13 06:40:15,277 - INFO - Found 60 links on page 200
2025-05-13 06:40:15,284 - INFO - Found 586 new links to scrape out of 12000 total links
2025-05-13 06:40:15,284 - INFO - Processing batch 1/12 (50 links)
2025-05-13 06:40:21,189 - INFO - Progress: 10/50 ads processed
2025-05-13 06:40:26,464 - INFO - Progress: 20/50 ads processed
2025-05-13 06:40:31,418 - INFO - Progress: 30/50 ads processed
2025-05-13 06:40:36,686 - INFO - Progress: 40/50 ads processed
2025-05-13 06:40:41,462 - INFO - Progress: 50/50 ads processed
2025-05-13 06:40:41,507 - INFO - Created backup of existing data file at unegui_data/unegui_sales_data.csv.bak
2025-05-13 06:40:41,675 - INFO - Data saved to unegui_data/unegui_sales_data.csv: 12452 records
2025-05-13 06:40:42,100 - INFO - Cache saved with 12658 URLs
2025-05-13 06:40:42,100 - INFO - Saved batch data. Total records: 12452
2025-05-13 06:40:42,100 - INFO - Processing batch 2/12 (50 links)
2025-05-13 06:40:47,925 - INFO - Progress: 10/50 ads processed
2025-05-13 06:40:52,755 - INFO - Progress: 20/50 ads processed
2025-05-13 06:40:58,210 - INFO - Progress: 30/50 ads processed
2025-05-13 06:41:03,229 - INFO - Progress: 40/50 ads processed
2025-05-13 06:41:08,446 - INFO - Progress: 50/50 ads processed
2025-05-13 06:41:08,484 - INFO - Created backup of existing data file at unegui_data/unegui_sales_data.csv.bak
2025-05-13 06:41:08,652 - INFO - Data saved to unegui_data/unegui_sales_data.csv: 12499 records
2025-05-13 06:41:09,071 - INFO - Cache saved with 12708 URLs
2025-05-13 06:41:09,071 - INFO - Saved batch data. Total records: 12499
2025-05-13 06:41:09,071 - INFO - Processing batch 3/12 (50 links)
2025-05-13 06:41:14,413 - INFO - Progress: 10/50 ads processed
2025-05-13 06:41:20,130 - INFO - Progress: 20/50 ads processed
2025-05-13 06:41:25,234 - INFO - Progress: 30/50 ads processed
2025-05-13 06:41:30,211 - INFO - Progress: 40/50 ads processed
2025-05-13 06:41:35,565 - INFO - Progress: 50/50 ads processed
2025-05-13 06:41:35,611 - INFO - Created backup of existing data file at unegui_data/unegui_sales_data.csv.bak
2025-05-13 06:41:35,780 - INFO - Data saved to unegui_data/unegui_sales_data.csv: 12548 records
2025-05-13 06:41:36,205 - INFO - Cache saved with 12758 URLs
2025-05-13 06:41:36,205 - INFO - Saved batch data. Total records: 12548
2025-05-13 06:41:36,205 - INFO - Processing batch 4/12 (50 links)
2025-05-13 06:41:41,605 - INFO - Progress: 10/50 ads processed
2025-05-13 06:41:46,862 - INFO - Progress: 20/50 ads processed
2025-05-13 06:41:52,086 - INFO - Progress: 30/50 ads processed
2025-05-13 06:41:57,478 - INFO - Progress: 40/50 ads processed
2025-05-13 06:42:02,310 - INFO - Progress: 50/50 ads processed
2025-05-13 06:42:02,352 - INFO - Created backup of existing data file at unegui_data/unegui_sales_data.csv.bak
2025-05-13 06:42:02,526 - INFO - Data saved to unegui_data/unegui_sales_data.csv: 12597 records
2025-05-13 06:42:02,957 - INFO - Cache saved with 12808 URLs
2025-05-13 06:42:02,957 - INFO - Saved batch data. Total records: 12597
2025-05-13 06:42:02,957 - INFO - Processing batch 5/12 (50 links)
2025-05-13 06:42:08,152 - INFO - Progress: 10/50 ads processed
2025-05-13 06:42:13,529 - INFO - Progress: 20/50 ads processed
2025-05-13 06:42:18,743 - INFO - Progress: 30/50 ads processed
2025-05-13 06:42:23,722 - INFO - Progress: 40/50 ads processed
2025-05-13 06:42:29,047 - INFO - Progress: 50/50 ads processed
2025-05-13 06:42:29,090 - INFO - Created backup of existing data file at unegui_data/unegui_sales_data.csv.bak
2025-05-13 06:42:29,262 - INFO - Data saved to unegui_data/unegui_sales_data.csv: 12646 records
2025-05-13 06:42:29,689 - INFO - Cache saved with 12858 URLs
2025-05-13 06:42:29,689 - INFO - Saved batch data. Total records: 12646
2025-05-13 06:42:29,689 - INFO - Processing batch 6/12 (50 links)
2025-05-13 06:42:34,818 - INFO - Progress: 10/50 ads processed
2025-05-13 06:42:40,317 - INFO - Progress: 20/50 ads processed
2025-05-13 06:42:46,381 - INFO - Progress: 30/50 ads processed
2025-05-13 06:42:51,211 - INFO - Progress: 40/50 ads processed
2025-05-13 06:42:56,086 - INFO - Progress: 50/50 ads processed
2025-05-13 06:42:56,129 - INFO - Created backup of existing data file at unegui_data/unegui_sales_data.csv.bak
2025-05-13 06:42:56,302 - INFO - Data saved to unegui_data/unegui_sales_data.csv: 12695 records
2025-05-13 06:42:56,725 - INFO - Cache saved with 12908 URLs
2025-05-13 06:42:56,725 - INFO - Saved batch data. Total records: 12695
2025-05-13 06:42:56,725 - INFO - Processing batch 7/12 (50 links)
2025-05-13 06:43:02,075 - INFO - Progress: 10/50 ads processed
2025-05-13 06:43:07,587 - INFO - Progress: 20/50 ads processed
2025-05-13 06:43:12,834 - INFO - Progress: 30/50 ads processed
2025-05-13 06:43:17,874 - INFO - Progress: 40/50 ads processed
2025-05-13 06:43:23,282 - INFO - Progress: 50/50 ads processed
2025-05-13 06:43:23,324 - INFO - Created backup of existing data file at unegui_data/unegui_sales_data.csv.bak
2025-05-13 06:43:23,497 - INFO - Data saved to unegui_data/unegui_sales_data.csv: 12745 records
2025-05-13 06:43:23,922 - INFO - Cache saved with 12958 URLs
2025-05-13 06:43:23,922 - INFO - Saved batch data. Total records: 12745
2025-05-13 06:43:23,922 - INFO - Processing batch 8/12 (50 links)
2025-05-13 06:43:29,331 - INFO - Progress: 10/50 ads processed
2025-05-13 06:43:34,697 - INFO - Progress: 20/50 ads processed
2025-05-13 06:43:40,164 - INFO - Progress: 30/50 ads processed
2025-05-13 06:43:45,204 - INFO - Progress: 40/50 ads processed
2025-05-13 06:43:50,523 - INFO - Progress: 50/50 ads processed
2025-05-13 06:43:50,566 - INFO - Created backup of existing data file at unegui_data/unegui_sales_data.csv.bak
2025-05-13 06:43:50,742 - INFO - Data saved to unegui_data/unegui_sales_data.csv: 12795 records
2025-05-13 06:43:51,170 - INFO - Cache saved with 13008 URLs
2025-05-13 06:43:51,170 - INFO - Saved batch data. Total records: 12795
2025-05-13 06:43:51,170 - INFO - Processing batch 9/12 (50 links)
2025-05-13 06:43:56,522 - INFO - Progress: 10/50 ads processed
2025-05-13 06:44:01,653 - INFO - Progress: 20/50 ads processed
2025-05-13 06:44:06,888 - INFO - Progress: 30/50 ads processed
2025-05-13 06:44:11,844 - INFO - Progress: 40/50 ads processed
2025-05-13 06:44:17,426 - INFO - Progress: 50/50 ads processed
2025-05-13 06:44:17,470 - INFO - Created backup of existing data file at unegui_data/unegui_sales_data.csv.bak
2025-05-13 06:44:17,644 - INFO - Data saved to unegui_data/unegui_sales_data.csv: 12842 records
2025-05-13 06:44:18,075 - INFO - Cache saved with 13058 URLs
2025-05-13 06:44:18,075 - INFO - Saved batch data. Total records: 12842
2025-05-13 06:44:18,075 - INFO - Processing batch 10/12 (50 links)
2025-05-13 06:44:23,478 - INFO - Progress: 10/50 ads processed
2025-05-13 06:44:28,726 - INFO - Progress: 20/50 ads processed
2025-05-13 06:44:33,852 - INFO - Progress: 30/50 ads processed
2025-05-13 06:44:40,100 - INFO - Progress: 40/50 ads processed
2025-05-13 06:44:45,239 - INFO - Progress: 50/50 ads processed
2025-05-13 06:44:45,281 - INFO - Created backup of existing data file at unegui_data/unegui_sales_data.csv.bak
2025-05-13 06:44:45,456 - INFO - Data saved to unegui_data/unegui_sales_data.csv: 12891 records
2025-05-13 06:44:45,882 - INFO - Cache saved with 13107 URLs
2025-05-13 06:44:45,882 - INFO - Saved batch data. Total records: 12892
2025-05-13 06:44:45,882 - INFO - Processing batch 11/12 (50 links)
2025-05-13 06:44:51,316 - INFO - Progress: 10/50 ads processed
2025-05-13 06:44:56,487 - INFO - Progress: 20/50 ads processed
2025-05-13 06:45:02,012 - INFO - Progress: 30/50 ads processed
2025-05-13 06:45:07,585 - INFO - Progress: 40/50 ads processed
2025-05-13 06:45:12,939 - INFO - Progress: 50/50 ads processed
2025-05-13 06:45:12,982 - INFO - Created backup of existing data file at unegui_data/unegui_sales_data.csv.bak
2025-05-13 06:45:13,160 - INFO - Data saved to unegui_data/unegui_sales_data.csv: 12940 records
2025-05-13 06:45:13,597 - INFO - Cache saved with 13157 URLs
2025-05-13 06:45:13,597 - INFO - Saved batch data. Total records: 12941
2025-05-13 06:45:13,597 - INFO - Processing batch 12/12 (36 links)
2025-05-13 06:45:18,961 - INFO - Progress: 10/36 ads processed
2025-05-13 06:45:24,077 - INFO - Progress: 20/36 ads processed
2025-05-13 06:45:29,397 - INFO - Progress: 30/36 ads processed
2025-05-13 06:45:34,192 - INFO - Progress: 36/36 ads processed
2025-05-13 06:45:34,240 - INFO - Created backup of existing data file at unegui_data/unegui_sales_data.csv.bak
2025-05-13 06:45:34,422 - INFO - Data saved to unegui_data/unegui_sales_data.csv: 12976 records
2025-05-13 06:45:34,860 - INFO - Cache saved with 13193 URLs
2025-05-13 06:45:34,860 - INFO - Saved batch data. Total records: 12977
2025-05-13 06:45:34,860 - INFO - Scraping completed in 0:10:12.659996. Total ads collected: 12977
2025-05-13 07:50:13,829 - INFO - Starting sales apartment scraper at 2025-05-13 07:50:13.829673
2025-05-13 07:50:14,017 - INFO - Loaded existing data from unegui_data/unegui_sales_data.csv: 12976 records
2025-05-13 07:50:14,187 - INFO - Loaded 12976 existing records
2025-05-13 07:50:14,192 - INFO - Scraping page 1...
2025-05-13 07:50:14,192 - INFO - Scraping page 2...
2025-05-13 07:50:14,192 - INFO - Scraping page 3...
2025-05-13 07:50:17,953 - INFO - Found 60 links on page 1
2025-05-13 07:50:17,953 - INFO - Scraping page 4...
2025-05-13 07:50:18,636 - INFO - Found 60 links on page 3
2025-05-13 07:50:18,637 - INFO - Scraping page 5...
2025-05-13 07:50:19,421 - INFO - Found 60 links on page 2
2025-05-13 07:50:19,421 - INFO - Scraping page 6...
2025-05-13 07:50:23,071 - INFO - Found 60 links on page 5
2025-05-13 07:50:23,071 - INFO - Scraping page 7...
2025-05-13 07:50:23,356 - INFO - Found 60 links on page 4
2025-05-13 07:50:23,357 - INFO - Scraping page 8...
2025-05-13 07:50:24,290 - INFO - Found 60 links on page 6
2025-05-13 07:50:24,290 - INFO - Scraping page 9...
2025-05-13 07:50:27,637 - INFO - Found 60 links on page 7
2025-05-13 07:50:27,637 - INFO - Scraping page 10...
2025-05-13 07:50:28,646 - INFO - Found 60 links on page 8
2025-05-13 07:50:28,646 - INFO - Scraping page 11...
2025-05-13 07:50:29,169 - INFO - Found 60 links on page 9
2025-05-13 07:50:29,170 - INFO - Scraping page 12...
2025-05-13 07:50:32,071 - INFO - Found 60 links on page 10
2025-05-13 07:50:32,071 - INFO - Scraping page 13...
2025-05-13 07:50:33,064 - INFO - Found 60 links on page 11
2025-05-13 07:50:33,064 - INFO - Scraping page 14...
2025-05-13 07:50:33,896 - INFO - Found 60 links on page 12
2025-05-13 07:50:33,897 - INFO - Scraping page 15...
2025-05-13 07:50:36,793 - INFO - Found 60 links on page 13
2025-05-13 07:50:36,794 - INFO - Scraping page 16...
2025-05-13 07:50:37,522 - INFO - Found 60 links on page 14
2025-05-13 07:50:37,522 - INFO - Scraping page 17...
2025-05-13 07:50:38,629 - INFO - Found 60 links on page 15
2025-05-13 07:50:38,629 - INFO - Scraping page 18...
2025-05-13 07:50:41,585 - INFO - Found 60 links on page 16
2025-05-13 07:50:41,585 - INFO - Scraping page 19...
2025-05-13 07:50:42,139 - INFO - Found 60 links on page 17
2025-05-13 07:50:42,140 - INFO - Scraping page 20...
2025-05-13 07:50:43,356 - INFO - Found 60 links on page 18
2025-05-13 07:50:43,356 - INFO - Scraping page 21...
2025-05-13 07:50:46,655 - INFO - Found 60 links on page 19
2025-05-13 07:50:46,660 - INFO - Scraping page 22...
2025-05-13 07:50:46,752 - INFO - Found 60 links on page 20
2025-05-13 07:50:46,752 - INFO - Scraping page 23...
2025-05-13 07:50:48,737 - INFO - Found 60 links on page 21
2025-05-13 07:50:48,737 - INFO - Scraping page 24...
2025-05-13 07:50:51,425 - INFO - Found 60 links on page 22
2025-05-13 07:50:51,426 - INFO - Scraping page 25...
2025-05-13 07:50:51,640 - INFO - Found 60 links on page 23
2025-05-13 07:50:51,640 - INFO - Scraping page 26...
2025-05-13 07:50:53,274 - INFO - Found 60 links on page 24
2025-05-13 07:50:53,276 - INFO - Scraping page 27...
2025-05-13 07:50:56,064 - INFO - Found 60 links on page 25
2025-05-13 07:50:56,064 - INFO - Scraping page 28...
2025-05-13 07:50:56,767 - INFO - Found 60 links on page 26
2025-05-13 07:50:56,767 - INFO - Scraping page 29...
2025-05-13 07:50:57,624 - INFO - Found 60 links on page 27
2025-05-13 07:50:57,624 - INFO - Scraping page 30...
2025-05-13 07:51:00,704 - INFO - Found 60 links on page 28
2025-05-13 07:51:00,704 - INFO - Scraping page 31...
2025-05-13 07:51:01,486 - INFO - Found 60 links on page 29
2025-05-13 07:51:01,491 - INFO - Scraping page 32...
2025-05-13 07:51:01,673 - INFO - Found 60 links on page 30
2025-05-13 07:51:01,673 - INFO - Scraping page 33...
2025-05-13 07:51:04,916 - INFO - Found 60 links on page 31
2025-05-13 07:51:04,916 - INFO - Scraping page 34...
2025-05-13 07:51:05,901 - INFO - Found 60 links on page 33
2025-05-13 07:51:05,901 - INFO - Scraping page 35...
2025-05-13 07:51:06,128 - INFO - Found 60 links on page 32
2025-05-13 07:51:06,129 - INFO - Scraping page 36...
2025-05-13 07:51:09,105 - INFO - Found 60 links on page 34
2025-05-13 07:51:09,106 - INFO - Scraping page 37...
2025-05-13 07:51:10,186 - INFO - Found 60 links on page 35
2025-05-13 07:51:10,186 - INFO - Scraping page 38...
2025-05-13 07:51:10,443 - INFO - Found 60 links on page 36
2025-05-13 07:51:10,443 - INFO - Scraping page 39...
2025-05-13 07:51:13,279 - INFO - Found 60 links on page 37
2025-05-13 07:51:13,279 - INFO - Scraping page 40...
2025-05-13 07:51:15,111 - INFO - Found 60 links on page 39
2025-05-13 07:51:15,122 - INFO - Scraping page 41...
2025-05-13 07:51:15,358 - INFO - Found 60 links on page 38
2025-05-13 07:51:15,359 - INFO - Scraping page 42...
2025-05-13 07:51:17,195 - INFO - Found 60 links on page 40
2025-05-13 07:51:17,195 - INFO - Scraping page 43...
2025-05-13 07:51:19,390 - INFO - Found 60 links on page 41
2025-05-13 07:51:19,391 - INFO - Scraping page 44...
2025-05-13 07:51:19,826 - INFO - Found 60 links on page 42
2025-05-13 07:51:19,827 - INFO - Scraping page 45...
2025-05-13 07:51:21,470 - INFO - Found 60 links on page 43
2025-05-13 07:51:21,470 - INFO - Scraping page 46...
2025-05-13 07:51:23,587 - INFO - Found 60 links on page 44
2025-05-13 07:51:23,587 - INFO - Scraping page 47...
2025-05-13 07:51:24,078 - INFO - Found 60 links on page 45
2025-05-13 07:51:24,078 - INFO - Scraping page 48...
2025-05-13 07:51:25,611 - INFO - Found 60 links on page 46
2025-05-13 07:51:25,611 - INFO - Scraping page 49...
2025-05-13 07:51:27,402 - INFO - Found 60 links on page 47
2025-05-13 07:51:27,402 - INFO - Scraping page 50...
2025-05-13 07:51:27,944 - INFO - Found 60 links on page 48
2025-05-13 07:51:27,944 - INFO - Scraping page 51...
2025-05-13 07:51:29,907 - INFO - Found 60 links on page 49
2025-05-13 07:51:29,907 - INFO - Scraping page 52...
2025-05-13 07:51:31,966 - INFO - Found 60 links on page 50
2025-05-13 07:51:31,966 - INFO - Scraping page 53...
2025-05-13 07:51:32,226 - INFO - Found 60 links on page 51
2025-05-13 07:51:32,226 - INFO - Scraping page 54...
2025-05-13 07:51:33,799 - INFO - Found 60 links on page 52
2025-05-13 07:51:33,800 - INFO - Scraping page 55...
2025-05-13 07:51:35,872 - INFO - Found 60 links on page 53
2025-05-13 07:51:35,872 - INFO - Scraping page 56...
2025-05-13 07:51:36,277 - INFO - Found 60 links on page 54
2025-05-13 07:51:36,277 - INFO - Scraping page 57...
2025-05-13 07:51:38,609 - INFO - Found 60 links on page 55
2025-05-13 07:51:38,610 - INFO - Scraping page 58...
2025-05-13 07:51:40,626 - INFO - Found 60 links on page 57
2025-05-13 07:51:40,631 - INFO - Scraping page 59...
2025-05-13 07:51:40,719 - INFO - Found 60 links on page 56
2025-05-13 07:51:40,719 - INFO - Scraping page 60...
2025-05-13 07:51:43,032 - INFO - Found 60 links on page 58
2025-05-13 07:51:43,032 - INFO - Scraping page 61...
2025-05-13 07:51:44,852 - INFO - Found 60 links on page 60
2025-05-13 07:51:44,852 - INFO - Scraping page 62...
2025-05-13 07:51:45,468 - INFO - Found 60 links on page 59
2025-05-13 07:51:45,468 - INFO - Scraping page 63...
2025-05-13 07:51:47,096 - INFO - Found 60 links on page 61
2025-05-13 07:51:47,096 - INFO - Scraping page 64...
2025-05-13 07:51:48,543 - INFO - Found 60 links on page 62
2025-05-13 07:51:48,543 - INFO - Scraping page 65...
2025-05-13 07:51:50,089 - INFO - Found 60 links on page 63
2025-05-13 07:51:50,090 - INFO - Scraping page 66...
2025-05-13 07:51:50,731 - INFO - Found 60 links on page 64
2025-05-13 07:51:50,731 - INFO - Scraping page 67...
2025-05-13 07:51:52,455 - INFO - Found 60 links on page 65
2025-05-13 07:51:52,456 - INFO - Scraping page 68...
2025-05-13 07:51:54,268 - INFO - Found 60 links on page 66
2025-05-13 07:51:54,268 - INFO - Scraping page 69...
2025-05-13 07:51:54,532 - INFO - Found 60 links on page 67
2025-05-13 07:51:54,532 - INFO - Scraping page 70...
2025-05-13 07:51:56,584 - INFO - Found 60 links on page 68
2025-05-13 07:51:56,584 - INFO - Scraping page 71...
2025-05-13 07:51:58,259 - INFO - Found 60 links on page 69
2025-05-13 07:51:58,259 - INFO - Scraping page 72...
2025-05-13 07:51:58,512 - INFO - Found 60 links on page 70
2025-05-13 07:51:58,512 - INFO - Scraping page 73...
2025-05-13 07:52:00,666 - INFO - Found 60 links on page 71
2025-05-13 07:52:00,666 - INFO - Scraping page 74...
2025-05-13 07:52:02,699 - INFO - Found 60 links on page 72
2025-05-13 07:52:02,704 - INFO - Scraping page 75...
2025-05-13 07:52:02,801 - INFO - Found 60 links on page 73
2025-05-13 07:52:02,801 - INFO - Scraping page 76...
2025-05-13 07:52:04,575 - INFO - Found 60 links on page 74
2025-05-13 07:52:04,575 - INFO - Scraping page 77...
2025-05-13 07:52:06,527 - INFO - Found 60 links on page 75
2025-05-13 07:52:06,527 - INFO - Scraping page 78...
2025-05-13 07:52:07,332 - INFO - Found 60 links on page 76
2025-05-13 07:52:07,333 - INFO - Scraping page 79...
2025-05-13 07:52:08,288 - INFO - Found 60 links on page 77
2025-05-13 07:52:08,288 - INFO - Scraping page 80...
2025-05-13 07:52:10,577 - INFO - Found 60 links on page 78
2025-05-13 07:52:10,577 - INFO - Scraping page 81...
2025-05-13 07:52:11,163 - INFO - Found 60 links on page 79
2025-05-13 07:52:11,164 - INFO - Scraping page 82...
2025-05-13 07:52:12,100 - INFO - Found 60 links on page 80
2025-05-13 07:52:12,100 - INFO - Scraping page 83...
2025-05-13 07:52:14,439 - INFO - Found 60 links on page 81
2025-05-13 07:52:14,439 - INFO - Scraping page 84...
2025-05-13 07:52:15,536 - INFO - Found 60 links on page 82
2025-05-13 07:52:15,536 - INFO - Scraping page 85...
2025-05-13 07:52:16,138 - INFO - Found 60 links on page 83
2025-05-13 07:52:16,138 - INFO - Scraping page 86...
2025-05-13 07:52:18,479 - INFO - Found 60 links on page 84
2025-05-13 07:52:18,480 - INFO - Scraping page 87...
2025-05-13 07:52:19,629 - INFO - Found 60 links on page 85
2025-05-13 07:52:19,629 - INFO - Scraping page 88...
2025-05-13 07:52:20,468 - INFO - Found 60 links on page 86
2025-05-13 07:52:20,468 - INFO - Scraping page 89...
2025-05-13 07:52:22,872 - INFO - Found 60 links on page 87
2025-05-13 07:52:22,872 - INFO - Scraping page 90...
2025-05-13 07:52:23,712 - INFO - Found 60 links on page 88
2025-05-13 07:52:23,713 - INFO - Scraping page 91...
2025-05-13 07:52:24,959 - INFO - Found 60 links on page 89
2025-05-13 07:52:24,960 - INFO - Scraping page 92...
2025-05-13 07:52:27,008 - INFO - Found 60 links on page 90
2025-05-13 07:52:27,008 - INFO - Scraping page 93...
2025-05-13 07:52:27,594 - INFO - Found 60 links on page 91
2025-05-13 07:52:27,594 - INFO - Scraping page 94...
2025-05-13 07:52:29,442 - INFO - Found 60 links on page 92
2025-05-13 07:52:29,442 - INFO - Scraping page 95...
2025-05-13 07:52:31,847 - INFO - Found 60 links on page 93
2025-05-13 07:52:31,847 - INFO - Scraping page 96...
2025-05-13 07:52:32,105 - INFO - Found 60 links on page 94
2025-05-13 07:52:32,105 - INFO - Scraping page 97...
2025-05-13 07:52:33,710 - INFO - Found 60 links on page 95
2025-05-13 07:52:33,710 - INFO - Scraping page 98...
2025-05-13 07:52:36,017 - INFO - Found 60 links on page 96
2025-05-13 07:52:36,017 - INFO - Scraping page 99...
2025-05-13 07:52:36,428 - INFO - Found 60 links on page 97
2025-05-13 07:52:36,428 - INFO - Scraping page 100...
2025-05-13 07:52:38,699 - INFO - Found 60 links on page 98
2025-05-13 07:52:38,699 - INFO - Scraping page 101...
2025-05-13 07:52:40,936 - INFO - Found 60 links on page 100
2025-05-13 07:52:40,936 - INFO - Scraping page 102...
2025-05-13 07:52:41,267 - INFO - Found 60 links on page 99
2025-05-13 07:52:41,267 - INFO - Scraping page 103...
2025-05-13 07:52:43,150 - INFO - Found 60 links on page 101
2025-05-13 07:52:43,150 - INFO - Scraping page 104...
2025-05-13 07:52:44,910 - INFO - Found 60 links on page 102
2025-05-13 07:52:44,910 - INFO - Scraping page 105...
2025-05-13 07:52:45,184 - INFO - Found 60 links on page 103
2025-05-13 07:52:45,185 - INFO - Scraping page 106...
2025-05-13 07:52:47,535 - INFO - Found 60 links on page 104
2025-05-13 07:52:47,535 - INFO - Scraping page 107...
2025-05-13 07:52:49,136 - INFO - Found 60 links on page 105
2025-05-13 07:52:49,136 - INFO - Scraping page 108...
2025-05-13 07:52:49,772 - INFO - Found 60 links on page 106
2025-05-13 07:52:49,773 - INFO - Scraping page 109...
2025-05-13 07:52:51,929 - INFO - Found 60 links on page 107
2025-05-13 07:52:51,929 - INFO - Scraping page 110...
2025-05-13 07:52:54,222 - INFO - Found 60 links on page 108
2025-05-13 07:52:54,222 - INFO - Scraping page 111...
2025-05-13 07:52:54,581 - INFO - Found 60 links on page 109
2025-05-13 07:52:54,581 - INFO - Scraping page 112...
2025-05-13 07:52:56,917 - INFO - Found 60 links on page 110
2025-05-13 07:52:56,917 - INFO - Scraping page 113...
2025-05-13 07:52:58,410 - INFO - Found 60 links on page 111
2025-05-13 07:52:58,410 - INFO - Scraping page 114...
2025-05-13 07:52:58,793 - INFO - Found 60 links on page 112
2025-05-13 07:52:58,793 - INFO - Scraping page 115...
2025-05-13 07:53:01,121 - INFO - Found 60 links on page 113
2025-05-13 07:53:01,121 - INFO - Scraping page 116...
2025-05-13 07:53:02,857 - INFO - Found 60 links on page 114
2025-05-13 07:53:02,857 - INFO - Scraping page 117...
2025-05-13 07:53:03,932 - INFO - Found 60 links on page 115
2025-05-13 07:53:03,932 - INFO - Scraping page 118...
2025-05-13 07:53:05,770 - INFO - Found 60 links on page 116
2025-05-13 07:53:05,770 - INFO - Scraping page 119...
2025-05-13 07:53:07,295 - INFO - Found 60 links on page 117
2025-05-13 07:53:07,295 - INFO - Scraping page 120...
2025-05-13 07:53:08,436 - INFO - Found 60 links on page 118
2025-05-13 07:53:08,436 - INFO - Scraping page 121...
2025-05-13 07:53:10,388 - INFO - Found 60 links on page 119
2025-05-13 07:53:10,388 - INFO - Scraping page 122...
2025-05-13 07:53:11,575 - INFO - Found 60 links on page 120
2025-05-13 07:53:11,575 - INFO - Scraping page 123...
2025-05-13 07:53:13,206 - INFO - Found 60 links on page 121
2025-05-13 07:53:13,207 - INFO - Scraping page 124...
2025-05-13 07:53:14,634 - INFO - Found 60 links on page 122
2025-05-13 07:53:14,635 - INFO - Scraping page 125...
2025-05-13 07:53:15,892 - INFO - Found 60 links on page 123
2025-05-13 07:53:15,893 - INFO - Scraping page 126...
2025-05-13 07:53:17,457 - INFO - Found 60 links on page 124
2025-05-13 07:53:17,457 - INFO - Scraping page 127...
2025-05-13 07:53:20,019 - INFO - Found 60 links on page 125
2025-05-13 07:53:20,019 - INFO - Scraping page 128...
2025-05-13 07:53:20,184 - INFO - Found 60 links on page 126
2025-05-13 07:53:20,184 - INFO - Scraping page 129...
2025-05-13 07:53:21,875 - INFO - Found 60 links on page 127
2025-05-13 07:53:21,876 - INFO - Scraping page 130...
2025-05-13 07:53:24,024 - INFO - Found 60 links on page 128
2025-05-13 07:53:24,025 - INFO - Scraping page 131...
2025-05-13 07:53:24,323 - INFO - Found 60 links on page 129
2025-05-13 07:53:24,323 - INFO - Scraping page 132...
2025-05-13 07:53:25,981 - INFO - Found 60 links on page 130
2025-05-13 07:53:25,981 - INFO - Scraping page 133...
2025-05-13 07:53:28,187 - INFO - Found 60 links on page 131
2025-05-13 07:53:28,187 - INFO - Scraping page 134...
2025-05-13 07:53:28,412 - INFO - Found 60 links on page 132
2025-05-13 07:53:28,413 - INFO - Scraping page 135...
2025-05-13 07:53:30,126 - INFO - Found 60 links on page 133
2025-05-13 07:53:30,126 - INFO - Scraping page 136...
2025-05-13 07:53:32,359 - INFO - Found 60 links on page 134
2025-05-13 07:53:32,360 - INFO - Scraping page 137...
2025-05-13 07:53:32,740 - INFO - Found 60 links on page 135
2025-05-13 07:53:32,741 - INFO - Scraping page 138...
2025-05-13 07:53:34,139 - INFO - Found 60 links on page 136
2025-05-13 07:53:34,139 - INFO - Scraping page 139...
2025-05-13 07:53:36,717 - INFO - Found 60 links on page 137
2025-05-13 07:53:36,717 - INFO - Scraping page 140...
2025-05-13 07:53:37,321 - INFO - Found 60 links on page 138
2025-05-13 07:53:37,321 - INFO - Scraping page 141...
2025-05-13 07:53:38,957 - INFO - Found 60 links on page 139
2025-05-13 07:53:38,957 - INFO - Scraping page 142...
2025-05-13 07:53:41,736 - INFO - Found 60 links on page 141
2025-05-13 07:53:41,742 - INFO - Scraping page 143...
2025-05-13 07:53:41,882 - INFO - Found 60 links on page 140
2025-05-13 07:53:41,882 - INFO - Scraping page 144...
2025-05-13 07:53:43,324 - INFO - Found 60 links on page 142
2025-05-13 07:53:43,324 - INFO - Scraping page 145...
2025-05-13 07:53:46,120 - INFO - Found 60 links on page 144
2025-05-13 07:53:46,120 - INFO - Scraping page 146...
2025-05-13 07:53:46,523 - INFO - Found 60 links on page 143
2025-05-13 07:53:46,523 - INFO - Scraping page 147...
2025-05-13 07:53:47,727 - INFO - Found 60 links on page 145
2025-05-13 07:53:47,727 - INFO - Scraping page 148...
2025-05-13 07:53:50,773 - INFO - Found 60 links on page 146
2025-05-13 07:53:50,773 - INFO - Scraping page 149...
2025-05-13 07:53:50,984 - INFO - Found 60 links on page 147
2025-05-13 07:53:50,984 - INFO - Scraping page 150...
2025-05-13 07:53:52,019 - INFO - Found 60 links on page 148
2025-05-13 07:53:52,019 - INFO - Scraping page 151...
2025-05-13 07:53:55,175 - INFO - Found 60 links on page 150
2025-05-13 07:53:55,180 - INFO - Scraping page 152...
2025-05-13 07:53:55,313 - INFO - Found 60 links on page 149
2025-05-13 07:53:55,313 - INFO - Scraping page 153...
2025-05-13 07:53:56,259 - INFO - Found 60 links on page 151
2025-05-13 07:53:56,259 - INFO - Scraping page 154...
2025-05-13 07:54:00,060 - INFO - Found 60 links on page 152
2025-05-13 07:54:00,061 - INFO - Scraping page 155...
2025-05-13 07:54:00,257 - INFO - Found 60 links on page 153
2025-05-13 07:54:00,257 - INFO - Scraping page 156...
2025-05-13 07:54:01,172 - INFO - Found 60 links on page 154
2025-05-13 07:54:01,172 - INFO - Scraping page 157...
2025-05-13 07:54:04,227 - INFO - Found 60 links on page 155
2025-05-13 07:54:04,227 - INFO - Scraping page 158...
2025-05-13 07:54:04,582 - INFO - Found 60 links on page 156
2025-05-13 07:54:04,582 - INFO - Scraping page 159...
2025-05-13 07:54:05,975 - INFO - Found 60 links on page 157
2025-05-13 07:54:05,975 - INFO - Scraping page 160...
2025-05-13 07:54:08,717 - INFO - Found 60 links on page 158
2025-05-13 07:54:08,718 - INFO - Scraping page 161...
2025-05-13 07:54:09,452 - INFO - Found 60 links on page 159
2025-05-13 07:54:09,452 - INFO - Scraping page 162...
2025-05-13 07:54:10,413 - INFO - Found 60 links on page 160
2025-05-13 07:54:10,413 - INFO - Scraping page 163...
2025-05-13 07:54:13,210 - INFO - Found 60 links on page 161
2025-05-13 07:54:13,210 - INFO - Scraping page 164...
2025-05-13 07:54:13,811 - INFO - Found 60 links on page 162
2025-05-13 07:54:13,811 - INFO - Scraping page 165...
2025-05-13 07:54:14,767 - INFO - Found 60 links on page 163
2025-05-13 07:54:14,767 - INFO - Scraping page 166...
2025-05-13 07:54:17,517 - INFO - Found 60 links on page 164
2025-05-13 07:54:17,517 - INFO - Scraping page 167...
2025-05-13 07:54:18,087 - INFO - Found 60 links on page 165
2025-05-13 07:54:18,087 - INFO - Scraping page 168...
2025-05-13 07:54:19,247 - INFO - Found 60 links on page 166
2025-05-13 07:54:19,248 - INFO - Scraping page 169...
2025-05-13 07:54:21,596 - INFO - Found 60 links on page 167
2025-05-13 07:54:21,596 - INFO - Scraping page 170...
2025-05-13 07:54:22,276 - INFO - Found 60 links on page 168
2025-05-13 07:54:22,276 - INFO - Scraping page 171...
2025-05-13 07:54:23,612 - INFO - Found 60 links on page 169
2025-05-13 07:54:23,612 - INFO - Scraping page 172...
2025-05-13 07:54:26,099 - INFO - Found 60 links on page 170
2025-05-13 07:54:26,099 - INFO - Scraping page 173...
2025-05-13 07:54:27,229 - INFO - Found 60 links on page 171
2025-05-13 07:54:27,230 - INFO - Scraping page 174...
2025-05-13 07:54:28,183 - INFO - Found 60 links on page 172
2025-05-13 07:54:28,184 - INFO - Scraping page 175...
2025-05-13 07:54:30,702 - INFO - Found 60 links on page 173
2025-05-13 07:54:30,702 - INFO - Scraping page 176...
2025-05-13 07:54:31,728 - INFO - Found 60 links on page 174
2025-05-13 07:54:31,728 - INFO - Scraping page 177...
2025-05-13 07:54:32,725 - INFO - Found 60 links on page 175
2025-05-13 07:54:32,726 - INFO - Scraping page 178...
2025-05-13 07:54:35,120 - INFO - Found 60 links on page 176
2025-05-13 07:54:35,120 - INFO - Scraping page 179...
2025-05-13 07:54:36,012 - INFO - Found 60 links on page 177
2025-05-13 07:54:36,012 - INFO - Scraping page 180...
2025-05-13 07:54:37,683 - INFO - Found 60 links on page 178
2025-05-13 07:54:37,683 - INFO - Scraping page 181...
2025-05-13 07:54:39,512 - INFO - Found 60 links on page 179
2025-05-13 07:54:39,512 - INFO - Scraping page 182...
2025-05-13 07:54:40,610 - INFO - Found 60 links on page 180
2025-05-13 07:54:40,610 - INFO - Scraping page 183...
2025-05-13 07:54:41,932 - INFO - Found 60 links on page 181
2025-05-13 07:54:41,932 - INFO - Scraping page 184...
2025-05-13 07:54:43,805 - INFO - Found 60 links on page 182
2025-05-13 07:54:43,805 - INFO - Scraping page 185...
2025-05-13 07:54:44,751 - INFO - Found 60 links on page 183
2025-05-13 07:54:44,751 - INFO - Scraping page 186...
2025-05-13 07:54:46,464 - INFO - Found 60 links on page 184
2025-05-13 07:54:46,464 - INFO - Scraping page 187...
2025-05-13 07:54:48,112 - INFO - Found 60 links on page 185
2025-05-13 07:54:48,112 - INFO - Scraping page 188...
2025-05-13 07:54:48,995 - INFO - Found 60 links on page 186
2025-05-13 07:54:48,996 - INFO - Scraping page 189...
2025-05-13 07:54:50,658 - INFO - Found 60 links on page 187
2025-05-13 07:54:50,658 - INFO - Scraping page 190...
2025-05-13 07:54:52,795 - INFO - Found 60 links on page 188
2025-05-13 07:54:52,795 - INFO - Scraping page 191...
2025-05-13 07:54:53,426 - INFO - Found 60 links on page 189
2025-05-13 07:54:53,426 - INFO - Scraping page 192...
2025-05-13 07:54:55,305 - INFO - Found 60 links on page 190
2025-05-13 07:54:55,305 - INFO - Scraping page 193...
2025-05-13 07:54:57,253 - INFO - Found 60 links on page 191
2025-05-13 07:54:57,253 - INFO - Scraping page 194...
2025-05-13 07:54:58,443 - INFO - Found 60 links on page 192
2025-05-13 07:54:58,443 - INFO - Scraping page 195...
2025-05-13 07:54:59,926 - INFO - Found 60 links on page 193
2025-05-13 07:54:59,927 - INFO - Scraping page 196...
2025-05-13 07:55:01,388 - INFO - Found 60 links on page 194
2025-05-13 07:55:01,388 - INFO - Scraping page 197...
2025-05-13 07:55:03,948 - INFO - Found 60 links on page 195
2025-05-13 07:55:03,949 - INFO - Scraping page 198...
2025-05-13 07:55:04,494 - INFO - Found 60 links on page 196
2025-05-13 07:55:04,495 - INFO - Scraping page 199...
2025-05-13 07:55:05,842 - INFO - Found 60 links on page 197
2025-05-13 07:55:05,842 - INFO - Scraping page 200...
2025-05-13 07:55:08,188 - INFO - Found 60 links on page 198
2025-05-13 07:55:08,419 - INFO - Found 60 links on page 199
2025-05-13 07:55:10,112 - INFO - Found 60 links on page 200
2025-05-13 07:55:10,119 - INFO - Found 51 new links to scrape out of 12000 total links
2025-05-13 07:55:10,119 - INFO - Processing batch 1/2 (50 links)
2025-05-13 07:55:16,378 - INFO - Progress: 10/50 ads processed
2025-05-13 07:55:21,912 - INFO - Progress: 20/50 ads processed
2025-05-13 07:55:27,186 - INFO - Progress: 30/50 ads processed
2025-05-13 07:55:32,474 - INFO - Progress: 40/50 ads processed
2025-05-13 07:55:37,871 - INFO - Progress: 50/50 ads processed
2025-05-13 07:55:37,913 - INFO - Created backup of existing data file at unegui_data/unegui_sales_data.csv.bak
2025-05-13 07:55:38,089 - INFO - Data saved to unegui_data/unegui_sales_data.csv: 13025 records
2025-05-13 07:55:38,556 - INFO - Cache saved with 13243 URLs
2025-05-13 07:55:38,556 - INFO - Saved batch data. Total records: 13025
2025-05-13 07:55:38,556 - INFO - Processing batch 2/2 (1 links)
2025-05-13 07:55:40,886 - INFO - Progress: 1/1 ads processed
2025-05-13 07:55:40,924 - INFO - Created backup of existing data file at unegui_data/unegui_sales_data.csv.bak
2025-05-13 07:55:41,099 - INFO - Data saved to unegui_data/unegui_sales_data.csv: 13026 records
2025-05-13 07:55:41,534 - INFO - Cache saved with 13244 URLs
2025-05-13 07:55:41,534 - INFO - Saved batch data. Total records: 13026
2025-05-13 07:55:41,534 - INFO - Scraping completed in 0:05:27.704784. Total ads collected: 13026
