2025-05-12 06:32:43,964 - INFO - Starting sales apartment scraper at 2025-05-12 06:32:43.964235
2025-05-12 06:32:44,136 - INFO - Loaded existing data from unegui_data/unegui_sales_data.csv: 11800 records
2025-05-12 06:32:44,295 - INFO - Loaded 11800 existing records
2025-05-12 06:32:44,300 - INFO - Scraping page 1...
2025-05-12 06:32:44,300 - INFO - Scraping page 2...
2025-05-12 06:32:44,301 - INFO - Scraping page 3...
2025-05-12 06:32:48,286 - INFO - Found 60 links on page 2
2025-05-12 06:32:48,296 - INFO - Scraping page 4...
2025-05-12 06:32:48,410 - INFO - Found 60 links on page 1
2025-05-12 06:32:48,410 - INFO - Scraping page 5...
2025-05-12 06:32:48,668 - INFO - Found 60 links on page 3
2025-05-12 06:32:48,668 - INFO - Scraping page 6...
2025-05-12 06:32:52,569 - INFO - Found 60 links on page 5
2025-05-12 06:32:52,575 - INFO - Scraping page 7...
2025-05-12 06:32:52,796 - INFO - Found 60 links on page 6
2025-05-12 06:32:52,802 - INFO - Scraping page 8...
2025-05-12 06:32:52,964 - INFO - Found 60 links on page 4
2025-05-12 06:32:52,964 - INFO - Scraping page 9...
2025-05-12 06:32:56,783 - INFO - Found 60 links on page 9
2025-05-12 06:32:56,784 - INFO - Scraping page 10...
2025-05-12 06:32:57,172 - INFO - Found 60 links on page 8
2025-05-12 06:32:57,178 - INFO - Scraping page 11...
2025-05-12 06:32:57,294 - INFO - Found 60 links on page 7
2025-05-12 06:32:57,294 - INFO - Scraping page 12...
2025-05-12 06:33:00,904 - INFO - Found 60 links on page 10
2025-05-12 06:33:00,904 - INFO - Scraping page 13...
2025-05-12 06:33:01,251 - INFO - Found 60 links on page 11
2025-05-12 06:33:01,252 - INFO - Scraping page 14...
2025-05-12 06:33:01,577 - INFO - Found 60 links on page 12
2025-05-12 06:33:01,577 - INFO - Scraping page 15...
2025-05-12 06:33:04,779 - INFO - Found 60 links on page 13
2025-05-12 06:33:04,780 - INFO - Scraping page 16...
2025-05-12 06:33:04,994 - INFO - Found 60 links on page 14
2025-05-12 06:33:04,994 - INFO - Scraping page 17...
2025-05-12 06:33:05,580 - INFO - Found 60 links on page 15
2025-05-12 06:33:05,581 - INFO - Scraping page 18...
2025-05-12 06:33:09,211 - INFO - Found 60 links on page 16
2025-05-12 06:33:09,211 - INFO - Scraping page 19...
2025-05-12 06:33:09,554 - INFO - Found 60 links on page 17
2025-05-12 06:33:09,554 - INFO - Scraping page 20...
2025-05-12 06:33:09,772 - INFO - Found 60 links on page 18
2025-05-12 06:33:09,772 - INFO - Scraping page 21...
2025-05-12 06:33:13,547 - INFO - Found 60 links on page 19
2025-05-12 06:33:13,548 - INFO - Scraping page 22...
2025-05-12 06:33:13,756 - INFO - Found 60 links on page 21
2025-05-12 06:33:13,756 - INFO - Scraping page 23...
2025-05-12 06:33:13,993 - INFO - Found 60 links on page 20
2025-05-12 06:33:13,993 - INFO - Scraping page 24...
2025-05-12 06:33:17,876 - INFO - Found 60 links on page 23
2025-05-12 06:33:17,881 - INFO - Scraping page 25...
2025-05-12 06:33:18,021 - INFO - Found 60 links on page 22
2025-05-12 06:33:18,021 - INFO - Scraping page 26...
2025-05-12 06:33:19,069 - INFO - Found 60 links on page 24
2025-05-12 06:33:19,069 - INFO - Scraping page 27...
2025-05-12 06:33:22,202 - INFO - Found 60 links on page 26
2025-05-12 06:33:22,207 - INFO - Scraping page 28...
2025-05-12 06:33:22,378 - INFO - Found 60 links on page 25
2025-05-12 06:33:22,378 - INFO - Scraping page 29...
2025-05-12 06:33:23,219 - INFO - Found 60 links on page 27
2025-05-12 06:33:23,220 - INFO - Scraping page 30...
2025-05-12 06:33:26,299 - INFO - Found 60 links on page 28
2025-05-12 06:33:26,299 - INFO - Scraping page 31...
2025-05-12 06:33:26,709 - INFO - Found 60 links on page 29
2025-05-12 06:33:26,709 - INFO - Scraping page 32...
2025-05-12 06:33:27,025 - INFO - Found 60 links on page 30
2025-05-12 06:33:27,025 - INFO - Scraping page 33...
2025-05-12 06:33:30,174 - INFO - Found 60 links on page 31
2025-05-12 06:33:30,174 - INFO - Scraping page 34...
2025-05-12 06:33:31,174 - INFO - Found 60 links on page 33
2025-05-12 06:33:31,179 - INFO - Scraping page 35...
2025-05-12 06:33:31,280 - INFO - Found 60 links on page 32
2025-05-12 06:33:31,281 - INFO - Scraping page 36...
2025-05-12 06:33:34,258 - INFO - Found 60 links on page 34
2025-05-12 06:33:34,258 - INFO - Scraping page 37...
2025-05-12 06:33:35,179 - INFO - Found 60 links on page 35
2025-05-12 06:33:35,179 - INFO - Scraping page 38...
2025-05-12 06:33:35,914 - INFO - Found 60 links on page 36
2025-05-12 06:33:35,915 - INFO - Scraping page 39...
2025-05-12 06:33:38,338 - INFO - Found 60 links on page 37
2025-05-12 06:33:38,338 - INFO - Scraping page 40...
2025-05-12 06:33:39,422 - INFO - Found 60 links on page 38
2025-05-12 06:33:39,422 - INFO - Scraping page 41...
2025-05-12 06:33:39,967 - INFO - Found 60 links on page 39
2025-05-12 06:33:39,967 - INFO - Scraping page 42...
2025-05-12 06:33:42,434 - INFO - Found 60 links on page 40
2025-05-12 06:33:42,434 - INFO - Scraping page 43...
2025-05-12 06:33:43,634 - INFO - Found 60 links on page 41
2025-05-12 06:33:43,635 - INFO - Scraping page 44...
2025-05-12 06:33:44,210 - INFO - Found 60 links on page 42
2025-05-12 06:33:44,210 - INFO - Scraping page 45...
2025-05-12 06:33:46,861 - INFO - Found 60 links on page 43
2025-05-12 06:33:46,861 - INFO - Scraping page 46...
2025-05-12 06:33:47,697 - INFO - Found 60 links on page 44
2025-05-12 06:33:47,697 - INFO - Scraping page 47...
2025-05-12 06:33:48,130 - INFO - Found 60 links on page 45
2025-05-12 06:33:48,131 - INFO - Scraping page 48...
2025-05-12 06:33:51,292 - INFO - Found 60 links on page 46
2025-05-12 06:33:51,292 - INFO - Scraping page 49...
2025-05-12 06:33:52,821 - INFO - Found 60 links on page 47
2025-05-12 06:33:52,821 - INFO - Scraping page 50...
2025-05-12 06:33:53,287 - INFO - Found 60 links on page 48
2025-05-12 06:33:53,288 - INFO - Scraping page 51...
2025-05-12 06:33:56,083 - INFO - Found 60 links on page 49
2025-05-12 06:33:56,083 - INFO - Scraping page 52...
2025-05-12 06:33:56,879 - INFO - Found 60 links on page 50
2025-05-12 06:33:56,879 - INFO - Scraping page 53...
2025-05-12 06:33:58,142 - INFO - Found 60 links on page 51
2025-05-12 06:33:58,142 - INFO - Scraping page 54...
2025-05-12 06:34:00,664 - INFO - Found 60 links on page 52
2025-05-12 06:34:00,664 - INFO - Scraping page 55...
2025-05-12 06:34:01,298 - INFO - Found 60 links on page 53
2025-05-12 06:34:01,299 - INFO - Scraping page 56...
2025-05-12 06:34:02,227 - INFO - Found 60 links on page 54
2025-05-12 06:34:02,227 - INFO - Scraping page 57...
2025-05-12 06:34:04,729 - INFO - Found 60 links on page 55
2025-05-12 06:34:04,729 - INFO - Scraping page 58...
2025-05-12 06:34:05,425 - INFO - Found 60 links on page 56
2025-05-12 06:34:05,426 - INFO - Scraping page 59...
2025-05-12 06:34:07,162 - INFO - Found 60 links on page 57
2025-05-12 06:34:07,162 - INFO - Scraping page 60...
2025-05-12 06:34:09,270 - INFO - Found 60 links on page 58
2025-05-12 06:34:09,270 - INFO - Scraping page 61...
2025-05-12 06:34:10,030 - INFO - Found 60 links on page 59
2025-05-12 06:34:10,030 - INFO - Scraping page 62...
2025-05-12 06:34:12,077 - INFO - Found 60 links on page 60
2025-05-12 06:34:12,077 - INFO - Scraping page 63...
2025-05-12 06:34:13,664 - INFO - Found 60 links on page 61
2025-05-12 06:34:13,664 - INFO - Scraping page 64...
2025-05-12 06:34:14,605 - INFO - Found 60 links on page 62
2025-05-12 06:34:14,605 - INFO - Scraping page 65...
2025-05-12 06:34:16,300 - INFO - Found 60 links on page 63
2025-05-12 06:34:16,300 - INFO - Scraping page 66...
2025-05-12 06:34:17,829 - INFO - Found 60 links on page 64
2025-05-12 06:34:17,829 - INFO - Scraping page 67...
2025-05-12 06:34:18,841 - INFO - Found 60 links on page 65
2025-05-12 06:34:18,842 - INFO - Scraping page 68...
2025-05-12 06:34:20,719 - INFO - Found 60 links on page 66
2025-05-12 06:34:20,719 - INFO - Scraping page 69...
2025-05-12 06:34:22,110 - INFO - Found 60 links on page 67
2025-05-12 06:34:22,111 - INFO - Scraping page 70...
2025-05-12 06:34:23,802 - INFO - Found 60 links on page 68
2025-05-12 06:34:23,802 - INFO - Scraping page 71...
2025-05-12 06:34:24,933 - INFO - Found 60 links on page 69
2025-05-12 06:34:24,933 - INFO - Scraping page 72...
2025-05-12 06:34:26,496 - INFO - Found 60 links on page 70
2025-05-12 06:34:26,496 - INFO - Scraping page 73...
2025-05-12 06:34:28,055 - INFO - Found 60 links on page 71
2025-05-12 06:34:28,055 - INFO - Scraping page 74...
2025-05-12 06:34:28,982 - INFO - Found 60 links on page 72
2025-05-12 06:34:28,982 - INFO - Scraping page 75...
2025-05-12 06:34:30,986 - INFO - Found 60 links on page 73
2025-05-12 06:34:30,986 - INFO - Scraping page 76...
2025-05-12 06:34:32,376 - INFO - Found 60 links on page 74
2025-05-12 06:34:32,376 - INFO - Scraping page 77...
2025-05-12 06:34:33,301 - INFO - Found 60 links on page 75
2025-05-12 06:34:33,301 - INFO - Scraping page 78...
2025-05-12 06:34:35,089 - INFO - Found 60 links on page 76
2025-05-12 06:34:35,089 - INFO - Scraping page 79...
2025-05-12 06:34:36,725 - INFO - Found 60 links on page 77
2025-05-12 06:34:36,725 - INFO - Scraping page 80...
2025-05-12 06:34:37,749 - INFO - Found 60 links on page 78
2025-05-12 06:34:37,749 - INFO - Scraping page 81...
2025-05-12 06:34:39,248 - INFO - Found 60 links on page 79
2025-05-12 06:34:39,248 - INFO - Scraping page 82...
2025-05-12 06:34:41,122 - INFO - Found 60 links on page 80
2025-05-12 06:34:41,123 - INFO - Scraping page 83...
2025-05-12 06:34:41,819 - INFO - Found 60 links on page 81
2025-05-12 06:34:41,819 - INFO - Scraping page 84...
2025-05-12 06:34:43,581 - INFO - Found 60 links on page 82
2025-05-12 06:34:43,582 - INFO - Scraping page 85...
2025-05-12 06:34:45,395 - INFO - Found 60 links on page 83
2025-05-12 06:34:45,395 - INFO - Scraping page 86...
2025-05-12 06:34:46,586 - INFO - Found 60 links on page 84
2025-05-12 06:34:46,586 - INFO - Scraping page 87...
2025-05-12 06:34:47,842 - INFO - Found 60 links on page 85
2025-05-12 06:34:47,843 - INFO - Scraping page 88...
2025-05-12 06:34:49,679 - INFO - Found 60 links on page 86
2025-05-12 06:34:49,680 - INFO - Scraping page 89...
2025-05-12 06:34:51,024 - INFO - Found 60 links on page 87
2025-05-12 06:34:51,025 - INFO - Scraping page 90...
2025-05-12 06:34:52,040 - INFO - Found 60 links on page 88
2025-05-12 06:34:52,040 - INFO - Scraping page 91...
2025-05-12 06:34:54,024 - INFO - Found 60 links on page 89
2025-05-12 06:34:54,024 - INFO - Scraping page 92...
2025-05-12 06:34:54,868 - INFO - Found 60 links on page 90
2025-05-12 06:34:54,868 - INFO - Scraping page 93...
2025-05-12 06:34:56,557 - INFO - Found 60 links on page 91
2025-05-12 06:34:56,557 - INFO - Scraping page 94...
2025-05-12 06:34:58,301 - INFO - Found 60 links on page 92
2025-05-12 06:34:58,302 - INFO - Scraping page 95...
2025-05-12 06:34:58,811 - INFO - Found 60 links on page 93
2025-05-12 06:34:58,811 - INFO - Scraping page 96...
2025-05-12 06:35:00,867 - INFO - Found 60 links on page 94
2025-05-12 06:35:00,867 - INFO - Scraping page 97...
2025-05-12 06:35:02,545 - INFO - Found 60 links on page 95
2025-05-12 06:35:02,545 - INFO - Scraping page 98...
2025-05-12 06:35:02,976 - INFO - Found 60 links on page 96
2025-05-12 06:35:02,976 - INFO - Scraping page 99...
2025-05-12 06:35:05,045 - INFO - Found 60 links on page 97
2025-05-12 06:35:05,046 - INFO - Scraping page 100...
2025-05-12 06:35:06,881 - INFO - Found 60 links on page 98
2025-05-12 06:35:06,892 - INFO - Scraping page 101...
2025-05-12 06:35:07,146 - INFO - Found 60 links on page 99
2025-05-12 06:35:07,146 - INFO - Scraping page 102...
2025-05-12 06:35:09,662 - INFO - Found 60 links on page 100
2025-05-12 06:35:09,662 - INFO - Scraping page 103...
2025-05-12 06:35:11,062 - INFO - Found 60 links on page 101
2025-05-12 06:35:11,062 - INFO - Scraping page 104...
2025-05-12 06:35:11,765 - INFO - Found 60 links on page 102
2025-05-12 06:35:11,765 - INFO - Scraping page 105...
2025-05-12 06:35:13,567 - INFO - Found 60 links on page 103
2025-05-12 06:35:13,567 - INFO - Scraping page 106...
2025-05-12 06:35:15,594 - INFO - Found 60 links on page 104
2025-05-12 06:35:15,594 - INFO - Scraping page 107...
2025-05-12 06:35:15,851 - INFO - Found 60 links on page 105
2025-05-12 06:35:15,851 - INFO - Scraping page 108...
2025-05-12 06:35:17,467 - INFO - Found 60 links on page 106
2025-05-12 06:35:17,467 - INFO - Scraping page 109...
2025-05-12 06:35:20,173 - INFO - Found 60 links on page 108
2025-05-12 06:35:20,174 - INFO - Scraping page 110...
2025-05-12 06:35:20,435 - INFO - Found 60 links on page 107
2025-05-12 06:35:20,435 - INFO - Scraping page 111...
2025-05-12 06:35:21,897 - INFO - Found 60 links on page 109
2025-05-12 06:35:21,898 - INFO - Scraping page 112...
2025-05-12 06:35:24,550 - INFO - Found 60 links on page 110
2025-05-12 06:35:24,550 - INFO - Scraping page 113...
2025-05-12 06:35:25,439 - INFO - Found 60 links on page 111
2025-05-12 06:35:25,440 - INFO - Scraping page 114...
2025-05-12 06:35:26,214 - INFO - Found 60 links on page 112
2025-05-12 06:35:26,215 - INFO - Scraping page 115...
2025-05-12 06:35:29,160 - INFO - Found 60 links on page 113
2025-05-12 06:35:29,161 - INFO - Scraping page 116...
2025-05-12 06:35:29,867 - INFO - Found 60 links on page 114
2025-05-12 06:35:29,868 - INFO - Scraping page 117...
2025-05-12 06:35:31,362 - INFO - Found 60 links on page 115
2025-05-12 06:35:31,362 - INFO - Scraping page 118...
2025-05-12 06:35:33,954 - INFO - Found 60 links on page 116
2025-05-12 06:35:33,954 - INFO - Scraping page 119...
2025-05-12 06:35:34,189 - INFO - Found 60 links on page 117
2025-05-12 06:35:34,189 - INFO - Scraping page 120...
2025-05-12 06:35:35,903 - INFO - Found 60 links on page 118
2025-05-12 06:35:35,903 - INFO - Scraping page 121...
2025-05-12 06:35:38,392 - INFO - Found 60 links on page 119
2025-05-12 06:35:38,398 - INFO - Scraping page 122...
2025-05-12 06:35:38,551 - INFO - Found 60 links on page 120
2025-05-12 06:35:38,551 - INFO - Scraping page 123...
2025-05-12 06:35:40,034 - INFO - Found 60 links on page 121
2025-05-12 06:35:40,034 - INFO - Scraping page 124...
2025-05-12 06:35:42,579 - INFO - Found 60 links on page 122
2025-05-12 06:35:42,579 - INFO - Scraping page 125...
2025-05-12 06:35:42,904 - INFO - Found 60 links on page 123
2025-05-12 06:35:42,904 - INFO - Scraping page 126...
2025-05-12 06:35:44,347 - INFO - Found 60 links on page 124
2025-05-12 06:35:44,347 - INFO - Scraping page 127...
2025-05-12 06:35:47,249 - INFO - Found 60 links on page 126
2025-05-12 06:35:47,250 - INFO - Scraping page 128...
2025-05-12 06:35:47,821 - INFO - Found 60 links on page 125
2025-05-12 06:35:47,821 - INFO - Scraping page 129...
2025-05-12 06:35:48,872 - INFO - Found 60 links on page 127
2025-05-12 06:35:48,872 - INFO - Scraping page 130...
2025-05-12 06:35:51,688 - INFO - Found 60 links on page 128
2025-05-12 06:35:51,688 - INFO - Scraping page 131...
2025-05-12 06:35:52,084 - INFO - Found 60 links on page 129
2025-05-12 06:35:52,085 - INFO - Scraping page 132...
2025-05-12 06:35:53,685 - INFO - Found 60 links on page 130
2025-05-12 06:35:53,685 - INFO - Scraping page 133...
2025-05-12 06:35:56,001 - INFO - Found 60 links on page 131
2025-05-12 06:35:56,001 - INFO - Scraping page 134...
2025-05-12 06:35:56,550 - INFO - Found 60 links on page 132
2025-05-12 06:35:56,550 - INFO - Scraping page 135...
2025-05-12 06:35:57,822 - INFO - Found 60 links on page 133
2025-05-12 06:35:57,822 - INFO - Scraping page 136...
2025-05-12 06:36:00,160 - INFO - Found 60 links on page 134
2025-05-12 06:36:00,161 - INFO - Scraping page 137...
2025-05-12 06:36:00,711 - INFO - Found 60 links on page 135
2025-05-12 06:36:00,712 - INFO - Scraping page 138...
2025-05-12 06:36:02,232 - INFO - Found 60 links on page 136
2025-05-12 06:36:02,233 - INFO - Scraping page 139...
2025-05-12 06:36:04,934 - INFO - Found 60 links on page 137
2025-05-12 06:36:04,944 - INFO - Scraping page 140...
2025-05-12 06:36:05,015 - INFO - Found 60 links on page 138
2025-05-12 06:36:05,016 - INFO - Scraping page 141...
2025-05-12 06:36:06,496 - INFO - Found 60 links on page 139
2025-05-12 06:36:06,496 - INFO - Scraping page 142...
2025-05-12 06:36:09,283 - INFO - Found 60 links on page 140
2025-05-12 06:36:09,284 - INFO - Scraping page 143...
2025-05-12 06:36:09,769 - INFO - Found 60 links on page 141
2025-05-12 06:36:09,770 - INFO - Scraping page 144...
2025-05-12 06:36:10,981 - INFO - Found 60 links on page 142
2025-05-12 06:36:10,981 - INFO - Scraping page 145...
2025-05-12 06:36:13,345 - INFO - Found 60 links on page 143
2025-05-12 06:36:13,345 - INFO - Scraping page 146...
2025-05-12 06:36:14,919 - INFO - Found 60 links on page 144
2025-05-12 06:36:14,919 - INFO - Scraping page 147...
2025-05-12 06:36:15,553 - INFO - Found 60 links on page 145
2025-05-12 06:36:15,553 - INFO - Scraping page 148...
2025-05-12 06:36:17,305 - INFO - Found 60 links on page 146
2025-05-12 06:36:17,306 - INFO - Scraping page 149...
2025-05-12 06:36:18,971 - INFO - Found 60 links on page 147
2025-05-12 06:36:18,971 - INFO - Scraping page 150...
2025-05-12 06:36:19,560 - INFO - Found 60 links on page 148
2025-05-12 06:36:19,560 - INFO - Scraping page 151...
2025-05-12 06:36:21,548 - INFO - Found 60 links on page 149
2025-05-12 06:36:21,548 - INFO - Scraping page 152...
2025-05-12 06:36:23,217 - INFO - Found 60 links on page 150
2025-05-12 06:36:23,218 - INFO - Scraping page 153...
2025-05-12 06:36:24,035 - INFO - Found 60 links on page 151
2025-05-12 06:36:24,035 - INFO - Scraping page 154...
2025-05-12 06:36:25,925 - INFO - Found 60 links on page 152
2025-05-12 06:36:25,925 - INFO - Scraping page 155...
2025-05-12 06:36:28,406 - INFO - Found 60 links on page 154
2025-05-12 06:36:28,416 - INFO - Scraping page 156...
2025-05-12 06:36:28,430 - INFO - Found 60 links on page 153
2025-05-12 06:36:28,430 - INFO - Scraping page 157...
2025-05-12 06:36:30,189 - INFO - Found 60 links on page 155
2025-05-12 06:36:30,189 - INFO - Scraping page 158...
2025-05-12 06:36:33,088 - INFO - Found 60 links on page 157
2025-05-12 06:36:33,099 - INFO - Scraping page 159...
2025-05-12 06:36:33,133 - INFO - Found 60 links on page 156
2025-05-12 06:36:33,133 - INFO - Scraping page 160...
2025-05-12 06:36:34,181 - INFO - Found 60 links on page 158
2025-05-12 06:36:34,181 - INFO - Scraping page 161...
2025-05-12 06:36:37,306 - INFO - Found 60 links on page 159
2025-05-12 06:36:37,306 - INFO - Scraping page 162...
2025-05-12 06:36:37,515 - INFO - Found 60 links on page 160
2025-05-12 06:36:37,515 - INFO - Scraping page 163...
2025-05-12 06:36:38,551 - INFO - Found 60 links on page 161
2025-05-12 06:36:38,551 - INFO - Scraping page 164...
2025-05-12 06:36:41,468 - INFO - Found 60 links on page 162
2025-05-12 06:36:41,469 - INFO - Scraping page 165...
2025-05-12 06:36:42,686 - INFO - Found 60 links on page 163
2025-05-12 06:36:42,691 - INFO - Scraping page 166...
2025-05-12 06:36:42,850 - INFO - Found 60 links on page 164
2025-05-12 06:36:42,850 - INFO - Scraping page 167...
2025-05-12 06:36:45,432 - INFO - Found 60 links on page 165
2025-05-12 06:36:45,432 - INFO - Scraping page 168...
2025-05-12 06:36:46,778 - INFO - Found 60 links on page 167
2025-05-12 06:36:46,779 - INFO - Scraping page 169...
2025-05-12 06:36:47,839 - INFO - Found 60 links on page 166
2025-05-12 06:36:47,839 - INFO - Scraping page 170...
2025-05-12 06:36:49,628 - INFO - Found 60 links on page 168
2025-05-12 06:36:49,628 - INFO - Scraping page 171...
2025-05-12 06:36:50,955 - INFO - Found 60 links on page 169
2025-05-12 06:36:50,956 - INFO - Scraping page 172...
2025-05-12 06:36:52,155 - INFO - Found 60 links on page 170
2025-05-12 06:36:52,155 - INFO - Scraping page 173...
2025-05-12 06:36:53,890 - INFO - Found 60 links on page 171
2025-05-12 06:36:53,890 - INFO - Scraping page 174...
2025-05-12 06:36:55,280 - INFO - Found 60 links on page 172
2025-05-12 06:36:55,280 - INFO - Scraping page 175...
2025-05-12 06:36:56,106 - INFO - Found 60 links on page 173
2025-05-12 06:36:56,106 - INFO - Scraping page 176...
2025-05-12 06:36:58,311 - INFO - Found 60 links on page 174
2025-05-12 06:36:58,311 - INFO - Scraping page 177...
2025-05-12 06:36:59,957 - INFO - Found 60 links on page 175
2025-05-12 06:36:59,958 - INFO - Scraping page 178...
2025-05-12 06:37:00,230 - INFO - Found 60 links on page 176
2025-05-12 06:37:00,231 - INFO - Scraping page 179...
2025-05-12 06:37:02,480 - INFO - Found 60 links on page 177
2025-05-12 06:37:02,480 - INFO - Scraping page 180...
2025-05-12 06:37:04,507 - INFO - Found 60 links on page 178
2025-05-12 06:37:04,517 - INFO - Scraping page 181...
2025-05-12 06:37:04,678 - INFO - Found 60 links on page 179
2025-05-12 06:37:04,678 - INFO - Scraping page 182...
2025-05-12 06:37:07,017 - INFO - Found 60 links on page 180
2025-05-12 06:37:07,018 - INFO - Scraping page 183...
2025-05-12 06:37:09,319 - INFO - Found 60 links on page 182
2025-05-12 06:37:09,319 - INFO - Scraping page 184...
2025-05-12 06:37:09,972 - INFO - Found 60 links on page 181
2025-05-12 06:37:09,973 - INFO - Scraping page 185...
2025-05-12 06:37:11,140 - INFO - Found 60 links on page 183
2025-05-12 06:37:11,140 - INFO - Scraping page 186...
2025-05-12 06:37:13,613 - INFO - Found 60 links on page 184
2025-05-12 06:37:13,613 - INFO - Scraping page 187...
2025-05-12 06:37:14,152 - INFO - Found 60 links on page 185
2025-05-12 06:37:14,152 - INFO - Scraping page 188...
2025-05-12 06:37:15,417 - INFO - Found 60 links on page 186
2025-05-12 06:37:15,417 - INFO - Scraping page 189...
2025-05-12 06:37:18,592 - INFO - Found 60 links on page 188
2025-05-12 06:37:18,592 - INFO - Scraping page 190...
2025-05-12 06:37:19,222 - INFO - Found 60 links on page 187
2025-05-12 06:37:19,222 - INFO - Scraping page 191...
2025-05-12 06:37:19,904 - INFO - Found 60 links on page 189
2025-05-12 06:37:19,904 - INFO - Scraping page 192...
2025-05-12 06:37:23,210 - INFO - Found 60 links on page 190
2025-05-12 06:37:23,215 - INFO - Scraping page 193...
2025-05-12 06:37:23,392 - INFO - Found 60 links on page 191
2025-05-12 06:37:23,392 - INFO - Scraping page 194...
2025-05-12 06:37:24,022 - INFO - Found 60 links on page 192
2025-05-12 06:37:24,022 - INFO - Scraping page 195...
2025-05-12 06:37:27,406 - INFO - Found 60 links on page 193
2025-05-12 06:37:27,406 - INFO - Scraping page 196...
2025-05-12 06:37:27,806 - INFO - Found 60 links on page 194
2025-05-12 06:37:27,806 - INFO - Scraping page 197...
2025-05-12 06:37:28,148 - INFO - Found 60 links on page 195
2025-05-12 06:37:28,149 - INFO - Scraping page 198...
2025-05-12 06:37:31,337 - INFO - Found 60 links on page 196
2025-05-12 06:37:31,337 - INFO - Scraping page 199...
2025-05-12 06:37:31,919 - INFO - Found 60 links on page 197
2025-05-12 06:37:31,919 - INFO - Scraping page 200...
2025-05-12 06:37:32,234 - INFO - Found 60 links on page 198
2025-05-12 06:37:35,798 - INFO - Found 60 links on page 199
2025-05-12 06:37:36,346 - INFO - Found 60 links on page 200
2025-05-12 06:37:36,352 - INFO - Found 577 new links to scrape out of 12000 total links
2025-05-12 06:37:36,353 - INFO - Processing batch 1/12 (50 links)
2025-05-12 06:37:42,231 - INFO - Progress: 10/50 ads processed
2025-05-12 06:37:47,237 - INFO - Progress: 20/50 ads processed
2025-05-12 06:37:52,605 - INFO - Progress: 30/50 ads processed
2025-05-12 06:37:57,843 - INFO - Progress: 40/50 ads processed
2025-05-12 06:38:03,003 - INFO - Progress: 50/50 ads processed
2025-05-12 06:38:03,044 - INFO - Created backup of existing data file at unegui_data/unegui_sales_data.csv.bak
2025-05-12 06:38:03,206 - INFO - Data saved to unegui_data/unegui_sales_data.csv: 11850 records
2025-05-12 06:38:03,602 - INFO - Cache saved with 12047 URLs
2025-05-12 06:38:03,602 - INFO - Saved batch data. Total records: 11850
2025-05-12 06:38:03,602 - INFO - Processing batch 2/12 (50 links)
2025-05-12 06:38:09,560 - INFO - Progress: 10/50 ads processed
2025-05-12 06:38:14,740 - INFO - Progress: 20/50 ads processed
2025-05-12 06:38:20,175 - INFO - Progress: 30/50 ads processed
2025-05-12 06:38:26,335 - INFO - Progress: 40/50 ads processed
2025-05-12 06:38:31,357 - INFO - Progress: 50/50 ads processed
2025-05-12 06:38:31,396 - INFO - Created backup of existing data file at unegui_data/unegui_sales_data.csv.bak
2025-05-12 06:38:31,559 - INFO - Data saved to unegui_data/unegui_sales_data.csv: 11900 records
2025-05-12 06:38:31,961 - INFO - Cache saved with 12097 URLs
2025-05-12 06:38:31,961 - INFO - Saved batch data. Total records: 11900
2025-05-12 06:38:31,961 - INFO - Processing batch 3/12 (50 links)
2025-05-12 06:38:37,288 - INFO - Progress: 10/50 ads processed
2025-05-12 06:38:42,740 - INFO - Progress: 20/50 ads processed
2025-05-12 06:38:48,227 - INFO - Progress: 30/50 ads processed
2025-05-12 06:38:53,643 - INFO - Progress: 40/50 ads processed
2025-05-12 06:38:59,123 - INFO - Progress: 50/50 ads processed
2025-05-12 06:38:59,162 - INFO - Created backup of existing data file at unegui_data/unegui_sales_data.csv.bak
2025-05-12 06:38:59,327 - INFO - Data saved to unegui_data/unegui_sales_data.csv: 11950 records
2025-05-12 06:38:59,729 - INFO - Cache saved with 12147 URLs
2025-05-12 06:38:59,729 - INFO - Saved batch data. Total records: 11950
2025-05-12 06:38:59,729 - INFO - Processing batch 4/12 (50 links)
2025-05-12 06:39:05,510 - INFO - Progress: 10/50 ads processed
2025-05-12 06:39:10,812 - INFO - Progress: 20/50 ads processed
2025-05-12 06:39:16,031 - INFO - Progress: 30/50 ads processed
2025-05-12 06:39:21,241 - INFO - Progress: 40/50 ads processed
2025-05-12 06:39:27,225 - INFO - Progress: 50/50 ads processed
2025-05-12 06:39:27,266 - INFO - Created backup of existing data file at unegui_data/unegui_sales_data.csv.bak
2025-05-12 06:39:27,433 - INFO - Data saved to unegui_data/unegui_sales_data.csv: 11998 records
2025-05-12 06:39:27,840 - INFO - Cache saved with 12197 URLs
2025-05-12 06:39:27,840 - INFO - Saved batch data. Total records: 11998
2025-05-12 06:39:27,840 - INFO - Processing batch 5/12 (50 links)
2025-05-12 06:39:33,772 - INFO - Progress: 10/50 ads processed
2025-05-12 06:39:39,256 - INFO - Progress: 20/50 ads processed
2025-05-12 06:39:44,231 - INFO - Progress: 30/50 ads processed
2025-05-12 06:39:49,459 - INFO - Progress: 40/50 ads processed
2025-05-12 06:39:54,931 - INFO - Progress: 50/50 ads processed
2025-05-12 06:39:54,969 - INFO - Created backup of existing data file at unegui_data/unegui_sales_data.csv.bak
2025-05-12 06:39:55,136 - INFO - Data saved to unegui_data/unegui_sales_data.csv: 12047 records
2025-05-12 06:39:55,536 - INFO - Cache saved with 12247 URLs
2025-05-12 06:39:55,536 - INFO - Saved batch data. Total records: 12047
2025-05-12 06:39:55,536 - INFO - Processing batch 6/12 (50 links)
2025-05-12 06:40:01,444 - INFO - Progress: 10/50 ads processed
2025-05-12 06:40:06,672 - INFO - Progress: 20/50 ads processed
2025-05-12 06:40:12,003 - INFO - Progress: 30/50 ads processed
2025-05-12 06:40:17,169 - INFO - Progress: 40/50 ads processed
2025-05-12 06:40:22,191 - INFO - Progress: 50/50 ads processed
2025-05-12 06:40:22,229 - INFO - Created backup of existing data file at unegui_data/unegui_sales_data.csv.bak
2025-05-12 06:40:22,394 - INFO - Data saved to unegui_data/unegui_sales_data.csv: 12096 records
2025-05-12 06:40:22,800 - INFO - Cache saved with 12297 URLs
2025-05-12 06:40:22,800 - INFO - Saved batch data. Total records: 12096
2025-05-12 06:40:22,800 - INFO - Processing batch 7/12 (50 links)
2025-05-12 06:40:28,178 - INFO - Progress: 10/50 ads processed
2025-05-12 06:40:33,601 - INFO - Progress: 20/50 ads processed
2025-05-12 06:40:38,838 - INFO - Progress: 30/50 ads processed
2025-05-12 06:40:44,222 - INFO - Progress: 40/50 ads processed
2025-05-12 06:40:50,220 - INFO - Progress: 50/50 ads processed
2025-05-12 06:40:50,260 - INFO - Created backup of existing data file at unegui_data/unegui_sales_data.csv.bak
2025-05-12 06:40:50,431 - INFO - Data saved to unegui_data/unegui_sales_data.csv: 12146 records
2025-05-12 06:40:50,839 - INFO - Cache saved with 12347 URLs
2025-05-12 06:40:50,839 - INFO - Saved batch data. Total records: 12146
2025-05-12 06:40:50,839 - INFO - Processing batch 8/12 (50 links)
2025-05-12 06:40:56,317 - INFO - Progress: 10/50 ads processed
2025-05-12 06:41:02,179 - INFO - Progress: 20/50 ads processed
2025-05-12 06:41:07,169 - INFO - Progress: 30/50 ads processed
2025-05-12 06:41:12,331 - INFO - Progress: 40/50 ads processed
2025-05-12 06:41:17,624 - INFO - Progress: 50/50 ads processed
2025-05-12 06:41:17,663 - INFO - Created backup of existing data file at unegui_data/unegui_sales_data.csv.bak
2025-05-12 06:41:17,831 - INFO - Data saved to unegui_data/unegui_sales_data.csv: 12196 records
2025-05-12 06:41:18,243 - INFO - Cache saved with 12397 URLs
2025-05-12 06:41:18,243 - INFO - Saved batch data. Total records: 12196
2025-05-12 06:41:18,243 - INFO - Processing batch 9/12 (50 links)
2025-05-12 06:41:23,734 - INFO - Progress: 10/50 ads processed
2025-05-12 06:41:28,989 - INFO - Progress: 20/50 ads processed
2025-05-12 06:41:34,343 - INFO - Progress: 30/50 ads processed
2025-05-12 06:41:39,605 - INFO - Progress: 40/50 ads processed
2025-05-12 06:41:45,088 - INFO - Progress: 50/50 ads processed
2025-05-12 06:41:45,127 - INFO - Created backup of existing data file at unegui_data/unegui_sales_data.csv.bak
2025-05-12 06:41:45,297 - INFO - Data saved to unegui_data/unegui_sales_data.csv: 12245 records
2025-05-12 06:41:45,706 - INFO - Cache saved with 12447 URLs
2025-05-12 06:41:45,706 - INFO - Saved batch data. Total records: 12245
2025-05-12 06:41:45,706 - INFO - Processing batch 10/12 (50 links)
2025-05-12 06:41:51,016 - INFO - Progress: 10/50 ads processed
2025-05-12 06:41:56,297 - INFO - Progress: 20/50 ads processed
2025-05-12 06:42:01,961 - INFO - Progress: 30/50 ads processed
2025-05-12 06:42:07,929 - INFO - Progress: 40/50 ads processed
2025-05-12 06:42:13,427 - INFO - Progress: 50/50 ads processed
2025-05-12 06:42:13,468 - INFO - Created backup of existing data file at unegui_data/unegui_sales_data.csv.bak
2025-05-12 06:42:13,637 - INFO - Data saved to unegui_data/unegui_sales_data.csv: 12292 records
2025-05-12 06:42:14,049 - INFO - Cache saved with 12497 URLs
2025-05-12 06:42:14,049 - INFO - Saved batch data. Total records: 12292
2025-05-12 06:42:14,049 - INFO - Processing batch 11/12 (50 links)
2025-05-12 06:42:19,073 - INFO - Progress: 10/50 ads processed
2025-05-12 06:42:24,457 - INFO - Progress: 20/50 ads processed
2025-05-12 06:42:29,554 - INFO - Progress: 30/50 ads processed
2025-05-12 06:42:34,688 - INFO - Progress: 40/50 ads processed
2025-05-12 06:42:40,869 - INFO - Progress: 50/50 ads processed
2025-05-12 06:42:40,908 - INFO - Created backup of existing data file at unegui_data/unegui_sales_data.csv.bak
2025-05-12 06:42:41,079 - INFO - Data saved to unegui_data/unegui_sales_data.csv: 12342 records
2025-05-12 06:42:41,503 - INFO - Cache saved with 12547 URLs
2025-05-12 06:42:41,503 - INFO - Saved batch data. Total records: 12342
2025-05-12 06:42:41,503 - INFO - Processing batch 12/12 (27 links)
2025-05-12 06:42:47,578 - INFO - Progress: 10/27 ads processed
2025-05-12 06:42:53,453 - INFO - Progress: 20/27 ads processed
2025-05-12 06:42:58,100 - INFO - Progress: 27/27 ads processed
2025-05-12 06:42:58,140 - INFO - Created backup of existing data file at unegui_data/unegui_sales_data.csv.bak
2025-05-12 06:42:58,311 - INFO - Data saved to unegui_data/unegui_sales_data.csv: 12368 records
2025-05-12 06:42:58,726 - INFO - Cache saved with 12574 URLs
2025-05-12 06:42:58,726 - INFO - Saved batch data. Total records: 12368
2025-05-12 06:42:58,726 - INFO - Scraping completed in 0:10:14.762124. Total ads collected: 12368
