2025-05-28 06:36:26,178 - INFO - Starting sales apartment scraper at 2025-05-28 06:36:26.178429
2025-05-28 06:36:26,439 - INFO - Loaded existing data from unegui_data/unegui_sales_data.csv: 18147 records
2025-05-28 06:36:26,651 - INFO - Loaded 18147 existing records
2025-05-28 06:36:26,656 - INFO - Scraping page 1...
2025-05-28 06:36:26,656 - INFO - Scraping page 2...
2025-05-28 06:36:26,656 - INFO - Scraping page 3...
2025-05-28 06:36:32,443 - INFO - Found 60 links on page 2
2025-05-28 06:36:32,474 - INFO - Scraping page 4...
2025-05-28 06:36:32,553 - INFO - Found 60 links on page 1
2025-05-28 06:36:32,553 - INFO - Scraping page 5...
2025-05-28 06:36:32,685 - INFO - Found 60 links on page 3
2025-05-28 06:36:32,685 - INFO - Scraping page 6...
2025-05-28 06:36:37,672 - INFO - Found 60 links on page 6
2025-05-28 06:36:37,672 - INFO - Scraping page 7...
2025-05-28 06:36:38,466 - INFO - Found 60 links on page 4
2025-05-28 06:36:38,471 - INFO - Scraping page 8...
2025-05-28 06:36:38,594 - INFO - Found 60 links on page 5
2025-05-28 06:36:38,594 - INFO - Scraping page 9...
2025-05-28 06:36:42,739 - INFO - Found 60 links on page 7
2025-05-28 06:36:42,740 - INFO - Scraping page 10...
2025-05-28 06:36:43,025 - INFO - Found 60 links on page 8
2025-05-28 06:36:43,026 - INFO - Scraping page 11...
2025-05-28 06:36:43,418 - INFO - Found 60 links on page 9
2025-05-28 06:36:43,418 - INFO - Scraping page 12...
2025-05-28 06:36:46,425 - INFO - Found 60 links on page 10
2025-05-28 06:36:46,425 - INFO - Scraping page 13...
2025-05-28 06:36:46,765 - INFO - Found 60 links on page 11
2025-05-28 06:36:46,765 - INFO - Scraping page 14...
2025-05-28 06:36:47,359 - INFO - Found 60 links on page 12
2025-05-28 06:36:47,359 - INFO - Scraping page 15...
2025-05-28 06:36:50,324 - INFO - Found 60 links on page 13
2025-05-28 06:36:50,325 - INFO - Scraping page 16...
2025-05-28 06:36:50,609 - INFO - Found 60 links on page 14
2025-05-28 06:36:50,609 - INFO - Scraping page 17...
2025-05-28 06:36:51,371 - INFO - Found 60 links on page 15
2025-05-28 06:36:51,371 - INFO - Scraping page 18...
2025-05-28 06:36:54,051 - INFO - Found 60 links on page 16
2025-05-28 06:36:54,051 - INFO - Scraping page 19...
2025-05-28 06:36:54,471 - INFO - Found 60 links on page 17
2025-05-28 06:36:54,471 - INFO - Scraping page 20...
2025-05-28 06:36:55,870 - INFO - Found 60 links on page 18
2025-05-28 06:36:55,870 - INFO - Scraping page 21...
2025-05-28 06:36:58,016 - INFO - Found 60 links on page 19
2025-05-28 06:36:58,016 - INFO - Scraping page 22...
2025-05-28 06:36:58,526 - INFO - Found 60 links on page 20
2025-05-28 06:36:58,526 - INFO - Scraping page 23...
2025-05-28 06:36:59,495 - INFO - Found 60 links on page 21
2025-05-28 06:36:59,495 - INFO - Scraping page 24...
2025-05-28 06:37:01,894 - INFO - Found 60 links on page 22
2025-05-28 06:37:01,894 - INFO - Scraping page 25...
2025-05-28 06:37:03,101 - INFO - Found 60 links on page 23
2025-05-28 06:37:03,101 - INFO - Scraping page 26...
2025-05-28 06:37:03,859 - INFO - Found 60 links on page 24
2025-05-28 06:37:03,859 - INFO - Scraping page 27...
2025-05-28 06:37:05,891 - INFO - Found 60 links on page 25
2025-05-28 06:37:05,891 - INFO - Scraping page 28...
2025-05-28 06:37:06,998 - INFO - Found 60 links on page 26
2025-05-28 06:37:06,998 - INFO - Scraping page 29...
2025-05-28 06:37:07,692 - INFO - Found 60 links on page 27
2025-05-28 06:37:07,692 - INFO - Scraping page 30...
2025-05-28 06:37:10,287 - INFO - Found 60 links on page 28
2025-05-28 06:37:10,287 - INFO - Scraping page 31...
2025-05-28 06:37:10,936 - INFO - Found 60 links on page 29
2025-05-28 06:37:10,936 - INFO - Scraping page 32...
2025-05-28 06:37:11,722 - INFO - Found 60 links on page 30
2025-05-28 06:37:11,723 - INFO - Scraping page 33...
2025-05-28 06:37:14,301 - INFO - Found 60 links on page 31
2025-05-28 06:37:14,301 - INFO - Scraping page 34...
2025-05-28 06:37:14,907 - INFO - Found 60 links on page 32
2025-05-28 06:37:14,907 - INFO - Scraping page 35...
2025-05-28 06:37:15,736 - INFO - Found 60 links on page 33
2025-05-28 06:37:15,736 - INFO - Scraping page 36...
2025-05-28 06:37:18,719 - INFO - Found 60 links on page 34
2025-05-28 06:37:18,724 - INFO - Scraping page 37...
2025-05-28 06:37:18,936 - INFO - Found 60 links on page 35
2025-05-28 06:37:18,936 - INFO - Scraping page 38...
2025-05-28 06:37:19,580 - INFO - Found 60 links on page 36
2025-05-28 06:37:19,580 - INFO - Scraping page 39...
2025-05-28 06:37:22,677 - INFO - Found 60 links on page 37
2025-05-28 06:37:22,677 - INFO - Scraping page 40...
2025-05-28 06:37:22,959 - INFO - Found 60 links on page 38
2025-05-28 06:37:22,959 - INFO - Scraping page 41...
2025-05-28 06:37:23,643 - INFO - Found 60 links on page 39
2025-05-28 06:37:23,643 - INFO - Scraping page 42...
2025-05-28 06:37:26,957 - INFO - Found 60 links on page 40
2025-05-28 06:37:26,957 - INFO - Scraping page 43...
2025-05-28 06:37:27,481 - INFO - Found 60 links on page 41
2025-05-28 06:37:27,481 - INFO - Scraping page 44...
2025-05-28 06:37:27,732 - INFO - Found 60 links on page 42
2025-05-28 06:37:27,732 - INFO - Scraping page 45...
2025-05-28 06:37:30,906 - INFO - Found 60 links on page 43
2025-05-28 06:37:30,907 - INFO - Scraping page 46...
2025-05-28 06:37:31,880 - INFO - Found 60 links on page 45
2025-05-28 06:37:31,880 - INFO - Scraping page 47...
2025-05-28 06:37:32,184 - INFO - Found 60 links on page 44
2025-05-28 06:37:32,184 - INFO - Scraping page 48...
2025-05-28 06:37:35,008 - INFO - Found 60 links on page 46
2025-05-28 06:37:35,008 - INFO - Scraping page 49...
2025-05-28 06:37:36,217 - INFO - Found 60 links on page 47
2025-05-28 06:37:36,222 - INFO - Scraping page 50...
2025-05-28 06:37:36,470 - INFO - Found 60 links on page 48
2025-05-28 06:37:36,470 - INFO - Scraping page 51...
2025-05-28 06:37:38,779 - INFO - Found 60 links on page 49
2025-05-28 06:37:38,779 - INFO - Scraping page 52...
2025-05-28 06:37:40,198 - INFO - Found 60 links on page 50
2025-05-28 06:37:40,198 - INFO - Scraping page 53...
2025-05-28 06:37:40,475 - INFO - Found 60 links on page 51
2025-05-28 06:37:40,475 - INFO - Scraping page 54...
2025-05-28 06:37:42,848 - INFO - Found 60 links on page 52
2025-05-28 06:37:42,848 - INFO - Scraping page 55...
2025-05-28 06:37:44,282 - INFO - Found 60 links on page 53
2025-05-28 06:37:44,282 - INFO - Scraping page 56...
2025-05-28 06:37:44,652 - INFO - Found 60 links on page 54
2025-05-28 06:37:44,653 - INFO - Scraping page 57...
2025-05-28 06:37:47,347 - INFO - Found 60 links on page 55
2025-05-28 06:37:47,347 - INFO - Scraping page 58...
2025-05-28 06:37:48,145 - INFO - Found 60 links on page 56
2025-05-28 06:37:48,145 - INFO - Scraping page 59...
2025-05-28 06:37:49,534 - INFO - Found 60 links on page 57
2025-05-28 06:37:49,535 - INFO - Scraping page 60...
2025-05-28 06:37:52,046 - INFO - Found 60 links on page 58
2025-05-28 06:37:52,047 - INFO - Scraping page 61...
2025-05-28 06:37:52,263 - INFO - Found 60 links on page 59
2025-05-28 06:37:52,263 - INFO - Scraping page 62...
2025-05-28 06:37:53,753 - INFO - Found 60 links on page 60
2025-05-28 06:37:53,754 - INFO - Scraping page 63...
2025-05-28 06:37:57,139 - INFO - Found 60 links on page 62
2025-05-28 06:37:57,139 - INFO - Scraping page 64...
2025-05-28 06:37:57,532 - INFO - Found 60 links on page 61
2025-05-28 06:37:57,532 - INFO - Scraping page 65...
2025-05-28 06:37:58,463 - INFO - Found 60 links on page 63
2025-05-28 06:37:58,463 - INFO - Scraping page 66...
2025-05-28 06:38:01,142 - INFO - Found 60 links on page 64
2025-05-28 06:38:01,142 - INFO - Scraping page 67...
2025-05-28 06:38:01,881 - INFO - Found 60 links on page 65
2025-05-28 06:38:01,882 - INFO - Scraping page 68...
2025-05-28 06:38:02,563 - INFO - Found 60 links on page 66
2025-05-28 06:38:02,563 - INFO - Scraping page 69...
2025-05-28 06:38:05,001 - INFO - Found 60 links on page 67
2025-05-28 06:38:05,001 - INFO - Scraping page 70...
2025-05-28 06:38:05,648 - INFO - Found 60 links on page 68
2025-05-28 06:38:05,648 - INFO - Scraping page 71...
2025-05-28 06:38:06,672 - INFO - Found 60 links on page 69
2025-05-28 06:38:06,673 - INFO - Scraping page 72...
2025-05-28 06:38:08,978 - INFO - Found 60 links on page 70
2025-05-28 06:38:08,978 - INFO - Scraping page 73...
2025-05-28 06:38:09,634 - INFO - Found 60 links on page 71
2025-05-28 06:38:09,634 - INFO - Scraping page 74...
2025-05-28 06:38:10,590 - INFO - Found 60 links on page 72
2025-05-28 06:38:10,590 - INFO - Scraping page 75...
2025-05-28 06:38:13,045 - INFO - Found 60 links on page 73
2025-05-28 06:38:13,045 - INFO - Scraping page 76...
2025-05-28 06:38:13,536 - INFO - Found 60 links on page 74
2025-05-28 06:38:13,537 - INFO - Scraping page 77...
2025-05-28 06:38:14,472 - INFO - Found 60 links on page 75
2025-05-28 06:38:14,472 - INFO - Scraping page 78...
2025-05-28 06:38:17,306 - INFO - Found 60 links on page 76
2025-05-28 06:38:17,306 - INFO - Scraping page 79...
2025-05-28 06:38:18,424 - INFO - Found 60 links on page 77
2025-05-28 06:38:18,424 - INFO - Scraping page 80...
2025-05-28 06:38:18,702 - INFO - Found 60 links on page 78
2025-05-28 06:38:18,702 - INFO - Scraping page 81...
2025-05-28 06:38:21,746 - INFO - Found 60 links on page 79
2025-05-28 06:38:21,746 - INFO - Scraping page 82...
2025-05-28 06:38:22,367 - INFO - Found 60 links on page 80
2025-05-28 06:38:22,367 - INFO - Scraping page 83...
2025-05-28 06:38:22,867 - INFO - Found 60 links on page 81
2025-05-28 06:38:22,867 - INFO - Scraping page 84...
2025-05-28 06:38:25,937 - INFO - Found 60 links on page 82
2025-05-28 06:38:25,938 - INFO - Scraping page 85...
2025-05-28 06:38:26,539 - INFO - Found 60 links on page 83
2025-05-28 06:38:26,539 - INFO - Scraping page 86...
2025-05-28 06:38:27,823 - INFO - Found 60 links on page 84
2025-05-28 06:38:27,823 - INFO - Scraping page 87...
2025-05-28 06:38:30,516 - INFO - Found 60 links on page 86
2025-05-28 06:38:30,517 - INFO - Scraping page 88...
2025-05-28 06:38:30,726 - INFO - Found 60 links on page 85
2025-05-28 06:38:30,726 - INFO - Scraping page 89...
2025-05-28 06:38:32,075 - INFO - Found 60 links on page 87
2025-05-28 06:38:32,076 - INFO - Scraping page 90...
2025-05-28 06:38:34,846 - INFO - Found 60 links on page 89
2025-05-28 06:38:34,856 - INFO - Scraping page 91...
2025-05-28 06:38:35,015 - INFO - Found 60 links on page 88
2025-05-28 06:38:35,015 - INFO - Scraping page 92...
2025-05-28 06:38:36,577 - INFO - Found 60 links on page 90
2025-05-28 06:38:36,578 - INFO - Scraping page 93...
2025-05-28 06:38:39,280 - INFO - Found 60 links on page 91
2025-05-28 06:38:39,285 - INFO - Scraping page 94...
2025-05-28 06:38:39,377 - INFO - Found 60 links on page 92
2025-05-28 06:38:39,377 - INFO - Scraping page 95...
2025-05-28 06:38:40,544 - INFO - Found 60 links on page 93
2025-05-28 06:38:40,544 - INFO - Scraping page 96...
2025-05-28 06:38:43,460 - INFO - Found 60 links on page 95
2025-05-28 06:38:43,465 - INFO - Scraping page 97...
2025-05-28 06:38:43,606 - INFO - Found 60 links on page 94
2025-05-28 06:38:43,607 - INFO - Scraping page 98...
2025-05-28 06:38:44,558 - INFO - Found 60 links on page 96
2025-05-28 06:38:44,559 - INFO - Scraping page 99...
2025-05-28 06:38:47,315 - INFO - Found 60 links on page 97
2025-05-28 06:38:47,316 - INFO - Scraping page 100...
2025-05-28 06:38:47,882 - INFO - Found 60 links on page 98
2025-05-28 06:38:47,882 - INFO - Scraping page 101...
2025-05-28 06:38:48,566 - INFO - Found 60 links on page 99
2025-05-28 06:38:48,567 - INFO - Scraping page 102...
2025-05-28 06:38:51,193 - INFO - Found 60 links on page 100
2025-05-28 06:38:51,193 - INFO - Scraping page 103...
2025-05-28 06:38:51,836 - INFO - Found 60 links on page 101
2025-05-28 06:38:51,836 - INFO - Scraping page 104...
2025-05-28 06:38:52,542 - INFO - Found 60 links on page 102
2025-05-28 06:38:52,543 - INFO - Scraping page 105...
2025-05-28 06:38:55,081 - INFO - Found 60 links on page 103
2025-05-28 06:38:55,081 - INFO - Scraping page 106...
2025-05-28 06:38:56,555 - INFO - Found 60 links on page 104
2025-05-28 06:38:56,560 - INFO - Scraping page 107...
2025-05-28 06:38:56,660 - INFO - Found 60 links on page 105
2025-05-28 06:38:56,660 - INFO - Scraping page 108...
2025-05-28 06:38:59,274 - INFO - Found 60 links on page 106
2025-05-28 06:38:59,275 - INFO - Scraping page 109...
2025-05-28 06:39:00,643 - INFO - Found 60 links on page 107
2025-05-28 06:39:00,643 - INFO - Scraping page 110...
2025-05-28 06:39:00,869 - INFO - Found 60 links on page 108
2025-05-28 06:39:00,869 - INFO - Scraping page 111...
2025-05-28 06:39:03,188 - INFO - Found 60 links on page 109
2025-05-28 06:39:03,188 - INFO - Scraping page 112...
2025-05-28 06:39:05,377 - INFO - Found 60 links on page 110
2025-05-28 06:39:05,383 - INFO - Scraping page 113...
2025-05-28 06:39:05,631 - INFO - Found 60 links on page 111
2025-05-28 06:39:05,632 - INFO - Scraping page 114...
2025-05-28 06:39:07,293 - INFO - Found 60 links on page 112
2025-05-28 06:39:07,293 - INFO - Scraping page 115...
2025-05-28 06:39:09,262 - INFO - Found 60 links on page 113
2025-05-28 06:39:09,262 - INFO - Scraping page 116...
2025-05-28 06:39:09,745 - INFO - Found 60 links on page 114
2025-05-28 06:39:09,745 - INFO - Scraping page 117...
2025-05-28 06:39:11,176 - INFO - Found 60 links on page 115
2025-05-28 06:39:11,176 - INFO - Scraping page 118...
2025-05-28 06:39:13,528 - INFO - Found 60 links on page 116
2025-05-28 06:39:13,528 - INFO - Scraping page 119...
2025-05-28 06:39:14,148 - INFO - Found 60 links on page 117
2025-05-28 06:39:14,148 - INFO - Scraping page 120...
2025-05-28 06:39:16,234 - INFO - Found 60 links on page 118
2025-05-28 06:39:16,234 - INFO - Scraping page 121...
2025-05-28 06:39:17,983 - INFO - Found 60 links on page 119
2025-05-28 06:39:17,983 - INFO - Scraping page 122...
2025-05-28 06:39:18,378 - INFO - Found 60 links on page 120
2025-05-28 06:39:18,378 - INFO - Scraping page 123...
2025-05-28 06:39:20,395 - INFO - Found 60 links on page 121
2025-05-28 06:39:20,396 - INFO - Scraping page 124...
2025-05-28 06:39:22,359 - INFO - Found 60 links on page 123
2025-05-28 06:39:22,359 - INFO - Scraping page 125...
2025-05-28 06:39:22,764 - INFO - Found 60 links on page 122
2025-05-28 06:39:22,764 - INFO - Scraping page 126...
2025-05-28 06:39:25,218 - INFO - Found 60 links on page 124
2025-05-28 06:39:25,218 - INFO - Scraping page 127...
2025-05-28 06:39:26,435 - INFO - Found 60 links on page 125
2025-05-28 06:39:26,435 - INFO - Scraping page 128...
2025-05-28 06:39:26,703 - INFO - Found 60 links on page 126
2025-05-28 06:39:26,703 - INFO - Scraping page 129...
2025-05-28 06:39:29,364 - INFO - Found 60 links on page 127
2025-05-28 06:39:29,364 - INFO - Scraping page 130...
2025-05-28 06:39:30,753 - INFO - Found 60 links on page 129
2025-05-28 06:39:30,763 - INFO - Scraping page 131...
2025-05-28 06:39:30,847 - INFO - Found 60 links on page 128
2025-05-28 06:39:30,847 - INFO - Scraping page 132...
2025-05-28 06:39:33,355 - INFO - Found 60 links on page 130
2025-05-28 06:39:33,355 - INFO - Scraping page 133...
2025-05-28 06:39:34,765 - INFO - Found 60 links on page 132
2025-05-28 06:39:34,765 - INFO - Scraping page 134...
2025-05-28 06:39:35,131 - INFO - Found 60 links on page 131
2025-05-28 06:39:35,132 - INFO - Scraping page 135...
2025-05-28 06:39:37,507 - INFO - Found 60 links on page 133
2025-05-28 06:39:37,507 - INFO - Scraping page 136...
2025-05-28 06:39:38,803 - INFO - Found 60 links on page 134
2025-05-28 06:39:38,803 - INFO - Scraping page 137...
2025-05-28 06:39:39,065 - INFO - Found 60 links on page 135
2025-05-28 06:39:39,065 - INFO - Scraping page 138...
2025-05-28 06:39:41,991 - INFO - Found 60 links on page 136
2025-05-28 06:39:41,992 - INFO - Scraping page 139...
2025-05-28 06:39:42,895 - INFO - Found 60 links on page 137
2025-05-28 06:39:42,895 - INFO - Scraping page 140...
2025-05-28 06:39:43,253 - INFO - Found 60 links on page 138
2025-05-28 06:39:43,253 - INFO - Scraping page 141...
2025-05-28 06:39:46,091 - INFO - Found 60 links on page 139
2025-05-28 06:39:46,092 - INFO - Scraping page 142...
2025-05-28 06:39:46,846 - INFO - Found 60 links on page 140
2025-05-28 06:39:46,846 - INFO - Scraping page 143...
2025-05-28 06:39:47,334 - INFO - Found 60 links on page 141
2025-05-28 06:39:47,334 - INFO - Scraping page 144...
2025-05-28 06:39:51,090 - INFO - Found 60 links on page 143
2025-05-28 06:39:51,101 - INFO - Scraping page 145...
2025-05-28 06:39:51,171 - INFO - Found 60 links on page 142
2025-05-28 06:39:51,172 - INFO - Scraping page 146...
2025-05-28 06:39:51,426 - INFO - Found 60 links on page 144
2025-05-28 06:39:51,426 - INFO - Scraping page 147...
2025-05-28 06:39:54,966 - INFO - Found 60 links on page 146
2025-05-28 06:39:54,966 - INFO - Scraping page 148...
2025-05-28 06:39:55,423 - INFO - Found 60 links on page 145
2025-05-28 06:39:55,423 - INFO - Scraping page 149...
2025-05-28 06:39:55,698 - INFO - Found 60 links on page 147
2025-05-28 06:39:55,698 - INFO - Scraping page 150...
2025-05-28 06:39:59,078 - INFO - Found 60 links on page 148
2025-05-28 06:39:59,078 - INFO - Scraping page 151...
2025-05-28 06:39:59,759 - INFO - Found 60 links on page 149
2025-05-28 06:39:59,764 - INFO - Scraping page 152...
2025-05-28 06:39:59,936 - INFO - Found 60 links on page 150
2025-05-28 06:39:59,936 - INFO - Scraping page 153...
2025-05-28 06:40:03,442 - INFO - Found 60 links on page 151
2025-05-28 06:40:03,443 - INFO - Scraping page 154...
2025-05-28 06:40:04,866 - INFO - Found 60 links on page 153
2025-05-28 06:40:04,876 - INFO - Scraping page 155...
2025-05-28 06:40:04,965 - INFO - Found 60 links on page 152
2025-05-28 06:40:04,965 - INFO - Scraping page 156...
2025-05-28 06:40:07,356 - INFO - Found 60 links on page 154
2025-05-28 06:40:07,356 - INFO - Scraping page 157...
2025-05-28 06:40:09,036 - INFO - Found 60 links on page 155
2025-05-28 06:40:09,036 - INFO - Scraping page 158...
2025-05-28 06:40:09,311 - INFO - Found 60 links on page 156
2025-05-28 06:40:09,311 - INFO - Scraping page 159...
2025-05-28 06:40:11,538 - INFO - Found 60 links on page 157
2025-05-28 06:40:11,538 - INFO - Scraping page 160...
2025-05-28 06:40:13,363 - INFO - Found 60 links on page 159
2025-05-28 06:40:13,363 - INFO - Scraping page 161...
2025-05-28 06:40:13,611 - INFO - Found 60 links on page 158
2025-05-28 06:40:13,611 - INFO - Scraping page 162...
2025-05-28 06:40:15,998 - INFO - Found 60 links on page 160
2025-05-28 06:40:15,998 - INFO - Scraping page 163...
2025-05-28 06:40:17,569 - INFO - Found 60 links on page 161
2025-05-28 06:40:17,570 - INFO - Scraping page 164...
2025-05-28 06:40:17,832 - INFO - Found 60 links on page 162
2025-05-28 06:40:17,832 - INFO - Scraping page 165...
2025-05-28 06:40:20,003 - INFO - Found 60 links on page 163
2025-05-28 06:40:20,004 - INFO - Scraping page 166...
2025-05-28 06:40:22,077 - INFO - Found 60 links on page 164
2025-05-28 06:40:22,077 - INFO - Scraping page 167...
2025-05-28 06:40:22,277 - INFO - Found 60 links on page 165
2025-05-28 06:40:22,277 - INFO - Scraping page 168...
2025-05-28 06:40:23,741 - INFO - Found 60 links on page 166
2025-05-28 06:40:23,742 - INFO - Scraping page 169...
2025-05-28 06:40:26,705 - INFO - Found 60 links on page 167
2025-05-28 06:40:26,710 - INFO - Scraping page 170...
2025-05-28 06:40:26,846 - INFO - Found 60 links on page 168
2025-05-28 06:40:26,846 - INFO - Scraping page 171...
2025-05-28 06:40:27,734 - INFO - Found 60 links on page 169
2025-05-28 06:40:27,734 - INFO - Scraping page 172...
2025-05-28 06:40:30,741 - INFO - Found 60 links on page 171
2025-05-28 06:40:30,741 - INFO - Scraping page 173...
2025-05-28 06:40:30,940 - INFO - Found 60 links on page 170
2025-05-28 06:40:30,941 - INFO - Scraping page 174...
2025-05-28 06:40:32,739 - INFO - Found 60 links on page 172
2025-05-28 06:40:32,739 - INFO - Scraping page 175...
2025-05-28 06:40:34,768 - INFO - Found 60 links on page 173
2025-05-28 06:40:34,768 - INFO - Scraping page 176...
2025-05-28 06:40:35,094 - INFO - Found 60 links on page 174
2025-05-28 06:40:35,094 - INFO - Scraping page 177...
2025-05-28 06:40:37,117 - INFO - Found 60 links on page 175
2025-05-28 06:40:37,117 - INFO - Scraping page 178...
2025-05-28 06:40:39,034 - INFO - Found 60 links on page 176
2025-05-28 06:40:39,034 - INFO - Scraping page 179...
2025-05-28 06:40:39,291 - INFO - Found 60 links on page 177
2025-05-28 06:40:39,291 - INFO - Scraping page 180...
2025-05-28 06:40:41,909 - INFO - Found 60 links on page 178
2025-05-28 06:40:41,909 - INFO - Scraping page 181...
2025-05-28 06:40:43,303 - INFO - Found 60 links on page 179
2025-05-28 06:40:43,303 - INFO - Scraping page 182...
2025-05-28 06:40:44,121 - INFO - Found 60 links on page 180
2025-05-28 06:40:44,122 - INFO - Scraping page 183...
2025-05-28 06:40:47,110 - INFO - Found 60 links on page 181
2025-05-28 06:40:47,111 - INFO - Scraping page 184...
2025-05-28 06:40:47,716 - INFO - Found 60 links on page 182
2025-05-28 06:40:47,716 - INFO - Scraping page 185...
2025-05-28 06:40:48,179 - INFO - Found 60 links on page 183
2025-05-28 06:40:48,179 - INFO - Scraping page 186...
2025-05-28 06:40:51,691 - INFO - Found 60 links on page 184
2025-05-28 06:40:51,691 - INFO - Scraping page 187...
2025-05-28 06:40:52,022 - INFO - Found 60 links on page 186
2025-05-28 06:40:52,022 - INFO - Scraping page 188...
2025-05-28 06:40:53,075 - INFO - Found 60 links on page 185
2025-05-28 06:40:53,076 - INFO - Scraping page 189...
2025-05-28 06:40:55,709 - INFO - Found 60 links on page 187
2025-05-28 06:40:55,710 - INFO - Scraping page 190...
2025-05-28 06:40:55,912 - INFO - Found 60 links on page 188
2025-05-28 06:40:55,912 - INFO - Scraping page 191...
2025-05-28 06:40:57,034 - INFO - Found 60 links on page 189
2025-05-28 06:40:57,035 - INFO - Scraping page 192...
2025-05-28 06:40:59,823 - INFO - Found 60 links on page 191
2025-05-28 06:40:59,823 - INFO - Scraping page 193...
2025-05-28 06:41:00,059 - INFO - Found 60 links on page 190
2025-05-28 06:41:00,059 - INFO - Scraping page 194...
2025-05-28 06:41:01,699 - INFO - Found 60 links on page 192
2025-05-28 06:41:01,699 - INFO - Scraping page 195...
2025-05-28 06:41:03,849 - INFO - Found 60 links on page 193
2025-05-28 06:41:03,850 - INFO - Scraping page 196...
2025-05-28 06:41:04,087 - INFO - Found 60 links on page 194
2025-05-28 06:41:04,087 - INFO - Scraping page 197...
2025-05-28 06:41:05,683 - INFO - Found 60 links on page 195
2025-05-28 06:41:05,683 - INFO - Scraping page 198...
2025-05-28 06:41:07,596 - INFO - Found 60 links on page 196
2025-05-28 06:41:07,597 - INFO - Scraping page 199...
2025-05-28 06:41:08,046 - INFO - Found 60 links on page 197
2025-05-28 06:41:08,046 - INFO - Scraping page 200...
2025-05-28 06:41:10,600 - INFO - Found 60 links on page 198
2025-05-28 06:41:12,143 - INFO - Found 60 links on page 200
2025-05-28 06:41:12,332 - INFO - Found 60 links on page 199
2025-05-28 06:41:12,339 - INFO - Found 403 new links to scrape out of 12000 total links
2025-05-28 06:41:12,339 - INFO - Processing batch 1/9 (50 links)
2025-05-28 06:41:18,015 - INFO - Progress: 10/50 ads processed
2025-05-28 06:41:23,209 - INFO - Progress: 20/50 ads processed
2025-05-28 06:41:27,952 - INFO - Progress: 30/50 ads processed
2025-05-28 06:41:33,143 - INFO - Progress: 40/50 ads processed
2025-05-28 06:41:38,089 - INFO - Progress: 50/50 ads processed
2025-05-28 06:41:38,151 - INFO - Created backup of existing data file at unegui_data/unegui_sales_data.csv.bak
2025-05-28 06:41:38,405 - INFO - Data saved to unegui_data/unegui_sales_data.csv: 18196 records
2025-05-28 06:41:39,048 - INFO - Cache saved with 18501 URLs
2025-05-28 06:41:39,048 - INFO - Saved batch data. Total records: 18196
2025-05-28 06:41:39,049 - INFO - Processing batch 2/9 (50 links)
2025-05-28 06:41:44,727 - INFO - Progress: 10/50 ads processed
2025-05-28 06:41:49,898 - INFO - Progress: 20/50 ads processed
2025-05-28 06:41:54,595 - INFO - Progress: 30/50 ads processed
2025-05-28 06:41:59,349 - INFO - Progress: 40/50 ads processed
2025-05-28 06:42:04,604 - INFO - Progress: 50/50 ads processed
2025-05-28 06:42:04,667 - INFO - Created backup of existing data file at unegui_data/unegui_sales_data.csv.bak
2025-05-28 06:42:04,921 - INFO - Data saved to unegui_data/unegui_sales_data.csv: 18245 records
2025-05-28 06:42:05,562 - INFO - Cache saved with 18550 URLs
2025-05-28 06:42:05,562 - INFO - Saved batch data. Total records: 18246
2025-05-28 06:42:05,562 - INFO - Processing batch 3/9 (50 links)
2025-05-28 06:42:11,304 - INFO - Progress: 10/50 ads processed
2025-05-28 06:42:16,304 - INFO - Progress: 20/50 ads processed
2025-05-28 06:42:21,914 - INFO - Progress: 30/50 ads processed
2025-05-28 06:42:26,870 - INFO - Progress: 40/50 ads processed
2025-05-28 06:42:32,002 - INFO - Progress: 50/50 ads processed
2025-05-28 06:42:32,059 - INFO - Created backup of existing data file at unegui_data/unegui_sales_data.csv.bak
2025-05-28 06:42:32,314 - INFO - Data saved to unegui_data/unegui_sales_data.csv: 18295 records
2025-05-28 06:42:32,920 - INFO - Cache saved with 18600 URLs
2025-05-28 06:42:32,920 - INFO - Saved batch data. Total records: 18296
2025-05-28 06:42:32,920 - INFO - Processing batch 4/9 (50 links)
2025-05-28 06:42:38,124 - INFO - Progress: 10/50 ads processed
2025-05-28 06:42:42,938 - INFO - Progress: 20/50 ads processed
2025-05-28 06:42:48,039 - INFO - Progress: 30/50 ads processed
2025-05-28 06:42:53,524 - INFO - Progress: 40/50 ads processed
2025-05-28 06:42:58,499 - INFO - Progress: 50/50 ads processed
2025-05-28 06:42:58,562 - INFO - Created backup of existing data file at unegui_data/unegui_sales_data.csv.bak
2025-05-28 06:42:58,816 - INFO - Data saved to unegui_data/unegui_sales_data.csv: 18345 records
2025-05-28 06:42:59,462 - INFO - Cache saved with 18650 URLs
2025-05-28 06:42:59,462 - INFO - Saved batch data. Total records: 18346
2025-05-28 06:42:59,462 - INFO - Processing batch 5/9 (50 links)
2025-05-28 06:43:04,706 - INFO - Progress: 10/50 ads processed
2025-05-28 06:43:09,922 - INFO - Progress: 20/50 ads processed
2025-05-28 06:43:15,085 - INFO - Progress: 30/50 ads processed
2025-05-28 06:43:20,288 - INFO - Progress: 40/50 ads processed
2025-05-28 06:43:25,493 - INFO - Progress: 50/50 ads processed
2025-05-28 06:43:25,555 - INFO - Created backup of existing data file at unegui_data/unegui_sales_data.csv.bak
2025-05-28 06:43:25,813 - INFO - Data saved to unegui_data/unegui_sales_data.csv: 18395 records
2025-05-28 06:43:26,427 - INFO - Cache saved with 18700 URLs
2025-05-28 06:43:26,427 - INFO - Saved batch data. Total records: 18396
2025-05-28 06:43:26,427 - INFO - Processing batch 6/9 (50 links)
2025-05-28 06:43:31,668 - INFO - Progress: 10/50 ads processed
2025-05-28 06:43:36,719 - INFO - Progress: 20/50 ads processed
2025-05-28 06:43:41,956 - INFO - Progress: 30/50 ads processed
2025-05-28 06:43:47,241 - INFO - Progress: 40/50 ads processed
2025-05-28 06:43:52,405 - INFO - Progress: 50/50 ads processed
2025-05-28 06:43:52,467 - INFO - Created backup of existing data file at unegui_data/unegui_sales_data.csv.bak
2025-05-28 06:43:52,724 - INFO - Data saved to unegui_data/unegui_sales_data.csv: 18445 records
2025-05-28 06:43:53,370 - INFO - Cache saved with 18750 URLs
2025-05-28 06:43:53,370 - INFO - Saved batch data. Total records: 18446
2025-05-28 06:43:53,370 - INFO - Processing batch 7/9 (50 links)
2025-05-28 06:43:58,451 - INFO - Progress: 10/50 ads processed
2025-05-28 06:44:04,178 - INFO - Progress: 20/50 ads processed
2025-05-28 06:44:09,244 - INFO - Progress: 30/50 ads processed
2025-05-28 06:44:14,164 - INFO - Progress: 40/50 ads processed
2025-05-28 06:44:19,496 - INFO - Progress: 50/50 ads processed
2025-05-28 06:44:19,562 - INFO - Created backup of existing data file at unegui_data/unegui_sales_data.csv.bak
2025-05-28 06:44:19,822 - INFO - Data saved to unegui_data/unegui_sales_data.csv: 18494 records
2025-05-28 06:44:20,473 - INFO - Cache saved with 18800 URLs
2025-05-28 06:44:20,473 - INFO - Saved batch data. Total records: 18495
2025-05-28 06:44:20,473 - INFO - Processing batch 8/9 (50 links)
2025-05-28 06:44:25,847 - INFO - Progress: 10/50 ads processed
2025-05-28 06:44:31,145 - INFO - Progress: 20/50 ads processed
2025-05-28 06:44:36,257 - INFO - Progress: 30/50 ads processed
2025-05-28 06:44:41,462 - INFO - Progress: 40/50 ads processed
2025-05-28 06:44:46,464 - INFO - Progress: 50/50 ads processed
2025-05-28 06:44:46,529 - INFO - Created backup of existing data file at unegui_data/unegui_sales_data.csv.bak
2025-05-28 06:44:46,789 - INFO - Data saved to unegui_data/unegui_sales_data.csv: 18543 records
2025-05-28 06:44:47,438 - INFO - Cache saved with 18850 URLs
2025-05-28 06:44:47,439 - INFO - Saved batch data. Total records: 18544
2025-05-28 06:44:47,439 - INFO - Processing batch 9/9 (3 links)
2025-05-28 06:44:50,372 - INFO - Progress: 3/3 ads processed
2025-05-28 06:44:50,432 - INFO - Created backup of existing data file at unegui_data/unegui_sales_data.csv.bak
2025-05-28 06:44:50,694 - INFO - Data saved to unegui_data/unegui_sales_data.csv: 18546 records
2025-05-28 06:44:51,325 - INFO - Cache saved with 18853 URLs
2025-05-28 06:44:51,325 - INFO - Saved batch data. Total records: 18547
2025-05-28 06:44:51,325 - INFO - Scraping completed in 0:08:25.147186. Total ads collected: 18547
