2025-06-15 06:34:34,231 - INFO - Starting sales apartment scraper at 2025-06-15 06:34:34.231490
2025-06-15 06:34:34,578 - INFO - Loaded existing data from unegui_data/unegui_sales_data.csv: 24276 records
2025-06-15 06:34:34,860 - INFO - Loaded 24276 existing records
2025-06-15 06:34:34,879 - INFO - Scraping page 1...
2025-06-15 06:34:34,879 - INFO - Scraping page 2...
2025-06-15 06:34:34,880 - INFO - Scraping page 3...
2025-06-15 06:34:39,364 - INFO - Found 60 links on page 1
2025-06-15 06:34:39,364 - INFO - Scraping page 4...
2025-06-15 06:34:39,992 - INFO - Found 60 links on page 2
2025-06-15 06:34:39,993 - INFO - Scraping page 5...
2025-06-15 06:34:40,199 - INFO - Found 60 links on page 3
2025-06-15 06:34:40,199 - INFO - Scraping page 6...
2025-06-15 06:34:43,499 - INFO - Found 60 links on page 4
2025-06-15 06:34:43,499 - INFO - Scraping page 7...
2025-06-15 06:34:44,407 - INFO - Found 60 links on page 5
2025-06-15 06:34:44,417 - INFO - Scraping page 8...
2025-06-15 06:34:44,508 - INFO - Found 60 links on page 6
2025-06-15 06:34:44,508 - INFO - Scraping page 9...
2025-06-15 06:34:48,013 - INFO - Found 60 links on page 7
2025-06-15 06:34:48,013 - INFO - Scraping page 10...
2025-06-15 06:34:48,708 - INFO - Found 60 links on page 8
2025-06-15 06:34:48,713 - INFO - Scraping page 11...
2025-06-15 06:34:48,960 - INFO - Found 60 links on page 9
2025-06-15 06:34:48,960 - INFO - Scraping page 12...
2025-06-15 06:34:52,189 - INFO - Found 60 links on page 10
2025-06-15 06:34:52,189 - INFO - Scraping page 13...
2025-06-15 06:34:53,037 - INFO - Found 60 links on page 11
2025-06-15 06:34:53,037 - INFO - Scraping page 14...
2025-06-15 06:34:53,271 - INFO - Found 60 links on page 12
2025-06-15 06:34:53,271 - INFO - Scraping page 15...
2025-06-15 06:34:56,613 - INFO - Found 60 links on page 13
2025-06-15 06:34:56,614 - INFO - Scraping page 16...
2025-06-15 06:34:57,793 - INFO - Found 60 links on page 14
2025-06-15 06:34:57,799 - INFO - Scraping page 17...
2025-06-15 06:34:57,895 - INFO - Found 60 links on page 15
2025-06-15 06:34:57,895 - INFO - Scraping page 18...
2025-06-15 06:35:01,489 - INFO - Found 60 links on page 16
2025-06-15 06:35:01,489 - INFO - Scraping page 19...
2025-06-15 06:35:02,079 - INFO - Found 60 links on page 18
2025-06-15 06:35:02,079 - INFO - Scraping page 20...
2025-06-15 06:35:02,695 - INFO - Found 60 links on page 17
2025-06-15 06:35:02,695 - INFO - Scraping page 21...
2025-06-15 06:35:05,908 - INFO - Found 60 links on page 19
2025-06-15 06:35:05,909 - INFO - Scraping page 22...
2025-06-15 06:35:06,463 - INFO - Found 60 links on page 20
2025-06-15 06:35:06,463 - INFO - Scraping page 23...
2025-06-15 06:35:07,185 - INFO - Found 60 links on page 21
2025-06-15 06:35:07,185 - INFO - Scraping page 24...
2025-06-15 06:35:10,489 - INFO - Found 60 links on page 22
2025-06-15 06:35:10,490 - INFO - Scraping page 25...
2025-06-15 06:35:11,071 - INFO - Found 60 links on page 23
2025-06-15 06:35:11,072 - INFO - Scraping page 26...
2025-06-15 06:35:11,730 - INFO - Found 60 links on page 24
2025-06-15 06:35:11,731 - INFO - Scraping page 27...
2025-06-15 06:35:14,690 - INFO - Found 60 links on page 25
2025-06-15 06:35:14,690 - INFO - Scraping page 28...
2025-06-15 06:35:15,762 - INFO - Found 60 links on page 26
2025-06-15 06:35:15,762 - INFO - Scraping page 29...
2025-06-15 06:35:15,963 - INFO - Found 60 links on page 27
2025-06-15 06:35:15,963 - INFO - Scraping page 30...
2025-06-15 06:35:19,444 - INFO - Found 60 links on page 28
2025-06-15 06:35:19,444 - INFO - Scraping page 31...
2025-06-15 06:35:20,094 - INFO - Found 60 links on page 29
2025-06-15 06:35:20,094 - INFO - Scraping page 32...
2025-06-15 06:35:20,577 - INFO - Found 60 links on page 30
2025-06-15 06:35:20,577 - INFO - Scraping page 33...
2025-06-15 06:35:23,981 - INFO - Found 60 links on page 31
2025-06-15 06:35:23,991 - INFO - Scraping page 34...
2025-06-15 06:35:24,147 - INFO - Found 60 links on page 32
2025-06-15 06:35:24,147 - INFO - Scraping page 35...
2025-06-15 06:35:24,604 - INFO - Found 60 links on page 33
2025-06-15 06:35:24,605 - INFO - Scraping page 36...
2025-06-15 06:35:28,343 - INFO - Found 60 links on page 34
2025-06-15 06:35:28,349 - INFO - Scraping page 37...
2025-06-15 06:35:28,511 - INFO - Found 60 links on page 35
2025-06-15 06:35:28,522 - INFO - Scraping page 38...
2025-06-15 06:35:28,647 - INFO - Found 60 links on page 36
2025-06-15 06:35:28,647 - INFO - Scraping page 39...
2025-06-15 06:35:32,340 - INFO - Found 60 links on page 37
2025-06-15 06:35:32,340 - INFO - Scraping page 40...
2025-06-15 06:35:32,596 - INFO - Found 60 links on page 39
2025-06-15 06:35:32,601 - INFO - Scraping page 41...
2025-06-15 06:35:32,773 - INFO - Found 60 links on page 38
2025-06-15 06:35:32,773 - INFO - Scraping page 42...
2025-06-15 06:35:36,094 - INFO - Found 60 links on page 40
2025-06-15 06:35:36,095 - INFO - Scraping page 43...
2025-06-15 06:35:36,964 - INFO - Found 60 links on page 41
2025-06-15 06:35:36,970 - INFO - Scraping page 44...
2025-06-15 06:35:37,054 - INFO - Found 60 links on page 42
2025-06-15 06:35:37,055 - INFO - Scraping page 45...
2025-06-15 06:35:40,710 - INFO - Found 60 links on page 43
2025-06-15 06:35:40,711 - INFO - Scraping page 46...
2025-06-15 06:35:40,920 - INFO - Found 60 links on page 44
2025-06-15 06:35:40,920 - INFO - Scraping page 47...
2025-06-15 06:35:41,297 - INFO - Found 60 links on page 45
2025-06-15 06:35:41,297 - INFO - Scraping page 48...
2025-06-15 06:35:44,670 - INFO - Found 60 links on page 46
2025-06-15 06:35:44,727 - INFO - Scraping page 49...
2025-06-15 06:35:44,832 - INFO - Found 60 links on page 47
2025-06-15 06:35:44,832 - INFO - Scraping page 50...
2025-06-15 06:35:45,265 - INFO - Found 60 links on page 48
2025-06-15 06:35:45,266 - INFO - Scraping page 51...
2025-06-15 06:35:48,887 - INFO - Found 60 links on page 49
2025-06-15 06:35:48,903 - INFO - Scraping page 52...
2025-06-15 06:35:49,032 - INFO - Found 60 links on page 50
2025-06-15 06:35:49,038 - INFO - Scraping page 53...
2025-06-15 06:35:49,234 - INFO - Found 60 links on page 51
2025-06-15 06:35:49,235 - INFO - Scraping page 54...
2025-06-15 06:35:53,172 - INFO - Found 60 links on page 52
2025-06-15 06:35:53,178 - INFO - Scraping page 55...
2025-06-15 06:35:53,246 - INFO - Found 60 links on page 53
2025-06-15 06:35:53,246 - INFO - Scraping page 56...
2025-06-15 06:35:54,337 - INFO - Found 60 links on page 54
2025-06-15 06:35:54,338 - INFO - Scraping page 57...
2025-06-15 06:35:57,155 - INFO - Found 60 links on page 55
2025-06-15 06:35:57,160 - INFO - Scraping page 58...
2025-06-15 06:35:57,234 - INFO - Found 60 links on page 56
2025-06-15 06:35:57,234 - INFO - Scraping page 59...
2025-06-15 06:35:58,456 - INFO - Found 60 links on page 57
2025-06-15 06:35:58,456 - INFO - Scraping page 60...
2025-06-15 06:36:00,900 - INFO - Found 60 links on page 58
2025-06-15 06:36:00,900 - INFO - Scraping page 61...
2025-06-15 06:36:01,747 - INFO - Found 60 links on page 59
2025-06-15 06:36:01,747 - INFO - Scraping page 62...
2025-06-15 06:36:02,603 - INFO - Found 60 links on page 60
2025-06-15 06:36:02,603 - INFO - Scraping page 63...
2025-06-15 06:36:05,816 - INFO - Found 60 links on page 62
2025-06-15 06:36:05,822 - INFO - Scraping page 64...
2025-06-15 06:36:05,980 - INFO - Found 60 links on page 61
2025-06-15 06:36:05,981 - INFO - Scraping page 65...
2025-06-15 06:36:07,347 - INFO - Found 60 links on page 63
2025-06-15 06:36:07,347 - INFO - Scraping page 66...
2025-06-15 06:36:09,796 - INFO - Found 60 links on page 64
2025-06-15 06:36:09,796 - INFO - Scraping page 67...
2025-06-15 06:36:10,124 - INFO - Found 60 links on page 65
2025-06-15 06:36:10,125 - INFO - Scraping page 68...
2025-06-15 06:36:12,050 - INFO - Found 60 links on page 66
2025-06-15 06:36:12,051 - INFO - Scraping page 69...
2025-06-15 06:36:13,558 - INFO - Found 60 links on page 67
2025-06-15 06:36:13,558 - INFO - Scraping page 70...
2025-06-15 06:36:14,051 - INFO - Found 60 links on page 68
2025-06-15 06:36:14,051 - INFO - Scraping page 71...
2025-06-15 06:36:16,311 - INFO - Found 60 links on page 69
2025-06-15 06:36:16,312 - INFO - Scraping page 72...
2025-06-15 06:36:17,432 - INFO - Found 60 links on page 70
2025-06-15 06:36:17,432 - INFO - Scraping page 73...
2025-06-15 06:36:17,920 - INFO - Found 60 links on page 71
2025-06-15 06:36:17,920 - INFO - Scraping page 74...
2025-06-15 06:36:20,337 - INFO - Found 60 links on page 72
2025-06-15 06:36:20,338 - INFO - Scraping page 75...
2025-06-15 06:36:21,422 - INFO - Found 60 links on page 73
2025-06-15 06:36:21,422 - INFO - Scraping page 76...
2025-06-15 06:36:22,162 - INFO - Found 60 links on page 74
2025-06-15 06:36:22,162 - INFO - Scraping page 77...
2025-06-15 06:36:24,569 - INFO - Found 60 links on page 75
2025-06-15 06:36:24,569 - INFO - Scraping page 78...
2025-06-15 06:36:25,366 - INFO - Found 60 links on page 76
2025-06-15 06:36:25,366 - INFO - Scraping page 79...
2025-06-15 06:36:26,193 - INFO - Found 60 links on page 77
2025-06-15 06:36:26,193 - INFO - Scraping page 80...
2025-06-15 06:36:28,952 - INFO - Found 60 links on page 78
2025-06-15 06:36:28,952 - INFO - Scraping page 81...
2025-06-15 06:36:29,810 - INFO - Found 60 links on page 79
2025-06-15 06:36:29,810 - INFO - Scraping page 82...
2025-06-15 06:36:30,119 - INFO - Found 60 links on page 80
2025-06-15 06:36:30,119 - INFO - Scraping page 83...
2025-06-15 06:36:33,152 - INFO - Found 60 links on page 81
2025-06-15 06:36:33,152 - INFO - Scraping page 84...
2025-06-15 06:36:33,944 - INFO - Found 60 links on page 82
2025-06-15 06:36:33,944 - INFO - Scraping page 85...
2025-06-15 06:36:34,210 - INFO - Found 60 links on page 83
2025-06-15 06:36:34,210 - INFO - Scraping page 86...
2025-06-15 06:36:37,178 - INFO - Found 60 links on page 84
2025-06-15 06:36:37,178 - INFO - Scraping page 87...
2025-06-15 06:36:37,901 - INFO - Found 60 links on page 85
2025-06-15 06:36:37,902 - INFO - Scraping page 88...
2025-06-15 06:36:38,598 - INFO - Found 60 links on page 86
2025-06-15 06:36:38,598 - INFO - Scraping page 89...
2025-06-15 06:36:41,004 - INFO - Found 60 links on page 87
2025-06-15 06:36:41,005 - INFO - Scraping page 90...
2025-06-15 06:36:42,124 - INFO - Found 60 links on page 88
2025-06-15 06:36:42,124 - INFO - Scraping page 91...
2025-06-15 06:36:43,196 - INFO - Found 60 links on page 89
2025-06-15 06:36:43,196 - INFO - Scraping page 92...
2025-06-15 06:36:44,904 - INFO - Found 60 links on page 90
2025-06-15 06:36:44,904 - INFO - Scraping page 93...
2025-06-15 06:36:46,305 - INFO - Found 60 links on page 91
2025-06-15 06:36:46,305 - INFO - Scraping page 94...
2025-06-15 06:36:47,349 - INFO - Found 60 links on page 92
2025-06-15 06:36:47,349 - INFO - Scraping page 95...
2025-06-15 06:36:49,144 - INFO - Found 60 links on page 93
2025-06-15 06:36:49,144 - INFO - Scraping page 96...
2025-06-15 06:36:50,123 - INFO - Found 60 links on page 94
2025-06-15 06:36:50,124 - INFO - Scraping page 97...
2025-06-15 06:36:51,455 - INFO - Found 60 links on page 95
2025-06-15 06:36:51,455 - INFO - Scraping page 98...
2025-06-15 06:36:53,110 - INFO - Found 60 links on page 96
2025-06-15 06:36:53,110 - INFO - Scraping page 99...
2025-06-15 06:36:54,266 - INFO - Found 60 links on page 97
2025-06-15 06:36:54,267 - INFO - Scraping page 100...
2025-06-15 06:36:56,015 - INFO - Found 60 links on page 98
2025-06-15 06:36:56,016 - INFO - Scraping page 101...
2025-06-15 06:36:57,196 - INFO - Found 60 links on page 99
2025-06-15 06:36:57,196 - INFO - Scraping page 102...
2025-06-15 06:36:58,576 - INFO - Found 60 links on page 100
2025-06-15 06:36:58,576 - INFO - Scraping page 103...
2025-06-15 06:36:59,998 - INFO - Found 60 links on page 101
2025-06-15 06:36:59,998 - INFO - Scraping page 104...
2025-06-15 06:37:01,340 - INFO - Found 60 links on page 102
2025-06-15 06:37:01,340 - INFO - Scraping page 105...
2025-06-15 06:37:02,378 - INFO - Found 60 links on page 103
2025-06-15 06:37:02,379 - INFO - Scraping page 106...
2025-06-15 06:37:04,021 - INFO - Found 60 links on page 104
2025-06-15 06:37:04,021 - INFO - Scraping page 107...
2025-06-15 06:37:05,892 - INFO - Found 60 links on page 105
2025-06-15 06:37:05,892 - INFO - Scraping page 108...
2025-06-15 06:37:06,192 - INFO - Found 60 links on page 106
2025-06-15 06:37:06,193 - INFO - Scraping page 109...
2025-06-15 06:37:07,919 - INFO - Found 60 links on page 107
2025-06-15 06:37:07,919 - INFO - Scraping page 110...
2025-06-15 06:37:10,082 - INFO - Found 60 links on page 109
2025-06-15 06:37:10,092 - INFO - Scraping page 111...
2025-06-15 06:37:10,270 - INFO - Found 60 links on page 108
2025-06-15 06:37:10,270 - INFO - Scraping page 112...
2025-06-15 06:37:11,858 - INFO - Found 60 links on page 110
2025-06-15 06:37:11,858 - INFO - Scraping page 113...
2025-06-15 06:37:14,527 - INFO - Found 60 links on page 112
2025-06-15 06:37:14,532 - INFO - Scraping page 114...
2025-06-15 06:37:14,678 - INFO - Found 60 links on page 111
2025-06-15 06:37:14,678 - INFO - Scraping page 115...
2025-06-15 06:37:16,013 - INFO - Found 60 links on page 113
2025-06-15 06:37:16,013 - INFO - Scraping page 116...
2025-06-15 06:37:18,852 - INFO - Found 60 links on page 114
2025-06-15 06:37:18,863 - INFO - Scraping page 117...
2025-06-15 06:37:19,050 - INFO - Found 60 links on page 115
2025-06-15 06:37:19,050 - INFO - Scraping page 118...
2025-06-15 06:37:20,229 - INFO - Found 60 links on page 116
2025-06-15 06:37:20,229 - INFO - Scraping page 119...
2025-06-15 06:37:22,934 - INFO - Found 60 links on page 117
2025-06-15 06:37:22,934 - INFO - Scraping page 120...
2025-06-15 06:37:23,860 - INFO - Found 60 links on page 118
2025-06-15 06:37:23,860 - INFO - Scraping page 121...
2025-06-15 06:37:24,423 - INFO - Found 60 links on page 119
2025-06-15 06:37:24,424 - INFO - Scraping page 122...
2025-06-15 06:37:27,120 - INFO - Found 60 links on page 120
2025-06-15 06:37:27,121 - INFO - Scraping page 123...
2025-06-15 06:37:27,508 - INFO - Found 60 links on page 121
2025-06-15 06:37:27,508 - INFO - Scraping page 124...
2025-06-15 06:37:28,305 - INFO - Found 60 links on page 122
2025-06-15 06:37:28,305 - INFO - Scraping page 125...
2025-06-15 06:37:31,562 - INFO - Found 60 links on page 123
2025-06-15 06:37:31,568 - INFO - Scraping page 126...
2025-06-15 06:37:31,631 - INFO - Found 60 links on page 124
2025-06-15 06:37:31,631 - INFO - Scraping page 127...
2025-06-15 06:37:32,484 - INFO - Found 60 links on page 125
2025-06-15 06:37:32,484 - INFO - Scraping page 128...
2025-06-15 06:37:35,352 - INFO - Found 60 links on page 127
2025-06-15 06:37:35,352 - INFO - Scraping page 129...
2025-06-15 06:37:35,608 - INFO - Found 60 links on page 126
2025-06-15 06:37:35,609 - INFO - Scraping page 130...
2025-06-15 06:37:36,518 - INFO - Found 60 links on page 128
2025-06-15 06:37:36,518 - INFO - Scraping page 131...
2025-06-15 06:37:39,268 - INFO - Found 60 links on page 129
2025-06-15 06:37:39,268 - INFO - Scraping page 132...
2025-06-15 06:37:39,526 - INFO - Found 60 links on page 130
2025-06-15 06:37:39,526 - INFO - Scraping page 133...
2025-06-15 06:37:41,204 - INFO - Found 60 links on page 131
2025-06-15 06:37:41,204 - INFO - Scraping page 134...
2025-06-15 06:37:43,338 - INFO - Found 60 links on page 132
2025-06-15 06:37:43,349 - INFO - Scraping page 135...
2025-06-15 06:37:43,521 - INFO - Found 60 links on page 133
2025-06-15 06:37:43,522 - INFO - Scraping page 136...
2025-06-15 06:37:45,673 - INFO - Found 60 links on page 134
2025-06-15 06:37:45,673 - INFO - Scraping page 137...
2025-06-15 06:37:47,288 - INFO - Found 60 links on page 136
2025-06-15 06:37:47,288 - INFO - Scraping page 138...
2025-06-15 06:37:47,479 - INFO - Found 60 links on page 135
2025-06-15 06:37:47,480 - INFO - Scraping page 139...
2025-06-15 06:37:50,076 - INFO - Found 60 links on page 137
2025-06-15 06:37:50,076 - INFO - Scraping page 140...
2025-06-15 06:37:51,285 - INFO - Found 60 links on page 139
2025-06-15 06:37:51,286 - INFO - Scraping page 141...
2025-06-15 06:37:51,484 - INFO - Found 60 links on page 138
2025-06-15 06:37:51,484 - INFO - Scraping page 142...
2025-06-15 06:37:53,929 - INFO - Found 60 links on page 140
2025-06-15 06:37:53,929 - INFO - Scraping page 143...
2025-06-15 06:37:55,412 - INFO - Found 60 links on page 141
2025-06-15 06:37:55,412 - INFO - Scraping page 144...
2025-06-15 06:37:55,663 - INFO - Found 60 links on page 142
2025-06-15 06:37:55,663 - INFO - Scraping page 145...
2025-06-15 06:37:57,629 - INFO - Found 60 links on page 143
2025-06-15 06:37:57,629 - INFO - Scraping page 146...
2025-06-15 06:37:59,585 - INFO - Found 60 links on page 145
2025-06-15 06:37:59,585 - INFO - Scraping page 147...
2025-06-15 06:38:00,020 - INFO - Found 60 links on page 144
2025-06-15 06:38:00,021 - INFO - Scraping page 148...
2025-06-15 06:38:01,385 - INFO - Found 60 links on page 146
2025-06-15 06:38:01,385 - INFO - Scraping page 149...
2025-06-15 06:38:03,601 - INFO - Found 60 links on page 147
2025-06-15 06:38:03,601 - INFO - Scraping page 150...
2025-06-15 06:38:04,100 - INFO - Found 60 links on page 148
2025-06-15 06:38:04,100 - INFO - Scraping page 151...
2025-06-15 06:38:05,388 - INFO - Found 60 links on page 149
2025-06-15 06:38:05,389 - INFO - Scraping page 152...
2025-06-15 06:38:08,710 - INFO - Found 60 links on page 151
2025-06-15 06:38:08,721 - INFO - Scraping page 153...
2025-06-15 06:38:08,779 - INFO - Found 60 links on page 150
2025-06-15 06:38:08,779 - INFO - Scraping page 154...
2025-06-15 06:38:09,743 - INFO - Found 60 links on page 152
2025-06-15 06:38:09,743 - INFO - Scraping page 155...
2025-06-15 06:38:12,568 - INFO - Found 60 links on page 154
2025-06-15 06:38:12,573 - INFO - Scraping page 156...
2025-06-15 06:38:12,724 - INFO - Found 60 links on page 153
2025-06-15 06:38:12,724 - INFO - Scraping page 157...
2025-06-15 06:38:13,911 - INFO - Found 60 links on page 155
2025-06-15 06:38:13,911 - INFO - Scraping page 158...
2025-06-15 06:38:16,590 - INFO - Found 60 links on page 156
2025-06-15 06:38:16,590 - INFO - Scraping page 159...
2025-06-15 06:38:17,414 - INFO - Found 60 links on page 157
2025-06-15 06:38:17,414 - INFO - Scraping page 160...
2025-06-15 06:38:17,808 - INFO - Found 60 links on page 158
2025-06-15 06:38:17,808 - INFO - Scraping page 161...
2025-06-15 06:38:20,534 - INFO - Found 60 links on page 159
2025-06-15 06:38:20,535 - INFO - Scraping page 162...
2025-06-15 06:38:21,336 - INFO - Found 60 links on page 160
2025-06-15 06:38:21,336 - INFO - Scraping page 163...
2025-06-15 06:38:21,936 - INFO - Found 60 links on page 161
2025-06-15 06:38:21,936 - INFO - Scraping page 164...
2025-06-15 06:38:24,826 - INFO - Found 60 links on page 162
2025-06-15 06:38:24,826 - INFO - Scraping page 165...
2025-06-15 06:38:25,508 - INFO - Found 60 links on page 163
2025-06-15 06:38:25,508 - INFO - Scraping page 166...
2025-06-15 06:38:26,030 - INFO - Found 60 links on page 164
2025-06-15 06:38:26,030 - INFO - Scraping page 167...
2025-06-15 06:38:28,542 - INFO - Found 60 links on page 165
2025-06-15 06:38:28,542 - INFO - Scraping page 168...
2025-06-15 06:38:29,313 - INFO - Found 60 links on page 166
2025-06-15 06:38:29,313 - INFO - Scraping page 169...
2025-06-15 06:38:30,114 - INFO - Found 60 links on page 167
2025-06-15 06:38:30,115 - INFO - Scraping page 170...
2025-06-15 06:38:32,852 - INFO - Found 60 links on page 168
2025-06-15 06:38:32,852 - INFO - Scraping page 171...
2025-06-15 06:38:33,273 - INFO - Found 60 links on page 169
2025-06-15 06:38:33,273 - INFO - Scraping page 172...
2025-06-15 06:38:34,456 - INFO - Found 60 links on page 170
2025-06-15 06:38:34,456 - INFO - Scraping page 173...
2025-06-15 06:38:37,156 - INFO - Found 60 links on page 171
2025-06-15 06:38:37,161 - INFO - Scraping page 174...
2025-06-15 06:38:37,282 - INFO - Found 60 links on page 172
2025-06-15 06:38:37,282 - INFO - Scraping page 175...
2025-06-15 06:38:38,578 - INFO - Found 60 links on page 173
2025-06-15 06:38:38,578 - INFO - Scraping page 176...
2025-06-15 06:38:40,951 - INFO - Found 60 links on page 174
2025-06-15 06:38:40,952 - INFO - Scraping page 177...
2025-06-15 06:38:42,108 - INFO - Found 60 links on page 175
2025-06-15 06:38:42,109 - INFO - Scraping page 178...
2025-06-15 06:38:42,914 - INFO - Found 60 links on page 176
2025-06-15 06:38:42,914 - INFO - Scraping page 179...
2025-06-15 06:38:44,929 - INFO - Found 60 links on page 177
2025-06-15 06:38:44,929 - INFO - Scraping page 180...
2025-06-15 06:38:46,327 - INFO - Found 60 links on page 178
2025-06-15 06:38:46,327 - INFO - Scraping page 181...
2025-06-15 06:38:47,029 - INFO - Found 60 links on page 179
2025-06-15 06:38:47,029 - INFO - Scraping page 182...
2025-06-15 06:38:49,210 - INFO - Found 60 links on page 180
2025-06-15 06:38:49,211 - INFO - Scraping page 183...
2025-06-15 06:38:50,692 - INFO - Found 60 links on page 181
2025-06-15 06:38:50,693 - INFO - Scraping page 184...
2025-06-15 06:38:50,952 - INFO - Found 60 links on page 182
2025-06-15 06:38:50,953 - INFO - Scraping page 185...
2025-06-15 06:38:53,879 - INFO - Found 60 links on page 183
2025-06-15 06:38:53,879 - INFO - Scraping page 186...
2025-06-15 06:38:54,747 - INFO - Found 60 links on page 184
2025-06-15 06:38:54,747 - INFO - Scraping page 187...
2025-06-15 06:38:54,947 - INFO - Found 60 links on page 185
2025-06-15 06:38:54,947 - INFO - Scraping page 188...
2025-06-15 06:38:57,741 - INFO - Found 60 links on page 186
2025-06-15 06:38:57,741 - INFO - Scraping page 189...
2025-06-15 06:38:58,755 - INFO - Found 60 links on page 188
2025-06-15 06:38:58,755 - INFO - Scraping page 190...
2025-06-15 06:38:59,489 - INFO - Found 60 links on page 187
2025-06-15 06:38:59,489 - INFO - Scraping page 191...
2025-06-15 06:39:01,617 - INFO - Found 60 links on page 189
2025-06-15 06:39:01,617 - INFO - Scraping page 192...
2025-06-15 06:39:02,842 - INFO - Found 60 links on page 190
2025-06-15 06:39:02,842 - INFO - Scraping page 193...
2025-06-15 06:39:03,670 - INFO - Found 60 links on page 191
2025-06-15 06:39:03,670 - INFO - Scraping page 194...
2025-06-15 06:39:05,570 - INFO - Found 60 links on page 192
2025-06-15 06:39:05,570 - INFO - Scraping page 195...
2025-06-15 06:39:07,197 - INFO - Found 60 links on page 193
2025-06-15 06:39:07,198 - INFO - Scraping page 196...
2025-06-15 06:39:07,454 - INFO - Found 60 links on page 194
2025-06-15 06:39:07,454 - INFO - Scraping page 197...
2025-06-15 06:39:09,475 - INFO - Found 60 links on page 195
2025-06-15 06:39:09,476 - INFO - Scraping page 198...
2025-06-15 06:39:11,340 - INFO - Found 60 links on page 196
2025-06-15 06:39:11,341 - INFO - Scraping page 199...
2025-06-15 06:39:11,556 - INFO - Found 60 links on page 197
2025-06-15 06:39:11,557 - INFO - Scraping page 200...
2025-06-15 06:39:13,662 - INFO - Found 60 links on page 198
2025-06-15 06:39:15,567 - INFO - Found 60 links on page 199
2025-06-15 06:39:15,755 - INFO - Found 60 links on page 200
2025-06-15 06:39:15,763 - INFO - Found 224 new links to scrape out of 12000 total links
2025-06-15 06:39:15,763 - INFO - Processing batch 1/5 (50 links)
2025-06-15 06:39:21,591 - INFO - Progress: 10/50 ads processed
2025-06-15 06:39:26,809 - INFO - Progress: 20/50 ads processed
2025-06-15 06:39:31,932 - INFO - Progress: 30/50 ads processed
2025-06-15 06:39:37,444 - INFO - Progress: 40/50 ads processed
2025-06-15 06:39:42,311 - INFO - Progress: 50/50 ads processed
2025-06-15 06:39:42,391 - INFO - Created backup of existing data file at unegui_data/unegui_sales_data.csv.bak
2025-06-15 06:39:42,740 - INFO - Data saved to unegui_data/unegui_sales_data.csv: 24325 records
2025-06-15 06:39:43,566 - INFO - Cache saved with 24734 URLs
2025-06-15 06:39:43,567 - INFO - Saved batch data. Total records: 24325
2025-06-15 06:39:43,567 - INFO - Processing batch 2/5 (50 links)
2025-06-15 06:39:49,740 - INFO - Progress: 10/50 ads processed
2025-06-15 06:39:54,689 - INFO - Progress: 20/50 ads processed
2025-06-15 06:39:59,868 - INFO - Progress: 30/50 ads processed
2025-06-15 06:40:05,112 - INFO - Progress: 40/50 ads processed
2025-06-15 06:40:10,107 - INFO - Progress: 50/50 ads processed
2025-06-15 06:40:10,181 - INFO - Created backup of existing data file at unegui_data/unegui_sales_data.csv.bak
2025-06-15 06:40:10,527 - INFO - Data saved to unegui_data/unegui_sales_data.csv: 24374 records
2025-06-15 06:40:11,353 - INFO - Cache saved with 24784 URLs
2025-06-15 06:40:11,353 - INFO - Saved batch data. Total records: 24374
2025-06-15 06:40:11,353 - INFO - Processing batch 3/5 (50 links)
2025-06-15 06:40:16,843 - INFO - Progress: 10/50 ads processed
2025-06-15 06:40:21,963 - INFO - Progress: 20/50 ads processed
2025-06-15 06:40:27,730 - INFO - Progress: 30/50 ads processed
2025-06-15 06:40:32,924 - INFO - Progress: 40/50 ads processed
2025-06-15 06:40:38,340 - INFO - Progress: 50/50 ads processed
2025-06-15 06:40:38,414 - INFO - Created backup of existing data file at unegui_data/unegui_sales_data.csv.bak
2025-06-15 06:40:38,761 - INFO - Data saved to unegui_data/unegui_sales_data.csv: 24423 records
2025-06-15 06:40:39,586 - INFO - Cache saved with 24834 URLs
2025-06-15 06:40:39,586 - INFO - Saved batch data. Total records: 24423
2025-06-15 06:40:39,586 - INFO - Processing batch 4/5 (50 links)
2025-06-15 06:40:44,944 - INFO - Progress: 10/50 ads processed
2025-06-15 06:40:50,159 - INFO - Progress: 20/50 ads processed
2025-06-15 06:40:55,476 - INFO - Progress: 30/50 ads processed
2025-06-15 06:41:00,297 - INFO - Progress: 40/50 ads processed
2025-06-15 06:41:05,429 - INFO - Progress: 50/50 ads processed
2025-06-15 06:41:05,505 - INFO - Created backup of existing data file at unegui_data/unegui_sales_data.csv.bak
2025-06-15 06:41:05,852 - INFO - Data saved to unegui_data/unegui_sales_data.csv: 24471 records
2025-06-15 06:41:06,663 - INFO - Cache saved with 24884 URLs
2025-06-15 06:41:06,663 - INFO - Saved batch data. Total records: 24471
2025-06-15 06:41:06,663 - INFO - Processing batch 5/5 (24 links)
2025-06-15 06:41:12,190 - INFO - Progress: 10/24 ads processed
2025-06-15 06:41:16,888 - INFO - Progress: 20/24 ads processed
2025-06-15 06:41:19,177 - INFO - Progress: 24/24 ads processed
2025-06-15 06:41:19,252 - INFO - Created backup of existing data file at unegui_data/unegui_sales_data.csv.bak
2025-06-15 06:41:19,602 - INFO - Data saved to unegui_data/unegui_sales_data.csv: 24495 records
2025-06-15 06:41:20,428 - INFO - Cache saved with 24908 URLs
2025-06-15 06:41:20,428 - INFO - Saved batch data. Total records: 24495
2025-06-15 06:41:20,429 - INFO - Scraping completed in 0:06:46.197530. Total ads collected: 24495
