2025-06-02 06:38:35,092 - INFO - Starting sales apartment scraper at 2025-06-02 06:38:35.092393
2025-06-02 06:38:35,383 - INFO - Loaded existing data from unegui_data/unegui_sales_data.csv: 19605 records
2025-06-02 06:38:35,614 - INFO - Loaded 19605 existing records
2025-06-02 06:38:35,626 - INFO - Scraping page 1...
2025-06-02 06:38:35,627 - INFO - Scraping page 2...
2025-06-02 06:38:35,627 - INFO - Scraping page 3...
2025-06-02 06:38:40,920 - INFO - Found 60 links on page 2
2025-06-02 06:38:40,920 - INFO - Scraping page 4...
2025-06-02 06:38:41,079 - INFO - Found 60 links on page 1
2025-06-02 06:38:41,079 - INFO - Scraping page 5...
2025-06-02 06:38:41,287 - INFO - Found 60 links on page 3
2025-06-02 06:38:41,288 - INFO - Scraping page 6...
2025-06-02 06:38:45,276 - INFO - Found 60 links on page 4
2025-06-02 06:38:45,281 - INFO - Scraping page 7...
2025-06-02 06:38:45,399 - INFO - Found 60 links on page 5
2025-06-02 06:38:45,400 - INFO - Scraping page 8...
2025-06-02 06:38:45,602 - INFO - Found 60 links on page 6
2025-06-02 06:38:45,602 - INFO - Scraping page 9...
2025-06-02 06:38:48,951 - INFO - Found 60 links on page 7
2025-06-02 06:38:48,951 - INFO - Scraping page 10...
2025-06-02 06:38:49,522 - INFO - Found 60 links on page 9
2025-06-02 06:38:49,522 - INFO - Scraping page 11...
2025-06-02 06:38:49,791 - INFO - Found 60 links on page 8
2025-06-02 06:38:49,791 - INFO - Scraping page 12...
2025-06-02 06:38:53,107 - INFO - Found 60 links on page 10
2025-06-02 06:38:53,107 - INFO - Scraping page 13...
2025-06-02 06:38:53,322 - INFO - Found 60 links on page 11
2025-06-02 06:38:53,322 - INFO - Scraping page 14...
2025-06-02 06:38:53,600 - INFO - Found 60 links on page 12
2025-06-02 06:38:53,600 - INFO - Scraping page 15...
2025-06-02 06:38:57,186 - INFO - Found 60 links on page 14
2025-06-02 06:38:57,191 - INFO - Scraping page 16...
2025-06-02 06:38:57,366 - INFO - Found 60 links on page 13
2025-06-02 06:38:57,367 - INFO - Scraping page 17...
2025-06-02 06:38:57,723 - INFO - Found 60 links on page 15
2025-06-02 06:38:57,723 - INFO - Scraping page 18...
2025-06-02 06:39:01,621 - INFO - Found 60 links on page 16
2025-06-02 06:39:01,621 - INFO - Scraping page 19...
2025-06-02 06:39:01,838 - INFO - Found 60 links on page 17
2025-06-02 06:39:01,838 - INFO - Scraping page 20...
2025-06-02 06:39:02,131 - INFO - Found 60 links on page 18
2025-06-02 06:39:02,131 - INFO - Scraping page 21...
2025-06-02 06:39:05,277 - INFO - Found 60 links on page 20
2025-06-02 06:39:05,277 - INFO - Scraping page 22...
2025-06-02 06:39:05,621 - INFO - Found 60 links on page 19
2025-06-02 06:39:05,621 - INFO - Scraping page 23...
2025-06-02 06:39:05,887 - INFO - Found 60 links on page 21
2025-06-02 06:39:05,888 - INFO - Scraping page 24...
2025-06-02 06:39:08,944 - INFO - Found 60 links on page 22
2025-06-02 06:39:08,944 - INFO - Scraping page 25...
2025-06-02 06:39:09,851 - INFO - Found 60 links on page 23
2025-06-02 06:39:09,856 - INFO - Scraping page 26...
2025-06-02 06:39:09,925 - INFO - Found 60 links on page 24
2025-06-02 06:39:09,925 - INFO - Scraping page 27...
2025-06-02 06:39:13,531 - INFO - Found 60 links on page 25
2025-06-02 06:39:13,531 - INFO - Scraping page 28...
2025-06-02 06:39:14,151 - INFO - Found 60 links on page 26
2025-06-02 06:39:14,156 - INFO - Scraping page 29...
2025-06-02 06:39:14,251 - INFO - Found 60 links on page 27
2025-06-02 06:39:14,251 - INFO - Scraping page 30...
2025-06-02 06:39:17,955 - INFO - Found 60 links on page 28
2025-06-02 06:39:17,955 - INFO - Scraping page 31...
2025-06-02 06:39:18,467 - INFO - Found 60 links on page 29
2025-06-02 06:39:18,467 - INFO - Scraping page 32...
2025-06-02 06:39:18,670 - INFO - Found 60 links on page 30
2025-06-02 06:39:18,670 - INFO - Scraping page 33...
2025-06-02 06:39:22,351 - INFO - Found 60 links on page 31
2025-06-02 06:39:22,357 - INFO - Scraping page 34...
2025-06-02 06:39:22,651 - INFO - Found 60 links on page 32
2025-06-02 06:39:22,656 - INFO - Scraping page 35...
2025-06-02 06:39:22,720 - INFO - Found 60 links on page 33
2025-06-02 06:39:22,720 - INFO - Scraping page 36...
2025-06-02 06:39:26,004 - INFO - Found 60 links on page 34
2025-06-02 06:39:26,004 - INFO - Scraping page 37...
2025-06-02 06:39:26,523 - INFO - Found 60 links on page 35
2025-06-02 06:39:26,523 - INFO - Scraping page 38...
2025-06-02 06:39:26,798 - INFO - Found 60 links on page 36
2025-06-02 06:39:26,798 - INFO - Scraping page 39...
2025-06-02 06:39:30,422 - INFO - Found 60 links on page 37
2025-06-02 06:39:30,423 - INFO - Scraping page 40...
2025-06-02 06:39:31,071 - INFO - Found 60 links on page 38
2025-06-02 06:39:31,071 - INFO - Scraping page 41...
2025-06-02 06:39:31,275 - INFO - Found 60 links on page 39
2025-06-02 06:39:31,275 - INFO - Scraping page 42...
2025-06-02 06:39:34,325 - INFO - Found 60 links on page 40
2025-06-02 06:39:34,325 - INFO - Scraping page 43...
2025-06-02 06:39:35,026 - INFO - Found 60 links on page 41
2025-06-02 06:39:35,026 - INFO - Scraping page 44...
2025-06-02 06:39:35,947 - INFO - Found 60 links on page 42
2025-06-02 06:39:35,947 - INFO - Scraping page 45...
2025-06-02 06:39:38,313 - INFO - Found 60 links on page 43
2025-06-02 06:39:38,313 - INFO - Scraping page 46...
2025-06-02 06:39:39,091 - INFO - Found 60 links on page 44
2025-06-02 06:39:39,091 - INFO - Scraping page 47...
2025-06-02 06:39:40,166 - INFO - Found 60 links on page 45
2025-06-02 06:39:40,167 - INFO - Scraping page 48...
2025-06-02 06:39:42,026 - INFO - Found 60 links on page 46
2025-06-02 06:39:42,026 - INFO - Scraping page 49...
2025-06-02 06:39:43,026 - INFO - Found 60 links on page 47
2025-06-02 06:39:43,026 - INFO - Scraping page 50...
2025-06-02 06:39:44,276 - INFO - Found 60 links on page 48
2025-06-02 06:39:44,277 - INFO - Scraping page 51...
2025-06-02 06:39:45,761 - INFO - Found 60 links on page 49
2025-06-02 06:39:45,761 - INFO - Scraping page 52...
2025-06-02 06:39:47,090 - INFO - Found 60 links on page 50
2025-06-02 06:39:47,090 - INFO - Scraping page 53...
2025-06-02 06:39:47,976 - INFO - Found 60 links on page 51
2025-06-02 06:39:47,976 - INFO - Scraping page 54...
2025-06-02 06:39:49,585 - INFO - Found 60 links on page 52
2025-06-02 06:39:49,585 - INFO - Scraping page 55...
2025-06-02 06:39:50,928 - INFO - Found 60 links on page 53
2025-06-02 06:39:50,928 - INFO - Scraping page 56...
2025-06-02 06:39:52,103 - INFO - Found 60 links on page 54
2025-06-02 06:39:52,103 - INFO - Scraping page 57...
2025-06-02 06:39:54,365 - INFO - Found 60 links on page 55
2025-06-02 06:39:54,365 - INFO - Scraping page 58...
2025-06-02 06:39:55,364 - INFO - Found 60 links on page 56
2025-06-02 06:39:55,364 - INFO - Scraping page 59...
2025-06-02 06:39:56,282 - INFO - Found 60 links on page 57
2025-06-02 06:39:56,282 - INFO - Scraping page 60...
2025-06-02 06:39:57,919 - INFO - Found 60 links on page 58
2025-06-02 06:39:57,919 - INFO - Scraping page 61...
2025-06-02 06:39:59,207 - INFO - Found 60 links on page 59
2025-06-02 06:39:59,207 - INFO - Scraping page 62...
2025-06-02 06:40:00,588 - INFO - Found 60 links on page 60
2025-06-02 06:40:00,588 - INFO - Scraping page 63...
2025-06-02 06:40:02,449 - INFO - Found 60 links on page 61
2025-06-02 06:40:02,449 - INFO - Scraping page 64...
2025-06-02 06:40:03,413 - INFO - Found 60 links on page 62
2025-06-02 06:40:03,413 - INFO - Scraping page 65...
2025-06-02 06:40:04,729 - INFO - Found 60 links on page 63
2025-06-02 06:40:04,729 - INFO - Scraping page 66...
2025-06-02 06:40:06,415 - INFO - Found 60 links on page 64
2025-06-02 06:40:06,415 - INFO - Scraping page 67...
2025-06-02 06:40:07,820 - INFO - Found 60 links on page 65
2025-06-02 06:40:07,820 - INFO - Scraping page 68...
2025-06-02 06:40:08,839 - INFO - Found 60 links on page 66
2025-06-02 06:40:08,839 - INFO - Scraping page 69...
2025-06-02 06:40:10,391 - INFO - Found 60 links on page 67
2025-06-02 06:40:10,391 - INFO - Scraping page 70...
2025-06-02 06:40:12,345 - INFO - Found 60 links on page 68
2025-06-02 06:40:12,345 - INFO - Scraping page 71...
2025-06-02 06:40:12,963 - INFO - Found 60 links on page 69
2025-06-02 06:40:12,963 - INFO - Scraping page 72...
2025-06-02 06:40:15,240 - INFO - Found 60 links on page 70
2025-06-02 06:40:15,240 - INFO - Scraping page 73...
2025-06-02 06:40:16,026 - INFO - Found 60 links on page 71
2025-06-02 06:40:16,026 - INFO - Scraping page 74...
2025-06-02 06:40:17,072 - INFO - Found 60 links on page 72
2025-06-02 06:40:17,072 - INFO - Scraping page 75...
2025-06-02 06:40:19,301 - INFO - Found 60 links on page 73
2025-06-02 06:40:19,301 - INFO - Scraping page 76...
2025-06-02 06:40:20,103 - INFO - Found 60 links on page 74
2025-06-02 06:40:20,103 - INFO - Scraping page 77...
2025-06-02 06:40:20,945 - INFO - Found 60 links on page 75
2025-06-02 06:40:20,946 - INFO - Scraping page 78...
2025-06-02 06:40:23,586 - INFO - Found 60 links on page 76
2025-06-02 06:40:23,586 - INFO - Scraping page 79...
2025-06-02 06:40:25,018 - INFO - Found 60 links on page 77
2025-06-02 06:40:25,029 - INFO - Scraping page 80...
2025-06-02 06:40:25,131 - INFO - Found 60 links on page 78
2025-06-02 06:40:25,131 - INFO - Scraping page 81...
2025-06-02 06:40:28,076 - INFO - Found 60 links on page 79
2025-06-02 06:40:28,076 - INFO - Scraping page 82...
2025-06-02 06:40:29,364 - INFO - Found 60 links on page 80
2025-06-02 06:40:29,370 - INFO - Scraping page 83...
2025-06-02 06:40:29,415 - INFO - Found 60 links on page 81
2025-06-02 06:40:29,415 - INFO - Scraping page 84...
2025-06-02 06:40:32,675 - INFO - Found 60 links on page 82
2025-06-02 06:40:32,675 - INFO - Scraping page 85...
2025-06-02 06:40:33,588 - INFO - Found 60 links on page 84
2025-06-02 06:40:33,593 - INFO - Scraping page 86...
2025-06-02 06:40:33,739 - INFO - Found 60 links on page 83
2025-06-02 06:40:33,739 - INFO - Scraping page 87...
2025-06-02 06:40:36,655 - INFO - Found 60 links on page 85
2025-06-02 06:40:36,655 - INFO - Scraping page 88...
2025-06-02 06:40:37,743 - INFO - Found 60 links on page 86
2025-06-02 06:40:37,743 - INFO - Scraping page 89...
2025-06-02 06:40:38,285 - INFO - Found 60 links on page 87
2025-06-02 06:40:38,285 - INFO - Scraping page 90...
2025-06-02 06:40:40,520 - INFO - Found 60 links on page 88
2025-06-02 06:40:40,521 - INFO - Scraping page 91...
2025-06-02 06:40:42,091 - INFO - Found 60 links on page 90
2025-06-02 06:40:42,091 - INFO - Scraping page 92...
2025-06-02 06:40:42,493 - INFO - Found 60 links on page 89
2025-06-02 06:40:42,493 - INFO - Scraping page 93...
2025-06-02 06:40:45,267 - INFO - Found 60 links on page 91
2025-06-02 06:40:45,267 - INFO - Scraping page 94...
2025-06-02 06:40:47,005 - INFO - Found 60 links on page 93
2025-06-02 06:40:47,010 - INFO - Scraping page 95...
2025-06-02 06:40:47,119 - INFO - Found 60 links on page 92
2025-06-02 06:40:47,120 - INFO - Scraping page 96...
2025-06-02 06:40:49,691 - INFO - Found 60 links on page 94
2025-06-02 06:40:49,691 - INFO - Scraping page 97...
2025-06-02 06:40:51,053 - INFO - Found 60 links on page 95
2025-06-02 06:40:51,054 - INFO - Scraping page 98...
2025-06-02 06:40:51,310 - INFO - Found 60 links on page 96
2025-06-02 06:40:51,311 - INFO - Scraping page 99...
2025-06-02 06:40:54,596 - INFO - Found 60 links on page 97
2025-06-02 06:40:54,596 - INFO - Scraping page 100...
2025-06-02 06:40:55,064 - INFO - Found 60 links on page 99
2025-06-02 06:40:55,064 - INFO - Scraping page 101...
2025-06-02 06:40:56,019 - INFO - Found 60 links on page 98
2025-06-02 06:40:56,019 - INFO - Scraping page 102...
2025-06-02 06:40:58,387 - INFO - Found 60 links on page 100
2025-06-02 06:40:58,387 - INFO - Scraping page 103...
2025-06-02 06:40:58,867 - INFO - Found 60 links on page 101
2025-06-02 06:40:58,868 - INFO - Scraping page 104...
2025-06-02 06:41:00,208 - INFO - Found 60 links on page 102
2025-06-02 06:41:00,208 - INFO - Scraping page 105...
2025-06-02 06:41:02,804 - INFO - Found 60 links on page 103
2025-06-02 06:41:02,804 - INFO - Scraping page 106...
2025-06-02 06:41:03,468 - INFO - Found 60 links on page 104
2025-06-02 06:41:03,469 - INFO - Scraping page 107...
2025-06-02 06:41:04,793 - INFO - Found 60 links on page 105
2025-06-02 06:41:04,793 - INFO - Scraping page 108...
2025-06-02 06:41:07,464 - INFO - Found 60 links on page 106
2025-06-02 06:41:07,465 - INFO - Scraping page 109...
2025-06-02 06:41:07,670 - INFO - Found 60 links on page 107
2025-06-02 06:41:07,670 - INFO - Scraping page 110...
2025-06-02 06:41:08,973 - INFO - Found 60 links on page 108
2025-06-02 06:41:08,973 - INFO - Scraping page 111...
2025-06-02 06:41:12,197 - INFO - Found 60 links on page 110
2025-06-02 06:41:12,202 - INFO - Scraping page 112...
2025-06-02 06:41:12,328 - INFO - Found 60 links on page 109
2025-06-02 06:41:12,328 - INFO - Scraping page 113...
2025-06-02 06:41:13,921 - INFO - Found 60 links on page 111
2025-06-02 06:41:13,921 - INFO - Scraping page 114...
2025-06-02 06:41:16,281 - INFO - Found 60 links on page 112
2025-06-02 06:41:16,281 - INFO - Scraping page 115...
2025-06-02 06:41:16,481 - INFO - Found 60 links on page 113
2025-06-02 06:41:16,481 - INFO - Scraping page 116...
2025-06-02 06:41:18,477 - INFO - Found 60 links on page 114
2025-06-02 06:41:18,477 - INFO - Scraping page 117...
2025-06-02 06:41:20,754 - INFO - Found 60 links on page 115
2025-06-02 06:41:20,754 - INFO - Scraping page 118...
2025-06-02 06:41:21,171 - INFO - Found 60 links on page 116
2025-06-02 06:41:21,172 - INFO - Scraping page 119...
2025-06-02 06:41:22,732 - INFO - Found 60 links on page 117
2025-06-02 06:41:22,733 - INFO - Scraping page 120...
2025-06-02 06:41:24,747 - INFO - Found 60 links on page 118
2025-06-02 06:41:24,747 - INFO - Scraping page 121...
2025-06-02 06:41:25,653 - INFO - Found 60 links on page 119
2025-06-02 06:41:25,653 - INFO - Scraping page 122...
2025-06-02 06:41:26,798 - INFO - Found 60 links on page 120
2025-06-02 06:41:26,798 - INFO - Scraping page 123...
2025-06-02 06:41:28,708 - INFO - Found 60 links on page 121
2025-06-02 06:41:28,708 - INFO - Scraping page 124...
2025-06-02 06:41:29,444 - INFO - Found 60 links on page 122
2025-06-02 06:41:29,444 - INFO - Scraping page 125...
2025-06-02 06:41:31,033 - INFO - Found 60 links on page 123
2025-06-02 06:41:31,033 - INFO - Scraping page 126...
2025-06-02 06:41:32,709 - INFO - Found 60 links on page 124
2025-06-02 06:41:32,709 - INFO - Scraping page 127...
2025-06-02 06:41:34,384 - INFO - Found 60 links on page 125
2025-06-02 06:41:34,384 - INFO - Scraping page 128...
2025-06-02 06:41:35,345 - INFO - Found 60 links on page 126
2025-06-02 06:41:35,345 - INFO - Scraping page 129...
2025-06-02 06:41:36,687 - INFO - Found 60 links on page 127
2025-06-02 06:41:36,687 - INFO - Scraping page 130...
2025-06-02 06:41:38,506 - INFO - Found 60 links on page 128
2025-06-02 06:41:38,506 - INFO - Scraping page 131...
2025-06-02 06:41:39,509 - INFO - Found 60 links on page 129
2025-06-02 06:41:39,510 - INFO - Scraping page 132...
2025-06-02 06:41:40,723 - INFO - Found 60 links on page 130
2025-06-02 06:41:40,723 - INFO - Scraping page 133...
2025-06-02 06:41:42,765 - INFO - Found 60 links on page 131
2025-06-02 06:41:42,765 - INFO - Scraping page 134...
2025-06-02 06:41:43,995 - INFO - Found 60 links on page 132
2025-06-02 06:41:43,995 - INFO - Scraping page 135...
2025-06-02 06:41:44,885 - INFO - Found 60 links on page 133
2025-06-02 06:41:44,885 - INFO - Scraping page 136...
2025-06-02 06:41:46,972 - INFO - Found 60 links on page 134
2025-06-02 06:41:46,972 - INFO - Scraping page 137...
2025-06-02 06:41:48,539 - INFO - Found 60 links on page 135
2025-06-02 06:41:48,539 - INFO - Scraping page 138...
2025-06-02 06:41:48,956 - INFO - Found 60 links on page 136
2025-06-02 06:41:48,956 - INFO - Scraping page 139...
2025-06-02 06:41:51,164 - INFO - Found 60 links on page 137
2025-06-02 06:41:51,165 - INFO - Scraping page 140...
2025-06-02 06:41:53,143 - INFO - Found 60 links on page 138
2025-06-02 06:41:53,148 - INFO - Scraping page 141...
2025-06-02 06:41:53,235 - INFO - Found 60 links on page 139
2025-06-02 06:41:53,235 - INFO - Scraping page 142...
2025-06-02 06:41:55,249 - INFO - Found 60 links on page 140
2025-06-02 06:41:55,250 - INFO - Scraping page 143...
2025-06-02 06:41:57,032 - INFO - Found 60 links on page 141
2025-06-02 06:41:57,032 - INFO - Scraping page 144...
2025-06-02 06:41:58,028 - INFO - Found 60 links on page 142
2025-06-02 06:41:58,028 - INFO - Scraping page 145...
2025-06-02 06:41:59,213 - INFO - Found 60 links on page 143
2025-06-02 06:41:59,213 - INFO - Scraping page 146...
2025-06-02 06:42:01,210 - INFO - Found 60 links on page 144
2025-06-02 06:42:01,210 - INFO - Scraping page 147...
2025-06-02 06:42:02,220 - INFO - Found 60 links on page 145
2025-06-02 06:42:02,220 - INFO - Scraping page 148...
2025-06-02 06:42:03,331 - INFO - Found 60 links on page 146
2025-06-02 06:42:03,331 - INFO - Scraping page 149...
2025-06-02 06:42:05,912 - INFO - Found 60 links on page 147
2025-06-02 06:42:05,912 - INFO - Scraping page 150...
2025-06-02 06:42:06,735 - INFO - Found 60 links on page 148
2025-06-02 06:42:06,735 - INFO - Scraping page 151...
2025-06-02 06:42:07,640 - INFO - Found 60 links on page 149
2025-06-02 06:42:07,640 - INFO - Scraping page 152...
2025-06-02 06:42:10,154 - INFO - Found 60 links on page 150
2025-06-02 06:42:10,155 - INFO - Scraping page 153...
2025-06-02 06:42:11,424 - INFO - Found 60 links on page 151
2025-06-02 06:42:11,424 - INFO - Scraping page 154...
2025-06-02 06:42:11,988 - INFO - Found 60 links on page 152
2025-06-02 06:42:11,988 - INFO - Scraping page 155...
2025-06-02 06:42:14,206 - INFO - Found 60 links on page 153
2025-06-02 06:42:14,206 - INFO - Scraping page 156...
2025-06-02 06:42:15,525 - INFO - Found 60 links on page 154
2025-06-02 06:42:15,525 - INFO - Scraping page 157...
2025-06-02 06:42:15,856 - INFO - Found 60 links on page 155
2025-06-02 06:42:15,856 - INFO - Scraping page 158...
2025-06-02 06:42:18,614 - INFO - Found 60 links on page 156
2025-06-02 06:42:18,614 - INFO - Scraping page 159...
2025-06-02 06:42:20,569 - INFO - Found 60 links on page 158
2025-06-02 06:42:20,575 - INFO - Scraping page 160...
2025-06-02 06:42:20,679 - INFO - Found 60 links on page 157
2025-06-02 06:42:20,680 - INFO - Scraping page 161...
2025-06-02 06:42:23,547 - INFO - Found 60 links on page 159
2025-06-02 06:42:23,547 - INFO - Scraping page 162...
2025-06-02 06:42:24,993 - INFO - Found 60 links on page 160
2025-06-02 06:42:24,993 - INFO - Scraping page 163...
2025-06-02 06:42:25,392 - INFO - Found 60 links on page 161
2025-06-02 06:42:25,393 - INFO - Scraping page 164...
2025-06-02 06:42:27,950 - INFO - Found 60 links on page 162
2025-06-02 06:42:27,950 - INFO - Scraping page 165...
2025-06-02 06:42:29,230 - INFO - Found 60 links on page 163
2025-06-02 06:42:29,230 - INFO - Scraping page 166...
2025-06-02 06:42:29,478 - INFO - Found 60 links on page 164
2025-06-02 06:42:29,478 - INFO - Scraping page 167...
2025-06-02 06:42:32,494 - INFO - Found 60 links on page 165
2025-06-02 06:42:32,494 - INFO - Scraping page 168...
2025-06-02 06:42:34,200 - INFO - Found 60 links on page 166
2025-06-02 06:42:34,211 - INFO - Scraping page 169...
2025-06-02 06:42:34,426 - INFO - Found 60 links on page 167
2025-06-02 06:42:34,426 - INFO - Scraping page 170...
2025-06-02 06:42:36,904 - INFO - Found 60 links on page 168
2025-06-02 06:42:36,904 - INFO - Scraping page 171...
2025-06-02 06:42:38,580 - INFO - Found 60 links on page 170
2025-06-02 06:42:38,585 - INFO - Scraping page 172...
2025-06-02 06:42:38,654 - INFO - Found 60 links on page 169
2025-06-02 06:42:38,655 - INFO - Scraping page 173...
2025-06-02 06:42:41,053 - INFO - Found 60 links on page 171
2025-06-02 06:42:41,053 - INFO - Scraping page 174...
2025-06-02 06:42:42,656 - INFO - Found 60 links on page 173
2025-06-02 06:42:42,656 - INFO - Scraping page 175...
2025-06-02 06:42:42,840 - INFO - Found 60 links on page 172
2025-06-02 06:42:42,841 - INFO - Scraping page 176...
2025-06-02 06:42:45,476 - INFO - Found 60 links on page 174
2025-06-02 06:42:45,476 - INFO - Scraping page 177...
2025-06-02 06:42:46,833 - INFO - Found 60 links on page 176
2025-06-02 06:42:46,839 - INFO - Scraping page 178...
2025-06-02 06:42:47,001 - INFO - Found 60 links on page 175
2025-06-02 06:42:47,001 - INFO - Scraping page 179...
2025-06-02 06:42:49,896 - INFO - Found 60 links on page 177
2025-06-02 06:42:49,896 - INFO - Scraping page 180...
2025-06-02 06:42:51,403 - INFO - Found 60 links on page 178
2025-06-02 06:42:51,404 - INFO - Scraping page 181...
2025-06-02 06:42:52,306 - INFO - Found 60 links on page 179
2025-06-02 06:42:52,306 - INFO - Scraping page 182...
2025-06-02 06:42:53,917 - INFO - Found 60 links on page 180
2025-06-02 06:42:53,917 - INFO - Scraping page 183...
2025-06-02 06:42:56,689 - INFO - Found 60 links on page 182
2025-06-02 06:42:56,699 - INFO - Scraping page 184...
2025-06-02 06:42:56,721 - INFO - Found 60 links on page 181
2025-06-02 06:42:56,721 - INFO - Scraping page 185...
2025-06-02 06:42:57,966 - INFO - Found 60 links on page 183
2025-06-02 06:42:57,966 - INFO - Scraping page 186...
2025-06-02 06:43:00,829 - INFO - Found 60 links on page 184
2025-06-02 06:43:00,830 - INFO - Scraping page 187...
2025-06-02 06:43:01,122 - INFO - Found 60 links on page 185
2025-06-02 06:43:01,122 - INFO - Scraping page 188...
2025-06-02 06:43:02,104 - INFO - Found 60 links on page 186
2025-06-02 06:43:02,105 - INFO - Scraping page 189...
2025-06-02 06:43:04,842 - INFO - Found 60 links on page 187
2025-06-02 06:43:04,842 - INFO - Scraping page 190...
2025-06-02 06:43:05,944 - INFO - Found 60 links on page 188
2025-06-02 06:43:05,944 - INFO - Scraping page 191...
2025-06-02 06:43:07,190 - INFO - Found 60 links on page 189
2025-06-02 06:43:07,191 - INFO - Scraping page 192...
2025-06-02 06:43:09,475 - INFO - Found 60 links on page 190
2025-06-02 06:43:09,475 - INFO - Scraping page 193...
2025-06-02 06:43:10,292 - INFO - Found 60 links on page 191
2025-06-02 06:43:10,292 - INFO - Scraping page 194...
2025-06-02 06:43:11,291 - INFO - Found 60 links on page 192
2025-06-02 06:43:11,291 - INFO - Scraping page 195...
2025-06-02 06:43:13,934 - INFO - Found 60 links on page 193
2025-06-02 06:43:13,934 - INFO - Scraping page 196...
2025-06-02 06:43:14,992 - INFO - Found 60 links on page 194
2025-06-02 06:43:14,992 - INFO - Scraping page 197...
2025-06-02 06:43:15,792 - INFO - Found 60 links on page 195
2025-06-02 06:43:15,792 - INFO - Scraping page 198...
2025-06-02 06:43:18,258 - INFO - Found 60 links on page 196
2025-06-02 06:43:18,259 - INFO - Scraping page 199...
2025-06-02 06:43:19,186 - INFO - Found 60 links on page 197
2025-06-02 06:43:19,186 - INFO - Scraping page 200...
2025-06-02 06:43:20,000 - INFO - Found 28 links on page 198
2025-06-02 06:43:22,013 - INFO - Found 28 links on page 199
2025-06-02 06:43:23,197 - INFO - Found 28 links on page 200
2025-06-02 06:43:23,205 - INFO - Found 253 new links to scrape out of 11904 total links
2025-06-02 06:43:23,205 - INFO - Processing batch 1/6 (50 links)
2025-06-02 06:43:29,040 - INFO - Progress: 10/50 ads processed
2025-06-02 06:43:33,869 - INFO - Progress: 20/50 ads processed
2025-06-02 06:43:38,974 - INFO - Progress: 30/50 ads processed
2025-06-02 06:43:43,831 - INFO - Progress: 40/50 ads processed
2025-06-02 06:43:48,778 - INFO - Progress: 50/50 ads processed
2025-06-02 06:43:48,840 - INFO - Created backup of existing data file at unegui_data/unegui_sales_data.csv.bak
2025-06-02 06:43:49,115 - INFO - Data saved to unegui_data/unegui_sales_data.csv: 19655 records
2025-06-02 06:43:49,776 - INFO - Cache saved with 19980 URLs
2025-06-02 06:43:49,776 - INFO - Saved batch data. Total records: 19655
2025-06-02 06:43:49,776 - INFO - Processing batch 2/6 (50 links)
2025-06-02 06:43:55,312 - INFO - Progress: 10/50 ads processed
2025-06-02 06:44:00,547 - INFO - Progress: 20/50 ads processed
2025-06-02 06:44:05,854 - INFO - Progress: 30/50 ads processed
2025-06-02 06:44:11,155 - INFO - Progress: 40/50 ads processed
2025-06-02 06:44:15,869 - INFO - Progress: 50/50 ads processed
2025-06-02 06:44:15,934 - INFO - Created backup of existing data file at unegui_data/unegui_sales_data.csv.bak
2025-06-02 06:44:16,209 - INFO - Data saved to unegui_data/unegui_sales_data.csv: 19704 records
2025-06-02 06:44:16,875 - INFO - Cache saved with 20030 URLs
2025-06-02 06:44:16,875 - INFO - Saved batch data. Total records: 19704
2025-06-02 06:44:16,875 - INFO - Processing batch 3/6 (50 links)
2025-06-02 06:44:22,193 - INFO - Progress: 10/50 ads processed
2025-06-02 06:44:27,370 - INFO - Progress: 20/50 ads processed
2025-06-02 06:44:33,419 - INFO - Progress: 30/50 ads processed
2025-06-02 06:44:38,484 - INFO - Progress: 40/50 ads processed
2025-06-02 06:44:43,792 - INFO - Progress: 50/50 ads processed
2025-06-02 06:44:43,855 - INFO - Created backup of existing data file at unegui_data/unegui_sales_data.csv.bak
2025-06-02 06:44:44,135 - INFO - Data saved to unegui_data/unegui_sales_data.csv: 19753 records
2025-06-02 06:44:44,809 - INFO - Cache saved with 20080 URLs
2025-06-02 06:44:44,809 - INFO - Saved batch data. Total records: 19753
2025-06-02 06:44:44,809 - INFO - Processing batch 4/6 (50 links)
2025-06-02 06:44:50,675 - INFO - Progress: 10/50 ads processed
2025-06-02 06:44:55,736 - INFO - Progress: 20/50 ads processed
2025-06-02 06:45:01,262 - INFO - Progress: 30/50 ads processed
2025-06-02 06:45:06,211 - INFO - Progress: 40/50 ads processed
2025-06-02 06:45:11,611 - INFO - Progress: 50/50 ads processed
2025-06-02 06:45:11,674 - INFO - Created backup of existing data file at unegui_data/unegui_sales_data.csv.bak
2025-06-02 06:45:11,952 - INFO - Data saved to unegui_data/unegui_sales_data.csv: 19799 records
2025-06-02 06:45:12,628 - INFO - Cache saved with 20130 URLs
2025-06-02 06:45:12,628 - INFO - Saved batch data. Total records: 19799
2025-06-02 06:45:12,628 - INFO - Processing batch 5/6 (50 links)
2025-06-02 06:45:18,276 - INFO - Progress: 10/50 ads processed
2025-06-02 06:45:23,364 - INFO - Progress: 20/50 ads processed
2025-06-02 06:45:29,274 - INFO - Progress: 30/50 ads processed
2025-06-02 06:45:34,441 - INFO - Progress: 40/50 ads processed
2025-06-02 06:45:39,698 - INFO - Progress: 50/50 ads processed
2025-06-02 06:45:39,761 - INFO - Created backup of existing data file at unegui_data/unegui_sales_data.csv.bak
2025-06-02 06:45:40,039 - INFO - Data saved to unegui_data/unegui_sales_data.csv: 19849 records
2025-06-02 06:45:40,707 - INFO - Cache saved with 20180 URLs
2025-06-02 06:45:40,707 - INFO - Saved batch data. Total records: 19849
2025-06-02 06:45:40,707 - INFO - Processing batch 6/6 (3 links)
2025-06-02 06:45:43,394 - INFO - Progress: 3/3 ads processed
2025-06-02 06:45:43,456 - INFO - Created backup of existing data file at unegui_data/unegui_sales_data.csv.bak
2025-06-02 06:45:43,736 - INFO - Data saved to unegui_data/unegui_sales_data.csv: 19852 records
2025-06-02 06:45:44,411 - INFO - Cache saved with 20183 URLs
2025-06-02 06:45:44,411 - INFO - Saved batch data. Total records: 19852
2025-06-02 06:45:44,411 - INFO - Scraping completed in 0:07:09.318996. Total ads collected: 19852
