2025-05-31 06:33:40,144 - INFO - Starting sales apartment scraper at 2025-05-31 06:33:40.144112
2025-05-31 06:33:40,428 - INFO - Loaded existing data from unegui_data/unegui_sales_data.csv: 19243 records
2025-05-31 06:33:40,649 - INFO - Loaded 19243 existing records
2025-05-31 06:33:40,665 - INFO - Scraping page 1...
2025-05-31 06:33:40,666 - INFO - Scraping page 2...
2025-05-31 06:33:40,666 - INFO - Scraping page 3...
2025-05-31 06:33:44,335 - INFO - Found 60 links on page 2
2025-05-31 06:33:44,345 - INFO - Scraping page 4...
2025-05-31 06:33:44,410 - INFO - Found 60 links on page 3
2025-05-31 06:33:44,410 - INFO - Scraping page 5...
2025-05-31 06:33:45,137 - INFO - Found 60 links on page 1
2025-05-31 06:33:45,138 - INFO - Scraping page 6...
2025-05-31 06:33:48,453 - INFO - Found 60 links on page 5
2025-05-31 06:33:48,453 - INFO - Scraping page 7...
2025-05-31 06:33:48,528 - INFO - Found 60 links on page 4
2025-05-31 06:33:48,528 - INFO - Scraping page 8...
2025-05-31 06:33:49,117 - INFO - Found 60 links on page 6
2025-05-31 06:33:49,117 - INFO - Scraping page 9...
2025-05-31 06:33:52,164 - INFO - Found 60 links on page 7
2025-05-31 06:33:52,164 - INFO - Scraping page 10...
2025-05-31 06:33:52,490 - INFO - Found 60 links on page 8
2025-05-31 06:33:52,491 - INFO - Scraping page 11...
2025-05-31 06:33:52,755 - INFO - Found 60 links on page 9
2025-05-31 06:33:52,755 - INFO - Scraping page 12...
2025-05-31 06:33:55,793 - INFO - Found 60 links on page 10
2025-05-31 06:33:55,793 - INFO - Scraping page 13...
2025-05-31 06:33:56,030 - INFO - Found 60 links on page 11
2025-05-31 06:33:56,030 - INFO - Scraping page 14...
2025-05-31 06:33:56,369 - INFO - Found 60 links on page 12
2025-05-31 06:33:56,370 - INFO - Scraping page 15...
2025-05-31 06:33:59,873 - INFO - Found 60 links on page 13
2025-05-31 06:33:59,878 - INFO - Scraping page 16...
2025-05-31 06:34:00,148 - INFO - Found 60 links on page 14
2025-05-31 06:34:00,154 - INFO - Scraping page 17...
2025-05-31 06:34:00,326 - INFO - Found 60 links on page 15
2025-05-31 06:34:00,326 - INFO - Scraping page 18...
2025-05-31 06:34:03,846 - INFO - Found 60 links on page 16
2025-05-31 06:34:03,846 - INFO - Scraping page 19...
2025-05-31 06:34:04,240 - INFO - Found 60 links on page 17
2025-05-31 06:34:04,251 - INFO - Scraping page 20...
2025-05-31 06:34:04,358 - INFO - Found 60 links on page 18
2025-05-31 06:34:04,358 - INFO - Scraping page 21...
2025-05-31 06:34:08,370 - INFO - Found 60 links on page 19
2025-05-31 06:34:08,380 - INFO - Scraping page 22...
2025-05-31 06:34:08,579 - INFO - Found 60 links on page 20
2025-05-31 06:34:08,589 - INFO - Scraping page 23...
2025-05-31 06:34:08,765 - INFO - Found 60 links on page 21
2025-05-31 06:34:08,766 - INFO - Scraping page 24...
2025-05-31 06:34:12,491 - INFO - Found 60 links on page 22
2025-05-31 06:34:12,502 - INFO - Scraping page 25...
2025-05-31 06:34:12,672 - INFO - Found 60 links on page 23
2025-05-31 06:34:12,672 - INFO - Scraping page 26...
2025-05-31 06:34:12,954 - INFO - Found 60 links on page 24
2025-05-31 06:34:12,954 - INFO - Scraping page 27...
2025-05-31 06:34:16,705 - INFO - Found 60 links on page 25
2025-05-31 06:34:16,710 - INFO - Scraping page 28...
2025-05-31 06:34:17,004 - INFO - Found 60 links on page 26
2025-05-31 06:34:17,009 - INFO - Scraping page 29...
2025-05-31 06:34:17,109 - INFO - Found 60 links on page 27
2025-05-31 06:34:17,109 - INFO - Scraping page 30...
2025-05-31 06:34:20,724 - INFO - Found 60 links on page 29
2025-05-31 06:34:20,740 - INFO - Scraping page 31...
2025-05-31 06:34:20,817 - INFO - Found 60 links on page 28
2025-05-31 06:34:20,817 - INFO - Scraping page 32...
2025-05-31 06:34:21,100 - INFO - Found 60 links on page 30
2025-05-31 06:34:21,101 - INFO - Scraping page 33...
2025-05-31 06:34:24,868 - INFO - Found 60 links on page 31
2025-05-31 06:34:24,878 - INFO - Scraping page 34...
2025-05-31 06:34:25,276 - INFO - Found 60 links on page 33
2025-05-31 06:34:25,282 - INFO - Scraping page 35...
2025-05-31 06:34:25,305 - INFO - Found 60 links on page 32
2025-05-31 06:34:25,305 - INFO - Scraping page 36...
2025-05-31 06:34:28,641 - INFO - Found 60 links on page 34
2025-05-31 06:34:28,641 - INFO - Scraping page 37...
2025-05-31 06:34:29,278 - INFO - Found 60 links on page 35
2025-05-31 06:34:29,283 - INFO - Scraping page 38...
2025-05-31 06:34:29,343 - INFO - Found 60 links on page 36
2025-05-31 06:34:29,343 - INFO - Scraping page 39...
2025-05-31 06:34:32,302 - INFO - Found 60 links on page 37
2025-05-31 06:34:32,302 - INFO - Scraping page 40...
2025-05-31 06:34:33,323 - INFO - Found 60 links on page 38
2025-05-31 06:34:33,323 - INFO - Scraping page 41...
2025-05-31 06:34:34,631 - INFO - Found 60 links on page 39
2025-05-31 06:34:34,631 - INFO - Scraping page 42...
2025-05-31 06:34:36,459 - INFO - Found 60 links on page 40
2025-05-31 06:34:36,459 - INFO - Scraping page 43...
2025-05-31 06:34:36,980 - INFO - Found 60 links on page 41
2025-05-31 06:34:36,981 - INFO - Scraping page 44...
2025-05-31 06:34:38,456 - INFO - Found 60 links on page 42
2025-05-31 06:34:38,456 - INFO - Scraping page 45...
2025-05-31 06:34:40,330 - INFO - Found 60 links on page 43
2025-05-31 06:34:40,331 - INFO - Scraping page 46...
2025-05-31 06:34:40,713 - INFO - Found 60 links on page 44
2025-05-31 06:34:40,713 - INFO - Scraping page 47...
2025-05-31 06:34:42,570 - INFO - Found 60 links on page 45
2025-05-31 06:34:42,571 - INFO - Scraping page 48...
2025-05-31 06:34:44,587 - INFO - Found 60 links on page 47
2025-05-31 06:34:44,593 - INFO - Scraping page 49...
2025-05-31 06:34:44,710 - INFO - Found 60 links on page 46
2025-05-31 06:34:44,710 - INFO - Scraping page 50...
2025-05-31 06:34:46,852 - INFO - Found 60 links on page 48
2025-05-31 06:34:46,853 - INFO - Scraping page 51...
2025-05-31 06:34:48,602 - INFO - Found 60 links on page 49
2025-05-31 06:34:48,612 - INFO - Scraping page 52...
2025-05-31 06:34:48,786 - INFO - Found 60 links on page 50
2025-05-31 06:34:48,786 - INFO - Scraping page 53...
2025-05-31 06:34:50,602 - INFO - Found 60 links on page 51
2025-05-31 06:34:50,602 - INFO - Scraping page 54...
2025-05-31 06:34:52,544 - INFO - Found 60 links on page 52
2025-05-31 06:34:52,544 - INFO - Scraping page 55...
2025-05-31 06:34:52,881 - INFO - Found 60 links on page 53
2025-05-31 06:34:52,882 - INFO - Scraping page 56...
2025-05-31 06:34:55,236 - INFO - Found 60 links on page 54
2025-05-31 06:34:55,236 - INFO - Scraping page 57...
2025-05-31 06:34:56,811 - INFO - Found 60 links on page 56
2025-05-31 06:34:56,811 - INFO - Scraping page 58...
2025-05-31 06:34:57,294 - INFO - Found 60 links on page 55
2025-05-31 06:34:57,294 - INFO - Scraping page 59...
2025-05-31 06:34:59,785 - INFO - Found 60 links on page 57
2025-05-31 06:34:59,785 - INFO - Scraping page 60...
2025-05-31 06:35:00,967 - INFO - Found 60 links on page 58
2025-05-31 06:35:00,967 - INFO - Scraping page 61...
2025-05-31 06:35:01,288 - INFO - Found 60 links on page 59
2025-05-31 06:35:01,288 - INFO - Scraping page 62...
2025-05-31 06:35:03,785 - INFO - Found 60 links on page 60
2025-05-31 06:35:03,785 - INFO - Scraping page 63...
2025-05-31 06:35:04,711 - INFO - Found 60 links on page 61
2025-05-31 06:35:04,711 - INFO - Scraping page 64...
2025-05-31 06:35:05,952 - INFO - Found 60 links on page 62
2025-05-31 06:35:05,953 - INFO - Scraping page 65...
2025-05-31 06:35:07,500 - INFO - Found 60 links on page 63
2025-05-31 06:35:07,500 - INFO - Scraping page 66...
2025-05-31 06:35:08,815 - INFO - Found 60 links on page 64
2025-05-31 06:35:08,815 - INFO - Scraping page 67...
2025-05-31 06:35:09,833 - INFO - Found 60 links on page 65
2025-05-31 06:35:09,833 - INFO - Scraping page 68...
2025-05-31 06:35:11,972 - INFO - Found 60 links on page 66
2025-05-31 06:35:11,972 - INFO - Scraping page 69...
2025-05-31 06:35:12,593 - INFO - Found 60 links on page 67
2025-05-31 06:35:12,593 - INFO - Scraping page 70...
2025-05-31 06:35:13,814 - INFO - Found 60 links on page 68
2025-05-31 06:35:13,814 - INFO - Scraping page 71...
2025-05-31 06:35:16,056 - INFO - Found 60 links on page 69
2025-05-31 06:35:16,056 - INFO - Scraping page 72...
2025-05-31 06:35:17,246 - INFO - Found 60 links on page 70
2025-05-31 06:35:17,246 - INFO - Scraping page 73...
2025-05-31 06:35:17,589 - INFO - Found 60 links on page 71
2025-05-31 06:35:17,589 - INFO - Scraping page 74...
2025-05-31 06:35:20,240 - INFO - Found 60 links on page 72
2025-05-31 06:35:20,240 - INFO - Scraping page 75...
2025-05-31 06:35:21,277 - INFO - Found 60 links on page 73
2025-05-31 06:35:21,278 - INFO - Scraping page 76...
2025-05-31 06:35:21,533 - INFO - Found 60 links on page 74
2025-05-31 06:35:21,533 - INFO - Scraping page 77...
2025-05-31 06:35:24,367 - INFO - Found 60 links on page 75
2025-05-31 06:35:24,367 - INFO - Scraping page 78...
2025-05-31 06:35:25,525 - INFO - Found 60 links on page 77
2025-05-31 06:35:25,535 - INFO - Scraping page 79...
2025-05-31 06:35:25,614 - INFO - Found 60 links on page 76
2025-05-31 06:35:25,614 - INFO - Scraping page 80...
2025-05-31 06:35:28,358 - INFO - Found 60 links on page 78
2025-05-31 06:35:28,359 - INFO - Scraping page 81...
2025-05-31 06:35:29,539 - INFO - Found 60 links on page 80
2025-05-31 06:35:29,545 - INFO - Scraping page 82...
2025-05-31 06:35:29,709 - INFO - Found 60 links on page 79
2025-05-31 06:35:29,709 - INFO - Scraping page 83...
2025-05-31 06:35:32,084 - INFO - Found 60 links on page 81
2025-05-31 06:35:32,085 - INFO - Scraping page 84...
2025-05-31 06:35:33,324 - INFO - Found 60 links on page 82
2025-05-31 06:35:33,325 - INFO - Scraping page 85...
2025-05-31 06:35:34,246 - INFO - Found 60 links on page 83
2025-05-31 06:35:34,246 - INFO - Scraping page 86...
2025-05-31 06:35:36,016 - INFO - Found 60 links on page 84
2025-05-31 06:35:36,016 - INFO - Scraping page 87...
2025-05-31 06:35:37,093 - INFO - Found 60 links on page 85
2025-05-31 06:35:37,094 - INFO - Scraping page 88...
2025-05-31 06:35:38,170 - INFO - Found 60 links on page 86
2025-05-31 06:35:38,170 - INFO - Scraping page 89...
2025-05-31 06:35:40,071 - INFO - Found 60 links on page 87
2025-05-31 06:35:40,071 - INFO - Scraping page 90...
2025-05-31 06:35:41,304 - INFO - Found 60 links on page 88
2025-05-31 06:35:41,304 - INFO - Scraping page 91...
2025-05-31 06:35:42,150 - INFO - Found 60 links on page 89
2025-05-31 06:35:42,150 - INFO - Scraping page 92...
2025-05-31 06:35:44,223 - INFO - Found 60 links on page 90
2025-05-31 06:35:44,224 - INFO - Scraping page 93...
2025-05-31 06:35:45,325 - INFO - Found 60 links on page 91
2025-05-31 06:35:45,326 - INFO - Scraping page 94...
2025-05-31 06:35:46,287 - INFO - Found 60 links on page 92
2025-05-31 06:35:46,287 - INFO - Scraping page 95...
2025-05-31 06:35:48,305 - INFO - Found 60 links on page 93
2025-05-31 06:35:48,306 - INFO - Scraping page 96...
2025-05-31 06:35:49,149 - INFO - Found 60 links on page 94
2025-05-31 06:35:49,149 - INFO - Scraping page 97...
2025-05-31 06:35:50,377 - INFO - Found 60 links on page 95
2025-05-31 06:35:50,377 - INFO - Scraping page 98...
2025-05-31 06:35:52,351 - INFO - Found 60 links on page 96
2025-05-31 06:35:52,352 - INFO - Scraping page 99...
2025-05-31 06:35:53,533 - INFO - Found 60 links on page 97
2025-05-31 06:35:53,533 - INFO - Scraping page 100...
2025-05-31 06:35:55,075 - INFO - Found 60 links on page 98
2025-05-31 06:35:55,076 - INFO - Scraping page 101...
2025-05-31 06:35:56,586 - INFO - Found 60 links on page 99
2025-05-31 06:35:56,586 - INFO - Scraping page 102...
2025-05-31 06:35:57,632 - INFO - Found 60 links on page 100
2025-05-31 06:35:57,632 - INFO - Scraping page 103...
2025-05-31 06:35:59,015 - INFO - Found 60 links on page 101
2025-05-31 06:35:59,015 - INFO - Scraping page 104...
2025-05-31 06:36:01,016 - INFO - Found 60 links on page 102
2025-05-31 06:36:01,016 - INFO - Scraping page 105...
2025-05-31 06:36:01,812 - INFO - Found 60 links on page 103
2025-05-31 06:36:01,812 - INFO - Scraping page 106...
2025-05-31 06:36:03,921 - INFO - Found 60 links on page 104
2025-05-31 06:36:03,921 - INFO - Scraping page 107...
2025-05-31 06:36:04,900 - INFO - Found 60 links on page 105
2025-05-31 06:36:04,900 - INFO - Scraping page 108...
2025-05-31 06:36:05,714 - INFO - Found 60 links on page 106
2025-05-31 06:36:05,715 - INFO - Scraping page 109...
2025-05-31 06:36:07,855 - INFO - Found 60 links on page 107
2025-05-31 06:36:07,855 - INFO - Scraping page 110...
2025-05-31 06:36:09,049 - INFO - Found 60 links on page 108
2025-05-31 06:36:09,049 - INFO - Scraping page 111...
2025-05-31 06:36:09,550 - INFO - Found 60 links on page 109
2025-05-31 06:36:09,550 - INFO - Scraping page 112...
2025-05-31 06:36:11,909 - INFO - Found 60 links on page 110
2025-05-31 06:36:11,909 - INFO - Scraping page 113...
2025-05-31 06:36:13,456 - INFO - Found 60 links on page 111
2025-05-31 06:36:13,467 - INFO - Scraping page 114...
2025-05-31 06:36:13,595 - INFO - Found 60 links on page 112
2025-05-31 06:36:13,595 - INFO - Scraping page 115...
2025-05-31 06:36:15,876 - INFO - Found 60 links on page 113
2025-05-31 06:36:15,876 - INFO - Scraping page 116...
2025-05-31 06:36:17,779 - INFO - Found 60 links on page 115
2025-05-31 06:36:17,779 - INFO - Scraping page 117...
2025-05-31 06:36:18,218 - INFO - Found 60 links on page 114
2025-05-31 06:36:18,218 - INFO - Scraping page 118...
2025-05-31 06:36:19,783 - INFO - Found 60 links on page 116
2025-05-31 06:36:19,783 - INFO - Scraping page 119...
2025-05-31 06:36:21,728 - INFO - Found 60 links on page 117
2025-05-31 06:36:21,728 - INFO - Scraping page 120...
2025-05-31 06:36:22,308 - INFO - Found 60 links on page 118
2025-05-31 06:36:22,308 - INFO - Scraping page 121...
2025-05-31 06:36:23,719 - INFO - Found 60 links on page 119
2025-05-31 06:36:23,720 - INFO - Scraping page 122...
2025-05-31 06:36:25,495 - INFO - Found 60 links on page 120
2025-05-31 06:36:25,495 - INFO - Scraping page 123...
2025-05-31 06:36:27,023 - INFO - Found 60 links on page 121
2025-05-31 06:36:27,024 - INFO - Scraping page 124...
2025-05-31 06:36:27,660 - INFO - Found 60 links on page 122
2025-05-31 06:36:27,660 - INFO - Scraping page 125...
2025-05-31 06:36:29,696 - INFO - Found 60 links on page 123
2025-05-31 06:36:29,696 - INFO - Scraping page 126...
2025-05-31 06:36:31,002 - INFO - Found 60 links on page 124
2025-05-31 06:36:31,002 - INFO - Scraping page 127...
2025-05-31 06:36:31,487 - INFO - Found 60 links on page 125
2025-05-31 06:36:31,487 - INFO - Scraping page 128...
2025-05-31 06:36:33,802 - INFO - Found 60 links on page 126
2025-05-31 06:36:33,803 - INFO - Scraping page 129...
2025-05-31 06:36:35,522 - INFO - Found 60 links on page 128
2025-05-31 06:36:35,523 - INFO - Scraping page 130...
2025-05-31 06:36:35,792 - INFO - Found 60 links on page 127
2025-05-31 06:36:35,792 - INFO - Scraping page 131...
2025-05-31 06:36:38,205 - INFO - Found 60 links on page 129
2025-05-31 06:36:38,205 - INFO - Scraping page 132...
2025-05-31 06:36:39,676 - INFO - Found 60 links on page 130
2025-05-31 06:36:39,676 - INFO - Scraping page 133...
2025-05-31 06:36:40,168 - INFO - Found 60 links on page 131
2025-05-31 06:36:40,168 - INFO - Scraping page 134...
2025-05-31 06:36:41,911 - INFO - Found 60 links on page 132
2025-05-31 06:36:41,911 - INFO - Scraping page 135...
2025-05-31 06:36:43,410 - INFO - Found 60 links on page 133
2025-05-31 06:36:43,410 - INFO - Scraping page 136...
2025-05-31 06:36:44,074 - INFO - Found 60 links on page 134
2025-05-31 06:36:44,074 - INFO - Scraping page 137...
2025-05-31 06:36:45,870 - INFO - Found 60 links on page 135
2025-05-31 06:36:45,870 - INFO - Scraping page 138...
2025-05-31 06:36:47,344 - INFO - Found 60 links on page 136
2025-05-31 06:36:47,345 - INFO - Scraping page 139...
2025-05-31 06:36:48,143 - INFO - Found 60 links on page 137
2025-05-31 06:36:48,143 - INFO - Scraping page 140...
2025-05-31 06:36:50,255 - INFO - Found 60 links on page 138
2025-05-31 06:36:50,255 - INFO - Scraping page 141...
2025-05-31 06:36:51,407 - INFO - Found 60 links on page 139
2025-05-31 06:36:51,407 - INFO - Scraping page 142...
2025-05-31 06:36:52,274 - INFO - Found 60 links on page 140
2025-05-31 06:36:52,274 - INFO - Scraping page 143...
2025-05-31 06:36:54,383 - INFO - Found 60 links on page 141
2025-05-31 06:36:54,384 - INFO - Scraping page 144...
2025-05-31 06:36:55,601 - INFO - Found 60 links on page 142
2025-05-31 06:36:55,602 - INFO - Scraping page 145...
2025-05-31 06:36:57,247 - INFO - Found 60 links on page 143
2025-05-31 06:36:57,247 - INFO - Scraping page 146...
2025-05-31 06:36:58,228 - INFO - Found 60 links on page 144
2025-05-31 06:36:58,228 - INFO - Scraping page 147...
2025-05-31 06:36:59,483 - INFO - Found 60 links on page 145
2025-05-31 06:36:59,483 - INFO - Scraping page 148...
2025-05-31 06:37:01,223 - INFO - Found 60 links on page 146
2025-05-31 06:37:01,223 - INFO - Scraping page 149...
2025-05-31 06:37:02,947 - INFO - Found 60 links on page 147
2025-05-31 06:37:02,947 - INFO - Scraping page 150...
2025-05-31 06:37:03,692 - INFO - Found 60 links on page 148
2025-05-31 06:37:03,693 - INFO - Scraping page 151...
2025-05-31 06:37:05,290 - INFO - Found 60 links on page 149
2025-05-31 06:37:05,290 - INFO - Scraping page 152...
2025-05-31 06:37:06,877 - INFO - Found 60 links on page 150
2025-05-31 06:37:06,877 - INFO - Scraping page 153...
2025-05-31 06:37:07,487 - INFO - Found 60 links on page 151
2025-05-31 06:37:07,487 - INFO - Scraping page 154...
2025-05-31 06:37:09,401 - INFO - Found 60 links on page 152
2025-05-31 06:37:09,401 - INFO - Scraping page 155...
2025-05-31 06:37:10,620 - INFO - Found 60 links on page 153
2025-05-31 06:37:10,620 - INFO - Scraping page 156...
2025-05-31 06:37:11,608 - INFO - Found 60 links on page 154
2025-05-31 06:37:11,609 - INFO - Scraping page 157...
2025-05-31 06:37:13,510 - INFO - Found 60 links on page 155
2025-05-31 06:37:13,510 - INFO - Scraping page 158...
2025-05-31 06:37:14,745 - INFO - Found 60 links on page 156
2025-05-31 06:37:14,746 - INFO - Scraping page 159...
2025-05-31 06:37:15,646 - INFO - Found 60 links on page 157
2025-05-31 06:37:15,646 - INFO - Scraping page 160...
2025-05-31 06:37:17,481 - INFO - Found 60 links on page 158
2025-05-31 06:37:17,482 - INFO - Scraping page 161...
2025-05-31 06:37:18,569 - INFO - Found 60 links on page 159
2025-05-31 06:37:18,569 - INFO - Scraping page 162...
2025-05-31 06:37:20,310 - INFO - Found 60 links on page 160
2025-05-31 06:37:20,310 - INFO - Scraping page 163...
2025-05-31 06:37:21,750 - INFO - Found 60 links on page 161
2025-05-31 06:37:21,750 - INFO - Scraping page 164...
2025-05-31 06:37:22,651 - INFO - Found 60 links on page 162
2025-05-31 06:37:22,651 - INFO - Scraping page 165...
2025-05-31 06:37:24,100 - INFO - Found 60 links on page 163
2025-05-31 06:37:24,100 - INFO - Scraping page 166...
2025-05-31 06:37:25,996 - INFO - Found 60 links on page 164
2025-05-31 06:37:25,996 - INFO - Scraping page 167...
2025-05-31 06:37:26,483 - INFO - Found 60 links on page 165
2025-05-31 06:37:26,484 - INFO - Scraping page 168...
2025-05-31 06:37:28,073 - INFO - Found 60 links on page 166
2025-05-31 06:37:28,074 - INFO - Scraping page 169...
2025-05-31 06:37:30,311 - INFO - Found 60 links on page 167
2025-05-31 06:37:30,312 - INFO - Scraping page 170...
2025-05-31 06:37:30,623 - INFO - Found 60 links on page 168
2025-05-31 06:37:30,623 - INFO - Scraping page 171...
2025-05-31 06:37:32,262 - INFO - Found 60 links on page 169
2025-05-31 06:37:32,263 - INFO - Scraping page 172...
2025-05-31 06:37:34,549 - INFO - Found 60 links on page 170
2025-05-31 06:37:34,549 - INFO - Scraping page 173...
2025-05-31 06:37:35,110 - INFO - Found 60 links on page 171
2025-05-31 06:37:35,110 - INFO - Scraping page 174...
2025-05-31 06:37:36,798 - INFO - Found 60 links on page 172
2025-05-31 06:37:36,798 - INFO - Scraping page 175...
2025-05-31 06:37:38,369 - INFO - Found 60 links on page 173
2025-05-31 06:37:38,369 - INFO - Scraping page 176...
2025-05-31 06:37:39,324 - INFO - Found 60 links on page 174
2025-05-31 06:37:39,324 - INFO - Scraping page 177...
2025-05-31 06:37:40,928 - INFO - Found 60 links on page 175
2025-05-31 06:37:40,929 - INFO - Scraping page 178...
2025-05-31 06:37:42,335 - INFO - Found 60 links on page 176
2025-05-31 06:37:42,335 - INFO - Scraping page 179...
2025-05-31 06:37:43,574 - INFO - Found 60 links on page 177
2025-05-31 06:37:43,574 - INFO - Scraping page 180...
2025-05-31 06:37:44,803 - INFO - Found 60 links on page 178
2025-05-31 06:37:44,804 - INFO - Scraping page 181...
2025-05-31 06:37:46,366 - INFO - Found 60 links on page 179
2025-05-31 06:37:46,366 - INFO - Scraping page 182...
2025-05-31 06:37:47,267 - INFO - Found 60 links on page 180
2025-05-31 06:37:47,267 - INFO - Scraping page 183...
2025-05-31 06:37:48,603 - INFO - Found 60 links on page 181
2025-05-31 06:37:48,603 - INFO - Scraping page 184...
2025-05-31 06:37:50,324 - INFO - Found 60 links on page 182
2025-05-31 06:37:50,324 - INFO - Scraping page 185...
2025-05-31 06:37:51,354 - INFO - Found 60 links on page 183
2025-05-31 06:37:51,354 - INFO - Scraping page 186...
2025-05-31 06:37:52,720 - INFO - Found 60 links on page 184
2025-05-31 06:37:52,720 - INFO - Scraping page 187...
2025-05-31 06:37:54,416 - INFO - Found 60 links on page 185
2025-05-31 06:37:54,416 - INFO - Scraping page 188...
2025-05-31 06:37:55,467 - INFO - Found 60 links on page 186
2025-05-31 06:37:55,468 - INFO - Scraping page 189...
2025-05-31 06:37:57,194 - INFO - Found 60 links on page 187
2025-05-31 06:37:57,195 - INFO - Scraping page 190...
2025-05-31 06:37:58,401 - INFO - Found 60 links on page 188
2025-05-31 06:37:58,401 - INFO - Scraping page 191...
2025-05-31 06:37:59,358 - INFO - Found 60 links on page 189
2025-05-31 06:37:59,359 - INFO - Scraping page 192...
2025-05-31 06:38:01,733 - INFO - Found 60 links on page 190
2025-05-31 06:38:01,733 - INFO - Scraping page 193...
2025-05-31 06:38:02,493 - INFO - Found 60 links on page 191
2025-05-31 06:38:02,493 - INFO - Scraping page 194...
2025-05-31 06:38:03,526 - INFO - Found 60 links on page 192
2025-05-31 06:38:03,526 - INFO - Scraping page 195...
2025-05-31 06:38:05,547 - INFO - Found 60 links on page 193
2025-05-31 06:38:05,547 - INFO - Scraping page 196...
2025-05-31 06:38:06,215 - INFO - Found 60 links on page 194
2025-05-31 06:38:06,215 - INFO - Scraping page 197...
2025-05-31 06:38:07,638 - INFO - Found 60 links on page 195
2025-05-31 06:38:07,638 - INFO - Scraping page 198...
2025-05-31 06:38:10,091 - INFO - Found 60 links on page 196
2025-05-31 06:38:10,091 - INFO - Scraping page 199...
2025-05-31 06:38:10,398 - INFO - Found 60 links on page 197
2025-05-31 06:38:10,398 - INFO - Scraping page 200...
2025-05-31 06:38:11,391 - INFO - Found 60 links on page 198
2025-05-31 06:38:13,882 - INFO - Found 60 links on page 199
2025-05-31 06:38:14,608 - INFO - Found 60 links on page 200
2025-05-31 06:38:14,616 - INFO - Found 230 new links to scrape out of 12000 total links
2025-05-31 06:38:14,616 - INFO - Processing batch 1/5 (50 links)
2025-05-31 06:38:20,318 - INFO - Progress: 10/50 ads processed
2025-05-31 06:38:25,911 - INFO - Progress: 20/50 ads processed
2025-05-31 06:38:30,571 - INFO - Progress: 30/50 ads processed
2025-05-31 06:38:35,353 - INFO - Progress: 40/50 ads processed
2025-05-31 06:38:40,365 - INFO - Progress: 50/50 ads processed
2025-05-31 06:38:40,425 - INFO - Created backup of existing data file at unegui_data/unegui_sales_data.csv.bak
2025-05-31 06:38:40,694 - INFO - Data saved to unegui_data/unegui_sales_data.csv: 19291 records
2025-05-31 06:38:41,333 - INFO - Cache saved with 19610 URLs
2025-05-31 06:38:41,333 - INFO - Saved batch data. Total records: 19291
2025-05-31 06:38:41,333 - INFO - Processing batch 2/5 (50 links)
2025-05-31 06:38:46,916 - INFO - Progress: 10/50 ads processed
2025-05-31 06:38:51,946 - INFO - Progress: 20/50 ads processed
2025-05-31 06:38:56,961 - INFO - Progress: 30/50 ads processed
2025-05-31 06:39:02,284 - INFO - Progress: 40/50 ads processed
2025-05-31 06:39:08,001 - INFO - Progress: 50/50 ads processed
2025-05-31 06:39:08,060 - INFO - Created backup of existing data file at unegui_data/unegui_sales_data.csv.bak
2025-05-31 06:39:08,327 - INFO - Data saved to unegui_data/unegui_sales_data.csv: 19341 records
2025-05-31 06:39:08,976 - INFO - Cache saved with 19660 URLs
2025-05-31 06:39:08,976 - INFO - Saved batch data. Total records: 19341
2025-05-31 06:39:08,976 - INFO - Processing batch 3/5 (50 links)
2025-05-31 06:39:14,499 - INFO - Progress: 10/50 ads processed
2025-05-31 06:39:19,490 - INFO - Progress: 20/50 ads processed
2025-05-31 06:39:25,055 - INFO - Progress: 30/50 ads processed
2025-05-31 06:39:30,012 - INFO - Progress: 40/50 ads processed
2025-05-31 06:39:35,075 - INFO - Progress: 50/50 ads processed
2025-05-31 06:39:35,133 - INFO - Created backup of existing data file at unegui_data/unegui_sales_data.csv.bak
2025-05-31 06:39:35,402 - INFO - Data saved to unegui_data/unegui_sales_data.csv: 19391 records
2025-05-31 06:39:36,049 - INFO - Cache saved with 19710 URLs
2025-05-31 06:39:36,049 - INFO - Saved batch data. Total records: 19391
2025-05-31 06:39:36,049 - INFO - Processing batch 4/5 (50 links)
2025-05-31 06:39:41,725 - INFO - Progress: 10/50 ads processed
2025-05-31 06:39:47,224 - INFO - Progress: 20/50 ads processed
2025-05-31 06:39:52,471 - INFO - Progress: 30/50 ads processed
2025-05-31 06:39:57,290 - INFO - Progress: 40/50 ads processed
2025-05-31 06:40:02,190 - INFO - Progress: 50/50 ads processed
2025-05-31 06:40:02,249 - INFO - Created backup of existing data file at unegui_data/unegui_sales_data.csv.bak
2025-05-31 06:40:02,520 - INFO - Data saved to unegui_data/unegui_sales_data.csv: 19438 records
2025-05-31 06:40:03,174 - INFO - Cache saved with 19760 URLs
2025-05-31 06:40:03,174 - INFO - Saved batch data. Total records: 19438
2025-05-31 06:40:03,174 - INFO - Processing batch 5/5 (30 links)
2025-05-31 06:40:08,808 - INFO - Progress: 10/30 ads processed
2025-05-31 06:40:13,920 - INFO - Progress: 20/30 ads processed
2025-05-31 06:40:18,946 - INFO - Progress: 30/30 ads processed
2025-05-31 06:40:19,004 - INFO - Created backup of existing data file at unegui_data/unegui_sales_data.csv.bak
2025-05-31 06:40:19,273 - INFO - Data saved to unegui_data/unegui_sales_data.csv: 19468 records
2025-05-31 06:40:19,931 - INFO - Cache saved with 19790 URLs
2025-05-31 06:40:19,931 - INFO - Saved batch data. Total records: 19468
2025-05-31 06:40:19,932 - INFO - Scraping completed in 0:06:39.787922. Total ads collected: 19468
