2025-05-23 06:35:50,384 - INFO - Starting sales apartment scraper at 2025-05-23 06:35:50.383985
2025-05-23 06:35:50,643 - INFO - Loaded existing data from unegui_data/unegui_sales_data.csv: 16775 records
2025-05-23 06:35:50,859 - INFO - Loaded 16775 existing records
2025-05-23 06:35:50,872 - INFO - Scraping page 1...
2025-05-23 06:35:50,873 - INFO - Scraping page 2...
2025-05-23 06:35:50,873 - INFO - Scraping page 3...
2025-05-23 06:35:55,046 - INFO - Found 60 links on page 1
2025-05-23 06:35:55,052 - INFO - Scraping page 4...
2025-05-23 06:35:55,369 - INFO - Found 60 links on page 2
2025-05-23 06:35:55,374 - INFO - Scraping page 5...
2025-05-23 06:35:55,456 - INFO - Found 60 links on page 3
2025-05-23 06:35:55,456 - INFO - Scraping page 6...
2025-05-23 06:35:58,540 - INFO - Found 60 links on page 4
2025-05-23 06:35:58,541 - INFO - Scraping page 7...
2025-05-23 06:35:58,976 - INFO - Found 60 links on page 5
2025-05-23 06:35:58,976 - INFO - Scraping page 8...
2025-05-23 06:35:59,275 - INFO - Found 60 links on page 6
2025-05-23 06:35:59,276 - INFO - Scraping page 9...
2025-05-23 06:36:02,687 - INFO - Found 60 links on page 7
2025-05-23 06:36:02,687 - INFO - Scraping page 10...
2025-05-23 06:36:02,906 - INFO - Found 60 links on page 8
2025-05-23 06:36:02,906 - INFO - Scraping page 11...
2025-05-23 06:36:03,135 - INFO - Found 60 links on page 9
2025-05-23 06:36:03,136 - INFO - Scraping page 12...
2025-05-23 06:36:06,469 - INFO - Found 60 links on page 10
2025-05-23 06:36:06,474 - INFO - Scraping page 13...
2025-05-23 06:36:06,631 - INFO - Found 60 links on page 11
2025-05-23 06:36:06,632 - INFO - Scraping page 14...
2025-05-23 06:36:07,027 - INFO - Found 60 links on page 12
2025-05-23 06:36:07,028 - INFO - Scraping page 15...
2025-05-23 06:36:10,477 - INFO - Found 60 links on page 13
2025-05-23 06:36:10,477 - INFO - Scraping page 16...
2025-05-23 06:36:10,788 - INFO - Found 60 links on page 14
2025-05-23 06:36:10,798 - INFO - Scraping page 17...
2025-05-23 06:36:10,956 - INFO - Found 60 links on page 15
2025-05-23 06:36:10,956 - INFO - Scraping page 18...
2025-05-23 06:36:14,322 - INFO - Found 60 links on page 16
2025-05-23 06:36:14,322 - INFO - Scraping page 19...
2025-05-23 06:36:14,846 - INFO - Found 60 links on page 18
2025-05-23 06:36:14,846 - INFO - Scraping page 20...
2025-05-23 06:36:15,298 - INFO - Found 60 links on page 17
2025-05-23 06:36:15,299 - INFO - Scraping page 21...
2025-05-23 06:36:17,994 - INFO - Found 60 links on page 19
2025-05-23 06:36:17,994 - INFO - Scraping page 22...
2025-05-23 06:36:18,593 - INFO - Found 60 links on page 20
2025-05-23 06:36:18,593 - INFO - Scraping page 23...
2025-05-23 06:36:19,356 - INFO - Found 60 links on page 21
2025-05-23 06:36:19,356 - INFO - Scraping page 24...
2025-05-23 06:36:21,939 - INFO - Found 60 links on page 22
2025-05-23 06:36:21,939 - INFO - Scraping page 25...
2025-05-23 06:36:22,324 - INFO - Found 60 links on page 23
2025-05-23 06:36:22,325 - INFO - Scraping page 26...
2025-05-23 06:36:23,500 - INFO - Found 60 links on page 24
2025-05-23 06:36:23,500 - INFO - Scraping page 27...
2025-05-23 06:36:25,620 - INFO - Found 60 links on page 25
2025-05-23 06:36:25,620 - INFO - Scraping page 28...
2025-05-23 06:36:26,174 - INFO - Found 60 links on page 26
2025-05-23 06:36:26,174 - INFO - Scraping page 29...
2025-05-23 06:36:27,144 - INFO - Found 60 links on page 27
2025-05-23 06:36:27,144 - INFO - Scraping page 30...
2025-05-23 06:36:29,215 - INFO - Found 60 links on page 28
2025-05-23 06:36:29,215 - INFO - Scraping page 31...
2025-05-23 06:36:30,030 - INFO - Found 60 links on page 29
2025-05-23 06:36:30,030 - INFO - Scraping page 32...
2025-05-23 06:36:30,864 - INFO - Found 60 links on page 30
2025-05-23 06:36:30,865 - INFO - Scraping page 33...
2025-05-23 06:36:33,354 - INFO - Found 60 links on page 31
2025-05-23 06:36:33,354 - INFO - Scraping page 34...
2025-05-23 06:36:33,978 - INFO - Found 60 links on page 32
2025-05-23 06:36:33,978 - INFO - Scraping page 35...
2025-05-23 06:36:34,908 - INFO - Found 60 links on page 33
2025-05-23 06:36:34,908 - INFO - Scraping page 36...
2025-05-23 06:36:37,166 - INFO - Found 60 links on page 34
2025-05-23 06:36:37,167 - INFO - Scraping page 37...
2025-05-23 06:36:38,047 - INFO - Found 60 links on page 35
2025-05-23 06:36:38,047 - INFO - Scraping page 38...
2025-05-23 06:36:38,862 - INFO - Found 60 links on page 36
2025-05-23 06:36:38,862 - INFO - Scraping page 39...
2025-05-23 06:36:41,107 - INFO - Found 60 links on page 37
2025-05-23 06:36:41,107 - INFO - Scraping page 40...
2025-05-23 06:36:41,752 - INFO - Found 60 links on page 38
2025-05-23 06:36:41,753 - INFO - Scraping page 41...
2025-05-23 06:36:43,262 - INFO - Found 60 links on page 39
2025-05-23 06:36:43,263 - INFO - Scraping page 42...
2025-05-23 06:36:44,975 - INFO - Found 60 links on page 40
2025-05-23 06:36:44,976 - INFO - Scraping page 43...
2025-05-23 06:36:45,614 - INFO - Found 60 links on page 41
2025-05-23 06:36:45,614 - INFO - Scraping page 44...
2025-05-23 06:36:47,375 - INFO - Found 60 links on page 42
2025-05-23 06:36:47,375 - INFO - Scraping page 45...
2025-05-23 06:36:48,898 - INFO - Found 60 links on page 43
2025-05-23 06:36:48,898 - INFO - Scraping page 46...
2025-05-23 06:36:49,793 - INFO - Found 60 links on page 44
2025-05-23 06:36:49,794 - INFO - Scraping page 47...
2025-05-23 06:36:51,639 - INFO - Found 60 links on page 45
2025-05-23 06:36:51,639 - INFO - Scraping page 48...
2025-05-23 06:36:53,176 - INFO - Found 60 links on page 46
2025-05-23 06:36:53,177 - INFO - Scraping page 49...
2025-05-23 06:36:53,524 - INFO - Found 60 links on page 47
2025-05-23 06:36:53,524 - INFO - Scraping page 50...
2025-05-23 06:36:55,695 - INFO - Found 60 links on page 48
2025-05-23 06:36:55,695 - INFO - Scraping page 51...
2025-05-23 06:36:57,048 - INFO - Found 60 links on page 49
2025-05-23 06:36:57,048 - INFO - Scraping page 52...
2025-05-23 06:36:57,505 - INFO - Found 60 links on page 50
2025-05-23 06:36:57,505 - INFO - Scraping page 53...
2025-05-23 06:36:59,855 - INFO - Found 60 links on page 51
2025-05-23 06:36:59,855 - INFO - Scraping page 54...
2025-05-23 06:37:01,510 - INFO - Found 60 links on page 53
2025-05-23 06:37:01,510 - INFO - Scraping page 55...
2025-05-23 06:37:01,902 - INFO - Found 60 links on page 52
2025-05-23 06:37:01,902 - INFO - Scraping page 56...
2025-05-23 06:37:03,973 - INFO - Found 60 links on page 54
2025-05-23 06:37:03,973 - INFO - Scraping page 57...
2025-05-23 06:37:05,863 - INFO - Found 60 links on page 55
2025-05-23 06:37:05,864 - INFO - Scraping page 58...
2025-05-23 06:37:06,076 - INFO - Found 60 links on page 56
2025-05-23 06:37:06,076 - INFO - Scraping page 59...
2025-05-23 06:37:08,513 - INFO - Found 60 links on page 57
2025-05-23 06:37:08,513 - INFO - Scraping page 60...
2025-05-23 06:37:10,162 - INFO - Found 60 links on page 58
2025-05-23 06:37:10,162 - INFO - Scraping page 61...
2025-05-23 06:37:10,744 - INFO - Found 60 links on page 59
2025-05-23 06:37:10,744 - INFO - Scraping page 62...
2025-05-23 06:37:13,880 - INFO - Found 60 links on page 60
2025-05-23 06:37:13,881 - INFO - Scraping page 63...
2025-05-23 06:37:14,510 - INFO - Found 60 links on page 62
2025-05-23 06:37:14,510 - INFO - Scraping page 64...
2025-05-23 06:37:14,885 - INFO - Found 60 links on page 61
2025-05-23 06:37:14,885 - INFO - Scraping page 65...
2025-05-23 06:37:18,012 - INFO - Found 60 links on page 63
2025-05-23 06:37:18,012 - INFO - Scraping page 66...
2025-05-23 06:37:18,388 - INFO - Found 60 links on page 64
2025-05-23 06:37:18,388 - INFO - Scraping page 67...
2025-05-23 06:37:18,824 - INFO - Found 60 links on page 65
2025-05-23 06:37:18,824 - INFO - Scraping page 68...
2025-05-23 06:37:21,545 - INFO - Found 60 links on page 66
2025-05-23 06:37:21,546 - INFO - Scraping page 69...
2025-05-23 06:37:22,182 - INFO - Found 60 links on page 67
2025-05-23 06:37:22,182 - INFO - Scraping page 70...
2025-05-23 06:37:23,169 - INFO - Found 60 links on page 68
2025-05-23 06:37:23,170 - INFO - Scraping page 71...
2025-05-23 06:37:25,669 - INFO - Found 60 links on page 69
2025-05-23 06:37:25,669 - INFO - Scraping page 72...
2025-05-23 06:37:26,152 - INFO - Found 60 links on page 70
2025-05-23 06:37:26,153 - INFO - Scraping page 73...
2025-05-23 06:37:27,252 - INFO - Found 60 links on page 71
2025-05-23 06:37:27,252 - INFO - Scraping page 74...
2025-05-23 06:37:29,740 - INFO - Found 60 links on page 72
2025-05-23 06:37:29,740 - INFO - Scraping page 75...
2025-05-23 06:37:30,073 - INFO - Found 60 links on page 73
2025-05-23 06:37:30,073 - INFO - Scraping page 76...
2025-05-23 06:37:31,213 - INFO - Found 60 links on page 74
2025-05-23 06:37:31,213 - INFO - Scraping page 77...
2025-05-23 06:37:33,999 - INFO - Found 60 links on page 75
2025-05-23 06:37:34,000 - INFO - Scraping page 78...
2025-05-23 06:37:34,220 - INFO - Found 60 links on page 76
2025-05-23 06:37:34,221 - INFO - Scraping page 79...
2025-05-23 06:37:35,735 - INFO - Found 60 links on page 77
2025-05-23 06:37:35,735 - INFO - Scraping page 80...
2025-05-23 06:37:37,695 - INFO - Found 60 links on page 78
2025-05-23 06:37:37,695 - INFO - Scraping page 81...
2025-05-23 06:37:38,041 - INFO - Found 60 links on page 79
2025-05-23 06:37:38,041 - INFO - Scraping page 82...
2025-05-23 06:37:40,577 - INFO - Found 60 links on page 80
2025-05-23 06:37:40,577 - INFO - Scraping page 83...
2025-05-23 06:37:41,795 - INFO - Found 60 links on page 81
2025-05-23 06:37:41,795 - INFO - Scraping page 84...
2025-05-23 06:37:42,195 - INFO - Found 60 links on page 82
2025-05-23 06:37:42,195 - INFO - Scraping page 85...
2025-05-23 06:37:44,885 - INFO - Found 60 links on page 83
2025-05-23 06:37:44,885 - INFO - Scraping page 86...
2025-05-23 06:37:45,543 - INFO - Found 60 links on page 84
2025-05-23 06:37:45,543 - INFO - Scraping page 87...
2025-05-23 06:37:46,116 - INFO - Found 60 links on page 85
2025-05-23 06:37:46,117 - INFO - Scraping page 88...
2025-05-23 06:37:48,942 - INFO - Found 60 links on page 86
2025-05-23 06:37:48,942 - INFO - Scraping page 89...
2025-05-23 06:37:50,420 - INFO - Found 60 links on page 87
2025-05-23 06:37:50,425 - INFO - Scraping page 90...
2025-05-23 06:37:50,557 - INFO - Found 60 links on page 88
2025-05-23 06:37:50,557 - INFO - Scraping page 91...
2025-05-23 06:37:52,963 - INFO - Found 60 links on page 89
2025-05-23 06:37:52,963 - INFO - Scraping page 92...
2025-05-23 06:37:54,294 - INFO - Found 60 links on page 90
2025-05-23 06:37:54,295 - INFO - Scraping page 93...
2025-05-23 06:37:54,521 - INFO - Found 60 links on page 91
2025-05-23 06:37:54,521 - INFO - Scraping page 94...
2025-05-23 06:37:56,982 - INFO - Found 60 links on page 92
2025-05-23 06:37:56,982 - INFO - Scraping page 95...
2025-05-23 06:37:58,234 - INFO - Found 60 links on page 94
2025-05-23 06:37:58,234 - INFO - Scraping page 96...
2025-05-23 06:37:58,583 - INFO - Found 60 links on page 93
2025-05-23 06:37:58,583 - INFO - Scraping page 97...
2025-05-23 06:38:00,812 - INFO - Found 60 links on page 95
2025-05-23 06:38:00,812 - INFO - Scraping page 98...
2025-05-23 06:38:02,408 - INFO - Found 60 links on page 97
2025-05-23 06:38:02,408 - INFO - Scraping page 99...
2025-05-23 06:38:03,162 - INFO - Found 60 links on page 96
2025-05-23 06:38:03,162 - INFO - Scraping page 100...
2025-05-23 06:38:04,577 - INFO - Found 60 links on page 98
2025-05-23 06:38:04,578 - INFO - Scraping page 101...
2025-05-23 06:38:06,794 - INFO - Found 60 links on page 99
2025-05-23 06:38:06,794 - INFO - Scraping page 102...
2025-05-23 06:38:07,030 - INFO - Found 60 links on page 100
2025-05-23 06:38:07,030 - INFO - Scraping page 103...
2025-05-23 06:38:08,933 - INFO - Found 60 links on page 101
2025-05-23 06:38:08,933 - INFO - Scraping page 104...
2025-05-23 06:38:10,830 - INFO - Found 60 links on page 102
2025-05-23 06:38:10,830 - INFO - Scraping page 105...
2025-05-23 06:38:11,033 - INFO - Found 60 links on page 103
2025-05-23 06:38:11,033 - INFO - Scraping page 106...
2025-05-23 06:38:13,162 - INFO - Found 60 links on page 104
2025-05-23 06:38:13,162 - INFO - Scraping page 107...
2025-05-23 06:38:15,374 - INFO - Found 60 links on page 105
2025-05-23 06:38:15,380 - INFO - Scraping page 108...
2025-05-23 06:38:15,433 - INFO - Found 60 links on page 106
2025-05-23 06:38:15,433 - INFO - Scraping page 109...
2025-05-23 06:38:17,152 - INFO - Found 60 links on page 107
2025-05-23 06:38:17,153 - INFO - Scraping page 110...
2025-05-23 06:38:19,266 - INFO - Found 60 links on page 108
2025-05-23 06:38:19,266 - INFO - Scraping page 111...
2025-05-23 06:38:19,662 - INFO - Found 60 links on page 109
2025-05-23 06:38:19,663 - INFO - Scraping page 112...
2025-05-23 06:38:20,827 - INFO - Found 60 links on page 110
2025-05-23 06:38:20,827 - INFO - Scraping page 113...
2025-05-23 06:38:23,148 - INFO - Found 60 links on page 111
2025-05-23 06:38:23,148 - INFO - Scraping page 114...
2025-05-23 06:38:23,678 - INFO - Found 60 links on page 112
2025-05-23 06:38:23,678 - INFO - Scraping page 115...
2025-05-23 06:38:24,731 - INFO - Found 60 links on page 113
2025-05-23 06:38:24,732 - INFO - Scraping page 116...
2025-05-23 06:38:27,207 - INFO - Found 60 links on page 114
2025-05-23 06:38:27,207 - INFO - Scraping page 117...
2025-05-23 06:38:28,820 - INFO - Found 60 links on page 115
2025-05-23 06:38:28,820 - INFO - Scraping page 118...
2025-05-23 06:38:29,424 - INFO - Found 60 links on page 116
2025-05-23 06:38:29,424 - INFO - Scraping page 119...
2025-05-23 06:38:31,559 - INFO - Found 60 links on page 117
2025-05-23 06:38:31,559 - INFO - Scraping page 120...
2025-05-23 06:38:33,412 - INFO - Found 60 links on page 118
2025-05-23 06:38:33,412 - INFO - Scraping page 121...
2025-05-23 06:38:34,010 - INFO - Found 60 links on page 119
2025-05-23 06:38:34,010 - INFO - Scraping page 122...
2025-05-23 06:38:35,321 - INFO - Found 60 links on page 120
2025-05-23 06:38:35,321 - INFO - Scraping page 123...
2025-05-23 06:38:37,702 - INFO - Found 60 links on page 121
2025-05-23 06:38:37,703 - INFO - Scraping page 124...
2025-05-23 06:38:37,913 - INFO - Found 60 links on page 122
2025-05-23 06:38:37,913 - INFO - Scraping page 125...
2025-05-23 06:38:39,570 - INFO - Found 60 links on page 123
2025-05-23 06:38:39,570 - INFO - Scraping page 126...
2025-05-23 06:38:41,463 - INFO - Found 60 links on page 124
2025-05-23 06:38:41,464 - INFO - Scraping page 127...
2025-05-23 06:38:42,364 - INFO - Found 60 links on page 125
2025-05-23 06:38:42,364 - INFO - Scraping page 128...
2025-05-23 06:38:43,916 - INFO - Found 60 links on page 126
2025-05-23 06:38:43,916 - INFO - Scraping page 129...
2025-05-23 06:38:45,269 - INFO - Found 60 links on page 127
2025-05-23 06:38:45,269 - INFO - Scraping page 130...
2025-05-23 06:38:46,147 - INFO - Found 60 links on page 128
2025-05-23 06:38:46,147 - INFO - Scraping page 131...
2025-05-23 06:38:48,221 - INFO - Found 60 links on page 129
2025-05-23 06:38:48,221 - INFO - Scraping page 132...
2025-05-23 06:38:49,639 - INFO - Found 60 links on page 130
2025-05-23 06:38:49,639 - INFO - Scraping page 133...
2025-05-23 06:38:50,381 - INFO - Found 60 links on page 131
2025-05-23 06:38:50,381 - INFO - Scraping page 134...
2025-05-23 06:38:52,313 - INFO - Found 60 links on page 132
2025-05-23 06:38:52,314 - INFO - Scraping page 135...
2025-05-23 06:38:53,654 - INFO - Found 60 links on page 133
2025-05-23 06:38:53,654 - INFO - Scraping page 136...
2025-05-23 06:38:54,856 - INFO - Found 60 links on page 134
2025-05-23 06:38:54,856 - INFO - Scraping page 137...
2025-05-23 06:38:56,205 - INFO - Found 60 links on page 135
2025-05-23 06:38:56,205 - INFO - Scraping page 138...
2025-05-23 06:38:58,015 - INFO - Found 60 links on page 136
2025-05-23 06:38:58,015 - INFO - Scraping page 139...
2025-05-23 06:38:59,021 - INFO - Found 60 links on page 137
2025-05-23 06:38:59,022 - INFO - Scraping page 140...
2025-05-23 06:38:59,981 - INFO - Found 60 links on page 138
2025-05-23 06:38:59,981 - INFO - Scraping page 141...
2025-05-23 06:39:02,188 - INFO - Found 60 links on page 139
2025-05-23 06:39:02,188 - INFO - Scraping page 142...
2025-05-23 06:39:03,108 - INFO - Found 60 links on page 140
2025-05-23 06:39:03,108 - INFO - Scraping page 143...
2025-05-23 06:39:04,016 - INFO - Found 60 links on page 141
2025-05-23 06:39:04,016 - INFO - Scraping page 144...
2025-05-23 06:39:06,592 - INFO - Found 60 links on page 142
2025-05-23 06:39:06,593 - INFO - Scraping page 145...
2025-05-23 06:39:07,263 - INFO - Found 60 links on page 143
2025-05-23 06:39:07,264 - INFO - Scraping page 146...
2025-05-23 06:39:07,976 - INFO - Found 60 links on page 144
2025-05-23 06:39:07,976 - INFO - Scraping page 147...
2025-05-23 06:39:10,868 - INFO - Found 60 links on page 145
2025-05-23 06:39:10,868 - INFO - Scraping page 148...
2025-05-23 06:39:11,200 - INFO - Found 60 links on page 146
2025-05-23 06:39:11,200 - INFO - Scraping page 149...
2025-05-23 06:39:12,317 - INFO - Found 60 links on page 147
2025-05-23 06:39:12,317 - INFO - Scraping page 150...
2025-05-23 06:39:14,742 - INFO - Found 60 links on page 148
2025-05-23 06:39:14,742 - INFO - Scraping page 151...
2025-05-23 06:39:15,101 - INFO - Found 60 links on page 149
2025-05-23 06:39:15,101 - INFO - Scraping page 152...
2025-05-23 06:39:16,419 - INFO - Found 60 links on page 150
2025-05-23 06:39:16,419 - INFO - Scraping page 153...
2025-05-23 06:39:18,917 - INFO - Found 60 links on page 151
2025-05-23 06:39:18,918 - INFO - Scraping page 154...
2025-05-23 06:39:19,371 - INFO - Found 60 links on page 152
2025-05-23 06:39:19,371 - INFO - Scraping page 155...
2025-05-23 06:39:20,569 - INFO - Found 60 links on page 153
2025-05-23 06:39:20,570 - INFO - Scraping page 156...
2025-05-23 06:39:22,945 - INFO - Found 60 links on page 154
2025-05-23 06:39:22,946 - INFO - Scraping page 157...
2025-05-23 06:39:23,394 - INFO - Found 60 links on page 155
2025-05-23 06:39:23,394 - INFO - Scraping page 158...
2025-05-23 06:39:24,420 - INFO - Found 60 links on page 156
2025-05-23 06:39:24,420 - INFO - Scraping page 159...
2025-05-23 06:39:26,919 - INFO - Found 60 links on page 157
2025-05-23 06:39:26,919 - INFO - Scraping page 160...
2025-05-23 06:39:27,327 - INFO - Found 60 links on page 158
2025-05-23 06:39:27,328 - INFO - Scraping page 161...
2025-05-23 06:39:28,646 - INFO - Found 60 links on page 159
2025-05-23 06:39:28,646 - INFO - Scraping page 162...
2025-05-23 06:39:31,028 - INFO - Found 60 links on page 160
2025-05-23 06:39:31,033 - INFO - Scraping page 163...
2025-05-23 06:39:31,152 - INFO - Found 60 links on page 161
2025-05-23 06:39:31,153 - INFO - Scraping page 164...
2025-05-23 06:39:32,928 - INFO - Found 60 links on page 162
2025-05-23 06:39:32,928 - INFO - Scraping page 165...
2025-05-23 06:39:35,263 - INFO - Found 60 links on page 163
2025-05-23 06:39:35,263 - INFO - Scraping page 166...
2025-05-23 06:39:35,586 - INFO - Found 60 links on page 164
2025-05-23 06:39:35,587 - INFO - Scraping page 167...
2025-05-23 06:39:36,688 - INFO - Found 60 links on page 165
2025-05-23 06:39:36,688 - INFO - Scraping page 168...
2025-05-23 06:39:39,448 - INFO - Found 60 links on page 166
2025-05-23 06:39:39,448 - INFO - Scraping page 169...
2025-05-23 06:39:40,173 - INFO - Found 60 links on page 167
2025-05-23 06:39:40,174 - INFO - Scraping page 170...
2025-05-23 06:39:40,730 - INFO - Found 60 links on page 168
2025-05-23 06:39:40,730 - INFO - Scraping page 171...
2025-05-23 06:39:43,645 - INFO - Found 60 links on page 169
2025-05-23 06:39:43,646 - INFO - Scraping page 172...
2025-05-23 06:39:44,326 - INFO - Found 60 links on page 170
2025-05-23 06:39:44,326 - INFO - Scraping page 173...
2025-05-23 06:39:44,721 - INFO - Found 60 links on page 171
2025-05-23 06:39:44,721 - INFO - Scraping page 174...
2025-05-23 06:39:48,116 - INFO - Found 60 links on page 172
2025-05-23 06:39:48,127 - INFO - Scraping page 175...
2025-05-23 06:39:48,251 - INFO - Found 60 links on page 173
2025-05-23 06:39:48,251 - INFO - Scraping page 176...
2025-05-23 06:39:48,610 - INFO - Found 60 links on page 174
2025-05-23 06:39:48,610 - INFO - Scraping page 177...
2025-05-23 06:39:52,312 - INFO - Found 60 links on page 175
2025-05-23 06:39:52,312 - INFO - Scraping page 178...
2025-05-23 06:39:52,658 - INFO - Found 60 links on page 177
2025-05-23 06:39:52,669 - INFO - Scraping page 179...
2025-05-23 06:39:52,775 - INFO - Found 60 links on page 176
2025-05-23 06:39:52,776 - INFO - Scraping page 180...
2025-05-23 06:39:56,524 - INFO - Found 60 links on page 178
2025-05-23 06:39:56,534 - INFO - Scraping page 181...
2025-05-23 06:39:56,815 - INFO - Found 60 links on page 179
2025-05-23 06:39:56,821 - INFO - Scraping page 182...
2025-05-23 06:39:57,021 - INFO - Found 60 links on page 180
2025-05-23 06:39:57,021 - INFO - Scraping page 183...
2025-05-23 06:40:00,868 - INFO - Found 60 links on page 182
2025-05-23 06:40:00,884 - INFO - Scraping page 184...
2025-05-23 06:40:00,960 - INFO - Found 60 links on page 181
2025-05-23 06:40:00,965 - INFO - Scraping page 185...
2025-05-23 06:40:01,157 - INFO - Found 60 links on page 183
2025-05-23 06:40:01,157 - INFO - Scraping page 186...
2025-05-23 06:40:04,777 - INFO - Found 60 links on page 184
2025-05-23 06:40:04,777 - INFO - Scraping page 187...
2025-05-23 06:40:05,007 - INFO - Found 60 links on page 185
2025-05-23 06:40:05,012 - INFO - Scraping page 188...
2025-05-23 06:40:05,187 - INFO - Found 60 links on page 186
2025-05-23 06:40:05,188 - INFO - Scraping page 189...
2025-05-23 06:40:09,268 - INFO - Found 60 links on page 188
2025-05-23 06:40:09,268 - INFO - Scraping page 190...
2025-05-23 06:40:09,466 - INFO - Found 60 links on page 189
2025-05-23 06:40:09,466 - INFO - Scraping page 191...
2025-05-23 06:40:09,732 - INFO - Found 60 links on page 187
2025-05-23 06:40:09,732 - INFO - Scraping page 192...
2025-05-23 06:40:13,731 - INFO - Found 60 links on page 191
2025-05-23 06:40:13,732 - INFO - Scraping page 193...
2025-05-23 06:40:14,101 - INFO - Found 60 links on page 192
2025-05-23 06:40:14,111 - INFO - Scraping page 194...
2025-05-23 06:40:14,308 - INFO - Found 60 links on page 190
2025-05-23 06:40:14,308 - INFO - Scraping page 195...
2025-05-23 06:40:17,900 - INFO - Found 60 links on page 193
2025-05-23 06:40:17,900 - INFO - Scraping page 196...
2025-05-23 06:40:18,481 - INFO - Found 60 links on page 194
2025-05-23 06:40:18,481 - INFO - Scraping page 197...
2025-05-23 06:40:18,895 - INFO - Found 60 links on page 195
2025-05-23 06:40:18,896 - INFO - Scraping page 198...
2025-05-23 06:40:21,878 - INFO - Found 60 links on page 196
2025-05-23 06:40:21,878 - INFO - Scraping page 199...
2025-05-23 06:40:22,992 - INFO - Found 60 links on page 198
2025-05-23 06:40:22,992 - INFO - Scraping page 200...
2025-05-23 06:40:23,256 - INFO - Found 60 links on page 197
2025-05-23 06:40:25,824 - INFO - Found 60 links on page 199
2025-05-23 06:40:27,083 - INFO - Found 60 links on page 200
2025-05-23 06:40:27,092 - INFO - Found 303 new links to scrape out of 12000 total links
2025-05-23 06:40:27,093 - INFO - Processing batch 1/7 (50 links)
2025-05-23 06:40:33,015 - INFO - Progress: 10/50 ads processed
2025-05-23 06:40:38,021 - INFO - Progress: 20/50 ads processed
2025-05-23 06:40:43,019 - INFO - Progress: 30/50 ads processed
2025-05-23 06:40:48,206 - INFO - Progress: 40/50 ads processed
2025-05-23 06:40:53,646 - INFO - Progress: 50/50 ads processed
2025-05-23 06:40:53,700 - INFO - Created backup of existing data file at unegui_data/unegui_sales_data.csv.bak
2025-05-23 06:40:53,940 - INFO - Data saved to unegui_data/unegui_sales_data.csv: 16825 records
2025-05-23 06:40:54,500 - INFO - Cache saved with 17113 URLs
2025-05-23 06:40:54,500 - INFO - Saved batch data. Total records: 16825
2025-05-23 06:40:54,500 - INFO - Processing batch 2/7 (50 links)
2025-05-23 06:40:59,751 - INFO - Progress: 10/50 ads processed
2025-05-23 06:41:04,999 - INFO - Progress: 20/50 ads processed
2025-05-23 06:41:10,615 - INFO - Progress: 30/50 ads processed
2025-05-23 06:41:15,597 - INFO - Progress: 40/50 ads processed
2025-05-23 06:41:21,243 - INFO - Progress: 50/50 ads processed
2025-05-23 06:41:21,297 - INFO - Created backup of existing data file at unegui_data/unegui_sales_data.csv.bak
2025-05-23 06:41:21,535 - INFO - Data saved to unegui_data/unegui_sales_data.csv: 16875 records
2025-05-23 06:41:22,103 - INFO - Cache saved with 17163 URLs
2025-05-23 06:41:22,103 - INFO - Saved batch data. Total records: 16875
2025-05-23 06:41:22,103 - INFO - Processing batch 3/7 (50 links)
2025-05-23 06:41:27,357 - INFO - Progress: 10/50 ads processed
2025-05-23 06:41:32,416 - INFO - Progress: 20/50 ads processed
2025-05-23 06:41:37,246 - INFO - Progress: 30/50 ads processed
2025-05-23 06:41:41,931 - INFO - Progress: 40/50 ads processed
2025-05-23 06:41:47,087 - INFO - Progress: 50/50 ads processed
2025-05-23 06:41:47,140 - INFO - Created backup of existing data file at unegui_data/unegui_sales_data.csv.bak
2025-05-23 06:41:47,378 - INFO - Data saved to unegui_data/unegui_sales_data.csv: 16924 records
2025-05-23 06:41:47,936 - INFO - Cache saved with 17213 URLs
2025-05-23 06:41:47,936 - INFO - Saved batch data. Total records: 16924
2025-05-23 06:41:47,936 - INFO - Processing batch 4/7 (50 links)
2025-05-23 06:41:53,067 - INFO - Progress: 10/50 ads processed
2025-05-23 06:41:58,145 - INFO - Progress: 20/50 ads processed
2025-05-23 06:42:03,732 - INFO - Progress: 30/50 ads processed
2025-05-23 06:42:08,391 - INFO - Progress: 40/50 ads processed
2025-05-23 06:42:13,389 - INFO - Progress: 50/50 ads processed
2025-05-23 06:42:13,444 - INFO - Created backup of existing data file at unegui_data/unegui_sales_data.csv.bak
2025-05-23 06:42:13,686 - INFO - Data saved to unegui_data/unegui_sales_data.csv: 16974 records
2025-05-23 06:42:14,255 - INFO - Cache saved with 17263 URLs
2025-05-23 06:42:14,256 - INFO - Saved batch data. Total records: 16974
2025-05-23 06:42:14,256 - INFO - Processing batch 5/7 (50 links)
2025-05-23 06:42:20,102 - INFO - Progress: 10/50 ads processed
2025-05-23 06:42:24,903 - INFO - Progress: 20/50 ads processed
2025-05-23 06:42:29,889 - INFO - Progress: 30/50 ads processed
2025-05-23 06:42:34,690 - INFO - Progress: 40/50 ads processed
2025-05-23 06:42:40,206 - INFO - Progress: 50/50 ads processed
2025-05-23 06:42:40,259 - INFO - Created backup of existing data file at unegui_data/unegui_sales_data.csv.bak
2025-05-23 06:42:40,498 - INFO - Data saved to unegui_data/unegui_sales_data.csv: 17024 records
2025-05-23 06:42:41,062 - INFO - Cache saved with 17313 URLs
2025-05-23 06:42:41,062 - INFO - Saved batch data. Total records: 17024
2025-05-23 06:42:41,062 - INFO - Processing batch 6/7 (50 links)
2025-05-23 06:42:46,463 - INFO - Progress: 10/50 ads processed
2025-05-23 06:42:51,289 - INFO - Progress: 20/50 ads processed
2025-05-23 06:42:56,551 - INFO - Progress: 30/50 ads processed
2025-05-23 06:43:01,846 - INFO - Progress: 40/50 ads processed
2025-05-23 06:43:06,878 - INFO - Progress: 50/50 ads processed
2025-05-23 06:43:06,935 - INFO - Created backup of existing data file at unegui_data/unegui_sales_data.csv.bak
2025-05-23 06:43:07,180 - INFO - Data saved to unegui_data/unegui_sales_data.csv: 17072 records
2025-05-23 06:43:07,754 - INFO - Cache saved with 17363 URLs
2025-05-23 06:43:07,754 - INFO - Saved batch data. Total records: 17072
2025-05-23 06:43:07,754 - INFO - Processing batch 7/7 (3 links)
2025-05-23 06:43:10,255 - INFO - Progress: 3/3 ads processed
2025-05-23 06:43:10,313 - INFO - Created backup of existing data file at unegui_data/unegui_sales_data.csv.bak
2025-05-23 06:43:10,554 - INFO - Data saved to unegui_data/unegui_sales_data.csv: 17075 records
2025-05-23 06:43:11,127 - INFO - Cache saved with 17366 URLs
2025-05-23 06:43:11,127 - INFO - Saved batch data. Total records: 17075
2025-05-23 06:43:11,127 - INFO - Scraping completed in 0:07:20.743582. Total ads collected: 17075
