2025-06-08 06:35:38,118 - INFO - Starting sales apartment scraper at 2025-06-08 06:35:38.118784
2025-06-08 06:35:38,426 - INFO - Loaded existing data from unegui_data/unegui_sales_data.csv: 21812 records
2025-06-08 06:35:38,677 - INFO - Loaded 21812 existing records
2025-06-08 06:35:38,683 - INFO - Scraping page 1...
2025-06-08 06:35:38,683 - INFO - Scraping page 2...
2025-06-08 06:35:38,684 - INFO - Scraping page 3...
2025-06-08 06:35:43,100 - INFO - Found 60 links on page 1
2025-06-08 06:35:43,105 - INFO - Scraping page 4...
2025-06-08 06:35:43,305 - INFO - Found 60 links on page 3
2025-06-08 06:35:43,305 - INFO - Scraping page 5...
2025-06-08 06:35:43,515 - INFO - Found 60 links on page 2
2025-06-08 06:35:43,515 - INFO - Scraping page 6...
2025-06-08 06:35:47,661 - INFO - Found 60 links on page 4
2025-06-08 06:35:47,661 - INFO - Scraping page 7...
2025-06-08 06:35:47,829 - INFO - Found 60 links on page 5
2025-06-08 06:35:47,829 - INFO - Scraping page 8...
2025-06-08 06:35:48,079 - INFO - Found 60 links on page 6
2025-06-08 06:35:48,079 - INFO - Scraping page 9...
2025-06-08 06:35:51,725 - INFO - Found 60 links on page 7
2025-06-08 06:35:51,726 - INFO - Scraping page 10...
2025-06-08 06:35:52,054 - INFO - Found 60 links on page 8
2025-06-08 06:35:52,054 - INFO - Scraping page 11...
2025-06-08 06:35:52,825 - INFO - Found 60 links on page 9
2025-06-08 06:35:52,825 - INFO - Scraping page 12...
2025-06-08 06:35:55,868 - INFO - Found 60 links on page 10
2025-06-08 06:35:55,868 - INFO - Scraping page 13...
2025-06-08 06:35:56,583 - INFO - Found 60 links on page 11
2025-06-08 06:35:56,584 - INFO - Scraping page 14...
2025-06-08 06:35:57,076 - INFO - Found 60 links on page 12
2025-06-08 06:35:57,076 - INFO - Scraping page 15...
2025-06-08 06:36:00,014 - INFO - Found 60 links on page 13
2025-06-08 06:36:00,014 - INFO - Scraping page 16...
2025-06-08 06:36:00,861 - INFO - Found 60 links on page 14
2025-06-08 06:36:00,862 - INFO - Scraping page 17...
2025-06-08 06:36:02,098 - INFO - Found 60 links on page 15
2025-06-08 06:36:02,098 - INFO - Scraping page 18...
2025-06-08 06:36:04,524 - INFO - Found 60 links on page 16
2025-06-08 06:36:04,524 - INFO - Scraping page 19...
2025-06-08 06:36:05,276 - INFO - Found 60 links on page 17
2025-06-08 06:36:05,276 - INFO - Scraping page 20...
2025-06-08 06:36:06,436 - INFO - Found 60 links on page 18
2025-06-08 06:36:06,436 - INFO - Scraping page 21...
2025-06-08 06:36:08,961 - INFO - Found 60 links on page 19
2025-06-08 06:36:08,961 - INFO - Scraping page 22...
2025-06-08 06:36:09,696 - INFO - Found 60 links on page 20
2025-06-08 06:36:09,696 - INFO - Scraping page 23...
2025-06-08 06:36:11,159 - INFO - Found 60 links on page 21
2025-06-08 06:36:11,159 - INFO - Scraping page 24...
2025-06-08 06:36:13,635 - INFO - Found 60 links on page 22
2025-06-08 06:36:13,635 - INFO - Scraping page 25...
2025-06-08 06:36:14,321 - INFO - Found 60 links on page 23
2025-06-08 06:36:14,321 - INFO - Scraping page 26...
2025-06-08 06:36:15,510 - INFO - Found 60 links on page 24
2025-06-08 06:36:15,510 - INFO - Scraping page 27...
2025-06-08 06:36:17,707 - INFO - Found 60 links on page 25
2025-06-08 06:36:17,707 - INFO - Scraping page 28...
2025-06-08 06:36:18,595 - INFO - Found 60 links on page 26
2025-06-08 06:36:18,595 - INFO - Scraping page 29...
2025-06-08 06:36:20,018 - INFO - Found 60 links on page 27
2025-06-08 06:36:20,019 - INFO - Scraping page 30...
2025-06-08 06:36:22,980 - INFO - Found 60 links on page 28
2025-06-08 06:36:22,980 - INFO - Scraping page 31...
2025-06-08 06:36:23,202 - INFO - Found 60 links on page 29
2025-06-08 06:36:23,203 - INFO - Scraping page 32...
2025-06-08 06:36:24,243 - INFO - Found 60 links on page 30
2025-06-08 06:36:24,244 - INFO - Scraping page 33...
2025-06-08 06:36:26,687 - INFO - Found 60 links on page 31
2025-06-08 06:36:26,687 - INFO - Scraping page 34...
2025-06-08 06:36:27,138 - INFO - Found 60 links on page 32
2025-06-08 06:36:27,138 - INFO - Scraping page 35...
2025-06-08 06:36:28,544 - INFO - Found 60 links on page 33
2025-06-08 06:36:28,544 - INFO - Scraping page 36...
2025-06-08 06:36:30,729 - INFO - Found 60 links on page 34
2025-06-08 06:36:30,730 - INFO - Scraping page 37...
2025-06-08 06:36:30,935 - INFO - Found 60 links on page 35
2025-06-08 06:36:30,935 - INFO - Scraping page 38...
2025-06-08 06:36:33,144 - INFO - Found 60 links on page 36
2025-06-08 06:36:33,144 - INFO - Scraping page 39...
2025-06-08 06:36:34,439 - INFO - Found 60 links on page 37
2025-06-08 06:36:34,439 - INFO - Scraping page 40...
2025-06-08 06:36:34,876 - INFO - Found 60 links on page 38
2025-06-08 06:36:34,877 - INFO - Scraping page 41...
2025-06-08 06:36:37,065 - INFO - Found 60 links on page 39
2025-06-08 06:36:37,066 - INFO - Scraping page 42...
2025-06-08 06:36:38,128 - INFO - Found 60 links on page 40
2025-06-08 06:36:38,128 - INFO - Scraping page 43...
2025-06-08 06:36:38,818 - INFO - Found 60 links on page 41
2025-06-08 06:36:38,818 - INFO - Scraping page 44...
2025-06-08 06:36:40,852 - INFO - Found 60 links on page 42
2025-06-08 06:36:40,853 - INFO - Scraping page 45...
2025-06-08 06:36:42,902 - INFO - Found 60 links on page 43
2025-06-08 06:36:42,907 - INFO - Scraping page 46...
2025-06-08 06:36:43,037 - INFO - Found 60 links on page 44
2025-06-08 06:36:43,037 - INFO - Scraping page 47...
2025-06-08 06:36:45,026 - INFO - Found 60 links on page 45
2025-06-08 06:36:45,027 - INFO - Scraping page 48...
2025-06-08 06:36:47,036 - INFO - Found 60 links on page 47
2025-06-08 06:36:47,046 - INFO - Scraping page 49...
2025-06-08 06:36:47,117 - INFO - Found 60 links on page 46
2025-06-08 06:36:47,117 - INFO - Scraping page 50...
2025-06-08 06:36:49,214 - INFO - Found 60 links on page 48
2025-06-08 06:36:49,214 - INFO - Scraping page 51...
2025-06-08 06:36:50,797 - INFO - Found 60 links on page 49
2025-06-08 06:36:50,798 - INFO - Scraping page 52...
2025-06-08 06:36:51,311 - INFO - Found 60 links on page 50
2025-06-08 06:36:51,311 - INFO - Scraping page 53...
2025-06-08 06:36:53,151 - INFO - Found 60 links on page 51
2025-06-08 06:36:53,151 - INFO - Scraping page 54...
2025-06-08 06:36:55,246 - INFO - Found 60 links on page 52
2025-06-08 06:36:55,246 - INFO - Scraping page 55...
2025-06-08 06:36:55,499 - INFO - Found 60 links on page 53
2025-06-08 06:36:55,499 - INFO - Scraping page 56...
2025-06-08 06:36:57,036 - INFO - Found 60 links on page 54
2025-06-08 06:36:57,036 - INFO - Scraping page 57...
2025-06-08 06:36:59,098 - INFO - Found 60 links on page 55
2025-06-08 06:36:59,098 - INFO - Scraping page 58...
2025-06-08 06:36:59,352 - INFO - Found 60 links on page 56
2025-06-08 06:36:59,352 - INFO - Scraping page 59...
2025-06-08 06:37:01,046 - INFO - Found 60 links on page 57
2025-06-08 06:37:01,046 - INFO - Scraping page 60...
2025-06-08 06:37:03,469 - INFO - Found 60 links on page 59
2025-06-08 06:37:03,470 - INFO - Scraping page 61...
2025-06-08 06:37:03,771 - INFO - Found 60 links on page 58
2025-06-08 06:37:03,771 - INFO - Scraping page 62...
2025-06-08 06:37:05,231 - INFO - Found 60 links on page 60
2025-06-08 06:37:05,231 - INFO - Scraping page 63...
2025-06-08 06:37:07,460 - INFO - Found 60 links on page 61
2025-06-08 06:37:07,461 - INFO - Scraping page 64...
2025-06-08 06:37:07,879 - INFO - Found 60 links on page 62
2025-06-08 06:37:07,880 - INFO - Scraping page 65...
2025-06-08 06:37:09,421 - INFO - Found 60 links on page 63
2025-06-08 06:37:09,421 - INFO - Scraping page 66...
2025-06-08 06:37:11,665 - INFO - Found 60 links on page 64
2025-06-08 06:37:11,665 - INFO - Scraping page 67...
2025-06-08 06:37:12,552 - INFO - Found 60 links on page 65
2025-06-08 06:37:12,552 - INFO - Scraping page 68...
2025-06-08 06:37:13,286 - INFO - Found 60 links on page 66
2025-06-08 06:37:13,286 - INFO - Scraping page 69...
2025-06-08 06:37:15,772 - INFO - Found 60 links on page 67
2025-06-08 06:37:15,772 - INFO - Scraping page 70...
2025-06-08 06:37:16,642 - INFO - Found 60 links on page 68
2025-06-08 06:37:16,642 - INFO - Scraping page 71...
2025-06-08 06:37:17,386 - INFO - Found 60 links on page 69
2025-06-08 06:37:17,386 - INFO - Scraping page 72...
2025-06-08 06:37:20,525 - INFO - Found 60 links on page 70
2025-06-08 06:37:20,525 - INFO - Scraping page 73...
2025-06-08 06:37:20,729 - INFO - Found 60 links on page 71
2025-06-08 06:37:20,729 - INFO - Scraping page 74...
2025-06-08 06:37:21,711 - INFO - Found 60 links on page 72
2025-06-08 06:37:21,711 - INFO - Scraping page 75...
2025-06-08 06:37:24,702 - INFO - Found 60 links on page 73
2025-06-08 06:37:24,707 - INFO - Scraping page 76...
2025-06-08 06:37:24,914 - INFO - Found 60 links on page 74
2025-06-08 06:37:24,914 - INFO - Scraping page 77...
2025-06-08 06:37:25,589 - INFO - Found 60 links on page 75
2025-06-08 06:37:25,589 - INFO - Scraping page 78...
2025-06-08 06:37:28,606 - INFO - Found 60 links on page 76
2025-06-08 06:37:28,606 - INFO - Scraping page 79...
2025-06-08 06:37:29,078 - INFO - Found 60 links on page 77
2025-06-08 06:37:29,079 - INFO - Scraping page 80...
2025-06-08 06:37:29,812 - INFO - Found 60 links on page 78
2025-06-08 06:37:29,812 - INFO - Scraping page 81...
2025-06-08 06:37:32,805 - INFO - Found 60 links on page 79
2025-06-08 06:37:32,805 - INFO - Scraping page 82...
2025-06-08 06:37:33,595 - INFO - Found 60 links on page 80
2025-06-08 06:37:33,601 - INFO - Scraping page 83...
2025-06-08 06:37:33,785 - INFO - Found 60 links on page 81
2025-06-08 06:37:33,785 - INFO - Scraping page 84...
2025-06-08 06:37:36,829 - INFO - Found 60 links on page 82
2025-06-08 06:37:36,829 - INFO - Scraping page 85...
2025-06-08 06:37:37,350 - INFO - Found 60 links on page 83
2025-06-08 06:37:37,351 - INFO - Scraping page 86...
2025-06-08 06:37:38,110 - INFO - Found 60 links on page 84
2025-06-08 06:37:38,110 - INFO - Scraping page 87...
2025-06-08 06:37:40,881 - INFO - Found 60 links on page 85
2025-06-08 06:37:40,881 - INFO - Scraping page 88...
2025-06-08 06:37:41,418 - INFO - Found 60 links on page 86
2025-06-08 06:37:41,418 - INFO - Scraping page 89...
2025-06-08 06:37:41,864 - INFO - Found 60 links on page 87
2025-06-08 06:37:41,865 - INFO - Scraping page 90...
2025-06-08 06:37:45,165 - INFO - Found 60 links on page 88
2025-06-08 06:37:45,165 - INFO - Scraping page 91...
2025-06-08 06:37:45,627 - INFO - Found 60 links on page 89
2025-06-08 06:37:45,627 - INFO - Scraping page 92...
2025-06-08 06:37:46,570 - INFO - Found 60 links on page 90
2025-06-08 06:37:46,570 - INFO - Scraping page 93...
2025-06-08 06:37:49,242 - INFO - Found 60 links on page 91
2025-06-08 06:37:49,243 - INFO - Scraping page 94...
2025-06-08 06:37:49,570 - INFO - Found 60 links on page 92
2025-06-08 06:37:49,570 - INFO - Scraping page 95...
2025-06-08 06:37:50,623 - INFO - Found 60 links on page 93
2025-06-08 06:37:50,623 - INFO - Scraping page 96...
2025-06-08 06:37:53,975 - INFO - Found 60 links on page 94
2025-06-08 06:37:53,976 - INFO - Scraping page 97...
2025-06-08 06:37:54,181 - INFO - Found 60 links on page 95
2025-06-08 06:37:54,181 - INFO - Scraping page 98...
2025-06-08 06:37:55,123 - INFO - Found 60 links on page 96
2025-06-08 06:37:55,123 - INFO - Scraping page 99...
2025-06-08 06:37:58,281 - INFO - Found 60 links on page 98
2025-06-08 06:37:58,281 - INFO - Scraping page 100...
2025-06-08 06:37:58,528 - INFO - Found 60 links on page 97
2025-06-08 06:37:58,528 - INFO - Scraping page 101...
2025-06-08 06:37:59,179 - INFO - Found 60 links on page 99
2025-06-08 06:37:59,179 - INFO - Scraping page 102...
2025-06-08 06:38:02,380 - INFO - Found 60 links on page 101
2025-06-08 06:38:02,385 - INFO - Scraping page 103...
2025-06-08 06:38:02,584 - INFO - Found 60 links on page 100
2025-06-08 06:38:02,585 - INFO - Scraping page 104...
2025-06-08 06:38:03,330 - INFO - Found 60 links on page 102
2025-06-08 06:38:03,330 - INFO - Scraping page 105...
2025-06-08 06:38:06,538 - INFO - Found 60 links on page 104
2025-06-08 06:38:06,538 - INFO - Scraping page 106...
2025-06-08 06:38:07,332 - INFO - Found 60 links on page 103
2025-06-08 06:38:07,342 - INFO - Scraping page 107...
2025-06-08 06:38:07,481 - INFO - Found 60 links on page 105
2025-06-08 06:38:07,481 - INFO - Scraping page 108...
2025-06-08 06:38:11,210 - INFO - Found 60 links on page 106
2025-06-08 06:38:11,210 - INFO - Scraping page 109...
2025-06-08 06:38:11,438 - INFO - Found 60 links on page 108
2025-06-08 06:38:11,439 - INFO - Scraping page 110...
2025-06-08 06:38:11,661 - INFO - Found 60 links on page 107
2025-06-08 06:38:11,661 - INFO - Scraping page 111...
2025-06-08 06:38:15,510 - INFO - Found 60 links on page 110
2025-06-08 06:38:15,516 - INFO - Scraping page 112...
2025-06-08 06:38:15,612 - INFO - Found 60 links on page 109
2025-06-08 06:38:15,612 - INFO - Scraping page 113...
2025-06-08 06:38:15,984 - INFO - Found 60 links on page 111
2025-06-08 06:38:15,984 - INFO - Scraping page 114...
2025-06-08 06:38:19,522 - INFO - Found 60 links on page 112
2025-06-08 06:38:19,522 - INFO - Scraping page 115...
2025-06-08 06:38:19,778 - INFO - Found 60 links on page 113
2025-06-08 06:38:19,778 - INFO - Scraping page 116...
2025-06-08 06:38:20,833 - INFO - Found 60 links on page 114
2025-06-08 06:38:20,833 - INFO - Scraping page 117...
2025-06-08 06:38:23,656 - INFO - Found 60 links on page 116
2025-06-08 06:38:23,656 - INFO - Scraping page 118...
2025-06-08 06:38:23,958 - INFO - Found 60 links on page 115
2025-06-08 06:38:23,958 - INFO - Scraping page 119...
2025-06-08 06:38:25,489 - INFO - Found 60 links on page 117
2025-06-08 06:38:25,489 - INFO - Scraping page 120...
2025-06-08 06:38:27,589 - INFO - Found 60 links on page 118
2025-06-08 06:38:27,589 - INFO - Scraping page 121...
2025-06-08 06:38:28,140 - INFO - Found 60 links on page 119
2025-06-08 06:38:28,140 - INFO - Scraping page 122...
2025-06-08 06:38:29,862 - INFO - Found 60 links on page 120
2025-06-08 06:38:29,862 - INFO - Scraping page 123...
2025-06-08 06:38:31,732 - INFO - Found 60 links on page 121
2025-06-08 06:38:31,732 - INFO - Scraping page 124...
2025-06-08 06:38:32,233 - INFO - Found 60 links on page 122
2025-06-08 06:38:32,233 - INFO - Scraping page 125...
2025-06-08 06:38:34,377 - INFO - Found 60 links on page 123
2025-06-08 06:38:34,377 - INFO - Scraping page 126...
2025-06-08 06:38:35,519 - INFO - Found 60 links on page 124
2025-06-08 06:38:35,519 - INFO - Scraping page 127...
2025-06-08 06:38:36,533 - INFO - Found 60 links on page 125
2025-06-08 06:38:36,533 - INFO - Scraping page 128...
2025-06-08 06:38:39,090 - INFO - Found 60 links on page 126
2025-06-08 06:38:39,090 - INFO - Scraping page 129...
2025-06-08 06:38:40,113 - INFO - Found 60 links on page 127
2025-06-08 06:38:40,113 - INFO - Scraping page 130...
2025-06-08 06:38:41,275 - INFO - Found 60 links on page 128
2025-06-08 06:38:41,275 - INFO - Scraping page 131...
2025-06-08 06:38:43,375 - INFO - Found 60 links on page 129
2025-06-08 06:38:43,375 - INFO - Scraping page 132...
2025-06-08 06:38:44,100 - INFO - Found 60 links on page 130
2025-06-08 06:38:44,101 - INFO - Scraping page 133...
2025-06-08 06:38:45,153 - INFO - Found 60 links on page 131
2025-06-08 06:38:45,154 - INFO - Scraping page 134...
2025-06-08 06:38:47,329 - INFO - Found 60 links on page 132
2025-06-08 06:38:47,329 - INFO - Scraping page 135...
2025-06-08 06:38:48,185 - INFO - Found 60 links on page 133
2025-06-08 06:38:48,185 - INFO - Scraping page 136...
2025-06-08 06:38:49,259 - INFO - Found 60 links on page 134
2025-06-08 06:38:49,259 - INFO - Scraping page 137...
2025-06-08 06:38:51,565 - INFO - Found 60 links on page 135
2025-06-08 06:38:51,565 - INFO - Scraping page 138...
2025-06-08 06:38:52,313 - INFO - Found 60 links on page 136
2025-06-08 06:38:52,313 - INFO - Scraping page 139...
2025-06-08 06:38:53,341 - INFO - Found 60 links on page 137
2025-06-08 06:38:53,341 - INFO - Scraping page 140...
2025-06-08 06:38:55,854 - INFO - Found 60 links on page 138
2025-06-08 06:38:55,854 - INFO - Scraping page 141...
2025-06-08 06:38:56,052 - INFO - Found 60 links on page 139
2025-06-08 06:38:56,052 - INFO - Scraping page 142...
2025-06-08 06:38:57,058 - INFO - Found 60 links on page 140
2025-06-08 06:38:57,058 - INFO - Scraping page 143...
2025-06-08 06:39:00,291 - INFO - Found 60 links on page 141
2025-06-08 06:39:00,297 - INFO - Scraping page 144...
2025-06-08 06:39:00,351 - INFO - Found 60 links on page 142
2025-06-08 06:39:00,351 - INFO - Scraping page 145...
2025-06-08 06:39:01,381 - INFO - Found 60 links on page 143
2025-06-08 06:39:01,381 - INFO - Scraping page 146...
2025-06-08 06:39:04,291 - INFO - Found 60 links on page 145
2025-06-08 06:39:04,291 - INFO - Scraping page 147...
2025-06-08 06:39:04,775 - INFO - Found 60 links on page 144
2025-06-08 06:39:04,775 - INFO - Scraping page 148...
2025-06-08 06:39:05,442 - INFO - Found 60 links on page 146
2025-06-08 06:39:05,442 - INFO - Scraping page 149...
2025-06-08 06:39:08,257 - INFO - Found 60 links on page 147
2025-06-08 06:39:08,257 - INFO - Scraping page 150...
2025-06-08 06:39:08,945 - INFO - Found 60 links on page 148
2025-06-08 06:39:08,945 - INFO - Scraping page 151...
2025-06-08 06:39:09,609 - INFO - Found 60 links on page 149
2025-06-08 06:39:09,609 - INFO - Scraping page 152...
2025-06-08 06:39:12,137 - INFO - Found 60 links on page 150
2025-06-08 06:39:12,137 - INFO - Scraping page 153...
2025-06-08 06:39:13,118 - INFO - Found 60 links on page 151
2025-06-08 06:39:13,118 - INFO - Scraping page 154...
2025-06-08 06:39:14,162 - INFO - Found 60 links on page 152
2025-06-08 06:39:14,162 - INFO - Scraping page 155...
2025-06-08 06:39:16,904 - INFO - Found 60 links on page 153
2025-06-08 06:39:16,904 - INFO - Scraping page 156...
2025-06-08 06:39:17,102 - INFO - Found 60 links on page 154
2025-06-08 06:39:17,103 - INFO - Scraping page 157...
2025-06-08 06:39:18,003 - INFO - Found 60 links on page 155
2025-06-08 06:39:18,004 - INFO - Scraping page 158...
2025-06-08 06:39:21,271 - INFO - Found 60 links on page 157
2025-06-08 06:39:21,271 - INFO - Scraping page 159...
2025-06-08 06:39:21,569 - INFO - Found 60 links on page 156
2025-06-08 06:39:21,569 - INFO - Scraping page 160...
2025-06-08 06:39:22,865 - INFO - Found 60 links on page 158
2025-06-08 06:39:22,865 - INFO - Scraping page 161...
2025-06-08 06:39:25,426 - INFO - Found 60 links on page 159
2025-06-08 06:39:25,426 - INFO - Scraping page 162...
2025-06-08 06:39:25,652 - INFO - Found 60 links on page 160
2025-06-08 06:39:25,652 - INFO - Scraping page 163...
2025-06-08 06:39:26,861 - INFO - Found 60 links on page 161
2025-06-08 06:39:26,862 - INFO - Scraping page 164...
2025-06-08 06:39:29,450 - INFO - Found 60 links on page 162
2025-06-08 06:39:29,450 - INFO - Scraping page 165...
2025-06-08 06:39:29,829 - INFO - Found 60 links on page 163
2025-06-08 06:39:29,829 - INFO - Scraping page 166...
2025-06-08 06:39:31,090 - INFO - Found 60 links on page 164
2025-06-08 06:39:31,090 - INFO - Scraping page 167...
2025-06-08 06:39:33,675 - INFO - Found 60 links on page 165
2025-06-08 06:39:33,676 - INFO - Scraping page 168...
2025-06-08 06:39:34,334 - INFO - Found 60 links on page 166
2025-06-08 06:39:34,335 - INFO - Scraping page 169...
2025-06-08 06:39:35,467 - INFO - Found 60 links on page 167
2025-06-08 06:39:35,467 - INFO - Scraping page 170...
2025-06-08 06:39:37,939 - INFO - Found 60 links on page 168
2025-06-08 06:39:37,939 - INFO - Scraping page 171...
2025-06-08 06:39:38,278 - INFO - Found 60 links on page 169
2025-06-08 06:39:38,278 - INFO - Scraping page 172...
2025-06-08 06:39:39,496 - INFO - Found 60 links on page 170
2025-06-08 06:39:39,497 - INFO - Scraping page 173...
2025-06-08 06:39:41,818 - INFO - Found 60 links on page 171
2025-06-08 06:39:41,818 - INFO - Scraping page 174...
2025-06-08 06:39:42,985 - INFO - Found 60 links on page 172
2025-06-08 06:39:42,986 - INFO - Scraping page 175...
2025-06-08 06:39:43,719 - INFO - Found 60 links on page 173
2025-06-08 06:39:43,719 - INFO - Scraping page 176...
2025-06-08 06:39:46,033 - INFO - Found 60 links on page 174
2025-06-08 06:39:46,034 - INFO - Scraping page 177...
2025-06-08 06:39:47,037 - INFO - Found 60 links on page 175
2025-06-08 06:39:47,037 - INFO - Scraping page 178...
2025-06-08 06:39:47,928 - INFO - Found 60 links on page 176
2025-06-08 06:39:47,928 - INFO - Scraping page 179...
2025-06-08 06:39:49,858 - INFO - Found 60 links on page 177
2025-06-08 06:39:49,858 - INFO - Scraping page 180...
2025-06-08 06:39:51,111 - INFO - Found 60 links on page 178
2025-06-08 06:39:51,112 - INFO - Scraping page 181...
2025-06-08 06:39:52,186 - INFO - Found 60 links on page 179
2025-06-08 06:39:52,186 - INFO - Scraping page 182...
2025-06-08 06:39:53,894 - INFO - Found 60 links on page 180
2025-06-08 06:39:53,894 - INFO - Scraping page 183...
2025-06-08 06:39:55,317 - INFO - Found 60 links on page 181
2025-06-08 06:39:55,317 - INFO - Scraping page 184...
2025-06-08 06:39:56,174 - INFO - Found 60 links on page 182
2025-06-08 06:39:56,174 - INFO - Scraping page 185...
2025-06-08 06:39:57,838 - INFO - Found 60 links on page 183
2025-06-08 06:39:57,839 - INFO - Scraping page 186...
2025-06-08 06:40:00,230 - INFO - Found 60 links on page 184
2025-06-08 06:40:00,230 - INFO - Scraping page 187...
2025-06-08 06:40:00,422 - INFO - Found 60 links on page 185
2025-06-08 06:40:00,422 - INFO - Scraping page 188...
2025-06-08 06:40:02,226 - INFO - Found 60 links on page 186
2025-06-08 06:40:02,226 - INFO - Scraping page 189...
2025-06-08 06:40:04,485 - INFO - Found 60 links on page 187
2025-06-08 06:40:04,490 - INFO - Scraping page 190...
2025-06-08 06:40:04,626 - INFO - Found 60 links on page 188
2025-06-08 06:40:04,626 - INFO - Scraping page 191...
2025-06-08 06:40:06,400 - INFO - Found 60 links on page 189
2025-06-08 06:40:06,400 - INFO - Scraping page 192...
2025-06-08 06:40:08,659 - INFO - Found 60 links on page 191
2025-06-08 06:40:08,659 - INFO - Scraping page 193...
2025-06-08 06:40:08,843 - INFO - Found 60 links on page 190
2025-06-08 06:40:08,843 - INFO - Scraping page 194...
2025-06-08 06:40:10,790 - INFO - Found 60 links on page 192
2025-06-08 06:40:10,790 - INFO - Scraping page 195...
2025-06-08 06:40:12,698 - INFO - Found 60 links on page 193
2025-06-08 06:40:12,709 - INFO - Scraping page 196...
2025-06-08 06:40:12,919 - INFO - Found 60 links on page 194
2025-06-08 06:40:12,919 - INFO - Scraping page 197...
2025-06-08 06:40:15,196 - INFO - Found 60 links on page 195
2025-06-08 06:40:15,196 - INFO - Scraping page 198...
2025-06-08 06:40:16,569 - INFO - Found 60 links on page 196
2025-06-08 06:40:16,569 - INFO - Scraping page 199...
2025-06-08 06:40:17,747 - INFO - Found 60 links on page 197
2025-06-08 06:40:17,747 - INFO - Scraping page 200...
2025-06-08 06:40:19,309 - INFO - Found 60 links on page 198
2025-06-08 06:40:20,422 - INFO - Found 60 links on page 199
2025-06-08 06:40:21,516 - INFO - Found 26 links on page 200
2025-06-08 06:40:21,524 - INFO - Found 206 new links to scrape out of 11966 total links
2025-06-08 06:40:21,524 - INFO - Processing batch 1/5 (50 links)
2025-06-08 06:40:27,653 - INFO - Progress: 10/50 ads processed
2025-06-08 06:40:32,421 - INFO - Progress: 20/50 ads processed
2025-06-08 06:40:37,527 - INFO - Progress: 30/50 ads processed
2025-06-08 06:40:42,586 - INFO - Progress: 40/50 ads processed
2025-06-08 06:40:47,288 - INFO - Progress: 50/50 ads processed
2025-06-08 06:40:47,357 - INFO - Created backup of existing data file at unegui_data/unegui_sales_data.csv.bak
2025-06-08 06:40:47,666 - INFO - Data saved to unegui_data/unegui_sales_data.csv: 21862 records
2025-06-08 06:40:48,413 - INFO - Cache saved with 22222 URLs
2025-06-08 06:40:48,413 - INFO - Saved batch data. Total records: 21862
2025-06-08 06:40:48,413 - INFO - Processing batch 2/5 (50 links)
2025-06-08 06:40:53,724 - INFO - Progress: 10/50 ads processed
2025-06-08 06:40:58,876 - INFO - Progress: 20/50 ads processed
2025-06-08 06:41:04,455 - INFO - Progress: 30/50 ads processed
2025-06-08 06:41:09,566 - INFO - Progress: 40/50 ads processed
2025-06-08 06:41:14,852 - INFO - Progress: 50/50 ads processed
2025-06-08 06:41:14,920 - INFO - Created backup of existing data file at unegui_data/unegui_sales_data.csv.bak
2025-06-08 06:41:15,228 - INFO - Data saved to unegui_data/unegui_sales_data.csv: 21909 records
2025-06-08 06:41:15,964 - INFO - Cache saved with 22272 URLs
2025-06-08 06:41:15,964 - INFO - Saved batch data. Total records: 21909
2025-06-08 06:41:15,964 - INFO - Processing batch 3/5 (50 links)
2025-06-08 06:41:21,584 - INFO - Progress: 10/50 ads processed
2025-06-08 06:41:26,932 - INFO - Progress: 20/50 ads processed
2025-06-08 06:41:31,756 - INFO - Progress: 30/50 ads processed
2025-06-08 06:41:36,919 - INFO - Progress: 40/50 ads processed
2025-06-08 06:41:41,984 - INFO - Progress: 50/50 ads processed
2025-06-08 06:41:42,051 - INFO - Created backup of existing data file at unegui_data/unegui_sales_data.csv.bak
2025-06-08 06:41:42,361 - INFO - Data saved to unegui_data/unegui_sales_data.csv: 21957 records
2025-06-08 06:41:43,102 - INFO - Cache saved with 22322 URLs
2025-06-08 06:41:43,102 - INFO - Saved batch data. Total records: 21957
2025-06-08 06:41:43,102 - INFO - Processing batch 4/5 (50 links)
2025-06-08 06:41:48,850 - INFO - Progress: 10/50 ads processed
2025-06-08 06:41:54,366 - INFO - Progress: 20/50 ads processed
2025-06-08 06:41:59,810 - INFO - Progress: 30/50 ads processed
2025-06-08 06:42:05,521 - INFO - Progress: 40/50 ads processed
2025-06-08 06:42:10,747 - INFO - Progress: 50/50 ads processed
2025-06-08 06:42:10,815 - INFO - Created backup of existing data file at unegui_data/unegui_sales_data.csv.bak
2025-06-08 06:42:11,123 - INFO - Data saved to unegui_data/unegui_sales_data.csv: 22005 records
2025-06-08 06:42:11,863 - INFO - Cache saved with 22372 URLs
2025-06-08 06:42:11,863 - INFO - Saved batch data. Total records: 22005
2025-06-08 06:42:11,863 - INFO - Processing batch 5/5 (6 links)
2025-06-08 06:42:16,841 - INFO - Progress: 6/6 ads processed
2025-06-08 06:42:16,908 - INFO - Created backup of existing data file at unegui_data/unegui_sales_data.csv.bak
2025-06-08 06:42:17,218 - INFO - Data saved to unegui_data/unegui_sales_data.csv: 22011 records
2025-06-08 06:42:17,966 - INFO - Cache saved with 22378 URLs
2025-06-08 06:42:17,967 - INFO - Saved batch data. Total records: 22011
2025-06-08 06:42:17,967 - INFO - Scraping completed in 0:06:39.848381. Total ads collected: 22011
