2025-06-19 06:37:37,914 - INFO - Starting sales apartment scraper at 2025-06-19 06:37:37.914696
2025-06-19 06:37:38,347 - INFO - Loaded existing data from unegui_data/unegui_sales_data.csv: 25721 records
2025-06-19 06:37:38,642 - INFO - Loaded 25721 existing records
2025-06-19 06:37:38,656 - INFO - Scraping page 1...
2025-06-19 06:37:38,656 - INFO - Scraping page 2...
2025-06-19 06:37:38,657 - INFO - Scraping page 3...
2025-06-19 06:37:42,462 - INFO - Found 60 links on page 1
2025-06-19 06:37:42,463 - INFO - Scraping page 4...
2025-06-19 06:37:43,864 - INFO - Found 60 links on page 3
2025-06-19 06:37:43,864 - INFO - Scraping page 5...
2025-06-19 06:37:44,620 - INFO - Found 60 links on page 2
2025-06-19 06:37:44,621 - INFO - Scraping page 6...
2025-06-19 06:37:47,075 - INFO - Found 60 links on page 4
2025-06-19 06:37:47,075 - INFO - Scraping page 7...
2025-06-19 06:37:48,150 - INFO - Found 60 links on page 5
2025-06-19 06:37:48,150 - INFO - Scraping page 8...
2025-06-19 06:37:49,324 - INFO - Found 60 links on page 6
2025-06-19 06:37:49,324 - INFO - Scraping page 9...
2025-06-19 06:37:51,593 - INFO - Found 60 links on page 7
2025-06-19 06:37:51,593 - INFO - Scraping page 10...
2025-06-19 06:37:52,792 - INFO - Found 60 links on page 8
2025-06-19 06:37:52,793 - INFO - Scraping page 11...
2025-06-19 06:37:53,928 - INFO - Found 60 links on page 9
2025-06-19 06:37:53,928 - INFO - Scraping page 12...
2025-06-19 06:37:56,907 - INFO - Found 60 links on page 10
2025-06-19 06:37:56,907 - INFO - Scraping page 13...
2025-06-19 06:37:57,421 - INFO - Found 60 links on page 11
2025-06-19 06:37:57,421 - INFO - Scraping page 14...
2025-06-19 06:37:58,270 - INFO - Found 60 links on page 12
2025-06-19 06:37:58,270 - INFO - Scraping page 15...
2025-06-19 06:38:01,678 - INFO - Found 60 links on page 13
2025-06-19 06:38:01,679 - INFO - Scraping page 16...
2025-06-19 06:38:02,077 - INFO - Found 60 links on page 14
2025-06-19 06:38:02,078 - INFO - Scraping page 17...
2025-06-19 06:38:02,928 - INFO - Found 60 links on page 15
2025-06-19 06:38:02,928 - INFO - Scraping page 18...
2025-06-19 06:38:06,424 - INFO - Found 60 links on page 16
2025-06-19 06:38:06,425 - INFO - Scraping page 19...
2025-06-19 06:38:06,728 - INFO - Found 60 links on page 17
2025-06-19 06:38:06,728 - INFO - Scraping page 20...
2025-06-19 06:38:07,281 - INFO - Found 60 links on page 18
2025-06-19 06:38:07,282 - INFO - Scraping page 21...
2025-06-19 06:38:11,275 - INFO - Found 60 links on page 19
2025-06-19 06:38:11,276 - INFO - Scraping page 22...
2025-06-19 06:38:11,476 - INFO - Found 60 links on page 20
2025-06-19 06:38:11,476 - INFO - Scraping page 23...
2025-06-19 06:38:12,745 - INFO - Found 60 links on page 21
2025-06-19 06:38:12,746 - INFO - Scraping page 24...
2025-06-19 06:38:15,874 - INFO - Found 60 links on page 23
2025-06-19 06:38:15,874 - INFO - Scraping page 25...
2025-06-19 06:38:17,211 - INFO - Found 60 links on page 22
2025-06-19 06:38:17,221 - INFO - Scraping page 26...
2025-06-19 06:38:17,363 - INFO - Found 60 links on page 24
2025-06-19 06:38:17,364 - INFO - Scraping page 27...
2025-06-19 06:38:20,323 - INFO - Found 60 links on page 25
2025-06-19 06:38:20,324 - INFO - Scraping page 28...
2025-06-19 06:38:21,697 - INFO - Found 60 links on page 26
2025-06-19 06:38:21,698 - INFO - Scraping page 29...
2025-06-19 06:38:22,038 - INFO - Found 60 links on page 27
2025-06-19 06:38:22,038 - INFO - Scraping page 30...
2025-06-19 06:38:24,913 - INFO - Found 60 links on page 28
2025-06-19 06:38:24,914 - INFO - Scraping page 31...
2025-06-19 06:38:26,499 - INFO - Found 60 links on page 29
2025-06-19 06:38:26,499 - INFO - Scraping page 32...
2025-06-19 06:38:27,285 - INFO - Found 60 links on page 30
2025-06-19 06:38:27,285 - INFO - Scraping page 33...
2025-06-19 06:38:29,316 - INFO - Found 60 links on page 31
2025-06-19 06:38:29,316 - INFO - Scraping page 34...
2025-06-19 06:38:30,173 - INFO - Found 60 links on page 32
2025-06-19 06:38:30,174 - INFO - Scraping page 35...
2025-06-19 06:38:31,167 - INFO - Found 60 links on page 33
2025-06-19 06:38:31,167 - INFO - Scraping page 36...
2025-06-19 06:38:33,830 - INFO - Found 60 links on page 34
2025-06-19 06:38:33,831 - INFO - Scraping page 37...
2025-06-19 06:38:34,266 - INFO - Found 60 links on page 35
2025-06-19 06:38:34,266 - INFO - Scraping page 38...
2025-06-19 06:38:35,875 - INFO - Found 60 links on page 36
2025-06-19 06:38:35,875 - INFO - Scraping page 39...
2025-06-19 06:38:37,954 - INFO - Found 60 links on page 37
2025-06-19 06:38:37,954 - INFO - Scraping page 40...
2025-06-19 06:38:38,498 - INFO - Found 60 links on page 38
2025-06-19 06:38:38,498 - INFO - Scraping page 41...
2025-06-19 06:38:39,645 - INFO - Found 60 links on page 39
2025-06-19 06:38:39,646 - INFO - Scraping page 42...
2025-06-19 06:38:42,308 - INFO - Found 60 links on page 40
2025-06-19 06:38:42,308 - INFO - Scraping page 43...
2025-06-19 06:38:42,520 - INFO - Found 60 links on page 41
2025-06-19 06:38:42,520 - INFO - Scraping page 44...
2025-06-19 06:38:43,711 - INFO - Found 60 links on page 42
2025-06-19 06:38:43,711 - INFO - Scraping page 45...
2025-06-19 06:38:46,469 - INFO - Found 60 links on page 43
2025-06-19 06:38:46,469 - INFO - Scraping page 46...
2025-06-19 06:38:47,374 - INFO - Found 60 links on page 44
2025-06-19 06:38:47,374 - INFO - Scraping page 47...
2025-06-19 06:38:47,914 - INFO - Found 60 links on page 45
2025-06-19 06:38:47,914 - INFO - Scraping page 48...
2025-06-19 06:38:50,700 - INFO - Found 60 links on page 46
2025-06-19 06:38:50,700 - INFO - Scraping page 49...
2025-06-19 06:38:51,418 - INFO - Found 60 links on page 47
2025-06-19 06:38:51,418 - INFO - Scraping page 50...
2025-06-19 06:38:51,735 - INFO - Found 60 links on page 48
2025-06-19 06:38:51,735 - INFO - Scraping page 51...
2025-06-19 06:38:54,767 - INFO - Found 60 links on page 49
2025-06-19 06:38:54,767 - INFO - Scraping page 52...
2025-06-19 06:38:55,441 - INFO - Found 60 links on page 50
2025-06-19 06:38:55,441 - INFO - Scraping page 53...
2025-06-19 06:38:55,761 - INFO - Found 60 links on page 51
2025-06-19 06:38:55,761 - INFO - Scraping page 54...
2025-06-19 06:38:59,055 - INFO - Found 60 links on page 52
2025-06-19 06:38:59,056 - INFO - Scraping page 55...
2025-06-19 06:38:59,311 - INFO - Found 60 links on page 53
2025-06-19 06:38:59,311 - INFO - Scraping page 56...
2025-06-19 06:38:59,909 - INFO - Found 60 links on page 54
2025-06-19 06:38:59,909 - INFO - Scraping page 57...
2025-06-19 06:39:02,854 - INFO - Found 60 links on page 55
2025-06-19 06:39:02,854 - INFO - Scraping page 58...
2025-06-19 06:39:03,384 - INFO - Found 60 links on page 56
2025-06-19 06:39:03,384 - INFO - Scraping page 59...
2025-06-19 06:39:04,211 - INFO - Found 60 links on page 57
2025-06-19 06:39:04,211 - INFO - Scraping page 60...
2025-06-19 06:39:07,340 - INFO - Found 60 links on page 58
2025-06-19 06:39:07,340 - INFO - Scraping page 61...
2025-06-19 06:39:08,246 - INFO - Found 60 links on page 60
2025-06-19 06:39:08,246 - INFO - Scraping page 62...
2025-06-19 06:39:08,817 - INFO - Found 60 links on page 59
2025-06-19 06:39:08,817 - INFO - Scraping page 63...
2025-06-19 06:39:11,402 - INFO - Found 60 links on page 61
2025-06-19 06:39:11,402 - INFO - Scraping page 64...
2025-06-19 06:39:12,840 - INFO - Found 60 links on page 62
2025-06-19 06:39:12,840 - INFO - Scraping page 65...
2025-06-19 06:39:13,368 - INFO - Found 60 links on page 63
2025-06-19 06:39:13,369 - INFO - Scraping page 66...
2025-06-19 06:39:15,810 - INFO - Found 60 links on page 64
2025-06-19 06:39:15,810 - INFO - Scraping page 67...
2025-06-19 06:39:16,962 - INFO - Found 60 links on page 65
2025-06-19 06:39:16,962 - INFO - Scraping page 68...
2025-06-19 06:39:18,088 - INFO - Found 60 links on page 66
2025-06-19 06:39:18,088 - INFO - Scraping page 69...
2025-06-19 06:39:19,707 - INFO - Found 60 links on page 67
2025-06-19 06:39:19,707 - INFO - Scraping page 70...
2025-06-19 06:39:21,204 - INFO - Found 60 links on page 68
2025-06-19 06:39:21,205 - INFO - Scraping page 71...
2025-06-19 06:39:22,330 - INFO - Found 60 links on page 69
2025-06-19 06:39:22,330 - INFO - Scraping page 72...
2025-06-19 06:39:23,880 - INFO - Found 60 links on page 70
2025-06-19 06:39:23,881 - INFO - Scraping page 73...
2025-06-19 06:39:25,615 - INFO - Found 60 links on page 71
2025-06-19 06:39:25,615 - INFO - Scraping page 74...
2025-06-19 06:39:26,486 - INFO - Found 60 links on page 72
2025-06-19 06:39:26,486 - INFO - Scraping page 75...
2025-06-19 06:39:28,144 - INFO - Found 60 links on page 73
2025-06-19 06:39:28,144 - INFO - Scraping page 76...
2025-06-19 06:39:30,278 - INFO - Found 60 links on page 74
2025-06-19 06:39:30,279 - INFO - Scraping page 77...
2025-06-19 06:39:31,791 - INFO - Found 60 links on page 75
2025-06-19 06:39:31,791 - INFO - Scraping page 78...
2025-06-19 06:39:32,439 - INFO - Found 60 links on page 76
2025-06-19 06:39:32,439 - INFO - Scraping page 79...
2025-06-19 06:39:34,378 - INFO - Found 60 links on page 77
2025-06-19 06:39:34,378 - INFO - Scraping page 80...
2025-06-19 06:39:36,728 - INFO - Found 60 links on page 78
2025-06-19 06:39:36,734 - INFO - Scraping page 81...
2025-06-19 06:39:36,858 - INFO - Found 60 links on page 79
2025-06-19 06:39:36,858 - INFO - Scraping page 82...
2025-06-19 06:39:38,702 - INFO - Found 60 links on page 80
2025-06-19 06:39:38,702 - INFO - Scraping page 83...
2025-06-19 06:39:40,800 - INFO - Found 60 links on page 81
2025-06-19 06:39:40,800 - INFO - Scraping page 84...
2025-06-19 06:39:41,297 - INFO - Found 60 links on page 82
2025-06-19 06:39:41,297 - INFO - Scraping page 85...
2025-06-19 06:39:43,479 - INFO - Found 60 links on page 83
2025-06-19 06:39:43,479 - INFO - Scraping page 86...
2025-06-19 06:39:45,718 - INFO - Found 60 links on page 85
2025-06-19 06:39:45,728 - INFO - Scraping page 87...
2025-06-19 06:39:45,801 - INFO - Found 60 links on page 84
2025-06-19 06:39:45,801 - INFO - Scraping page 88...
2025-06-19 06:39:47,745 - INFO - Found 60 links on page 86
2025-06-19 06:39:47,745 - INFO - Scraping page 89...
2025-06-19 06:39:49,899 - INFO - Found 60 links on page 88
2025-06-19 06:39:49,900 - INFO - Scraping page 90...
2025-06-19 06:39:50,295 - INFO - Found 60 links on page 87
2025-06-19 06:39:50,295 - INFO - Scraping page 91...
2025-06-19 06:39:51,993 - INFO - Found 60 links on page 89
2025-06-19 06:39:51,993 - INFO - Scraping page 92...
2025-06-19 06:39:54,027 - INFO - Found 60 links on page 90
2025-06-19 06:39:54,027 - INFO - Scraping page 93...
2025-06-19 06:39:54,607 - INFO - Found 60 links on page 91
2025-06-19 06:39:54,607 - INFO - Scraping page 94...
2025-06-19 06:39:56,100 - INFO - Found 60 links on page 92
2025-06-19 06:39:56,100 - INFO - Scraping page 95...
2025-06-19 06:39:58,466 - INFO - Found 60 links on page 93
2025-06-19 06:39:58,466 - INFO - Scraping page 96...
2025-06-19 06:39:58,960 - INFO - Found 60 links on page 94
2025-06-19 06:39:58,960 - INFO - Scraping page 97...
2025-06-19 06:40:00,456 - INFO - Found 60 links on page 95
2025-06-19 06:40:00,456 - INFO - Scraping page 98...
2025-06-19 06:40:02,373 - INFO - Found 60 links on page 96
2025-06-19 06:40:02,374 - INFO - Scraping page 99...
2025-06-19 06:40:02,912 - INFO - Found 60 links on page 97
2025-06-19 06:40:02,912 - INFO - Scraping page 100...
2025-06-19 06:40:04,799 - INFO - Found 60 links on page 98
2025-06-19 06:40:04,799 - INFO - Scraping page 101...
2025-06-19 06:40:06,287 - INFO - Found 60 links on page 99
2025-06-19 06:40:06,287 - INFO - Scraping page 102...
2025-06-19 06:40:06,954 - INFO - Found 60 links on page 100
2025-06-19 06:40:06,954 - INFO - Scraping page 103...
2025-06-19 06:40:08,743 - INFO - Found 60 links on page 101
2025-06-19 06:40:08,743 - INFO - Scraping page 104...
2025-06-19 06:40:10,743 - INFO - Found 60 links on page 103
2025-06-19 06:40:10,743 - INFO - Scraping page 105...
2025-06-19 06:40:11,364 - INFO - Found 60 links on page 102
2025-06-19 06:40:11,365 - INFO - Scraping page 106...
2025-06-19 06:40:12,711 - INFO - Found 60 links on page 104
2025-06-19 06:40:12,711 - INFO - Scraping page 107...
2025-06-19 06:40:15,000 - INFO - Found 60 links on page 105
2025-06-19 06:40:15,000 - INFO - Scraping page 108...
2025-06-19 06:40:15,636 - INFO - Found 60 links on page 106
2025-06-19 06:40:15,637 - INFO - Scraping page 109...
2025-06-19 06:40:17,148 - INFO - Found 60 links on page 107
2025-06-19 06:40:17,149 - INFO - Scraping page 110...
2025-06-19 06:40:19,470 - INFO - Found 60 links on page 108
2025-06-19 06:40:19,470 - INFO - Scraping page 111...
2025-06-19 06:40:19,941 - INFO - Found 60 links on page 109
2025-06-19 06:40:19,941 - INFO - Scraping page 112...
2025-06-19 06:40:21,172 - INFO - Found 60 links on page 110
2025-06-19 06:40:21,173 - INFO - Scraping page 113...
2025-06-19 06:40:23,504 - INFO - Found 60 links on page 111
2025-06-19 06:40:23,504 - INFO - Scraping page 114...
2025-06-19 06:40:24,383 - INFO - Found 60 links on page 112
2025-06-19 06:40:24,383 - INFO - Scraping page 115...
2025-06-19 06:40:25,287 - INFO - Found 60 links on page 113
2025-06-19 06:40:25,287 - INFO - Scraping page 116...
2025-06-19 06:40:27,345 - INFO - Found 60 links on page 114
2025-06-19 06:40:27,345 - INFO - Scraping page 117...
2025-06-19 06:40:28,823 - INFO - Found 60 links on page 115
2025-06-19 06:40:28,823 - INFO - Scraping page 118...
2025-06-19 06:40:30,878 - INFO - Found 60 links on page 116
2025-06-19 06:40:30,878 - INFO - Scraping page 119...
2025-06-19 06:40:31,878 - INFO - Found 60 links on page 117
2025-06-19 06:40:31,879 - INFO - Scraping page 120...
2025-06-19 06:40:33,288 - INFO - Found 60 links on page 118
2025-06-19 06:40:33,288 - INFO - Scraping page 121...
2025-06-19 06:40:35,910 - INFO - Found 60 links on page 120
2025-06-19 06:40:35,910 - INFO - Scraping page 122...
2025-06-19 06:40:36,667 - INFO - Found 60 links on page 119
2025-06-19 06:40:36,667 - INFO - Scraping page 123...
2025-06-19 06:40:37,437 - INFO - Found 60 links on page 121
2025-06-19 06:40:37,437 - INFO - Scraping page 124...
2025-06-19 06:40:40,661 - INFO - Found 60 links on page 123
2025-06-19 06:40:40,667 - INFO - Scraping page 125...
2025-06-19 06:40:40,869 - INFO - Found 60 links on page 122
2025-06-19 06:40:40,869 - INFO - Scraping page 126...
2025-06-19 06:40:41,489 - INFO - Found 60 links on page 124
2025-06-19 06:40:41,489 - INFO - Scraping page 127...
2025-06-19 06:40:45,601 - INFO - Found 60 links on page 126
2025-06-19 06:40:45,607 - INFO - Scraping page 128...
2025-06-19 06:40:45,688 - INFO - Found 60 links on page 125
2025-06-19 06:40:45,688 - INFO - Scraping page 129...
2025-06-19 06:40:45,968 - INFO - Found 60 links on page 127
2025-06-19 06:40:45,969 - INFO - Scraping page 130...
2025-06-19 06:40:49,871 - INFO - Found 60 links on page 129
2025-06-19 06:40:49,876 - INFO - Scraping page 131...
2025-06-19 06:40:50,133 - INFO - Found 60 links on page 128
2025-06-19 06:40:50,143 - INFO - Scraping page 132...
2025-06-19 06:40:50,321 - INFO - Found 60 links on page 130
2025-06-19 06:40:50,321 - INFO - Scraping page 133...
2025-06-19 06:40:53,933 - INFO - Found 60 links on page 131
2025-06-19 06:40:53,933 - INFO - Scraping page 134...
2025-06-19 06:40:54,586 - INFO - Found 60 links on page 132
2025-06-19 06:40:54,597 - INFO - Scraping page 135...
2025-06-19 06:40:54,654 - INFO - Found 60 links on page 133
2025-06-19 06:40:54,654 - INFO - Scraping page 136...
2025-06-19 06:40:58,338 - INFO - Found 60 links on page 134
2025-06-19 06:40:58,338 - INFO - Scraping page 137...
2025-06-19 06:40:58,849 - INFO - Found 60 links on page 136
2025-06-19 06:40:58,849 - INFO - Scraping page 138...
2025-06-19 06:40:59,576 - INFO - Found 60 links on page 135
2025-06-19 06:40:59,576 - INFO - Scraping page 139...
2025-06-19 06:41:02,405 - INFO - Found 60 links on page 137
2025-06-19 06:41:02,405 - INFO - Scraping page 140...
2025-06-19 06:41:03,021 - INFO - Found 60 links on page 138
2025-06-19 06:41:03,021 - INFO - Scraping page 141...
2025-06-19 06:41:03,605 - INFO - Found 60 links on page 139
2025-06-19 06:41:03,605 - INFO - Scraping page 142...
2025-06-19 06:41:06,652 - INFO - Found 60 links on page 140
2025-06-19 06:41:06,652 - INFO - Scraping page 143...
2025-06-19 06:41:07,254 - INFO - Found 60 links on page 141
2025-06-19 06:41:07,255 - INFO - Scraping page 144...
2025-06-19 06:41:08,066 - INFO - Found 60 links on page 142
2025-06-19 06:41:08,067 - INFO - Scraping page 145...
2025-06-19 06:41:10,491 - INFO - Found 60 links on page 143
2025-06-19 06:41:10,491 - INFO - Scraping page 146...
2025-06-19 06:41:11,414 - INFO - Found 60 links on page 144
2025-06-19 06:41:11,414 - INFO - Scraping page 147...
2025-06-19 06:41:12,853 - INFO - Found 60 links on page 145
2025-06-19 06:41:12,853 - INFO - Scraping page 148...
2025-06-19 06:41:14,450 - INFO - Found 60 links on page 146
2025-06-19 06:41:14,450 - INFO - Scraping page 149...
2025-06-19 06:41:15,877 - INFO - Found 60 links on page 147
2025-06-19 06:41:15,877 - INFO - Scraping page 150...
2025-06-19 06:41:16,693 - INFO - Found 60 links on page 148
2025-06-19 06:41:16,693 - INFO - Scraping page 151...
2025-06-19 06:41:18,538 - INFO - Found 60 links on page 149
2025-06-19 06:41:18,538 - INFO - Scraping page 152...
2025-06-19 06:41:19,936 - INFO - Found 60 links on page 150
2025-06-19 06:41:19,936 - INFO - Scraping page 153...
2025-06-19 06:41:20,657 - INFO - Found 60 links on page 151
2025-06-19 06:41:20,657 - INFO - Scraping page 154...
2025-06-19 06:41:22,724 - INFO - Found 60 links on page 152
2025-06-19 06:41:22,724 - INFO - Scraping page 155...
2025-06-19 06:41:24,057 - INFO - Found 60 links on page 153
2025-06-19 06:41:24,057 - INFO - Scraping page 156...
2025-06-19 06:41:24,728 - INFO - Found 60 links on page 154
2025-06-19 06:41:24,729 - INFO - Scraping page 157...
2025-06-19 06:41:26,885 - INFO - Found 60 links on page 155
2025-06-19 06:41:26,885 - INFO - Scraping page 158...
2025-06-19 06:41:28,948 - INFO - Found 60 links on page 156
2025-06-19 06:41:28,954 - INFO - Scraping page 159...
2025-06-19 06:41:29,167 - INFO - Found 60 links on page 157
2025-06-19 06:41:29,167 - INFO - Scraping page 160...
2025-06-19 06:41:30,867 - INFO - Found 60 links on page 158
2025-06-19 06:41:30,867 - INFO - Scraping page 161...
2025-06-19 06:41:32,864 - INFO - Found 60 links on page 159
2025-06-19 06:41:32,864 - INFO - Scraping page 162...
2025-06-19 06:41:33,565 - INFO - Found 60 links on page 160
2025-06-19 06:41:33,565 - INFO - Scraping page 163...
2025-06-19 06:41:34,893 - INFO - Found 60 links on page 161
2025-06-19 06:41:34,893 - INFO - Scraping page 164...
2025-06-19 06:41:36,966 - INFO - Found 60 links on page 162
2025-06-19 06:41:36,966 - INFO - Scraping page 165...
2025-06-19 06:41:37,539 - INFO - Found 60 links on page 163
2025-06-19 06:41:37,540 - INFO - Scraping page 166...
2025-06-19 06:41:38,936 - INFO - Found 60 links on page 164
2025-06-19 06:41:38,937 - INFO - Scraping page 167...
2025-06-19 06:41:41,430 - INFO - Found 60 links on page 165
2025-06-19 06:41:41,431 - INFO - Scraping page 168...
2025-06-19 06:41:41,726 - INFO - Found 60 links on page 166
2025-06-19 06:41:41,726 - INFO - Scraping page 169...
2025-06-19 06:41:43,006 - INFO - Found 60 links on page 167
2025-06-19 06:41:43,006 - INFO - Scraping page 170...
2025-06-19 06:41:45,307 - INFO - Found 60 links on page 168
2025-06-19 06:41:45,307 - INFO - Scraping page 171...
2025-06-19 06:41:46,173 - INFO - Found 60 links on page 169
2025-06-19 06:41:46,173 - INFO - Scraping page 172...
2025-06-19 06:41:48,468 - INFO - Found 60 links on page 170
2025-06-19 06:41:48,468 - INFO - Scraping page 173...
2025-06-19 06:41:49,196 - INFO - Found 60 links on page 171
2025-06-19 06:41:49,196 - INFO - Scraping page 174...
2025-06-19 06:41:50,149 - INFO - Found 60 links on page 172
2025-06-19 06:41:50,150 - INFO - Scraping page 175...
2025-06-19 06:41:52,906 - INFO - Found 60 links on page 173
2025-06-19 06:41:52,907 - INFO - Scraping page 176...
2025-06-19 06:41:53,711 - INFO - Found 60 links on page 174
2025-06-19 06:41:53,711 - INFO - Scraping page 177...
2025-06-19 06:41:54,225 - INFO - Found 60 links on page 175
2025-06-19 06:41:54,225 - INFO - Scraping page 178...
2025-06-19 06:41:56,812 - INFO - Found 60 links on page 176
2025-06-19 06:41:56,813 - INFO - Scraping page 179...
2025-06-19 06:41:57,583 - INFO - Found 60 links on page 177
2025-06-19 06:41:57,583 - INFO - Scraping page 180...
2025-06-19 06:41:58,255 - INFO - Found 60 links on page 178
2025-06-19 06:41:58,255 - INFO - Scraping page 181...
2025-06-19 06:42:01,355 - INFO - Found 60 links on page 179
2025-06-19 06:42:01,355 - INFO - Scraping page 182...
2025-06-19 06:42:02,487 - INFO - Found 60 links on page 180
2025-06-19 06:42:02,492 - INFO - Scraping page 183...
2025-06-19 06:42:02,601 - INFO - Found 60 links on page 181
2025-06-19 06:42:02,601 - INFO - Scraping page 184...
2025-06-19 06:42:05,467 - INFO - Found 60 links on page 182
2025-06-19 06:42:05,467 - INFO - Scraping page 185...
2025-06-19 06:42:06,366 - INFO - Found 60 links on page 184
2025-06-19 06:42:06,366 - INFO - Scraping page 186...
2025-06-19 06:42:06,556 - INFO - Found 60 links on page 183
2025-06-19 06:42:06,556 - INFO - Scraping page 187...
2025-06-19 06:42:09,910 - INFO - Found 60 links on page 185
2025-06-19 06:42:09,910 - INFO - Scraping page 188...
2025-06-19 06:42:10,441 - INFO - Found 60 links on page 186
2025-06-19 06:42:10,441 - INFO - Scraping page 189...
2025-06-19 06:42:11,013 - INFO - Found 60 links on page 187
2025-06-19 06:42:11,013 - INFO - Scraping page 190...
2025-06-19 06:42:13,905 - INFO - Found 60 links on page 188
2025-06-19 06:42:13,905 - INFO - Scraping page 191...
2025-06-19 06:42:14,552 - INFO - Found 60 links on page 189
2025-06-19 06:42:14,552 - INFO - Scraping page 192...
2025-06-19 06:42:15,235 - INFO - Found 60 links on page 190
2025-06-19 06:42:15,235 - INFO - Scraping page 193...
2025-06-19 06:42:17,994 - INFO - Found 60 links on page 191
2025-06-19 06:42:17,995 - INFO - Scraping page 194...
2025-06-19 06:42:18,658 - INFO - Found 60 links on page 192
2025-06-19 06:42:18,658 - INFO - Scraping page 195...
2025-06-19 06:42:19,755 - INFO - Found 60 links on page 193
2025-06-19 06:42:19,756 - INFO - Scraping page 196...
2025-06-19 06:42:22,117 - INFO - Found 60 links on page 194
2025-06-19 06:42:22,117 - INFO - Scraping page 197...
2025-06-19 06:42:22,697 - INFO - Found 60 links on page 195
2025-06-19 06:42:22,697 - INFO - Scraping page 198...
2025-06-19 06:42:23,867 - INFO - Found 60 links on page 196
2025-06-19 06:42:23,867 - INFO - Scraping page 199...
2025-06-19 06:42:26,145 - INFO - Found 60 links on page 197
2025-06-19 06:42:26,145 - INFO - Scraping page 200...
2025-06-19 06:42:26,918 - INFO - Found 60 links on page 198
2025-06-19 06:42:28,185 - INFO - Found 60 links on page 199
2025-06-19 06:42:31,526 - INFO - Found 60 links on page 200
2025-06-19 06:42:31,534 - INFO - Found 422 new links to scrape out of 12000 total links
2025-06-19 06:42:31,534 - INFO - Processing batch 1/9 (50 links)
2025-06-19 06:42:37,553 - INFO - Progress: 10/50 ads processed
2025-06-19 06:42:42,449 - INFO - Progress: 20/50 ads processed
2025-06-19 06:42:47,319 - INFO - Progress: 30/50 ads processed
2025-06-19 06:42:52,329 - INFO - Progress: 40/50 ads processed
2025-06-19 06:42:57,279 - INFO - Progress: 50/50 ads processed
2025-06-19 06:42:57,362 - INFO - Created backup of existing data file at unegui_data/unegui_sales_data.csv.bak
2025-06-19 06:42:57,729 - INFO - Data saved to unegui_data/unegui_sales_data.csv: 25769 records
2025-06-19 06:42:58,594 - INFO - Cache saved with 26211 URLs
2025-06-19 06:42:58,595 - INFO - Saved batch data. Total records: 25769
2025-06-19 06:42:58,595 - INFO - Processing batch 2/9 (50 links)
2025-06-19 06:43:04,360 - INFO - Progress: 10/50 ads processed
2025-06-19 06:43:10,703 - INFO - Progress: 20/50 ads processed
2025-06-19 06:43:15,817 - INFO - Progress: 30/50 ads processed
2025-06-19 06:43:20,574 - INFO - Progress: 40/50 ads processed
2025-06-19 06:43:25,488 - INFO - Progress: 50/50 ads processed
2025-06-19 06:43:25,567 - INFO - Created backup of existing data file at unegui_data/unegui_sales_data.csv.bak
2025-06-19 06:43:25,932 - INFO - Data saved to unegui_data/unegui_sales_data.csv: 25819 records
2025-06-19 06:43:26,803 - INFO - Cache saved with 26261 URLs
2025-06-19 06:43:26,803 - INFO - Saved batch data. Total records: 25819
2025-06-19 06:43:26,803 - INFO - Processing batch 3/9 (50 links)
2025-06-19 06:43:32,326 - INFO - Progress: 10/50 ads processed
2025-06-19 06:43:37,688 - INFO - Progress: 20/50 ads processed
2025-06-19 06:43:42,946 - INFO - Progress: 30/50 ads processed
2025-06-19 06:43:48,354 - INFO - Progress: 40/50 ads processed
2025-06-19 06:43:53,451 - INFO - Progress: 50/50 ads processed
2025-06-19 06:43:53,534 - INFO - Created backup of existing data file at unegui_data/unegui_sales_data.csv.bak
2025-06-19 06:43:53,902 - INFO - Data saved to unegui_data/unegui_sales_data.csv: 25867 records
2025-06-19 06:43:54,789 - INFO - Cache saved with 26311 URLs
2025-06-19 06:43:54,789 - INFO - Saved batch data. Total records: 25867
2025-06-19 06:43:54,789 - INFO - Processing batch 4/9 (50 links)
2025-06-19 06:44:00,466 - INFO - Progress: 10/50 ads processed
2025-06-19 06:44:06,358 - INFO - Progress: 20/50 ads processed
2025-06-19 06:44:11,332 - INFO - Progress: 30/50 ads processed
2025-06-19 06:44:17,389 - INFO - Progress: 40/50 ads processed
2025-06-19 06:44:22,707 - INFO - Progress: 50/50 ads processed
2025-06-19 06:44:22,787 - INFO - Created backup of existing data file at unegui_data/unegui_sales_data.csv.bak
2025-06-19 06:44:23,155 - INFO - Data saved to unegui_data/unegui_sales_data.csv: 25917 records
2025-06-19 06:44:24,038 - INFO - Cache saved with 26361 URLs
2025-06-19 06:44:24,039 - INFO - Saved batch data. Total records: 25917
2025-06-19 06:44:24,039 - INFO - Processing batch 5/9 (50 links)
2025-06-19 06:44:29,431 - INFO - Progress: 10/50 ads processed
2025-06-19 06:44:34,670 - INFO - Progress: 20/50 ads processed
2025-06-19 06:44:39,922 - INFO - Progress: 30/50 ads processed
2025-06-19 06:44:44,918 - INFO - Progress: 40/50 ads processed
2025-06-19 06:44:50,390 - INFO - Progress: 50/50 ads processed
2025-06-19 06:44:50,469 - INFO - Created backup of existing data file at unegui_data/unegui_sales_data.csv.bak
2025-06-19 06:44:50,837 - INFO - Data saved to unegui_data/unegui_sales_data.csv: 25967 records
2025-06-19 06:44:51,730 - INFO - Cache saved with 26411 URLs
2025-06-19 06:44:51,730 - INFO - Saved batch data. Total records: 25967
2025-06-19 06:44:51,730 - INFO - Processing batch 6/9 (50 links)
2025-06-19 06:44:57,040 - INFO - Progress: 10/50 ads processed
2025-06-19 06:45:02,509 - INFO - Progress: 20/50 ads processed
2025-06-19 06:45:07,606 - INFO - Progress: 30/50 ads processed
2025-06-19 06:45:12,861 - INFO - Progress: 40/50 ads processed
2025-06-19 06:45:17,993 - INFO - Progress: 50/50 ads processed
2025-06-19 06:45:18,074 - INFO - Created backup of existing data file at unegui_data/unegui_sales_data.csv.bak
2025-06-19 06:45:18,442 - INFO - Data saved to unegui_data/unegui_sales_data.csv: 26017 records
2025-06-19 06:45:19,348 - INFO - Cache saved with 26461 URLs
2025-06-19 06:45:19,348 - INFO - Saved batch data. Total records: 26017
2025-06-19 06:45:19,348 - INFO - Processing batch 7/9 (50 links)
2025-06-19 06:45:24,847 - INFO - Progress: 10/50 ads processed
2025-06-19 06:45:29,881 - INFO - Progress: 20/50 ads processed
2025-06-19 06:45:35,527 - INFO - Progress: 30/50 ads processed
2025-06-19 06:45:40,569 - INFO - Progress: 40/50 ads processed
2025-06-19 06:45:45,473 - INFO - Progress: 50/50 ads processed
2025-06-19 06:45:45,555 - INFO - Created backup of existing data file at unegui_data/unegui_sales_data.csv.bak
2025-06-19 06:45:45,925 - INFO - Data saved to unegui_data/unegui_sales_data.csv: 26066 records
2025-06-19 06:45:46,806 - INFO - Cache saved with 26511 URLs
2025-06-19 06:45:46,806 - INFO - Saved batch data. Total records: 26066
2025-06-19 06:45:46,806 - INFO - Processing batch 8/9 (50 links)
2025-06-19 06:45:52,433 - INFO - Progress: 10/50 ads processed
2025-06-19 06:45:57,858 - INFO - Progress: 20/50 ads processed
2025-06-19 06:46:03,491 - INFO - Progress: 30/50 ads processed
2025-06-19 06:46:08,494 - INFO - Progress: 40/50 ads processed
2025-06-19 06:46:13,417 - INFO - Progress: 50/50 ads processed
2025-06-19 06:46:13,496 - INFO - Created backup of existing data file at unegui_data/unegui_sales_data.csv.bak
2025-06-19 06:46:13,868 - INFO - Data saved to unegui_data/unegui_sales_data.csv: 26116 records
2025-06-19 06:46:14,748 - INFO - Cache saved with 26561 URLs
2025-06-19 06:46:14,748 - INFO - Saved batch data. Total records: 26116
2025-06-19 06:46:14,748 - INFO - Processing batch 9/9 (22 links)
2025-06-19 06:46:20,351 - INFO - Progress: 10/22 ads processed
2025-06-19 06:46:25,772 - INFO - Progress: 20/22 ads processed
2025-06-19 06:46:27,846 - INFO - Progress: 22/22 ads processed
2025-06-19 06:46:27,927 - INFO - Created backup of existing data file at unegui_data/unegui_sales_data.csv.bak
2025-06-19 06:46:28,301 - INFO - Data saved to unegui_data/unegui_sales_data.csv: 26138 records
2025-06-19 06:46:29,174 - INFO - Cache saved with 26583 URLs
2025-06-19 06:46:29,175 - INFO - Saved batch data. Total records: 26138
2025-06-19 06:46:29,175 - INFO - Scraping completed in 0:08:51.260427. Total ads collected: 26138
