2025-05-19 06:37:20,553 - INFO - Starting sales apartment scraper at 2025-05-19 06:37:20.553567
2025-05-19 06:37:20,803 - INFO - Loaded existing data from unegui_data/unegui_sales_data.csv: 14979 records
2025-05-19 06:37:21,001 - INFO - Loaded 14979 existing records
2025-05-19 06:37:21,053 - INFO - Scraping page 1...
2025-05-19 06:37:21,053 - INFO - Scraping page 2...
2025-05-19 06:37:21,053 - INFO - Scraping page 3...
2025-05-19 06:37:25,375 - INFO - Found 60 links on page 1
2025-05-19 06:37:25,375 - INFO - Scraping page 4...
2025-05-19 06:37:25,999 - INFO - Found 60 links on page 3
2025-05-19 06:37:26,000 - INFO - Scraping page 5...
2025-05-19 06:37:26,244 - INFO - Found 60 links on page 2
2025-05-19 06:37:26,244 - INFO - Scraping page 6...
2025-05-19 06:37:29,463 - INFO - Found 60 links on page 4
2025-05-19 06:37:29,463 - INFO - Scraping page 7...
2025-05-19 06:37:30,468 - INFO - Found 60 links on page 5
2025-05-19 06:37:30,468 - INFO - Scraping page 8...
2025-05-19 06:37:30,724 - INFO - Found 60 links on page 6
2025-05-19 06:37:30,724 - INFO - Scraping page 9...
2025-05-19 06:37:33,768 - INFO - Found 60 links on page 7
2025-05-19 06:37:33,768 - INFO - Scraping page 10...
2025-05-19 06:37:34,924 - INFO - Found 60 links on page 8
2025-05-19 06:37:34,924 - INFO - Scraping page 11...
2025-05-19 06:37:35,724 - INFO - Found 60 links on page 9
2025-05-19 06:37:35,724 - INFO - Scraping page 12...
2025-05-19 06:37:37,953 - INFO - Found 60 links on page 10
2025-05-19 06:37:37,953 - INFO - Scraping page 13...
2025-05-19 06:37:39,354 - INFO - Found 60 links on page 11
2025-05-19 06:37:39,355 - INFO - Scraping page 14...
2025-05-19 06:37:39,936 - INFO - Found 60 links on page 12
2025-05-19 06:37:39,936 - INFO - Scraping page 15...
2025-05-19 06:37:42,937 - INFO - Found 60 links on page 13
2025-05-19 06:37:42,938 - INFO - Scraping page 16...
2025-05-19 06:37:43,652 - INFO - Found 60 links on page 14
2025-05-19 06:37:43,652 - INFO - Scraping page 17...
2025-05-19 06:37:44,239 - INFO - Found 60 links on page 15
2025-05-19 06:37:44,239 - INFO - Scraping page 18...
2025-05-19 06:37:47,288 - INFO - Found 60 links on page 16
2025-05-19 06:37:47,288 - INFO - Scraping page 19...
2025-05-19 06:37:48,094 - INFO - Found 60 links on page 17
2025-05-19 06:37:48,094 - INFO - Scraping page 20...
2025-05-19 06:37:49,305 - INFO - Found 60 links on page 18
2025-05-19 06:37:49,305 - INFO - Scraping page 21...
2025-05-19 06:37:51,531 - INFO - Found 60 links on page 19
2025-05-19 06:37:51,531 - INFO - Scraping page 22...
2025-05-19 06:37:53,044 - INFO - Found 60 links on page 20
2025-05-19 06:37:53,044 - INFO - Scraping page 23...
2025-05-19 06:37:53,839 - INFO - Found 60 links on page 21
2025-05-19 06:37:53,839 - INFO - Scraping page 24...
2025-05-19 06:37:56,047 - INFO - Found 60 links on page 22
2025-05-19 06:37:56,047 - INFO - Scraping page 25...
2025-05-19 06:37:57,473 - INFO - Found 60 links on page 23
2025-05-19 06:37:57,474 - INFO - Scraping page 26...
2025-05-19 06:37:58,326 - INFO - Found 60 links on page 24
2025-05-19 06:37:58,326 - INFO - Scraping page 27...
2025-05-19 06:38:00,621 - INFO - Found 60 links on page 25
2025-05-19 06:38:00,622 - INFO - Scraping page 28...
2025-05-19 06:38:02,241 - INFO - Found 60 links on page 26
2025-05-19 06:38:02,246 - INFO - Scraping page 29...
2025-05-19 06:38:02,443 - INFO - Found 60 links on page 27
2025-05-19 06:38:02,444 - INFO - Scraping page 30...
2025-05-19 06:38:05,041 - INFO - Found 60 links on page 28
2025-05-19 06:38:05,042 - INFO - Scraping page 31...
2025-05-19 06:38:06,818 - INFO - Found 60 links on page 29
2025-05-19 06:38:06,823 - INFO - Scraping page 32...
2025-05-19 06:38:07,027 - INFO - Found 60 links on page 30
2025-05-19 06:38:07,027 - INFO - Scraping page 33...
2025-05-19 06:38:09,916 - INFO - Found 60 links on page 31
2025-05-19 06:38:09,916 - INFO - Scraping page 34...
2025-05-19 06:38:11,235 - INFO - Found 60 links on page 32
2025-05-19 06:38:11,235 - INFO - Scraping page 35...
2025-05-19 06:38:11,766 - INFO - Found 60 links on page 33
2025-05-19 06:38:11,766 - INFO - Scraping page 36...
2025-05-19 06:38:14,140 - INFO - Found 60 links on page 34
2025-05-19 06:38:14,141 - INFO - Scraping page 37...
2025-05-19 06:38:15,326 - INFO - Found 60 links on page 35
2025-05-19 06:38:15,326 - INFO - Scraping page 38...
2025-05-19 06:38:15,608 - INFO - Found 60 links on page 36
2025-05-19 06:38:15,609 - INFO - Scraping page 39...
2025-05-19 06:38:18,085 - INFO - Found 60 links on page 37
2025-05-19 06:38:18,085 - INFO - Scraping page 40...
2025-05-19 06:38:19,425 - INFO - Found 60 links on page 38
2025-05-19 06:38:19,425 - INFO - Scraping page 41...
2025-05-19 06:38:19,704 - INFO - Found 60 links on page 39
2025-05-19 06:38:19,704 - INFO - Scraping page 42...
2025-05-19 06:38:22,080 - INFO - Found 60 links on page 40
2025-05-19 06:38:22,080 - INFO - Scraping page 43...
2025-05-19 06:38:23,132 - INFO - Found 60 links on page 41
2025-05-19 06:38:23,132 - INFO - Scraping page 44...
2025-05-19 06:38:23,344 - INFO - Found 60 links on page 42
2025-05-19 06:38:23,344 - INFO - Scraping page 45...
2025-05-19 06:38:26,047 - INFO - Found 60 links on page 43
2025-05-19 06:38:26,047 - INFO - Scraping page 46...
2025-05-19 06:38:26,844 - INFO - Found 60 links on page 44
2025-05-19 06:38:26,844 - INFO - Scraping page 47...
2025-05-19 06:38:27,555 - INFO - Found 60 links on page 45
2025-05-19 06:38:27,555 - INFO - Scraping page 48...
2025-05-19 06:38:30,003 - INFO - Found 60 links on page 46
2025-05-19 06:38:30,003 - INFO - Scraping page 49...
2025-05-19 06:38:31,082 - INFO - Found 60 links on page 47
2025-05-19 06:38:31,082 - INFO - Scraping page 50...
2025-05-19 06:38:31,740 - INFO - Found 60 links on page 48
2025-05-19 06:38:31,741 - INFO - Scraping page 51...
2025-05-19 06:38:34,123 - INFO - Found 60 links on page 49
2025-05-19 06:38:34,123 - INFO - Scraping page 52...
2025-05-19 06:38:34,941 - INFO - Found 60 links on page 50
2025-05-19 06:38:34,941 - INFO - Scraping page 53...
2025-05-19 06:38:35,539 - INFO - Found 60 links on page 51
2025-05-19 06:38:35,539 - INFO - Scraping page 54...
2025-05-19 06:38:38,141 - INFO - Found 60 links on page 52
2025-05-19 06:38:38,141 - INFO - Scraping page 55...
2025-05-19 06:38:38,982 - INFO - Found 60 links on page 53
2025-05-19 06:38:38,983 - INFO - Scraping page 56...
2025-05-19 06:38:39,198 - INFO - Found 60 links on page 54
2025-05-19 06:38:39,198 - INFO - Scraping page 57...
2025-05-19 06:38:42,269 - INFO - Found 60 links on page 55
2025-05-19 06:38:42,270 - INFO - Scraping page 58...
2025-05-19 06:38:42,982 - INFO - Found 60 links on page 57
2025-05-19 06:38:42,982 - INFO - Scraping page 59...
2025-05-19 06:38:43,494 - INFO - Found 60 links on page 56
2025-05-19 06:38:43,494 - INFO - Scraping page 60...
2025-05-19 06:38:46,245 - INFO - Found 60 links on page 58
2025-05-19 06:38:46,245 - INFO - Scraping page 61...
2025-05-19 06:38:46,914 - INFO - Found 60 links on page 59
2025-05-19 06:38:46,914 - INFO - Scraping page 62...
2025-05-19 06:38:47,456 - INFO - Found 60 links on page 60
2025-05-19 06:38:47,456 - INFO - Scraping page 63...
2025-05-19 06:38:50,072 - INFO - Found 60 links on page 61
2025-05-19 06:38:50,072 - INFO - Scraping page 64...
2025-05-19 06:38:51,507 - INFO - Found 60 links on page 62
2025-05-19 06:38:51,507 - INFO - Scraping page 65...
2025-05-19 06:38:52,106 - INFO - Found 60 links on page 63
2025-05-19 06:38:52,106 - INFO - Scraping page 66...
2025-05-19 06:38:54,211 - INFO - Found 60 links on page 64
2025-05-19 06:38:54,211 - INFO - Scraping page 67...
2025-05-19 06:38:55,548 - INFO - Found 60 links on page 65
2025-05-19 06:38:55,549 - INFO - Scraping page 68...
2025-05-19 06:38:57,281 - INFO - Found 60 links on page 66
2025-05-19 06:38:57,281 - INFO - Scraping page 69...
2025-05-19 06:38:58,225 - INFO - Found 60 links on page 67
2025-05-19 06:38:58,225 - INFO - Scraping page 70...
2025-05-19 06:38:59,654 - INFO - Found 60 links on page 68
2025-05-19 06:38:59,654 - INFO - Scraping page 71...
2025-05-19 06:39:01,337 - INFO - Found 60 links on page 69
2025-05-19 06:39:01,337 - INFO - Scraping page 72...
2025-05-19 06:39:02,138 - INFO - Found 60 links on page 70
2025-05-19 06:39:02,138 - INFO - Scraping page 73...
2025-05-19 06:39:03,853 - INFO - Found 60 links on page 71
2025-05-19 06:39:03,853 - INFO - Scraping page 74...
2025-05-19 06:39:05,834 - INFO - Found 60 links on page 72
2025-05-19 06:39:05,835 - INFO - Scraping page 75...
2025-05-19 06:39:06,400 - INFO - Found 60 links on page 73
2025-05-19 06:39:06,400 - INFO - Scraping page 76...
2025-05-19 06:39:08,216 - INFO - Found 60 links on page 74
2025-05-19 06:39:08,217 - INFO - Scraping page 77...
2025-05-19 06:39:10,102 - INFO - Found 60 links on page 75
2025-05-19 06:39:10,103 - INFO - Scraping page 78...
2025-05-19 06:39:10,489 - INFO - Found 60 links on page 76
2025-05-19 06:39:10,490 - INFO - Scraping page 79...
2025-05-19 06:39:12,968 - INFO - Found 60 links on page 77
2025-05-19 06:39:12,969 - INFO - Scraping page 80...
2025-05-19 06:39:13,790 - INFO - Found 60 links on page 78
2025-05-19 06:39:13,790 - INFO - Scraping page 81...
2025-05-19 06:39:13,988 - INFO - Found 60 links on page 79
2025-05-19 06:39:13,988 - INFO - Scraping page 82...
2025-05-19 06:39:17,190 - INFO - Found 60 links on page 80
2025-05-19 06:39:17,191 - INFO - Scraping page 83...
2025-05-19 06:39:17,935 - INFO - Found 60 links on page 82
2025-05-19 06:39:17,935 - INFO - Scraping page 84...
2025-05-19 06:39:18,617 - INFO - Found 60 links on page 81
2025-05-19 06:39:18,617 - INFO - Scraping page 85...
2025-05-19 06:39:21,442 - INFO - Found 60 links on page 83
2025-05-19 06:39:21,442 - INFO - Scraping page 86...
2025-05-19 06:39:22,243 - INFO - Found 60 links on page 84
2025-05-19 06:39:22,244 - INFO - Scraping page 87...
2025-05-19 06:39:22,518 - INFO - Found 60 links on page 85
2025-05-19 06:39:22,518 - INFO - Scraping page 88...
2025-05-19 06:39:25,719 - INFO - Found 60 links on page 86
2025-05-19 06:39:25,719 - INFO - Scraping page 89...
2025-05-19 06:39:26,561 - INFO - Found 60 links on page 88
2025-05-19 06:39:26,561 - INFO - Scraping page 90...
2025-05-19 06:39:27,341 - INFO - Found 60 links on page 87
2025-05-19 06:39:27,341 - INFO - Scraping page 91...
2025-05-19 06:39:29,706 - INFO - Found 60 links on page 89
2025-05-19 06:39:29,706 - INFO - Scraping page 92...
2025-05-19 06:39:30,574 - INFO - Found 60 links on page 90
2025-05-19 06:39:30,574 - INFO - Scraping page 93...
2025-05-19 06:39:32,179 - INFO - Found 60 links on page 91
2025-05-19 06:39:32,179 - INFO - Scraping page 94...
2025-05-19 06:39:33,701 - INFO - Found 60 links on page 92
2025-05-19 06:39:33,701 - INFO - Scraping page 95...
2025-05-19 06:39:34,041 - INFO - Found 60 links on page 93
2025-05-19 06:39:34,041 - INFO - Scraping page 96...
2025-05-19 06:39:36,125 - INFO - Found 60 links on page 94
2025-05-19 06:39:36,126 - INFO - Scraping page 97...
2025-05-19 06:39:38,185 - INFO - Found 60 links on page 95
2025-05-19 06:39:38,190 - INFO - Scraping page 98...
2025-05-19 06:39:38,233 - INFO - Found 60 links on page 96
2025-05-19 06:39:38,233 - INFO - Scraping page 99...
2025-05-19 06:39:40,263 - INFO - Found 60 links on page 97
2025-05-19 06:39:40,263 - INFO - Scraping page 100...
2025-05-19 06:39:42,499 - INFO - Found 60 links on page 98
2025-05-19 06:39:42,509 - INFO - Scraping page 101...
2025-05-19 06:39:42,617 - INFO - Found 60 links on page 99
2025-05-19 06:39:42,617 - INFO - Scraping page 102...
2025-05-19 06:39:44,252 - INFO - Found 60 links on page 100
2025-05-19 06:39:44,252 - INFO - Scraping page 103...
2025-05-19 06:39:46,683 - INFO - Found 60 links on page 102
2025-05-19 06:39:46,684 - INFO - Scraping page 104...
2025-05-19 06:39:46,951 - INFO - Found 60 links on page 101
2025-05-19 06:39:46,952 - INFO - Scraping page 105...
2025-05-19 06:39:48,496 - INFO - Found 60 links on page 103
2025-05-19 06:39:48,497 - INFO - Scraping page 106...
2025-05-19 06:39:50,921 - INFO - Found 60 links on page 104
2025-05-19 06:39:50,921 - INFO - Scraping page 107...
2025-05-19 06:39:51,428 - INFO - Found 60 links on page 105
2025-05-19 06:39:51,429 - INFO - Scraping page 108...
2025-05-19 06:39:52,649 - INFO - Found 60 links on page 106
2025-05-19 06:39:52,649 - INFO - Scraping page 109...
2025-05-19 06:39:55,396 - INFO - Found 60 links on page 107
2025-05-19 06:39:55,406 - INFO - Scraping page 110...
2025-05-19 06:39:55,568 - INFO - Found 60 links on page 108
2025-05-19 06:39:55,568 - INFO - Scraping page 111...
2025-05-19 06:39:56,612 - INFO - Found 60 links on page 109
2025-05-19 06:39:56,612 - INFO - Scraping page 112...
2025-05-19 06:39:59,610 - INFO - Found 60 links on page 110
2025-05-19 06:39:59,610 - INFO - Scraping page 113...
2025-05-19 06:40:00,050 - INFO - Found 60 links on page 112
2025-05-19 06:40:00,060 - INFO - Scraping page 114...
2025-05-19 06:40:00,284 - INFO - Found 60 links on page 111
2025-05-19 06:40:00,284 - INFO - Scraping page 115...
2025-05-19 06:40:04,223 - INFO - Found 60 links on page 113
2025-05-19 06:40:04,229 - INFO - Scraping page 116...
2025-05-19 06:40:04,495 - INFO - Found 60 links on page 114
2025-05-19 06:40:04,500 - INFO - Scraping page 117...
2025-05-19 06:40:04,631 - INFO - Found 60 links on page 115
2025-05-19 06:40:04,631 - INFO - Scraping page 118...
2025-05-19 06:40:08,174 - INFO - Found 60 links on page 116
2025-05-19 06:40:08,174 - INFO - Scraping page 119...
2025-05-19 06:40:09,231 - INFO - Found 60 links on page 118
2025-05-19 06:40:09,231 - INFO - Scraping page 120...
2025-05-19 06:40:10,053 - INFO - Found 60 links on page 117
2025-05-19 06:40:10,054 - INFO - Scraping page 121...
2025-05-19 06:40:12,466 - INFO - Found 60 links on page 119
2025-05-19 06:40:12,466 - INFO - Scraping page 122...
2025-05-19 06:40:14,018 - INFO - Found 60 links on page 120
2025-05-19 06:40:14,018 - INFO - Scraping page 123...
2025-05-19 06:40:15,768 - INFO - Found 60 links on page 121
2025-05-19 06:40:15,769 - INFO - Scraping page 124...
2025-05-19 06:40:17,049 - INFO - Found 60 links on page 122
2025-05-19 06:40:17,049 - INFO - Scraping page 125...
2025-05-19 06:40:18,255 - INFO - Found 60 links on page 123
2025-05-19 06:40:18,255 - INFO - Scraping page 126...
2025-05-19 06:40:20,496 - INFO - Found 60 links on page 124
2025-05-19 06:40:20,497 - INFO - Scraping page 127...
2025-05-19 06:40:21,797 - INFO - Found 60 links on page 125
2025-05-19 06:40:21,797 - INFO - Scraping page 128...
2025-05-19 06:40:23,141 - INFO - Found 60 links on page 126
2025-05-19 06:40:23,141 - INFO - Scraping page 129...
2025-05-19 06:40:24,753 - INFO - Found 60 links on page 127
2025-05-19 06:40:24,754 - INFO - Scraping page 130...
2025-05-19 06:40:25,705 - INFO - Found 60 links on page 128
2025-05-19 06:40:25,705 - INFO - Scraping page 131...
2025-05-19 06:40:27,107 - INFO - Found 60 links on page 129
2025-05-19 06:40:27,107 - INFO - Scraping page 132...
2025-05-19 06:40:29,036 - INFO - Found 60 links on page 130
2025-05-19 06:40:29,036 - INFO - Scraping page 133...
2025-05-19 06:40:30,368 - INFO - Found 60 links on page 131
2025-05-19 06:40:30,368 - INFO - Scraping page 134...
2025-05-19 06:40:31,029 - INFO - Found 60 links on page 132
2025-05-19 06:40:31,030 - INFO - Scraping page 135...
2025-05-19 06:40:33,369 - INFO - Found 60 links on page 133
2025-05-19 06:40:33,370 - INFO - Scraping page 136...
2025-05-19 06:40:34,136 - INFO - Found 60 links on page 134
2025-05-19 06:40:34,136 - INFO - Scraping page 137...
2025-05-19 06:40:35,115 - INFO - Found 60 links on page 135
2025-05-19 06:40:35,115 - INFO - Scraping page 138...
2025-05-19 06:40:38,066 - INFO - Found 60 links on page 136
2025-05-19 06:40:38,067 - INFO - Scraping page 139...
2025-05-19 06:40:38,449 - INFO - Found 60 links on page 137
2025-05-19 06:40:38,449 - INFO - Scraping page 140...
2025-05-19 06:40:38,866 - INFO - Found 60 links on page 138
2025-05-19 06:40:38,867 - INFO - Scraping page 141...
2025-05-19 06:40:42,550 - INFO - Found 60 links on page 139
2025-05-19 06:40:42,560 - INFO - Scraping page 142...
2025-05-19 06:40:42,756 - INFO - Found 60 links on page 140
2025-05-19 06:40:42,756 - INFO - Scraping page 143...
2025-05-19 06:40:43,145 - INFO - Found 60 links on page 141
2025-05-19 06:40:43,145 - INFO - Scraping page 144...
2025-05-19 06:40:46,809 - INFO - Found 60 links on page 143
2025-05-19 06:40:46,810 - INFO - Scraping page 145...
2025-05-19 06:40:47,041 - INFO - Found 60 links on page 142
2025-05-19 06:40:47,041 - INFO - Scraping page 146...
2025-05-19 06:40:47,771 - INFO - Found 60 links on page 144
2025-05-19 06:40:47,771 - INFO - Scraping page 147...
2025-05-19 06:40:50,673 - INFO - Found 60 links on page 145
2025-05-19 06:40:50,673 - INFO - Scraping page 148...
2025-05-19 06:40:51,071 - INFO - Found 60 links on page 146
2025-05-19 06:40:51,071 - INFO - Scraping page 149...
2025-05-19 06:40:52,167 - INFO - Found 60 links on page 147
2025-05-19 06:40:52,167 - INFO - Scraping page 150...
2025-05-19 06:40:54,736 - INFO - Found 60 links on page 148
2025-05-19 06:40:54,737 - INFO - Scraping page 151...
2025-05-19 06:40:55,675 - INFO - Found 60 links on page 149
2025-05-19 06:40:55,675 - INFO - Scraping page 152...
2025-05-19 06:40:55,959 - INFO - Found 60 links on page 150
2025-05-19 06:40:55,959 - INFO - Scraping page 153...
2025-05-19 06:40:59,213 - INFO - Found 60 links on page 151
2025-05-19 06:40:59,213 - INFO - Scraping page 154...
2025-05-19 06:40:59,421 - INFO - Found 60 links on page 152
2025-05-19 06:40:59,421 - INFO - Scraping page 155...
2025-05-19 06:41:00,327 - INFO - Found 60 links on page 153
2025-05-19 06:41:00,327 - INFO - Scraping page 156...
2025-05-19 06:41:03,710 - INFO - Found 60 links on page 155
2025-05-19 06:41:03,711 - INFO - Scraping page 157...
2025-05-19 06:41:03,955 - INFO - Found 60 links on page 154
2025-05-19 06:41:03,955 - INFO - Scraping page 158...
2025-05-19 06:41:04,469 - INFO - Found 60 links on page 156
2025-05-19 06:41:04,469 - INFO - Scraping page 159...
2025-05-19 06:41:08,528 - INFO - Found 60 links on page 158
2025-05-19 06:41:08,528 - INFO - Scraping page 160...
2025-05-19 06:41:08,758 - INFO - Found 60 links on page 157
2025-05-19 06:41:08,759 - INFO - Scraping page 161...
2025-05-19 06:41:09,020 - INFO - Found 60 links on page 159
2025-05-19 06:41:09,020 - INFO - Scraping page 162...
2025-05-19 06:41:12,669 - INFO - Found 60 links on page 160
2025-05-19 06:41:12,669 - INFO - Scraping page 163...
2025-05-19 06:41:12,929 - INFO - Found 60 links on page 162
2025-05-19 06:41:12,930 - INFO - Scraping page 164...
2025-05-19 06:41:13,173 - INFO - Found 60 links on page 161
2025-05-19 06:41:13,173 - INFO - Scraping page 165...
2025-05-19 06:41:17,086 - INFO - Found 60 links on page 164
2025-05-19 06:41:17,107 - INFO - Scraping page 166...
2025-05-19 06:41:17,308 - INFO - Found 60 links on page 163
2025-05-19 06:41:17,319 - INFO - Scraping page 167...
2025-05-19 06:41:17,400 - INFO - Found 60 links on page 165
2025-05-19 06:41:17,400 - INFO - Scraping page 168...
2025-05-19 06:41:21,614 - INFO - Found 60 links on page 167
2025-05-19 06:41:21,614 - INFO - Scraping page 169...
2025-05-19 06:41:21,969 - INFO - Found 60 links on page 168
2025-05-19 06:41:21,974 - INFO - Scraping page 170...
2025-05-19 06:41:22,158 - INFO - Found 60 links on page 166
2025-05-19 06:41:22,158 - INFO - Scraping page 171...
2025-05-19 06:41:25,676 - INFO - Found 60 links on page 169
2025-05-19 06:41:25,676 - INFO - Scraping page 172...
2025-05-19 06:41:25,869 - INFO - Found 60 links on page 170
2025-05-19 06:41:25,869 - INFO - Scraping page 173...
2025-05-19 06:41:27,009 - INFO - Found 60 links on page 171
2025-05-19 06:41:27,009 - INFO - Scraping page 174...
2025-05-19 06:41:30,144 - INFO - Found 60 links on page 172
2025-05-19 06:41:30,154 - INFO - Scraping page 175...
2025-05-19 06:41:30,204 - INFO - Found 60 links on page 173
2025-05-19 06:41:30,204 - INFO - Scraping page 176...
2025-05-19 06:41:31,672 - INFO - Found 60 links on page 174
2025-05-19 06:41:31,672 - INFO - Scraping page 177...
2025-05-19 06:41:34,726 - INFO - Found 60 links on page 176
2025-05-19 06:41:34,732 - INFO - Scraping page 178...
2025-05-19 06:41:34,874 - INFO - Found 60 links on page 175
2025-05-19 06:41:34,874 - INFO - Scraping page 179...
2025-05-19 06:41:35,567 - INFO - Found 60 links on page 177
2025-05-19 06:41:35,567 - INFO - Scraping page 180...
2025-05-19 06:41:39,200 - INFO - Found 60 links on page 178
2025-05-19 06:41:39,200 - INFO - Scraping page 181...
2025-05-19 06:41:39,463 - INFO - Found 60 links on page 179
2025-05-19 06:41:39,463 - INFO - Scraping page 182...
2025-05-19 06:41:40,044 - INFO - Found 60 links on page 180
2025-05-19 06:41:40,044 - INFO - Scraping page 183...
2025-05-19 06:41:44,304 - INFO - Found 60 links on page 182
2025-05-19 06:41:44,309 - INFO - Scraping page 184...
2025-05-19 06:41:44,649 - INFO - Found 60 links on page 181
2025-05-19 06:41:44,654 - INFO - Scraping page 185...
2025-05-19 06:41:44,734 - INFO - Found 60 links on page 183
2025-05-19 06:41:44,735 - INFO - Scraping page 186...
2025-05-19 06:41:48,700 - INFO - Found 60 links on page 184
2025-05-19 06:41:48,700 - INFO - Scraping page 187...
2025-05-19 06:41:49,048 - INFO - Found 60 links on page 185
2025-05-19 06:41:49,063 - INFO - Scraping page 188...
2025-05-19 06:41:49,112 - INFO - Found 60 links on page 186
2025-05-19 06:41:49,112 - INFO - Scraping page 189...
2025-05-19 06:41:53,044 - INFO - Found 60 links on page 187
2025-05-19 06:41:53,044 - INFO - Scraping page 190...
2025-05-19 06:41:53,466 - INFO - Found 60 links on page 189
2025-05-19 06:41:53,466 - INFO - Scraping page 191...
2025-05-19 06:41:54,198 - INFO - Found 60 links on page 188
2025-05-19 06:41:54,199 - INFO - Scraping page 192...
2025-05-19 06:41:57,353 - INFO - Found 60 links on page 190
2025-05-19 06:41:57,354 - INFO - Scraping page 193...
2025-05-19 06:41:57,733 - INFO - Found 60 links on page 191
2025-05-19 06:41:57,733 - INFO - Scraping page 194...
2025-05-19 06:41:58,247 - INFO - Found 60 links on page 192
2025-05-19 06:41:58,247 - INFO - Scraping page 195...
2025-05-19 06:42:01,690 - INFO - Found 60 links on page 194
2025-05-19 06:42:01,690 - INFO - Scraping page 196...
2025-05-19 06:42:01,886 - INFO - Found 60 links on page 195
2025-05-19 06:42:01,886 - INFO - Scraping page 197...
2025-05-19 06:42:02,234 - INFO - Found 60 links on page 193
2025-05-19 06:42:02,234 - INFO - Scraping page 198...
2025-05-19 06:42:06,291 - INFO - Found 60 links on page 196
2025-05-19 06:42:06,292 - INFO - Scraping page 199...
2025-05-19 06:42:06,714 - INFO - Found 60 links on page 197
2025-05-19 06:42:06,719 - INFO - Scraping page 200...
2025-05-19 06:42:06,887 - INFO - Found 60 links on page 198
2025-05-19 06:42:10,344 - INFO - Found 60 links on page 199
2025-05-19 06:42:10,607 - INFO - Found 60 links on page 200
2025-05-19 06:42:10,614 - INFO - Found 383 new links to scrape out of 12000 total links
2025-05-19 06:42:10,614 - INFO - Processing batch 1/8 (50 links)
2025-05-19 06:42:17,426 - INFO - Progress: 10/50 ads processed
2025-05-19 06:42:22,177 - INFO - Progress: 20/50 ads processed
2025-05-19 06:42:27,390 - INFO - Progress: 30/50 ads processed
2025-05-19 06:42:32,503 - INFO - Progress: 40/50 ads processed
2025-05-19 06:42:37,862 - INFO - Progress: 50/50 ads processed
2025-05-19 06:42:37,912 - INFO - Created backup of existing data file at unegui_data/unegui_sales_data.csv.bak
2025-05-19 06:42:38,122 - INFO - Data saved to unegui_data/unegui_sales_data.csv: 15027 records
2025-05-19 06:42:38,622 - INFO - Cache saved with 15283 URLs
2025-05-19 06:42:38,623 - INFO - Saved batch data. Total records: 15027
2025-05-19 06:42:38,623 - INFO - Processing batch 2/8 (50 links)
2025-05-19 06:42:43,586 - INFO - Progress: 10/50 ads processed
2025-05-19 06:42:49,006 - INFO - Progress: 20/50 ads processed
2025-05-19 06:42:54,492 - INFO - Progress: 30/50 ads processed
2025-05-19 06:42:59,756 - INFO - Progress: 40/50 ads processed
2025-05-19 06:43:05,588 - INFO - Progress: 50/50 ads processed
2025-05-19 06:43:05,636 - INFO - Created backup of existing data file at unegui_data/unegui_sales_data.csv.bak
2025-05-19 06:43:05,846 - INFO - Data saved to unegui_data/unegui_sales_data.csv: 15077 records
2025-05-19 06:43:06,345 - INFO - Cache saved with 15333 URLs
2025-05-19 06:43:06,345 - INFO - Saved batch data. Total records: 15077
2025-05-19 06:43:06,345 - INFO - Processing batch 3/8 (50 links)
2025-05-19 06:43:11,872 - INFO - Progress: 10/50 ads processed
2025-05-19 06:43:17,191 - INFO - Progress: 20/50 ads processed
2025-05-19 06:43:22,400 - INFO - Progress: 30/50 ads processed
2025-05-19 06:43:27,741 - INFO - Progress: 40/50 ads processed
2025-05-19 06:43:33,110 - INFO - Progress: 50/50 ads processed
2025-05-19 06:43:33,156 - INFO - Created backup of existing data file at unegui_data/unegui_sales_data.csv.bak
2025-05-19 06:43:33,368 - INFO - Data saved to unegui_data/unegui_sales_data.csv: 15126 records
2025-05-19 06:43:33,873 - INFO - Cache saved with 15383 URLs
2025-05-19 06:43:33,873 - INFO - Saved batch data. Total records: 15126
2025-05-19 06:43:33,873 - INFO - Processing batch 4/8 (50 links)
2025-05-19 06:43:38,861 - INFO - Progress: 10/50 ads processed
2025-05-19 06:43:43,996 - INFO - Progress: 20/50 ads processed
2025-05-19 06:43:50,594 - INFO - Progress: 30/50 ads processed
2025-05-19 06:43:55,774 - INFO - Progress: 40/50 ads processed
2025-05-19 06:44:00,906 - INFO - Progress: 50/50 ads processed
2025-05-19 06:44:00,954 - INFO - Created backup of existing data file at unegui_data/unegui_sales_data.csv.bak
2025-05-19 06:44:01,167 - INFO - Data saved to unegui_data/unegui_sales_data.csv: 15176 records
2025-05-19 06:44:01,669 - INFO - Cache saved with 15433 URLs
2025-05-19 06:44:01,669 - INFO - Saved batch data. Total records: 15176
2025-05-19 06:44:01,670 - INFO - Processing batch 5/8 (50 links)
2025-05-19 06:44:06,862 - INFO - Progress: 10/50 ads processed
2025-05-19 06:44:11,914 - INFO - Progress: 20/50 ads processed
2025-05-19 06:44:17,141 - INFO - Progress: 30/50 ads processed
2025-05-19 06:44:22,173 - INFO - Progress: 40/50 ads processed
2025-05-19 06:44:27,959 - INFO - Progress: 50/50 ads processed
2025-05-19 06:44:28,006 - INFO - Created backup of existing data file at unegui_data/unegui_sales_data.csv.bak
2025-05-19 06:44:28,222 - INFO - Data saved to unegui_data/unegui_sales_data.csv: 15226 records
2025-05-19 06:44:28,724 - INFO - Cache saved with 15483 URLs
2025-05-19 06:44:28,724 - INFO - Saved batch data. Total records: 15226
2025-05-19 06:44:28,724 - INFO - Processing batch 6/8 (50 links)
2025-05-19 06:44:33,986 - INFO - Progress: 10/50 ads processed
2025-05-19 06:44:39,498 - INFO - Progress: 20/50 ads processed
2025-05-19 06:44:44,761 - INFO - Progress: 30/50 ads processed
2025-05-19 06:44:49,924 - INFO - Progress: 40/50 ads processed
2025-05-19 06:44:55,498 - INFO - Progress: 50/50 ads processed
2025-05-19 06:44:55,547 - INFO - Created backup of existing data file at unegui_data/unegui_sales_data.csv.bak
2025-05-19 06:44:55,759 - INFO - Data saved to unegui_data/unegui_sales_data.csv: 15274 records
2025-05-19 06:44:56,263 - INFO - Cache saved with 15533 URLs
2025-05-19 06:44:56,263 - INFO - Saved batch data. Total records: 15274
2025-05-19 06:44:56,263 - INFO - Processing batch 7/8 (50 links)
2025-05-19 06:45:02,163 - INFO - Progress: 10/50 ads processed
2025-05-19 06:45:07,151 - INFO - Progress: 20/50 ads processed
2025-05-19 06:45:12,088 - INFO - Progress: 30/50 ads processed
2025-05-19 06:45:17,236 - INFO - Progress: 40/50 ads processed
2025-05-19 06:45:22,643 - INFO - Progress: 50/50 ads processed
2025-05-19 06:45:22,692 - INFO - Created backup of existing data file at unegui_data/unegui_sales_data.csv.bak
2025-05-19 06:45:22,907 - INFO - Data saved to unegui_data/unegui_sales_data.csv: 15324 records
2025-05-19 06:45:23,411 - INFO - Cache saved with 15583 URLs
2025-05-19 06:45:23,411 - INFO - Saved batch data. Total records: 15324
2025-05-19 06:45:23,411 - INFO - Processing batch 8/8 (33 links)
2025-05-19 06:45:28,833 - INFO - Progress: 10/33 ads processed
2025-05-19 06:45:34,621 - INFO - Progress: 20/33 ads processed
2025-05-19 06:45:39,863 - INFO - Progress: 30/33 ads processed
2025-05-19 06:45:41,455 - INFO - Progress: 33/33 ads processed
2025-05-19 06:45:41,504 - INFO - Created backup of existing data file at unegui_data/unegui_sales_data.csv.bak
2025-05-19 06:45:41,721 - INFO - Data saved to unegui_data/unegui_sales_data.csv: 15356 records
2025-05-19 06:45:42,231 - INFO - Cache saved with 15616 URLs
2025-05-19 06:45:42,231 - INFO - Saved batch data. Total records: 15356
2025-05-19 06:45:42,231 - INFO - Scraping completed in 0:08:21.678174. Total ads collected: 15356
