2025-06-21 06:34:47,646 - INFO - Starting sales apartment scraper at 2025-06-21 06:34:47.646867
2025-06-21 06:34:48,030 - INFO - Loaded existing data from unegui_data/unegui_sales_data.csv: 26463 records
2025-06-21 06:34:48,332 - INFO - Loaded 26463 existing records
2025-06-21 06:34:48,348 - INFO - Scraping page 1...
2025-06-21 06:34:48,348 - INFO - Scraping page 2...
2025-06-21 06:34:48,349 - INFO - Scraping page 3...
2025-06-21 06:34:52,696 - INFO - Found 60 links on page 3
2025-06-21 06:34:52,696 - INFO - Scraping page 4...
2025-06-21 06:34:53,009 - INFO - Found 60 links on page 1
2025-06-21 06:34:53,009 - INFO - Scraping page 5...
2025-06-21 06:34:53,011 - INFO - Found 60 links on page 2
2025-06-21 06:34:53,011 - INFO - Scraping page 6...
2025-06-21 06:34:56,600 - INFO - Found 60 links on page 4
2025-06-21 06:34:56,615 - INFO - Scraping page 7...
2025-06-21 06:34:56,812 - INFO - Found 60 links on page 5
2025-06-21 06:34:56,812 - INFO - Scraping page 8...
2025-06-21 06:34:57,063 - INFO - Found 60 links on page 6
2025-06-21 06:34:57,063 - INFO - Scraping page 9...
2025-06-21 06:35:00,209 - INFO - Found 60 links on page 7
2025-06-21 06:35:00,209 - INFO - Scraping page 10...
2025-06-21 06:35:00,775 - INFO - Found 60 links on page 8
2025-06-21 06:35:00,781 - INFO - Scraping page 11...
2025-06-21 06:35:00,878 - INFO - Found 60 links on page 9
2025-06-21 06:35:00,878 - INFO - Scraping page 12...
2025-06-21 06:35:03,859 - INFO - Found 60 links on page 10
2025-06-21 06:35:03,860 - INFO - Scraping page 13...
2025-06-21 06:35:04,442 - INFO - Found 60 links on page 11
2025-06-21 06:35:04,453 - INFO - Scraping page 14...
2025-06-21 06:35:04,649 - INFO - Found 60 links on page 12
2025-06-21 06:35:04,649 - INFO - Scraping page 15...
2025-06-21 06:35:07,601 - INFO - Found 60 links on page 13
2025-06-21 06:35:07,601 - INFO - Scraping page 16...
2025-06-21 06:35:08,275 - INFO - Found 60 links on page 14
2025-06-21 06:35:08,275 - INFO - Scraping page 17...
2025-06-21 06:35:08,836 - INFO - Found 60 links on page 15
2025-06-21 06:35:08,836 - INFO - Scraping page 18...
2025-06-21 06:35:11,368 - INFO - Found 60 links on page 16
2025-06-21 06:35:11,368 - INFO - Scraping page 19...
2025-06-21 06:35:11,974 - INFO - Found 60 links on page 17
2025-06-21 06:35:11,974 - INFO - Scraping page 20...
2025-06-21 06:35:12,546 - INFO - Found 60 links on page 18
2025-06-21 06:35:12,546 - INFO - Scraping page 21...
2025-06-21 06:35:15,121 - INFO - Found 60 links on page 19
2025-06-21 06:35:15,121 - INFO - Scraping page 22...
2025-06-21 06:35:15,693 - INFO - Found 60 links on page 20
2025-06-21 06:35:15,693 - INFO - Scraping page 23...
2025-06-21 06:35:16,207 - INFO - Found 60 links on page 21
2025-06-21 06:35:16,207 - INFO - Scraping page 24...
2025-06-21 06:35:19,045 - INFO - Found 60 links on page 22
2025-06-21 06:35:19,045 - INFO - Scraping page 25...
2025-06-21 06:35:19,572 - INFO - Found 60 links on page 23
2025-06-21 06:35:19,572 - INFO - Scraping page 26...
2025-06-21 06:35:19,898 - INFO - Found 60 links on page 24
2025-06-21 06:35:19,898 - INFO - Scraping page 27...
2025-06-21 06:35:22,741 - INFO - Found 60 links on page 25
2025-06-21 06:35:22,742 - INFO - Scraping page 28...
2025-06-21 06:35:23,640 - INFO - Found 60 links on page 26
2025-06-21 06:35:23,640 - INFO - Scraping page 29...
2025-06-21 06:35:23,855 - INFO - Found 60 links on page 27
2025-06-21 06:35:23,855 - INFO - Scraping page 30...
2025-06-21 06:35:27,178 - INFO - Found 60 links on page 28
2025-06-21 06:35:27,178 - INFO - Scraping page 31...
2025-06-21 06:35:27,471 - INFO - Found 60 links on page 29
2025-06-21 06:35:27,471 - INFO - Scraping page 32...
2025-06-21 06:35:28,267 - INFO - Found 60 links on page 30
2025-06-21 06:35:28,267 - INFO - Scraping page 33...
2025-06-21 06:35:30,880 - INFO - Found 60 links on page 31
2025-06-21 06:35:30,880 - INFO - Scraping page 34...
2025-06-21 06:35:31,418 - INFO - Found 60 links on page 32
2025-06-21 06:35:31,418 - INFO - Scraping page 35...
2025-06-21 06:35:32,035 - INFO - Found 60 links on page 33
2025-06-21 06:35:32,035 - INFO - Scraping page 36...
2025-06-21 06:35:34,680 - INFO - Found 60 links on page 34
2025-06-21 06:35:34,680 - INFO - Scraping page 37...
2025-06-21 06:35:35,495 - INFO - Found 60 links on page 35
2025-06-21 06:35:35,495 - INFO - Scraping page 38...
2025-06-21 06:35:35,896 - INFO - Found 60 links on page 36
2025-06-21 06:35:35,897 - INFO - Scraping page 39...
2025-06-21 06:35:39,231 - INFO - Found 60 links on page 37
2025-06-21 06:35:39,237 - INFO - Scraping page 40...
2025-06-21 06:35:39,369 - INFO - Found 60 links on page 38
2025-06-21 06:35:39,369 - INFO - Scraping page 41...
2025-06-21 06:35:39,578 - INFO - Found 60 links on page 39
2025-06-21 06:35:39,578 - INFO - Scraping page 42...
2025-06-21 06:35:43,267 - INFO - Found 60 links on page 40
2025-06-21 06:35:43,267 - INFO - Scraping page 43...
2025-06-21 06:35:43,524 - INFO - Found 60 links on page 41
2025-06-21 06:35:43,524 - INFO - Scraping page 44...
2025-06-21 06:35:43,732 - INFO - Found 60 links on page 42
2025-06-21 06:35:43,732 - INFO - Scraping page 45...
2025-06-21 06:35:47,113 - INFO - Found 60 links on page 43
2025-06-21 06:35:47,113 - INFO - Scraping page 46...
2025-06-21 06:35:47,373 - INFO - Found 60 links on page 44
2025-06-21 06:35:47,373 - INFO - Scraping page 47...
2025-06-21 06:35:47,581 - INFO - Found 60 links on page 45
2025-06-21 06:35:47,581 - INFO - Scraping page 48...
2025-06-21 06:35:50,815 - INFO - Found 60 links on page 46
2025-06-21 06:35:50,815 - INFO - Scraping page 49...
2025-06-21 06:35:51,247 - INFO - Found 60 links on page 47
2025-06-21 06:35:51,247 - INFO - Scraping page 50...
2025-06-21 06:35:51,991 - INFO - Found 60 links on page 48
2025-06-21 06:35:51,992 - INFO - Scraping page 51...
2025-06-21 06:35:54,641 - INFO - Found 60 links on page 49
2025-06-21 06:35:54,641 - INFO - Scraping page 52...
2025-06-21 06:35:55,889 - INFO - Found 60 links on page 50
2025-06-21 06:35:55,894 - INFO - Scraping page 53...
2025-06-21 06:35:56,012 - INFO - Found 60 links on page 51
2025-06-21 06:35:56,012 - INFO - Scraping page 54...
2025-06-21 06:35:58,894 - INFO - Found 60 links on page 52
2025-06-21 06:35:58,895 - INFO - Scraping page 55...
2025-06-21 06:35:59,687 - INFO - Found 60 links on page 53
2025-06-21 06:35:59,687 - INFO - Scraping page 56...
2025-06-21 06:36:00,280 - INFO - Found 60 links on page 54
2025-06-21 06:36:00,280 - INFO - Scraping page 57...
2025-06-21 06:36:02,962 - INFO - Found 60 links on page 55
2025-06-21 06:36:02,963 - INFO - Scraping page 58...
2025-06-21 06:36:03,453 - INFO - Found 60 links on page 56
2025-06-21 06:36:03,453 - INFO - Scraping page 59...
2025-06-21 06:36:04,399 - INFO - Found 60 links on page 57
2025-06-21 06:36:04,399 - INFO - Scraping page 60...
2025-06-21 06:36:07,071 - INFO - Found 60 links on page 58
2025-06-21 06:36:07,072 - INFO - Scraping page 61...
2025-06-21 06:36:08,085 - INFO - Found 60 links on page 59
2025-06-21 06:36:08,090 - INFO - Scraping page 62...
2025-06-21 06:36:08,363 - INFO - Found 60 links on page 60
2025-06-21 06:36:08,363 - INFO - Scraping page 63...
2025-06-21 06:36:11,505 - INFO - Found 60 links on page 61
2025-06-21 06:36:11,505 - INFO - Scraping page 64...
2025-06-21 06:36:12,507 - INFO - Found 60 links on page 62
2025-06-21 06:36:12,507 - INFO - Scraping page 65...
2025-06-21 06:36:13,639 - INFO - Found 60 links on page 63
2025-06-21 06:36:13,639 - INFO - Scraping page 66...
2025-06-21 06:36:15,726 - INFO - Found 60 links on page 64
2025-06-21 06:36:15,727 - INFO - Scraping page 67...
2025-06-21 06:36:16,359 - INFO - Found 60 links on page 65
2025-06-21 06:36:16,359 - INFO - Scraping page 68...
2025-06-21 06:36:17,375 - INFO - Found 60 links on page 66
2025-06-21 06:36:17,375 - INFO - Scraping page 69...
2025-06-21 06:36:19,944 - INFO - Found 60 links on page 67
2025-06-21 06:36:19,945 - INFO - Scraping page 70...
2025-06-21 06:36:20,156 - INFO - Found 60 links on page 68
2025-06-21 06:36:20,156 - INFO - Scraping page 71...
2025-06-21 06:36:22,560 - INFO - Found 60 links on page 69
2025-06-21 06:36:22,560 - INFO - Scraping page 72...
2025-06-21 06:36:24,062 - INFO - Found 60 links on page 70
2025-06-21 06:36:24,062 - INFO - Scraping page 73...
2025-06-21 06:36:24,381 - INFO - Found 60 links on page 71
2025-06-21 06:36:24,382 - INFO - Scraping page 74...
2025-06-21 06:36:27,471 - INFO - Found 60 links on page 72
2025-06-21 06:36:27,471 - INFO - Scraping page 75...
2025-06-21 06:36:28,227 - INFO - Found 60 links on page 73
2025-06-21 06:36:28,228 - INFO - Scraping page 76...
2025-06-21 06:36:28,546 - INFO - Found 60 links on page 74
2025-06-21 06:36:28,546 - INFO - Scraping page 77...
2025-06-21 06:36:31,146 - INFO - Found 60 links on page 75
2025-06-21 06:36:31,146 - INFO - Scraping page 78...
2025-06-21 06:36:32,731 - INFO - Found 60 links on page 77
2025-06-21 06:36:32,737 - INFO - Scraping page 79...
2025-06-21 06:36:32,901 - INFO - Found 60 links on page 76
2025-06-21 06:36:32,901 - INFO - Scraping page 80...
2025-06-21 06:36:35,364 - INFO - Found 60 links on page 78
2025-06-21 06:36:35,365 - INFO - Scraping page 81...
2025-06-21 06:36:36,947 - INFO - Found 60 links on page 79
2025-06-21 06:36:36,948 - INFO - Scraping page 82...
2025-06-21 06:36:37,199 - INFO - Found 60 links on page 80
2025-06-21 06:36:37,199 - INFO - Scraping page 83...
2025-06-21 06:36:39,373 - INFO - Found 60 links on page 81
2025-06-21 06:36:39,373 - INFO - Scraping page 84...
2025-06-21 06:36:41,009 - INFO - Found 60 links on page 82
2025-06-21 06:36:41,020 - INFO - Scraping page 85...
2025-06-21 06:36:41,184 - INFO - Found 60 links on page 83
2025-06-21 06:36:41,184 - INFO - Scraping page 86...
2025-06-21 06:36:43,127 - INFO - Found 60 links on page 84
2025-06-21 06:36:43,128 - INFO - Scraping page 87...
2025-06-21 06:36:44,796 - INFO - Found 60 links on page 85
2025-06-21 06:36:44,796 - INFO - Scraping page 88...
2025-06-21 06:36:45,065 - INFO - Found 60 links on page 86
2025-06-21 06:36:45,066 - INFO - Scraping page 89...
2025-06-21 06:36:47,144 - INFO - Found 60 links on page 87
2025-06-21 06:36:47,144 - INFO - Scraping page 90...
2025-06-21 06:36:48,875 - INFO - Found 60 links on page 88
2025-06-21 06:36:48,876 - INFO - Scraping page 91...
2025-06-21 06:36:50,229 - INFO - Found 60 links on page 89
2025-06-21 06:36:50,230 - INFO - Scraping page 92...
2025-06-21 06:36:50,997 - INFO - Found 60 links on page 90
2025-06-21 06:36:50,997 - INFO - Scraping page 93...
2025-06-21 06:36:52,613 - INFO - Found 60 links on page 91
2025-06-21 06:36:52,613 - INFO - Scraping page 94...
2025-06-21 06:36:54,068 - INFO - Found 60 links on page 92
2025-06-21 06:36:54,069 - INFO - Scraping page 95...
2025-06-21 06:36:55,454 - INFO - Found 60 links on page 93
2025-06-21 06:36:55,454 - INFO - Scraping page 96...
2025-06-21 06:36:56,599 - INFO - Found 60 links on page 94
2025-06-21 06:36:56,599 - INFO - Scraping page 97...
2025-06-21 06:36:58,129 - INFO - Found 60 links on page 95
2025-06-21 06:36:58,129 - INFO - Scraping page 98...
2025-06-21 06:36:59,267 - INFO - Found 60 links on page 96
2025-06-21 06:36:59,267 - INFO - Scraping page 99...
2025-06-21 06:37:01,255 - INFO - Found 60 links on page 97
2025-06-21 06:37:01,255 - INFO - Scraping page 100...
2025-06-21 06:37:02,286 - INFO - Found 60 links on page 98
2025-06-21 06:37:02,287 - INFO - Scraping page 101...
2025-06-21 06:37:03,303 - INFO - Found 60 links on page 99
2025-06-21 06:37:03,303 - INFO - Scraping page 102...
2025-06-21 06:37:04,999 - INFO - Found 60 links on page 100
2025-06-21 06:37:04,999 - INFO - Scraping page 103...
2025-06-21 06:37:06,919 - INFO - Found 60 links on page 101
2025-06-21 06:37:06,919 - INFO - Scraping page 104...
2025-06-21 06:37:07,245 - INFO - Found 60 links on page 102
2025-06-21 06:37:07,245 - INFO - Scraping page 105...
2025-06-21 06:37:09,041 - INFO - Found 60 links on page 103
2025-06-21 06:37:09,041 - INFO - Scraping page 106...
2025-06-21 06:37:11,087 - INFO - Found 60 links on page 104
2025-06-21 06:37:11,087 - INFO - Scraping page 107...
2025-06-21 06:37:11,335 - INFO - Found 60 links on page 105
2025-06-21 06:37:11,335 - INFO - Scraping page 108...
2025-06-21 06:37:13,705 - INFO - Found 60 links on page 106
2025-06-21 06:37:13,705 - INFO - Scraping page 109...
2025-06-21 06:37:14,996 - INFO - Found 60 links on page 107
2025-06-21 06:37:14,996 - INFO - Scraping page 110...
2025-06-21 06:37:15,305 - INFO - Found 60 links on page 108
2025-06-21 06:37:15,305 - INFO - Scraping page 111...
2025-06-21 06:37:17,597 - INFO - Found 60 links on page 109
2025-06-21 06:37:17,597 - INFO - Scraping page 112...
2025-06-21 06:37:19,133 - INFO - Found 60 links on page 110
2025-06-21 06:37:19,139 - INFO - Scraping page 113...
2025-06-21 06:37:19,339 - INFO - Found 60 links on page 111
2025-06-21 06:37:19,339 - INFO - Scraping page 114...
2025-06-21 06:37:22,010 - INFO - Found 60 links on page 112
2025-06-21 06:37:22,010 - INFO - Scraping page 115...
2025-06-21 06:37:22,996 - INFO - Found 60 links on page 113
2025-06-21 06:37:22,997 - INFO - Scraping page 116...
2025-06-21 06:37:23,209 - INFO - Found 60 links on page 114
2025-06-21 06:37:23,209 - INFO - Scraping page 117...
2025-06-21 06:37:26,115 - INFO - Found 60 links on page 115
2025-06-21 06:37:26,115 - INFO - Scraping page 118...
2025-06-21 06:37:27,247 - INFO - Found 60 links on page 117
2025-06-21 06:37:27,247 - INFO - Scraping page 119...
2025-06-21 06:37:27,464 - INFO - Found 60 links on page 116
2025-06-21 06:37:27,464 - INFO - Scraping page 120...
2025-06-21 06:37:30,246 - INFO - Found 60 links on page 118
2025-06-21 06:37:30,246 - INFO - Scraping page 121...
2025-06-21 06:37:31,456 - INFO - Found 60 links on page 119
2025-06-21 06:37:31,456 - INFO - Scraping page 122...
2025-06-21 06:37:32,264 - INFO - Found 60 links on page 120
2025-06-21 06:37:32,264 - INFO - Scraping page 123...
2025-06-21 06:37:34,071 - INFO - Found 60 links on page 121
2025-06-21 06:37:34,071 - INFO - Scraping page 124...
2025-06-21 06:37:35,726 - INFO - Found 60 links on page 122
2025-06-21 06:37:35,726 - INFO - Scraping page 125...
2025-06-21 06:37:36,062 - INFO - Found 60 links on page 123
2025-06-21 06:37:36,062 - INFO - Scraping page 126...
2025-06-21 06:37:38,126 - INFO - Found 60 links on page 124
2025-06-21 06:37:38,126 - INFO - Scraping page 127...
2025-06-21 06:37:39,608 - INFO - Found 60 links on page 125
2025-06-21 06:37:39,609 - INFO - Scraping page 128...
2025-06-21 06:37:40,284 - INFO - Found 60 links on page 126
2025-06-21 06:37:40,284 - INFO - Scraping page 129...
2025-06-21 06:37:42,318 - INFO - Found 60 links on page 127
2025-06-21 06:37:42,318 - INFO - Scraping page 130...
2025-06-21 06:37:43,541 - INFO - Found 60 links on page 128
2025-06-21 06:37:43,542 - INFO - Scraping page 131...
2025-06-21 06:37:44,237 - INFO - Found 60 links on page 129
2025-06-21 06:37:44,237 - INFO - Scraping page 132...
2025-06-21 06:37:46,405 - INFO - Found 60 links on page 130
2025-06-21 06:37:46,406 - INFO - Scraping page 133...
2025-06-21 06:37:47,447 - INFO - Found 60 links on page 131
2025-06-21 06:37:47,448 - INFO - Scraping page 134...
2025-06-21 06:37:48,038 - INFO - Found 60 links on page 132
2025-06-21 06:37:48,038 - INFO - Scraping page 135...
2025-06-21 06:37:51,026 - INFO - Found 60 links on page 133
2025-06-21 06:37:51,027 - INFO - Scraping page 136...
2025-06-21 06:37:51,764 - INFO - Found 60 links on page 135
2025-06-21 06:37:51,770 - INFO - Scraping page 137...
2025-06-21 06:37:52,039 - INFO - Found 60 links on page 134
2025-06-21 06:37:52,040 - INFO - Scraping page 138...
2025-06-21 06:37:55,128 - INFO - Found 60 links on page 136
2025-06-21 06:37:55,129 - INFO - Scraping page 139...
2025-06-21 06:37:56,174 - INFO - Found 60 links on page 137
2025-06-21 06:37:56,180 - INFO - Scraping page 140...
2025-06-21 06:37:56,269 - INFO - Found 60 links on page 138
2025-06-21 06:37:56,269 - INFO - Scraping page 141...
2025-06-21 06:37:58,951 - INFO - Found 60 links on page 139
2025-06-21 06:37:58,951 - INFO - Scraping page 142...
2025-06-21 06:38:00,221 - INFO - Found 60 links on page 141
2025-06-21 06:38:00,226 - INFO - Scraping page 143...
2025-06-21 06:38:00,401 - INFO - Found 60 links on page 140
2025-06-21 06:38:00,401 - INFO - Scraping page 144...
2025-06-21 06:38:02,740 - INFO - Found 60 links on page 142
2025-06-21 06:38:02,740 - INFO - Scraping page 145...
2025-06-21 06:38:04,002 - INFO - Found 60 links on page 143
2025-06-21 06:38:04,002 - INFO - Scraping page 146...
2025-06-21 06:38:04,219 - INFO - Found 60 links on page 144
2025-06-21 06:38:04,220 - INFO - Scraping page 147...
2025-06-21 06:38:06,772 - INFO - Found 60 links on page 145
2025-06-21 06:38:06,772 - INFO - Scraping page 148...
2025-06-21 06:38:07,694 - INFO - Found 60 links on page 146
2025-06-21 06:38:07,694 - INFO - Scraping page 149...
2025-06-21 06:38:08,062 - INFO - Found 60 links on page 147
2025-06-21 06:38:08,062 - INFO - Scraping page 150...
2025-06-21 06:38:10,710 - INFO - Found 60 links on page 148
2025-06-21 06:38:10,710 - INFO - Scraping page 151...
2025-06-21 06:38:11,615 - INFO - Found 60 links on page 149
2025-06-21 06:38:11,615 - INFO - Scraping page 152...
2025-06-21 06:38:12,153 - INFO - Found 60 links on page 150
2025-06-21 06:38:12,153 - INFO - Scraping page 153...
2025-06-21 06:38:14,995 - INFO - Found 60 links on page 151
2025-06-21 06:38:14,995 - INFO - Scraping page 154...
2025-06-21 06:38:15,739 - INFO - Found 60 links on page 152
2025-06-21 06:38:15,739 - INFO - Scraping page 155...
2025-06-21 06:38:16,398 - INFO - Found 60 links on page 153
2025-06-21 06:38:16,399 - INFO - Scraping page 156...
2025-06-21 06:38:18,755 - INFO - Found 60 links on page 154
2025-06-21 06:38:18,755 - INFO - Scraping page 157...
2025-06-21 06:38:19,616 - INFO - Found 60 links on page 155
2025-06-21 06:38:19,616 - INFO - Scraping page 158...
2025-06-21 06:38:20,211 - INFO - Found 60 links on page 156
2025-06-21 06:38:20,212 - INFO - Scraping page 159...
2025-06-21 06:38:22,670 - INFO - Found 60 links on page 157
2025-06-21 06:38:22,670 - INFO - Scraping page 160...
2025-06-21 06:38:23,292 - INFO - Found 60 links on page 158
2025-06-21 06:38:23,292 - INFO - Scraping page 161...
2025-06-21 06:38:24,137 - INFO - Found 60 links on page 159
2025-06-21 06:38:24,138 - INFO - Scraping page 162...
2025-06-21 06:38:26,704 - INFO - Found 60 links on page 160
2025-06-21 06:38:26,704 - INFO - Scraping page 163...
2025-06-21 06:38:27,043 - INFO - Found 60 links on page 161
2025-06-21 06:38:27,043 - INFO - Scraping page 164...
2025-06-21 06:38:28,675 - INFO - Found 60 links on page 162
2025-06-21 06:38:28,675 - INFO - Scraping page 165...
2025-06-21 06:38:30,425 - INFO - Found 60 links on page 163
2025-06-21 06:38:30,425 - INFO - Scraping page 166...
2025-06-21 06:38:30,742 - INFO - Found 60 links on page 164
2025-06-21 06:38:30,742 - INFO - Scraping page 167...
2025-06-21 06:38:32,549 - INFO - Found 60 links on page 165
2025-06-21 06:38:32,549 - INFO - Scraping page 168...
2025-06-21 06:38:34,833 - INFO - Found 60 links on page 166
2025-06-21 06:38:34,849 - INFO - Scraping page 169...
2025-06-21 06:38:34,930 - INFO - Found 60 links on page 167
2025-06-21 06:38:34,930 - INFO - Scraping page 170...
2025-06-21 06:38:36,614 - INFO - Found 60 links on page 168
2025-06-21 06:38:36,615 - INFO - Scraping page 171...
2025-06-21 06:38:38,858 - INFO - Found 60 links on page 169
2025-06-21 06:38:38,859 - INFO - Scraping page 172...
2025-06-21 06:38:39,125 - INFO - Found 60 links on page 170
2025-06-21 06:38:39,125 - INFO - Scraping page 173...
2025-06-21 06:38:40,783 - INFO - Found 60 links on page 171
2025-06-21 06:38:40,783 - INFO - Scraping page 174...
2025-06-21 06:38:42,968 - INFO - Found 60 links on page 172
2025-06-21 06:38:42,968 - INFO - Scraping page 175...
2025-06-21 06:38:44,038 - INFO - Found 60 links on page 173
2025-06-21 06:38:44,038 - INFO - Scraping page 176...
2025-06-21 06:38:44,919 - INFO - Found 60 links on page 174
2025-06-21 06:38:44,919 - INFO - Scraping page 177...
2025-06-21 06:38:47,001 - INFO - Found 60 links on page 175
2025-06-21 06:38:47,002 - INFO - Scraping page 178...
2025-06-21 06:38:47,958 - INFO - Found 60 links on page 176
2025-06-21 06:38:47,959 - INFO - Scraping page 179...
2025-06-21 06:38:49,132 - INFO - Found 60 links on page 177
2025-06-21 06:38:49,132 - INFO - Scraping page 180...
2025-06-21 06:38:50,960 - INFO - Found 60 links on page 178
2025-06-21 06:38:50,960 - INFO - Scraping page 181...
2025-06-21 06:38:51,933 - INFO - Found 60 links on page 179
2025-06-21 06:38:51,933 - INFO - Scraping page 182...
2025-06-21 06:38:52,964 - INFO - Found 60 links on page 180
2025-06-21 06:38:52,965 - INFO - Scraping page 183...
2025-06-21 06:38:55,088 - INFO - Found 60 links on page 181
2025-06-21 06:38:55,088 - INFO - Scraping page 184...
2025-06-21 06:38:56,298 - INFO - Found 60 links on page 182
2025-06-21 06:38:56,299 - INFO - Scraping page 185...
2025-06-21 06:38:56,629 - INFO - Found 60 links on page 183
2025-06-21 06:38:56,629 - INFO - Scraping page 186...
2025-06-21 06:38:59,615 - INFO - Found 60 links on page 184
2025-06-21 06:38:59,615 - INFO - Scraping page 187...
2025-06-21 06:39:00,083 - INFO - Found 60 links on page 185
2025-06-21 06:39:00,083 - INFO - Scraping page 188...
2025-06-21 06:39:00,440 - INFO - Found 60 links on page 186
2025-06-21 06:39:00,440 - INFO - Scraping page 189...
2025-06-21 06:39:03,850 - INFO - Found 60 links on page 188
2025-06-21 06:39:03,851 - INFO - Scraping page 190...
2025-06-21 06:39:04,230 - INFO - Found 60 links on page 187
2025-06-21 06:39:04,230 - INFO - Scraping page 191...
2025-06-21 06:39:04,430 - INFO - Found 60 links on page 189
2025-06-21 06:39:04,430 - INFO - Scraping page 192...
2025-06-21 06:39:07,694 - INFO - Found 60 links on page 190
2025-06-21 06:39:07,694 - INFO - Scraping page 193...
2025-06-21 06:39:08,062 - INFO - Found 60 links on page 191
2025-06-21 06:39:08,062 - INFO - Scraping page 194...
2025-06-21 06:39:08,440 - INFO - Found 60 links on page 192
2025-06-21 06:39:08,440 - INFO - Scraping page 195...
2025-06-21 06:39:11,826 - INFO - Found 60 links on page 193
2025-06-21 06:39:11,836 - INFO - Scraping page 196...
2025-06-21 06:39:11,945 - INFO - Found 60 links on page 194
2025-06-21 06:39:11,945 - INFO - Scraping page 197...
2025-06-21 06:39:12,606 - INFO - Found 60 links on page 195
2025-06-21 06:39:12,606 - INFO - Scraping page 198...
2025-06-21 06:39:15,525 - INFO - Found 60 links on page 196
2025-06-21 06:39:15,525 - INFO - Scraping page 199...
2025-06-21 06:39:16,119 - INFO - Found 60 links on page 197
2025-06-21 06:39:16,119 - INFO - Scraping page 200...
2025-06-21 06:39:17,114 - INFO - Found 60 links on page 198
2025-06-21 06:39:19,554 - INFO - Found 60 links on page 199
2025-06-21 06:39:20,115 - INFO - Found 60 links on page 200
2025-06-21 06:39:20,123 - INFO - Found 273 new links to scrape out of 12000 total links
2025-06-21 06:39:20,124 - INFO - Processing batch 1/6 (50 links)
2025-06-21 06:39:25,610 - INFO - Progress: 10/50 ads processed
2025-06-21 06:39:30,845 - INFO - Progress: 20/50 ads processed
2025-06-21 06:39:35,766 - INFO - Progress: 30/50 ads processed
2025-06-21 06:39:40,511 - INFO - Progress: 40/50 ads processed
2025-06-21 06:39:45,280 - INFO - Progress: 50/50 ads processed
2025-06-21 06:39:45,361 - INFO - Created backup of existing data file at unegui_data/unegui_sales_data.csv.bak
2025-06-21 06:39:45,739 - INFO - Data saved to unegui_data/unegui_sales_data.csv: 26513 records
2025-06-21 06:39:46,634 - INFO - Cache saved with 26965 URLs
2025-06-21 06:39:46,634 - INFO - Saved batch data. Total records: 26513
2025-06-21 06:39:46,634 - INFO - Processing batch 2/6 (50 links)
2025-06-21 06:39:52,186 - INFO - Progress: 10/50 ads processed
2025-06-21 06:39:57,665 - INFO - Progress: 20/50 ads processed
2025-06-21 06:40:02,574 - INFO - Progress: 30/50 ads processed
2025-06-21 06:40:07,061 - INFO - Progress: 40/50 ads processed
2025-06-21 06:40:12,528 - INFO - Progress: 50/50 ads processed
2025-06-21 06:40:12,609 - INFO - Created backup of existing data file at unegui_data/unegui_sales_data.csv.bak
2025-06-21 06:40:12,983 - INFO - Data saved to unegui_data/unegui_sales_data.csv: 26560 records
2025-06-21 06:40:13,879 - INFO - Cache saved with 27015 URLs
2025-06-21 06:40:13,879 - INFO - Saved batch data. Total records: 26560
2025-06-21 06:40:13,879 - INFO - Processing batch 3/6 (50 links)
2025-06-21 06:40:19,074 - INFO - Progress: 10/50 ads processed
2025-06-21 06:40:24,211 - INFO - Progress: 20/50 ads processed
2025-06-21 06:40:29,081 - INFO - Progress: 30/50 ads processed
2025-06-21 06:40:34,197 - INFO - Progress: 40/50 ads processed
2025-06-21 06:40:39,170 - INFO - Progress: 50/50 ads processed
2025-06-21 06:40:39,252 - INFO - Created backup of existing data file at unegui_data/unegui_sales_data.csv.bak
2025-06-21 06:40:39,628 - INFO - Data saved to unegui_data/unegui_sales_data.csv: 26610 records
2025-06-21 06:40:40,521 - INFO - Cache saved with 27065 URLs
2025-06-21 06:40:40,521 - INFO - Saved batch data. Total records: 26610
2025-06-21 06:40:40,521 - INFO - Processing batch 4/6 (50 links)
2025-06-21 06:40:45,796 - INFO - Progress: 10/50 ads processed
2025-06-21 06:40:51,006 - INFO - Progress: 20/50 ads processed
2025-06-21 06:40:56,060 - INFO - Progress: 30/50 ads processed
2025-06-21 06:41:01,632 - INFO - Progress: 40/50 ads processed
2025-06-21 06:41:06,491 - INFO - Progress: 50/50 ads processed
2025-06-21 06:41:06,571 - INFO - Created backup of existing data file at unegui_data/unegui_sales_data.csv.bak
2025-06-21 06:41:06,946 - INFO - Data saved to unegui_data/unegui_sales_data.csv: 26660 records
2025-06-21 06:41:07,846 - INFO - Cache saved with 27115 URLs
2025-06-21 06:41:07,846 - INFO - Saved batch data. Total records: 26660
2025-06-21 06:41:07,846 - INFO - Processing batch 5/6 (50 links)
2025-06-21 06:41:12,940 - INFO - Progress: 10/50 ads processed
2025-06-21 06:41:18,298 - INFO - Progress: 20/50 ads processed
2025-06-21 06:41:23,131 - INFO - Progress: 30/50 ads processed
2025-06-21 06:41:28,146 - INFO - Progress: 40/50 ads processed
2025-06-21 06:41:33,087 - INFO - Progress: 50/50 ads processed
2025-06-21 06:41:33,169 - INFO - Created backup of existing data file at unegui_data/unegui_sales_data.csv.bak
2025-06-21 06:41:33,547 - INFO - Data saved to unegui_data/unegui_sales_data.csv: 26709 records
2025-06-21 06:41:34,443 - INFO - Cache saved with 27165 URLs
2025-06-21 06:41:34,443 - INFO - Saved batch data. Total records: 26709
2025-06-21 06:41:34,444 - INFO - Processing batch 6/6 (23 links)
2025-06-21 06:41:39,753 - INFO - Progress: 10/23 ads processed
2025-06-21 06:41:45,159 - INFO - Progress: 20/23 ads processed
2025-06-21 06:41:47,208 - INFO - Progress: 23/23 ads processed
2025-06-21 06:41:47,290 - INFO - Created backup of existing data file at unegui_data/unegui_sales_data.csv.bak
2025-06-21 06:41:47,671 - INFO - Data saved to unegui_data/unegui_sales_data.csv: 26729 records
2025-06-21 06:41:48,570 - INFO - Cache saved with 27188 URLs
2025-06-21 06:41:48,570 - INFO - Saved batch data. Total records: 26729
2025-06-21 06:41:48,570 - INFO - Scraping completed in 0:07:00.923835. Total ads collected: 26729
