2025-06-10 06:37:09,754 - INFO - Starting sales apartment scraper at 2025-06-10 06:37:09.754159
2025-06-10 06:37:10,091 - INFO - Loaded existing data from unegui_data/unegui_sales_data.csv: 22312 records
2025-06-10 06:37:10,351 - INFO - Loaded 22312 existing records
2025-06-10 06:37:10,365 - INFO - Scraping page 1...
2025-06-10 06:37:10,365 - INFO - Scraping page 2...
2025-06-10 06:37:10,366 - INFO - Scraping page 3...
2025-06-10 06:37:15,283 - INFO - Found 60 links on page 3
2025-06-10 06:37:15,284 - INFO - Scraping page 4...
2025-06-10 06:37:15,551 - INFO - Found 60 links on page 2
2025-06-10 06:37:15,551 - INFO - Scraping page 5...
2025-06-10 06:37:15,937 - INFO - Found 60 links on page 1
2025-06-10 06:37:15,937 - INFO - Scraping page 6...
2025-06-10 06:37:19,103 - INFO - Found 60 links on page 4
2025-06-10 06:37:19,104 - INFO - Scraping page 7...
2025-06-10 06:37:19,311 - INFO - Found 60 links on page 5
2025-06-10 06:37:19,311 - INFO - Scraping page 8...
2025-06-10 06:37:19,762 - INFO - Found 60 links on page 6
2025-06-10 06:37:19,762 - INFO - Scraping page 9...
2025-06-10 06:37:23,126 - INFO - Found 60 links on page 7
2025-06-10 06:37:23,126 - INFO - Scraping page 10...
2025-06-10 06:37:23,334 - INFO - Found 60 links on page 8
2025-06-10 06:37:23,334 - INFO - Scraping page 11...
2025-06-10 06:37:23,963 - INFO - Found 60 links on page 9
2025-06-10 06:37:23,964 - INFO - Scraping page 12...
2025-06-10 06:37:27,513 - INFO - Found 60 links on page 11
2025-06-10 06:37:27,519 - INFO - Scraping page 13...
2025-06-10 06:37:27,687 - INFO - Found 60 links on page 10
2025-06-10 06:37:27,687 - INFO - Scraping page 14...
2025-06-10 06:37:27,891 - INFO - Found 60 links on page 12
2025-06-10 06:37:27,892 - INFO - Scraping page 15...
2025-06-10 06:37:31,614 - INFO - Found 60 links on page 13
2025-06-10 06:37:31,620 - INFO - Scraping page 16...
2025-06-10 06:37:31,859 - INFO - Found 60 links on page 14
2025-06-10 06:37:31,860 - INFO - Scraping page 17...
2025-06-10 06:37:32,072 - INFO - Found 60 links on page 15
2025-06-10 06:37:32,072 - INFO - Scraping page 18...
2025-06-10 06:37:35,451 - INFO - Found 60 links on page 16
2025-06-10 06:37:35,451 - INFO - Scraping page 19...
2025-06-10 06:37:35,681 - INFO - Found 60 links on page 17
2025-06-10 06:37:35,681 - INFO - Scraping page 20...
2025-06-10 06:37:36,303 - INFO - Found 60 links on page 18
2025-06-10 06:37:36,303 - INFO - Scraping page 21...
2025-06-10 06:37:39,425 - INFO - Found 60 links on page 19
2025-06-10 06:37:39,425 - INFO - Scraping page 22...
2025-06-10 06:37:40,072 - INFO - Found 60 links on page 20
2025-06-10 06:37:40,073 - INFO - Scraping page 23...
2025-06-10 06:37:40,969 - INFO - Found 60 links on page 21
2025-06-10 06:37:40,969 - INFO - Scraping page 24...
2025-06-10 06:37:43,183 - INFO - Found 60 links on page 22
2025-06-10 06:37:43,183 - INFO - Scraping page 25...
2025-06-10 06:37:44,624 - INFO - Found 60 links on page 23
2025-06-10 06:37:44,624 - INFO - Scraping page 26...
2025-06-10 06:37:45,191 - INFO - Found 60 links on page 24
2025-06-10 06:37:45,191 - INFO - Scraping page 27...
2025-06-10 06:37:47,568 - INFO - Found 60 links on page 25
2025-06-10 06:37:47,568 - INFO - Scraping page 28...
2025-06-10 06:37:48,465 - INFO - Found 60 links on page 26
2025-06-10 06:37:48,465 - INFO - Scraping page 29...
2025-06-10 06:37:49,301 - INFO - Found 60 links on page 27
2025-06-10 06:37:49,301 - INFO - Scraping page 30...
2025-06-10 06:37:51,355 - INFO - Found 60 links on page 28
2025-06-10 06:37:51,355 - INFO - Scraping page 31...
2025-06-10 06:37:52,998 - INFO - Found 60 links on page 29
2025-06-10 06:37:52,999 - INFO - Scraping page 32...
2025-06-10 06:37:53,311 - INFO - Found 60 links on page 30
2025-06-10 06:37:53,312 - INFO - Scraping page 33...
2025-06-10 06:37:55,306 - INFO - Found 60 links on page 31
2025-06-10 06:37:55,306 - INFO - Scraping page 34...
2025-06-10 06:37:57,675 - INFO - Found 60 links on page 33
2025-06-10 06:37:57,685 - INFO - Scraping page 35...
2025-06-10 06:37:57,770 - INFO - Found 60 links on page 32
2025-06-10 06:37:57,770 - INFO - Scraping page 36...
2025-06-10 06:37:59,098 - INFO - Found 60 links on page 34
2025-06-10 06:37:59,099 - INFO - Scraping page 37...
2025-06-10 06:38:01,496 - INFO - Found 60 links on page 35
2025-06-10 06:38:01,496 - INFO - Scraping page 38...
2025-06-10 06:38:01,706 - INFO - Found 60 links on page 36
2025-06-10 06:38:01,707 - INFO - Scraping page 39...
2025-06-10 06:38:02,879 - INFO - Found 60 links on page 37
2025-06-10 06:38:02,879 - INFO - Scraping page 40...
2025-06-10 06:38:05,923 - INFO - Found 60 links on page 39
2025-06-10 06:38:05,933 - INFO - Scraping page 41...
2025-06-10 06:38:05,998 - INFO - Found 60 links on page 38
2025-06-10 06:38:05,998 - INFO - Scraping page 42...
2025-06-10 06:38:07,096 - INFO - Found 60 links on page 40
2025-06-10 06:38:07,096 - INFO - Scraping page 43...
2025-06-10 06:38:10,213 - INFO - Found 60 links on page 42
2025-06-10 06:38:10,218 - INFO - Scraping page 44...
2025-06-10 06:38:10,376 - INFO - Found 60 links on page 41
2025-06-10 06:38:10,376 - INFO - Scraping page 45...
2025-06-10 06:38:10,941 - INFO - Found 60 links on page 43
2025-06-10 06:38:10,942 - INFO - Scraping page 46...
2025-06-10 06:38:14,610 - INFO - Found 60 links on page 44
2025-06-10 06:38:14,626 - INFO - Scraping page 47...
2025-06-10 06:38:14,767 - INFO - Found 60 links on page 45
2025-06-10 06:38:14,768 - INFO - Scraping page 48...
2025-06-10 06:38:14,976 - INFO - Found 60 links on page 46
2025-06-10 06:38:14,976 - INFO - Scraping page 49...
2025-06-10 06:38:18,617 - INFO - Found 60 links on page 47
2025-06-10 06:38:18,617 - INFO - Scraping page 50...
2025-06-10 06:38:18,983 - INFO - Found 60 links on page 49
2025-06-10 06:38:18,989 - INFO - Scraping page 51...
2025-06-10 06:38:19,101 - INFO - Found 60 links on page 48
2025-06-10 06:38:19,102 - INFO - Scraping page 52...
2025-06-10 06:38:22,641 - INFO - Found 60 links on page 50
2025-06-10 06:38:22,642 - INFO - Scraping page 53...
2025-06-10 06:38:23,130 - INFO - Found 60 links on page 51
2025-06-10 06:38:23,130 - INFO - Scraping page 54...
2025-06-10 06:38:24,172 - INFO - Found 60 links on page 52
2025-06-10 06:38:24,172 - INFO - Scraping page 55...
2025-06-10 06:38:27,365 - INFO - Found 60 links on page 54
2025-06-10 06:38:27,366 - INFO - Scraping page 56...
2025-06-10 06:38:27,632 - INFO - Found 60 links on page 53
2025-06-10 06:38:27,632 - INFO - Scraping page 57...
2025-06-10 06:38:28,010 - INFO - Found 60 links on page 55
2025-06-10 06:38:28,010 - INFO - Scraping page 58...
2025-06-10 06:38:31,252 - INFO - Found 60 links on page 56
2025-06-10 06:38:31,252 - INFO - Scraping page 59...
2025-06-10 06:38:31,722 - INFO - Found 60 links on page 57
2025-06-10 06:38:31,723 - INFO - Scraping page 60...
2025-06-10 06:38:32,040 - INFO - Found 60 links on page 58
2025-06-10 06:38:32,040 - INFO - Scraping page 61...
2025-06-10 06:38:35,658 - INFO - Found 60 links on page 59
2025-06-10 06:38:35,658 - INFO - Scraping page 62...
2025-06-10 06:38:35,872 - INFO - Found 60 links on page 60
2025-06-10 06:38:35,872 - INFO - Scraping page 63...
2025-06-10 06:38:36,739 - INFO - Found 60 links on page 61
2025-06-10 06:38:36,740 - INFO - Scraping page 64...
2025-06-10 06:38:40,009 - INFO - Found 60 links on page 62
2025-06-10 06:38:40,014 - INFO - Scraping page 65...
2025-06-10 06:38:40,123 - INFO - Found 60 links on page 63
2025-06-10 06:38:40,123 - INFO - Scraping page 66...
2025-06-10 06:38:41,246 - INFO - Found 60 links on page 64
2025-06-10 06:38:41,246 - INFO - Scraping page 67...
2025-06-10 06:38:44,292 - INFO - Found 60 links on page 65
2025-06-10 06:38:44,298 - INFO - Scraping page 68...
2025-06-10 06:38:44,409 - INFO - Found 60 links on page 66
2025-06-10 06:38:44,410 - INFO - Scraping page 69...
2025-06-10 06:38:46,137 - INFO - Found 60 links on page 67
2025-06-10 06:38:46,137 - INFO - Scraping page 70...
2025-06-10 06:38:48,844 - INFO - Found 60 links on page 69
2025-06-10 06:38:48,854 - INFO - Scraping page 71...
2025-06-10 06:38:48,960 - INFO - Found 60 links on page 68
2025-06-10 06:38:48,960 - INFO - Scraping page 72...
2025-06-10 06:38:50,952 - INFO - Found 60 links on page 70
2025-06-10 06:38:50,952 - INFO - Scraping page 73...
2025-06-10 06:38:53,410 - INFO - Found 60 links on page 72
2025-06-10 06:38:53,416 - INFO - Scraping page 74...
2025-06-10 06:38:53,492 - INFO - Found 60 links on page 71
2025-06-10 06:38:53,492 - INFO - Scraping page 75...
2025-06-10 06:38:55,122 - INFO - Found 60 links on page 73
2025-06-10 06:38:55,122 - INFO - Scraping page 76...
2025-06-10 06:38:57,838 - INFO - Found 60 links on page 75
2025-06-10 06:38:57,843 - INFO - Scraping page 77...
2025-06-10 06:38:57,939 - INFO - Found 60 links on page 74
2025-06-10 06:38:57,940 - INFO - Scraping page 78...
2025-06-10 06:39:00,008 - INFO - Found 60 links on page 76
2025-06-10 06:39:00,008 - INFO - Scraping page 79...
2025-06-10 06:39:01,646 - INFO - Found 60 links on page 77
2025-06-10 06:39:01,647 - INFO - Scraping page 80...
2025-06-10 06:39:02,104 - INFO - Found 60 links on page 78
2025-06-10 06:39:02,104 - INFO - Scraping page 81...
2025-06-10 06:39:04,162 - INFO - Found 60 links on page 79
2025-06-10 06:39:04,162 - INFO - Scraping page 82...
2025-06-10 06:39:05,510 - INFO - Found 60 links on page 80
2025-06-10 06:39:05,510 - INFO - Scraping page 83...
2025-06-10 06:39:06,030 - INFO - Found 60 links on page 81
2025-06-10 06:39:06,030 - INFO - Scraping page 84...
2025-06-10 06:39:08,431 - INFO - Found 60 links on page 82
2025-06-10 06:39:08,431 - INFO - Scraping page 85...
2025-06-10 06:39:09,624 - INFO - Found 60 links on page 83
2025-06-10 06:39:09,624 - INFO - Scraping page 86...
2025-06-10 06:39:10,001 - INFO - Found 60 links on page 84
2025-06-10 06:39:10,001 - INFO - Scraping page 87...
2025-06-10 06:39:12,353 - INFO - Found 60 links on page 85
2025-06-10 06:39:12,354 - INFO - Scraping page 88...
2025-06-10 06:39:13,706 - INFO - Found 60 links on page 86
2025-06-10 06:39:13,706 - INFO - Scraping page 89...
2025-06-10 06:39:14,167 - INFO - Found 60 links on page 87
2025-06-10 06:39:14,167 - INFO - Scraping page 90...
2025-06-10 06:39:16,435 - INFO - Found 60 links on page 88
2025-06-10 06:39:16,435 - INFO - Scraping page 91...
2025-06-10 06:39:17,747 - INFO - Found 60 links on page 89
2025-06-10 06:39:17,747 - INFO - Scraping page 92...
2025-06-10 06:39:18,766 - INFO - Found 60 links on page 90
2025-06-10 06:39:18,766 - INFO - Scraping page 93...
2025-06-10 06:39:20,923 - INFO - Found 60 links on page 91
2025-06-10 06:39:20,923 - INFO - Scraping page 94...
2025-06-10 06:39:22,132 - INFO - Found 60 links on page 92
2025-06-10 06:39:22,132 - INFO - Scraping page 95...
2025-06-10 06:39:23,132 - INFO - Found 60 links on page 93
2025-06-10 06:39:23,132 - INFO - Scraping page 96...
2025-06-10 06:39:25,708 - INFO - Found 60 links on page 94
2025-06-10 06:39:25,708 - INFO - Scraping page 97...
2025-06-10 06:39:26,224 - INFO - Found 60 links on page 95
2025-06-10 06:39:26,224 - INFO - Scraping page 98...
2025-06-10 06:39:27,118 - INFO - Found 60 links on page 96
2025-06-10 06:39:27,119 - INFO - Scraping page 99...
2025-06-10 06:39:29,805 - INFO - Found 60 links on page 97
2025-06-10 06:39:29,805 - INFO - Scraping page 100...
2025-06-10 06:39:30,399 - INFO - Found 60 links on page 98
2025-06-10 06:39:30,400 - INFO - Scraping page 101...
2025-06-10 06:39:31,579 - INFO - Found 60 links on page 99
2025-06-10 06:39:31,580 - INFO - Scraping page 102...
2025-06-10 06:39:33,904 - INFO - Found 60 links on page 100
2025-06-10 06:39:33,904 - INFO - Scraping page 103...
2025-06-10 06:39:34,878 - INFO - Found 60 links on page 101
2025-06-10 06:39:34,878 - INFO - Scraping page 104...
2025-06-10 06:39:35,546 - INFO - Found 60 links on page 102
2025-06-10 06:39:35,547 - INFO - Scraping page 105...
2025-06-10 06:39:38,474 - INFO - Found 60 links on page 103
2025-06-10 06:39:38,474 - INFO - Scraping page 106...
2025-06-10 06:39:39,040 - INFO - Found 60 links on page 104
2025-06-10 06:39:39,040 - INFO - Scraping page 107...
2025-06-10 06:39:39,630 - INFO - Found 60 links on page 105
2025-06-10 06:39:39,631 - INFO - Scraping page 108...
2025-06-10 06:39:42,641 - INFO - Found 60 links on page 106
2025-06-10 06:39:42,641 - INFO - Scraping page 109...
2025-06-10 06:39:43,271 - INFO - Found 60 links on page 107
2025-06-10 06:39:43,271 - INFO - Scraping page 110...
2025-06-10 06:39:43,918 - INFO - Found 60 links on page 108
2025-06-10 06:39:43,918 - INFO - Scraping page 111...
2025-06-10 06:39:47,150 - INFO - Found 60 links on page 109
2025-06-10 06:39:47,150 - INFO - Scraping page 112...
2025-06-10 06:39:47,485 - INFO - Found 60 links on page 110
2025-06-10 06:39:47,485 - INFO - Scraping page 113...
2025-06-10 06:39:48,110 - INFO - Found 60 links on page 111
2025-06-10 06:39:48,110 - INFO - Scraping page 114...
2025-06-10 06:39:51,193 - INFO - Found 60 links on page 113
2025-06-10 06:39:51,193 - INFO - Scraping page 115...
2025-06-10 06:39:51,697 - INFO - Found 60 links on page 112
2025-06-10 06:39:51,697 - INFO - Scraping page 116...
2025-06-10 06:39:52,204 - INFO - Found 60 links on page 114
2025-06-10 06:39:52,204 - INFO - Scraping page 117...
2025-06-10 06:39:55,262 - INFO - Found 60 links on page 115
2025-06-10 06:39:55,263 - INFO - Scraping page 118...
2025-06-10 06:39:55,661 - INFO - Found 60 links on page 116
2025-06-10 06:39:55,662 - INFO - Scraping page 119...
2025-06-10 06:39:56,481 - INFO - Found 60 links on page 117
2025-06-10 06:39:56,481 - INFO - Scraping page 120...
2025-06-10 06:39:59,544 - INFO - Found 60 links on page 118
2025-06-10 06:39:59,544 - INFO - Scraping page 121...
2025-06-10 06:39:59,931 - INFO - Found 60 links on page 119
2025-06-10 06:39:59,932 - INFO - Scraping page 122...
2025-06-10 06:40:00,646 - INFO - Found 60 links on page 120
2025-06-10 06:40:00,647 - INFO - Scraping page 123...
2025-06-10 06:40:04,092 - INFO - Found 60 links on page 122
2025-06-10 06:40:04,092 - INFO - Scraping page 124...
2025-06-10 06:40:04,670 - INFO - Found 60 links on page 121
2025-06-10 06:40:04,670 - INFO - Scraping page 125...
2025-06-10 06:40:04,969 - INFO - Found 60 links on page 123
2025-06-10 06:40:04,969 - INFO - Scraping page 126...
2025-06-10 06:40:08,560 - INFO - Found 60 links on page 125
2025-06-10 06:40:08,560 - INFO - Scraping page 127...
2025-06-10 06:40:09,075 - INFO - Found 60 links on page 124
2025-06-10 06:40:09,075 - INFO - Scraping page 128...
2025-06-10 06:40:09,367 - INFO - Found 60 links on page 126
2025-06-10 06:40:09,368 - INFO - Scraping page 129...
2025-06-10 06:40:12,655 - INFO - Found 60 links on page 127
2025-06-10 06:40:12,655 - INFO - Scraping page 130...
2025-06-10 06:40:13,537 - INFO - Found 60 links on page 129
2025-06-10 06:40:13,537 - INFO - Scraping page 131...
2025-06-10 06:40:13,974 - INFO - Found 60 links on page 128
2025-06-10 06:40:13,975 - INFO - Scraping page 132...
2025-06-10 06:40:17,167 - INFO - Found 60 links on page 130
2025-06-10 06:40:17,167 - INFO - Scraping page 133...
2025-06-10 06:40:17,872 - INFO - Found 60 links on page 131
2025-06-10 06:40:17,873 - INFO - Scraping page 134...
2025-06-10 06:40:18,521 - INFO - Found 60 links on page 132
2025-06-10 06:40:18,521 - INFO - Scraping page 135...
2025-06-10 06:40:21,209 - INFO - Found 60 links on page 133
2025-06-10 06:40:21,209 - INFO - Scraping page 136...
2025-06-10 06:40:21,976 - INFO - Found 60 links on page 134
2025-06-10 06:40:21,976 - INFO - Scraping page 137...
2025-06-10 06:40:22,838 - INFO - Found 60 links on page 135
2025-06-10 06:40:22,838 - INFO - Scraping page 138...
2025-06-10 06:40:25,517 - INFO - Found 60 links on page 136
2025-06-10 06:40:25,517 - INFO - Scraping page 139...
2025-06-10 06:40:26,408 - INFO - Found 60 links on page 137
2025-06-10 06:40:26,408 - INFO - Scraping page 140...
2025-06-10 06:40:27,552 - INFO - Found 60 links on page 138
2025-06-10 06:40:27,552 - INFO - Scraping page 141...
2025-06-10 06:40:30,039 - INFO - Found 60 links on page 139
2025-06-10 06:40:30,039 - INFO - Scraping page 142...
2025-06-10 06:40:30,800 - INFO - Found 60 links on page 140
2025-06-10 06:40:30,800 - INFO - Scraping page 143...
2025-06-10 06:40:31,577 - INFO - Found 60 links on page 141
2025-06-10 06:40:31,577 - INFO - Scraping page 144...
2025-06-10 06:40:34,132 - INFO - Found 60 links on page 142
2025-06-10 06:40:34,133 - INFO - Scraping page 145...
2025-06-10 06:40:35,064 - INFO - Found 60 links on page 143
2025-06-10 06:40:35,064 - INFO - Scraping page 146...
2025-06-10 06:40:36,469 - INFO - Found 60 links on page 144
2025-06-10 06:40:36,469 - INFO - Scraping page 147...
2025-06-10 06:40:38,215 - INFO - Found 60 links on page 145
2025-06-10 06:40:38,215 - INFO - Scraping page 148...
2025-06-10 06:40:39,049 - INFO - Found 60 links on page 146
2025-06-10 06:40:39,049 - INFO - Scraping page 149...
2025-06-10 06:40:40,772 - INFO - Found 60 links on page 147
2025-06-10 06:40:40,772 - INFO - Scraping page 150...
2025-06-10 06:40:42,673 - INFO - Found 60 links on page 148
2025-06-10 06:40:42,673 - INFO - Scraping page 151...
2025-06-10 06:40:43,499 - INFO - Found 60 links on page 149
2025-06-10 06:40:43,499 - INFO - Scraping page 152...
2025-06-10 06:40:44,939 - INFO - Found 60 links on page 150
2025-06-10 06:40:44,940 - INFO - Scraping page 153...
2025-06-10 06:40:47,060 - INFO - Found 60 links on page 151
2025-06-10 06:40:47,060 - INFO - Scraping page 154...
2025-06-10 06:40:47,724 - INFO - Found 60 links on page 152
2025-06-10 06:40:47,724 - INFO - Scraping page 155...
2025-06-10 06:40:48,998 - INFO - Found 60 links on page 153
2025-06-10 06:40:48,998 - INFO - Scraping page 156...
2025-06-10 06:40:51,210 - INFO - Found 60 links on page 154
2025-06-10 06:40:51,210 - INFO - Scraping page 157...
2025-06-10 06:40:51,869 - INFO - Found 60 links on page 155
2025-06-10 06:40:51,869 - INFO - Scraping page 158...
2025-06-10 06:40:53,033 - INFO - Found 60 links on page 156
2025-06-10 06:40:53,033 - INFO - Scraping page 159...
2025-06-10 06:40:56,006 - INFO - Found 60 links on page 157
2025-06-10 06:40:56,011 - INFO - Scraping page 160...
2025-06-10 06:40:56,276 - INFO - Found 60 links on page 158
2025-06-10 06:40:56,276 - INFO - Scraping page 161...
2025-06-10 06:40:57,377 - INFO - Found 60 links on page 159
2025-06-10 06:40:57,377 - INFO - Scraping page 162...
2025-06-10 06:41:00,249 - INFO - Found 60 links on page 160
2025-06-10 06:41:00,254 - INFO - Scraping page 163...
2025-06-10 06:41:00,359 - INFO - Found 60 links on page 161
2025-06-10 06:41:00,359 - INFO - Scraping page 164...
2025-06-10 06:41:01,536 - INFO - Found 60 links on page 162
2025-06-10 06:41:01,536 - INFO - Scraping page 165...
2025-06-10 06:41:04,639 - INFO - Found 60 links on page 164
2025-06-10 06:41:04,639 - INFO - Scraping page 166...
2025-06-10 06:41:04,841 - INFO - Found 60 links on page 163
2025-06-10 06:41:04,842 - INFO - Scraping page 167...
2025-06-10 06:41:06,484 - INFO - Found 60 links on page 165
2025-06-10 06:41:06,485 - INFO - Scraping page 168...
2025-06-10 06:41:09,077 - INFO - Found 60 links on page 167
2025-06-10 06:41:09,077 - INFO - Scraping page 169...
2025-06-10 06:41:09,637 - INFO - Found 60 links on page 166
2025-06-10 06:41:09,637 - INFO - Scraping page 170...
2025-06-10 06:41:10,916 - INFO - Found 60 links on page 168
2025-06-10 06:41:10,916 - INFO - Scraping page 171...
2025-06-10 06:41:13,918 - INFO - Found 60 links on page 169
2025-06-10 06:41:13,928 - INFO - Scraping page 172...
2025-06-10 06:41:14,091 - INFO - Found 60 links on page 170
2025-06-10 06:41:14,092 - INFO - Scraping page 173...
2025-06-10 06:41:15,567 - INFO - Found 60 links on page 171
2025-06-10 06:41:15,567 - INFO - Scraping page 174...
2025-06-10 06:41:18,306 - INFO - Found 60 links on page 172
2025-06-10 06:41:18,311 - INFO - Scraping page 175...
2025-06-10 06:41:18,528 - INFO - Found 60 links on page 173
2025-06-10 06:41:18,528 - INFO - Scraping page 176...
2025-06-10 06:41:19,608 - INFO - Found 60 links on page 174
2025-06-10 06:41:19,608 - INFO - Scraping page 177...
2025-06-10 06:41:22,387 - INFO - Found 60 links on page 176
2025-06-10 06:41:22,387 - INFO - Scraping page 178...
2025-06-10 06:41:23,348 - INFO - Found 60 links on page 175
2025-06-10 06:41:23,348 - INFO - Scraping page 179...
2025-06-10 06:41:24,285 - INFO - Found 60 links on page 177
2025-06-10 06:41:24,285 - INFO - Scraping page 180...
2025-06-10 06:41:26,604 - INFO - Found 60 links on page 178
2025-06-10 06:41:26,604 - INFO - Scraping page 181...
2025-06-10 06:41:27,973 - INFO - Found 60 links on page 179
2025-06-10 06:41:27,973 - INFO - Scraping page 182...
2025-06-10 06:41:28,403 - INFO - Found 60 links on page 180
2025-06-10 06:41:28,403 - INFO - Scraping page 183...
2025-06-10 06:41:30,716 - INFO - Found 60 links on page 181
2025-06-10 06:41:30,716 - INFO - Scraping page 184...
2025-06-10 06:41:32,186 - INFO - Found 60 links on page 182
2025-06-10 06:41:32,186 - INFO - Scraping page 185...
2025-06-10 06:41:32,577 - INFO - Found 60 links on page 183
2025-06-10 06:41:32,577 - INFO - Scraping page 186...
2025-06-10 06:41:35,307 - INFO - Found 60 links on page 184
2025-06-10 06:41:35,307 - INFO - Scraping page 187...
2025-06-10 06:41:36,825 - INFO - Found 60 links on page 185
2025-06-10 06:41:36,825 - INFO - Scraping page 188...
2025-06-10 06:41:37,115 - INFO - Found 60 links on page 186
2025-06-10 06:41:37,115 - INFO - Scraping page 189...
2025-06-10 06:41:39,687 - INFO - Found 60 links on page 187
2025-06-10 06:41:39,688 - INFO - Scraping page 190...
2025-06-10 06:41:41,343 - INFO - Found 60 links on page 189
2025-06-10 06:41:41,343 - INFO - Scraping page 191...
2025-06-10 06:41:41,540 - INFO - Found 60 links on page 188
2025-06-10 06:41:41,541 - INFO - Scraping page 192...
2025-06-10 06:41:43,748 - INFO - Found 60 links on page 190
2025-06-10 06:41:43,748 - INFO - Scraping page 193...
2025-06-10 06:41:45,902 - INFO - Found 60 links on page 192
2025-06-10 06:41:45,902 - INFO - Scraping page 194...
2025-06-10 06:41:46,118 - INFO - Found 60 links on page 191
2025-06-10 06:41:46,119 - INFO - Scraping page 195...
2025-06-10 06:41:48,049 - INFO - Found 60 links on page 193
2025-06-10 06:41:48,049 - INFO - Scraping page 196...
2025-06-10 06:41:50,342 - INFO - Found 60 links on page 194
2025-06-10 06:41:50,343 - INFO - Scraping page 197...
2025-06-10 06:41:50,593 - INFO - Found 60 links on page 195
2025-06-10 06:41:50,593 - INFO - Scraping page 198...
2025-06-10 06:41:52,319 - INFO - Found 60 links on page 196
2025-06-10 06:41:52,319 - INFO - Scraping page 199...
2025-06-10 06:41:54,734 - INFO - Found 60 links on page 198
2025-06-10 06:41:54,739 - INFO - Scraping page 200...
2025-06-10 06:41:54,929 - INFO - Found 60 links on page 197
2025-06-10 06:41:56,564 - INFO - Found 60 links on page 199
2025-06-10 06:41:59,001 - INFO - Found 60 links on page 200
2025-06-10 06:41:59,009 - INFO - Found 503 new links to scrape out of 12000 total links
2025-06-10 06:41:59,009 - INFO - Processing batch 1/11 (50 links)
2025-06-10 06:42:04,642 - INFO - Progress: 10/50 ads processed
2025-06-10 06:42:09,882 - INFO - Progress: 20/50 ads processed
2025-06-10 06:42:14,985 - INFO - Progress: 30/50 ads processed
2025-06-10 06:42:20,496 - INFO - Progress: 40/50 ads processed
2025-06-10 06:42:25,601 - INFO - Progress: 50/50 ads processed
2025-06-10 06:42:25,676 - INFO - Created backup of existing data file at unegui_data/unegui_sales_data.csv.bak
2025-06-10 06:42:25,999 - INFO - Data saved to unegui_data/unegui_sales_data.csv: 22361 records
2025-06-10 06:42:26,755 - INFO - Cache saved with 22737 URLs
2025-06-10 06:42:26,755 - INFO - Saved batch data. Total records: 22361
2025-06-10 06:42:26,755 - INFO - Processing batch 2/11 (50 links)
2025-06-10 06:42:32,280 - INFO - Progress: 10/50 ads processed
2025-06-10 06:42:37,171 - INFO - Progress: 20/50 ads processed
2025-06-10 06:42:42,437 - INFO - Progress: 30/50 ads processed
2025-06-10 06:42:48,219 - INFO - Progress: 40/50 ads processed
2025-06-10 06:42:53,761 - INFO - Progress: 50/50 ads processed
2025-06-10 06:42:53,832 - INFO - Created backup of existing data file at unegui_data/unegui_sales_data.csv.bak
2025-06-10 06:42:54,151 - INFO - Data saved to unegui_data/unegui_sales_data.csv: 22407 records
2025-06-10 06:42:54,915 - INFO - Cache saved with 22787 URLs
2025-06-10 06:42:54,915 - INFO - Saved batch data. Total records: 22407
2025-06-10 06:42:54,916 - INFO - Processing batch 3/11 (50 links)
2025-06-10 06:43:00,358 - INFO - Progress: 10/50 ads processed
2025-06-10 06:43:05,515 - INFO - Progress: 20/50 ads processed
2025-06-10 06:43:10,431 - INFO - Progress: 30/50 ads processed
2025-06-10 06:43:16,121 - INFO - Progress: 40/50 ads processed
2025-06-10 06:43:21,577 - INFO - Progress: 50/50 ads processed
2025-06-10 06:43:21,647 - INFO - Created backup of existing data file at unegui_data/unegui_sales_data.csv.bak
2025-06-10 06:43:21,964 - INFO - Data saved to unegui_data/unegui_sales_data.csv: 22457 records
2025-06-10 06:43:22,732 - INFO - Cache saved with 22837 URLs
2025-06-10 06:43:22,732 - INFO - Saved batch data. Total records: 22457
2025-06-10 06:43:22,732 - INFO - Processing batch 4/11 (50 links)
2025-06-10 06:43:28,310 - INFO - Progress: 10/50 ads processed
2025-06-10 06:43:33,279 - INFO - Progress: 20/50 ads processed
2025-06-10 06:43:38,589 - INFO - Progress: 30/50 ads processed
2025-06-10 06:43:43,801 - INFO - Progress: 40/50 ads processed
2025-06-10 06:43:48,783 - INFO - Progress: 50/50 ads processed
2025-06-10 06:43:48,855 - INFO - Created backup of existing data file at unegui_data/unegui_sales_data.csv.bak
2025-06-10 06:43:49,174 - INFO - Data saved to unegui_data/unegui_sales_data.csv: 22505 records
2025-06-10 06:43:49,941 - INFO - Cache saved with 22887 URLs
2025-06-10 06:43:49,941 - INFO - Saved batch data. Total records: 22505
2025-06-10 06:43:49,941 - INFO - Processing batch 5/11 (50 links)
2025-06-10 06:43:55,385 - INFO - Progress: 10/50 ads processed
2025-06-10 06:44:00,854 - INFO - Progress: 20/50 ads processed
2025-06-10 06:44:06,050 - INFO - Progress: 30/50 ads processed
2025-06-10 06:44:11,405 - INFO - Progress: 40/50 ads processed
2025-06-10 06:44:16,469 - INFO - Progress: 50/50 ads processed
2025-06-10 06:44:16,539 - INFO - Created backup of existing data file at unegui_data/unegui_sales_data.csv.bak
2025-06-10 06:44:16,861 - INFO - Data saved to unegui_data/unegui_sales_data.csv: 22554 records
2025-06-10 06:44:17,626 - INFO - Cache saved with 22937 URLs
2025-06-10 06:44:17,626 - INFO - Saved batch data. Total records: 22554
2025-06-10 06:44:17,626 - INFO - Processing batch 6/11 (50 links)
2025-06-10 06:44:23,030 - INFO - Progress: 10/50 ads processed
2025-06-10 06:44:28,907 - INFO - Progress: 20/50 ads processed
2025-06-10 06:44:34,070 - INFO - Progress: 30/50 ads processed
2025-06-10 06:44:38,894 - INFO - Progress: 40/50 ads processed
2025-06-10 06:44:44,062 - INFO - Progress: 50/50 ads processed
2025-06-10 06:44:44,134 - INFO - Created backup of existing data file at unegui_data/unegui_sales_data.csv.bak
2025-06-10 06:44:44,456 - INFO - Data saved to unegui_data/unegui_sales_data.csv: 22604 records
2025-06-10 06:44:45,225 - INFO - Cache saved with 22987 URLs
2025-06-10 06:44:45,225 - INFO - Saved batch data. Total records: 22604
2025-06-10 06:44:45,225 - INFO - Processing batch 7/11 (50 links)
2025-06-10 06:44:50,733 - INFO - Progress: 10/50 ads processed
2025-06-10 06:44:56,133 - INFO - Progress: 20/50 ads processed
2025-06-10 06:45:01,408 - INFO - Progress: 30/50 ads processed
2025-06-10 06:45:06,658 - INFO - Progress: 40/50 ads processed
2025-06-10 06:45:12,739 - INFO - Progress: 50/50 ads processed
2025-06-10 06:45:12,810 - INFO - Created backup of existing data file at unegui_data/unegui_sales_data.csv.bak
2025-06-10 06:45:13,134 - INFO - Data saved to unegui_data/unegui_sales_data.csv: 22654 records
2025-06-10 06:45:13,905 - INFO - Cache saved with 23037 URLs
2025-06-10 06:45:13,906 - INFO - Saved batch data. Total records: 22654
2025-06-10 06:45:13,906 - INFO - Processing batch 8/11 (50 links)
2025-06-10 06:45:19,752 - INFO - Progress: 10/50 ads processed
2025-06-10 06:45:24,811 - INFO - Progress: 20/50 ads processed
2025-06-10 06:45:30,006 - INFO - Progress: 30/50 ads processed
2025-06-10 06:45:34,987 - INFO - Progress: 40/50 ads processed
2025-06-10 06:45:40,908 - INFO - Progress: 50/50 ads processed
2025-06-10 06:45:40,981 - INFO - Created backup of existing data file at unegui_data/unegui_sales_data.csv.bak
2025-06-10 06:45:41,306 - INFO - Data saved to unegui_data/unegui_sales_data.csv: 22704 records
2025-06-10 06:45:42,085 - INFO - Cache saved with 23087 URLs
2025-06-10 06:45:42,085 - INFO - Saved batch data. Total records: 22704
2025-06-10 06:45:42,085 - INFO - Processing batch 9/11 (50 links)
2025-06-10 06:45:47,271 - INFO - Progress: 10/50 ads processed
2025-06-10 06:45:52,352 - INFO - Progress: 20/50 ads processed
2025-06-10 06:45:57,825 - INFO - Progress: 30/50 ads processed
2025-06-10 06:46:02,994 - INFO - Progress: 40/50 ads processed
2025-06-10 06:46:08,191 - INFO - Progress: 50/50 ads processed
2025-06-10 06:46:08,264 - INFO - Created backup of existing data file at unegui_data/unegui_sales_data.csv.bak
2025-06-10 06:46:08,590 - INFO - Data saved to unegui_data/unegui_sales_data.csv: 22754 records
2025-06-10 06:46:09,361 - INFO - Cache saved with 23137 URLs
2025-06-10 06:46:09,361 - INFO - Saved batch data. Total records: 22754
2025-06-10 06:46:09,361 - INFO - Processing batch 10/11 (50 links)
2025-06-10 06:46:14,614 - INFO - Progress: 10/50 ads processed
2025-06-10 06:46:20,122 - INFO - Progress: 20/50 ads processed
2025-06-10 06:46:25,775 - INFO - Progress: 30/50 ads processed
2025-06-10 06:46:30,992 - INFO - Progress: 40/50 ads processed
2025-06-10 06:46:35,966 - INFO - Progress: 50/50 ads processed
2025-06-10 06:46:36,040 - INFO - Created backup of existing data file at unegui_data/unegui_sales_data.csv.bak
2025-06-10 06:46:36,370 - INFO - Data saved to unegui_data/unegui_sales_data.csv: 22802 records
2025-06-10 06:46:37,161 - INFO - Cache saved with 23187 URLs
2025-06-10 06:46:37,161 - INFO - Saved batch data. Total records: 22802
2025-06-10 06:46:37,161 - INFO - Processing batch 11/11 (3 links)
2025-06-10 06:46:39,862 - INFO - Progress: 3/3 ads processed
2025-06-10 06:46:39,933 - INFO - Created backup of existing data file at unegui_data/unegui_sales_data.csv.bak
2025-06-10 06:46:40,260 - INFO - Data saved to unegui_data/unegui_sales_data.csv: 22805 records
2025-06-10 06:46:41,035 - INFO - Cache saved with 23190 URLs
2025-06-10 06:46:41,035 - INFO - Saved batch data. Total records: 22805
2025-06-10 06:46:41,035 - INFO - Scraping completed in 0:09:31.281205. Total ads collected: 22805
