2025-06-28 06:35:04,447 - INFO - Starting sales apartment scraper at 2025-06-28 06:35:04.447658
2025-06-28 06:35:04,875 - INFO - Loaded existing data from unegui_data/unegui_sales_data.csv: 28560 records
2025-06-28 06:35:05,212 - INFO - Loaded 28560 existing records
2025-06-28 06:35:05,233 - INFO - Scraping page 1...
2025-06-28 06:35:05,233 - INFO - Scraping page 2...
2025-06-28 06:35:05,234 - INFO - Scraping page 3...
2025-06-28 06:35:09,578 - INFO - Found 60 links on page 2
2025-06-28 06:35:09,583 - INFO - Scraping page 4...
2025-06-28 06:35:09,622 - INFO - Found 60 links on page 1
2025-06-28 06:35:09,628 - INFO - Scraping page 5...
2025-06-28 06:35:09,793 - INFO - Found 60 links on page 3
2025-06-28 06:35:09,793 - INFO - Scraping page 6...
2025-06-28 06:35:13,303 - INFO - Found 60 links on page 5
2025-06-28 06:35:13,309 - INFO - Scraping page 7...
2025-06-28 06:35:13,592 - INFO - Found 60 links on page 6
2025-06-28 06:35:13,658 - INFO - Scraping page 8...
2025-06-28 06:35:13,728 - INFO - Found 60 links on page 4
2025-06-28 06:35:13,728 - INFO - Scraping page 9...
2025-06-28 06:35:17,227 - INFO - Found 60 links on page 7
2025-06-28 06:35:17,227 - INFO - Scraping page 10...
2025-06-28 06:35:17,742 - INFO - Found 60 links on page 8
2025-06-28 06:35:17,747 - INFO - Scraping page 11...
2025-06-28 06:35:17,765 - INFO - Found 60 links on page 9
2025-06-28 06:35:17,766 - INFO - Scraping page 12...
2025-06-28 06:35:21,259 - INFO - Found 60 links on page 12
2025-06-28 06:35:21,264 - INFO - Scraping page 13...
2025-06-28 06:35:21,659 - INFO - Found 60 links on page 11
2025-06-28 06:35:21,664 - INFO - Scraping page 14...
2025-06-28 06:35:21,785 - INFO - Found 60 links on page 10
2025-06-28 06:35:21,786 - INFO - Scraping page 15...
2025-06-28 06:35:25,424 - INFO - Found 60 links on page 13
2025-06-28 06:35:25,429 - INFO - Scraping page 16...
2025-06-28 06:35:25,469 - INFO - Found 60 links on page 14
2025-06-28 06:35:25,469 - INFO - Scraping page 17...
2025-06-28 06:35:25,683 - INFO - Found 60 links on page 15
2025-06-28 06:35:25,683 - INFO - Scraping page 18...
2025-06-28 06:35:29,511 - INFO - Found 60 links on page 17
2025-06-28 06:35:29,517 - INFO - Scraping page 19...
2025-06-28 06:35:29,836 - INFO - Found 60 links on page 18
2025-06-28 06:35:29,841 - INFO - Scraping page 20...
2025-06-28 06:35:29,880 - INFO - Found 60 links on page 16
2025-06-28 06:35:29,881 - INFO - Scraping page 21...
2025-06-28 06:35:33,518 - INFO - Found 60 links on page 21
2025-06-28 06:35:33,528 - INFO - Scraping page 22...
2025-06-28 06:35:33,824 - INFO - Found 60 links on page 19
2025-06-28 06:35:33,824 - INFO - Scraping page 23...
2025-06-28 06:35:33,961 - INFO - Found 60 links on page 20
2025-06-28 06:35:33,961 - INFO - Scraping page 24...
2025-06-28 06:35:37,338 - INFO - Found 60 links on page 23
2025-06-28 06:35:37,338 - INFO - Scraping page 25...
2025-06-28 06:35:37,720 - INFO - Found 60 links on page 24
2025-06-28 06:35:37,726 - INFO - Scraping page 26...
2025-06-28 06:35:37,867 - INFO - Found 60 links on page 22
2025-06-28 06:35:37,867 - INFO - Scraping page 27...
2025-06-28 06:35:41,348 - INFO - Found 60 links on page 25
2025-06-28 06:35:41,348 - INFO - Scraping page 28...
2025-06-28 06:35:41,644 - INFO - Found 60 links on page 26
2025-06-28 06:35:41,644 - INFO - Scraping page 29...
2025-06-28 06:35:41,888 - INFO - Found 60 links on page 27
2025-06-28 06:35:41,888 - INFO - Scraping page 30...
2025-06-28 06:35:45,479 - INFO - Found 60 links on page 28
2025-06-28 06:35:45,485 - INFO - Scraping page 31...
2025-06-28 06:35:45,751 - INFO - Found 60 links on page 29
2025-06-28 06:35:45,756 - INFO - Scraping page 32...
2025-06-28 06:35:45,920 - INFO - Found 60 links on page 30
2025-06-28 06:35:45,920 - INFO - Scraping page 33...
2025-06-28 06:35:49,931 - INFO - Found 60 links on page 33
2025-06-28 06:35:49,941 - INFO - Scraping page 34...
2025-06-28 06:35:50,137 - INFO - Found 60 links on page 32
2025-06-28 06:35:50,148 - INFO - Scraping page 35...
2025-06-28 06:35:50,235 - INFO - Found 60 links on page 31
2025-06-28 06:35:50,235 - INFO - Scraping page 36...
2025-06-28 06:35:53,765 - INFO - Found 60 links on page 34
2025-06-28 06:35:53,766 - INFO - Scraping page 37...
2025-06-28 06:35:54,161 - INFO - Found 60 links on page 35
2025-06-28 06:35:54,167 - INFO - Scraping page 38...
2025-06-28 06:35:54,294 - INFO - Found 60 links on page 36
2025-06-28 06:35:54,295 - INFO - Scraping page 39...
2025-06-28 06:35:57,876 - INFO - Found 60 links on page 37
2025-06-28 06:35:57,886 - INFO - Scraping page 40...
2025-06-28 06:35:58,079 - INFO - Found 60 links on page 38
2025-06-28 06:35:58,079 - INFO - Scraping page 41...
2025-06-28 06:35:58,459 - INFO - Found 60 links on page 39
2025-06-28 06:35:58,459 - INFO - Scraping page 42...
2025-06-28 06:36:01,965 - INFO - Found 60 links on page 40
2025-06-28 06:36:01,965 - INFO - Scraping page 43...
2025-06-28 06:36:02,461 - INFO - Found 60 links on page 41
2025-06-28 06:36:02,462 - INFO - Found 60 links on page 42
2025-06-28 06:36:02,462 - INFO - Scraping page 44...
2025-06-28 06:36:02,463 - INFO - Scraping page 45...
2025-06-28 06:36:05,901 - INFO - Found 60 links on page 43
2025-06-28 06:36:05,901 - INFO - Scraping page 46...
2025-06-28 06:36:06,226 - INFO - Found 60 links on page 44
2025-06-28 06:36:06,226 - INFO - Scraping page 47...
2025-06-28 06:36:06,692 - INFO - Found 60 links on page 45
2025-06-28 06:36:06,692 - INFO - Scraping page 48...
2025-06-28 06:36:09,713 - INFO - Found 60 links on page 46
2025-06-28 06:36:09,713 - INFO - Scraping page 49...
2025-06-28 06:36:10,009 - INFO - Found 60 links on page 47
2025-06-28 06:36:10,009 - INFO - Scraping page 50...
2025-06-28 06:36:10,345 - INFO - Found 60 links on page 48
2025-06-28 06:36:10,345 - INFO - Scraping page 51...
2025-06-28 06:36:13,430 - INFO - Found 60 links on page 49
2025-06-28 06:36:13,430 - INFO - Scraping page 52...
2025-06-28 06:36:13,655 - INFO - Found 60 links on page 50
2025-06-28 06:36:13,655 - INFO - Scraping page 53...
2025-06-28 06:36:14,345 - INFO - Found 60 links on page 51
2025-06-28 06:36:14,346 - INFO - Scraping page 54...
2025-06-28 06:36:17,702 - INFO - Found 60 links on page 53
2025-06-28 06:36:17,707 - INFO - Scraping page 55...
2025-06-28 06:36:17,899 - INFO - Found 60 links on page 52
2025-06-28 06:36:17,904 - INFO - Scraping page 56...
2025-06-28 06:36:18,190 - INFO - Found 60 links on page 54
2025-06-28 06:36:18,190 - INFO - Scraping page 57...
2025-06-28 06:36:21,569 - INFO - Found 60 links on page 56
2025-06-28 06:36:21,575 - INFO - Scraping page 58...
2025-06-28 06:36:21,777 - INFO - Found 60 links on page 55
2025-06-28 06:36:21,777 - INFO - Scraping page 59...
2025-06-28 06:36:22,711 - INFO - Found 60 links on page 57
2025-06-28 06:36:22,712 - INFO - Scraping page 60...
2025-06-28 06:36:25,196 - INFO - Found 60 links on page 58
2025-06-28 06:36:25,196 - INFO - Scraping page 61...
2025-06-28 06:36:25,786 - INFO - Found 60 links on page 59
2025-06-28 06:36:25,786 - INFO - Scraping page 62...
2025-06-28 06:36:26,931 - INFO - Found 60 links on page 60
2025-06-28 06:36:26,932 - INFO - Scraping page 63...
2025-06-28 06:36:29,460 - INFO - Found 60 links on page 61
2025-06-28 06:36:29,461 - INFO - Scraping page 64...
2025-06-28 06:36:30,316 - INFO - Found 60 links on page 62
2025-06-28 06:36:30,317 - INFO - Scraping page 65...
2025-06-28 06:36:31,295 - INFO - Found 60 links on page 63
2025-06-28 06:36:31,296 - INFO - Scraping page 66...
2025-06-28 06:36:33,630 - INFO - Found 60 links on page 64
2025-06-28 06:36:33,630 - INFO - Scraping page 67...
2025-06-28 06:36:33,913 - INFO - Found 60 links on page 65
2025-06-28 06:36:33,914 - INFO - Scraping page 68...
2025-06-28 06:36:35,282 - INFO - Found 60 links on page 66
2025-06-28 06:36:35,284 - INFO - Scraping page 69...
2025-06-28 06:36:37,211 - INFO - Found 60 links on page 67
2025-06-28 06:36:37,211 - INFO - Scraping page 70...
2025-06-28 06:36:37,590 - INFO - Found 60 links on page 68
2025-06-28 06:36:37,591 - INFO - Scraping page 71...
2025-06-28 06:36:39,028 - INFO - Found 60 links on page 69
2025-06-28 06:36:39,029 - INFO - Scraping page 72...
2025-06-28 06:36:41,055 - INFO - Found 60 links on page 70
2025-06-28 06:36:41,055 - INFO - Scraping page 73...
2025-06-28 06:36:41,714 - INFO - Found 60 links on page 71
2025-06-28 06:36:41,714 - INFO - Scraping page 74...
2025-06-28 06:36:42,942 - INFO - Found 60 links on page 72
2025-06-28 06:36:42,943 - INFO - Scraping page 75...
2025-06-28 06:36:45,015 - INFO - Found 60 links on page 73
2025-06-28 06:36:45,015 - INFO - Scraping page 76...
2025-06-28 06:36:45,395 - INFO - Found 60 links on page 74
2025-06-28 06:36:45,395 - INFO - Scraping page 77...
2025-06-28 06:36:46,966 - INFO - Found 60 links on page 75
2025-06-28 06:36:46,966 - INFO - Scraping page 78...
2025-06-28 06:36:49,333 - INFO - Found 60 links on page 76
2025-06-28 06:36:49,334 - INFO - Scraping page 79...
2025-06-28 06:36:50,004 - INFO - Found 60 links on page 77
2025-06-28 06:36:50,004 - INFO - Scraping page 80...
2025-06-28 06:36:50,921 - INFO - Found 60 links on page 78
2025-06-28 06:36:50,921 - INFO - Scraping page 81...
2025-06-28 06:36:53,106 - INFO - Found 60 links on page 79
2025-06-28 06:36:53,106 - INFO - Scraping page 82...
2025-06-28 06:36:54,567 - INFO - Found 60 links on page 80
2025-06-28 06:36:54,567 - INFO - Scraping page 83...
2025-06-28 06:36:54,996 - INFO - Found 60 links on page 81
2025-06-28 06:36:54,997 - INFO - Scraping page 84...
2025-06-28 06:36:56,765 - INFO - Found 60 links on page 82
2025-06-28 06:36:56,765 - INFO - Scraping page 85...
2025-06-28 06:36:58,286 - INFO - Found 60 links on page 83
2025-06-28 06:36:58,287 - INFO - Scraping page 86...
2025-06-28 06:36:59,013 - INFO - Found 60 links on page 84
2025-06-28 06:36:59,013 - INFO - Scraping page 87...
2025-06-28 06:37:00,362 - INFO - Found 60 links on page 85
2025-06-28 06:37:00,362 - INFO - Scraping page 88...
2025-06-28 06:37:02,368 - INFO - Found 60 links on page 86
2025-06-28 06:37:02,368 - INFO - Scraping page 89...
2025-06-28 06:37:03,099 - INFO - Found 60 links on page 87
2025-06-28 06:37:03,100 - INFO - Scraping page 90...
2025-06-28 06:37:04,265 - INFO - Found 60 links on page 88
2025-06-28 06:37:04,265 - INFO - Scraping page 91...
2025-06-28 06:37:05,989 - INFO - Found 60 links on page 89
2025-06-28 06:37:05,990 - INFO - Scraping page 92...
2025-06-28 06:37:07,058 - INFO - Found 60 links on page 90
2025-06-28 06:37:07,058 - INFO - Scraping page 93...
2025-06-28 06:37:08,532 - INFO - Found 60 links on page 91
2025-06-28 06:37:08,532 - INFO - Scraping page 94...
2025-06-28 06:37:10,180 - INFO - Found 60 links on page 92
2025-06-28 06:37:10,180 - INFO - Scraping page 95...
2025-06-28 06:37:10,815 - INFO - Found 60 links on page 93
2025-06-28 06:37:10,815 - INFO - Scraping page 96...
2025-06-28 06:37:12,479 - INFO - Found 60 links on page 94
2025-06-28 06:37:12,479 - INFO - Scraping page 97...
2025-06-28 06:37:14,345 - INFO - Found 60 links on page 95
2025-06-28 06:37:14,345 - INFO - Scraping page 98...
2025-06-28 06:37:14,983 - INFO - Found 60 links on page 96
2025-06-28 06:37:14,983 - INFO - Scraping page 99...
2025-06-28 06:37:16,549 - INFO - Found 60 links on page 97
2025-06-28 06:37:16,549 - INFO - Scraping page 100...
2025-06-28 06:37:18,208 - INFO - Found 60 links on page 98
2025-06-28 06:37:18,208 - INFO - Scraping page 101...
2025-06-28 06:37:18,769 - INFO - Found 60 links on page 99
2025-06-28 06:37:18,770 - INFO - Scraping page 102...
2025-06-28 06:37:20,474 - INFO - Found 60 links on page 100
2025-06-28 06:37:20,474 - INFO - Scraping page 103...
2025-06-28 06:37:21,916 - INFO - Found 60 links on page 101
2025-06-28 06:37:21,916 - INFO - Scraping page 104...
2025-06-28 06:37:22,563 - INFO - Found 60 links on page 102
2025-06-28 06:37:22,563 - INFO - Scraping page 105...
2025-06-28 06:37:24,188 - INFO - Found 60 links on page 103
2025-06-28 06:37:24,188 - INFO - Scraping page 106...
2025-06-28 06:37:26,088 - INFO - Found 60 links on page 104
2025-06-28 06:37:26,088 - INFO - Scraping page 107...
2025-06-28 06:37:26,326 - INFO - Found 60 links on page 105
2025-06-28 06:37:26,326 - INFO - Scraping page 108...
2025-06-28 06:37:28,297 - INFO - Found 60 links on page 106
2025-06-28 06:37:28,298 - INFO - Scraping page 109...
2025-06-28 06:37:29,841 - INFO - Found 60 links on page 107
2025-06-28 06:37:29,841 - INFO - Scraping page 110...
2025-06-28 06:37:30,283 - INFO - Found 60 links on page 108
2025-06-28 06:37:30,283 - INFO - Scraping page 111...
2025-06-28 06:37:32,866 - INFO - Found 60 links on page 109
2025-06-28 06:37:32,866 - INFO - Scraping page 112...
2025-06-28 06:37:34,491 - INFO - Found 60 links on page 111
2025-06-28 06:37:34,497 - INFO - Scraping page 113...
2025-06-28 06:37:34,535 - INFO - Found 60 links on page 110
2025-06-28 06:37:34,535 - INFO - Scraping page 114...
2025-06-28 06:37:36,827 - INFO - Found 60 links on page 112
2025-06-28 06:37:36,827 - INFO - Scraping page 115...
2025-06-28 06:37:38,529 - INFO - Found 60 links on page 113
2025-06-28 06:37:38,530 - INFO - Scraping page 116...
2025-06-28 06:37:39,061 - INFO - Found 60 links on page 114
2025-06-28 06:37:39,061 - INFO - Scraping page 117...
2025-06-28 06:37:40,684 - INFO - Found 60 links on page 115
2025-06-28 06:37:40,684 - INFO - Scraping page 118...
2025-06-28 06:37:43,027 - INFO - Found 60 links on page 116
2025-06-28 06:37:43,032 - INFO - Scraping page 119...
2025-06-28 06:37:43,184 - INFO - Found 60 links on page 117
2025-06-28 06:37:43,184 - INFO - Scraping page 120...
2025-06-28 06:37:44,522 - INFO - Found 60 links on page 118
2025-06-28 06:37:44,522 - INFO - Scraping page 121...
2025-06-28 06:37:47,056 - INFO - Found 60 links on page 119
2025-06-28 06:37:47,066 - INFO - Scraping page 122...
2025-06-28 06:37:47,313 - INFO - Found 60 links on page 120
2025-06-28 06:37:47,313 - INFO - Scraping page 123...
2025-06-28 06:37:48,667 - INFO - Found 60 links on page 121
2025-06-28 06:37:48,667 - INFO - Scraping page 124...
2025-06-28 06:37:50,836 - INFO - Found 60 links on page 122
2025-06-28 06:37:50,836 - INFO - Scraping page 125...
2025-06-28 06:37:51,112 - INFO - Found 60 links on page 123
2025-06-28 06:37:51,112 - INFO - Scraping page 126...
2025-06-28 06:37:52,779 - INFO - Found 60 links on page 124
2025-06-28 06:37:52,779 - INFO - Scraping page 127...
2025-06-28 06:37:54,707 - INFO - Found 60 links on page 125
2025-06-28 06:37:54,707 - INFO - Scraping page 128...
2025-06-28 06:37:55,057 - INFO - Found 60 links on page 126
2025-06-28 06:37:55,057 - INFO - Scraping page 129...
2025-06-28 06:37:57,069 - INFO - Found 60 links on page 127
2025-06-28 06:37:57,070 - INFO - Scraping page 130...
2025-06-28 06:37:58,392 - INFO - Found 60 links on page 128
2025-06-28 06:37:58,392 - INFO - Scraping page 131...
2025-06-28 06:37:58,938 - INFO - Found 60 links on page 129
2025-06-28 06:37:58,938 - INFO - Scraping page 132...
2025-06-28 06:38:00,812 - INFO - Found 60 links on page 130
2025-06-28 06:38:00,812 - INFO - Scraping page 133...
2025-06-28 06:38:02,210 - INFO - Found 60 links on page 131
2025-06-28 06:38:02,210 - INFO - Scraping page 134...
2025-06-28 06:38:03,008 - INFO - Found 60 links on page 132
2025-06-28 06:38:03,008 - INFO - Scraping page 135...
2025-06-28 06:38:04,976 - INFO - Found 60 links on page 133
2025-06-28 06:38:04,977 - INFO - Scraping page 136...
2025-06-28 06:38:06,678 - INFO - Found 60 links on page 134
2025-06-28 06:38:06,678 - INFO - Scraping page 137...
2025-06-28 06:38:06,939 - INFO - Found 60 links on page 135
2025-06-28 06:38:06,940 - INFO - Scraping page 138...
2025-06-28 06:38:09,006 - INFO - Found 60 links on page 136
2025-06-28 06:38:09,006 - INFO - Scraping page 139...
2025-06-28 06:38:10,518 - INFO - Found 60 links on page 137
2025-06-28 06:38:10,519 - INFO - Scraping page 140...
2025-06-28 06:38:11,015 - INFO - Found 60 links on page 138
2025-06-28 06:38:11,015 - INFO - Scraping page 141...
2025-06-28 06:38:13,557 - INFO - Found 60 links on page 139
2025-06-28 06:38:13,558 - INFO - Scraping page 142...
2025-06-28 06:38:14,712 - INFO - Found 60 links on page 140
2025-06-28 06:38:14,713 - INFO - Scraping page 143...
2025-06-28 06:38:14,915 - INFO - Found 60 links on page 141
2025-06-28 06:38:14,915 - INFO - Scraping page 144...
2025-06-28 06:38:17,357 - INFO - Found 60 links on page 142
2025-06-28 06:38:17,357 - INFO - Scraping page 145...
2025-06-28 06:38:18,746 - INFO - Found 60 links on page 143
2025-06-28 06:38:18,746 - INFO - Scraping page 146...
2025-06-28 06:38:18,961 - INFO - Found 60 links on page 144
2025-06-28 06:38:18,961 - INFO - Scraping page 147...
2025-06-28 06:38:21,416 - INFO - Found 60 links on page 145
2025-06-28 06:38:21,416 - INFO - Scraping page 148...
2025-06-28 06:38:22,799 - INFO - Found 60 links on page 147
2025-06-28 06:38:22,799 - INFO - Scraping page 149...
2025-06-28 06:38:23,310 - INFO - Found 60 links on page 146
2025-06-28 06:38:23,310 - INFO - Scraping page 150...
2025-06-28 06:38:25,416 - INFO - Found 60 links on page 148
2025-06-28 06:38:25,416 - INFO - Scraping page 151...
2025-06-28 06:38:26,876 - INFO - Found 60 links on page 149
2025-06-28 06:38:26,876 - INFO - Scraping page 152...
2025-06-28 06:38:27,342 - INFO - Found 60 links on page 150
2025-06-28 06:38:27,342 - INFO - Scraping page 153...
2025-06-28 06:38:30,065 - INFO - Found 60 links on page 151
2025-06-28 06:38:30,065 - INFO - Scraping page 154...
2025-06-28 06:38:30,789 - INFO - Found 60 links on page 152
2025-06-28 06:38:30,789 - INFO - Scraping page 155...
2025-06-28 06:38:31,456 - INFO - Found 60 links on page 153
2025-06-28 06:38:31,456 - INFO - Scraping page 156...
2025-06-28 06:38:34,361 - INFO - Found 60 links on page 154
2025-06-28 06:38:34,361 - INFO - Scraping page 157...
2025-06-28 06:38:35,271 - INFO - Found 60 links on page 155
2025-06-28 06:38:35,271 - INFO - Scraping page 158...
2025-06-28 06:38:35,462 - INFO - Found 60 links on page 156
2025-06-28 06:38:35,463 - INFO - Scraping page 159...
2025-06-28 06:38:38,886 - INFO - Found 60 links on page 157
2025-06-28 06:38:38,887 - INFO - Scraping page 160...
2025-06-28 06:38:39,306 - INFO - Found 60 links on page 158
2025-06-28 06:38:39,306 - INFO - Scraping page 161...
2025-06-28 06:38:39,704 - INFO - Found 60 links on page 159
2025-06-28 06:38:39,704 - INFO - Scraping page 162...
2025-06-28 06:38:42,726 - INFO - Found 60 links on page 160
2025-06-28 06:38:42,726 - INFO - Scraping page 163...
2025-06-28 06:38:43,904 - INFO - Found 60 links on page 161
2025-06-28 06:38:43,909 - INFO - Scraping page 164...
2025-06-28 06:38:44,069 - INFO - Found 60 links on page 162
2025-06-28 06:38:44,070 - INFO - Scraping page 165...
2025-06-28 06:38:47,260 - INFO - Found 60 links on page 163
2025-06-28 06:38:47,261 - INFO - Scraping page 166...
2025-06-28 06:38:47,875 - INFO - Found 60 links on page 164
2025-06-28 06:38:47,875 - INFO - Scraping page 167...
2025-06-28 06:38:48,330 - INFO - Found 60 links on page 165
2025-06-28 06:38:48,330 - INFO - Scraping page 168...
2025-06-28 06:38:50,963 - INFO - Found 60 links on page 166
2025-06-28 06:38:50,963 - INFO - Scraping page 169...
2025-06-28 06:38:52,236 - INFO - Found 60 links on page 168
2025-06-28 06:38:52,237 - INFO - Scraping page 170...
2025-06-28 06:38:52,570 - INFO - Found 60 links on page 167
2025-06-28 06:38:52,571 - INFO - Scraping page 171...
2025-06-28 06:38:55,408 - INFO - Found 60 links on page 169
2025-06-28 06:38:55,408 - INFO - Scraping page 172...
2025-06-28 06:38:56,002 - INFO - Found 60 links on page 170
2025-06-28 06:38:56,002 - INFO - Scraping page 173...
2025-06-28 06:38:56,450 - INFO - Found 60 links on page 171
2025-06-28 06:38:56,450 - INFO - Scraping page 174...
2025-06-28 06:38:59,637 - INFO - Found 60 links on page 172
2025-06-28 06:38:59,642 - INFO - Scraping page 175...
2025-06-28 06:38:59,897 - INFO - Found 60 links on page 173
2025-06-28 06:38:59,897 - INFO - Scraping page 176...
2025-06-28 06:39:00,222 - INFO - Found 60 links on page 174
2025-06-28 06:39:00,222 - INFO - Scraping page 177...
2025-06-28 06:39:03,560 - INFO - Found 60 links on page 175
2025-06-28 06:39:03,560 - INFO - Scraping page 178...
2025-06-28 06:39:04,035 - INFO - Found 60 links on page 176
2025-06-28 06:39:04,035 - INFO - Scraping page 179...
2025-06-28 06:39:04,561 - INFO - Found 60 links on page 177
2025-06-28 06:39:04,562 - INFO - Scraping page 180...
2025-06-28 06:39:07,404 - INFO - Found 60 links on page 178
2025-06-28 06:39:07,404 - INFO - Scraping page 181...
2025-06-28 06:39:08,154 - INFO - Found 60 links on page 179
2025-06-28 06:39:08,154 - INFO - Scraping page 182...
2025-06-28 06:39:08,602 - INFO - Found 60 links on page 180
2025-06-28 06:39:08,602 - INFO - Scraping page 183...
2025-06-28 06:39:11,392 - INFO - Found 60 links on page 181
2025-06-28 06:39:11,393 - INFO - Scraping page 184...
2025-06-28 06:39:12,060 - INFO - Found 60 links on page 182
2025-06-28 06:39:12,060 - INFO - Scraping page 185...
2025-06-28 06:39:12,753 - INFO - Found 60 links on page 183
2025-06-28 06:39:12,754 - INFO - Scraping page 186...
2025-06-28 06:39:15,490 - INFO - Found 60 links on page 184
2025-06-28 06:39:15,490 - INFO - Scraping page 187...
2025-06-28 06:39:15,895 - INFO - Found 60 links on page 185
2025-06-28 06:39:15,895 - INFO - Scraping page 188...
2025-06-28 06:39:17,252 - INFO - Found 60 links on page 186
2025-06-28 06:39:17,252 - INFO - Scraping page 189...
2025-06-28 06:39:19,691 - INFO - Found 60 links on page 188
2025-06-28 06:39:19,691 - INFO - Scraping page 190...
2025-06-28 06:39:19,972 - INFO - Found 60 links on page 187
2025-06-28 06:39:19,972 - INFO - Scraping page 191...
2025-06-28 06:39:21,917 - INFO - Found 60 links on page 189
2025-06-28 06:39:21,917 - INFO - Scraping page 192...
2025-06-28 06:39:24,125 - INFO - Found 60 links on page 190
2025-06-28 06:39:24,140 - INFO - Scraping page 193...
2025-06-28 06:39:24,192 - INFO - Found 60 links on page 191
2025-06-28 06:39:24,193 - INFO - Scraping page 194...
2025-06-28 06:39:26,100 - INFO - Found 60 links on page 192
2025-06-28 06:39:26,100 - INFO - Scraping page 195...
2025-06-28 06:39:28,389 - INFO - Found 60 links on page 193
2025-06-28 06:39:28,390 - INFO - Scraping page 196...
2025-06-28 06:39:28,865 - INFO - Found 60 links on page 194
2025-06-28 06:39:28,866 - INFO - Scraping page 197...
2025-06-28 06:39:29,839 - INFO - Found 60 links on page 195
2025-06-28 06:39:29,839 - INFO - Scraping page 198...
2025-06-28 06:39:32,635 - INFO - Found 60 links on page 196
2025-06-28 06:39:32,646 - INFO - Scraping page 199...
2025-06-28 06:39:32,771 - INFO - Found 60 links on page 197
2025-06-28 06:39:32,771 - INFO - Scraping page 200...
2025-06-28 06:39:33,879 - INFO - Found 60 links on page 198
2025-06-28 06:39:36,385 - INFO - Found 60 links on page 199
2025-06-28 06:39:36,591 - INFO - Found 60 links on page 200
2025-06-28 06:39:36,599 - INFO - Found 203 new links to scrape out of 12000 total links
2025-06-28 06:39:36,599 - INFO - Processing batch 1/5 (50 links)
2025-06-28 06:39:42,868 - INFO - Progress: 10/50 ads processed
2025-06-28 06:39:47,809 - INFO - Progress: 20/50 ads processed
2025-06-28 06:39:52,484 - INFO - Progress: 30/50 ads processed
2025-06-28 06:39:57,377 - INFO - Progress: 40/50 ads processed
2025-06-28 06:40:02,259 - INFO - Progress: 50/50 ads processed
2025-06-28 06:40:02,350 - INFO - Created backup of existing data file at unegui_data/unegui_sales_data.csv.bak
2025-06-28 06:40:02,754 - INFO - Data saved to unegui_data/unegui_sales_data.csv: 28608 records
2025-06-28 06:40:03,708 - INFO - Cache saved with 29108 URLs
2025-06-28 06:40:03,709 - INFO - Saved batch data. Total records: 28608
2025-06-28 06:40:03,709 - INFO - Processing batch 2/5 (50 links)
2025-06-28 06:40:09,072 - INFO - Progress: 10/50 ads processed
2025-06-28 06:40:14,779 - INFO - Progress: 20/50 ads processed
2025-06-28 06:40:19,619 - INFO - Progress: 30/50 ads processed
2025-06-28 06:40:24,693 - INFO - Progress: 40/50 ads processed
2025-06-28 06:40:29,772 - INFO - Progress: 50/50 ads processed
2025-06-28 06:40:29,860 - INFO - Created backup of existing data file at unegui_data/unegui_sales_data.csv.bak
2025-06-28 06:40:30,267 - INFO - Data saved to unegui_data/unegui_sales_data.csv: 28657 records
2025-06-28 06:40:31,215 - INFO - Cache saved with 29158 URLs
2025-06-28 06:40:31,216 - INFO - Saved batch data. Total records: 28657
2025-06-28 06:40:31,216 - INFO - Processing batch 3/5 (50 links)
2025-06-28 06:40:36,434 - INFO - Progress: 10/50 ads processed
2025-06-28 06:40:42,197 - INFO - Progress: 20/50 ads processed
2025-06-28 06:40:46,917 - INFO - Progress: 30/50 ads processed
2025-06-28 06:40:51,747 - INFO - Progress: 40/50 ads processed
2025-06-28 06:40:57,087 - INFO - Progress: 50/50 ads processed
2025-06-28 06:40:57,177 - INFO - Created backup of existing data file at unegui_data/unegui_sales_data.csv.bak
2025-06-28 06:40:57,585 - INFO - Data saved to unegui_data/unegui_sales_data.csv: 28706 records
2025-06-28 06:40:58,548 - INFO - Cache saved with 29208 URLs
2025-06-28 06:40:58,548 - INFO - Saved batch data. Total records: 28706
2025-06-28 06:40:58,549 - INFO - Processing batch 4/5 (50 links)
2025-06-28 06:41:03,884 - INFO - Progress: 10/50 ads processed
2025-06-28 06:41:08,867 - INFO - Progress: 20/50 ads processed
2025-06-28 06:41:14,167 - INFO - Progress: 30/50 ads processed
2025-06-28 06:41:18,905 - INFO - Progress: 40/50 ads processed
2025-06-28 06:41:23,988 - INFO - Progress: 50/50 ads processed
2025-06-28 06:41:24,077 - INFO - Created backup of existing data file at unegui_data/unegui_sales_data.csv.bak
2025-06-28 06:41:24,486 - INFO - Data saved to unegui_data/unegui_sales_data.csv: 28755 records
2025-06-28 06:41:25,438 - INFO - Cache saved with 29258 URLs
2025-06-28 06:41:25,438 - INFO - Saved batch data. Total records: 28755
2025-06-28 06:41:25,438 - INFO - Processing batch 5/5 (3 links)
2025-06-28 06:41:28,118 - INFO - Progress: 3/3 ads processed
2025-06-28 06:41:28,204 - INFO - Created backup of existing data file at unegui_data/unegui_sales_data.csv.bak
2025-06-28 06:41:28,614 - INFO - Data saved to unegui_data/unegui_sales_data.csv: 28758 records
2025-06-28 06:41:29,568 - INFO - Cache saved with 29261 URLs
2025-06-28 06:41:29,568 - INFO - Saved batch data. Total records: 28758
2025-06-28 06:41:29,568 - INFO - Scraping completed in 0:06:25.120941. Total ads collected: 28758
