2025-06-25 06:38:44,749 - INFO - Starting sales apartment scraper at 2025-06-25 06:38:44.749333
2025-06-25 06:38:45,174 - INFO - Loaded existing data from unegui_data/unegui_sales_data.csv: 27560 records
2025-06-25 06:38:45,490 - INFO - Loaded 27560 existing records
2025-06-25 06:38:45,506 - INFO - Scraping page 1...
2025-06-25 06:38:45,507 - INFO - Scraping page 2...
2025-06-25 06:38:45,507 - INFO - Scraping page 3...
2025-06-25 06:38:49,651 - INFO - Found 60 links on page 1
2025-06-25 06:38:49,662 - INFO - Scraping page 4...
2025-06-25 06:38:49,798 - INFO - Found 60 links on page 3
2025-06-25 06:38:49,798 - INFO - Scraping page 5...
2025-06-25 06:38:50,447 - INFO - Found 60 links on page 2
2025-06-25 06:38:50,447 - INFO - Scraping page 6...
2025-06-25 06:38:53,755 - INFO - Found 60 links on page 4
2025-06-25 06:38:53,760 - INFO - Scraping page 7...
2025-06-25 06:38:53,841 - INFO - Found 60 links on page 5
2025-06-25 06:38:53,841 - INFO - Scraping page 8...
2025-06-25 06:38:54,458 - INFO - Found 60 links on page 6
2025-06-25 06:38:54,458 - INFO - Scraping page 9...
2025-06-25 06:38:57,373 - INFO - Found 60 links on page 7
2025-06-25 06:38:57,373 - INFO - Scraping page 10...
2025-06-25 06:38:57,800 - INFO - Found 60 links on page 8
2025-06-25 06:38:57,800 - INFO - Scraping page 11...
2025-06-25 06:38:58,356 - INFO - Found 60 links on page 9
2025-06-25 06:38:58,356 - INFO - Scraping page 12...
2025-06-25 06:39:01,410 - INFO - Found 60 links on page 10
2025-06-25 06:39:01,411 - INFO - Scraping page 13...
2025-06-25 06:39:01,830 - INFO - Found 60 links on page 11
2025-06-25 06:39:01,830 - INFO - Scraping page 14...
2025-06-25 06:39:02,459 - INFO - Found 60 links on page 12
2025-06-25 06:39:02,459 - INFO - Scraping page 15...
2025-06-25 06:39:05,267 - INFO - Found 60 links on page 13
2025-06-25 06:39:05,267 - INFO - Scraping page 16...
2025-06-25 06:39:06,103 - INFO - Found 60 links on page 14
2025-06-25 06:39:06,103 - INFO - Scraping page 17...
2025-06-25 06:39:06,310 - INFO - Found 60 links on page 15
2025-06-25 06:39:06,311 - INFO - Scraping page 18...
2025-06-25 06:39:09,501 - INFO - Found 60 links on page 16
2025-06-25 06:39:09,501 - INFO - Scraping page 19...
2025-06-25 06:39:09,847 - INFO - Found 60 links on page 17
2025-06-25 06:39:09,847 - INFO - Scraping page 20...
2025-06-25 06:39:10,214 - INFO - Found 60 links on page 18
2025-06-25 06:39:10,214 - INFO - Scraping page 21...
2025-06-25 06:39:13,406 - INFO - Found 60 links on page 19
2025-06-25 06:39:13,407 - INFO - Scraping page 22...
2025-06-25 06:39:13,695 - INFO - Found 60 links on page 20
2025-06-25 06:39:13,695 - INFO - Scraping page 23...
2025-06-25 06:39:14,293 - INFO - Found 60 links on page 21
2025-06-25 06:39:14,294 - INFO - Scraping page 24...
2025-06-25 06:39:17,348 - INFO - Found 60 links on page 22
2025-06-25 06:39:17,348 - INFO - Scraping page 25...
2025-06-25 06:39:17,910 - INFO - Found 60 links on page 23
2025-06-25 06:39:17,911 - INFO - Scraping page 26...
2025-06-25 06:39:18,368 - INFO - Found 60 links on page 24
2025-06-25 06:39:18,369 - INFO - Scraping page 27...
2025-06-25 06:39:21,051 - INFO - Found 60 links on page 25
2025-06-25 06:39:21,052 - INFO - Scraping page 28...
2025-06-25 06:39:21,897 - INFO - Found 60 links on page 26
2025-06-25 06:39:21,897 - INFO - Scraping page 29...
2025-06-25 06:39:22,723 - INFO - Found 60 links on page 27
2025-06-25 06:39:22,723 - INFO - Scraping page 30...
2025-06-25 06:39:24,793 - INFO - Found 60 links on page 28
2025-06-25 06:39:24,793 - INFO - Scraping page 31...
2025-06-25 06:39:25,936 - INFO - Found 60 links on page 29
2025-06-25 06:39:25,936 - INFO - Scraping page 32...
2025-06-25 06:39:26,680 - INFO - Found 60 links on page 30
2025-06-25 06:39:26,680 - INFO - Scraping page 33...
2025-06-25 06:39:28,804 - INFO - Found 60 links on page 31
2025-06-25 06:39:28,804 - INFO - Scraping page 34...
2025-06-25 06:39:29,644 - INFO - Found 60 links on page 32
2025-06-25 06:39:29,644 - INFO - Scraping page 35...
2025-06-25 06:39:30,930 - INFO - Found 60 links on page 33
2025-06-25 06:39:30,930 - INFO - Scraping page 36...
2025-06-25 06:39:32,788 - INFO - Found 60 links on page 34
2025-06-25 06:39:32,788 - INFO - Scraping page 37...
2025-06-25 06:39:33,533 - INFO - Found 60 links on page 35
2025-06-25 06:39:33,534 - INFO - Scraping page 38...
2025-06-25 06:39:34,896 - INFO - Found 60 links on page 36
2025-06-25 06:39:34,896 - INFO - Scraping page 39...
2025-06-25 06:39:37,142 - INFO - Found 60 links on page 37
2025-06-25 06:39:37,142 - INFO - Scraping page 40...
2025-06-25 06:39:37,638 - INFO - Found 60 links on page 38
2025-06-25 06:39:37,638 - INFO - Scraping page 41...
2025-06-25 06:39:39,052 - INFO - Found 60 links on page 39
2025-06-25 06:39:39,052 - INFO - Scraping page 42...
2025-06-25 06:39:41,158 - INFO - Found 60 links on page 40
2025-06-25 06:39:41,158 - INFO - Scraping page 43...
2025-06-25 06:39:41,970 - INFO - Found 60 links on page 41
2025-06-25 06:39:41,971 - INFO - Scraping page 44...
2025-06-25 06:39:43,129 - INFO - Found 60 links on page 42
2025-06-25 06:39:43,129 - INFO - Scraping page 45...
2025-06-25 06:39:46,022 - INFO - Found 60 links on page 43
2025-06-25 06:39:46,028 - INFO - Scraping page 46...
2025-06-25 06:39:46,228 - INFO - Found 60 links on page 44
2025-06-25 06:39:46,228 - INFO - Scraping page 47...
2025-06-25 06:39:48,063 - INFO - Found 60 links on page 45
2025-06-25 06:39:48,063 - INFO - Scraping page 48...
2025-06-25 06:39:50,089 - INFO - Found 60 links on page 47
2025-06-25 06:39:50,089 - INFO - Scraping page 49...
2025-06-25 06:39:50,362 - INFO - Found 60 links on page 46
2025-06-25 06:39:50,362 - INFO - Scraping page 50...
2025-06-25 06:39:52,134 - INFO - Found 60 links on page 48
2025-06-25 06:39:52,135 - INFO - Scraping page 51...
2025-06-25 06:39:54,147 - INFO - Found 60 links on page 49
2025-06-25 06:39:54,147 - INFO - Scraping page 52...
2025-06-25 06:39:54,539 - INFO - Found 60 links on page 50
2025-06-25 06:39:54,539 - INFO - Scraping page 53...
2025-06-25 06:39:56,270 - INFO - Found 60 links on page 51
2025-06-25 06:39:56,271 - INFO - Scraping page 54...
2025-06-25 06:39:58,898 - INFO - Found 60 links on page 52
2025-06-25 06:39:58,909 - INFO - Scraping page 55...
2025-06-25 06:39:59,055 - INFO - Found 60 links on page 53
2025-06-25 06:39:59,056 - INFO - Scraping page 56...
2025-06-25 06:40:00,599 - INFO - Found 60 links on page 54
2025-06-25 06:40:00,599 - INFO - Scraping page 57...
2025-06-25 06:40:02,866 - INFO - Found 60 links on page 55
2025-06-25 06:40:02,866 - INFO - Scraping page 58...
2025-06-25 06:40:03,446 - INFO - Found 60 links on page 56
2025-06-25 06:40:03,447 - INFO - Scraping page 59...
2025-06-25 06:40:05,535 - INFO - Found 60 links on page 57
2025-06-25 06:40:05,535 - INFO - Scraping page 60...
2025-06-25 06:40:07,084 - INFO - Found 60 links on page 58
2025-06-25 06:40:07,084 - INFO - Scraping page 61...
2025-06-25 06:40:07,485 - INFO - Found 60 links on page 59
2025-06-25 06:40:07,485 - INFO - Scraping page 62...
2025-06-25 06:40:09,536 - INFO - Found 60 links on page 60
2025-06-25 06:40:09,536 - INFO - Scraping page 63...
2025-06-25 06:40:11,213 - INFO - Found 60 links on page 61
2025-06-25 06:40:11,213 - INFO - Scraping page 64...
2025-06-25 06:40:11,543 - INFO - Found 60 links on page 62
2025-06-25 06:40:11,543 - INFO - Scraping page 65...
2025-06-25 06:40:13,388 - INFO - Found 60 links on page 63
2025-06-25 06:40:13,388 - INFO - Scraping page 66...
2025-06-25 06:40:15,415 - INFO - Found 60 links on page 64
2025-06-25 06:40:15,420 - INFO - Scraping page 67...
2025-06-25 06:40:15,620 - INFO - Found 60 links on page 65
2025-06-25 06:40:15,620 - INFO - Scraping page 68...
2025-06-25 06:40:17,656 - INFO - Found 60 links on page 66
2025-06-25 06:40:17,656 - INFO - Scraping page 69...
2025-06-25 06:40:19,659 - INFO - Found 60 links on page 68
2025-06-25 06:40:19,659 - INFO - Scraping page 70...
2025-06-25 06:40:20,099 - INFO - Found 60 links on page 67
2025-06-25 06:40:20,099 - INFO - Scraping page 71...
2025-06-25 06:40:21,944 - INFO - Found 60 links on page 69
2025-06-25 06:40:21,944 - INFO - Scraping page 72...
2025-06-25 06:40:24,254 - INFO - Found 60 links on page 70
2025-06-25 06:40:24,254 - INFO - Scraping page 73...
2025-06-25 06:40:24,902 - INFO - Found 60 links on page 71
2025-06-25 06:40:24,903 - INFO - Scraping page 74...
2025-06-25 06:40:25,786 - INFO - Found 60 links on page 72
2025-06-25 06:40:25,786 - INFO - Scraping page 75...
2025-06-25 06:40:28,167 - INFO - Found 60 links on page 73
2025-06-25 06:40:28,167 - INFO - Scraping page 76...
2025-06-25 06:40:29,375 - INFO - Found 60 links on page 74
2025-06-25 06:40:29,375 - INFO - Scraping page 77...
2025-06-25 06:40:29,999 - INFO - Found 60 links on page 75
2025-06-25 06:40:29,999 - INFO - Scraping page 78...
2025-06-25 06:40:32,402 - INFO - Found 60 links on page 76
2025-06-25 06:40:32,402 - INFO - Scraping page 79...
2025-06-25 06:40:33,534 - INFO - Found 60 links on page 77
2025-06-25 06:40:33,534 - INFO - Scraping page 80...
2025-06-25 06:40:34,493 - INFO - Found 60 links on page 78
2025-06-25 06:40:34,493 - INFO - Scraping page 81...
2025-06-25 06:40:36,574 - INFO - Found 60 links on page 79
2025-06-25 06:40:36,574 - INFO - Scraping page 82...
2025-06-25 06:40:37,379 - INFO - Found 60 links on page 80
2025-06-25 06:40:37,379 - INFO - Scraping page 83...
2025-06-25 06:40:38,991 - INFO - Found 60 links on page 81
2025-06-25 06:40:38,991 - INFO - Scraping page 84...
2025-06-25 06:40:40,734 - INFO - Found 60 links on page 82
2025-06-25 06:40:40,734 - INFO - Scraping page 85...
2025-06-25 06:40:41,473 - INFO - Found 60 links on page 83
2025-06-25 06:40:41,473 - INFO - Scraping page 86...
2025-06-25 06:40:42,880 - INFO - Found 60 links on page 84
2025-06-25 06:40:42,881 - INFO - Scraping page 87...
2025-06-25 06:40:45,034 - INFO - Found 60 links on page 85
2025-06-25 06:40:45,034 - INFO - Scraping page 88...
2025-06-25 06:40:45,445 - INFO - Found 60 links on page 86
2025-06-25 06:40:45,445 - INFO - Scraping page 89...
2025-06-25 06:40:46,795 - INFO - Found 60 links on page 87
2025-06-25 06:40:46,795 - INFO - Scraping page 90...
2025-06-25 06:40:49,140 - INFO - Found 60 links on page 88
2025-06-25 06:40:49,140 - INFO - Scraping page 91...
2025-06-25 06:40:49,631 - INFO - Found 60 links on page 89
2025-06-25 06:40:49,631 - INFO - Scraping page 92...
2025-06-25 06:40:50,900 - INFO - Found 60 links on page 90
2025-06-25 06:40:50,901 - INFO - Scraping page 93...
2025-06-25 06:40:53,381 - INFO - Found 60 links on page 91
2025-06-25 06:40:53,382 - INFO - Scraping page 94...
2025-06-25 06:40:55,262 - INFO - Found 60 links on page 93
2025-06-25 06:40:55,273 - INFO - Scraping page 95...
2025-06-25 06:40:55,403 - INFO - Found 60 links on page 92
2025-06-25 06:40:55,403 - INFO - Scraping page 96...
2025-06-25 06:40:57,512 - INFO - Found 60 links on page 94
2025-06-25 06:40:57,512 - INFO - Scraping page 97...
2025-06-25 06:40:59,486 - INFO - Found 60 links on page 96
2025-06-25 06:40:59,486 - INFO - Scraping page 98...
2025-06-25 06:41:00,479 - INFO - Found 60 links on page 95
2025-06-25 06:41:00,479 - INFO - Scraping page 99...
2025-06-25 06:41:01,624 - INFO - Found 60 links on page 97
2025-06-25 06:41:01,624 - INFO - Scraping page 100...
2025-06-25 06:41:03,553 - INFO - Found 60 links on page 98
2025-06-25 06:41:03,554 - INFO - Scraping page 101...
2025-06-25 06:41:05,497 - INFO - Found 60 links on page 99
2025-06-25 06:41:05,497 - INFO - Scraping page 102...
2025-06-25 06:41:05,756 - INFO - Found 60 links on page 100
2025-06-25 06:41:05,756 - INFO - Scraping page 103...
2025-06-25 06:41:07,578 - INFO - Found 60 links on page 101
2025-06-25 06:41:07,579 - INFO - Scraping page 104...
2025-06-25 06:41:09,671 - INFO - Found 60 links on page 102
2025-06-25 06:41:09,671 - INFO - Scraping page 105...
2025-06-25 06:41:09,958 - INFO - Found 60 links on page 103
2025-06-25 06:41:09,958 - INFO - Scraping page 106...
2025-06-25 06:41:11,748 - INFO - Found 60 links on page 104
2025-06-25 06:41:11,748 - INFO - Scraping page 107...
2025-06-25 06:41:13,696 - INFO - Found 60 links on page 105
2025-06-25 06:41:13,696 - INFO - Scraping page 108...
2025-06-25 06:41:14,181 - INFO - Found 60 links on page 106
2025-06-25 06:41:14,182 - INFO - Scraping page 109...
2025-06-25 06:41:15,990 - INFO - Found 60 links on page 107
2025-06-25 06:41:15,990 - INFO - Scraping page 110...
2025-06-25 06:41:17,935 - INFO - Found 60 links on page 108
2025-06-25 06:41:17,937 - INFO - Scraping page 111...
2025-06-25 06:41:18,403 - INFO - Found 60 links on page 109
2025-06-25 06:41:18,404 - INFO - Scraping page 112...
2025-06-25 06:41:20,768 - INFO - Found 60 links on page 110
2025-06-25 06:41:20,768 - INFO - Scraping page 113...
2025-06-25 06:41:22,035 - INFO - Found 60 links on page 111
2025-06-25 06:41:22,036 - INFO - Scraping page 114...
2025-06-25 06:41:22,705 - INFO - Found 60 links on page 112
2025-06-25 06:41:22,705 - INFO - Scraping page 115...
2025-06-25 06:41:25,092 - INFO - Found 60 links on page 113
2025-06-25 06:41:25,092 - INFO - Scraping page 116...
2025-06-25 06:41:26,496 - INFO - Found 60 links on page 114
2025-06-25 06:41:26,496 - INFO - Scraping page 117...
2025-06-25 06:41:26,766 - INFO - Found 60 links on page 115
2025-06-25 06:41:26,766 - INFO - Scraping page 118...
2025-06-25 06:41:29,853 - INFO - Found 60 links on page 116
2025-06-25 06:41:29,853 - INFO - Scraping page 119...
2025-06-25 06:41:31,311 - INFO - Found 60 links on page 117
2025-06-25 06:41:31,312 - INFO - Scraping page 120...
2025-06-25 06:41:31,593 - INFO - Found 60 links on page 118
2025-06-25 06:41:31,593 - INFO - Scraping page 121...
2025-06-25 06:41:33,899 - INFO - Found 60 links on page 119
2025-06-25 06:41:33,899 - INFO - Scraping page 122...
2025-06-25 06:41:35,684 - INFO - Found 60 links on page 120
2025-06-25 06:41:35,685 - INFO - Scraping page 123...
2025-06-25 06:41:35,903 - INFO - Found 60 links on page 121
2025-06-25 06:41:35,903 - INFO - Scraping page 124...
2025-06-25 06:41:38,209 - INFO - Found 60 links on page 122
2025-06-25 06:41:38,209 - INFO - Scraping page 125...
2025-06-25 06:41:40,262 - INFO - Found 60 links on page 123
2025-06-25 06:41:40,267 - INFO - Scraping page 126...
2025-06-25 06:41:40,384 - INFO - Found 60 links on page 124
2025-06-25 06:41:40,385 - INFO - Scraping page 127...
2025-06-25 06:41:42,476 - INFO - Found 60 links on page 125
2025-06-25 06:41:42,477 - INFO - Scraping page 128...
2025-06-25 06:41:44,476 - INFO - Found 60 links on page 127
2025-06-25 06:41:44,476 - INFO - Scraping page 129...
2025-06-25 06:41:44,919 - INFO - Found 60 links on page 126
2025-06-25 06:41:44,919 - INFO - Scraping page 130...
2025-06-25 06:41:46,720 - INFO - Found 60 links on page 128
2025-06-25 06:41:46,721 - INFO - Scraping page 131...
2025-06-25 06:41:48,424 - INFO - Found 60 links on page 129
2025-06-25 06:41:48,425 - INFO - Scraping page 132...
2025-06-25 06:41:49,394 - INFO - Found 60 links on page 130
2025-06-25 06:41:49,394 - INFO - Scraping page 133...
2025-06-25 06:41:50,812 - INFO - Found 60 links on page 131
2025-06-25 06:41:50,812 - INFO - Scraping page 134...
2025-06-25 06:41:53,221 - INFO - Found 60 links on page 132
2025-06-25 06:41:53,221 - INFO - Scraping page 135...
2025-06-25 06:41:53,566 - INFO - Found 60 links on page 133
2025-06-25 06:41:53,567 - INFO - Scraping page 136...
2025-06-25 06:41:54,848 - INFO - Found 60 links on page 134
2025-06-25 06:41:54,848 - INFO - Scraping page 137...
2025-06-25 06:41:57,587 - INFO - Found 60 links on page 136
2025-06-25 06:41:57,593 - INFO - Scraping page 138...
2025-06-25 06:41:57,699 - INFO - Found 60 links on page 135
2025-06-25 06:41:57,700 - INFO - Scraping page 139...
2025-06-25 06:41:59,171 - INFO - Found 60 links on page 137
2025-06-25 06:41:59,171 - INFO - Scraping page 140...
2025-06-25 06:42:02,464 - INFO - Found 60 links on page 138
2025-06-25 06:42:02,469 - INFO - Scraping page 141...
2025-06-25 06:42:02,593 - INFO - Found 60 links on page 139
2025-06-25 06:42:02,593 - INFO - Scraping page 142...
2025-06-25 06:42:03,561 - INFO - Found 60 links on page 140
2025-06-25 06:42:03,561 - INFO - Scraping page 143...
2025-06-25 06:42:06,492 - INFO - Found 60 links on page 141
2025-06-25 06:42:06,493 - INFO - Scraping page 144...
2025-06-25 06:42:06,878 - INFO - Found 60 links on page 142
2025-06-25 06:42:06,879 - INFO - Scraping page 145...
2025-06-25 06:42:08,161 - INFO - Found 60 links on page 143
2025-06-25 06:42:08,161 - INFO - Scraping page 146...
2025-06-25 06:42:10,642 - INFO - Found 60 links on page 144
2025-06-25 06:42:10,643 - INFO - Scraping page 147...
2025-06-25 06:42:10,974 - INFO - Found 60 links on page 145
2025-06-25 06:42:10,974 - INFO - Scraping page 148...
2025-06-25 06:42:12,182 - INFO - Found 60 links on page 146
2025-06-25 06:42:12,182 - INFO - Scraping page 149...
2025-06-25 06:42:14,774 - INFO - Found 60 links on page 147
2025-06-25 06:42:14,774 - INFO - Scraping page 150...
2025-06-25 06:42:15,109 - INFO - Found 60 links on page 148
2025-06-25 06:42:15,109 - INFO - Scraping page 151...
2025-06-25 06:42:16,480 - INFO - Found 60 links on page 149
2025-06-25 06:42:16,481 - INFO - Scraping page 152...
2025-06-25 06:42:18,773 - INFO - Found 60 links on page 150
2025-06-25 06:42:18,773 - INFO - Scraping page 153...
2025-06-25 06:42:19,277 - INFO - Found 60 links on page 151
2025-06-25 06:42:19,277 - INFO - Scraping page 154...
2025-06-25 06:42:20,663 - INFO - Found 60 links on page 152
2025-06-25 06:42:20,663 - INFO - Scraping page 155...
2025-06-25 06:42:23,340 - INFO - Found 60 links on page 153
2025-06-25 06:42:23,341 - INFO - Scraping page 156...
2025-06-25 06:42:23,853 - INFO - Found 60 links on page 154
2025-06-25 06:42:23,853 - INFO - Scraping page 157...
2025-06-25 06:42:25,393 - INFO - Found 60 links on page 155
2025-06-25 06:42:25,394 - INFO - Scraping page 158...
2025-06-25 06:42:27,332 - INFO - Found 60 links on page 156
2025-06-25 06:42:27,332 - INFO - Scraping page 159...
2025-06-25 06:42:28,252 - INFO - Found 60 links on page 157
2025-06-25 06:42:28,253 - INFO - Scraping page 160...
2025-06-25 06:42:29,510 - INFO - Found 60 links on page 158
2025-06-25 06:42:29,510 - INFO - Scraping page 161...
2025-06-25 06:42:31,498 - INFO - Found 60 links on page 159
2025-06-25 06:42:31,498 - INFO - Scraping page 162...
2025-06-25 06:42:32,913 - INFO - Found 60 links on page 160
2025-06-25 06:42:32,914 - INFO - Scraping page 163...
2025-06-25 06:42:33,332 - INFO - Found 60 links on page 161
2025-06-25 06:42:33,333 - INFO - Scraping page 164...
2025-06-25 06:42:35,534 - INFO - Found 60 links on page 162
2025-06-25 06:42:35,534 - INFO - Scraping page 165...
2025-06-25 06:42:37,562 - INFO - Found 60 links on page 164
2025-06-25 06:42:37,562 - INFO - Scraping page 166...
2025-06-25 06:42:37,881 - INFO - Found 60 links on page 163
2025-06-25 06:42:37,881 - INFO - Scraping page 167...
2025-06-25 06:42:39,757 - INFO - Found 60 links on page 165
2025-06-25 06:42:39,757 - INFO - Scraping page 168...
2025-06-25 06:42:41,350 - INFO - Found 60 links on page 166
2025-06-25 06:42:41,351 - INFO - Scraping page 169...
2025-06-25 06:42:42,037 - INFO - Found 60 links on page 167
2025-06-25 06:42:42,038 - INFO - Scraping page 170...
2025-06-25 06:42:43,803 - INFO - Found 60 links on page 168
2025-06-25 06:42:43,803 - INFO - Scraping page 171...
2025-06-25 06:42:45,509 - INFO - Found 60 links on page 169
2025-06-25 06:42:45,509 - INFO - Scraping page 172...
2025-06-25 06:42:46,101 - INFO - Found 60 links on page 170
2025-06-25 06:42:46,101 - INFO - Scraping page 173...
2025-06-25 06:42:47,691 - INFO - Found 60 links on page 171
2025-06-25 06:42:47,691 - INFO - Scraping page 174...
2025-06-25 06:42:49,751 - INFO - Found 60 links on page 172
2025-06-25 06:42:49,751 - INFO - Scraping page 175...
2025-06-25 06:42:50,236 - INFO - Found 60 links on page 173
2025-06-25 06:42:50,236 - INFO - Scraping page 176...
2025-06-25 06:42:51,679 - INFO - Found 60 links on page 174
2025-06-25 06:42:51,679 - INFO - Scraping page 177...
2025-06-25 06:42:54,203 - INFO - Found 60 links on page 175
2025-06-25 06:42:54,214 - INFO - Scraping page 178...
2025-06-25 06:42:54,301 - INFO - Found 60 links on page 176
2025-06-25 06:42:54,301 - INFO - Scraping page 179...
2025-06-25 06:42:55,884 - INFO - Found 60 links on page 177
2025-06-25 06:42:55,884 - INFO - Scraping page 180...
2025-06-25 06:42:58,509 - INFO - Found 60 links on page 179
2025-06-25 06:42:58,509 - INFO - Scraping page 181...
2025-06-25 06:42:58,703 - INFO - Found 60 links on page 178
2025-06-25 06:42:58,703 - INFO - Scraping page 182...
2025-06-25 06:42:59,822 - INFO - Found 60 links on page 180
2025-06-25 06:42:59,822 - INFO - Scraping page 183...
2025-06-25 06:43:02,397 - INFO - Found 60 links on page 182
2025-06-25 06:43:02,397 - INFO - Scraping page 184...
2025-06-25 06:43:02,721 - INFO - Found 60 links on page 181
2025-06-25 06:43:02,721 - INFO - Scraping page 185...
2025-06-25 06:43:03,692 - INFO - Found 60 links on page 183
2025-06-25 06:43:03,692 - INFO - Scraping page 186...
2025-06-25 06:43:06,543 - INFO - Found 60 links on page 184
2025-06-25 06:43:06,543 - INFO - Scraping page 187...
2025-06-25 06:43:07,339 - INFO - Found 60 links on page 185
2025-06-25 06:43:07,339 - INFO - Scraping page 188...
2025-06-25 06:43:07,877 - INFO - Found 60 links on page 186
2025-06-25 06:43:07,877 - INFO - Scraping page 189...
2025-06-25 06:43:10,441 - INFO - Found 60 links on page 187
2025-06-25 06:43:10,441 - INFO - Scraping page 190...
2025-06-25 06:43:11,581 - INFO - Found 60 links on page 188
2025-06-25 06:43:11,581 - INFO - Scraping page 191...
2025-06-25 06:43:11,839 - INFO - Found 60 links on page 189
2025-06-25 06:43:11,839 - INFO - Scraping page 192...
2025-06-25 06:43:14,605 - INFO - Found 60 links on page 190
2025-06-25 06:43:14,605 - INFO - Scraping page 193...
2025-06-25 06:43:15,418 - INFO - Found 60 links on page 191
2025-06-25 06:43:15,419 - INFO - Scraping page 194...
2025-06-25 06:43:16,192 - INFO - Found 60 links on page 192
2025-06-25 06:43:16,192 - INFO - Scraping page 195...
2025-06-25 06:43:18,764 - INFO - Found 60 links on page 193
2025-06-25 06:43:18,764 - INFO - Scraping page 196...
2025-06-25 06:43:19,337 - INFO - Found 60 links on page 194
2025-06-25 06:43:19,337 - INFO - Scraping page 197...
2025-06-25 06:43:20,648 - INFO - Found 60 links on page 195
2025-06-25 06:43:20,648 - INFO - Scraping page 198...
2025-06-25 06:43:22,828 - INFO - Found 60 links on page 196
2025-06-25 06:43:22,828 - INFO - Scraping page 199...
2025-06-25 06:43:23,072 - INFO - Found 60 links on page 197
2025-06-25 06:43:23,072 - INFO - Scraping page 200...
2025-06-25 06:43:24,480 - INFO - Found 60 links on page 198
2025-06-25 06:43:26,892 - INFO - Found 60 links on page 199
2025-06-25 06:43:27,240 - INFO - Found 60 links on page 200
2025-06-25 06:43:27,249 - INFO - Found 386 new links to scrape out of 12000 total links
2025-06-25 06:43:27,249 - INFO - Processing batch 1/8 (50 links)
2025-06-25 06:43:33,151 - INFO - Progress: 10/50 ads processed
2025-06-25 06:43:38,362 - INFO - Progress: 20/50 ads processed
2025-06-25 06:43:43,903 - INFO - Progress: 30/50 ads processed
2025-06-25 06:43:48,824 - INFO - Progress: 40/50 ads processed
2025-06-25 06:43:54,505 - INFO - Progress: 50/50 ads processed
2025-06-25 06:43:54,597 - INFO - Created backup of existing data file at unegui_data/unegui_sales_data.csv.bak
2025-06-25 06:43:55,000 - INFO - Data saved to unegui_data/unegui_sales_data.csv: 27608 records
2025-06-25 06:43:55,939 - INFO - Cache saved with 28087 URLs
2025-06-25 06:43:55,939 - INFO - Saved batch data. Total records: 27608
2025-06-25 06:43:55,939 - INFO - Processing batch 2/8 (50 links)
2025-06-25 06:44:01,278 - INFO - Progress: 10/50 ads processed
2025-06-25 06:44:06,790 - INFO - Progress: 20/50 ads processed
2025-06-25 06:44:12,101 - INFO - Progress: 30/50 ads processed
2025-06-25 06:44:17,434 - INFO - Progress: 40/50 ads processed
2025-06-25 06:44:22,941 - INFO - Progress: 50/50 ads processed
2025-06-25 06:44:23,029 - INFO - Created backup of existing data file at unegui_data/unegui_sales_data.csv.bak
2025-06-25 06:44:23,428 - INFO - Data saved to unegui_data/unegui_sales_data.csv: 27658 records
2025-06-25 06:44:24,356 - INFO - Cache saved with 28137 URLs
2025-06-25 06:44:24,357 - INFO - Saved batch data. Total records: 27658
2025-06-25 06:44:24,357 - INFO - Processing batch 3/8 (50 links)
2025-06-25 06:44:30,202 - INFO - Progress: 10/50 ads processed
2025-06-25 06:44:35,150 - INFO - Progress: 20/50 ads processed
2025-06-25 06:44:40,211 - INFO - Progress: 30/50 ads processed
2025-06-25 06:44:45,757 - INFO - Progress: 40/50 ads processed
2025-06-25 06:44:50,723 - INFO - Progress: 50/50 ads processed
2025-06-25 06:44:50,811 - INFO - Created backup of existing data file at unegui_data/unegui_sales_data.csv.bak
2025-06-25 06:44:51,202 - INFO - Data saved to unegui_data/unegui_sales_data.csv: 27707 records
2025-06-25 06:44:52,138 - INFO - Cache saved with 28187 URLs
2025-06-25 06:44:52,138 - INFO - Saved batch data. Total records: 27707
2025-06-25 06:44:52,138 - INFO - Processing batch 4/8 (50 links)
2025-06-25 06:44:58,070 - INFO - Progress: 10/50 ads processed
2025-06-25 06:45:02,791 - INFO - Progress: 20/50 ads processed
2025-06-25 06:45:08,042 - INFO - Progress: 30/50 ads processed
2025-06-25 06:45:13,626 - INFO - Progress: 40/50 ads processed
2025-06-25 06:45:19,535 - INFO - Progress: 50/50 ads processed
2025-06-25 06:45:19,626 - INFO - Created backup of existing data file at unegui_data/unegui_sales_data.csv.bak
2025-06-25 06:45:20,043 - INFO - Data saved to unegui_data/unegui_sales_data.csv: 27756 records
2025-06-25 06:45:21,002 - INFO - Cache saved with 28237 URLs
2025-06-25 06:45:21,002 - INFO - Saved batch data. Total records: 27756
2025-06-25 06:45:21,002 - INFO - Processing batch 5/8 (50 links)
2025-06-25 06:45:26,262 - INFO - Progress: 10/50 ads processed
2025-06-25 06:45:31,277 - INFO - Progress: 20/50 ads processed
2025-06-25 06:45:37,065 - INFO - Progress: 30/50 ads processed
2025-06-25 06:45:42,227 - INFO - Progress: 40/50 ads processed
2025-06-25 06:45:47,390 - INFO - Progress: 50/50 ads processed
2025-06-25 06:45:47,481 - INFO - Created backup of existing data file at unegui_data/unegui_sales_data.csv.bak
2025-06-25 06:45:47,892 - INFO - Data saved to unegui_data/unegui_sales_data.csv: 27805 records
2025-06-25 06:45:48,852 - INFO - Cache saved with 28287 URLs
2025-06-25 06:45:48,852 - INFO - Saved batch data. Total records: 27805
2025-06-25 06:45:48,852 - INFO - Processing batch 6/8 (50 links)
2025-06-25 06:45:54,369 - INFO - Progress: 10/50 ads processed
2025-06-25 06:45:59,399 - INFO - Progress: 20/50 ads processed
2025-06-25 06:46:04,358 - INFO - Progress: 30/50 ads processed
2025-06-25 06:46:09,732 - INFO - Progress: 40/50 ads processed
2025-06-25 06:46:14,921 - INFO - Progress: 50/50 ads processed
2025-06-25 06:46:15,006 - INFO - Created backup of existing data file at unegui_data/unegui_sales_data.csv.bak
2025-06-25 06:46:15,399 - INFO - Data saved to unegui_data/unegui_sales_data.csv: 27854 records
2025-06-25 06:46:16,334 - INFO - Cache saved with 28337 URLs
2025-06-25 06:46:16,334 - INFO - Saved batch data. Total records: 27854
2025-06-25 06:46:16,334 - INFO - Processing batch 7/8 (50 links)
2025-06-25 06:46:22,389 - INFO - Progress: 10/50 ads processed
2025-06-25 06:46:27,557 - INFO - Progress: 20/50 ads processed
2025-06-25 06:46:32,399 - INFO - Progress: 30/50 ads processed
2025-06-25 06:46:37,657 - INFO - Progress: 40/50 ads processed
2025-06-25 06:46:42,858 - INFO - Progress: 50/50 ads processed
2025-06-25 06:46:42,945 - INFO - Created backup of existing data file at unegui_data/unegui_sales_data.csv.bak
2025-06-25 06:46:43,354 - INFO - Data saved to unegui_data/unegui_sales_data.csv: 27902 records
2025-06-25 06:46:44,297 - INFO - Cache saved with 28387 URLs
2025-06-25 06:46:44,297 - INFO - Saved batch data. Total records: 27902
2025-06-25 06:46:44,297 - INFO - Processing batch 8/8 (36 links)
2025-06-25 06:46:49,736 - INFO - Progress: 10/36 ads processed
2025-06-25 06:46:54,610 - INFO - Progress: 20/36 ads processed
2025-06-25 06:47:00,008 - INFO - Progress: 30/36 ads processed
2025-06-25 06:47:03,840 - INFO - Progress: 36/36 ads processed
2025-06-25 06:47:03,927 - INFO - Created backup of existing data file at unegui_data/unegui_sales_data.csv.bak
2025-06-25 06:47:04,335 - INFO - Data saved to unegui_data/unegui_sales_data.csv: 27938 records
2025-06-25 06:47:05,282 - INFO - Cache saved with 28423 URLs
2025-06-25 06:47:05,282 - INFO - Saved batch data. Total records: 27938
2025-06-25 06:47:05,282 - INFO - Scraping completed in 0:08:20.533497. Total ads collected: 27938
