2025-05-21 06:36:44,506 - INFO - Starting sales apartment scraper at 2025-05-21 06:36:44.506587
2025-05-21 06:36:44,749 - INFO - Loaded existing data from unegui_data/unegui_sales_data.csv: 15850 records
2025-05-21 06:36:44,957 - INFO - Loaded 15850 existing records
2025-05-21 06:36:44,969 - INFO - Scraping page 1...
2025-05-21 06:36:44,969 - INFO - Scraping page 2...
2025-05-21 06:36:44,969 - INFO - Scraping page 3...
2025-05-21 06:36:49,320 - INFO - Found 60 links on page 1
2025-05-21 06:36:49,320 - INFO - Scraping page 4...
2025-05-21 06:36:50,236 - INFO - Found 60 links on page 3
2025-05-21 06:36:50,241 - INFO - Scraping page 5...
2025-05-21 06:36:50,425 - INFO - Found 60 links on page 2
2025-05-21 06:36:50,425 - INFO - Scraping page 6...
2025-05-21 06:36:53,982 - INFO - Found 60 links on page 4
2025-05-21 06:36:53,982 - INFO - Scraping page 7...
2025-05-21 06:36:55,003 - INFO - Found 60 links on page 6
2025-05-21 06:36:55,003 - INFO - Scraping page 8...
2025-05-21 06:36:55,204 - INFO - Found 60 links on page 5
2025-05-21 06:36:55,204 - INFO - Scraping page 9...
2025-05-21 06:36:58,581 - INFO - Found 60 links on page 7
2025-05-21 06:36:58,581 - INFO - Scraping page 10...
2025-05-21 06:36:59,802 - INFO - Found 60 links on page 9
2025-05-21 06:36:59,803 - INFO - Scraping page 11...
2025-05-21 06:37:00,022 - INFO - Found 60 links on page 8
2025-05-21 06:37:00,022 - INFO - Scraping page 12...
2025-05-21 06:37:03,432 - INFO - Found 60 links on page 10
2025-05-21 06:37:03,432 - INFO - Scraping page 13...
2025-05-21 06:37:04,813 - INFO - Found 60 links on page 12
2025-05-21 06:37:04,818 - INFO - Scraping page 14...
2025-05-21 06:37:05,011 - INFO - Found 60 links on page 11
2025-05-21 06:37:05,011 - INFO - Scraping page 15...
2025-05-21 06:37:08,715 - INFO - Found 60 links on page 13
2025-05-21 06:37:08,715 - INFO - Scraping page 16...
2025-05-21 06:37:09,546 - INFO - Found 60 links on page 14
2025-05-21 06:37:09,547 - INFO - Scraping page 17...
2025-05-21 06:37:09,763 - INFO - Found 60 links on page 15
2025-05-21 06:37:09,763 - INFO - Scraping page 18...
2025-05-21 06:37:13,209 - INFO - Found 60 links on page 16
2025-05-21 06:37:13,219 - INFO - Scraping page 19...
2025-05-21 06:37:14,075 - INFO - Found 60 links on page 17
2025-05-21 06:37:14,076 - INFO - Scraping page 20...
2025-05-21 06:37:14,785 - INFO - Found 60 links on page 18
2025-05-21 06:37:14,785 - INFO - Scraping page 21...
2025-05-21 06:37:18,387 - INFO - Found 60 links on page 19
2025-05-21 06:37:18,387 - INFO - Scraping page 22...
2025-05-21 06:37:18,715 - INFO - Found 60 links on page 20
2025-05-21 06:37:18,715 - INFO - Scraping page 23...
2025-05-21 06:37:19,008 - INFO - Found 60 links on page 21
2025-05-21 06:37:19,008 - INFO - Scraping page 24...
2025-05-21 06:37:22,983 - INFO - Found 60 links on page 22
2025-05-21 06:37:22,984 - INFO - Scraping page 25...
2025-05-21 06:37:23,371 - INFO - Found 60 links on page 23
2025-05-21 06:37:23,381 - INFO - Scraping page 26...
2025-05-21 06:37:23,466 - INFO - Found 60 links on page 24
2025-05-21 06:37:23,466 - INFO - Scraping page 27...
2025-05-21 06:37:27,908 - INFO - Found 60 links on page 25
2025-05-21 06:37:27,909 - INFO - Scraping page 28...
2025-05-21 06:37:28,216 - INFO - Found 60 links on page 26
2025-05-21 06:37:28,216 - INFO - Scraping page 29...
2025-05-21 06:37:28,425 - INFO - Found 60 links on page 27
2025-05-21 06:37:28,425 - INFO - Scraping page 30...
2025-05-21 06:37:32,160 - INFO - Found 60 links on page 28
2025-05-21 06:37:32,160 - INFO - Scraping page 31...
2025-05-21 06:37:33,261 - INFO - Found 60 links on page 30
2025-05-21 06:37:33,262 - INFO - Scraping page 32...
2025-05-21 06:37:33,502 - INFO - Found 60 links on page 29
2025-05-21 06:37:33,503 - INFO - Scraping page 33...
2025-05-21 06:37:36,561 - INFO - Found 60 links on page 31
2025-05-21 06:37:36,561 - INFO - Scraping page 34...
2025-05-21 06:37:37,123 - INFO - Found 60 links on page 32
2025-05-21 06:37:37,124 - INFO - Scraping page 35...
2025-05-21 06:37:37,351 - INFO - Found 60 links on page 33
2025-05-21 06:37:37,351 - INFO - Scraping page 36...
2025-05-21 06:37:40,966 - INFO - Found 60 links on page 34
2025-05-21 06:37:40,977 - INFO - Scraping page 37...
2025-05-21 06:37:41,200 - INFO - Found 60 links on page 36
2025-05-21 06:37:41,211 - INFO - Scraping page 38...
2025-05-21 06:37:41,457 - INFO - Found 60 links on page 35
2025-05-21 06:37:41,457 - INFO - Scraping page 39...
2025-05-21 06:37:45,194 - INFO - Found 60 links on page 37
2025-05-21 06:37:45,194 - INFO - Scraping page 40...
2025-05-21 06:37:45,699 - INFO - Found 60 links on page 39
2025-05-21 06:37:45,699 - INFO - Scraping page 41...
2025-05-21 06:37:45,720 - INFO - Found 60 links on page 38
2025-05-21 06:37:45,720 - INFO - Scraping page 42...
2025-05-21 06:37:49,446 - INFO - Found 60 links on page 40
2025-05-21 06:37:49,446 - INFO - Scraping page 43...
2025-05-21 06:37:49,765 - INFO - Found 60 links on page 41
2025-05-21 06:37:49,766 - INFO - Scraping page 44...
2025-05-21 06:37:49,977 - INFO - Found 60 links on page 42
2025-05-21 06:37:49,978 - INFO - Scraping page 45...
2025-05-21 06:37:53,600 - INFO - Found 60 links on page 43
2025-05-21 06:37:53,600 - INFO - Scraping page 46...
2025-05-21 06:37:53,841 - INFO - Found 60 links on page 44
2025-05-21 06:37:53,841 - INFO - Scraping page 47...
2025-05-21 06:37:54,516 - INFO - Found 60 links on page 45
2025-05-21 06:37:54,516 - INFO - Scraping page 48...
2025-05-21 06:37:57,619 - INFO - Found 60 links on page 46
2025-05-21 06:37:57,624 - INFO - Scraping page 49...
2025-05-21 06:37:57,810 - INFO - Found 60 links on page 47
2025-05-21 06:37:57,811 - INFO - Scraping page 50...
2025-05-21 06:37:58,301 - INFO - Found 60 links on page 48
2025-05-21 06:37:58,301 - INFO - Scraping page 51...
2025-05-21 06:38:01,632 - INFO - Found 60 links on page 49
2025-05-21 06:38:01,632 - INFO - Scraping page 52...
2025-05-21 06:38:01,844 - INFO - Found 60 links on page 50
2025-05-21 06:38:01,845 - INFO - Scraping page 53...
2025-05-21 06:38:02,758 - INFO - Found 60 links on page 51
2025-05-21 06:38:02,758 - INFO - Scraping page 54...
2025-05-21 06:38:06,054 - INFO - Found 60 links on page 52
2025-05-21 06:38:06,054 - INFO - Scraping page 55...
2025-05-21 06:38:06,561 - INFO - Found 60 links on page 53
2025-05-21 06:38:06,561 - INFO - Scraping page 56...
2025-05-21 06:38:07,470 - INFO - Found 60 links on page 54
2025-05-21 06:38:07,470 - INFO - Scraping page 57...
2025-05-21 06:38:11,075 - INFO - Found 60 links on page 56
2025-05-21 06:38:11,080 - INFO - Scraping page 58...
2025-05-21 06:38:11,270 - INFO - Found 60 links on page 55
2025-05-21 06:38:11,275 - INFO - Scraping page 59...
2025-05-21 06:38:11,386 - INFO - Found 60 links on page 57
2025-05-21 06:38:11,386 - INFO - Scraping page 60...
2025-05-21 06:38:15,215 - INFO - Found 60 links on page 58
2025-05-21 06:38:15,216 - INFO - Scraping page 61...
2025-05-21 06:38:15,713 - INFO - Found 60 links on page 59
2025-05-21 06:38:15,713 - INFO - Scraping page 62...
2025-05-21 06:38:16,345 - INFO - Found 60 links on page 60
2025-05-21 06:38:16,346 - INFO - Scraping page 63...
2025-05-21 06:38:19,506 - INFO - Found 60 links on page 61
2025-05-21 06:38:19,506 - INFO - Scraping page 64...
2025-05-21 06:38:20,489 - INFO - Found 60 links on page 62
2025-05-21 06:38:20,489 - INFO - Scraping page 65...
2025-05-21 06:38:21,365 - INFO - Found 60 links on page 63
2025-05-21 06:38:21,365 - INFO - Scraping page 66...
2025-05-21 06:38:24,330 - INFO - Found 60 links on page 64
2025-05-21 06:38:24,330 - INFO - Scraping page 67...
2025-05-21 06:38:24,605 - INFO - Found 60 links on page 65
2025-05-21 06:38:24,606 - INFO - Scraping page 68...
2025-05-21 06:38:25,239 - INFO - Found 60 links on page 66
2025-05-21 06:38:25,239 - INFO - Scraping page 69...
2025-05-21 06:38:28,737 - INFO - Found 60 links on page 67
2025-05-21 06:38:28,737 - INFO - Scraping page 70...
2025-05-21 06:38:29,162 - INFO - Found 60 links on page 69
2025-05-21 06:38:29,172 - INFO - Scraping page 71...
2025-05-21 06:38:29,341 - INFO - Found 60 links on page 68
2025-05-21 06:38:29,342 - INFO - Scraping page 72...
2025-05-21 06:38:32,645 - INFO - Found 60 links on page 70
2025-05-21 06:38:32,645 - INFO - Scraping page 73...
2025-05-21 06:38:33,500 - INFO - Found 60 links on page 71
2025-05-21 06:38:33,500 - INFO - Scraping page 74...
2025-05-21 06:38:33,785 - INFO - Found 60 links on page 72
2025-05-21 06:38:33,785 - INFO - Scraping page 75...
2025-05-21 06:38:36,892 - INFO - Found 60 links on page 73
2025-05-21 06:38:36,892 - INFO - Scraping page 76...
2025-05-21 06:38:37,696 - INFO - Found 60 links on page 74
2025-05-21 06:38:37,697 - INFO - Scraping page 77...
2025-05-21 06:38:38,157 - INFO - Found 60 links on page 75
2025-05-21 06:38:38,157 - INFO - Scraping page 78...
2025-05-21 06:38:41,320 - INFO - Found 60 links on page 76
2025-05-21 06:38:41,320 - INFO - Scraping page 79...
2025-05-21 06:38:41,977 - INFO - Found 60 links on page 77
2025-05-21 06:38:41,977 - INFO - Scraping page 80...
2025-05-21 06:38:42,183 - INFO - Found 60 links on page 78
2025-05-21 06:38:42,184 - INFO - Scraping page 81...
2025-05-21 06:38:45,525 - INFO - Found 60 links on page 79
2025-05-21 06:38:45,525 - INFO - Scraping page 82...
2025-05-21 06:38:45,819 - INFO - Found 60 links on page 80
2025-05-21 06:38:45,819 - INFO - Scraping page 83...
2025-05-21 06:38:47,014 - INFO - Found 60 links on page 81
2025-05-21 06:38:47,014 - INFO - Scraping page 84...
2025-05-21 06:38:49,688 - INFO - Found 60 links on page 82
2025-05-21 06:38:49,689 - INFO - Scraping page 85...
2025-05-21 06:38:49,962 - INFO - Found 60 links on page 83
2025-05-21 06:38:49,963 - INFO - Scraping page 86...
2025-05-21 06:38:51,750 - INFO - Found 60 links on page 84
2025-05-21 06:38:51,751 - INFO - Scraping page 87...
2025-05-21 06:38:54,223 - INFO - Found 60 links on page 86
2025-05-21 06:38:54,234 - INFO - Scraping page 88...
2025-05-21 06:38:54,397 - INFO - Found 60 links on page 85
2025-05-21 06:38:54,398 - INFO - Scraping page 89...
2025-05-21 06:38:56,083 - INFO - Found 60 links on page 87
2025-05-21 06:38:56,084 - INFO - Scraping page 90...
2025-05-21 06:38:59,419 - INFO - Found 60 links on page 88
2025-05-21 06:38:59,425 - INFO - Scraping page 91...
2025-05-21 06:38:59,496 - INFO - Found 60 links on page 89
2025-05-21 06:38:59,496 - INFO - Scraping page 92...
2025-05-21 06:39:00,182 - INFO - Found 60 links on page 90
2025-05-21 06:39:00,182 - INFO - Scraping page 93...
2025-05-21 06:39:03,493 - INFO - Found 60 links on page 91
2025-05-21 06:39:03,494 - INFO - Scraping page 94...
2025-05-21 06:39:03,788 - INFO - Found 60 links on page 92
2025-05-21 06:39:03,788 - INFO - Scraping page 95...
2025-05-21 06:39:04,165 - INFO - Found 60 links on page 93
2025-05-21 06:39:04,166 - INFO - Scraping page 96...
2025-05-21 06:39:08,061 - INFO - Found 60 links on page 95
2025-05-21 06:39:08,061 - INFO - Scraping page 97...
2025-05-21 06:39:08,382 - INFO - Found 60 links on page 96
2025-05-21 06:39:08,392 - INFO - Scraping page 98...
2025-05-21 06:39:08,481 - INFO - Found 60 links on page 94
2025-05-21 06:39:08,482 - INFO - Scraping page 99...
2025-05-21 06:39:12,498 - INFO - Found 60 links on page 97
2025-05-21 06:39:12,498 - INFO - Scraping page 100...
2025-05-21 06:39:12,715 - INFO - Found 60 links on page 98
2025-05-21 06:39:12,726 - INFO - Scraping page 101...
2025-05-21 06:39:12,975 - INFO - Found 60 links on page 99
2025-05-21 06:39:12,975 - INFO - Scraping page 102...
2025-05-21 06:39:16,694 - INFO - Found 60 links on page 100
2025-05-21 06:39:16,694 - INFO - Scraping page 103...
2025-05-21 06:39:16,998 - INFO - Found 60 links on page 102
2025-05-21 06:39:16,998 - INFO - Scraping page 104...
2025-05-21 06:39:17,305 - INFO - Found 60 links on page 101
2025-05-21 06:39:17,306 - INFO - Scraping page 105...
2025-05-21 06:39:20,600 - INFO - Found 60 links on page 103
2025-05-21 06:39:20,601 - INFO - Scraping page 106...
2025-05-21 06:39:21,274 - INFO - Found 60 links on page 105
2025-05-21 06:39:21,274 - INFO - Scraping page 107...
2025-05-21 06:39:21,477 - INFO - Found 60 links on page 104
2025-05-21 06:39:21,477 - INFO - Scraping page 108...
2025-05-21 06:39:24,800 - INFO - Found 60 links on page 106
2025-05-21 06:39:24,800 - INFO - Scraping page 109...
2025-05-21 06:39:25,237 - INFO - Found 60 links on page 107
2025-05-21 06:39:25,237 - INFO - Scraping page 110...
2025-05-21 06:39:25,793 - INFO - Found 60 links on page 108
2025-05-21 06:39:25,793 - INFO - Scraping page 111...
2025-05-21 06:39:29,128 - INFO - Found 60 links on page 109
2025-05-21 06:39:29,128 - INFO - Scraping page 112...
2025-05-21 06:39:29,351 - INFO - Found 60 links on page 110
2025-05-21 06:39:29,351 - INFO - Scraping page 113...
2025-05-21 06:39:29,640 - INFO - Found 60 links on page 111
2025-05-21 06:39:29,640 - INFO - Scraping page 114...
2025-05-21 06:39:33,493 - INFO - Found 60 links on page 112
2025-05-21 06:39:33,493 - INFO - Scraping page 115...
2025-05-21 06:39:33,686 - INFO - Found 60 links on page 113
2025-05-21 06:39:33,686 - INFO - Scraping page 116...
2025-05-21 06:39:34,024 - INFO - Found 60 links on page 114
2025-05-21 06:39:34,024 - INFO - Scraping page 117...
2025-05-21 06:39:37,402 - INFO - Found 60 links on page 115
2025-05-21 06:39:37,403 - INFO - Scraping page 118...
2025-05-21 06:39:37,649 - INFO - Found 60 links on page 116
2025-05-21 06:39:37,649 - INFO - Scraping page 119...
2025-05-21 06:39:37,948 - INFO - Found 60 links on page 117
2025-05-21 06:39:37,948 - INFO - Scraping page 120...
2025-05-21 06:39:41,524 - INFO - Found 60 links on page 118
2025-05-21 06:39:41,524 - INFO - Scraping page 121...
2025-05-21 06:39:42,415 - INFO - Found 60 links on page 120
2025-05-21 06:39:42,415 - INFO - Scraping page 122...
2025-05-21 06:39:42,761 - INFO - Found 60 links on page 119
2025-05-21 06:39:42,762 - INFO - Scraping page 123...
2025-05-21 06:39:45,544 - INFO - Found 60 links on page 121
2025-05-21 06:39:45,545 - INFO - Scraping page 124...
2025-05-21 06:39:47,432 - INFO - Found 60 links on page 122
2025-05-21 06:39:47,432 - INFO - Scraping page 125...
2025-05-21 06:39:47,916 - INFO - Found 60 links on page 123
2025-05-21 06:39:47,917 - INFO - Scraping page 126...
2025-05-21 06:39:50,070 - INFO - Found 60 links on page 124
2025-05-21 06:39:50,070 - INFO - Scraping page 127...
2025-05-21 06:39:51,605 - INFO - Found 60 links on page 125
2025-05-21 06:39:51,605 - INFO - Scraping page 128...
2025-05-21 06:39:52,961 - INFO - Found 60 links on page 126
2025-05-21 06:39:52,961 - INFO - Scraping page 129...
2025-05-21 06:39:54,296 - INFO - Found 60 links on page 127
2025-05-21 06:39:54,296 - INFO - Scraping page 130...
2025-05-21 06:39:55,680 - INFO - Found 60 links on page 128
2025-05-21 06:39:55,680 - INFO - Scraping page 131...
2025-05-21 06:39:57,255 - INFO - Found 60 links on page 129
2025-05-21 06:39:57,256 - INFO - Scraping page 132...
2025-05-21 06:39:58,763 - INFO - Found 60 links on page 130
2025-05-21 06:39:58,763 - INFO - Scraping page 133...
2025-05-21 06:39:59,919 - INFO - Found 60 links on page 131
2025-05-21 06:39:59,920 - INFO - Scraping page 134...
2025-05-21 06:40:01,597 - INFO - Found 60 links on page 132
2025-05-21 06:40:01,597 - INFO - Scraping page 135...
2025-05-21 06:40:03,465 - INFO - Found 60 links on page 133
2025-05-21 06:40:03,465 - INFO - Scraping page 136...
2025-05-21 06:40:04,301 - INFO - Found 60 links on page 134
2025-05-21 06:40:04,301 - INFO - Scraping page 137...
2025-05-21 06:40:05,798 - INFO - Found 60 links on page 135
2025-05-21 06:40:05,798 - INFO - Scraping page 138...
2025-05-21 06:40:08,313 - INFO - Found 60 links on page 136
2025-05-21 06:40:08,313 - INFO - Scraping page 139...
2025-05-21 06:40:08,700 - INFO - Found 60 links on page 137
2025-05-21 06:40:08,700 - INFO - Scraping page 140...
2025-05-21 06:40:09,967 - INFO - Found 60 links on page 138
2025-05-21 06:40:09,968 - INFO - Scraping page 141...
2025-05-21 06:40:13,020 - INFO - Found 60 links on page 140
2025-05-21 06:40:13,021 - INFO - Scraping page 142...
2025-05-21 06:40:13,228 - INFO - Found 60 links on page 139
2025-05-21 06:40:13,228 - INFO - Scraping page 143...
2025-05-21 06:40:14,479 - INFO - Found 60 links on page 141
2025-05-21 06:40:14,480 - INFO - Scraping page 144...
2025-05-21 06:40:17,439 - INFO - Found 60 links on page 142
2025-05-21 06:40:17,440 - INFO - Scraping page 145...
2025-05-21 06:40:18,336 - INFO - Found 60 links on page 143
2025-05-21 06:40:18,337 - INFO - Scraping page 146...
2025-05-21 06:40:18,634 - INFO - Found 60 links on page 144
2025-05-21 06:40:18,634 - INFO - Scraping page 147...
2025-05-21 06:40:21,875 - INFO - Found 60 links on page 145
2025-05-21 06:40:21,876 - INFO - Scraping page 148...
2025-05-21 06:40:22,153 - INFO - Found 60 links on page 146
2025-05-21 06:40:22,154 - INFO - Scraping page 149...
2025-05-21 06:40:23,066 - INFO - Found 60 links on page 147
2025-05-21 06:40:23,066 - INFO - Scraping page 150...
2025-05-21 06:40:26,206 - INFO - Found 60 links on page 148
2025-05-21 06:40:26,206 - INFO - Scraping page 151...
2025-05-21 06:40:26,951 - INFO - Found 60 links on page 149
2025-05-21 06:40:26,952 - INFO - Scraping page 152...
2025-05-21 06:40:27,209 - INFO - Found 60 links on page 150
2025-05-21 06:40:27,209 - INFO - Scraping page 153...
2025-05-21 06:40:30,257 - INFO - Found 60 links on page 151
2025-05-21 06:40:30,257 - INFO - Scraping page 154...
2025-05-21 06:40:31,089 - INFO - Found 60 links on page 152
2025-05-21 06:40:31,089 - INFO - Scraping page 155...
2025-05-21 06:40:31,332 - INFO - Found 60 links on page 153
2025-05-21 06:40:31,332 - INFO - Scraping page 156...
2025-05-21 06:40:34,354 - INFO - Found 60 links on page 154
2025-05-21 06:40:34,354 - INFO - Scraping page 157...
2025-05-21 06:40:35,519 - INFO - Found 60 links on page 155
2025-05-21 06:40:35,519 - INFO - Scraping page 158...
2025-05-21 06:40:35,807 - INFO - Found 60 links on page 156
2025-05-21 06:40:35,807 - INFO - Scraping page 159...
2025-05-21 06:40:38,718 - INFO - Found 60 links on page 157
2025-05-21 06:40:38,718 - INFO - Scraping page 160...
2025-05-21 06:40:39,465 - INFO - Found 60 links on page 158
2025-05-21 06:40:39,466 - INFO - Scraping page 161...
2025-05-21 06:40:40,056 - INFO - Found 60 links on page 159
2025-05-21 06:40:40,057 - INFO - Scraping page 162...
2025-05-21 06:40:42,992 - INFO - Found 60 links on page 160
2025-05-21 06:40:42,992 - INFO - Scraping page 163...
2025-05-21 06:40:43,334 - INFO - Found 60 links on page 161
2025-05-21 06:40:43,334 - INFO - Scraping page 164...
2025-05-21 06:40:44,175 - INFO - Found 60 links on page 162
2025-05-21 06:40:44,175 - INFO - Scraping page 165...
2025-05-21 06:40:47,504 - INFO - Found 60 links on page 164
2025-05-21 06:40:47,504 - INFO - Scraping page 166...
2025-05-21 06:40:47,809 - INFO - Found 60 links on page 163
2025-05-21 06:40:47,810 - INFO - Scraping page 167...
2025-05-21 06:40:48,494 - INFO - Found 60 links on page 165
2025-05-21 06:40:48,494 - INFO - Scraping page 168...
2025-05-21 06:40:51,863 - INFO - Found 60 links on page 166
2025-05-21 06:40:51,868 - INFO - Scraping page 169...
2025-05-21 06:40:52,069 - INFO - Found 60 links on page 167
2025-05-21 06:40:52,069 - INFO - Scraping page 170...
2025-05-21 06:40:52,655 - INFO - Found 60 links on page 168
2025-05-21 06:40:52,655 - INFO - Scraping page 171...
2025-05-21 06:40:56,286 - INFO - Found 60 links on page 169
2025-05-21 06:40:56,286 - INFO - Scraping page 172...
2025-05-21 06:40:56,480 - INFO - Found 60 links on page 170
2025-05-21 06:40:56,481 - INFO - Scraping page 173...
2025-05-21 06:40:56,968 - INFO - Found 60 links on page 171
2025-05-21 06:40:56,968 - INFO - Scraping page 174...
2025-05-21 06:41:00,327 - INFO - Found 60 links on page 172
2025-05-21 06:41:00,328 - INFO - Scraping page 175...
2025-05-21 06:41:00,549 - INFO - Found 60 links on page 173
2025-05-21 06:41:00,549 - INFO - Scraping page 176...
2025-05-21 06:41:01,500 - INFO - Found 60 links on page 174
2025-05-21 06:41:01,501 - INFO - Scraping page 177...
2025-05-21 06:41:04,352 - INFO - Found 60 links on page 175
2025-05-21 06:41:04,352 - INFO - Scraping page 178...
2025-05-21 06:41:04,560 - INFO - Found 60 links on page 176
2025-05-21 06:41:04,560 - INFO - Scraping page 179...
2025-05-21 06:41:06,682 - INFO - Found 60 links on page 177
2025-05-21 06:41:06,682 - INFO - Scraping page 180...
2025-05-21 06:41:08,773 - INFO - Found 60 links on page 178
2025-05-21 06:41:08,773 - INFO - Scraping page 181...
2025-05-21 06:41:09,082 - INFO - Found 60 links on page 179
2025-05-21 06:41:09,083 - INFO - Scraping page 182...
2025-05-21 06:41:10,806 - INFO - Found 60 links on page 180
2025-05-21 06:41:10,806 - INFO - Scraping page 183...
2025-05-21 06:41:13,081 - INFO - Found 60 links on page 181
2025-05-21 06:41:13,081 - INFO - Scraping page 184...
2025-05-21 06:41:13,763 - INFO - Found 60 links on page 182
2025-05-21 06:41:13,764 - INFO - Scraping page 185...
2025-05-21 06:41:15,084 - INFO - Found 60 links on page 183
2025-05-21 06:41:15,084 - INFO - Scraping page 186...
2025-05-21 06:41:17,319 - INFO - Found 60 links on page 184
2025-05-21 06:41:17,320 - INFO - Scraping page 187...
2025-05-21 06:41:18,682 - INFO - Found 60 links on page 185
2025-05-21 06:41:18,682 - INFO - Scraping page 188...
2025-05-21 06:41:19,763 - INFO - Found 60 links on page 186
2025-05-21 06:41:19,763 - INFO - Scraping page 189...
2025-05-21 06:41:21,340 - INFO - Found 60 links on page 187
2025-05-21 06:41:21,340 - INFO - Scraping page 190...
2025-05-21 06:41:23,110 - INFO - Found 60 links on page 188
2025-05-21 06:41:23,110 - INFO - Scraping page 191...
2025-05-21 06:41:24,476 - INFO - Found 60 links on page 189
2025-05-21 06:41:24,476 - INFO - Scraping page 192...
2025-05-21 06:41:25,137 - INFO - Found 60 links on page 190
2025-05-21 06:41:25,137 - INFO - Scraping page 193...
2025-05-21 06:41:27,153 - INFO - Found 60 links on page 191
2025-05-21 06:41:27,153 - INFO - Scraping page 194...
2025-05-21 06:41:28,272 - INFO - Found 60 links on page 192
2025-05-21 06:41:28,272 - INFO - Scraping page 195...
2025-05-21 06:41:29,294 - INFO - Found 60 links on page 193
2025-05-21 06:41:29,295 - INFO - Scraping page 196...
2025-05-21 06:41:31,360 - INFO - Found 60 links on page 194
2025-05-21 06:41:31,360 - INFO - Scraping page 197...
2025-05-21 06:41:32,486 - INFO - Found 60 links on page 195
2025-05-21 06:41:32,486 - INFO - Scraping page 198...
2025-05-21 06:41:33,146 - INFO - Found 60 links on page 196
2025-05-21 06:41:33,146 - INFO - Scraping page 199...
2025-05-21 06:41:36,278 - INFO - Found 60 links on page 197
2025-05-21 06:41:36,278 - INFO - Scraping page 200...
2025-05-21 06:41:36,670 - INFO - Found 60 links on page 198
2025-05-21 06:41:37,322 - INFO - Found 60 links on page 199
2025-05-21 06:41:40,673 - INFO - Found 60 links on page 200
2025-05-21 06:41:40,680 - INFO - Found 479 new links to scrape out of 12000 total links
2025-05-21 06:41:40,681 - INFO - Processing batch 1/10 (50 links)
2025-05-21 06:41:46,867 - INFO - Progress: 10/50 ads processed
2025-05-21 06:41:51,887 - INFO - Progress: 20/50 ads processed
2025-05-21 06:41:57,082 - INFO - Progress: 30/50 ads processed
2025-05-21 06:42:01,950 - INFO - Progress: 40/50 ads processed
2025-05-21 06:42:07,291 - INFO - Progress: 50/50 ads processed
2025-05-21 06:42:07,345 - INFO - Created backup of existing data file at unegui_data/unegui_sales_data.csv.bak
2025-05-21 06:42:07,573 - INFO - Data saved to unegui_data/unegui_sales_data.csv: 15900 records
2025-05-21 06:42:08,114 - INFO - Cache saved with 16171 URLs
2025-05-21 06:42:08,114 - INFO - Saved batch data. Total records: 15900
2025-05-21 06:42:08,115 - INFO - Processing batch 2/10 (50 links)
2025-05-21 06:42:14,023 - INFO - Progress: 10/50 ads processed
2025-05-21 06:42:18,804 - INFO - Progress: 20/50 ads processed
2025-05-21 06:42:24,876 - INFO - Progress: 30/50 ads processed
2025-05-21 06:42:29,366 - INFO - Progress: 40/50 ads processed
2025-05-21 06:42:34,386 - INFO - Progress: 50/50 ads processed
2025-05-21 06:42:34,439 - INFO - Created backup of existing data file at unegui_data/unegui_sales_data.csv.bak
2025-05-21 06:42:34,664 - INFO - Data saved to unegui_data/unegui_sales_data.csv: 15949 records
2025-05-21 06:42:35,201 - INFO - Cache saved with 16220 URLs
2025-05-21 06:42:35,201 - INFO - Saved batch data. Total records: 15950
2025-05-21 06:42:35,201 - INFO - Processing batch 3/10 (50 links)
2025-05-21 06:42:42,050 - INFO - Progress: 10/50 ads processed
2025-05-21 06:42:46,892 - INFO - Progress: 20/50 ads processed
2025-05-21 06:42:51,772 - INFO - Progress: 30/50 ads processed
2025-05-21 06:42:56,655 - INFO - Progress: 40/50 ads processed
2025-05-21 06:43:01,677 - INFO - Progress: 50/50 ads processed
2025-05-21 06:43:01,727 - INFO - Created backup of existing data file at unegui_data/unegui_sales_data.csv.bak
2025-05-21 06:43:01,952 - INFO - Data saved to unegui_data/unegui_sales_data.csv: 15999 records
2025-05-21 06:43:02,499 - INFO - Cache saved with 16270 URLs
2025-05-21 06:43:02,499 - INFO - Saved batch data. Total records: 16000
2025-05-21 06:43:02,499 - INFO - Processing batch 4/10 (50 links)
2025-05-21 06:43:07,956 - INFO - Progress: 10/50 ads processed
2025-05-21 06:43:13,014 - INFO - Progress: 20/50 ads processed
2025-05-21 06:43:17,954 - INFO - Progress: 30/50 ads processed
2025-05-21 06:43:24,005 - INFO - Progress: 40/50 ads processed
2025-05-21 06:43:29,434 - INFO - Progress: 50/50 ads processed
2025-05-21 06:43:29,489 - INFO - Created backup of existing data file at unegui_data/unegui_sales_data.csv.bak
2025-05-21 06:43:29,719 - INFO - Data saved to unegui_data/unegui_sales_data.csv: 16048 records
2025-05-21 06:43:30,265 - INFO - Cache saved with 16320 URLs
2025-05-21 06:43:30,265 - INFO - Saved batch data. Total records: 16049
2025-05-21 06:43:30,265 - INFO - Processing batch 5/10 (50 links)
2025-05-21 06:43:36,405 - INFO - Progress: 10/50 ads processed
2025-05-21 06:43:41,562 - INFO - Progress: 20/50 ads processed
2025-05-21 06:43:46,693 - INFO - Progress: 30/50 ads processed
2025-05-21 06:43:52,272 - INFO - Progress: 40/50 ads processed
2025-05-21 06:43:57,156 - INFO - Progress: 50/50 ads processed
2025-05-21 06:43:57,208 - INFO - Created backup of existing data file at unegui_data/unegui_sales_data.csv.bak
2025-05-21 06:43:57,440 - INFO - Data saved to unegui_data/unegui_sales_data.csv: 16098 records
2025-05-21 06:43:57,987 - INFO - Cache saved with 16370 URLs
2025-05-21 06:43:57,987 - INFO - Saved batch data. Total records: 16099
2025-05-21 06:43:57,987 - INFO - Processing batch 6/10 (50 links)
2025-05-21 06:44:03,326 - INFO - Progress: 10/50 ads processed
2025-05-21 06:44:09,469 - INFO - Progress: 20/50 ads processed
2025-05-21 06:44:14,515 - INFO - Progress: 30/50 ads processed
2025-05-21 06:44:19,523 - INFO - Progress: 40/50 ads processed
2025-05-21 06:44:24,955 - INFO - Progress: 50/50 ads processed
2025-05-21 06:44:25,008 - INFO - Created backup of existing data file at unegui_data/unegui_sales_data.csv.bak
2025-05-21 06:44:25,240 - INFO - Data saved to unegui_data/unegui_sales_data.csv: 16148 records
2025-05-21 06:44:25,786 - INFO - Cache saved with 16420 URLs
2025-05-21 06:44:25,787 - INFO - Saved batch data. Total records: 16149
2025-05-21 06:44:25,787 - INFO - Processing batch 7/10 (50 links)
2025-05-21 06:44:30,928 - INFO - Progress: 10/50 ads processed
2025-05-21 06:44:35,983 - INFO - Progress: 20/50 ads processed
2025-05-21 06:44:41,249 - INFO - Progress: 30/50 ads processed
2025-05-21 06:44:46,486 - INFO - Progress: 40/50 ads processed
2025-05-21 06:44:52,231 - INFO - Progress: 50/50 ads processed
2025-05-21 06:44:52,282 - INFO - Created backup of existing data file at unegui_data/unegui_sales_data.csv.bak
2025-05-21 06:44:52,513 - INFO - Data saved to unegui_data/unegui_sales_data.csv: 16197 records
2025-05-21 06:44:53,058 - INFO - Cache saved with 16470 URLs
2025-05-21 06:44:53,058 - INFO - Saved batch data. Total records: 16198
2025-05-21 06:44:53,058 - INFO - Processing batch 8/10 (50 links)
2025-05-21 06:44:58,548 - INFO - Progress: 10/50 ads processed
2025-05-21 06:45:04,540 - INFO - Progress: 20/50 ads processed
2025-05-21 06:45:09,326 - INFO - Progress: 30/50 ads processed
2025-05-21 06:45:14,751 - INFO - Progress: 40/50 ads processed
2025-05-21 06:45:20,487 - INFO - Progress: 50/50 ads processed
2025-05-21 06:45:20,543 - INFO - Created backup of existing data file at unegui_data/unegui_sales_data.csv.bak
2025-05-21 06:45:20,779 - INFO - Data saved to unegui_data/unegui_sales_data.csv: 16245 records
2025-05-21 06:45:21,333 - INFO - Cache saved with 16520 URLs
2025-05-21 06:45:21,333 - INFO - Saved batch data. Total records: 16246
2025-05-21 06:45:21,334 - INFO - Processing batch 9/10 (50 links)
2025-05-21 06:45:26,709 - INFO - Progress: 10/50 ads processed
2025-05-21 06:45:31,957 - INFO - Progress: 20/50 ads processed
2025-05-21 06:45:37,087 - INFO - Progress: 30/50 ads processed
2025-05-21 06:45:42,331 - INFO - Progress: 40/50 ads processed
2025-05-21 06:45:47,879 - INFO - Progress: 50/50 ads processed
2025-05-21 06:45:47,935 - INFO - Created backup of existing data file at unegui_data/unegui_sales_data.csv.bak
2025-05-21 06:45:48,172 - INFO - Data saved to unegui_data/unegui_sales_data.csv: 16295 records
2025-05-21 06:45:48,730 - INFO - Cache saved with 16570 URLs
2025-05-21 06:45:48,730 - INFO - Saved batch data. Total records: 16296
2025-05-21 06:45:48,731 - INFO - Processing batch 10/10 (29 links)
2025-05-21 06:45:54,328 - INFO - Progress: 10/29 ads processed
2025-05-21 06:46:00,307 - INFO - Progress: 20/29 ads processed
2025-05-21 06:46:06,307 - INFO - Progress: 29/29 ads processed
2025-05-21 06:46:06,362 - INFO - Created backup of existing data file at unegui_data/unegui_sales_data.csv.bak
2025-05-21 06:46:06,596 - INFO - Data saved to unegui_data/unegui_sales_data.csv: 16324 records
2025-05-21 06:46:07,147 - INFO - Cache saved with 16599 URLs
2025-05-21 06:46:07,147 - INFO - Saved batch data. Total records: 16325
2025-05-21 06:46:07,147 - INFO - Scraping completed in 0:09:22.640714. Total ads collected: 16325
