2025-06-03 06:38:31,947 - INFO - Starting sales apartment scraper at 2025-06-03 06:38:31.947732
2025-06-03 06:38:32,256 - INFO - Loaded existing data from unegui_data/unegui_sales_data.csv: 19852 records
2025-06-03 06:38:32,484 - INFO - Loaded 19852 existing records
2025-06-03 06:38:32,500 - INFO - Scraping page 1...
2025-06-03 06:38:32,500 - INFO - Scraping page 2...
2025-06-03 06:38:32,500 - INFO - Scraping page 3...
2025-06-03 06:38:37,214 - INFO - Found 60 links on page 1
2025-06-03 06:38:37,214 - INFO - Scraping page 4...
2025-06-03 06:38:37,658 - INFO - Found 60 links on page 3
2025-06-03 06:38:37,659 - INFO - Scraping page 5...
2025-06-03 06:38:38,015 - INFO - Found 60 links on page 2
2025-06-03 06:38:38,015 - INFO - Scraping page 6...
2025-06-03 06:38:41,284 - INFO - Found 60 links on page 4
2025-06-03 06:38:41,285 - INFO - Scraping page 7...
2025-06-03 06:38:41,937 - INFO - Found 60 links on page 6
2025-06-03 06:38:41,938 - INFO - Scraping page 8...
2025-06-03 06:38:42,154 - INFO - Found 60 links on page 5
2025-06-03 06:38:42,154 - INFO - Scraping page 9...
2025-06-03 06:38:45,090 - INFO - Found 60 links on page 7
2025-06-03 06:38:45,091 - INFO - Scraping page 10...
2025-06-03 06:38:45,667 - INFO - Found 60 links on page 8
2025-06-03 06:38:45,667 - INFO - Scraping page 11...
2025-06-03 06:38:45,918 - INFO - Found 60 links on page 9
2025-06-03 06:38:45,919 - INFO - Scraping page 12...
2025-06-03 06:38:48,924 - INFO - Found 60 links on page 10
2025-06-03 06:38:48,925 - INFO - Scraping page 13...
2025-06-03 06:38:49,453 - INFO - Found 60 links on page 11
2025-06-03 06:38:49,453 - INFO - Scraping page 14...
2025-06-03 06:38:49,725 - INFO - Found 60 links on page 12
2025-06-03 06:38:49,726 - INFO - Scraping page 15...
2025-06-03 06:38:52,797 - INFO - Found 60 links on page 13
2025-06-03 06:38:52,797 - INFO - Scraping page 16...
2025-06-03 06:38:53,455 - INFO - Found 60 links on page 14
2025-06-03 06:38:53,460 - INFO - Scraping page 17...
2025-06-03 06:38:53,628 - INFO - Found 60 links on page 15
2025-06-03 06:38:53,629 - INFO - Scraping page 18...
2025-06-03 06:38:57,359 - INFO - Found 60 links on page 16
2025-06-03 06:38:57,369 - INFO - Scraping page 19...
2025-06-03 06:38:57,599 - INFO - Found 60 links on page 18
2025-06-03 06:38:57,609 - INFO - Scraping page 20...
2025-06-03 06:38:57,724 - INFO - Found 60 links on page 17
2025-06-03 06:38:57,724 - INFO - Scraping page 21...
2025-06-03 06:39:01,394 - INFO - Found 60 links on page 20
2025-06-03 06:39:01,394 - INFO - Scraping page 22...
2025-06-03 06:39:01,678 - INFO - Found 60 links on page 19
2025-06-03 06:39:01,683 - INFO - Scraping page 23...
2025-06-03 06:39:01,883 - INFO - Found 60 links on page 21
2025-06-03 06:39:01,883 - INFO - Scraping page 24...
2025-06-03 06:39:05,354 - INFO - Found 60 links on page 22
2025-06-03 06:39:05,354 - INFO - Scraping page 25...
2025-06-03 06:39:05,704 - INFO - Found 60 links on page 24
2025-06-03 06:39:05,710 - INFO - Scraping page 26...
2025-06-03 06:39:05,883 - INFO - Found 60 links on page 23
2025-06-03 06:39:05,883 - INFO - Scraping page 27...
2025-06-03 06:39:09,410 - INFO - Found 60 links on page 25
2025-06-03 06:39:09,410 - INFO - Scraping page 28...
2025-06-03 06:39:10,285 - INFO - Found 60 links on page 27
2025-06-03 06:39:10,290 - INFO - Scraping page 29...
2025-06-03 06:39:10,469 - INFO - Found 60 links on page 26
2025-06-03 06:39:10,469 - INFO - Scraping page 30...
2025-06-03 06:39:13,468 - INFO - Found 60 links on page 28
2025-06-03 06:39:13,468 - INFO - Scraping page 31...
2025-06-03 06:39:13,982 - INFO - Found 60 links on page 29
2025-06-03 06:39:13,982 - INFO - Scraping page 32...
2025-06-03 06:39:14,655 - INFO - Found 60 links on page 30
2025-06-03 06:39:14,656 - INFO - Scraping page 33...
2025-06-03 06:39:18,007 - INFO - Found 60 links on page 31
2025-06-03 06:39:18,007 - INFO - Scraping page 34...
2025-06-03 06:39:18,492 - INFO - Found 60 links on page 32
2025-06-03 06:39:18,492 - INFO - Scraping page 35...
2025-06-03 06:39:18,752 - INFO - Found 60 links on page 33
2025-06-03 06:39:18,753 - INFO - Scraping page 36...
2025-06-03 06:39:22,765 - INFO - Found 60 links on page 35
2025-06-03 06:39:22,765 - INFO - Scraping page 37...
2025-06-03 06:39:23,117 - INFO - Found 60 links on page 34
2025-06-03 06:39:23,122 - INFO - Scraping page 38...
2025-06-03 06:39:23,254 - INFO - Found 60 links on page 36
2025-06-03 06:39:23,254 - INFO - Scraping page 39...
2025-06-03 06:39:26,765 - INFO - Found 60 links on page 37
2025-06-03 06:39:26,765 - INFO - Scraping page 40...
2025-06-03 06:39:27,138 - INFO - Found 60 links on page 39
2025-06-03 06:39:27,143 - INFO - Scraping page 41...
2025-06-03 06:39:27,319 - INFO - Found 60 links on page 38
2025-06-03 06:39:27,319 - INFO - Scraping page 42...
2025-06-03 06:39:30,762 - INFO - Found 60 links on page 40
2025-06-03 06:39:30,762 - INFO - Scraping page 43...
2025-06-03 06:39:31,224 - INFO - Found 60 links on page 41
2025-06-03 06:39:31,224 - INFO - Scraping page 44...
2025-06-03 06:39:31,663 - INFO - Found 60 links on page 42
2025-06-03 06:39:31,663 - INFO - Scraping page 45...
2025-06-03 06:39:35,029 - INFO - Found 60 links on page 43
2025-06-03 06:39:35,029 - INFO - Scraping page 46...
2025-06-03 06:39:36,238 - INFO - Found 60 links on page 44
2025-06-03 06:39:36,239 - INFO - Scraping page 47...
2025-06-03 06:39:36,709 - INFO - Found 60 links on page 45
2025-06-03 06:39:36,710 - INFO - Scraping page 48...
2025-06-03 06:39:39,373 - INFO - Found 60 links on page 46
2025-06-03 06:39:39,374 - INFO - Scraping page 49...
2025-06-03 06:39:40,292 - INFO - Found 60 links on page 47
2025-06-03 06:39:40,292 - INFO - Scraping page 50...
2025-06-03 06:39:40,806 - INFO - Found 60 links on page 48
2025-06-03 06:39:40,806 - INFO - Scraping page 51...
2025-06-03 06:39:43,307 - INFO - Found 60 links on page 49
2025-06-03 06:39:43,308 - INFO - Scraping page 52...
2025-06-03 06:39:44,332 - INFO - Found 60 links on page 50
2025-06-03 06:39:44,332 - INFO - Scraping page 53...
2025-06-03 06:39:44,961 - INFO - Found 60 links on page 51
2025-06-03 06:39:44,961 - INFO - Scraping page 54...
2025-06-03 06:39:47,287 - INFO - Found 60 links on page 52
2025-06-03 06:39:47,287 - INFO - Scraping page 55...
2025-06-03 06:39:48,629 - INFO - Found 60 links on page 53
2025-06-03 06:39:48,630 - INFO - Scraping page 56...
2025-06-03 06:39:48,846 - INFO - Found 60 links on page 54
2025-06-03 06:39:48,846 - INFO - Scraping page 57...
2025-06-03 06:39:51,113 - INFO - Found 60 links on page 55
2025-06-03 06:39:51,114 - INFO - Scraping page 58...
2025-06-03 06:39:53,096 - INFO - Found 60 links on page 57
2025-06-03 06:39:53,102 - INFO - Scraping page 59...
2025-06-03 06:39:53,245 - INFO - Found 60 links on page 56
2025-06-03 06:39:53,245 - INFO - Scraping page 60...
2025-06-03 06:39:55,090 - INFO - Found 60 links on page 58
2025-06-03 06:39:55,090 - INFO - Scraping page 61...
2025-06-03 06:39:57,106 - INFO - Found 60 links on page 59
2025-06-03 06:39:57,106 - INFO - Scraping page 62...
2025-06-03 06:39:57,696 - INFO - Found 60 links on page 60
2025-06-03 06:39:57,696 - INFO - Scraping page 63...
2025-06-03 06:40:00,034 - INFO - Found 60 links on page 61
2025-06-03 06:40:00,034 - INFO - Scraping page 64...
2025-06-03 06:40:01,571 - INFO - Found 60 links on page 63
2025-06-03 06:40:01,577 - INFO - Scraping page 65...
2025-06-03 06:40:01,768 - INFO - Found 60 links on page 62
2025-06-03 06:40:01,769 - INFO - Scraping page 66...
2025-06-03 06:40:04,321 - INFO - Found 60 links on page 64
2025-06-03 06:40:04,321 - INFO - Scraping page 67...
2025-06-03 06:40:05,531 - INFO - Found 60 links on page 65
2025-06-03 06:40:05,531 - INFO - Scraping page 68...
2025-06-03 06:40:05,812 - INFO - Found 60 links on page 66
2025-06-03 06:40:05,812 - INFO - Scraping page 69...
2025-06-03 06:40:08,784 - INFO - Found 60 links on page 67
2025-06-03 06:40:08,785 - INFO - Scraping page 70...
2025-06-03 06:40:09,819 - INFO - Found 60 links on page 68
2025-06-03 06:40:09,819 - INFO - Scraping page 71...
2025-06-03 06:40:10,088 - INFO - Found 60 links on page 69
2025-06-03 06:40:10,088 - INFO - Scraping page 72...
2025-06-03 06:40:13,413 - INFO - Found 60 links on page 70
2025-06-03 06:40:13,413 - INFO - Scraping page 73...
2025-06-03 06:40:14,210 - INFO - Found 60 links on page 72
2025-06-03 06:40:14,215 - INFO - Scraping page 74...
2025-06-03 06:40:14,357 - INFO - Found 60 links on page 71
2025-06-03 06:40:14,358 - INFO - Scraping page 75...
2025-06-03 06:40:17,593 - INFO - Found 60 links on page 73
2025-06-03 06:40:17,593 - INFO - Scraping page 76...
2025-06-03 06:40:18,622 - INFO - Found 60 links on page 75
2025-06-03 06:40:18,632 - INFO - Scraping page 77...
2025-06-03 06:40:18,835 - INFO - Found 60 links on page 74
2025-06-03 06:40:18,835 - INFO - Scraping page 78...
2025-06-03 06:40:21,737 - INFO - Found 60 links on page 76
2025-06-03 06:40:21,738 - INFO - Scraping page 79...
2025-06-03 06:40:22,623 - INFO - Found 60 links on page 77
2025-06-03 06:40:22,623 - INFO - Scraping page 80...
2025-06-03 06:40:23,132 - INFO - Found 60 links on page 78
2025-06-03 06:40:23,132 - INFO - Scraping page 81...
2025-06-03 06:40:25,998 - INFO - Found 60 links on page 79
2025-06-03 06:40:25,998 - INFO - Scraping page 82...
2025-06-03 06:40:26,861 - INFO - Found 60 links on page 80
2025-06-03 06:40:26,861 - INFO - Scraping page 83...
2025-06-03 06:40:27,127 - INFO - Found 60 links on page 81
2025-06-03 06:40:27,128 - INFO - Scraping page 84...
2025-06-03 06:40:29,948 - INFO - Found 60 links on page 82
2025-06-03 06:40:29,949 - INFO - Scraping page 85...
2025-06-03 06:40:30,724 - INFO - Found 60 links on page 83
2025-06-03 06:40:30,724 - INFO - Scraping page 86...
2025-06-03 06:40:31,358 - INFO - Found 60 links on page 84
2025-06-03 06:40:31,358 - INFO - Scraping page 87...
2025-06-03 06:40:34,164 - INFO - Found 60 links on page 85
2025-06-03 06:40:34,164 - INFO - Scraping page 88...
2025-06-03 06:40:34,691 - INFO - Found 60 links on page 86
2025-06-03 06:40:34,692 - INFO - Scraping page 89...
2025-06-03 06:40:34,961 - INFO - Found 60 links on page 87
2025-06-03 06:40:34,961 - INFO - Scraping page 90...
2025-06-03 06:40:38,004 - INFO - Found 60 links on page 88
2025-06-03 06:40:38,004 - INFO - Scraping page 91...
2025-06-03 06:40:39,095 - INFO - Found 60 links on page 90
2025-06-03 06:40:39,096 - INFO - Scraping page 92...
2025-06-03 06:40:39,311 - INFO - Found 60 links on page 89
2025-06-03 06:40:39,311 - INFO - Scraping page 93...
2025-06-03 06:40:42,207 - INFO - Found 60 links on page 91
2025-06-03 06:40:42,207 - INFO - Scraping page 94...
2025-06-03 06:40:43,303 - INFO - Found 60 links on page 92
2025-06-03 06:40:43,304 - INFO - Scraping page 95...
2025-06-03 06:40:44,207 - INFO - Found 60 links on page 93
2025-06-03 06:40:44,207 - INFO - Scraping page 96...
2025-06-03 06:40:46,219 - INFO - Found 60 links on page 94
2025-06-03 06:40:46,219 - INFO - Scraping page 97...
2025-06-03 06:40:47,366 - INFO - Found 60 links on page 95
2025-06-03 06:40:47,366 - INFO - Scraping page 98...
2025-06-03 06:40:47,824 - INFO - Found 60 links on page 96
2025-06-03 06:40:47,824 - INFO - Scraping page 99...
2025-06-03 06:40:50,410 - INFO - Found 60 links on page 97
2025-06-03 06:40:50,410 - INFO - Scraping page 100...
2025-06-03 06:40:50,836 - INFO - Found 60 links on page 98
2025-06-03 06:40:50,836 - INFO - Scraping page 101...
2025-06-03 06:40:51,629 - INFO - Found 60 links on page 99
2025-06-03 06:40:51,629 - INFO - Scraping page 102...
2025-06-03 06:40:54,918 - INFO - Found 60 links on page 100
2025-06-03 06:40:54,918 - INFO - Scraping page 103...
2025-06-03 06:40:55,272 - INFO - Found 60 links on page 101
2025-06-03 06:40:55,272 - INFO - Scraping page 104...
2025-06-03 06:40:55,479 - INFO - Found 60 links on page 102
2025-06-03 06:40:55,479 - INFO - Scraping page 105...
2025-06-03 06:40:59,409 - INFO - Found 60 links on page 104
2025-06-03 06:40:59,410 - INFO - Scraping page 106...
2025-06-03 06:40:59,762 - INFO - Found 60 links on page 103
2025-06-03 06:40:59,772 - INFO - Scraping page 107...
2025-06-03 06:40:59,842 - INFO - Found 60 links on page 105
2025-06-03 06:40:59,842 - INFO - Scraping page 108...
2025-06-03 06:41:03,324 - INFO - Found 60 links on page 106
2025-06-03 06:41:03,324 - INFO - Scraping page 109...
2025-06-03 06:41:03,878 - INFO - Found 60 links on page 107
2025-06-03 06:41:03,878 - INFO - Scraping page 110...
2025-06-03 06:41:04,139 - INFO - Found 60 links on page 108
2025-06-03 06:41:04,139 - INFO - Scraping page 111...
2025-06-03 06:41:07,640 - INFO - Found 60 links on page 109
2025-06-03 06:41:07,640 - INFO - Scraping page 112...
2025-06-03 06:41:08,643 - INFO - Found 60 links on page 111
2025-06-03 06:41:08,643 - INFO - Scraping page 113...
2025-06-03 06:41:09,204 - INFO - Found 60 links on page 110
2025-06-03 06:41:09,204 - INFO - Scraping page 114...
2025-06-03 06:41:11,726 - INFO - Found 60 links on page 112
2025-06-03 06:41:11,726 - INFO - Scraping page 115...
2025-06-03 06:41:12,683 - INFO - Found 60 links on page 113
2025-06-03 06:41:12,683 - INFO - Scraping page 116...
2025-06-03 06:41:13,066 - INFO - Found 60 links on page 114
2025-06-03 06:41:13,066 - INFO - Scraping page 117...
2025-06-03 06:41:15,947 - INFO - Found 60 links on page 115
2025-06-03 06:41:15,948 - INFO - Scraping page 118...
2025-06-03 06:41:17,036 - INFO - Found 60 links on page 116
2025-06-03 06:41:17,036 - INFO - Scraping page 119...
2025-06-03 06:41:17,351 - INFO - Found 60 links on page 117
2025-06-03 06:41:17,351 - INFO - Scraping page 120...
2025-06-03 06:41:20,132 - INFO - Found 60 links on page 118
2025-06-03 06:41:20,133 - INFO - Scraping page 121...
2025-06-03 06:41:21,341 - INFO - Found 60 links on page 119
2025-06-03 06:41:21,341 - INFO - Scraping page 122...
2025-06-03 06:41:21,930 - INFO - Found 60 links on page 120
2025-06-03 06:41:21,930 - INFO - Scraping page 123...
2025-06-03 06:41:24,616 - INFO - Found 60 links on page 121
2025-06-03 06:41:24,617 - INFO - Scraping page 124...
2025-06-03 06:41:26,107 - INFO - Found 60 links on page 123
2025-06-03 06:41:26,107 - INFO - Scraping page 125...
2025-06-03 06:41:26,442 - INFO - Found 60 links on page 122
2025-06-03 06:41:26,442 - INFO - Scraping page 126...
2025-06-03 06:41:28,356 - INFO - Found 60 links on page 124
2025-06-03 06:41:28,356 - INFO - Scraping page 127...
2025-06-03 06:41:30,341 - INFO - Found 60 links on page 125
2025-06-03 06:41:30,341 - INFO - Scraping page 128...
2025-06-03 06:41:30,622 - INFO - Found 60 links on page 126
2025-06-03 06:41:30,622 - INFO - Scraping page 129...
2025-06-03 06:41:32,250 - INFO - Found 60 links on page 127
2025-06-03 06:41:32,250 - INFO - Scraping page 130...
2025-06-03 06:41:34,394 - INFO - Found 60 links on page 128
2025-06-03 06:41:34,394 - INFO - Scraping page 131...
2025-06-03 06:41:35,228 - INFO - Found 60 links on page 129
2025-06-03 06:41:35,229 - INFO - Scraping page 132...
2025-06-03 06:41:36,316 - INFO - Found 60 links on page 130
2025-06-03 06:41:36,316 - INFO - Scraping page 133...
2025-06-03 06:41:38,605 - INFO - Found 60 links on page 131
2025-06-03 06:41:38,605 - INFO - Scraping page 134...
2025-06-03 06:41:39,383 - INFO - Found 60 links on page 132
2025-06-03 06:41:39,383 - INFO - Scraping page 135...
2025-06-03 06:41:40,875 - INFO - Found 60 links on page 133
2025-06-03 06:41:40,876 - INFO - Scraping page 136...
2025-06-03 06:41:43,096 - INFO - Found 60 links on page 134
2025-06-03 06:41:43,097 - INFO - Scraping page 137...
2025-06-03 06:41:43,425 - INFO - Found 60 links on page 135
2025-06-03 06:41:43,426 - INFO - Scraping page 138...
2025-06-03 06:41:44,907 - INFO - Found 60 links on page 136
2025-06-03 06:41:44,908 - INFO - Scraping page 139...
2025-06-03 06:41:47,235 - INFO - Found 60 links on page 137
2025-06-03 06:41:47,235 - INFO - Scraping page 140...
2025-06-03 06:41:47,476 - INFO - Found 60 links on page 138
2025-06-03 06:41:47,476 - INFO - Scraping page 141...
2025-06-03 06:41:49,130 - INFO - Found 60 links on page 139
2025-06-03 06:41:49,130 - INFO - Scraping page 142...
2025-06-03 06:41:50,932 - INFO - Found 60 links on page 140
2025-06-03 06:41:50,932 - INFO - Scraping page 143...
2025-06-03 06:41:51,870 - INFO - Found 60 links on page 141
2025-06-03 06:41:51,870 - INFO - Scraping page 144...
2025-06-03 06:41:53,807 - INFO - Found 60 links on page 142
2025-06-03 06:41:53,807 - INFO - Scraping page 145...
2025-06-03 06:41:55,755 - INFO - Found 60 links on page 143
2025-06-03 06:41:55,755 - INFO - Scraping page 146...
2025-06-03 06:41:56,573 - INFO - Found 60 links on page 144
2025-06-03 06:41:56,574 - INFO - Scraping page 147...
2025-06-03 06:41:58,130 - INFO - Found 60 links on page 145
2025-06-03 06:41:58,130 - INFO - Scraping page 148...
2025-06-03 06:42:00,158 - INFO - Found 60 links on page 146
2025-06-03 06:42:00,158 - INFO - Scraping page 149...
2025-06-03 06:42:00,846 - INFO - Found 60 links on page 147
2025-06-03 06:42:00,846 - INFO - Scraping page 150...
2025-06-03 06:42:02,417 - INFO - Found 60 links on page 148
2025-06-03 06:42:02,418 - INFO - Scraping page 151...
2025-06-03 06:42:04,408 - INFO - Found 60 links on page 149
2025-06-03 06:42:04,408 - INFO - Scraping page 152...
2025-06-03 06:42:04,932 - INFO - Found 60 links on page 150
2025-06-03 06:42:04,932 - INFO - Scraping page 153...
2025-06-03 06:42:06,809 - INFO - Found 60 links on page 151
2025-06-03 06:42:06,810 - INFO - Scraping page 154...
2025-06-03 06:42:09,646 - INFO - Found 60 links on page 153
2025-06-03 06:42:09,647 - INFO - Scraping page 155...
2025-06-03 06:42:09,954 - INFO - Found 60 links on page 152
2025-06-03 06:42:09,954 - INFO - Scraping page 156...
2025-06-03 06:42:11,276 - INFO - Found 60 links on page 154
2025-06-03 06:42:11,276 - INFO - Scraping page 157...
2025-06-03 06:42:13,641 - INFO - Found 60 links on page 155
2025-06-03 06:42:13,641 - INFO - Scraping page 158...
2025-06-03 06:42:13,934 - INFO - Found 60 links on page 156
2025-06-03 06:42:13,934 - INFO - Scraping page 159...
2025-06-03 06:42:15,334 - INFO - Found 60 links on page 157
2025-06-03 06:42:15,334 - INFO - Scraping page 160...
2025-06-03 06:42:17,910 - INFO - Found 60 links on page 159
2025-06-03 06:42:17,910 - INFO - Scraping page 161...
2025-06-03 06:42:18,326 - INFO - Found 60 links on page 158
2025-06-03 06:42:18,326 - INFO - Scraping page 162...
2025-06-03 06:42:19,534 - INFO - Found 60 links on page 160
2025-06-03 06:42:19,534 - INFO - Scraping page 163...
2025-06-03 06:42:22,220 - INFO - Found 60 links on page 161
2025-06-03 06:42:22,220 - INFO - Scraping page 164...
2025-06-03 06:42:22,569 - INFO - Found 60 links on page 162
2025-06-03 06:42:22,569 - INFO - Scraping page 165...
2025-06-03 06:42:23,777 - INFO - Found 60 links on page 163
2025-06-03 06:42:23,777 - INFO - Scraping page 166...
2025-06-03 06:42:26,594 - INFO - Found 60 links on page 164
2025-06-03 06:42:26,594 - INFO - Scraping page 167...
2025-06-03 06:42:26,955 - INFO - Found 60 links on page 165
2025-06-03 06:42:26,955 - INFO - Scraping page 168...
2025-06-03 06:42:29,286 - INFO - Found 60 links on page 166
2025-06-03 06:42:29,286 - INFO - Scraping page 169...
2025-06-03 06:42:30,732 - INFO - Found 60 links on page 167
2025-06-03 06:42:30,732 - INFO - Scraping page 170...
2025-06-03 06:42:31,297 - INFO - Found 60 links on page 168
2025-06-03 06:42:31,297 - INFO - Scraping page 171...
2025-06-03 06:42:33,452 - INFO - Found 60 links on page 169
2025-06-03 06:42:33,452 - INFO - Scraping page 172...
2025-06-03 06:42:35,139 - INFO - Found 60 links on page 170
2025-06-03 06:42:35,139 - INFO - Scraping page 173...
2025-06-03 06:42:35,511 - INFO - Found 60 links on page 171
2025-06-03 06:42:35,511 - INFO - Scraping page 174...
2025-06-03 06:42:37,527 - INFO - Found 60 links on page 172
2025-06-03 06:42:37,527 - INFO - Scraping page 175...
2025-06-03 06:42:39,319 - INFO - Found 60 links on page 173
2025-06-03 06:42:39,319 - INFO - Scraping page 176...
2025-06-03 06:42:39,581 - INFO - Found 60 links on page 174
2025-06-03 06:42:39,581 - INFO - Scraping page 177...
2025-06-03 06:42:41,879 - INFO - Found 60 links on page 175
2025-06-03 06:42:41,879 - INFO - Scraping page 178...
2025-06-03 06:42:43,501 - INFO - Found 60 links on page 176
2025-06-03 06:42:43,501 - INFO - Scraping page 179...
2025-06-03 06:42:44,496 - INFO - Found 60 links on page 177
2025-06-03 06:42:44,496 - INFO - Scraping page 180...
2025-06-03 06:42:45,923 - INFO - Found 60 links on page 178
2025-06-03 06:42:45,924 - INFO - Scraping page 181...
2025-06-03 06:42:47,573 - INFO - Found 60 links on page 179
2025-06-03 06:42:47,574 - INFO - Scraping page 182...
2025-06-03 06:42:49,204 - INFO - Found 60 links on page 180
2025-06-03 06:42:49,205 - INFO - Scraping page 183...
2025-06-03 06:42:50,005 - INFO - Found 60 links on page 181
2025-06-03 06:42:50,005 - INFO - Scraping page 184...
2025-06-03 06:42:51,568 - INFO - Found 60 links on page 182
2025-06-03 06:42:51,568 - INFO - Scraping page 185...
2025-06-03 06:42:53,204 - INFO - Found 60 links on page 183
2025-06-03 06:42:53,204 - INFO - Scraping page 186...
2025-06-03 06:42:54,500 - INFO - Found 60 links on page 184
2025-06-03 06:42:54,500 - INFO - Scraping page 187...
2025-06-03 06:42:55,551 - INFO - Found 60 links on page 185
2025-06-03 06:42:55,552 - INFO - Scraping page 188...
2025-06-03 06:42:57,932 - INFO - Found 60 links on page 186
2025-06-03 06:42:57,932 - INFO - Scraping page 189...
2025-06-03 06:42:58,574 - INFO - Found 60 links on page 187
2025-06-03 06:42:58,575 - INFO - Scraping page 190...
2025-06-03 06:43:00,249 - INFO - Found 60 links on page 188
2025-06-03 06:43:00,249 - INFO - Scraping page 191...
2025-06-03 06:43:02,058 - INFO - Found 60 links on page 189
2025-06-03 06:43:02,058 - INFO - Scraping page 192...
2025-06-03 06:43:03,040 - INFO - Found 60 links on page 190
2025-06-03 06:43:03,040 - INFO - Scraping page 193...
2025-06-03 06:43:04,334 - INFO - Found 60 links on page 191
2025-06-03 06:43:04,334 - INFO - Scraping page 194...
2025-06-03 06:43:06,205 - INFO - Found 60 links on page 192
2025-06-03 06:43:06,205 - INFO - Scraping page 195...
2025-06-03 06:43:06,935 - INFO - Found 60 links on page 193
2025-06-03 06:43:06,935 - INFO - Scraping page 196...
2025-06-03 06:43:08,344 - INFO - Found 60 links on page 194
2025-06-03 06:43:08,344 - INFO - Scraping page 197...
2025-06-03 06:43:10,278 - INFO - Found 60 links on page 195
2025-06-03 06:43:10,278 - INFO - Scraping page 198...
2025-06-03 06:43:10,836 - INFO - Found 60 links on page 196
2025-06-03 06:43:10,836 - INFO - Scraping page 199...
2025-06-03 06:43:13,213 - INFO - Found 60 links on page 197
2025-06-03 06:43:13,213 - INFO - Scraping page 200...
2025-06-03 06:43:14,730 - INFO - Found 60 links on page 198
2025-06-03 06:43:15,596 - INFO - Found 60 links on page 199
2025-06-03 06:43:17,421 - INFO - Found 60 links on page 200
2025-06-03 06:43:17,428 - INFO - Found 449 new links to scrape out of 12000 total links
2025-06-03 06:43:17,429 - INFO - Processing batch 1/9 (50 links)
2025-06-03 06:43:23,413 - INFO - Progress: 10/50 ads processed
2025-06-03 06:43:28,219 - INFO - Progress: 20/50 ads processed
2025-06-03 06:43:32,968 - INFO - Progress: 30/50 ads processed
2025-06-03 06:43:38,470 - INFO - Progress: 40/50 ads processed
2025-06-03 06:43:43,238 - INFO - Progress: 50/50 ads processed
2025-06-03 06:43:43,302 - INFO - Created backup of existing data file at unegui_data/unegui_sales_data.csv.bak
2025-06-03 06:43:43,580 - INFO - Data saved to unegui_data/unegui_sales_data.csv: 19902 records
2025-06-03 06:43:44,236 - INFO - Cache saved with 20233 URLs
2025-06-03 06:43:44,236 - INFO - Saved batch data. Total records: 19902
2025-06-03 06:43:44,236 - INFO - Processing batch 2/9 (50 links)
2025-06-03 06:43:49,472 - INFO - Progress: 10/50 ads processed
2025-06-03 06:43:54,499 - INFO - Progress: 20/50 ads processed
2025-06-03 06:44:00,427 - INFO - Progress: 30/50 ads processed
2025-06-03 06:44:05,930 - INFO - Progress: 40/50 ads processed
2025-06-03 06:44:11,180 - INFO - Progress: 50/50 ads processed
2025-06-03 06:44:11,241 - INFO - Created backup of existing data file at unegui_data/unegui_sales_data.csv.bak
2025-06-03 06:44:11,519 - INFO - Data saved to unegui_data/unegui_sales_data.csv: 19951 records
2025-06-03 06:44:12,197 - INFO - Cache saved with 20283 URLs
2025-06-03 06:44:12,197 - INFO - Saved batch data. Total records: 19951
2025-06-03 06:44:12,197 - INFO - Processing batch 3/9 (50 links)
2025-06-03 06:44:18,098 - INFO - Progress: 10/50 ads processed
2025-06-03 06:44:22,862 - INFO - Progress: 20/50 ads processed
2025-06-03 06:44:28,744 - INFO - Progress: 30/50 ads processed
2025-06-03 06:44:33,740 - INFO - Progress: 40/50 ads processed
2025-06-03 06:44:38,896 - INFO - Progress: 50/50 ads processed
2025-06-03 06:44:38,958 - INFO - Created backup of existing data file at unegui_data/unegui_sales_data.csv.bak
2025-06-03 06:44:39,236 - INFO - Data saved to unegui_data/unegui_sales_data.csv: 20001 records
2025-06-03 06:44:39,904 - INFO - Cache saved with 20333 URLs
2025-06-03 06:44:39,904 - INFO - Saved batch data. Total records: 20001
2025-06-03 06:44:39,904 - INFO - Processing batch 4/9 (50 links)
2025-06-03 06:44:45,530 - INFO - Progress: 10/50 ads processed
2025-06-03 06:44:51,219 - INFO - Progress: 20/50 ads processed
2025-06-03 06:44:55,938 - INFO - Progress: 30/50 ads processed
2025-06-03 06:45:01,226 - INFO - Progress: 40/50 ads processed
2025-06-03 06:45:06,448 - INFO - Progress: 50/50 ads processed
2025-06-03 06:45:06,511 - INFO - Created backup of existing data file at unegui_data/unegui_sales_data.csv.bak
2025-06-03 06:45:06,791 - INFO - Data saved to unegui_data/unegui_sales_data.csv: 20050 records
2025-06-03 06:45:07,470 - INFO - Cache saved with 20383 URLs
2025-06-03 06:45:07,470 - INFO - Saved batch data. Total records: 20050
2025-06-03 06:45:07,470 - INFO - Processing batch 5/9 (50 links)
2025-06-03 06:45:13,138 - INFO - Progress: 10/50 ads processed
2025-06-03 06:45:18,118 - INFO - Progress: 20/50 ads processed
2025-06-03 06:45:23,181 - INFO - Progress: 30/50 ads processed
2025-06-03 06:45:28,206 - INFO - Progress: 40/50 ads processed
2025-06-03 06:45:34,311 - INFO - Progress: 50/50 ads processed
2025-06-03 06:45:34,373 - INFO - Created backup of existing data file at unegui_data/unegui_sales_data.csv.bak
2025-06-03 06:45:34,654 - INFO - Data saved to unegui_data/unegui_sales_data.csv: 20100 records
2025-06-03 06:45:35,334 - INFO - Cache saved with 20433 URLs
2025-06-03 06:45:35,334 - INFO - Saved batch data. Total records: 20100
2025-06-03 06:45:35,334 - INFO - Processing batch 6/9 (50 links)
2025-06-03 06:45:40,841 - INFO - Progress: 10/50 ads processed
2025-06-03 06:45:46,192 - INFO - Progress: 20/50 ads processed
2025-06-03 06:45:51,166 - INFO - Progress: 30/50 ads processed
2025-06-03 06:45:56,375 - INFO - Progress: 40/50 ads processed
2025-06-03 06:46:01,438 - INFO - Progress: 50/50 ads processed
2025-06-03 06:46:01,501 - INFO - Created backup of existing data file at unegui_data/unegui_sales_data.csv.bak
2025-06-03 06:46:01,782 - INFO - Data saved to unegui_data/unegui_sales_data.csv: 20150 records
2025-06-03 06:46:02,467 - INFO - Cache saved with 20483 URLs
2025-06-03 06:46:02,467 - INFO - Saved batch data. Total records: 20150
2025-06-03 06:46:02,468 - INFO - Processing batch 7/9 (50 links)
2025-06-03 06:46:07,590 - INFO - Progress: 10/50 ads processed
2025-06-03 06:46:12,523 - INFO - Progress: 20/50 ads processed
2025-06-03 06:46:17,577 - INFO - Progress: 30/50 ads processed
2025-06-03 06:46:22,565 - INFO - Progress: 40/50 ads processed
2025-06-03 06:46:27,865 - INFO - Progress: 50/50 ads processed
2025-06-03 06:46:27,929 - INFO - Created backup of existing data file at unegui_data/unegui_sales_data.csv.bak
2025-06-03 06:46:28,213 - INFO - Data saved to unegui_data/unegui_sales_data.csv: 20198 records
2025-06-03 06:46:28,891 - INFO - Cache saved with 20533 URLs
2025-06-03 06:46:28,891 - INFO - Saved batch data. Total records: 20198
2025-06-03 06:46:28,891 - INFO - Processing batch 8/9 (50 links)
2025-06-03 06:46:34,514 - INFO - Progress: 10/50 ads processed
2025-06-03 06:46:39,932 - INFO - Progress: 20/50 ads processed
2025-06-03 06:46:45,375 - INFO - Progress: 30/50 ads processed
2025-06-03 06:46:50,281 - INFO - Progress: 40/50 ads processed
2025-06-03 06:46:55,691 - INFO - Progress: 50/50 ads processed
2025-06-03 06:46:55,754 - INFO - Created backup of existing data file at unegui_data/unegui_sales_data.csv.bak
2025-06-03 06:46:56,038 - INFO - Data saved to unegui_data/unegui_sales_data.csv: 20246 records
2025-06-03 06:46:56,724 - INFO - Cache saved with 20583 URLs
2025-06-03 06:46:56,724 - INFO - Saved batch data. Total records: 20246
2025-06-03 06:46:56,724 - INFO - Processing batch 9/9 (49 links)
2025-06-03 06:47:02,232 - INFO - Progress: 10/49 ads processed
2025-06-03 06:47:07,096 - INFO - Progress: 20/49 ads processed
2025-06-03 06:47:12,609 - INFO - Progress: 30/49 ads processed
2025-06-03 06:47:18,092 - INFO - Progress: 40/49 ads processed
2025-06-03 06:47:22,590 - INFO - Progress: 49/49 ads processed
2025-06-03 06:47:22,653 - INFO - Created backup of existing data file at unegui_data/unegui_sales_data.csv.bak
2025-06-03 06:47:22,936 - INFO - Data saved to unegui_data/unegui_sales_data.csv: 20295 records
2025-06-03 06:47:23,619 - INFO - Cache saved with 20632 URLs
2025-06-03 06:47:23,619 - INFO - Saved batch data. Total records: 20295
2025-06-03 06:47:23,620 - INFO - Scraping completed in 0:08:51.672265. Total ads collected: 20295
