2025-06-27 06:38:11,665 - INFO - Starting sales apartment scraper at 2025-06-27 06:38:11.665299
2025-06-27 06:38:12,073 - INFO - Loaded existing data from unegui_data/unegui_sales_data.csv: 28232 records
2025-06-27 06:38:12,401 - INFO - Loaded 28232 existing records
2025-06-27 06:38:12,408 - INFO - Scraping page 1...
2025-06-27 06:38:12,408 - INFO - Scraping page 2...
2025-06-27 06:38:12,408 - INFO - Scraping page 3...
2025-06-27 06:38:16,122 - INFO - Found 60 links on page 3
2025-06-27 06:38:16,123 - INFO - Scraping page 4...
2025-06-27 06:38:16,651 - INFO - Found 60 links on page 1
2025-06-27 06:38:16,651 - INFO - Scraping page 5...
2025-06-27 06:38:16,916 - INFO - Found 60 links on page 2
2025-06-27 06:38:16,917 - INFO - Scraping page 6...
2025-06-27 06:38:19,706 - INFO - Found 60 links on page 4
2025-06-27 06:38:19,706 - INFO - Scraping page 7...
2025-06-27 06:38:20,346 - INFO - Found 60 links on page 5
2025-06-27 06:38:20,346 - INFO - Scraping page 8...
2025-06-27 06:38:20,612 - INFO - Found 60 links on page 6
2025-06-27 06:38:20,612 - INFO - Scraping page 9...
2025-06-27 06:38:23,937 - INFO - Found 60 links on page 7
2025-06-27 06:38:23,937 - INFO - Scraping page 10...
2025-06-27 06:38:24,241 - INFO - Found 60 links on page 8
2025-06-27 06:38:24,241 - INFO - Scraping page 11...
2025-06-27 06:38:24,678 - INFO - Found 60 links on page 9
2025-06-27 06:38:24,678 - INFO - Scraping page 12...
2025-06-27 06:38:27,975 - INFO - Found 60 links on page 11
2025-06-27 06:38:27,980 - INFO - Scraping page 13...
2025-06-27 06:38:28,158 - INFO - Found 60 links on page 10
2025-06-27 06:38:28,158 - INFO - Scraping page 14...
2025-06-27 06:38:28,668 - INFO - Found 60 links on page 12
2025-06-27 06:38:28,669 - INFO - Scraping page 15...
2025-06-27 06:38:31,913 - INFO - Found 60 links on page 13
2025-06-27 06:38:31,914 - INFO - Scraping page 16...
2025-06-27 06:38:32,123 - INFO - Found 60 links on page 14
2025-06-27 06:38:32,124 - INFO - Scraping page 17...
2025-06-27 06:38:32,580 - INFO - Found 60 links on page 15
2025-06-27 06:38:32,580 - INFO - Scraping page 18...
2025-06-27 06:38:35,738 - INFO - Found 60 links on page 16
2025-06-27 06:38:35,739 - INFO - Scraping page 19...
2025-06-27 06:38:35,953 - INFO - Found 60 links on page 17
2025-06-27 06:38:35,954 - INFO - Scraping page 20...
2025-06-27 06:38:36,579 - INFO - Found 60 links on page 18
2025-06-27 06:38:36,579 - INFO - Scraping page 21...
2025-06-27 06:38:39,412 - INFO - Found 60 links on page 19
2025-06-27 06:38:39,412 - INFO - Scraping page 22...
2025-06-27 06:38:40,074 - INFO - Found 60 links on page 20
2025-06-27 06:38:40,074 - INFO - Scraping page 23...
2025-06-27 06:38:40,526 - INFO - Found 60 links on page 21
2025-06-27 06:38:40,526 - INFO - Scraping page 24...
2025-06-27 06:38:43,353 - INFO - Found 60 links on page 22
2025-06-27 06:38:43,353 - INFO - Scraping page 25...
2025-06-27 06:38:44,049 - INFO - Found 60 links on page 23
2025-06-27 06:38:44,050 - INFO - Scraping page 26...
2025-06-27 06:38:44,430 - INFO - Found 60 links on page 24
2025-06-27 06:38:44,430 - INFO - Scraping page 27...
2025-06-27 06:38:47,262 - INFO - Found 60 links on page 25
2025-06-27 06:38:47,262 - INFO - Scraping page 28...
2025-06-27 06:38:48,585 - INFO - Found 60 links on page 26
2025-06-27 06:38:48,590 - INFO - Scraping page 29...
2025-06-27 06:38:48,685 - INFO - Found 60 links on page 27
2025-06-27 06:38:48,685 - INFO - Scraping page 30...
2025-06-27 06:38:51,524 - INFO - Found 60 links on page 28
2025-06-27 06:38:51,525 - INFO - Scraping page 31...
2025-06-27 06:38:52,434 - INFO - Found 60 links on page 30
2025-06-27 06:38:52,440 - INFO - Scraping page 32...
2025-06-27 06:38:52,620 - INFO - Found 60 links on page 29
2025-06-27 06:38:52,621 - INFO - Scraping page 33...
2025-06-27 06:38:55,575 - INFO - Found 60 links on page 31
2025-06-27 06:38:55,575 - INFO - Scraping page 34...
2025-06-27 06:38:56,390 - INFO - Found 60 links on page 32
2025-06-27 06:38:56,395 - INFO - Scraping page 35...
2025-06-27 06:38:56,590 - INFO - Found 60 links on page 33
2025-06-27 06:38:56,590 - INFO - Scraping page 36...
2025-06-27 06:38:59,558 - INFO - Found 60 links on page 34
2025-06-27 06:38:59,558 - INFO - Scraping page 37...
2025-06-27 06:39:00,670 - INFO - Found 60 links on page 36
2025-06-27 06:39:00,675 - INFO - Scraping page 38...
2025-06-27 06:39:00,787 - INFO - Found 60 links on page 35
2025-06-27 06:39:00,787 - INFO - Scraping page 39...
2025-06-27 06:39:03,741 - INFO - Found 60 links on page 37
2025-06-27 06:39:03,741 - INFO - Scraping page 40...
2025-06-27 06:39:04,681 - INFO - Found 60 links on page 38
2025-06-27 06:39:04,692 - INFO - Scraping page 41...
2025-06-27 06:39:04,753 - INFO - Found 60 links on page 39
2025-06-27 06:39:04,753 - INFO - Scraping page 42...
2025-06-27 06:39:07,729 - INFO - Found 60 links on page 40
2025-06-27 06:39:07,730 - INFO - Scraping page 43...
2025-06-27 06:39:08,628 - INFO - Found 60 links on page 41
2025-06-27 06:39:08,634 - INFO - Scraping page 44...
2025-06-27 06:39:08,803 - INFO - Found 60 links on page 42
2025-06-27 06:39:08,803 - INFO - Scraping page 45...
2025-06-27 06:39:11,575 - INFO - Found 60 links on page 43
2025-06-27 06:39:11,575 - INFO - Scraping page 46...
2025-06-27 06:39:12,548 - INFO - Found 60 links on page 44
2025-06-27 06:39:12,548 - INFO - Scraping page 47...
2025-06-27 06:39:12,999 - INFO - Found 60 links on page 45
2025-06-27 06:39:12,999 - INFO - Scraping page 48...
2025-06-27 06:39:15,692 - INFO - Found 60 links on page 46
2025-06-27 06:39:15,692 - INFO - Scraping page 49...
2025-06-27 06:39:16,482 - INFO - Found 60 links on page 47
2025-06-27 06:39:16,482 - INFO - Scraping page 50...
2025-06-27 06:39:17,088 - INFO - Found 60 links on page 48
2025-06-27 06:39:17,088 - INFO - Scraping page 51...
2025-06-27 06:39:19,528 - INFO - Found 60 links on page 49
2025-06-27 06:39:19,528 - INFO - Scraping page 52...
2025-06-27 06:39:20,742 - INFO - Found 60 links on page 50
2025-06-27 06:39:20,742 - INFO - Scraping page 53...
2025-06-27 06:39:20,960 - INFO - Found 60 links on page 51
2025-06-27 06:39:20,961 - INFO - Scraping page 54...
2025-06-27 06:39:23,913 - INFO - Found 60 links on page 52
2025-06-27 06:39:23,914 - INFO - Scraping page 55...
2025-06-27 06:39:24,555 - INFO - Found 60 links on page 53
2025-06-27 06:39:24,555 - INFO - Scraping page 56...
2025-06-27 06:39:25,239 - INFO - Found 60 links on page 54
2025-06-27 06:39:25,240 - INFO - Scraping page 57...
2025-06-27 06:39:28,678 - INFO - Found 60 links on page 56
2025-06-27 06:39:28,679 - INFO - Scraping page 58...
2025-06-27 06:39:29,228 - INFO - Found 60 links on page 55
2025-06-27 06:39:29,228 - INFO - Scraping page 59...
2025-06-27 06:39:29,503 - INFO - Found 60 links on page 57
2025-06-27 06:39:29,504 - INFO - Scraping page 60...
2025-06-27 06:39:32,653 - INFO - Found 60 links on page 58
2025-06-27 06:39:32,653 - INFO - Scraping page 61...
2025-06-27 06:39:33,238 - INFO - Found 60 links on page 59
2025-06-27 06:39:33,239 - INFO - Scraping page 62...
2025-06-27 06:39:33,852 - INFO - Found 60 links on page 60
2025-06-27 06:39:33,852 - INFO - Scraping page 63...
2025-06-27 06:39:36,791 - INFO - Found 60 links on page 61
2025-06-27 06:39:36,792 - INFO - Scraping page 64...
2025-06-27 06:39:37,317 - INFO - Found 60 links on page 62
2025-06-27 06:39:37,317 - INFO - Scraping page 65...
2025-06-27 06:39:37,865 - INFO - Found 60 links on page 63
2025-06-27 06:39:37,865 - INFO - Scraping page 66...
2025-06-27 06:39:40,671 - INFO - Found 60 links on page 64
2025-06-27 06:39:40,671 - INFO - Scraping page 67...
2025-06-27 06:39:40,955 - INFO - Found 60 links on page 65
2025-06-27 06:39:40,955 - INFO - Scraping page 68...
2025-06-27 06:39:42,350 - INFO - Found 60 links on page 66
2025-06-27 06:39:42,351 - INFO - Scraping page 69...
2025-06-27 06:39:44,876 - INFO - Found 60 links on page 67
2025-06-27 06:39:44,877 - INFO - Scraping page 70...
2025-06-27 06:39:45,094 - INFO - Found 60 links on page 68
2025-06-27 06:39:45,094 - INFO - Scraping page 71...
2025-06-27 06:39:46,444 - INFO - Found 60 links on page 69
2025-06-27 06:39:46,445 - INFO - Scraping page 72...
2025-06-27 06:39:48,761 - INFO - Found 60 links on page 70
2025-06-27 06:39:48,761 - INFO - Scraping page 73...
2025-06-27 06:39:49,444 - INFO - Found 60 links on page 71
2025-06-27 06:39:49,445 - INFO - Scraping page 74...
2025-06-27 06:39:50,841 - INFO - Found 60 links on page 72
2025-06-27 06:39:50,841 - INFO - Scraping page 75...
2025-06-27 06:39:52,941 - INFO - Found 60 links on page 73
2025-06-27 06:39:52,942 - INFO - Scraping page 76...
2025-06-27 06:39:53,767 - INFO - Found 60 links on page 74
2025-06-27 06:39:53,767 - INFO - Scraping page 77...
2025-06-27 06:39:55,098 - INFO - Found 60 links on page 75
2025-06-27 06:39:55,098 - INFO - Scraping page 78...
2025-06-27 06:39:57,058 - INFO - Found 60 links on page 76
2025-06-27 06:39:57,059 - INFO - Scraping page 79...
2025-06-27 06:39:57,916 - INFO - Found 60 links on page 77
2025-06-27 06:39:57,916 - INFO - Scraping page 80...
2025-06-27 06:39:59,252 - INFO - Found 60 links on page 78
2025-06-27 06:39:59,253 - INFO - Scraping page 81...
2025-06-27 06:40:01,339 - INFO - Found 60 links on page 79
2025-06-27 06:40:01,339 - INFO - Scraping page 82...
2025-06-27 06:40:02,395 - INFO - Found 60 links on page 80
2025-06-27 06:40:02,395 - INFO - Scraping page 83...
2025-06-27 06:40:03,166 - INFO - Found 60 links on page 81
2025-06-27 06:40:03,168 - INFO - Scraping page 84...
2025-06-27 06:40:05,431 - INFO - Found 60 links on page 82
2025-06-27 06:40:05,431 - INFO - Scraping page 85...
2025-06-27 06:40:06,284 - INFO - Found 60 links on page 83
2025-06-27 06:40:06,284 - INFO - Scraping page 86...
2025-06-27 06:40:07,306 - INFO - Found 60 links on page 84
2025-06-27 06:40:07,306 - INFO - Scraping page 87...
2025-06-27 06:40:09,541 - INFO - Found 60 links on page 85
2025-06-27 06:40:09,541 - INFO - Scraping page 88...
2025-06-27 06:40:10,534 - INFO - Found 60 links on page 86
2025-06-27 06:40:10,534 - INFO - Scraping page 89...
2025-06-27 06:40:11,561 - INFO - Found 60 links on page 87
2025-06-27 06:40:11,562 - INFO - Scraping page 90...
2025-06-27 06:40:13,753 - INFO - Found 60 links on page 88
2025-06-27 06:40:13,753 - INFO - Scraping page 91...
2025-06-27 06:40:14,343 - INFO - Found 60 links on page 89
2025-06-27 06:40:14,343 - INFO - Scraping page 92...
2025-06-27 06:40:15,402 - INFO - Found 60 links on page 90
2025-06-27 06:40:15,402 - INFO - Scraping page 93...
2025-06-27 06:40:17,535 - INFO - Found 60 links on page 91
2025-06-27 06:40:17,535 - INFO - Scraping page 94...
2025-06-27 06:40:18,281 - INFO - Found 60 links on page 92
2025-06-27 06:40:18,281 - INFO - Scraping page 95...
2025-06-27 06:40:19,327 - INFO - Found 60 links on page 93
2025-06-27 06:40:19,327 - INFO - Scraping page 96...
2025-06-27 06:40:21,816 - INFO - Found 60 links on page 94
2025-06-27 06:40:21,817 - INFO - Scraping page 97...
2025-06-27 06:40:23,054 - INFO - Found 60 links on page 95
2025-06-27 06:40:23,054 - INFO - Scraping page 98...
2025-06-27 06:40:23,789 - INFO - Found 60 links on page 96
2025-06-27 06:40:23,790 - INFO - Scraping page 99...
2025-06-27 06:40:26,454 - INFO - Found 60 links on page 97
2025-06-27 06:40:26,454 - INFO - Scraping page 100...
2025-06-27 06:40:27,331 - INFO - Found 60 links on page 98
2025-06-27 06:40:27,331 - INFO - Scraping page 101...
2025-06-27 06:40:27,707 - INFO - Found 60 links on page 99
2025-06-27 06:40:27,707 - INFO - Scraping page 102...
2025-06-27 06:40:30,432 - INFO - Found 60 links on page 100
2025-06-27 06:40:30,432 - INFO - Scraping page 103...
2025-06-27 06:40:31,631 - INFO - Found 60 links on page 102
2025-06-27 06:40:31,637 - INFO - Scraping page 104...
2025-06-27 06:40:31,746 - INFO - Found 60 links on page 101
2025-06-27 06:40:31,746 - INFO - Scraping page 105...
2025-06-27 06:40:34,406 - INFO - Found 60 links on page 103
2025-06-27 06:40:34,407 - INFO - Scraping page 106...
2025-06-27 06:40:35,610 - INFO - Found 60 links on page 104
2025-06-27 06:40:35,611 - INFO - Scraping page 107...
2025-06-27 06:40:35,848 - INFO - Found 60 links on page 105
2025-06-27 06:40:35,848 - INFO - Scraping page 108...
2025-06-27 06:40:38,696 - INFO - Found 60 links on page 106
2025-06-27 06:40:38,696 - INFO - Scraping page 109...
2025-06-27 06:40:39,647 - INFO - Found 60 links on page 108
2025-06-27 06:40:39,652 - INFO - Scraping page 110...
2025-06-27 06:40:39,878 - INFO - Found 60 links on page 107
2025-06-27 06:40:39,879 - INFO - Scraping page 111...
2025-06-27 06:40:42,912 - INFO - Found 60 links on page 109
2025-06-27 06:40:42,912 - INFO - Scraping page 112...
2025-06-27 06:40:43,779 - INFO - Found 60 links on page 111
2025-06-27 06:40:43,779 - INFO - Scraping page 113...
2025-06-27 06:40:44,337 - INFO - Found 60 links on page 110
2025-06-27 06:40:44,337 - INFO - Scraping page 114...
2025-06-27 06:40:46,919 - INFO - Found 60 links on page 112
2025-06-27 06:40:46,919 - INFO - Scraping page 115...
2025-06-27 06:40:47,887 - INFO - Found 60 links on page 113
2025-06-27 06:40:47,887 - INFO - Scraping page 116...
2025-06-27 06:40:48,994 - INFO - Found 60 links on page 114
2025-06-27 06:40:48,995 - INFO - Scraping page 117...
2025-06-27 06:40:51,062 - INFO - Found 60 links on page 115
2025-06-27 06:40:51,063 - INFO - Scraping page 118...
2025-06-27 06:40:51,904 - INFO - Found 60 links on page 116
2025-06-27 06:40:51,904 - INFO - Scraping page 119...
2025-06-27 06:40:53,207 - INFO - Found 60 links on page 117
2025-06-27 06:40:53,207 - INFO - Scraping page 120...
2025-06-27 06:40:55,082 - INFO - Found 60 links on page 118
2025-06-27 06:40:55,082 - INFO - Scraping page 121...
2025-06-27 06:40:56,055 - INFO - Found 60 links on page 119
2025-06-27 06:40:56,055 - INFO - Scraping page 122...
2025-06-27 06:40:57,467 - INFO - Found 60 links on page 120
2025-06-27 06:40:57,468 - INFO - Scraping page 123...
2025-06-27 06:40:59,308 - INFO - Found 60 links on page 121
2025-06-27 06:40:59,309 - INFO - Scraping page 124...
2025-06-27 06:40:59,823 - INFO - Found 60 links on page 122
2025-06-27 06:40:59,823 - INFO - Scraping page 125...
2025-06-27 06:41:02,019 - INFO - Found 60 links on page 123
2025-06-27 06:41:02,019 - INFO - Scraping page 126...
2025-06-27 06:41:03,185 - INFO - Found 60 links on page 124
2025-06-27 06:41:03,185 - INFO - Scraping page 127...
2025-06-27 06:41:04,519 - INFO - Found 60 links on page 125
2025-06-27 06:41:04,519 - INFO - Scraping page 128...
2025-06-27 06:41:06,357 - INFO - Found 60 links on page 126
2025-06-27 06:41:06,357 - INFO - Scraping page 129...
2025-06-27 06:41:07,481 - INFO - Found 60 links on page 127
2025-06-27 06:41:07,481 - INFO - Scraping page 130...
2025-06-27 06:41:08,540 - INFO - Found 60 links on page 128
2025-06-27 06:41:08,541 - INFO - Scraping page 131...
2025-06-27 06:41:10,446 - INFO - Found 60 links on page 129
2025-06-27 06:41:10,446 - INFO - Scraping page 132...
2025-06-27 06:41:11,395 - INFO - Found 60 links on page 130
2025-06-27 06:41:11,395 - INFO - Scraping page 133...
2025-06-27 06:41:12,306 - INFO - Found 60 links on page 131
2025-06-27 06:41:12,306 - INFO - Scraping page 134...
2025-06-27 06:41:14,362 - INFO - Found 60 links on page 132
2025-06-27 06:41:14,362 - INFO - Scraping page 135...
2025-06-27 06:41:15,445 - INFO - Found 60 links on page 133
2025-06-27 06:41:15,445 - INFO - Scraping page 136...
2025-06-27 06:41:16,201 - INFO - Found 60 links on page 134
2025-06-27 06:41:16,201 - INFO - Scraping page 137...
2025-06-27 06:41:18,468 - INFO - Found 60 links on page 135
2025-06-27 06:41:18,469 - INFO - Scraping page 138...
2025-06-27 06:41:19,543 - INFO - Found 60 links on page 136
2025-06-27 06:41:19,543 - INFO - Scraping page 139...
2025-06-27 06:41:20,235 - INFO - Found 60 links on page 137
2025-06-27 06:41:20,235 - INFO - Scraping page 140...
2025-06-27 06:41:23,104 - INFO - Found 60 links on page 138
2025-06-27 06:41:23,105 - INFO - Scraping page 141...
2025-06-27 06:41:23,615 - INFO - Found 60 links on page 139
2025-06-27 06:41:23,615 - INFO - Scraping page 142...
2025-06-27 06:41:24,461 - INFO - Found 60 links on page 140
2025-06-27 06:41:24,462 - INFO - Scraping page 143...
2025-06-27 06:41:27,318 - INFO - Found 60 links on page 141
2025-06-27 06:41:27,324 - INFO - Scraping page 144...
2025-06-27 06:41:27,486 - INFO - Found 60 links on page 142
2025-06-27 06:41:27,486 - INFO - Scraping page 145...
2025-06-27 06:41:28,568 - INFO - Found 60 links on page 143
2025-06-27 06:41:28,568 - INFO - Scraping page 146...
2025-06-27 06:41:31,908 - INFO - Found 60 links on page 145
2025-06-27 06:41:31,913 - INFO - Scraping page 147...
2025-06-27 06:41:31,983 - INFO - Found 60 links on page 144
2025-06-27 06:41:31,983 - INFO - Scraping page 148...
2025-06-27 06:41:32,459 - INFO - Found 60 links on page 146
2025-06-27 06:41:32,459 - INFO - Scraping page 149...
2025-06-27 06:41:36,260 - INFO - Found 60 links on page 148
2025-06-27 06:41:36,270 - INFO - Scraping page 150...
2025-06-27 06:41:36,421 - INFO - Found 60 links on page 147
2025-06-27 06:41:36,431 - INFO - Scraping page 151...
2025-06-27 06:41:36,582 - INFO - Found 60 links on page 149
2025-06-27 06:41:36,582 - INFO - Scraping page 152...
2025-06-27 06:41:40,749 - INFO - Found 60 links on page 150
2025-06-27 06:41:40,755 - INFO - Scraping page 153...
2025-06-27 06:41:40,898 - INFO - Found 60 links on page 151
2025-06-27 06:41:40,899 - INFO - Scraping page 154...
2025-06-27 06:41:41,213 - INFO - Found 60 links on page 152
2025-06-27 06:41:41,213 - INFO - Scraping page 155...
2025-06-27 06:41:45,111 - INFO - Found 60 links on page 153
2025-06-27 06:41:45,116 - INFO - Scraping page 156...
2025-06-27 06:41:45,165 - INFO - Found 60 links on page 155
2025-06-27 06:41:45,165 - INFO - Scraping page 157...
2025-06-27 06:41:45,402 - INFO - Found 60 links on page 154
2025-06-27 06:41:45,402 - INFO - Scraping page 158...
2025-06-27 06:41:49,257 - INFO - Found 60 links on page 156
2025-06-27 06:41:49,257 - INFO - Scraping page 159...
2025-06-27 06:41:49,497 - INFO - Found 60 links on page 158
2025-06-27 06:41:49,497 - INFO - Scraping page 160...
2025-06-27 06:41:50,226 - INFO - Found 60 links on page 157
2025-06-27 06:41:50,226 - INFO - Scraping page 161...
2025-06-27 06:41:53,664 - INFO - Found 60 links on page 159
2025-06-27 06:41:53,665 - INFO - Scraping page 162...
2025-06-27 06:41:53,936 - INFO - Found 60 links on page 160
2025-06-27 06:41:53,936 - INFO - Scraping page 163...
2025-06-27 06:41:54,296 - INFO - Found 60 links on page 161
2025-06-27 06:41:54,296 - INFO - Scraping page 164...
2025-06-27 06:41:58,067 - INFO - Found 60 links on page 163
2025-06-27 06:41:58,067 - INFO - Scraping page 165...
2025-06-27 06:41:58,473 - INFO - Found 60 links on page 164
2025-06-27 06:41:58,478 - INFO - Scraping page 166...
2025-06-27 06:41:58,557 - INFO - Found 60 links on page 162
2025-06-27 06:41:58,557 - INFO - Scraping page 167...
2025-06-27 06:42:02,392 - INFO - Found 60 links on page 166
2025-06-27 06:42:02,393 - INFO - Scraping page 168...
2025-06-27 06:42:02,696 - INFO - Found 60 links on page 165
2025-06-27 06:42:02,696 - INFO - Scraping page 169...
2025-06-27 06:42:03,040 - INFO - Found 60 links on page 167
2025-06-27 06:42:03,040 - INFO - Scraping page 170...
2025-06-27 06:42:06,760 - INFO - Found 60 links on page 168
2025-06-27 06:42:06,760 - INFO - Scraping page 171...
2025-06-27 06:42:07,577 - INFO - Found 60 links on page 169
2025-06-27 06:42:07,588 - INFO - Scraping page 172...
2025-06-27 06:42:07,654 - INFO - Found 60 links on page 170
2025-06-27 06:42:07,654 - INFO - Scraping page 173...
2025-06-27 06:42:10,545 - INFO - Found 60 links on page 171
2025-06-27 06:42:10,545 - INFO - Scraping page 174...
2025-06-27 06:42:11,635 - INFO - Found 60 links on page 173
2025-06-27 06:42:11,636 - INFO - Scraping page 175...
2025-06-27 06:42:11,917 - INFO - Found 60 links on page 172
2025-06-27 06:42:11,917 - INFO - Scraping page 176...
2025-06-27 06:42:14,775 - INFO - Found 60 links on page 174
2025-06-27 06:42:14,775 - INFO - Scraping page 177...
2025-06-27 06:42:15,728 - INFO - Found 60 links on page 175
2025-06-27 06:42:15,728 - INFO - Scraping page 178...
2025-06-27 06:42:16,071 - INFO - Found 60 links on page 176
2025-06-27 06:42:16,072 - INFO - Scraping page 179...
2025-06-27 06:42:18,642 - INFO - Found 60 links on page 177
2025-06-27 06:42:18,642 - INFO - Scraping page 180...
2025-06-27 06:42:19,790 - INFO - Found 60 links on page 178
2025-06-27 06:42:19,790 - INFO - Scraping page 181...
2025-06-27 06:42:20,298 - INFO - Found 60 links on page 179
2025-06-27 06:42:20,298 - INFO - Scraping page 182...
2025-06-27 06:42:22,929 - INFO - Found 60 links on page 180
2025-06-27 06:42:22,930 - INFO - Scraping page 183...
2025-06-27 06:42:23,982 - INFO - Found 60 links on page 181
2025-06-27 06:42:23,982 - INFO - Scraping page 184...
2025-06-27 06:42:24,747 - INFO - Found 60 links on page 182
2025-06-27 06:42:24,747 - INFO - Scraping page 185...
2025-06-27 06:42:27,326 - INFO - Found 60 links on page 183
2025-06-27 06:42:27,326 - INFO - Scraping page 186...
2025-06-27 06:42:28,087 - INFO - Found 60 links on page 184
2025-06-27 06:42:28,087 - INFO - Scraping page 187...
2025-06-27 06:42:29,109 - INFO - Found 60 links on page 185
2025-06-27 06:42:29,110 - INFO - Scraping page 188...
2025-06-27 06:42:31,774 - INFO - Found 60 links on page 186
2025-06-27 06:42:31,775 - INFO - Scraping page 189...
2025-06-27 06:42:32,230 - INFO - Found 60 links on page 187
2025-06-27 06:42:32,230 - INFO - Scraping page 190...
2025-06-27 06:42:33,013 - INFO - Found 60 links on page 188
2025-06-27 06:42:33,013 - INFO - Scraping page 191...
2025-06-27 06:42:35,625 - INFO - Found 60 links on page 189
2025-06-27 06:42:35,626 - INFO - Scraping page 192...
2025-06-27 06:42:36,092 - INFO - Found 60 links on page 190
2025-06-27 06:42:36,093 - INFO - Scraping page 193...
2025-06-27 06:42:36,939 - INFO - Found 60 links on page 191
2025-06-27 06:42:36,939 - INFO - Scraping page 194...
2025-06-27 06:42:39,781 - INFO - Found 60 links on page 192
2025-06-27 06:42:39,781 - INFO - Scraping page 195...
2025-06-27 06:42:40,505 - INFO - Found 60 links on page 193
2025-06-27 06:42:40,505 - INFO - Scraping page 196...
2025-06-27 06:42:41,610 - INFO - Found 60 links on page 194
2025-06-27 06:42:41,611 - INFO - Scraping page 197...
2025-06-27 06:42:43,830 - INFO - Found 60 links on page 195
2025-06-27 06:42:43,831 - INFO - Scraping page 198...
2025-06-27 06:42:44,635 - INFO - Found 60 links on page 196
2025-06-27 06:42:44,635 - INFO - Scraping page 199...
2025-06-27 06:42:46,110 - INFO - Found 60 links on page 197
2025-06-27 06:42:46,111 - INFO - Scraping page 200...
2025-06-27 06:42:48,181 - INFO - Found 60 links on page 198
2025-06-27 06:42:48,962 - INFO - Found 60 links on page 199
2025-06-27 06:42:50,538 - INFO - Found 60 links on page 200
2025-06-27 06:42:50,546 - INFO - Found 336 new links to scrape out of 12000 total links
2025-06-27 06:42:50,546 - INFO - Processing batch 1/7 (50 links)
2025-06-27 06:42:55,698 - INFO - Progress: 10/50 ads processed
2025-06-27 06:43:00,865 - INFO - Progress: 20/50 ads processed
2025-06-27 06:43:06,074 - INFO - Progress: 30/50 ads processed
2025-06-27 06:43:11,330 - INFO - Progress: 40/50 ads processed
2025-06-27 06:43:16,801 - INFO - Progress: 50/50 ads processed
2025-06-27 06:43:16,891 - INFO - Created backup of existing data file at unegui_data/unegui_sales_data.csv.bak
2025-06-27 06:43:17,290 - INFO - Data saved to unegui_data/unegui_sales_data.csv: 28282 records
2025-06-27 06:43:18,239 - INFO - Cache saved with 28772 URLs
2025-06-27 06:43:18,240 - INFO - Saved batch data. Total records: 28282
2025-06-27 06:43:18,240 - INFO - Processing batch 2/7 (50 links)
2025-06-27 06:43:23,763 - INFO - Progress: 10/50 ads processed
2025-06-27 06:43:29,030 - INFO - Progress: 20/50 ads processed
2025-06-27 06:43:34,396 - INFO - Progress: 30/50 ads processed
2025-06-27 06:43:40,092 - INFO - Progress: 40/50 ads processed
2025-06-27 06:43:44,973 - INFO - Progress: 50/50 ads processed
2025-06-27 06:43:45,063 - INFO - Created backup of existing data file at unegui_data/unegui_sales_data.csv.bak
2025-06-27 06:43:45,460 - INFO - Data saved to unegui_data/unegui_sales_data.csv: 28330 records
2025-06-27 06:43:46,404 - INFO - Cache saved with 28822 URLs
2025-06-27 06:43:46,404 - INFO - Saved batch data. Total records: 28330
2025-06-27 06:43:46,404 - INFO - Processing batch 3/7 (50 links)
2025-06-27 06:43:51,508 - INFO - Progress: 10/50 ads processed
2025-06-27 06:43:56,820 - INFO - Progress: 20/50 ads processed
2025-06-27 06:44:02,313 - INFO - Progress: 30/50 ads processed
2025-06-27 06:44:07,944 - INFO - Progress: 40/50 ads processed
2025-06-27 06:44:12,820 - INFO - Progress: 50/50 ads processed
2025-06-27 06:44:12,908 - INFO - Created backup of existing data file at unegui_data/unegui_sales_data.csv.bak
2025-06-27 06:44:13,310 - INFO - Data saved to unegui_data/unegui_sales_data.csv: 28378 records
2025-06-27 06:44:14,284 - INFO - Cache saved with 28872 URLs
2025-06-27 06:44:14,284 - INFO - Saved batch data. Total records: 28378
2025-06-27 06:44:14,284 - INFO - Processing batch 4/7 (50 links)
2025-06-27 06:44:20,053 - INFO - Progress: 10/50 ads processed
2025-06-27 06:44:24,852 - INFO - Progress: 20/50 ads processed
2025-06-27 06:44:29,910 - INFO - Progress: 30/50 ads processed
2025-06-27 06:44:34,990 - INFO - Progress: 40/50 ads processed
2025-06-27 06:44:41,279 - INFO - Progress: 50/50 ads processed
2025-06-27 06:44:41,368 - INFO - Created backup of existing data file at unegui_data/unegui_sales_data.csv.bak
2025-06-27 06:44:41,764 - INFO - Data saved to unegui_data/unegui_sales_data.csv: 28427 records
2025-06-27 06:44:42,705 - INFO - Cache saved with 28922 URLs
2025-06-27 06:44:42,705 - INFO - Saved batch data. Total records: 28427
2025-06-27 06:44:42,705 - INFO - Processing batch 5/7 (50 links)
2025-06-27 06:44:47,913 - INFO - Progress: 10/50 ads processed
2025-06-27 06:44:53,290 - INFO - Progress: 20/50 ads processed
2025-06-27 06:44:58,515 - INFO - Progress: 30/50 ads processed
2025-06-27 06:45:03,678 - INFO - Progress: 40/50 ads processed
2025-06-27 06:45:08,834 - INFO - Progress: 50/50 ads processed
2025-06-27 06:45:08,922 - INFO - Created backup of existing data file at unegui_data/unegui_sales_data.csv.bak
2025-06-27 06:45:09,320 - INFO - Data saved to unegui_data/unegui_sales_data.csv: 28476 records
2025-06-27 06:45:10,269 - INFO - Cache saved with 28972 URLs
2025-06-27 06:45:10,269 - INFO - Saved batch data. Total records: 28476
2025-06-27 06:45:10,269 - INFO - Processing batch 6/7 (50 links)
2025-06-27 06:45:15,766 - INFO - Progress: 10/50 ads processed
2025-06-27 06:45:20,720 - INFO - Progress: 20/50 ads processed
2025-06-27 06:45:25,712 - INFO - Progress: 30/50 ads processed
2025-06-27 06:45:31,757 - INFO - Progress: 40/50 ads processed
2025-06-27 06:45:37,443 - INFO - Progress: 50/50 ads processed
2025-06-27 06:45:37,531 - INFO - Created backup of existing data file at unegui_data/unegui_sales_data.csv.bak
2025-06-27 06:45:37,930 - INFO - Data saved to unegui_data/unegui_sales_data.csv: 28524 records
2025-06-27 06:45:38,889 - INFO - Cache saved with 29022 URLs
2025-06-27 06:45:38,890 - INFO - Saved batch data. Total records: 28524
2025-06-27 06:45:38,890 - INFO - Processing batch 7/7 (36 links)
2025-06-27 06:45:44,594 - INFO - Progress: 10/36 ads processed
2025-06-27 06:45:50,061 - INFO - Progress: 20/36 ads processed
2025-06-27 06:45:54,857 - INFO - Progress: 30/36 ads processed
2025-06-27 06:45:59,538 - INFO - Progress: 36/36 ads processed
2025-06-27 06:45:59,627 - INFO - Created backup of existing data file at unegui_data/unegui_sales_data.csv.bak
2025-06-27 06:46:00,028 - INFO - Data saved to unegui_data/unegui_sales_data.csv: 28560 records
2025-06-27 06:46:00,984 - INFO - Cache saved with 29058 URLs
2025-06-27 06:46:00,984 - INFO - Saved batch data. Total records: 28560
2025-06-27 06:46:00,985 - INFO - Scraping completed in 0:07:49.319746. Total ads collected: 28560
