2025-06-17 06:37:39,824 - INFO - Starting sales apartment scraper at 2025-06-17 06:37:39.824874
2025-06-17 06:37:40,247 - INFO - Loaded existing data from unegui_data/unegui_sales_data.csv: 24815 records
2025-06-17 06:37:40,529 - INFO - Loaded 24815 existing records
2025-06-17 06:37:40,555 - INFO - Scraping page 1...
2025-06-17 06:37:40,555 - INFO - Scraping page 2...
2025-06-17 06:37:40,555 - INFO - Scraping page 3...
2025-06-17 06:37:45,090 - INFO - Found 60 links on page 2
2025-06-17 06:37:45,101 - INFO - Scraping page 4...
2025-06-17 06:37:45,237 - INFO - Found 60 links on page 3
2025-06-17 06:37:45,237 - INFO - Scraping page 5...
2025-06-17 06:37:45,770 - INFO - Found 60 links on page 1
2025-06-17 06:37:45,770 - INFO - Scraping page 6...
2025-06-17 06:37:48,814 - INFO - Found 60 links on page 4
2025-06-17 06:37:48,814 - INFO - Scraping page 7...
2025-06-17 06:37:49,031 - INFO - Found 60 links on page 5
2025-06-17 06:37:49,031 - INFO - Scraping page 8...
2025-06-17 06:37:49,649 - INFO - Found 60 links on page 6
2025-06-17 06:37:49,649 - INFO - Scraping page 9...
2025-06-17 06:37:52,725 - INFO - Found 60 links on page 7
2025-06-17 06:37:52,725 - INFO - Scraping page 10...
2025-06-17 06:37:52,935 - INFO - Found 60 links on page 8
2025-06-17 06:37:52,936 - INFO - Scraping page 11...
2025-06-17 06:37:54,072 - INFO - Found 60 links on page 9
2025-06-17 06:37:54,073 - INFO - Scraping page 12...
2025-06-17 06:37:56,534 - INFO - Found 60 links on page 10
2025-06-17 06:37:56,534 - INFO - Scraping page 13...
2025-06-17 06:37:57,557 - INFO - Found 60 links on page 11
2025-06-17 06:37:57,557 - INFO - Scraping page 14...
2025-06-17 06:37:58,104 - INFO - Found 60 links on page 12
2025-06-17 06:37:58,104 - INFO - Scraping page 15...
2025-06-17 06:38:00,669 - INFO - Found 60 links on page 13
2025-06-17 06:38:00,669 - INFO - Scraping page 16...
2025-06-17 06:38:01,663 - INFO - Found 60 links on page 14
2025-06-17 06:38:01,664 - INFO - Scraping page 17...
2025-06-17 06:38:01,875 - INFO - Found 60 links on page 15
2025-06-17 06:38:01,876 - INFO - Scraping page 18...
2025-06-17 06:38:04,756 - INFO - Found 60 links on page 16
2025-06-17 06:38:04,757 - INFO - Scraping page 19...
2025-06-17 06:38:05,428 - INFO - Found 60 links on page 18
2025-06-17 06:38:05,429 - INFO - Scraping page 20...
2025-06-17 06:38:05,708 - INFO - Found 60 links on page 17
2025-06-17 06:38:05,708 - INFO - Scraping page 21...
2025-06-17 06:38:08,650 - INFO - Found 60 links on page 19
2025-06-17 06:38:08,651 - INFO - Scraping page 22...
2025-06-17 06:38:09,913 - INFO - Found 60 links on page 21
2025-06-17 06:38:09,914 - INFO - Scraping page 23...
2025-06-17 06:38:10,203 - INFO - Found 60 links on page 20
2025-06-17 06:38:10,203 - INFO - Scraping page 24...
2025-06-17 06:38:12,932 - INFO - Found 60 links on page 22
2025-06-17 06:38:12,932 - INFO - Scraping page 25...
2025-06-17 06:38:14,296 - INFO - Found 60 links on page 23
2025-06-17 06:38:14,296 - INFO - Scraping page 26...
2025-06-17 06:38:14,620 - INFO - Found 60 links on page 24
2025-06-17 06:38:14,620 - INFO - Scraping page 27...
2025-06-17 06:38:17,050 - INFO - Found 60 links on page 25
2025-06-17 06:38:17,050 - INFO - Scraping page 28...
2025-06-17 06:38:18,635 - INFO - Found 60 links on page 27
2025-06-17 06:38:18,635 - INFO - Scraping page 29...
2025-06-17 06:38:18,851 - INFO - Found 60 links on page 26
2025-06-17 06:38:18,851 - INFO - Scraping page 30...
2025-06-17 06:38:21,360 - INFO - Found 60 links on page 28
2025-06-17 06:38:21,360 - INFO - Scraping page 31...
2025-06-17 06:38:22,757 - INFO - Found 60 links on page 29
2025-06-17 06:38:22,757 - INFO - Scraping page 32...
2025-06-17 06:38:23,035 - INFO - Found 60 links on page 30
2025-06-17 06:38:23,035 - INFO - Scraping page 33...
2025-06-17 06:38:25,633 - INFO - Found 60 links on page 31
2025-06-17 06:38:25,633 - INFO - Scraping page 34...
2025-06-17 06:38:27,205 - INFO - Found 60 links on page 33
2025-06-17 06:38:27,206 - INFO - Scraping page 35...
2025-06-17 06:38:27,509 - INFO - Found 60 links on page 32
2025-06-17 06:38:27,509 - INFO - Scraping page 36...
2025-06-17 06:38:29,818 - INFO - Found 60 links on page 34
2025-06-17 06:38:29,819 - INFO - Scraping page 37...
2025-06-17 06:38:31,328 - INFO - Found 60 links on page 35
2025-06-17 06:38:31,328 - INFO - Scraping page 38...
2025-06-17 06:38:31,755 - INFO - Found 60 links on page 36
2025-06-17 06:38:31,755 - INFO - Scraping page 39...
2025-06-17 06:38:33,756 - INFO - Found 60 links on page 37
2025-06-17 06:38:33,756 - INFO - Scraping page 40...
2025-06-17 06:38:35,451 - INFO - Found 60 links on page 38
2025-06-17 06:38:35,452 - INFO - Scraping page 41...
2025-06-17 06:38:35,925 - INFO - Found 60 links on page 39
2025-06-17 06:38:35,926 - INFO - Scraping page 42...
2025-06-17 06:38:37,752 - INFO - Found 60 links on page 40
2025-06-17 06:38:37,753 - INFO - Scraping page 43...
2025-06-17 06:38:39,538 - INFO - Found 60 links on page 41
2025-06-17 06:38:39,538 - INFO - Scraping page 44...
2025-06-17 06:38:40,031 - INFO - Found 60 links on page 42
2025-06-17 06:38:40,031 - INFO - Scraping page 45...
2025-06-17 06:38:41,795 - INFO - Found 60 links on page 43
2025-06-17 06:38:41,795 - INFO - Scraping page 46...
2025-06-17 06:38:43,716 - INFO - Found 60 links on page 44
2025-06-17 06:38:43,716 - INFO - Scraping page 47...
2025-06-17 06:38:44,367 - INFO - Found 60 links on page 45
2025-06-17 06:38:44,368 - INFO - Scraping page 48...
2025-06-17 06:38:46,352 - INFO - Found 60 links on page 46
2025-06-17 06:38:46,352 - INFO - Scraping page 49...
2025-06-17 06:38:47,883 - INFO - Found 60 links on page 47
2025-06-17 06:38:47,883 - INFO - Scraping page 50...
2025-06-17 06:38:48,547 - INFO - Found 60 links on page 48
2025-06-17 06:38:48,548 - INFO - Scraping page 51...
2025-06-17 06:38:50,680 - INFO - Found 60 links on page 49
2025-06-17 06:38:50,680 - INFO - Scraping page 52...
2025-06-17 06:38:51,916 - INFO - Found 60 links on page 50
2025-06-17 06:38:51,916 - INFO - Scraping page 53...
2025-06-17 06:38:52,787 - INFO - Found 60 links on page 51
2025-06-17 06:38:52,787 - INFO - Scraping page 54...
2025-06-17 06:38:55,486 - INFO - Found 60 links on page 52
2025-06-17 06:38:55,486 - INFO - Scraping page 55...
2025-06-17 06:38:55,889 - INFO - Found 60 links on page 53
2025-06-17 06:38:55,889 - INFO - Scraping page 56...
2025-06-17 06:38:57,262 - INFO - Found 60 links on page 54
2025-06-17 06:38:57,262 - INFO - Scraping page 57...
2025-06-17 06:38:59,853 - INFO - Found 60 links on page 56
2025-06-17 06:38:59,858 - INFO - Scraping page 58...
2025-06-17 06:38:59,949 - INFO - Found 60 links on page 55
2025-06-17 06:38:59,949 - INFO - Scraping page 59...
2025-06-17 06:39:02,058 - INFO - Found 60 links on page 57
2025-06-17 06:39:02,058 - INFO - Scraping page 60...
2025-06-17 06:39:04,036 - INFO - Found 60 links on page 58
2025-06-17 06:39:04,036 - INFO - Scraping page 61...
2025-06-17 06:39:04,314 - INFO - Found 60 links on page 59
2025-06-17 06:39:04,314 - INFO - Scraping page 62...
2025-06-17 06:39:05,886 - INFO - Found 60 links on page 60
2025-06-17 06:39:05,886 - INFO - Scraping page 63...
2025-06-17 06:39:07,941 - INFO - Found 60 links on page 61
2025-06-17 06:39:07,942 - INFO - Scraping page 64...
2025-06-17 06:39:08,238 - INFO - Found 60 links on page 62
2025-06-17 06:39:08,238 - INFO - Scraping page 65...
2025-06-17 06:39:09,838 - INFO - Found 60 links on page 63
2025-06-17 06:39:09,838 - INFO - Scraping page 66...
2025-06-17 06:39:12,258 - INFO - Found 60 links on page 65
2025-06-17 06:39:12,258 - INFO - Scraping page 67...
2025-06-17 06:39:12,786 - INFO - Found 60 links on page 64
2025-06-17 06:39:12,786 - INFO - Scraping page 68...
2025-06-17 06:39:13,848 - INFO - Found 60 links on page 66
2025-06-17 06:39:13,848 - INFO - Scraping page 69...
2025-06-17 06:39:16,352 - INFO - Found 60 links on page 67
2025-06-17 06:39:16,352 - INFO - Scraping page 70...
2025-06-17 06:39:16,757 - INFO - Found 60 links on page 68
2025-06-17 06:39:16,757 - INFO - Scraping page 71...
2025-06-17 06:39:19,296 - INFO - Found 60 links on page 69
2025-06-17 06:39:19,296 - INFO - Scraping page 72...
2025-06-17 06:39:20,258 - INFO - Found 60 links on page 70
2025-06-17 06:39:20,258 - INFO - Scraping page 73...
2025-06-17 06:39:21,040 - INFO - Found 60 links on page 71
2025-06-17 06:39:21,040 - INFO - Scraping page 74...
2025-06-17 06:39:23,880 - INFO - Found 60 links on page 72
2025-06-17 06:39:23,881 - INFO - Scraping page 75...
2025-06-17 06:39:24,938 - INFO - Found 60 links on page 74
2025-06-17 06:39:24,943 - INFO - Scraping page 76...
2025-06-17 06:39:25,147 - INFO - Found 60 links on page 73
2025-06-17 06:39:25,148 - INFO - Scraping page 77...
2025-06-17 06:39:27,984 - INFO - Found 60 links on page 75
2025-06-17 06:39:27,984 - INFO - Scraping page 78...
2025-06-17 06:39:29,404 - INFO - Found 60 links on page 77
2025-06-17 06:39:29,404 - INFO - Scraping page 79...
2025-06-17 06:39:29,609 - INFO - Found 60 links on page 76
2025-06-17 06:39:29,609 - INFO - Scraping page 80...
2025-06-17 06:39:31,845 - INFO - Found 60 links on page 78
2025-06-17 06:39:31,845 - INFO - Scraping page 81...
2025-06-17 06:39:33,528 - INFO - Found 60 links on page 79
2025-06-17 06:39:33,528 - INFO - Scraping page 82...
2025-06-17 06:39:33,734 - INFO - Found 60 links on page 80
2025-06-17 06:39:33,734 - INFO - Scraping page 83...
2025-06-17 06:39:35,844 - INFO - Found 60 links on page 81
2025-06-17 06:39:35,845 - INFO - Scraping page 84...
2025-06-17 06:39:37,716 - INFO - Found 60 links on page 82
2025-06-17 06:39:37,716 - INFO - Scraping page 85...
2025-06-17 06:39:38,603 - INFO - Found 60 links on page 83
2025-06-17 06:39:38,603 - INFO - Scraping page 86...
2025-06-17 06:39:39,804 - INFO - Found 60 links on page 84
2025-06-17 06:39:39,804 - INFO - Scraping page 87...
2025-06-17 06:39:42,197 - INFO - Found 60 links on page 85
2025-06-17 06:39:42,197 - INFO - Scraping page 88...
2025-06-17 06:39:43,471 - INFO - Found 60 links on page 86
2025-06-17 06:39:43,471 - INFO - Scraping page 89...
2025-06-17 06:39:43,972 - INFO - Found 60 links on page 87
2025-06-17 06:39:43,972 - INFO - Scraping page 90...
2025-06-17 06:39:46,128 - INFO - Found 60 links on page 88
2025-06-17 06:39:46,128 - INFO - Scraping page 91...
2025-06-17 06:39:47,883 - INFO - Found 60 links on page 89
2025-06-17 06:39:47,884 - INFO - Scraping page 92...
2025-06-17 06:39:48,089 - INFO - Found 60 links on page 90
2025-06-17 06:39:48,089 - INFO - Scraping page 93...
2025-06-17 06:39:50,253 - INFO - Found 60 links on page 91
2025-06-17 06:39:50,253 - INFO - Scraping page 94...
2025-06-17 06:39:52,143 - INFO - Found 60 links on page 92
2025-06-17 06:39:52,143 - INFO - Scraping page 95...
2025-06-17 06:39:52,405 - INFO - Found 60 links on page 93
2025-06-17 06:39:52,405 - INFO - Scraping page 96...
2025-06-17 06:39:54,421 - INFO - Found 60 links on page 94
2025-06-17 06:39:54,421 - INFO - Scraping page 97...
2025-06-17 06:39:56,726 - INFO - Found 60 links on page 96
2025-06-17 06:39:56,726 - INFO - Scraping page 98...
2025-06-17 06:39:56,932 - INFO - Found 60 links on page 95
2025-06-17 06:39:56,932 - INFO - Scraping page 99...
2025-06-17 06:39:58,591 - INFO - Found 60 links on page 97
2025-06-17 06:39:58,592 - INFO - Scraping page 100...
2025-06-17 06:40:01,225 - INFO - Found 60 links on page 98
2025-06-17 06:40:01,236 - INFO - Scraping page 101...
2025-06-17 06:40:01,387 - INFO - Found 60 links on page 99
2025-06-17 06:40:01,388 - INFO - Scraping page 102...
2025-06-17 06:40:03,302 - INFO - Found 60 links on page 100
2025-06-17 06:40:03,302 - INFO - Scraping page 103...
2025-06-17 06:40:05,313 - INFO - Found 60 links on page 101
2025-06-17 06:40:05,318 - INFO - Scraping page 104...
2025-06-17 06:40:05,453 - INFO - Found 60 links on page 102
2025-06-17 06:40:05,454 - INFO - Scraping page 105...
2025-06-17 06:40:07,868 - INFO - Found 60 links on page 103
2025-06-17 06:40:07,868 - INFO - Scraping page 106...
2025-06-17 06:40:09,609 - INFO - Found 60 links on page 104
2025-06-17 06:40:09,609 - INFO - Scraping page 107...
2025-06-17 06:40:09,869 - INFO - Found 60 links on page 105
2025-06-17 06:40:09,869 - INFO - Scraping page 108...
2025-06-17 06:40:12,141 - INFO - Found 60 links on page 106
2025-06-17 06:40:12,141 - INFO - Scraping page 109...
2025-06-17 06:40:14,241 - INFO - Found 60 links on page 108
2025-06-17 06:40:14,242 - INFO - Scraping page 110...
2025-06-17 06:40:14,559 - INFO - Found 60 links on page 107
2025-06-17 06:40:14,559 - INFO - Scraping page 111...
2025-06-17 06:40:16,744 - INFO - Found 60 links on page 109
2025-06-17 06:40:16,744 - INFO - Scraping page 112...
2025-06-17 06:40:18,305 - INFO - Found 60 links on page 110
2025-06-17 06:40:18,305 - INFO - Scraping page 113...
2025-06-17 06:40:18,543 - INFO - Found 60 links on page 111
2025-06-17 06:40:18,543 - INFO - Scraping page 114...
2025-06-17 06:40:21,109 - INFO - Found 60 links on page 112
2025-06-17 06:40:21,109 - INFO - Scraping page 115...
2025-06-17 06:40:22,976 - INFO - Found 60 links on page 113
2025-06-17 06:40:22,976 - INFO - Scraping page 116...
2025-06-17 06:40:23,271 - INFO - Found 60 links on page 114
2025-06-17 06:40:23,271 - INFO - Scraping page 117...
2025-06-17 06:40:25,419 - INFO - Found 60 links on page 115
2025-06-17 06:40:25,419 - INFO - Scraping page 118...
2025-06-17 06:40:27,316 - INFO - Found 60 links on page 116
2025-06-17 06:40:27,321 - INFO - Scraping page 119...
2025-06-17 06:40:27,575 - INFO - Found 60 links on page 117
2025-06-17 06:40:27,575 - INFO - Scraping page 120...
2025-06-17 06:40:29,432 - INFO - Found 60 links on page 118
2025-06-17 06:40:29,432 - INFO - Scraping page 121...
2025-06-17 06:40:31,687 - INFO - Found 60 links on page 119
2025-06-17 06:40:31,697 - INFO - Scraping page 122...
2025-06-17 06:40:31,810 - INFO - Found 60 links on page 120
2025-06-17 06:40:31,810 - INFO - Scraping page 123...
2025-06-17 06:40:34,108 - INFO - Found 60 links on page 121
2025-06-17 06:40:34,108 - INFO - Scraping page 124...
2025-06-17 06:40:35,692 - INFO - Found 60 links on page 122
2025-06-17 06:40:35,692 - INFO - Scraping page 125...
2025-06-17 06:40:36,191 - INFO - Found 60 links on page 123
2025-06-17 06:40:36,191 - INFO - Scraping page 126...
2025-06-17 06:40:38,191 - INFO - Found 60 links on page 124
2025-06-17 06:40:38,192 - INFO - Scraping page 127...
2025-06-17 06:40:39,657 - INFO - Found 60 links on page 125
2025-06-17 06:40:39,657 - INFO - Scraping page 128...
2025-06-17 06:40:40,444 - INFO - Found 60 links on page 126
2025-06-17 06:40:40,444 - INFO - Scraping page 129...
2025-06-17 06:40:43,086 - INFO - Found 60 links on page 127
2025-06-17 06:40:43,086 - INFO - Scraping page 130...
2025-06-17 06:40:44,336 - INFO - Found 60 links on page 128
2025-06-17 06:40:44,337 - INFO - Scraping page 131...
2025-06-17 06:40:44,608 - INFO - Found 60 links on page 129
2025-06-17 06:40:44,608 - INFO - Scraping page 132...
2025-06-17 06:40:47,375 - INFO - Found 60 links on page 130
2025-06-17 06:40:47,375 - INFO - Scraping page 133...
2025-06-17 06:40:48,547 - INFO - Found 60 links on page 131
2025-06-17 06:40:48,547 - INFO - Scraping page 134...
2025-06-17 06:40:49,097 - INFO - Found 60 links on page 132
2025-06-17 06:40:49,097 - INFO - Scraping page 135...
2025-06-17 06:40:51,792 - INFO - Found 60 links on page 133
2025-06-17 06:40:51,792 - INFO - Scraping page 136...
2025-06-17 06:40:52,619 - INFO - Found 60 links on page 134
2025-06-17 06:40:52,619 - INFO - Scraping page 137...
2025-06-17 06:40:53,142 - INFO - Found 60 links on page 135
2025-06-17 06:40:53,142 - INFO - Scraping page 138...
2025-06-17 06:40:56,551 - INFO - Found 60 links on page 137
2025-06-17 06:40:56,557 - INFO - Scraping page 139...
2025-06-17 06:40:56,817 - INFO - Found 60 links on page 136
2025-06-17 06:40:56,827 - INFO - Scraping page 140...
2025-06-17 06:40:56,990 - INFO - Found 60 links on page 138
2025-06-17 06:40:56,990 - INFO - Scraping page 141...
2025-06-17 06:41:00,508 - INFO - Found 60 links on page 139
2025-06-17 06:41:00,508 - INFO - Scraping page 142...
2025-06-17 06:41:00,771 - INFO - Found 60 links on page 140
2025-06-17 06:41:00,772 - INFO - Scraping page 143...
2025-06-17 06:41:01,455 - INFO - Found 60 links on page 141
2025-06-17 06:41:01,455 - INFO - Scraping page 144...
2025-06-17 06:41:04,735 - INFO - Found 60 links on page 142
2025-06-17 06:41:04,735 - INFO - Scraping page 145...
2025-06-17 06:41:05,034 - INFO - Found 60 links on page 143
2025-06-17 06:41:05,034 - INFO - Scraping page 146...
2025-06-17 06:41:05,233 - INFO - Found 60 links on page 144
2025-06-17 06:41:05,233 - INFO - Scraping page 147...
2025-06-17 06:41:09,022 - INFO - Found 60 links on page 145
2025-06-17 06:41:09,028 - INFO - Scraping page 148...
2025-06-17 06:41:09,225 - INFO - Found 60 links on page 146
2025-06-17 06:41:09,226 - INFO - Scraping page 149...
2025-06-17 06:41:09,485 - INFO - Found 60 links on page 147
2025-06-17 06:41:09,486 - INFO - Scraping page 150...
2025-06-17 06:41:12,958 - INFO - Found 60 links on page 148
2025-06-17 06:41:12,958 - INFO - Scraping page 151...
2025-06-17 06:41:13,525 - INFO - Found 60 links on page 149
2025-06-17 06:41:13,526 - INFO - Scraping page 152...
2025-06-17 06:41:13,949 - INFO - Found 60 links on page 150
2025-06-17 06:41:13,949 - INFO - Scraping page 153...
2025-06-17 06:41:17,152 - INFO - Found 60 links on page 151
2025-06-17 06:41:17,152 - INFO - Scraping page 154...
2025-06-17 06:41:17,417 - INFO - Found 60 links on page 152
2025-06-17 06:41:17,417 - INFO - Scraping page 155...
2025-06-17 06:41:17,806 - INFO - Found 60 links on page 153
2025-06-17 06:41:17,806 - INFO - Scraping page 156...
2025-06-17 06:41:21,338 - INFO - Found 60 links on page 154
2025-06-17 06:41:21,338 - INFO - Scraping page 157...
2025-06-17 06:41:21,789 - INFO - Found 60 links on page 155
2025-06-17 06:41:21,789 - INFO - Scraping page 158...
2025-06-17 06:41:21,990 - INFO - Found 60 links on page 156
2025-06-17 06:41:21,990 - INFO - Scraping page 159...
2025-06-17 06:41:25,277 - INFO - Found 60 links on page 157
2025-06-17 06:41:25,277 - INFO - Scraping page 160...
2025-06-17 06:41:25,626 - INFO - Found 60 links on page 159
2025-06-17 06:41:25,626 - INFO - Scraping page 161...
2025-06-17 06:41:26,073 - INFO - Found 60 links on page 158
2025-06-17 06:41:26,073 - INFO - Scraping page 162...
2025-06-17 06:41:29,610 - INFO - Found 60 links on page 161
2025-06-17 06:41:29,616 - INFO - Scraping page 163...
2025-06-17 06:41:29,715 - INFO - Found 60 links on page 160
2025-06-17 06:41:29,715 - INFO - Scraping page 164...
2025-06-17 06:41:30,030 - INFO - Found 60 links on page 162
2025-06-17 06:41:30,031 - INFO - Scraping page 165...
2025-06-17 06:41:33,587 - INFO - Found 60 links on page 163
2025-06-17 06:41:33,587 - INFO - Scraping page 166...
2025-06-17 06:41:33,818 - INFO - Found 60 links on page 164
2025-06-17 06:41:33,818 - INFO - Scraping page 167...
2025-06-17 06:41:34,533 - INFO - Found 60 links on page 165
2025-06-17 06:41:34,533 - INFO - Scraping page 168...
2025-06-17 06:41:37,457 - INFO - Found 60 links on page 166
2025-06-17 06:41:37,458 - INFO - Scraping page 169...
2025-06-17 06:41:37,950 - INFO - Found 60 links on page 167
2025-06-17 06:41:37,950 - INFO - Scraping page 170...
2025-06-17 06:41:38,173 - INFO - Found 60 links on page 168
2025-06-17 06:41:38,173 - INFO - Scraping page 171...
2025-06-17 06:41:41,320 - INFO - Found 60 links on page 169
2025-06-17 06:41:41,320 - INFO - Scraping page 172...
2025-06-17 06:41:42,213 - INFO - Found 60 links on page 171
2025-06-17 06:41:42,213 - INFO - Scraping page 173...
2025-06-17 06:41:42,661 - INFO - Found 60 links on page 170
2025-06-17 06:41:42,661 - INFO - Scraping page 174...
2025-06-17 06:41:45,572 - INFO - Found 60 links on page 172
2025-06-17 06:41:45,573 - INFO - Scraping page 175...
2025-06-17 06:41:46,559 - INFO - Found 60 links on page 173
2025-06-17 06:41:46,560 - INFO - Scraping page 176...
2025-06-17 06:41:47,486 - INFO - Found 60 links on page 174
2025-06-17 06:41:47,486 - INFO - Scraping page 177...
2025-06-17 06:41:50,007 - INFO - Found 60 links on page 175
2025-06-17 06:41:50,007 - INFO - Scraping page 178...
2025-06-17 06:41:50,804 - INFO - Found 60 links on page 176
2025-06-17 06:41:50,804 - INFO - Scraping page 179...
2025-06-17 06:41:51,672 - INFO - Found 60 links on page 177
2025-06-17 06:41:51,672 - INFO - Scraping page 180...
2025-06-17 06:41:53,882 - INFO - Found 60 links on page 178
2025-06-17 06:41:53,882 - INFO - Scraping page 181...
2025-06-17 06:41:54,863 - INFO - Found 60 links on page 179
2025-06-17 06:41:54,863 - INFO - Scraping page 182...
2025-06-17 06:41:55,921 - INFO - Found 60 links on page 180
2025-06-17 06:41:55,921 - INFO - Scraping page 183...
2025-06-17 06:41:57,923 - INFO - Found 60 links on page 181
2025-06-17 06:41:57,924 - INFO - Scraping page 184...
2025-06-17 06:41:59,361 - INFO - Found 60 links on page 182
2025-06-17 06:41:59,361 - INFO - Scraping page 185...
2025-06-17 06:42:01,219 - INFO - Found 60 links on page 183
2025-06-17 06:42:01,219 - INFO - Scraping page 186...
2025-06-17 06:42:01,927 - INFO - Found 60 links on page 184
2025-06-17 06:42:01,927 - INFO - Scraping page 187...
2025-06-17 06:42:03,473 - INFO - Found 60 links on page 185
2025-06-17 06:42:03,473 - INFO - Scraping page 188...
2025-06-17 06:42:05,990 - INFO - Found 60 links on page 186
2025-06-17 06:42:05,990 - INFO - Scraping page 189...
2025-06-17 06:42:06,229 - INFO - Found 60 links on page 187
2025-06-17 06:42:06,229 - INFO - Scraping page 190...
2025-06-17 06:42:07,712 - INFO - Found 60 links on page 188
2025-06-17 06:42:07,713 - INFO - Scraping page 191...
2025-06-17 06:42:10,025 - INFO - Found 60 links on page 189
2025-06-17 06:42:10,025 - INFO - Scraping page 192...
2025-06-17 06:42:10,294 - INFO - Found 60 links on page 190
2025-06-17 06:42:10,294 - INFO - Scraping page 193...
2025-06-17 06:42:11,932 - INFO - Found 60 links on page 191
2025-06-17 06:42:11,933 - INFO - Scraping page 194...
2025-06-17 06:42:14,559 - INFO - Found 60 links on page 192
2025-06-17 06:42:14,559 - INFO - Scraping page 195...
2025-06-17 06:42:14,865 - INFO - Found 60 links on page 193
2025-06-17 06:42:14,865 - INFO - Scraping page 196...
2025-06-17 06:42:15,709 - INFO - Found 60 links on page 194
2025-06-17 06:42:15,709 - INFO - Scraping page 197...
2025-06-17 06:42:18,940 - INFO - Found 60 links on page 196
2025-06-17 06:42:18,940 - INFO - Scraping page 198...
2025-06-17 06:42:19,126 - INFO - Found 60 links on page 195
2025-06-17 06:42:19,126 - INFO - Scraping page 199...
2025-06-17 06:42:20,720 - INFO - Found 60 links on page 197
2025-06-17 06:42:20,720 - INFO - Scraping page 200...
2025-06-17 06:42:23,074 - INFO - Found 60 links on page 198
2025-06-17 06:42:23,263 - INFO - Found 60 links on page 199
2025-06-17 06:42:25,178 - INFO - Found 60 links on page 200
2025-06-17 06:42:25,186 - INFO - Found 473 new links to scrape out of 12000 total links
2025-06-17 06:42:25,186 - INFO - Processing batch 1/10 (50 links)
2025-06-17 06:42:31,022 - INFO - Progress: 10/50 ads processed
2025-06-17 06:42:36,482 - INFO - Progress: 20/50 ads processed
2025-06-17 06:42:41,495 - INFO - Progress: 30/50 ads processed
2025-06-17 06:42:46,858 - INFO - Progress: 40/50 ads processed
2025-06-17 06:42:51,675 - INFO - Progress: 50/50 ads processed
2025-06-17 06:42:51,752 - INFO - Created backup of existing data file at unegui_data/unegui_sales_data.csv.bak
2025-06-17 06:42:52,104 - INFO - Data saved to unegui_data/unegui_sales_data.csv: 24865 records
2025-06-17 06:42:52,939 - INFO - Cache saved with 25287 URLs
2025-06-17 06:42:52,939 - INFO - Saved batch data. Total records: 24865
2025-06-17 06:42:52,939 - INFO - Processing batch 2/10 (50 links)
2025-06-17 06:42:58,118 - INFO - Progress: 10/50 ads processed
2025-06-17 06:43:03,577 - INFO - Progress: 20/50 ads processed
2025-06-17 06:43:08,353 - INFO - Progress: 30/50 ads processed
2025-06-17 06:43:13,426 - INFO - Progress: 40/50 ads processed
2025-06-17 06:43:19,102 - INFO - Progress: 50/50 ads processed
2025-06-17 06:43:19,179 - INFO - Created backup of existing data file at unegui_data/unegui_sales_data.csv.bak
2025-06-17 06:43:19,528 - INFO - Data saved to unegui_data/unegui_sales_data.csv: 24915 records
2025-06-17 06:43:20,373 - INFO - Cache saved with 25337 URLs
2025-06-17 06:43:20,374 - INFO - Saved batch data. Total records: 24915
2025-06-17 06:43:20,374 - INFO - Processing batch 3/10 (50 links)
2025-06-17 06:43:25,754 - INFO - Progress: 10/50 ads processed
2025-06-17 06:43:30,999 - INFO - Progress: 20/50 ads processed
2025-06-17 06:43:36,291 - INFO - Progress: 30/50 ads processed
2025-06-17 06:43:41,508 - INFO - Progress: 40/50 ads processed
2025-06-17 06:43:46,448 - INFO - Progress: 50/50 ads processed
2025-06-17 06:43:46,523 - INFO - Created backup of existing data file at unegui_data/unegui_sales_data.csv.bak
2025-06-17 06:43:46,877 - INFO - Data saved to unegui_data/unegui_sales_data.csv: 24965 records
2025-06-17 06:43:47,718 - INFO - Cache saved with 25387 URLs
2025-06-17 06:43:47,718 - INFO - Saved batch data. Total records: 24965
2025-06-17 06:43:47,718 - INFO - Processing batch 4/10 (50 links)
2025-06-17 06:43:53,362 - INFO - Progress: 10/50 ads processed
2025-06-17 06:43:59,055 - INFO - Progress: 20/50 ads processed
2025-06-17 06:44:04,046 - INFO - Progress: 30/50 ads processed
2025-06-17 06:44:09,755 - INFO - Progress: 40/50 ads processed
2025-06-17 06:44:14,789 - INFO - Progress: 50/50 ads processed
2025-06-17 06:44:14,867 - INFO - Created backup of existing data file at unegui_data/unegui_sales_data.csv.bak
2025-06-17 06:44:15,221 - INFO - Data saved to unegui_data/unegui_sales_data.csv: 25015 records
2025-06-17 06:44:16,064 - INFO - Cache saved with 25437 URLs
2025-06-17 06:44:16,064 - INFO - Saved batch data. Total records: 25015
2025-06-17 06:44:16,064 - INFO - Processing batch 5/10 (50 links)
2025-06-17 06:44:21,658 - INFO - Progress: 10/50 ads processed
2025-06-17 06:44:26,985 - INFO - Progress: 20/50 ads processed
2025-06-17 06:44:32,625 - INFO - Progress: 30/50 ads processed
2025-06-17 06:44:37,698 - INFO - Progress: 40/50 ads processed
2025-06-17 06:44:42,862 - INFO - Progress: 50/50 ads processed
2025-06-17 06:44:42,939 - INFO - Created backup of existing data file at unegui_data/unegui_sales_data.csv.bak
2025-06-17 06:44:43,295 - INFO - Data saved to unegui_data/unegui_sales_data.csv: 25062 records
2025-06-17 06:44:44,147 - INFO - Cache saved with 25487 URLs
2025-06-17 06:44:44,147 - INFO - Saved batch data. Total records: 25062
2025-06-17 06:44:44,147 - INFO - Processing batch 6/10 (50 links)
2025-06-17 06:44:50,126 - INFO - Progress: 10/50 ads processed
2025-06-17 06:44:55,237 - INFO - Progress: 20/50 ads processed
2025-06-17 06:45:00,480 - INFO - Progress: 30/50 ads processed
2025-06-17 06:45:06,037 - INFO - Progress: 40/50 ads processed
2025-06-17 06:45:11,677 - INFO - Progress: 50/50 ads processed
2025-06-17 06:45:11,754 - INFO - Created backup of existing data file at unegui_data/unegui_sales_data.csv.bak
2025-06-17 06:45:12,112 - INFO - Data saved to unegui_data/unegui_sales_data.csv: 25111 records
2025-06-17 06:45:12,969 - INFO - Cache saved with 25537 URLs
2025-06-17 06:45:12,969 - INFO - Saved batch data. Total records: 25111
2025-06-17 06:45:12,969 - INFO - Processing batch 7/10 (50 links)
2025-06-17 06:45:18,376 - INFO - Progress: 10/50 ads processed
2025-06-17 06:45:23,615 - INFO - Progress: 20/50 ads processed
2025-06-17 06:45:28,843 - INFO - Progress: 30/50 ads processed
2025-06-17 06:45:34,218 - INFO - Progress: 40/50 ads processed
2025-06-17 06:45:39,429 - INFO - Progress: 50/50 ads processed
2025-06-17 06:45:39,507 - INFO - Created backup of existing data file at unegui_data/unegui_sales_data.csv.bak
2025-06-17 06:45:39,864 - INFO - Data saved to unegui_data/unegui_sales_data.csv: 25161 records
2025-06-17 06:45:40,719 - INFO - Cache saved with 25587 URLs
2025-06-17 06:45:40,719 - INFO - Saved batch data. Total records: 25161
2025-06-17 06:45:40,719 - INFO - Processing batch 8/10 (50 links)
2025-06-17 06:45:46,519 - INFO - Progress: 10/50 ads processed
2025-06-17 06:45:51,604 - INFO - Progress: 20/50 ads processed
2025-06-17 06:45:57,303 - INFO - Progress: 30/50 ads processed
2025-06-17 06:46:02,424 - INFO - Progress: 40/50 ads processed
2025-06-17 06:46:07,711 - INFO - Progress: 50/50 ads processed
2025-06-17 06:46:07,789 - INFO - Created backup of existing data file at unegui_data/unegui_sales_data.csv.bak
2025-06-17 06:46:08,159 - INFO - Data saved to unegui_data/unegui_sales_data.csv: 25210 records
2025-06-17 06:46:09,022 - INFO - Cache saved with 25637 URLs
2025-06-17 06:46:09,022 - INFO - Saved batch data. Total records: 25210
2025-06-17 06:46:09,022 - INFO - Processing batch 9/10 (50 links)
2025-06-17 06:46:14,957 - INFO - Progress: 10/50 ads processed
2025-06-17 06:46:19,776 - INFO - Progress: 20/50 ads processed
2025-06-17 06:46:25,112 - INFO - Progress: 30/50 ads processed
2025-06-17 06:46:30,307 - INFO - Progress: 40/50 ads processed
2025-06-17 06:46:35,960 - INFO - Progress: 50/50 ads processed
2025-06-17 06:46:36,037 - INFO - Created backup of existing data file at unegui_data/unegui_sales_data.csv.bak
2025-06-17 06:46:36,395 - INFO - Data saved to unegui_data/unegui_sales_data.csv: 25260 records
2025-06-17 06:46:37,235 - INFO - Cache saved with 25687 URLs
2025-06-17 06:46:37,235 - INFO - Saved batch data. Total records: 25260
2025-06-17 06:46:37,235 - INFO - Processing batch 10/10 (23 links)
2025-06-17 06:46:42,639 - INFO - Progress: 10/23 ads processed
2025-06-17 06:46:47,845 - INFO - Progress: 20/23 ads processed
2025-06-17 06:46:50,057 - INFO - Progress: 23/23 ads processed
2025-06-17 06:46:50,134 - INFO - Created backup of existing data file at unegui_data/unegui_sales_data.csv.bak
2025-06-17 06:46:50,497 - INFO - Data saved to unegui_data/unegui_sales_data.csv: 25283 records
2025-06-17 06:46:51,347 - INFO - Cache saved with 25710 URLs
2025-06-17 06:46:51,347 - INFO - Saved batch data. Total records: 25283
2025-06-17 06:46:51,347 - INFO - Scraping completed in 0:09:11.523085. Total ads collected: 25283
