2025-05-20 06:36:35,324 - INFO - Starting sales apartment scraper at 2025-05-20 06:36:35.324617
2025-05-20 06:36:35,629 - INFO - Loaded existing data from unegui_data/unegui_sales_data.csv: 15356 records
2025-05-20 06:36:35,829 - INFO - Loaded 15356 existing records
2025-05-20 06:36:35,845 - INFO - Scraping page 1...
2025-05-20 06:36:35,845 - INFO - Scraping page 2...
2025-05-20 06:36:35,845 - INFO - Scraping page 3...
2025-05-20 06:36:40,314 - INFO - Found 60 links on page 3
2025-05-20 06:36:40,324 - INFO - Scraping page 4...
2025-05-20 06:36:40,495 - INFO - Found 60 links on page 1
2025-05-20 06:36:40,495 - INFO - Scraping page 5...
2025-05-20 06:36:40,837 - INFO - Found 60 links on page 2
2025-05-20 06:36:40,838 - INFO - Scraping page 6...
2025-05-20 06:36:45,000 - INFO - Found 60 links on page 4
2025-05-20 06:36:45,000 - INFO - Scraping page 7...
2025-05-20 06:36:45,230 - INFO - Found 60 links on page 5
2025-05-20 06:36:45,230 - INFO - Scraping page 8...
2025-05-20 06:36:45,723 - INFO - Found 60 links on page 6
2025-05-20 06:36:45,723 - INFO - Scraping page 9...
2025-05-20 06:36:49,932 - INFO - Found 60 links on page 8
2025-05-20 06:36:49,938 - INFO - Scraping page 10...
2025-05-20 06:36:50,052 - INFO - Found 60 links on page 7
2025-05-20 06:36:50,052 - INFO - Scraping page 11...
2025-05-20 06:36:50,340 - INFO - Found 60 links on page 9
2025-05-20 06:36:50,340 - INFO - Scraping page 12...
2025-05-20 06:36:54,715 - INFO - Found 60 links on page 11
2025-05-20 06:36:54,741 - INFO - Scraping page 13...
2025-05-20 06:36:54,894 - INFO - Found 60 links on page 10
2025-05-20 06:36:54,905 - INFO - Scraping page 14...
2025-05-20 06:36:55,077 - INFO - Found 60 links on page 12
2025-05-20 06:36:55,077 - INFO - Scraping page 15...
2025-05-20 06:36:59,495 - INFO - Found 60 links on page 14
2025-05-20 06:36:59,500 - INFO - Scraping page 16...
2025-05-20 06:36:59,559 - INFO - Found 60 links on page 13
2025-05-20 06:36:59,559 - INFO - Scraping page 17...
2025-05-20 06:36:59,893 - INFO - Found 60 links on page 15
2025-05-20 06:36:59,893 - INFO - Scraping page 18...
2025-05-20 06:37:03,934 - INFO - Found 60 links on page 16
2025-05-20 06:37:03,934 - INFO - Scraping page 19...
2025-05-20 06:37:04,566 - INFO - Found 60 links on page 18
2025-05-20 06:37:04,577 - INFO - Scraping page 20...
2025-05-20 06:37:04,743 - INFO - Found 60 links on page 17
2025-05-20 06:37:04,743 - INFO - Scraping page 21...
2025-05-20 06:37:08,388 - INFO - Found 60 links on page 19
2025-05-20 06:37:08,388 - INFO - Scraping page 22...
2025-05-20 06:37:08,934 - INFO - Found 60 links on page 20
2025-05-20 06:37:08,934 - INFO - Scraping page 23...
2025-05-20 06:37:09,141 - INFO - Found 60 links on page 21
2025-05-20 06:37:09,141 - INFO - Scraping page 24...
2025-05-20 06:37:12,949 - INFO - Found 60 links on page 22
2025-05-20 06:37:12,949 - INFO - Scraping page 25...
2025-05-20 06:37:13,276 - INFO - Found 60 links on page 23
2025-05-20 06:37:13,276 - INFO - Scraping page 26...
2025-05-20 06:37:13,705 - INFO - Found 60 links on page 24
2025-05-20 06:37:13,705 - INFO - Scraping page 27...
2025-05-20 06:37:17,790 - INFO - Found 60 links on page 25
2025-05-20 06:37:17,790 - INFO - Scraping page 28...
2025-05-20 06:37:18,301 - INFO - Found 60 links on page 27
2025-05-20 06:37:18,311 - INFO - Scraping page 29...
2025-05-20 06:37:18,453 - INFO - Found 60 links on page 26
2025-05-20 06:37:18,453 - INFO - Scraping page 30...
2025-05-20 06:37:22,383 - INFO - Found 60 links on page 28
2025-05-20 06:37:22,383 - INFO - Scraping page 31...
2025-05-20 06:37:23,148 - INFO - Found 60 links on page 29
2025-05-20 06:37:23,153 - INFO - Scraping page 32...
2025-05-20 06:37:23,340 - INFO - Found 60 links on page 30
2025-05-20 06:37:23,340 - INFO - Scraping page 33...
2025-05-20 06:37:27,055 - INFO - Found 60 links on page 31
2025-05-20 06:37:27,056 - INFO - Scraping page 34...
2025-05-20 06:37:27,283 - INFO - Found 60 links on page 32
2025-05-20 06:37:27,288 - INFO - Scraping page 35...
2025-05-20 06:37:27,465 - INFO - Found 60 links on page 33
2025-05-20 06:37:27,465 - INFO - Scraping page 36...
2025-05-20 06:37:31,478 - INFO - Found 60 links on page 35
2025-05-20 06:37:31,483 - INFO - Scraping page 37...
2025-05-20 06:37:31,709 - INFO - Found 60 links on page 34
2025-05-20 06:37:31,714 - INFO - Scraping page 38...
2025-05-20 06:37:31,919 - INFO - Found 60 links on page 36
2025-05-20 06:37:31,919 - INFO - Scraping page 39...
2025-05-20 06:37:35,635 - INFO - Found 60 links on page 37
2025-05-20 06:37:35,635 - INFO - Scraping page 40...
2025-05-20 06:37:35,973 - INFO - Found 60 links on page 38
2025-05-20 06:37:35,973 - INFO - Scraping page 41...
2025-05-20 06:37:36,663 - INFO - Found 60 links on page 39
2025-05-20 06:37:36,663 - INFO - Scraping page 42...
2025-05-20 06:37:40,170 - INFO - Found 60 links on page 41
2025-05-20 06:37:40,170 - INFO - Scraping page 43...
2025-05-20 06:37:40,710 - INFO - Found 60 links on page 40
2025-05-20 06:37:40,710 - INFO - Scraping page 44...
2025-05-20 06:37:41,088 - INFO - Found 60 links on page 42
2025-05-20 06:37:41,089 - INFO - Scraping page 45...
2025-05-20 06:37:44,629 - INFO - Found 60 links on page 43
2025-05-20 06:37:44,630 - INFO - Scraping page 46...
2025-05-20 06:37:44,872 - INFO - Found 60 links on page 44
2025-05-20 06:37:44,872 - INFO - Scraping page 47...
2025-05-20 06:37:45,474 - INFO - Found 60 links on page 45
2025-05-20 06:37:45,474 - INFO - Scraping page 48...
2025-05-20 06:37:48,812 - INFO - Found 60 links on page 46
2025-05-20 06:37:48,818 - INFO - Scraping page 49...
2025-05-20 06:37:48,956 - INFO - Found 60 links on page 47
2025-05-20 06:37:48,956 - INFO - Scraping page 50...
2025-05-20 06:37:49,620 - INFO - Found 60 links on page 48
2025-05-20 06:37:49,620 - INFO - Scraping page 51...
2025-05-20 06:37:53,158 - INFO - Found 60 links on page 50
2025-05-20 06:37:53,158 - INFO - Scraping page 52...
2025-05-20 06:37:53,380 - INFO - Found 60 links on page 49
2025-05-20 06:37:53,380 - INFO - Scraping page 53...
2025-05-20 06:37:54,034 - INFO - Found 60 links on page 51
2025-05-20 06:37:54,034 - INFO - Scraping page 54...
2025-05-20 06:37:57,017 - INFO - Found 60 links on page 52
2025-05-20 06:37:57,017 - INFO - Scraping page 55...
2025-05-20 06:37:57,704 - INFO - Found 60 links on page 53
2025-05-20 06:37:57,704 - INFO - Scraping page 56...
2025-05-20 06:37:58,945 - INFO - Found 60 links on page 54
2025-05-20 06:37:58,945 - INFO - Scraping page 57...
2025-05-20 06:38:01,328 - INFO - Found 60 links on page 55
2025-05-20 06:38:01,329 - INFO - Scraping page 58...
2025-05-20 06:38:01,551 - INFO - Found 60 links on page 56
2025-05-20 06:38:01,551 - INFO - Scraping page 59...
2025-05-20 06:38:02,887 - INFO - Found 60 links on page 57
2025-05-20 06:38:02,888 - INFO - Scraping page 60...
2025-05-20 06:38:05,399 - INFO - Found 60 links on page 58
2025-05-20 06:38:05,399 - INFO - Scraping page 61...
2025-05-20 06:38:05,757 - INFO - Found 60 links on page 59
2025-05-20 06:38:05,757 - INFO - Scraping page 62...
2025-05-20 06:38:06,875 - INFO - Found 60 links on page 60
2025-05-20 06:38:06,875 - INFO - Scraping page 63...
2025-05-20 06:38:10,058 - INFO - Found 60 links on page 61
2025-05-20 06:38:10,058 - INFO - Scraping page 64...
2025-05-20 06:38:10,298 - INFO - Found 60 links on page 62
2025-05-20 06:38:10,298 - INFO - Scraping page 65...
2025-05-20 06:38:11,537 - INFO - Found 60 links on page 63
2025-05-20 06:38:11,537 - INFO - Scraping page 66...
2025-05-20 06:38:14,268 - INFO - Found 60 links on page 64
2025-05-20 06:38:14,278 - INFO - Scraping page 67...
2025-05-20 06:38:14,448 - INFO - Found 60 links on page 65
2025-05-20 06:38:14,448 - INFO - Scraping page 68...
2025-05-20 06:38:15,575 - INFO - Found 60 links on page 66
2025-05-20 06:38:15,575 - INFO - Scraping page 69...
2025-05-20 06:38:18,203 - INFO - Found 60 links on page 67
2025-05-20 06:38:18,203 - INFO - Scraping page 70...
2025-05-20 06:38:18,886 - INFO - Found 60 links on page 68
2025-05-20 06:38:18,886 - INFO - Scraping page 71...
2025-05-20 06:38:19,735 - INFO - Found 60 links on page 69
2025-05-20 06:38:19,735 - INFO - Scraping page 72...
2025-05-20 06:38:22,289 - INFO - Found 60 links on page 70
2025-05-20 06:38:22,289 - INFO - Scraping page 73...
2025-05-20 06:38:23,425 - INFO - Found 60 links on page 71
2025-05-20 06:38:23,425 - INFO - Scraping page 74...
2025-05-20 06:38:23,944 - INFO - Found 60 links on page 72
2025-05-20 06:38:23,944 - INFO - Scraping page 75...
2025-05-20 06:38:26,503 - INFO - Found 60 links on page 73
2025-05-20 06:38:26,503 - INFO - Scraping page 76...
2025-05-20 06:38:27,867 - INFO - Found 60 links on page 74
2025-05-20 06:38:27,867 - INFO - Scraping page 77...
2025-05-20 06:38:28,665 - INFO - Found 60 links on page 75
2025-05-20 06:38:28,665 - INFO - Scraping page 78...
2025-05-20 06:38:30,382 - INFO - Found 60 links on page 76
2025-05-20 06:38:30,382 - INFO - Scraping page 79...
2025-05-20 06:38:31,723 - INFO - Found 60 links on page 77
2025-05-20 06:38:31,723 - INFO - Scraping page 80...
2025-05-20 06:38:33,540 - INFO - Found 60 links on page 78
2025-05-20 06:38:33,541 - INFO - Scraping page 81...
2025-05-20 06:38:34,512 - INFO - Found 60 links on page 79
2025-05-20 06:38:34,512 - INFO - Scraping page 82...
2025-05-20 06:38:35,866 - INFO - Found 60 links on page 80
2025-05-20 06:38:35,866 - INFO - Scraping page 83...
2025-05-20 06:38:37,882 - INFO - Found 60 links on page 81
2025-05-20 06:38:37,883 - INFO - Scraping page 84...
2025-05-20 06:38:38,643 - INFO - Found 60 links on page 82
2025-05-20 06:38:38,643 - INFO - Scraping page 85...
2025-05-20 06:38:40,611 - INFO - Found 60 links on page 83
2025-05-20 06:38:40,611 - INFO - Scraping page 86...
2025-05-20 06:38:42,147 - INFO - Found 60 links on page 84
2025-05-20 06:38:42,147 - INFO - Scraping page 87...
2025-05-20 06:38:42,743 - INFO - Found 60 links on page 85
2025-05-20 06:38:42,743 - INFO - Scraping page 88...
2025-05-20 06:38:44,856 - INFO - Found 60 links on page 86
2025-05-20 06:38:44,856 - INFO - Scraping page 89...
2025-05-20 06:38:46,440 - INFO - Found 60 links on page 87
2025-05-20 06:38:46,440 - INFO - Scraping page 90...
2025-05-20 06:38:47,171 - INFO - Found 60 links on page 88
2025-05-20 06:38:47,171 - INFO - Scraping page 91...
2025-05-20 06:38:48,939 - INFO - Found 60 links on page 89
2025-05-20 06:38:48,939 - INFO - Scraping page 92...
2025-05-20 06:38:50,710 - INFO - Found 60 links on page 90
2025-05-20 06:38:50,710 - INFO - Scraping page 93...
2025-05-20 06:38:51,512 - INFO - Found 60 links on page 91
2025-05-20 06:38:51,512 - INFO - Scraping page 94...
2025-05-20 06:38:53,156 - INFO - Found 60 links on page 92
2025-05-20 06:38:53,157 - INFO - Scraping page 95...
2025-05-20 06:38:55,117 - INFO - Found 60 links on page 93
2025-05-20 06:38:55,117 - INFO - Scraping page 96...
2025-05-20 06:38:55,810 - INFO - Found 60 links on page 94
2025-05-20 06:38:55,810 - INFO - Scraping page 97...
2025-05-20 06:38:57,585 - INFO - Found 60 links on page 95
2025-05-20 06:38:57,585 - INFO - Scraping page 98...
2025-05-20 06:38:59,082 - INFO - Found 60 links on page 96
2025-05-20 06:38:59,082 - INFO - Scraping page 99...
2025-05-20 06:39:00,538 - INFO - Found 60 links on page 97
2025-05-20 06:39:00,538 - INFO - Scraping page 100...
2025-05-20 06:39:01,780 - INFO - Found 60 links on page 98
2025-05-20 06:39:01,780 - INFO - Scraping page 101...
2025-05-20 06:39:03,545 - INFO - Found 60 links on page 99
2025-05-20 06:39:03,546 - INFO - Scraping page 102...
2025-05-20 06:39:04,653 - INFO - Found 60 links on page 100
2025-05-20 06:39:04,653 - INFO - Scraping page 103...
2025-05-20 06:39:05,837 - INFO - Found 60 links on page 101
2025-05-20 06:39:05,838 - INFO - Scraping page 104...
2025-05-20 06:39:08,371 - INFO - Found 60 links on page 102
2025-05-20 06:39:08,371 - INFO - Scraping page 105...
2025-05-20 06:39:08,865 - INFO - Found 60 links on page 103
2025-05-20 06:39:08,865 - INFO - Scraping page 106...
2025-05-20 06:39:10,290 - INFO - Found 60 links on page 104
2025-05-20 06:39:10,290 - INFO - Scraping page 107...
2025-05-20 06:39:13,273 - INFO - Found 60 links on page 105
2025-05-20 06:39:13,273 - INFO - Scraping page 108...
2025-05-20 06:39:13,475 - INFO - Found 60 links on page 106
2025-05-20 06:39:13,475 - INFO - Scraping page 109...
2025-05-20 06:39:15,247 - INFO - Found 60 links on page 107
2025-05-20 06:39:15,247 - INFO - Scraping page 110...
2025-05-20 06:39:17,226 - INFO - Found 60 links on page 108
2025-05-20 06:39:17,226 - INFO - Scraping page 111...
2025-05-20 06:39:18,326 - INFO - Found 60 links on page 109
2025-05-20 06:39:18,326 - INFO - Scraping page 112...
2025-05-20 06:39:19,288 - INFO - Found 60 links on page 110
2025-05-20 06:39:19,288 - INFO - Scraping page 113...
2025-05-20 06:39:21,338 - INFO - Found 60 links on page 111
2025-05-20 06:39:21,339 - INFO - Scraping page 114...
2025-05-20 06:39:23,283 - INFO - Found 60 links on page 112
2025-05-20 06:39:23,283 - INFO - Scraping page 115...
2025-05-20 06:39:24,811 - INFO - Found 60 links on page 113
2025-05-20 06:39:24,811 - INFO - Scraping page 116...
2025-05-20 06:39:26,031 - INFO - Found 60 links on page 114
2025-05-20 06:39:26,031 - INFO - Scraping page 117...
2025-05-20 06:39:27,488 - INFO - Found 60 links on page 115
2025-05-20 06:39:27,488 - INFO - Scraping page 118...
2025-05-20 06:39:29,038 - INFO - Found 60 links on page 116
2025-05-20 06:39:29,038 - INFO - Scraping page 119...
2025-05-20 06:39:30,549 - INFO - Found 60 links on page 117
2025-05-20 06:39:30,550 - INFO - Scraping page 120...
2025-05-20 06:39:31,929 - INFO - Found 60 links on page 118
2025-05-20 06:39:31,929 - INFO - Scraping page 121...
2025-05-20 06:39:34,232 - INFO - Found 60 links on page 119
2025-05-20 06:39:34,233 - INFO - Scraping page 122...
2025-05-20 06:39:35,208 - INFO - Found 60 links on page 120
2025-05-20 06:39:35,208 - INFO - Scraping page 123...
2025-05-20 06:39:36,392 - INFO - Found 60 links on page 121
2025-05-20 06:39:36,392 - INFO - Scraping page 124...
2025-05-20 06:39:38,634 - INFO - Found 60 links on page 122
2025-05-20 06:39:38,635 - INFO - Scraping page 125...
2025-05-20 06:39:39,413 - INFO - Found 60 links on page 123
2025-05-20 06:39:39,414 - INFO - Scraping page 126...
2025-05-20 06:39:40,716 - INFO - Found 60 links on page 124
2025-05-20 06:39:40,716 - INFO - Scraping page 127...
2025-05-20 06:39:43,687 - INFO - Found 60 links on page 125
2025-05-20 06:39:43,698 - INFO - Scraping page 128...
2025-05-20 06:39:43,756 - INFO - Found 60 links on page 126
2025-05-20 06:39:43,756 - INFO - Scraping page 129...
2025-05-20 06:39:45,403 - INFO - Found 60 links on page 127
2025-05-20 06:39:45,404 - INFO - Scraping page 130...
2025-05-20 06:39:47,704 - INFO - Found 60 links on page 128
2025-05-20 06:39:47,704 - INFO - Scraping page 131...
2025-05-20 06:39:48,152 - INFO - Found 60 links on page 129
2025-05-20 06:39:48,152 - INFO - Scraping page 132...
2025-05-20 06:39:49,770 - INFO - Found 60 links on page 130
2025-05-20 06:39:49,770 - INFO - Scraping page 133...
2025-05-20 06:39:52,066 - INFO - Found 60 links on page 132
2025-05-20 06:39:52,066 - INFO - Scraping page 134...
2025-05-20 06:39:53,056 - INFO - Found 60 links on page 131
2025-05-20 06:39:53,057 - INFO - Scraping page 135...
2025-05-20 06:39:54,312 - INFO - Found 60 links on page 133
2025-05-20 06:39:54,312 - INFO - Scraping page 136...
2025-05-20 06:39:56,138 - INFO - Found 60 links on page 134
2025-05-20 06:39:56,138 - INFO - Scraping page 137...
2025-05-20 06:39:57,263 - INFO - Found 60 links on page 135
2025-05-20 06:39:57,264 - INFO - Scraping page 138...
2025-05-20 06:39:58,158 - INFO - Found 60 links on page 136
2025-05-20 06:39:58,158 - INFO - Scraping page 139...
2025-05-20 06:40:00,739 - INFO - Found 60 links on page 137
2025-05-20 06:40:00,739 - INFO - Scraping page 140...
2025-05-20 06:40:01,356 - INFO - Found 60 links on page 138
2025-05-20 06:40:01,356 - INFO - Scraping page 141...
2025-05-20 06:40:03,110 - INFO - Found 60 links on page 139
2025-05-20 06:40:03,110 - INFO - Scraping page 142...
2025-05-20 06:40:05,350 - INFO - Found 60 links on page 140
2025-05-20 06:40:05,351 - INFO - Scraping page 143...
2025-05-20 06:40:05,806 - INFO - Found 60 links on page 141
2025-05-20 06:40:05,807 - INFO - Scraping page 144...
2025-05-20 06:40:07,114 - INFO - Found 60 links on page 142
2025-05-20 06:40:07,114 - INFO - Scraping page 145...
2025-05-20 06:40:10,319 - INFO - Found 60 links on page 143
2025-05-20 06:40:10,319 - INFO - Scraping page 146...
2025-05-20 06:40:10,968 - INFO - Found 60 links on page 144
2025-05-20 06:40:10,973 - INFO - Scraping page 147...
2025-05-20 06:40:11,082 - INFO - Found 60 links on page 145
2025-05-20 06:40:11,082 - INFO - Scraping page 148...
2025-05-20 06:40:15,161 - INFO - Found 60 links on page 147
2025-05-20 06:40:15,161 - INFO - Scraping page 149...
2025-05-20 06:40:15,359 - INFO - Found 60 links on page 146
2025-05-20 06:40:15,364 - INFO - Scraping page 150...
2025-05-20 06:40:15,486 - INFO - Found 60 links on page 148
2025-05-20 06:40:15,486 - INFO - Scraping page 151...
2025-05-20 06:40:19,376 - INFO - Found 60 links on page 149
2025-05-20 06:40:19,376 - INFO - Scraping page 152...
2025-05-20 06:40:19,628 - INFO - Found 60 links on page 151
2025-05-20 06:40:19,628 - INFO - Scraping page 153...
2025-05-20 06:40:19,873 - INFO - Found 60 links on page 150
2025-05-20 06:40:19,873 - INFO - Scraping page 154...
2025-05-20 06:40:23,296 - INFO - Found 60 links on page 152
2025-05-20 06:40:23,296 - INFO - Scraping page 155...
2025-05-20 06:40:24,128 - INFO - Found 60 links on page 153
2025-05-20 06:40:24,134 - INFO - Scraping page 156...
2025-05-20 06:40:24,223 - INFO - Found 60 links on page 154
2025-05-20 06:40:24,223 - INFO - Scraping page 157...
2025-05-20 06:40:27,348 - INFO - Found 60 links on page 155
2025-05-20 06:40:27,348 - INFO - Scraping page 158...
2025-05-20 06:40:28,056 - INFO - Found 60 links on page 156
2025-05-20 06:40:28,057 - INFO - Scraping page 159...
2025-05-20 06:40:28,247 - INFO - Found 60 links on page 157
2025-05-20 06:40:28,247 - INFO - Scraping page 160...
2025-05-20 06:40:31,311 - INFO - Found 60 links on page 158
2025-05-20 06:40:31,311 - INFO - Scraping page 161...
2025-05-20 06:40:32,099 - INFO - Found 60 links on page 159
2025-05-20 06:40:32,099 - INFO - Scraping page 162...
2025-05-20 06:40:32,371 - INFO - Found 60 links on page 160
2025-05-20 06:40:32,371 - INFO - Scraping page 163...
2025-05-20 06:40:35,483 - INFO - Found 60 links on page 161
2025-05-20 06:40:35,483 - INFO - Scraping page 164...
2025-05-20 06:40:36,441 - INFO - Found 60 links on page 162
2025-05-20 06:40:36,446 - INFO - Scraping page 165...
2025-05-20 06:40:36,595 - INFO - Found 60 links on page 163
2025-05-20 06:40:36,595 - INFO - Scraping page 166...
2025-05-20 06:40:39,958 - INFO - Found 60 links on page 164
2025-05-20 06:40:39,958 - INFO - Scraping page 167...
2025-05-20 06:40:40,508 - INFO - Found 60 links on page 165
2025-05-20 06:40:40,508 - INFO - Scraping page 168...
2025-05-20 06:40:40,703 - INFO - Found 60 links on page 166
2025-05-20 06:40:40,703 - INFO - Scraping page 169...
2025-05-20 06:40:44,032 - INFO - Found 60 links on page 167
2025-05-20 06:40:44,032 - INFO - Scraping page 170...
2025-05-20 06:40:44,940 - INFO - Found 60 links on page 168
2025-05-20 06:40:44,941 - INFO - Scraping page 171...
2025-05-20 06:40:46,082 - INFO - Found 60 links on page 169
2025-05-20 06:40:46,082 - INFO - Scraping page 172...
2025-05-20 06:40:48,191 - INFO - Found 60 links on page 170
2025-05-20 06:40:48,191 - INFO - Scraping page 173...
2025-05-20 06:40:49,366 - INFO - Found 60 links on page 171
2025-05-20 06:40:49,366 - INFO - Scraping page 174...
2025-05-20 06:40:50,507 - INFO - Found 60 links on page 172
2025-05-20 06:40:50,508 - INFO - Scraping page 175...
2025-05-20 06:40:52,175 - INFO - Found 60 links on page 173
2025-05-20 06:40:52,175 - INFO - Scraping page 176...
2025-05-20 06:40:54,066 - INFO - Found 60 links on page 174
2025-05-20 06:40:54,066 - INFO - Scraping page 177...
2025-05-20 06:40:54,450 - INFO - Found 60 links on page 175
2025-05-20 06:40:54,450 - INFO - Scraping page 178...
2025-05-20 06:40:56,414 - INFO - Found 60 links on page 176
2025-05-20 06:40:56,414 - INFO - Scraping page 179...
2025-05-20 06:40:58,625 - INFO - Found 60 links on page 177
2025-05-20 06:40:58,625 - INFO - Scraping page 180...
2025-05-20 06:40:59,495 - INFO - Found 60 links on page 178
2025-05-20 06:40:59,496 - INFO - Scraping page 181...
2025-05-20 06:41:01,592 - INFO - Found 60 links on page 179
2025-05-20 06:41:01,592 - INFO - Scraping page 182...
2025-05-20 06:41:03,150 - INFO - Found 60 links on page 180
2025-05-20 06:41:03,150 - INFO - Scraping page 183...
2025-05-20 06:41:04,181 - INFO - Found 60 links on page 181
2025-05-20 06:41:04,181 - INFO - Scraping page 184...
2025-05-20 06:41:05,941 - INFO - Found 60 links on page 182
2025-05-20 06:41:05,941 - INFO - Scraping page 185...
2025-05-20 06:41:07,148 - INFO - Found 60 links on page 183
2025-05-20 06:41:07,149 - INFO - Scraping page 186...
2025-05-20 06:41:09,124 - INFO - Found 60 links on page 184
2025-05-20 06:41:09,124 - INFO - Scraping page 187...
2025-05-20 06:41:10,095 - INFO - Found 60 links on page 185
2025-05-20 06:41:10,095 - INFO - Scraping page 188...
2025-05-20 06:41:12,171 - INFO - Found 60 links on page 186
2025-05-20 06:41:12,172 - INFO - Scraping page 189...
2025-05-20 06:41:13,731 - INFO - Found 60 links on page 187
2025-05-20 06:41:13,731 - INFO - Scraping page 190...
2025-05-20 06:41:14,256 - INFO - Found 60 links on page 188
2025-05-20 06:41:14,256 - INFO - Scraping page 191...
2025-05-20 06:41:16,413 - INFO - Found 60 links on page 189
2025-05-20 06:41:16,413 - INFO - Scraping page 192...
2025-05-20 06:41:17,988 - INFO - Found 60 links on page 190
2025-05-20 06:41:17,988 - INFO - Scraping page 193...
2025-05-20 06:41:18,756 - INFO - Found 60 links on page 191
2025-05-20 06:41:18,756 - INFO - Scraping page 194...
2025-05-20 06:41:20,334 - INFO - Found 60 links on page 192
2025-05-20 06:41:20,334 - INFO - Scraping page 195...
2025-05-20 06:41:22,142 - INFO - Found 60 links on page 193
2025-05-20 06:41:22,142 - INFO - Scraping page 196...
2025-05-20 06:41:23,919 - INFO - Found 60 links on page 194
2025-05-20 06:41:23,920 - INFO - Scraping page 197...
2025-05-20 06:41:24,389 - INFO - Found 60 links on page 195
2025-05-20 06:41:24,389 - INFO - Scraping page 198...
2025-05-20 06:41:26,721 - INFO - Found 60 links on page 196
2025-05-20 06:41:26,722 - INFO - Scraping page 199...
2025-05-20 06:41:28,321 - INFO - Found 60 links on page 197
2025-05-20 06:41:28,322 - INFO - Scraping page 200...
2025-05-20 06:41:28,631 - INFO - Found 60 links on page 198
2025-05-20 06:41:30,946 - INFO - Found 60 links on page 199
2025-05-20 06:41:32,626 - INFO - Found 60 links on page 200
2025-05-20 06:41:32,634 - INFO - Found 505 new links to scrape out of 12000 total links
2025-05-20 06:41:32,634 - INFO - Processing batch 1/11 (50 links)
2025-05-20 06:41:38,487 - INFO - Progress: 10/50 ads processed
2025-05-20 06:41:43,378 - INFO - Progress: 20/50 ads processed
2025-05-20 06:41:48,514 - INFO - Progress: 30/50 ads processed
2025-05-20 06:41:53,707 - INFO - Progress: 40/50 ads processed
2025-05-20 06:41:58,475 - INFO - Progress: 50/50 ads processed
2025-05-20 06:41:58,524 - INFO - Created backup of existing data file at unegui_data/unegui_sales_data.csv.bak
2025-05-20 06:41:58,738 - INFO - Data saved to unegui_data/unegui_sales_data.csv: 15406 records
2025-05-20 06:41:59,248 - INFO - Cache saved with 15666 URLs
2025-05-20 06:41:59,248 - INFO - Saved batch data. Total records: 15406
2025-05-20 06:41:59,248 - INFO - Processing batch 2/11 (50 links)
2025-05-20 06:42:05,576 - INFO - Progress: 10/50 ads processed
2025-05-20 06:42:10,634 - INFO - Progress: 20/50 ads processed
2025-05-20 06:42:15,703 - INFO - Progress: 30/50 ads processed
2025-05-20 06:42:21,035 - INFO - Progress: 40/50 ads processed
2025-05-20 06:42:25,885 - INFO - Progress: 50/50 ads processed
2025-05-20 06:42:25,934 - INFO - Created backup of existing data file at unegui_data/unegui_sales_data.csv.bak
2025-05-20 06:42:26,149 - INFO - Data saved to unegui_data/unegui_sales_data.csv: 15455 records
2025-05-20 06:42:26,664 - INFO - Cache saved with 15716 URLs
2025-05-20 06:42:26,664 - INFO - Saved batch data. Total records: 15455
2025-05-20 06:42:26,664 - INFO - Processing batch 3/11 (50 links)
2025-05-20 06:42:31,814 - INFO - Progress: 10/50 ads processed
2025-05-20 06:42:37,381 - INFO - Progress: 20/50 ads processed
2025-05-20 06:42:42,709 - INFO - Progress: 30/50 ads processed
2025-05-20 06:42:47,565 - INFO - Progress: 40/50 ads processed
2025-05-20 06:42:52,808 - INFO - Progress: 50/50 ads processed
2025-05-20 06:42:52,859 - INFO - Created backup of existing data file at unegui_data/unegui_sales_data.csv.bak
2025-05-20 06:42:53,077 - INFO - Data saved to unegui_data/unegui_sales_data.csv: 15505 records
2025-05-20 06:42:53,593 - INFO - Cache saved with 15766 URLs
2025-05-20 06:42:53,594 - INFO - Saved batch data. Total records: 15505
2025-05-20 06:42:53,594 - INFO - Processing batch 4/11 (50 links)
2025-05-20 06:42:59,529 - INFO - Progress: 10/50 ads processed
2025-05-20 06:43:05,038 - INFO - Progress: 20/50 ads processed
2025-05-20 06:43:09,805 - INFO - Progress: 30/50 ads processed
2025-05-20 06:43:15,085 - INFO - Progress: 40/50 ads processed
2025-05-20 06:43:19,866 - INFO - Progress: 50/50 ads processed
2025-05-20 06:43:19,917 - INFO - Created backup of existing data file at unegui_data/unegui_sales_data.csv.bak
2025-05-20 06:43:20,137 - INFO - Data saved to unegui_data/unegui_sales_data.csv: 15552 records
2025-05-20 06:43:20,651 - INFO - Cache saved with 15816 URLs
2025-05-20 06:43:20,651 - INFO - Saved batch data. Total records: 15552
2025-05-20 06:43:20,651 - INFO - Processing batch 5/11 (50 links)
2025-05-20 06:43:25,903 - INFO - Progress: 10/50 ads processed
2025-05-20 06:43:31,018 - INFO - Progress: 20/50 ads processed
2025-05-20 06:43:36,234 - INFO - Progress: 30/50 ads processed
2025-05-20 06:43:41,737 - INFO - Progress: 40/50 ads processed
2025-05-20 06:43:46,917 - INFO - Progress: 50/50 ads processed
2025-05-20 06:43:46,965 - INFO - Created backup of existing data file at unegui_data/unegui_sales_data.csv.bak
2025-05-20 06:43:47,182 - INFO - Data saved to unegui_data/unegui_sales_data.csv: 15600 records
2025-05-20 06:43:47,692 - INFO - Cache saved with 15866 URLs
2025-05-20 06:43:47,692 - INFO - Saved batch data. Total records: 15600
2025-05-20 06:43:47,692 - INFO - Processing batch 6/11 (50 links)
2025-05-20 06:43:53,615 - INFO - Progress: 10/50 ads processed
2025-05-20 06:43:58,641 - INFO - Progress: 20/50 ads processed
2025-05-20 06:44:04,436 - INFO - Progress: 30/50 ads processed
2025-05-20 06:44:09,175 - INFO - Progress: 40/50 ads processed
2025-05-20 06:44:14,244 - INFO - Progress: 50/50 ads processed
2025-05-20 06:44:14,295 - INFO - Created backup of existing data file at unegui_data/unegui_sales_data.csv.bak
2025-05-20 06:44:14,516 - INFO - Data saved to unegui_data/unegui_sales_data.csv: 15649 records
2025-05-20 06:44:15,046 - INFO - Cache saved with 15916 URLs
2025-05-20 06:44:15,046 - INFO - Saved batch data. Total records: 15649
2025-05-20 06:44:15,046 - INFO - Processing batch 7/11 (50 links)
2025-05-20 06:44:20,375 - INFO - Progress: 10/50 ads processed
2025-05-20 06:44:26,034 - INFO - Progress: 20/50 ads processed
2025-05-20 06:44:31,190 - INFO - Progress: 30/50 ads processed
2025-05-20 06:44:36,442 - INFO - Progress: 40/50 ads processed
2025-05-20 06:44:41,845 - INFO - Progress: 50/50 ads processed
2025-05-20 06:44:41,895 - INFO - Created backup of existing data file at unegui_data/unegui_sales_data.csv.bak
2025-05-20 06:44:42,115 - INFO - Data saved to unegui_data/unegui_sales_data.csv: 15698 records
2025-05-20 06:44:42,641 - INFO - Cache saved with 15966 URLs
2025-05-20 06:44:42,641 - INFO - Saved batch data. Total records: 15698
2025-05-20 06:44:42,641 - INFO - Processing batch 8/11 (50 links)
2025-05-20 06:44:47,978 - INFO - Progress: 10/50 ads processed
2025-05-20 06:44:52,859 - INFO - Progress: 20/50 ads processed
2025-05-20 06:44:58,280 - INFO - Progress: 30/50 ads processed
2025-05-20 06:45:03,392 - INFO - Progress: 40/50 ads processed
2025-05-20 06:45:08,699 - INFO - Progress: 50/50 ads processed
2025-05-20 06:45:08,752 - INFO - Created backup of existing data file at unegui_data/unegui_sales_data.csv.bak
2025-05-20 06:45:08,976 - INFO - Data saved to unegui_data/unegui_sales_data.csv: 15747 records
2025-05-20 06:45:09,507 - INFO - Cache saved with 16016 URLs
2025-05-20 06:45:09,507 - INFO - Saved batch data. Total records: 15747
2025-05-20 06:45:09,507 - INFO - Processing batch 9/11 (50 links)
2025-05-20 06:45:15,219 - INFO - Progress: 10/50 ads processed
2025-05-20 06:45:20,166 - INFO - Progress: 20/50 ads processed
2025-05-20 06:45:25,653 - INFO - Progress: 30/50 ads processed
2025-05-20 06:45:30,768 - INFO - Progress: 40/50 ads processed
2025-05-20 06:45:36,072 - INFO - Progress: 50/50 ads processed
2025-05-20 06:45:36,124 - INFO - Created backup of existing data file at unegui_data/unegui_sales_data.csv.bak
2025-05-20 06:45:36,348 - INFO - Data saved to unegui_data/unegui_sales_data.csv: 15796 records
2025-05-20 06:45:36,873 - INFO - Cache saved with 16066 URLs
2025-05-20 06:45:36,873 - INFO - Saved batch data. Total records: 15796
2025-05-20 06:45:36,873 - INFO - Processing batch 10/11 (50 links)
2025-05-20 06:45:42,442 - INFO - Progress: 10/50 ads processed
2025-05-20 06:45:47,553 - INFO - Progress: 20/50 ads processed
2025-05-20 06:45:52,731 - INFO - Progress: 30/50 ads processed
2025-05-20 06:45:58,284 - INFO - Progress: 40/50 ads processed
2025-05-20 06:46:03,276 - INFO - Progress: 50/50 ads processed
2025-05-20 06:46:03,330 - INFO - Created backup of existing data file at unegui_data/unegui_sales_data.csv.bak
2025-05-20 06:46:03,554 - INFO - Data saved to unegui_data/unegui_sales_data.csv: 15845 records
2025-05-20 06:46:04,084 - INFO - Cache saved with 16116 URLs
2025-05-20 06:46:04,084 - INFO - Saved batch data. Total records: 15845
2025-05-20 06:46:04,084 - INFO - Processing batch 11/11 (5 links)
2025-05-20 06:46:07,066 - INFO - Progress: 5/5 ads processed
2025-05-20 06:46:07,115 - INFO - Created backup of existing data file at unegui_data/unegui_sales_data.csv.bak
2025-05-20 06:46:07,340 - INFO - Data saved to unegui_data/unegui_sales_data.csv: 15850 records
2025-05-20 06:46:07,859 - INFO - Cache saved with 16121 URLs
2025-05-20 06:46:07,859 - INFO - Saved batch data. Total records: 15850
2025-05-20 06:46:07,859 - INFO - Scraping completed in 0:09:32.535180. Total ads collected: 15850
