2025-06-12 06:37:45,568 - INFO - Starting sales apartment scraper at 2025-06-12 06:37:45.568236
2025-06-12 06:37:45,898 - INFO - Loaded existing data from unegui_data/unegui_sales_data.csv: 23208 records
2025-06-12 06:37:46,164 - INFO - Loaded 23208 existing records
2025-06-12 06:37:46,181 - INFO - Scraping page 1...
2025-06-12 06:37:46,182 - INFO - Scraping page 2...
2025-06-12 06:37:46,182 - INFO - Scraping page 3...
2025-06-12 06:37:50,391 - INFO - Found 60 links on page 1
2025-06-12 06:37:50,391 - INFO - Scraping page 4...
2025-06-12 06:37:50,786 - INFO - Found 60 links on page 3
2025-06-12 06:37:50,786 - INFO - Scraping page 5...
2025-06-12 06:37:51,148 - INFO - Found 60 links on page 2
2025-06-12 06:37:51,148 - INFO - Scraping page 6...
2025-06-12 06:37:55,223 - INFO - Found 60 links on page 5
2025-06-12 06:37:55,223 - INFO - Scraping page 7...
2025-06-12 06:37:55,462 - INFO - Found 60 links on page 4
2025-06-12 06:37:55,462 - INFO - Scraping page 8...
2025-06-12 06:37:55,830 - INFO - Found 60 links on page 6
2025-06-12 06:37:55,830 - INFO - Scraping page 9...
2025-06-12 06:37:59,690 - INFO - Found 60 links on page 7
2025-06-12 06:37:59,690 - INFO - Scraping page 10...
2025-06-12 06:38:00,324 - INFO - Found 60 links on page 9
2025-06-12 06:38:00,324 - INFO - Scraping page 11...
2025-06-12 06:38:00,600 - INFO - Found 60 links on page 8
2025-06-12 06:38:00,600 - INFO - Scraping page 12...
2025-06-12 06:38:04,234 - INFO - Found 60 links on page 10
2025-06-12 06:38:04,234 - INFO - Scraping page 13...
2025-06-12 06:38:04,575 - INFO - Found 60 links on page 11
2025-06-12 06:38:04,575 - INFO - Scraping page 14...
2025-06-12 06:38:05,118 - INFO - Found 60 links on page 12
2025-06-12 06:38:05,119 - INFO - Scraping page 15...
2025-06-12 06:38:08,492 - INFO - Found 60 links on page 13
2025-06-12 06:38:08,492 - INFO - Scraping page 16...
2025-06-12 06:38:09,042 - INFO - Found 60 links on page 14
2025-06-12 06:38:09,042 - INFO - Scraping page 17...
2025-06-12 06:38:09,520 - INFO - Found 60 links on page 15
2025-06-12 06:38:09,520 - INFO - Scraping page 18...
2025-06-12 06:38:13,305 - INFO - Found 60 links on page 16
2025-06-12 06:38:13,305 - INFO - Scraping page 19...
2025-06-12 06:38:13,625 - INFO - Found 60 links on page 17
2025-06-12 06:38:13,625 - INFO - Scraping page 20...
2025-06-12 06:38:14,028 - INFO - Found 60 links on page 18
2025-06-12 06:38:14,029 - INFO - Scraping page 21...
2025-06-12 06:38:17,862 - INFO - Found 60 links on page 19
2025-06-12 06:38:17,863 - INFO - Scraping page 22...
2025-06-12 06:38:18,471 - INFO - Found 60 links on page 21
2025-06-12 06:38:18,477 - INFO - Scraping page 23...
2025-06-12 06:38:18,552 - INFO - Found 60 links on page 20
2025-06-12 06:38:18,552 - INFO - Scraping page 24...
2025-06-12 06:38:23,034 - INFO - Found 60 links on page 22
2025-06-12 06:38:23,034 - INFO - Scraping page 25...
2025-06-12 06:38:23,525 - INFO - Found 60 links on page 23
2025-06-12 06:38:23,525 - INFO - Scraping page 26...
2025-06-12 06:38:23,884 - INFO - Found 60 links on page 24
2025-06-12 06:38:23,884 - INFO - Scraping page 27...
2025-06-12 06:38:27,784 - INFO - Found 60 links on page 25
2025-06-12 06:38:27,784 - INFO - Scraping page 28...
2025-06-12 06:38:28,248 - INFO - Found 60 links on page 26
2025-06-12 06:38:28,259 - INFO - Scraping page 29...
2025-06-12 06:38:28,389 - INFO - Found 60 links on page 27
2025-06-12 06:38:28,389 - INFO - Scraping page 30...
2025-06-12 06:38:32,316 - INFO - Found 60 links on page 28
2025-06-12 06:38:32,316 - INFO - Scraping page 31...
2025-06-12 06:38:33,099 - INFO - Found 60 links on page 29
2025-06-12 06:38:33,109 - INFO - Scraping page 32...
2025-06-12 06:38:33,293 - INFO - Found 60 links on page 30
2025-06-12 06:38:33,294 - INFO - Scraping page 33...
2025-06-12 06:38:37,121 - INFO - Found 60 links on page 31
2025-06-12 06:38:37,122 - INFO - Scraping page 34...
2025-06-12 06:38:37,334 - INFO - Found 60 links on page 33
2025-06-12 06:38:37,334 - INFO - Scraping page 35...
2025-06-12 06:38:38,293 - INFO - Found 60 links on page 32
2025-06-12 06:38:38,294 - INFO - Scraping page 36...
2025-06-12 06:38:41,125 - INFO - Found 60 links on page 34
2025-06-12 06:38:41,130 - INFO - Scraping page 37...
2025-06-12 06:38:41,298 - INFO - Found 60 links on page 35
2025-06-12 06:38:41,298 - INFO - Scraping page 38...
2025-06-12 06:38:42,368 - INFO - Found 60 links on page 36
2025-06-12 06:38:42,368 - INFO - Scraping page 39...
2025-06-12 06:38:45,095 - INFO - Found 60 links on page 37
2025-06-12 06:38:45,095 - INFO - Scraping page 40...
2025-06-12 06:38:45,562 - INFO - Found 60 links on page 38
2025-06-12 06:38:45,562 - INFO - Scraping page 41...
2025-06-12 06:38:47,053 - INFO - Found 60 links on page 39
2025-06-12 06:38:47,053 - INFO - Scraping page 42...
2025-06-12 06:38:49,262 - INFO - Found 60 links on page 40
2025-06-12 06:38:49,262 - INFO - Scraping page 43...
2025-06-12 06:38:50,373 - INFO - Found 60 links on page 41
2025-06-12 06:38:50,373 - INFO - Scraping page 44...
2025-06-12 06:38:51,132 - INFO - Found 60 links on page 42
2025-06-12 06:38:51,133 - INFO - Scraping page 45...
2025-06-12 06:38:53,032 - INFO - Found 60 links on page 43
2025-06-12 06:38:53,033 - INFO - Scraping page 46...
2025-06-12 06:38:54,279 - INFO - Found 60 links on page 44
2025-06-12 06:38:54,279 - INFO - Scraping page 47...
2025-06-12 06:38:55,384 - INFO - Found 60 links on page 45
2025-06-12 06:38:55,385 - INFO - Scraping page 48...
2025-06-12 06:38:57,333 - INFO - Found 60 links on page 46
2025-06-12 06:38:57,333 - INFO - Scraping page 49...
2025-06-12 06:38:58,559 - INFO - Found 60 links on page 47
2025-06-12 06:38:58,559 - INFO - Scraping page 50...
2025-06-12 06:38:59,592 - INFO - Found 60 links on page 48
2025-06-12 06:38:59,592 - INFO - Scraping page 51...
2025-06-12 06:39:01,173 - INFO - Found 60 links on page 49
2025-06-12 06:39:01,173 - INFO - Scraping page 52...
2025-06-12 06:39:02,861 - INFO - Found 60 links on page 50
2025-06-12 06:39:02,861 - INFO - Scraping page 53...
2025-06-12 06:39:04,398 - INFO - Found 60 links on page 51
2025-06-12 06:39:04,398 - INFO - Scraping page 54...
2025-06-12 06:39:06,090 - INFO - Found 60 links on page 52
2025-06-12 06:39:06,091 - INFO - Scraping page 55...
2025-06-12 06:39:06,955 - INFO - Found 60 links on page 53
2025-06-12 06:39:06,955 - INFO - Scraping page 56...
2025-06-12 06:39:08,431 - INFO - Found 60 links on page 54
2025-06-12 06:39:08,431 - INFO - Scraping page 57...
2025-06-12 06:39:11,028 - INFO - Found 60 links on page 55
2025-06-12 06:39:11,034 - INFO - Scraping page 58...
2025-06-12 06:39:11,148 - INFO - Found 60 links on page 56
2025-06-12 06:39:11,148 - INFO - Scraping page 59...
2025-06-12 06:39:12,431 - INFO - Found 60 links on page 57
2025-06-12 06:39:12,431 - INFO - Scraping page 60...
2025-06-12 06:39:15,266 - INFO - Found 60 links on page 58
2025-06-12 06:39:15,272 - INFO - Scraping page 61...
2025-06-12 06:39:15,495 - INFO - Found 60 links on page 59
2025-06-12 06:39:15,495 - INFO - Scraping page 62...
2025-06-12 06:39:16,230 - INFO - Found 60 links on page 60
2025-06-12 06:39:16,230 - INFO - Scraping page 63...
2025-06-12 06:39:19,145 - INFO - Found 60 links on page 62
2025-06-12 06:39:19,145 - INFO - Scraping page 64...
2025-06-12 06:39:19,521 - INFO - Found 60 links on page 61
2025-06-12 06:39:19,521 - INFO - Scraping page 65...
2025-06-12 06:39:20,622 - INFO - Found 60 links on page 63
2025-06-12 06:39:20,622 - INFO - Scraping page 66...
2025-06-12 06:39:23,923 - INFO - Found 60 links on page 65
2025-06-12 06:39:23,933 - INFO - Scraping page 67...
2025-06-12 06:39:24,115 - INFO - Found 60 links on page 64
2025-06-12 06:39:24,116 - INFO - Scraping page 68...
2025-06-12 06:39:24,941 - INFO - Found 60 links on page 66
2025-06-12 06:39:24,941 - INFO - Scraping page 69...
2025-06-12 06:39:28,150 - INFO - Found 60 links on page 67
2025-06-12 06:39:28,150 - INFO - Scraping page 70...
2025-06-12 06:39:28,952 - INFO - Found 60 links on page 69
2025-06-12 06:39:28,952 - INFO - Scraping page 71...
2025-06-12 06:39:29,262 - INFO - Found 60 links on page 68
2025-06-12 06:39:29,262 - INFO - Scraping page 72...
2025-06-12 06:39:32,104 - INFO - Found 60 links on page 70
2025-06-12 06:39:32,105 - INFO - Scraping page 73...
2025-06-12 06:39:32,987 - INFO - Found 60 links on page 71
2025-06-12 06:39:32,987 - INFO - Scraping page 74...
2025-06-12 06:39:33,225 - INFO - Found 60 links on page 72
2025-06-12 06:39:33,225 - INFO - Scraping page 75...
2025-06-12 06:39:36,261 - INFO - Found 60 links on page 73
2025-06-12 06:39:36,261 - INFO - Scraping page 76...
2025-06-12 06:39:37,320 - INFO - Found 60 links on page 74
2025-06-12 06:39:37,326 - INFO - Scraping page 77...
2025-06-12 06:39:37,452 - INFO - Found 60 links on page 75
2025-06-12 06:39:37,452 - INFO - Scraping page 78...
2025-06-12 06:39:40,646 - INFO - Found 60 links on page 76
2025-06-12 06:39:40,646 - INFO - Scraping page 79...
2025-06-12 06:39:41,266 - INFO - Found 60 links on page 77
2025-06-12 06:39:41,266 - INFO - Scraping page 80...
2025-06-12 06:39:42,390 - INFO - Found 60 links on page 78
2025-06-12 06:39:42,390 - INFO - Scraping page 81...
2025-06-12 06:39:44,747 - INFO - Found 60 links on page 79
2025-06-12 06:39:44,748 - INFO - Scraping page 82...
2025-06-12 06:39:45,985 - INFO - Found 60 links on page 80
2025-06-12 06:39:45,985 - INFO - Scraping page 83...
2025-06-12 06:39:47,192 - INFO - Found 60 links on page 81
2025-06-12 06:39:47,192 - INFO - Scraping page 84...
2025-06-12 06:39:48,768 - INFO - Found 60 links on page 82
2025-06-12 06:39:48,768 - INFO - Scraping page 85...
2025-06-12 06:39:50,047 - INFO - Found 60 links on page 83
2025-06-12 06:39:50,047 - INFO - Scraping page 86...
2025-06-12 06:39:51,574 - INFO - Found 60 links on page 84
2025-06-12 06:39:51,574 - INFO - Scraping page 87...
2025-06-12 06:39:53,559 - INFO - Found 60 links on page 85
2025-06-12 06:39:53,559 - INFO - Scraping page 88...
2025-06-12 06:39:54,021 - INFO - Found 60 links on page 86
2025-06-12 06:39:54,021 - INFO - Scraping page 89...
2025-06-12 06:39:55,884 - INFO - Found 60 links on page 87
2025-06-12 06:39:55,885 - INFO - Scraping page 90...
2025-06-12 06:39:57,719 - INFO - Found 60 links on page 88
2025-06-12 06:39:57,719 - INFO - Scraping page 91...
2025-06-12 06:39:57,928 - INFO - Found 60 links on page 89
2025-06-12 06:39:57,928 - INFO - Scraping page 92...
2025-06-12 06:39:59,929 - INFO - Found 60 links on page 90
2025-06-12 06:39:59,929 - INFO - Scraping page 93...
2025-06-12 06:40:01,860 - INFO - Found 60 links on page 91
2025-06-12 06:40:01,860 - INFO - Scraping page 94...
2025-06-12 06:40:02,202 - INFO - Found 60 links on page 92
2025-06-12 06:40:02,202 - INFO - Scraping page 95...
2025-06-12 06:40:04,253 - INFO - Found 60 links on page 93
2025-06-12 06:40:04,254 - INFO - Scraping page 96...
2025-06-12 06:40:05,645 - INFO - Found 60 links on page 94
2025-06-12 06:40:05,646 - INFO - Scraping page 97...
2025-06-12 06:40:06,023 - INFO - Found 60 links on page 95
2025-06-12 06:40:06,023 - INFO - Scraping page 98...
2025-06-12 06:40:08,447 - INFO - Found 60 links on page 96
2025-06-12 06:40:08,447 - INFO - Scraping page 99...
2025-06-12 06:40:09,555 - INFO - Found 60 links on page 97
2025-06-12 06:40:09,555 - INFO - Scraping page 100...
2025-06-12 06:40:10,040 - INFO - Found 60 links on page 98
2025-06-12 06:40:10,041 - INFO - Scraping page 101...
2025-06-12 06:40:12,317 - INFO - Found 60 links on page 99
2025-06-12 06:40:12,318 - INFO - Scraping page 102...
2025-06-12 06:40:13,860 - INFO - Found 60 links on page 100
2025-06-12 06:40:13,861 - INFO - Scraping page 103...
2025-06-12 06:40:14,255 - INFO - Found 60 links on page 101
2025-06-12 06:40:14,255 - INFO - Scraping page 104...
2025-06-12 06:40:16,960 - INFO - Found 60 links on page 102
2025-06-12 06:40:16,961 - INFO - Scraping page 105...
2025-06-12 06:40:17,754 - INFO - Found 60 links on page 103
2025-06-12 06:40:17,754 - INFO - Scraping page 106...
2025-06-12 06:40:18,488 - INFO - Found 60 links on page 104
2025-06-12 06:40:18,489 - INFO - Scraping page 107...
2025-06-12 06:40:20,919 - INFO - Found 60 links on page 105
2025-06-12 06:40:20,920 - INFO - Scraping page 108...
2025-06-12 06:40:21,731 - INFO - Found 60 links on page 106
2025-06-12 06:40:21,731 - INFO - Scraping page 109...
2025-06-12 06:40:22,435 - INFO - Found 60 links on page 107
2025-06-12 06:40:22,435 - INFO - Scraping page 110...
2025-06-12 06:40:25,512 - INFO - Found 60 links on page 108
2025-06-12 06:40:25,512 - INFO - Scraping page 111...
2025-06-12 06:40:25,736 - INFO - Found 60 links on page 109
2025-06-12 06:40:25,736 - INFO - Scraping page 112...
2025-06-12 06:40:27,088 - INFO - Found 60 links on page 110
2025-06-12 06:40:27,088 - INFO - Scraping page 113...
2025-06-12 06:40:29,971 - INFO - Found 60 links on page 112
2025-06-12 06:40:29,971 - INFO - Scraping page 114...
2025-06-12 06:40:30,282 - INFO - Found 60 links on page 111
2025-06-12 06:40:30,282 - INFO - Scraping page 115...
2025-06-12 06:40:31,089 - INFO - Found 60 links on page 113
2025-06-12 06:40:31,089 - INFO - Scraping page 116...
2025-06-12 06:40:33,983 - INFO - Found 60 links on page 114
2025-06-12 06:40:33,983 - INFO - Scraping page 117...
2025-06-12 06:40:35,056 - INFO - Found 60 links on page 116
2025-06-12 06:40:35,056 - INFO - Scraping page 118...
2025-06-12 06:40:35,332 - INFO - Found 60 links on page 115
2025-06-12 06:40:35,332 - INFO - Scraping page 119...
2025-06-12 06:40:38,313 - INFO - Found 60 links on page 117
2025-06-12 06:40:38,313 - INFO - Scraping page 120...
2025-06-12 06:40:39,304 - INFO - Found 60 links on page 118
2025-06-12 06:40:39,314 - INFO - Scraping page 121...
2025-06-12 06:40:39,437 - INFO - Found 60 links on page 119
2025-06-12 06:40:39,437 - INFO - Scraping page 122...
2025-06-12 06:40:42,299 - INFO - Found 60 links on page 120
2025-06-12 06:40:42,299 - INFO - Scraping page 123...
2025-06-12 06:40:43,867 - INFO - Found 60 links on page 122
2025-06-12 06:40:43,867 - INFO - Scraping page 124...
2025-06-12 06:40:44,271 - INFO - Found 60 links on page 121
2025-06-12 06:40:44,271 - INFO - Scraping page 125...
2025-06-12 06:40:46,724 - INFO - Found 60 links on page 123
2025-06-12 06:40:46,724 - INFO - Scraping page 126...
2025-06-12 06:40:47,921 - INFO - Found 60 links on page 124
2025-06-12 06:40:47,921 - INFO - Scraping page 127...
2025-06-12 06:40:48,627 - INFO - Found 60 links on page 125
2025-06-12 06:40:48,627 - INFO - Scraping page 128...
2025-06-12 06:40:50,838 - INFO - Found 60 links on page 126
2025-06-12 06:40:50,838 - INFO - Scraping page 129...
2025-06-12 06:40:52,103 - INFO - Found 60 links on page 127
2025-06-12 06:40:52,103 - INFO - Scraping page 130...
2025-06-12 06:40:53,520 - INFO - Found 60 links on page 128
2025-06-12 06:40:53,520 - INFO - Scraping page 131...
2025-06-12 06:40:54,747 - INFO - Found 60 links on page 129
2025-06-12 06:40:54,747 - INFO - Scraping page 132...
2025-06-12 06:40:56,263 - INFO - Found 60 links on page 130
2025-06-12 06:40:56,263 - INFO - Scraping page 133...
2025-06-12 06:40:58,026 - INFO - Found 60 links on page 131
2025-06-12 06:40:58,026 - INFO - Scraping page 134...
2025-06-12 06:40:59,027 - INFO - Found 60 links on page 132
2025-06-12 06:40:59,028 - INFO - Scraping page 135...
2025-06-12 06:41:00,466 - INFO - Found 60 links on page 133
2025-06-12 06:41:00,466 - INFO - Scraping page 136...
2025-06-12 06:41:02,207 - INFO - Found 60 links on page 134
2025-06-12 06:41:02,207 - INFO - Scraping page 137...
2025-06-12 06:41:03,442 - INFO - Found 60 links on page 135
2025-06-12 06:41:03,442 - INFO - Scraping page 138...
2025-06-12 06:41:05,392 - INFO - Found 60 links on page 136
2025-06-12 06:41:05,392 - INFO - Scraping page 139...
2025-06-12 06:41:06,685 - INFO - Found 60 links on page 137
2025-06-12 06:41:06,686 - INFO - Scraping page 140...
2025-06-12 06:41:08,331 - INFO - Found 60 links on page 138
2025-06-12 06:41:08,331 - INFO - Scraping page 141...
2025-06-12 06:41:09,640 - INFO - Found 60 links on page 139
2025-06-12 06:41:09,640 - INFO - Scraping page 142...
2025-06-12 06:41:10,969 - INFO - Found 60 links on page 140
2025-06-12 06:41:10,969 - INFO - Scraping page 143...
2025-06-12 06:41:12,627 - INFO - Found 60 links on page 141
2025-06-12 06:41:12,627 - INFO - Scraping page 144...
2025-06-12 06:41:13,774 - INFO - Found 60 links on page 142
2025-06-12 06:41:13,774 - INFO - Scraping page 145...
2025-06-12 06:41:15,094 - INFO - Found 60 links on page 143
2025-06-12 06:41:15,094 - INFO - Scraping page 146...
2025-06-12 06:41:17,372 - INFO - Found 60 links on page 144
2025-06-12 06:41:17,372 - INFO - Scraping page 147...
2025-06-12 06:41:17,966 - INFO - Found 60 links on page 145
2025-06-12 06:41:17,966 - INFO - Scraping page 148...
2025-06-12 06:41:19,081 - INFO - Found 60 links on page 146
2025-06-12 06:41:19,081 - INFO - Scraping page 149...
2025-06-12 06:41:21,575 - INFO - Found 60 links on page 147
2025-06-12 06:41:21,575 - INFO - Scraping page 150...
2025-06-12 06:41:22,231 - INFO - Found 60 links on page 148
2025-06-12 06:41:22,231 - INFO - Scraping page 151...
2025-06-12 06:41:23,366 - INFO - Found 60 links on page 149
2025-06-12 06:41:23,366 - INFO - Scraping page 152...
2025-06-12 06:41:25,581 - INFO - Found 60 links on page 150
2025-06-12 06:41:25,581 - INFO - Scraping page 153...
2025-06-12 06:41:26,068 - INFO - Found 60 links on page 151
2025-06-12 06:41:26,068 - INFO - Scraping page 154...
2025-06-12 06:41:27,195 - INFO - Found 60 links on page 152
2025-06-12 06:41:27,195 - INFO - Scraping page 155...
2025-06-12 06:41:30,229 - INFO - Found 60 links on page 154
2025-06-12 06:41:30,229 - INFO - Scraping page 156...
2025-06-12 06:41:30,475 - INFO - Found 60 links on page 153
2025-06-12 06:41:30,475 - INFO - Scraping page 157...
2025-06-12 06:41:31,341 - INFO - Found 60 links on page 155
2025-06-12 06:41:31,341 - INFO - Scraping page 158...
2025-06-12 06:41:34,169 - INFO - Found 60 links on page 156
2025-06-12 06:41:34,170 - INFO - Scraping page 159...
2025-06-12 06:41:34,518 - INFO - Found 60 links on page 157
2025-06-12 06:41:34,518 - INFO - Scraping page 160...
2025-06-12 06:41:35,468 - INFO - Found 60 links on page 158
2025-06-12 06:41:35,468 - INFO - Scraping page 161...
2025-06-12 06:41:38,304 - INFO - Found 60 links on page 159
2025-06-12 06:41:38,304 - INFO - Scraping page 162...
2025-06-12 06:41:38,733 - INFO - Found 60 links on page 160
2025-06-12 06:41:38,734 - INFO - Scraping page 163...
2025-06-12 06:41:39,468 - INFO - Found 60 links on page 161
2025-06-12 06:41:39,468 - INFO - Scraping page 164...
2025-06-12 06:41:42,701 - INFO - Found 60 links on page 162
2025-06-12 06:41:42,702 - INFO - Scraping page 165...
2025-06-12 06:41:43,051 - INFO - Found 60 links on page 163
2025-06-12 06:41:43,052 - INFO - Scraping page 166...
2025-06-12 06:41:43,690 - INFO - Found 60 links on page 164
2025-06-12 06:41:43,690 - INFO - Scraping page 167...
2025-06-12 06:41:47,522 - INFO - Found 60 links on page 166
2025-06-12 06:41:47,523 - INFO - Scraping page 168...
2025-06-12 06:41:48,023 - INFO - Found 60 links on page 167
2025-06-12 06:41:48,023 - INFO - Scraping page 169...
2025-06-12 06:41:48,282 - INFO - Found 60 links on page 165
2025-06-12 06:41:48,282 - INFO - Scraping page 170...
2025-06-12 06:41:51,792 - INFO - Found 60 links on page 168
2025-06-12 06:41:51,793 - INFO - Scraping page 171...
2025-06-12 06:41:52,332 - INFO - Found 60 links on page 170
2025-06-12 06:41:52,343 - INFO - Scraping page 172...
2025-06-12 06:41:52,475 - INFO - Found 60 links on page 169
2025-06-12 06:41:52,475 - INFO - Scraping page 173...
2025-06-12 06:41:55,926 - INFO - Found 60 links on page 171
2025-06-12 06:41:55,926 - INFO - Scraping page 174...
2025-06-12 06:41:56,676 - INFO - Found 60 links on page 172
2025-06-12 06:41:56,676 - INFO - Scraping page 175...
2025-06-12 06:41:56,935 - INFO - Found 60 links on page 173
2025-06-12 06:41:56,935 - INFO - Scraping page 176...
2025-06-12 06:42:00,496 - INFO - Found 60 links on page 174
2025-06-12 06:42:00,496 - INFO - Scraping page 177...
2025-06-12 06:42:00,743 - INFO - Found 60 links on page 175
2025-06-12 06:42:00,743 - INFO - Scraping page 178...
2025-06-12 06:42:00,936 - INFO - Found 60 links on page 176
2025-06-12 06:42:00,936 - INFO - Scraping page 179...
2025-06-12 06:42:04,695 - INFO - Found 60 links on page 178
2025-06-12 06:42:04,695 - INFO - Scraping page 180...
2025-06-12 06:42:05,203 - INFO - Found 60 links on page 177
2025-06-12 06:42:05,208 - INFO - Scraping page 181...
2025-06-12 06:42:05,271 - INFO - Found 60 links on page 179
2025-06-12 06:42:05,271 - INFO - Scraping page 182...
2025-06-12 06:42:09,535 - INFO - Found 60 links on page 182
2025-06-12 06:42:09,535 - INFO - Scraping page 183...
2025-06-12 06:42:09,856 - INFO - Found 60 links on page 181
2025-06-12 06:42:09,856 - INFO - Scraping page 184...
2025-06-12 06:42:10,091 - INFO - Found 60 links on page 180
2025-06-12 06:42:10,091 - INFO - Scraping page 185...
2025-06-12 06:42:13,922 - INFO - Found 60 links on page 184
2025-06-12 06:42:13,923 - INFO - Scraping page 186...
2025-06-12 06:42:14,048 - INFO - Found 60 links on page 183
2025-06-12 06:42:14,048 - INFO - Scraping page 187...
2025-06-12 06:42:14,305 - INFO - Found 60 links on page 185
2025-06-12 06:42:14,305 - INFO - Scraping page 188...
2025-06-12 06:42:18,219 - INFO - Found 60 links on page 186
2025-06-12 06:42:18,229 - INFO - Scraping page 189...
2025-06-12 06:42:18,419 - INFO - Found 60 links on page 187
2025-06-12 06:42:18,430 - INFO - Scraping page 190...
2025-06-12 06:42:18,641 - INFO - Found 60 links on page 188
2025-06-12 06:42:18,641 - INFO - Scraping page 191...
2025-06-12 06:42:22,282 - INFO - Found 60 links on page 189
2025-06-12 06:42:22,282 - INFO - Scraping page 192...
2025-06-12 06:42:22,815 - INFO - Found 60 links on page 190
2025-06-12 06:42:22,825 - INFO - Scraping page 193...
2025-06-12 06:42:23,039 - INFO - Found 60 links on page 191
2025-06-12 06:42:23,039 - INFO - Scraping page 194...
2025-06-12 06:42:26,394 - INFO - Found 60 links on page 192
2025-06-12 06:42:26,394 - INFO - Scraping page 195...
2025-06-12 06:42:27,114 - INFO - Found 60 links on page 193
2025-06-12 06:42:27,114 - INFO - Scraping page 196...
2025-06-12 06:42:27,486 - INFO - Found 60 links on page 194
2025-06-12 06:42:27,487 - INFO - Scraping page 197...
2025-06-12 06:42:31,258 - INFO - Found 60 links on page 195
2025-06-12 06:42:31,268 - INFO - Scraping page 198...
2025-06-12 06:42:31,536 - INFO - Found 60 links on page 196
2025-06-12 06:42:31,546 - INFO - Scraping page 199...
2025-06-12 06:42:31,694 - INFO - Found 60 links on page 197
2025-06-12 06:42:31,694 - INFO - Scraping page 200...
2025-06-12 06:42:35,459 - INFO - Found 60 links on page 198
2025-06-12 06:42:35,835 - INFO - Found 60 links on page 200
2025-06-12 06:42:36,344 - INFO - Found 60 links on page 199
2025-06-12 06:42:36,352 - INFO - Found 318 new links to scrape out of 12000 total links
2025-06-12 06:42:36,352 - INFO - Processing batch 1/7 (50 links)
2025-06-12 06:42:42,264 - INFO - Progress: 10/50 ads processed
2025-06-12 06:42:47,400 - INFO - Progress: 20/50 ads processed
2025-06-12 06:42:52,119 - INFO - Progress: 30/50 ads processed
2025-06-12 06:42:57,033 - INFO - Progress: 40/50 ads processed
2025-06-12 06:43:02,602 - INFO - Progress: 50/50 ads processed
2025-06-12 06:43:02,674 - INFO - Created backup of existing data file at unegui_data/unegui_sales_data.csv.bak
2025-06-12 06:43:03,001 - INFO - Data saved to unegui_data/unegui_sales_data.csv: 23257 records
2025-06-12 06:43:03,775 - INFO - Cache saved with 23652 URLs
2025-06-12 06:43:03,776 - INFO - Saved batch data. Total records: 23257
2025-06-12 06:43:03,776 - INFO - Processing batch 2/7 (50 links)
2025-06-12 06:43:09,133 - INFO - Progress: 10/50 ads processed
2025-06-12 06:43:14,850 - INFO - Progress: 20/50 ads processed
2025-06-12 06:43:19,679 - INFO - Progress: 30/50 ads processed
2025-06-12 06:43:24,642 - INFO - Progress: 40/50 ads processed
2025-06-12 06:43:30,262 - INFO - Progress: 50/50 ads processed
2025-06-12 06:43:30,332 - INFO - Created backup of existing data file at unegui_data/unegui_sales_data.csv.bak
2025-06-12 06:43:30,660 - INFO - Data saved to unegui_data/unegui_sales_data.csv: 23307 records
2025-06-12 06:43:31,459 - INFO - Cache saved with 23702 URLs
2025-06-12 06:43:31,459 - INFO - Saved batch data. Total records: 23307
2025-06-12 06:43:31,459 - INFO - Processing batch 3/7 (50 links)
2025-06-12 06:43:36,583 - INFO - Progress: 10/50 ads processed
2025-06-12 06:43:41,849 - INFO - Progress: 20/50 ads processed
2025-06-12 06:43:47,037 - INFO - Progress: 30/50 ads processed
2025-06-12 06:43:52,315 - INFO - Progress: 40/50 ads processed
2025-06-12 06:43:57,524 - INFO - Progress: 50/50 ads processed
2025-06-12 06:43:57,596 - INFO - Created backup of existing data file at unegui_data/unegui_sales_data.csv.bak
2025-06-12 06:43:57,926 - INFO - Data saved to unegui_data/unegui_sales_data.csv: 23357 records
2025-06-12 06:43:58,708 - INFO - Cache saved with 23752 URLs
2025-06-12 06:43:58,708 - INFO - Saved batch data. Total records: 23357
2025-06-12 06:43:58,709 - INFO - Processing batch 4/7 (50 links)
2025-06-12 06:44:04,436 - INFO - Progress: 10/50 ads processed
2025-06-12 06:44:09,572 - INFO - Progress: 20/50 ads processed
2025-06-12 06:44:15,584 - INFO - Progress: 30/50 ads processed
2025-06-12 06:44:21,597 - INFO - Progress: 40/50 ads processed
2025-06-12 06:44:26,539 - INFO - Progress: 50/50 ads processed
2025-06-12 06:44:26,611 - INFO - Created backup of existing data file at unegui_data/unegui_sales_data.csv.bak
2025-06-12 06:44:26,945 - INFO - Data saved to unegui_data/unegui_sales_data.csv: 23407 records
2025-06-12 06:44:27,729 - INFO - Cache saved with 23802 URLs
2025-06-12 06:44:27,729 - INFO - Saved batch data. Total records: 23407
2025-06-12 06:44:27,729 - INFO - Processing batch 5/7 (50 links)
2025-06-12 06:44:33,810 - INFO - Progress: 10/50 ads processed
2025-06-12 06:44:39,155 - INFO - Progress: 20/50 ads processed
2025-06-12 06:44:43,931 - INFO - Progress: 30/50 ads processed
2025-06-12 06:44:48,886 - INFO - Progress: 40/50 ads processed
2025-06-12 06:44:54,101 - INFO - Progress: 50/50 ads processed
2025-06-12 06:44:54,172 - INFO - Created backup of existing data file at unegui_data/unegui_sales_data.csv.bak
2025-06-12 06:44:54,503 - INFO - Data saved to unegui_data/unegui_sales_data.csv: 23457 records
2025-06-12 06:44:55,268 - INFO - Cache saved with 23852 URLs
2025-06-12 06:44:55,268 - INFO - Saved batch data. Total records: 23457
2025-06-12 06:44:55,268 - INFO - Processing batch 6/7 (50 links)
2025-06-12 06:45:01,252 - INFO - Progress: 10/50 ads processed
2025-06-12 06:45:06,349 - INFO - Progress: 20/50 ads processed
2025-06-12 06:45:11,383 - INFO - Progress: 30/50 ads processed
2025-06-12 06:45:16,874 - INFO - Progress: 40/50 ads processed
2025-06-12 06:45:22,628 - INFO - Progress: 50/50 ads processed
2025-06-12 06:45:22,701 - INFO - Created backup of existing data file at unegui_data/unegui_sales_data.csv.bak
2025-06-12 06:45:23,033 - INFO - Data saved to unegui_data/unegui_sales_data.csv: 23506 records
2025-06-12 06:45:23,813 - INFO - Cache saved with 23902 URLs
2025-06-12 06:45:23,813 - INFO - Saved batch data. Total records: 23506
2025-06-12 06:45:23,813 - INFO - Processing batch 7/7 (18 links)
2025-06-12 06:45:29,542 - INFO - Progress: 10/18 ads processed
2025-06-12 06:45:35,122 - INFO - Progress: 18/18 ads processed
2025-06-12 06:45:35,195 - INFO - Created backup of existing data file at unegui_data/unegui_sales_data.csv.bak
2025-06-12 06:45:35,533 - INFO - Data saved to unegui_data/unegui_sales_data.csv: 23524 records
2025-06-12 06:45:36,322 - INFO - Cache saved with 23920 URLs
2025-06-12 06:45:36,322 - INFO - Saved batch data. Total records: 23524
2025-06-12 06:45:36,322 - INFO - Scraping completed in 0:07:50.754526. Total ads collected: 23524
