2025-05-15 06:36:29,657 - INFO - Starting sales apartment scraper at 2025-05-15 06:36:29.657273
2025-05-15 06:36:29,903 - INFO - Loaded existing data from unegui_data/unegui_sales_data.csv: 13725 records
2025-05-15 06:36:30,080 - INFO - Loaded 13725 existing records
2025-05-15 06:36:30,094 - INFO - Scraping page 1...
2025-05-15 06:36:30,094 - INFO - Scraping page 2...
2025-05-15 06:36:30,095 - INFO - Scraping page 3...
2025-05-15 06:36:34,479 - INFO - Found 60 links on page 2
2025-05-15 06:36:34,485 - INFO - Scraping page 4...
2025-05-15 06:36:34,598 - INFO - Found 60 links on page 3
2025-05-15 06:36:34,599 - INFO - Scraping page 5...
2025-05-15 06:36:34,852 - INFO - Found 60 links on page 1
2025-05-15 06:36:34,852 - INFO - Scraping page 6...
2025-05-15 06:36:38,603 - INFO - Found 60 links on page 4
2025-05-15 06:36:38,603 - INFO - Scraping page 7...
2025-05-15 06:36:38,876 - INFO - Found 60 links on page 5
2025-05-15 06:36:38,876 - INFO - Scraping page 8...
2025-05-15 06:36:39,429 - INFO - Found 60 links on page 6
2025-05-15 06:36:39,429 - INFO - Scraping page 9...
2025-05-15 06:36:43,034 - INFO - Found 60 links on page 7
2025-05-15 06:36:43,034 - INFO - Scraping page 10...
2025-05-15 06:36:43,296 - INFO - Found 60 links on page 8
2025-05-15 06:36:43,296 - INFO - Scraping page 11...
2025-05-15 06:36:43,514 - INFO - Found 60 links on page 9
2025-05-15 06:36:43,514 - INFO - Scraping page 12...
2025-05-15 06:36:47,744 - INFO - Found 60 links on page 10
2025-05-15 06:36:47,744 - INFO - Scraping page 13...
2025-05-15 06:36:48,084 - INFO - Found 60 links on page 12
2025-05-15 06:36:48,089 - INFO - Scraping page 14...
2025-05-15 06:36:48,207 - INFO - Found 60 links on page 11
2025-05-15 06:36:48,207 - INFO - Scraping page 15...
2025-05-15 06:36:52,272 - INFO - Found 60 links on page 13
2025-05-15 06:36:52,272 - INFO - Scraping page 16...
2025-05-15 06:36:52,601 - INFO - Found 60 links on page 14
2025-05-15 06:36:52,601 - INFO - Scraping page 17...
2025-05-15 06:36:52,886 - INFO - Found 60 links on page 15
2025-05-15 06:36:52,886 - INFO - Scraping page 18...
2025-05-15 06:36:56,973 - INFO - Found 60 links on page 16
2025-05-15 06:36:56,974 - INFO - Scraping page 19...
2025-05-15 06:36:57,240 - INFO - Found 60 links on page 17
2025-05-15 06:36:57,250 - INFO - Scraping page 20...
2025-05-15 06:36:57,460 - INFO - Found 60 links on page 18
2025-05-15 06:36:57,460 - INFO - Scraping page 21...
2025-05-15 06:37:01,195 - INFO - Found 60 links on page 19
2025-05-15 06:37:01,196 - INFO - Scraping page 22...
2025-05-15 06:37:02,322 - INFO - Found 60 links on page 20
2025-05-15 06:37:02,322 - INFO - Scraping page 23...
2025-05-15 06:37:02,535 - INFO - Found 60 links on page 21
2025-05-15 06:37:02,536 - INFO - Scraping page 24...
2025-05-15 06:37:06,664 - INFO - Found 60 links on page 22
2025-05-15 06:37:06,670 - INFO - Scraping page 25...
2025-05-15 06:37:06,875 - INFO - Found 60 links on page 23
2025-05-15 06:37:06,875 - INFO - Scraping page 26...
2025-05-15 06:37:07,221 - INFO - Found 60 links on page 24
2025-05-15 06:37:07,222 - INFO - Scraping page 27...
2025-05-15 06:37:11,818 - INFO - Found 60 links on page 25
2025-05-15 06:37:11,818 - INFO - Scraping page 28...
2025-05-15 06:37:12,001 - INFO - Found 60 links on page 27
2025-05-15 06:37:12,012 - INFO - Scraping page 29...
2025-05-15 06:37:12,175 - INFO - Found 60 links on page 26
2025-05-15 06:37:12,175 - INFO - Scraping page 30...
2025-05-15 06:37:16,090 - INFO - Found 60 links on page 30
2025-05-15 06:37:16,090 - INFO - Scraping page 31...
2025-05-15 06:37:16,447 - INFO - Found 60 links on page 28
2025-05-15 06:37:16,447 - INFO - Scraping page 32...
2025-05-15 06:37:16,584 - INFO - Found 60 links on page 29
2025-05-15 06:37:16,584 - INFO - Scraping page 33...
2025-05-15 06:37:20,014 - INFO - Found 60 links on page 31
2025-05-15 06:37:20,014 - INFO - Scraping page 34...
2025-05-15 06:37:20,370 - INFO - Found 60 links on page 32
2025-05-15 06:37:20,371 - INFO - Scraping page 35...
2025-05-15 06:37:20,573 - INFO - Found 60 links on page 33
2025-05-15 06:37:20,574 - INFO - Scraping page 36...
2025-05-15 06:37:23,937 - INFO - Found 60 links on page 34
2025-05-15 06:37:23,937 - INFO - Scraping page 37...
2025-05-15 06:37:24,138 - INFO - Found 60 links on page 35
2025-05-15 06:37:24,138 - INFO - Scraping page 38...
2025-05-15 06:37:24,892 - INFO - Found 60 links on page 36
2025-05-15 06:37:24,892 - INFO - Scraping page 39...
2025-05-15 06:37:28,109 - INFO - Found 60 links on page 38
2025-05-15 06:37:28,109 - INFO - Scraping page 40...
2025-05-15 06:37:28,863 - INFO - Found 60 links on page 37
2025-05-15 06:37:28,864 - INFO - Scraping page 41...
2025-05-15 06:37:29,351 - INFO - Found 60 links on page 39
2025-05-15 06:37:29,351 - INFO - Scraping page 42...
2025-05-15 06:37:32,265 - INFO - Found 60 links on page 40
2025-05-15 06:37:32,265 - INFO - Scraping page 43...
2025-05-15 06:37:32,514 - INFO - Found 60 links on page 41
2025-05-15 06:37:32,515 - INFO - Scraping page 44...
2025-05-15 06:37:33,264 - INFO - Found 60 links on page 42
2025-05-15 06:37:33,264 - INFO - Scraping page 45...
2025-05-15 06:37:36,983 - INFO - Found 60 links on page 43
2025-05-15 06:37:36,988 - INFO - Scraping page 46...
2025-05-15 06:37:37,276 - INFO - Found 60 links on page 44
2025-05-15 06:37:37,282 - INFO - Scraping page 47...
2025-05-15 06:37:37,358 - INFO - Found 60 links on page 45
2025-05-15 06:37:37,358 - INFO - Scraping page 48...
2025-05-15 06:37:41,340 - INFO - Found 60 links on page 48
2025-05-15 06:37:41,340 - INFO - Scraping page 49...
2025-05-15 06:37:41,540 - INFO - Found 60 links on page 46
2025-05-15 06:37:41,540 - INFO - Scraping page 50...
2025-05-15 06:37:41,893 - INFO - Found 60 links on page 47
2025-05-15 06:37:41,893 - INFO - Scraping page 51...
2025-05-15 06:37:45,438 - INFO - Found 60 links on page 50
2025-05-15 06:37:45,439 - INFO - Scraping page 52...
2025-05-15 06:37:45,640 - INFO - Found 60 links on page 49
2025-05-15 06:37:45,640 - INFO - Scraping page 53...
2025-05-15 06:37:45,889 - INFO - Found 60 links on page 51
2025-05-15 06:37:45,889 - INFO - Scraping page 54...
2025-05-15 06:37:49,738 - INFO - Found 60 links on page 52
2025-05-15 06:37:49,739 - INFO - Scraping page 55...
2025-05-15 06:37:49,990 - INFO - Found 60 links on page 53
2025-05-15 06:37:49,991 - INFO - Scraping page 56...
2025-05-15 06:37:50,334 - INFO - Found 60 links on page 54
2025-05-15 06:37:50,335 - INFO - Scraping page 57...
2025-05-15 06:37:53,578 - INFO - Found 60 links on page 55
2025-05-15 06:37:53,579 - INFO - Scraping page 58...
2025-05-15 06:37:54,037 - INFO - Found 60 links on page 56
2025-05-15 06:37:54,037 - INFO - Scraping page 59...
2025-05-15 06:37:54,233 - INFO - Found 60 links on page 57
2025-05-15 06:37:54,233 - INFO - Scraping page 60...
2025-05-15 06:37:57,965 - INFO - Found 60 links on page 58
2025-05-15 06:37:57,965 - INFO - Scraping page 61...
2025-05-15 06:37:58,306 - INFO - Found 60 links on page 59
2025-05-15 06:37:58,306 - INFO - Scraping page 62...
2025-05-15 06:37:58,844 - INFO - Found 60 links on page 60
2025-05-15 06:37:58,844 - INFO - Scraping page 63...
2025-05-15 06:38:02,360 - INFO - Found 60 links on page 62
2025-05-15 06:38:02,361 - INFO - Scraping page 64...
2025-05-15 06:38:02,833 - INFO - Found 60 links on page 61
2025-05-15 06:38:02,833 - INFO - Scraping page 65...
2025-05-15 06:38:04,016 - INFO - Found 60 links on page 63
2025-05-15 06:38:04,016 - INFO - Scraping page 66...
2025-05-15 06:38:06,433 - INFO - Found 60 links on page 64
2025-05-15 06:38:06,434 - INFO - Scraping page 67...
2025-05-15 06:38:07,149 - INFO - Found 60 links on page 65
2025-05-15 06:38:07,149 - INFO - Scraping page 68...
2025-05-15 06:38:08,910 - INFO - Found 60 links on page 66
2025-05-15 06:38:08,910 - INFO - Scraping page 69...
2025-05-15 06:38:10,744 - INFO - Found 60 links on page 67
2025-05-15 06:38:10,744 - INFO - Scraping page 70...
2025-05-15 06:38:11,232 - INFO - Found 60 links on page 68
2025-05-15 06:38:11,232 - INFO - Scraping page 71...
2025-05-15 06:38:12,958 - INFO - Found 60 links on page 69
2025-05-15 06:38:12,958 - INFO - Scraping page 72...
2025-05-15 06:38:14,925 - INFO - Found 60 links on page 70
2025-05-15 06:38:14,925 - INFO - Scraping page 73...
2025-05-15 06:38:15,781 - INFO - Found 60 links on page 71
2025-05-15 06:38:15,781 - INFO - Scraping page 74...
2025-05-15 06:38:17,672 - INFO - Found 60 links on page 72
2025-05-15 06:38:17,672 - INFO - Scraping page 75...
2025-05-15 06:38:19,018 - INFO - Found 60 links on page 73
2025-05-15 06:38:19,018 - INFO - Scraping page 76...
2025-05-15 06:38:20,145 - INFO - Found 60 links on page 74
2025-05-15 06:38:20,145 - INFO - Scraping page 77...
2025-05-15 06:38:22,935 - INFO - Found 60 links on page 75
2025-05-15 06:38:22,935 - INFO - Scraping page 78...
2025-05-15 06:38:23,265 - INFO - Found 60 links on page 76
2025-05-15 06:38:23,265 - INFO - Scraping page 79...
2025-05-15 06:38:24,170 - INFO - Found 60 links on page 77
2025-05-15 06:38:24,170 - INFO - Scraping page 80...
2025-05-15 06:38:26,991 - INFO - Found 60 links on page 78
2025-05-15 06:38:26,991 - INFO - Scraping page 81...
2025-05-15 06:38:27,327 - INFO - Found 60 links on page 79
2025-05-15 06:38:27,327 - INFO - Scraping page 82...
2025-05-15 06:38:28,334 - INFO - Found 60 links on page 80
2025-05-15 06:38:28,335 - INFO - Scraping page 83...
2025-05-15 06:38:31,239 - INFO - Found 60 links on page 81
2025-05-15 06:38:31,239 - INFO - Scraping page 84...
2025-05-15 06:38:31,470 - INFO - Found 60 links on page 82
2025-05-15 06:38:31,471 - INFO - Scraping page 85...
2025-05-15 06:38:31,994 - INFO - Found 60 links on page 83
2025-05-15 06:38:31,994 - INFO - Scraping page 86...
2025-05-15 06:38:35,289 - INFO - Found 60 links on page 84
2025-05-15 06:38:35,289 - INFO - Scraping page 87...
2025-05-15 06:38:35,612 - INFO - Found 60 links on page 85
2025-05-15 06:38:35,612 - INFO - Scraping page 88...
2025-05-15 06:38:35,973 - INFO - Found 60 links on page 86
2025-05-15 06:38:35,973 - INFO - Scraping page 89...
2025-05-15 06:38:39,666 - INFO - Found 60 links on page 87
2025-05-15 06:38:39,666 - INFO - Scraping page 90...
2025-05-15 06:38:40,403 - INFO - Found 60 links on page 88
2025-05-15 06:38:40,404 - INFO - Scraping page 91...
2025-05-15 06:38:40,607 - INFO - Found 60 links on page 89
2025-05-15 06:38:40,607 - INFO - Scraping page 92...
2025-05-15 06:38:43,987 - INFO - Found 60 links on page 90
2025-05-15 06:38:43,988 - INFO - Scraping page 93...
2025-05-15 06:38:44,254 - INFO - Found 60 links on page 91
2025-05-15 06:38:44,254 - INFO - Scraping page 94...
2025-05-15 06:38:44,845 - INFO - Found 60 links on page 92
2025-05-15 06:38:44,845 - INFO - Scraping page 95...
2025-05-15 06:38:48,313 - INFO - Found 60 links on page 94
2025-05-15 06:38:48,313 - INFO - Scraping page 96...
2025-05-15 06:38:49,287 - INFO - Found 60 links on page 93
2025-05-15 06:38:49,288 - INFO - Scraping page 97...
2025-05-15 06:38:49,557 - INFO - Found 60 links on page 95
2025-05-15 06:38:49,558 - INFO - Scraping page 98...
2025-05-15 06:38:52,708 - INFO - Found 60 links on page 96
2025-05-15 06:38:52,709 - INFO - Scraping page 99...
2025-05-15 06:38:53,409 - INFO - Found 60 links on page 97
2025-05-15 06:38:53,409 - INFO - Scraping page 100...
2025-05-15 06:38:53,820 - INFO - Found 60 links on page 98
2025-05-15 06:38:53,820 - INFO - Scraping page 101...
2025-05-15 06:38:57,471 - INFO - Found 60 links on page 99
2025-05-15 06:38:57,472 - INFO - Scraping page 102...
2025-05-15 06:38:57,819 - INFO - Found 60 links on page 100
2025-05-15 06:38:57,820 - INFO - Scraping page 103...
2025-05-15 06:38:58,023 - INFO - Found 60 links on page 101
2025-05-15 06:38:58,023 - INFO - Scraping page 104...
2025-05-15 06:39:02,150 - INFO - Found 60 links on page 102
2025-05-15 06:39:02,150 - INFO - Scraping page 105...
2025-05-15 06:39:02,561 - INFO - Found 60 links on page 104
2025-05-15 06:39:02,565 - INFO - Found 60 links on page 103
2025-05-15 06:39:02,565 - INFO - Scraping page 106...
2025-05-15 06:39:02,565 - INFO - Scraping page 107...
2025-05-15 06:39:06,368 - INFO - Found 60 links on page 105
2025-05-15 06:39:06,368 - INFO - Scraping page 108...
2025-05-15 06:39:06,712 - INFO - Found 60 links on page 107
2025-05-15 06:39:06,717 - INFO - Scraping page 109...
2025-05-15 06:39:06,921 - INFO - Found 60 links on page 106
2025-05-15 06:39:06,921 - INFO - Scraping page 110...
2025-05-15 06:39:10,757 - INFO - Found 60 links on page 109
2025-05-15 06:39:10,757 - INFO - Scraping page 111...
2025-05-15 06:39:11,024 - INFO - Found 60 links on page 110
2025-05-15 06:39:11,024 - INFO - Scraping page 112...
2025-05-15 06:39:11,233 - INFO - Found 60 links on page 108
2025-05-15 06:39:11,233 - INFO - Scraping page 113...
2025-05-15 06:39:14,885 - INFO - Found 60 links on page 111
2025-05-15 06:39:14,886 - INFO - Scraping page 114...
2025-05-15 06:39:15,312 - INFO - Found 60 links on page 113
2025-05-15 06:39:15,312 - INFO - Scraping page 115...
2025-05-15 06:39:15,514 - INFO - Found 60 links on page 112
2025-05-15 06:39:15,514 - INFO - Scraping page 116...
2025-05-15 06:39:19,108 - INFO - Found 60 links on page 114
2025-05-15 06:39:19,109 - INFO - Scraping page 117...
2025-05-15 06:39:19,916 - INFO - Found 60 links on page 115
2025-05-15 06:39:19,916 - INFO - Scraping page 118...
2025-05-15 06:39:20,127 - INFO - Found 60 links on page 116
2025-05-15 06:39:20,127 - INFO - Scraping page 119...
2025-05-15 06:39:23,458 - INFO - Found 60 links on page 117
2025-05-15 06:39:23,458 - INFO - Scraping page 120...
2025-05-15 06:39:23,859 - INFO - Found 60 links on page 118
2025-05-15 06:39:23,859 - INFO - Scraping page 121...
2025-05-15 06:39:24,121 - INFO - Found 60 links on page 119
2025-05-15 06:39:24,121 - INFO - Scraping page 122...
2025-05-15 06:39:28,037 - INFO - Found 60 links on page 120
2025-05-15 06:39:28,038 - INFO - Scraping page 123...
2025-05-15 06:39:28,365 - INFO - Found 60 links on page 122
2025-05-15 06:39:28,366 - INFO - Scraping page 124...
2025-05-15 06:39:29,255 - INFO - Found 60 links on page 121
2025-05-15 06:39:29,255 - INFO - Scraping page 125...
2025-05-15 06:39:32,251 - INFO - Found 60 links on page 123
2025-05-15 06:39:32,251 - INFO - Scraping page 126...
2025-05-15 06:39:32,600 - INFO - Found 60 links on page 124
2025-05-15 06:39:32,601 - INFO - Scraping page 127...
2025-05-15 06:39:34,354 - INFO - Found 60 links on page 125
2025-05-15 06:39:34,354 - INFO - Scraping page 128...
2025-05-15 06:39:36,661 - INFO - Found 60 links on page 126
2025-05-15 06:39:36,661 - INFO - Scraping page 129...
2025-05-15 06:39:37,576 - INFO - Found 60 links on page 127
2025-05-15 06:39:37,576 - INFO - Scraping page 130...
2025-05-15 06:39:38,477 - INFO - Found 60 links on page 128
2025-05-15 06:39:38,477 - INFO - Scraping page 131...
2025-05-15 06:39:40,925 - INFO - Found 60 links on page 129
2025-05-15 06:39:40,926 - INFO - Scraping page 132...
2025-05-15 06:39:41,752 - INFO - Found 60 links on page 130
2025-05-15 06:39:41,752 - INFO - Scraping page 133...
2025-05-15 06:39:42,723 - INFO - Found 60 links on page 131
2025-05-15 06:39:42,723 - INFO - Scraping page 134...
2025-05-15 06:39:44,998 - INFO - Found 60 links on page 132
2025-05-15 06:39:44,998 - INFO - Scraping page 135...
2025-05-15 06:39:45,900 - INFO - Found 60 links on page 133
2025-05-15 06:39:45,900 - INFO - Scraping page 136...
2025-05-15 06:39:47,233 - INFO - Found 60 links on page 134
2025-05-15 06:39:47,233 - INFO - Scraping page 137...
2025-05-15 06:39:49,044 - INFO - Found 60 links on page 135
2025-05-15 06:39:49,045 - INFO - Scraping page 138...
2025-05-15 06:39:50,476 - INFO - Found 60 links on page 136
2025-05-15 06:39:50,476 - INFO - Scraping page 139...
2025-05-15 06:39:51,334 - INFO - Found 60 links on page 137
2025-05-15 06:39:51,334 - INFO - Scraping page 140...
2025-05-15 06:39:53,297 - INFO - Found 60 links on page 138
2025-05-15 06:39:53,297 - INFO - Scraping page 141...
2025-05-15 06:39:54,712 - INFO - Found 60 links on page 139
2025-05-15 06:39:54,712 - INFO - Scraping page 142...
2025-05-15 06:39:55,463 - INFO - Found 60 links on page 140
2025-05-15 06:39:55,464 - INFO - Scraping page 143...
2025-05-15 06:39:57,545 - INFO - Found 60 links on page 141
2025-05-15 06:39:57,545 - INFO - Scraping page 144...
2025-05-15 06:39:58,617 - INFO - Found 60 links on page 142
2025-05-15 06:39:58,617 - INFO - Scraping page 145...
2025-05-15 06:40:00,251 - INFO - Found 60 links on page 143
2025-05-15 06:40:00,252 - INFO - Scraping page 146...
2025-05-15 06:40:02,014 - INFO - Found 60 links on page 144
2025-05-15 06:40:02,014 - INFO - Scraping page 147...
2025-05-15 06:40:02,498 - INFO - Found 60 links on page 145
2025-05-15 06:40:02,498 - INFO - Scraping page 148...
2025-05-15 06:40:04,315 - INFO - Found 60 links on page 146
2025-05-15 06:40:04,315 - INFO - Scraping page 149...
2025-05-15 06:40:06,002 - INFO - Found 60 links on page 147
2025-05-15 06:40:06,002 - INFO - Scraping page 150...
2025-05-15 06:40:06,236 - INFO - Found 60 links on page 148
2025-05-15 06:40:06,236 - INFO - Scraping page 151...
2025-05-15 06:40:08,636 - INFO - Found 60 links on page 149
2025-05-15 06:40:08,636 - INFO - Scraping page 152...
2025-05-15 06:40:10,219 - INFO - Found 60 links on page 150
2025-05-15 06:40:10,219 - INFO - Scraping page 153...
2025-05-15 06:40:10,755 - INFO - Found 60 links on page 151
2025-05-15 06:40:10,755 - INFO - Scraping page 154...
2025-05-15 06:40:12,890 - INFO - Found 60 links on page 152
2025-05-15 06:40:12,890 - INFO - Scraping page 155...
2025-05-15 06:40:14,259 - INFO - Found 60 links on page 153
2025-05-15 06:40:14,259 - INFO - Scraping page 156...
2025-05-15 06:40:15,286 - INFO - Found 60 links on page 154
2025-05-15 06:40:15,286 - INFO - Scraping page 157...
2025-05-15 06:40:17,062 - INFO - Found 60 links on page 155
2025-05-15 06:40:17,063 - INFO - Scraping page 158...
2025-05-15 06:40:18,446 - INFO - Found 60 links on page 156
2025-05-15 06:40:18,446 - INFO - Scraping page 159...
2025-05-15 06:40:19,487 - INFO - Found 60 links on page 157
2025-05-15 06:40:19,487 - INFO - Scraping page 160...
2025-05-15 06:40:21,809 - INFO - Found 60 links on page 158
2025-05-15 06:40:21,809 - INFO - Scraping page 161...
2025-05-15 06:40:22,606 - INFO - Found 60 links on page 159
2025-05-15 06:40:22,606 - INFO - Scraping page 162...
2025-05-15 06:40:23,213 - INFO - Found 60 links on page 160
2025-05-15 06:40:23,213 - INFO - Scraping page 163...
2025-05-15 06:40:26,156 - INFO - Found 60 links on page 161
2025-05-15 06:40:26,156 - INFO - Scraping page 164...
2025-05-15 06:40:26,767 - INFO - Found 60 links on page 162
2025-05-15 06:40:26,767 - INFO - Scraping page 165...
2025-05-15 06:40:27,445 - INFO - Found 60 links on page 163
2025-05-15 06:40:27,445 - INFO - Scraping page 166...
2025-05-15 06:40:31,264 - INFO - Found 60 links on page 164
2025-05-15 06:40:31,269 - INFO - Scraping page 167...
2025-05-15 06:40:31,377 - INFO - Found 60 links on page 165
2025-05-15 06:40:31,377 - INFO - Scraping page 168...
2025-05-15 06:40:31,580 - INFO - Found 60 links on page 166
2025-05-15 06:40:31,580 - INFO - Scraping page 169...
2025-05-15 06:40:35,986 - INFO - Found 60 links on page 168
2025-05-15 06:40:35,991 - INFO - Scraping page 170...
2025-05-15 06:40:36,149 - INFO - Found 60 links on page 167
2025-05-15 06:40:36,154 - INFO - Scraping page 171...
2025-05-15 06:40:36,343 - INFO - Found 60 links on page 169
2025-05-15 06:40:36,343 - INFO - Scraping page 172...
2025-05-15 06:40:40,640 - INFO - Found 60 links on page 171
2025-05-15 06:40:40,641 - INFO - Scraping page 173...
2025-05-15 06:40:40,972 - INFO - Found 60 links on page 170
2025-05-15 06:40:40,977 - INFO - Scraping page 174...
2025-05-15 06:40:41,104 - INFO - Found 60 links on page 172
2025-05-15 06:40:41,104 - INFO - Scraping page 175...
2025-05-15 06:40:45,112 - INFO - Found 60 links on page 173
2025-05-15 06:40:45,112 - INFO - Scraping page 176...
2025-05-15 06:40:45,379 - INFO - Found 60 links on page 174
2025-05-15 06:40:45,379 - INFO - Scraping page 177...
2025-05-15 06:40:45,571 - INFO - Found 60 links on page 175
2025-05-15 06:40:45,571 - INFO - Scraping page 178...
2025-05-15 06:40:49,541 - INFO - Found 60 links on page 176
2025-05-15 06:40:49,542 - INFO - Scraping page 179...
2025-05-15 06:40:49,806 - INFO - Found 60 links on page 177
2025-05-15 06:40:49,807 - INFO - Scraping page 180...
2025-05-15 06:40:50,078 - INFO - Found 60 links on page 178
2025-05-15 06:40:50,079 - INFO - Scraping page 181...
2025-05-15 06:40:54,304 - INFO - Found 60 links on page 180
2025-05-15 06:40:54,304 - INFO - Scraping page 182...
2025-05-15 06:40:54,494 - INFO - Found 60 links on page 179
2025-05-15 06:40:54,494 - INFO - Scraping page 183...
2025-05-15 06:40:54,869 - INFO - Found 60 links on page 181
2025-05-15 06:40:54,869 - INFO - Scraping page 184...
2025-05-15 06:40:58,803 - INFO - Found 60 links on page 182
2025-05-15 06:40:58,803 - INFO - Scraping page 185...
2025-05-15 06:40:59,308 - INFO - Found 60 links on page 183
2025-05-15 06:40:59,309 - INFO - Scraping page 186...
2025-05-15 06:40:59,733 - INFO - Found 60 links on page 184
2025-05-15 06:40:59,733 - INFO - Scraping page 187...
2025-05-15 06:41:02,838 - INFO - Found 60 links on page 185
2025-05-15 06:41:02,839 - INFO - Scraping page 188...
2025-05-15 06:41:03,499 - INFO - Found 60 links on page 186
2025-05-15 06:41:03,500 - INFO - Scraping page 189...
2025-05-15 06:41:04,687 - INFO - Found 60 links on page 187
2025-05-15 06:41:04,687 - INFO - Scraping page 190...
2025-05-15 06:41:07,105 - INFO - Found 60 links on page 188
2025-05-15 06:41:07,105 - INFO - Scraping page 191...
2025-05-15 06:41:07,832 - INFO - Found 60 links on page 189
2025-05-15 06:41:07,833 - INFO - Scraping page 192...
2025-05-15 06:41:08,855 - INFO - Found 60 links on page 190
2025-05-15 06:41:08,855 - INFO - Scraping page 193...
2025-05-15 06:41:11,351 - INFO - Found 60 links on page 191
2025-05-15 06:41:11,351 - INFO - Scraping page 194...
2025-05-15 06:41:11,924 - INFO - Found 60 links on page 192
2025-05-15 06:41:11,925 - INFO - Scraping page 195...
2025-05-15 06:41:13,023 - INFO - Found 60 links on page 193
2025-05-15 06:41:13,023 - INFO - Scraping page 196...
2025-05-15 06:41:16,166 - INFO - Found 60 links on page 194
2025-05-15 06:41:16,167 - INFO - Scraping page 197...
2025-05-15 06:41:16,529 - INFO - Found 60 links on page 195
2025-05-15 06:41:16,529 - INFO - Scraping page 198...
2025-05-15 06:41:17,553 - INFO - Found 60 links on page 196
2025-05-15 06:41:17,553 - INFO - Scraping page 199...
2025-05-15 06:41:20,225 - INFO - Found 60 links on page 197
2025-05-15 06:41:20,225 - INFO - Scraping page 200...
2025-05-15 06:41:21,031 - INFO - Found 60 links on page 198
2025-05-15 06:41:21,722 - INFO - Found 60 links on page 199
2025-05-15 06:41:25,218 - INFO - Found 60 links on page 200
2025-05-15 06:41:25,225 - INFO - Found 277 new links to scrape out of 12000 total links
2025-05-15 06:41:25,225 - INFO - Processing batch 1/6 (50 links)
2025-05-15 06:41:31,128 - INFO - Progress: 10/50 ads processed
2025-05-15 06:41:36,543 - INFO - Progress: 20/50 ads processed
2025-05-15 06:41:41,569 - INFO - Progress: 30/50 ads processed
2025-05-15 06:41:46,681 - INFO - Progress: 40/50 ads processed
2025-05-15 06:41:51,898 - INFO - Progress: 50/50 ads processed
2025-05-15 06:41:51,941 - INFO - Created backup of existing data file at unegui_data/unegui_sales_data.csv.bak
2025-05-15 06:41:52,132 - INFO - Data saved to unegui_data/unegui_sales_data.csv: 13775 records
2025-05-15 06:41:52,587 - INFO - Cache saved with 14010 URLs
2025-05-15 06:41:52,587 - INFO - Saved batch data. Total records: 13775
2025-05-15 06:41:52,588 - INFO - Processing batch 2/6 (50 links)
2025-05-15 06:41:58,044 - INFO - Progress: 10/50 ads processed
2025-05-15 06:42:03,409 - INFO - Progress: 20/50 ads processed
2025-05-15 06:42:09,195 - INFO - Progress: 30/50 ads processed
2025-05-15 06:42:14,991 - INFO - Progress: 40/50 ads processed
2025-05-15 06:42:20,139 - INFO - Progress: 50/50 ads processed
2025-05-15 06:42:20,182 - INFO - Created backup of existing data file at unegui_data/unegui_sales_data.csv.bak
2025-05-15 06:42:20,373 - INFO - Data saved to unegui_data/unegui_sales_data.csv: 13823 records
2025-05-15 06:42:20,832 - INFO - Cache saved with 14060 URLs
2025-05-15 06:42:20,832 - INFO - Saved batch data. Total records: 13823
2025-05-15 06:42:20,832 - INFO - Processing batch 3/6 (50 links)
2025-05-15 06:42:26,272 - INFO - Progress: 10/50 ads processed
2025-05-15 06:42:31,788 - INFO - Progress: 20/50 ads processed
2025-05-15 06:42:37,199 - INFO - Progress: 30/50 ads processed
2025-05-15 06:42:42,910 - INFO - Progress: 40/50 ads processed
2025-05-15 06:42:49,020 - INFO - Progress: 50/50 ads processed
2025-05-15 06:42:49,063 - INFO - Created backup of existing data file at unegui_data/unegui_sales_data.csv.bak
2025-05-15 06:42:49,253 - INFO - Data saved to unegui_data/unegui_sales_data.csv: 13873 records
2025-05-15 06:42:49,722 - INFO - Cache saved with 14110 URLs
2025-05-15 06:42:49,722 - INFO - Saved batch data. Total records: 13873
2025-05-15 06:42:49,722 - INFO - Processing batch 4/6 (50 links)
2025-05-15 06:42:55,673 - INFO - Progress: 10/50 ads processed
2025-05-15 06:43:00,544 - INFO - Progress: 20/50 ads processed
2025-05-15 06:43:05,577 - INFO - Progress: 30/50 ads processed
2025-05-15 06:43:10,877 - INFO - Progress: 40/50 ads processed
2025-05-15 06:43:16,366 - INFO - Progress: 50/50 ads processed
2025-05-15 06:43:16,409 - INFO - Created backup of existing data file at unegui_data/unegui_sales_data.csv.bak
2025-05-15 06:43:16,600 - INFO - Data saved to unegui_data/unegui_sales_data.csv: 13922 records
2025-05-15 06:43:17,061 - INFO - Cache saved with 14160 URLs
2025-05-15 06:43:17,061 - INFO - Saved batch data. Total records: 13922
2025-05-15 06:43:17,061 - INFO - Processing batch 5/6 (50 links)
2025-05-15 06:43:22,670 - INFO - Progress: 10/50 ads processed
2025-05-15 06:43:28,339 - INFO - Progress: 20/50 ads processed
2025-05-15 06:43:33,635 - INFO - Progress: 30/50 ads processed
2025-05-15 06:43:39,277 - INFO - Progress: 40/50 ads processed
2025-05-15 06:43:44,664 - INFO - Progress: 50/50 ads processed
2025-05-15 06:43:44,707 - INFO - Created backup of existing data file at unegui_data/unegui_sales_data.csv.bak
2025-05-15 06:43:44,897 - INFO - Data saved to unegui_data/unegui_sales_data.csv: 13972 records
2025-05-15 06:43:45,350 - INFO - Cache saved with 14210 URLs
2025-05-15 06:43:45,350 - INFO - Saved batch data. Total records: 13972
2025-05-15 06:43:45,350 - INFO - Processing batch 6/6 (27 links)
2025-05-15 06:43:50,791 - INFO - Progress: 10/27 ads processed
2025-05-15 06:43:56,021 - INFO - Progress: 20/27 ads processed
2025-05-15 06:44:00,823 - INFO - Progress: 27/27 ads processed
2025-05-15 06:44:00,864 - INFO - Created backup of existing data file at unegui_data/unegui_sales_data.csv.bak
2025-05-15 06:44:01,058 - INFO - Data saved to unegui_data/unegui_sales_data.csv: 13999 records
2025-05-15 06:44:01,520 - INFO - Cache saved with 14237 URLs
2025-05-15 06:44:01,520 - INFO - Saved batch data. Total records: 13999
2025-05-15 06:44:01,520 - INFO - Scraping completed in 0:07:31.863543. Total ads collected: 13999
