2025-05-30 06:35:52,182 - INFO - Starting sales apartment scraper at 2025-05-30 06:35:52.182189
2025-05-30 06:35:52,515 - INFO - Loaded existing data from unegui_data/unegui_sales_data.csv: 18946 records
2025-05-30 06:35:52,746 - INFO - Loaded 18946 existing records
2025-05-30 06:35:52,765 - INFO - Scraping page 1...
2025-05-30 06:35:52,766 - INFO - Scraping page 2...
2025-05-30 06:35:52,766 - INFO - Scraping page 3...
2025-05-30 06:35:57,168 - INFO - Found 60 links on page 3
2025-05-30 06:35:57,174 - INFO - Scraping page 4...
2025-05-30 06:35:57,444 - INFO - Found 60 links on page 1
2025-05-30 06:35:57,454 - INFO - Scraping page 5...
2025-05-30 06:35:57,605 - INFO - Found 60 links on page 2
2025-05-30 06:35:57,605 - INFO - Scraping page 6...
2025-05-30 06:36:00,728 - INFO - Found 60 links on page 4
2025-05-30 06:36:00,728 - INFO - Scraping page 7...
2025-05-30 06:36:01,039 - INFO - Found 60 links on page 5
2025-05-30 06:36:01,039 - INFO - Scraping page 8...
2025-05-30 06:36:01,375 - INFO - Found 60 links on page 6
2025-05-30 06:36:01,375 - INFO - Scraping page 9...
2025-05-30 06:36:04,768 - INFO - Found 60 links on page 7
2025-05-30 06:36:04,768 - INFO - Scraping page 10...
2025-05-30 06:36:05,165 - INFO - Found 60 links on page 8
2025-05-30 06:36:05,165 - INFO - Scraping page 11...
2025-05-30 06:36:05,430 - INFO - Found 60 links on page 9
2025-05-30 06:36:05,430 - INFO - Scraping page 12...
2025-05-30 06:36:08,528 - INFO - Found 60 links on page 10
2025-05-30 06:36:08,528 - INFO - Scraping page 13...
2025-05-30 06:36:09,504 - INFO - Found 60 links on page 12
2025-05-30 06:36:09,510 - INFO - Scraping page 14...
2025-05-30 06:36:09,649 - INFO - Found 60 links on page 11
2025-05-30 06:36:09,650 - INFO - Scraping page 15...
2025-05-30 06:36:12,809 - INFO - Found 60 links on page 13
2025-05-30 06:36:12,809 - INFO - Scraping page 16...
2025-05-30 06:36:13,277 - INFO - Found 60 links on page 15
2025-05-30 06:36:13,277 - INFO - Scraping page 17...
2025-05-30 06:36:13,583 - INFO - Found 60 links on page 14
2025-05-30 06:36:13,583 - INFO - Scraping page 18...
2025-05-30 06:36:16,888 - INFO - Found 60 links on page 16
2025-05-30 06:36:16,888 - INFO - Scraping page 19...
2025-05-30 06:36:17,395 - INFO - Found 60 links on page 18
2025-05-30 06:36:17,395 - INFO - Scraping page 20...
2025-05-30 06:36:17,604 - INFO - Found 60 links on page 17
2025-05-30 06:36:17,605 - INFO - Scraping page 21...
2025-05-30 06:36:20,479 - INFO - Found 60 links on page 19
2025-05-30 06:36:20,563 - INFO - Scraping page 22...
2025-05-30 06:36:21,438 - INFO - Found 60 links on page 20
2025-05-30 06:36:21,449 - INFO - Scraping page 23...
2025-05-30 06:36:21,640 - INFO - Found 60 links on page 21
2025-05-30 06:36:21,641 - INFO - Scraping page 24...
2025-05-30 06:36:24,324 - INFO - Found 60 links on page 22
2025-05-30 06:36:24,324 - INFO - Scraping page 25...
2025-05-30 06:36:25,635 - INFO - Found 60 links on page 24
2025-05-30 06:36:25,645 - INFO - Scraping page 26...
2025-05-30 06:36:25,714 - INFO - Found 60 links on page 23
2025-05-30 06:36:25,715 - INFO - Scraping page 27...
2025-05-30 06:36:28,315 - INFO - Found 60 links on page 25
2025-05-30 06:36:28,315 - INFO - Scraping page 28...
2025-05-30 06:36:29,562 - INFO - Found 60 links on page 26
2025-05-30 06:36:29,562 - INFO - Scraping page 29...
2025-05-30 06:36:29,783 - INFO - Found 60 links on page 27
2025-05-30 06:36:29,783 - INFO - Scraping page 30...
2025-05-30 06:36:32,125 - INFO - Found 60 links on page 28
2025-05-30 06:36:32,125 - INFO - Scraping page 31...
2025-05-30 06:36:33,275 - INFO - Found 60 links on page 29
2025-05-30 06:36:33,276 - INFO - Scraping page 32...
2025-05-30 06:36:33,630 - INFO - Found 60 links on page 30
2025-05-30 06:36:33,630 - INFO - Scraping page 33...
2025-05-30 06:36:36,759 - INFO - Found 60 links on page 31
2025-05-30 06:36:36,759 - INFO - Scraping page 34...
2025-05-30 06:36:37,066 - INFO - Found 60 links on page 32
2025-05-30 06:36:37,066 - INFO - Scraping page 35...
2025-05-30 06:36:38,201 - INFO - Found 60 links on page 33
2025-05-30 06:36:38,201 - INFO - Scraping page 36...
2025-05-30 06:36:41,164 - INFO - Found 60 links on page 35
2025-05-30 06:36:41,169 - INFO - Scraping page 37...
2025-05-30 06:36:41,235 - INFO - Found 60 links on page 34
2025-05-30 06:36:41,235 - INFO - Scraping page 38...
2025-05-30 06:36:42,366 - INFO - Found 60 links on page 36
2025-05-30 06:36:42,366 - INFO - Scraping page 39...
2025-05-30 06:36:45,044 - INFO - Found 60 links on page 37
2025-05-30 06:36:45,044 - INFO - Scraping page 40...
2025-05-30 06:36:45,678 - INFO - Found 60 links on page 38
2025-05-30 06:36:45,679 - INFO - Scraping page 41...
2025-05-30 06:36:46,313 - INFO - Found 60 links on page 39
2025-05-30 06:36:46,313 - INFO - Scraping page 42...
2025-05-30 06:36:49,047 - INFO - Found 60 links on page 40
2025-05-30 06:36:49,048 - INFO - Scraping page 43...
2025-05-30 06:36:49,834 - INFO - Found 60 links on page 41
2025-05-30 06:36:49,834 - INFO - Scraping page 44...
2025-05-30 06:36:50,228 - INFO - Found 60 links on page 42
2025-05-30 06:36:50,228 - INFO - Scraping page 45...
2025-05-30 06:36:53,863 - INFO - Found 60 links on page 44
2025-05-30 06:36:53,874 - INFO - Scraping page 46...
2025-05-30 06:36:54,075 - INFO - Found 60 links on page 43
2025-05-30 06:36:54,085 - INFO - Scraping page 47...
2025-05-30 06:36:54,291 - INFO - Found 60 links on page 45
2025-05-30 06:36:54,292 - INFO - Scraping page 48...
2025-05-30 06:36:57,577 - INFO - Found 60 links on page 46
2025-05-30 06:36:57,577 - INFO - Scraping page 49...
2025-05-30 06:36:58,054 - INFO - Found 60 links on page 47
2025-05-30 06:36:58,055 - INFO - Scraping page 50...
2025-05-30 06:36:58,558 - INFO - Found 60 links on page 48
2025-05-30 06:36:58,559 - INFO - Scraping page 51...
2025-05-30 06:37:01,843 - INFO - Found 60 links on page 50
2025-05-30 06:37:01,843 - INFO - Scraping page 52...
2025-05-30 06:37:02,509 - INFO - Found 60 links on page 51
2025-05-30 06:37:02,510 - INFO - Scraping page 53...
2025-05-30 06:37:02,875 - INFO - Found 60 links on page 49
2025-05-30 06:37:02,875 - INFO - Scraping page 54...
2025-05-30 06:37:06,022 - INFO - Found 60 links on page 52
2025-05-30 06:37:06,022 - INFO - Scraping page 55...
2025-05-30 06:37:06,648 - INFO - Found 60 links on page 53
2025-05-30 06:37:06,648 - INFO - Scraping page 56...
2025-05-30 06:37:06,969 - INFO - Found 60 links on page 54
2025-05-30 06:37:06,969 - INFO - Scraping page 57...
2025-05-30 06:37:10,173 - INFO - Found 60 links on page 55
2025-05-30 06:37:10,173 - INFO - Scraping page 58...
2025-05-30 06:37:10,833 - INFO - Found 60 links on page 56
2025-05-30 06:37:10,833 - INFO - Scraping page 59...
2025-05-30 06:37:11,494 - INFO - Found 60 links on page 57
2025-05-30 06:37:11,494 - INFO - Scraping page 60...
2025-05-30 06:37:14,174 - INFO - Found 60 links on page 58
2025-05-30 06:37:14,174 - INFO - Scraping page 61...
2025-05-30 06:37:14,543 - INFO - Found 60 links on page 59
2025-05-30 06:37:14,543 - INFO - Scraping page 62...
2025-05-30 06:37:15,421 - INFO - Found 60 links on page 60
2025-05-30 06:37:15,422 - INFO - Scraping page 63...
2025-05-30 06:37:18,954 - INFO - Found 60 links on page 61
2025-05-30 06:37:18,959 - INFO - Scraping page 64...
2025-05-30 06:37:19,168 - INFO - Found 60 links on page 62
2025-05-30 06:37:19,169 - INFO - Scraping page 65...
2025-05-30 06:37:20,384 - INFO - Found 60 links on page 63
2025-05-30 06:37:20,384 - INFO - Scraping page 66...
2025-05-30 06:37:23,418 - INFO - Found 60 links on page 64
2025-05-30 06:37:23,418 - INFO - Scraping page 67...
2025-05-30 06:37:23,693 - INFO - Found 60 links on page 65
2025-05-30 06:37:23,693 - INFO - Scraping page 68...
2025-05-30 06:37:24,143 - INFO - Found 60 links on page 66
2025-05-30 06:37:24,143 - INFO - Scraping page 69...
2025-05-30 06:37:27,472 - INFO - Found 60 links on page 67
2025-05-30 06:37:27,472 - INFO - Scraping page 70...
2025-05-30 06:37:27,673 - INFO - Found 60 links on page 68
2025-05-30 06:37:27,673 - INFO - Scraping page 71...
2025-05-30 06:37:28,803 - INFO - Found 60 links on page 69
2025-05-30 06:37:28,803 - INFO - Scraping page 72...
2025-05-30 06:37:31,649 - INFO - Found 60 links on page 71
2025-05-30 06:37:31,654 - INFO - Scraping page 73...
2025-05-30 06:37:31,743 - INFO - Found 60 links on page 70
2025-05-30 06:37:31,743 - INFO - Scraping page 74...
2025-05-30 06:37:33,026 - INFO - Found 60 links on page 72
2025-05-30 06:37:33,026 - INFO - Scraping page 75...
2025-05-30 06:37:35,582 - INFO - Found 60 links on page 74
2025-05-30 06:37:35,587 - INFO - Scraping page 76...
2025-05-30 06:37:35,763 - INFO - Found 60 links on page 73
2025-05-30 06:37:35,763 - INFO - Scraping page 77...
2025-05-30 06:37:36,719 - INFO - Found 60 links on page 75
2025-05-30 06:37:36,719 - INFO - Scraping page 78...
2025-05-30 06:37:39,449 - INFO - Found 60 links on page 76
2025-05-30 06:37:39,450 - INFO - Scraping page 79...
2025-05-30 06:37:40,262 - INFO - Found 60 links on page 77
2025-05-30 06:37:40,262 - INFO - Scraping page 80...
2025-05-30 06:37:40,834 - INFO - Found 60 links on page 78
2025-05-30 06:37:40,835 - INFO - Scraping page 81...
2025-05-30 06:37:43,656 - INFO - Found 60 links on page 79
2025-05-30 06:37:43,656 - INFO - Scraping page 82...
2025-05-30 06:37:44,146 - INFO - Found 60 links on page 80
2025-05-30 06:37:44,146 - INFO - Scraping page 83...
2025-05-30 06:37:44,953 - INFO - Found 60 links on page 81
2025-05-30 06:37:44,953 - INFO - Scraping page 84...
2025-05-30 06:37:47,878 - INFO - Found 60 links on page 82
2025-05-30 06:37:47,878 - INFO - Scraping page 85...
2025-05-30 06:37:48,480 - INFO - Found 60 links on page 83
2025-05-30 06:37:48,481 - INFO - Scraping page 86...
2025-05-30 06:37:48,948 - INFO - Found 60 links on page 84
2025-05-30 06:37:48,948 - INFO - Scraping page 87...
2025-05-30 06:37:51,644 - INFO - Found 60 links on page 85
2025-05-30 06:37:51,645 - INFO - Scraping page 88...
2025-05-30 06:37:52,488 - INFO - Found 60 links on page 86
2025-05-30 06:37:52,488 - INFO - Scraping page 89...
2025-05-30 06:37:53,306 - INFO - Found 60 links on page 87
2025-05-30 06:37:53,307 - INFO - Scraping page 90...
2025-05-30 06:37:56,041 - INFO - Found 60 links on page 88
2025-05-30 06:37:56,041 - INFO - Scraping page 91...
2025-05-30 06:37:56,302 - INFO - Found 60 links on page 89
2025-05-30 06:37:56,302 - INFO - Scraping page 92...
2025-05-30 06:37:57,115 - INFO - Found 60 links on page 90
2025-05-30 06:37:57,115 - INFO - Scraping page 93...
2025-05-30 06:38:00,065 - INFO - Found 60 links on page 91
2025-05-30 06:38:00,065 - INFO - Scraping page 94...
2025-05-30 06:38:00,425 - INFO - Found 60 links on page 92
2025-05-30 06:38:00,426 - INFO - Scraping page 95...
2025-05-30 06:38:01,849 - INFO - Found 60 links on page 93
2025-05-30 06:38:01,849 - INFO - Scraping page 96...
2025-05-30 06:38:04,207 - INFO - Found 60 links on page 94
2025-05-30 06:38:04,207 - INFO - Scraping page 97...
2025-05-30 06:38:04,529 - INFO - Found 60 links on page 95
2025-05-30 06:38:04,529 - INFO - Scraping page 98...
2025-05-30 06:38:05,868 - INFO - Found 60 links on page 96
2025-05-30 06:38:05,868 - INFO - Scraping page 99...
2025-05-30 06:38:08,320 - INFO - Found 60 links on page 97
2025-05-30 06:38:08,320 - INFO - Scraping page 100...
2025-05-30 06:38:08,601 - INFO - Found 60 links on page 98
2025-05-30 06:38:08,601 - INFO - Scraping page 101...
2025-05-30 06:38:09,787 - INFO - Found 60 links on page 99
2025-05-30 06:38:09,787 - INFO - Scraping page 102...
2025-05-30 06:38:12,541 - INFO - Found 60 links on page 101
2025-05-30 06:38:12,541 - INFO - Scraping page 103...
2025-05-30 06:38:12,818 - INFO - Found 60 links on page 100
2025-05-30 06:38:12,818 - INFO - Scraping page 104...
2025-05-30 06:38:13,804 - INFO - Found 60 links on page 102
2025-05-30 06:38:13,804 - INFO - Scraping page 105...
2025-05-30 06:38:16,483 - INFO - Found 60 links on page 103
2025-05-30 06:38:16,483 - INFO - Scraping page 106...
2025-05-30 06:38:17,468 - INFO - Found 60 links on page 104
2025-05-30 06:38:17,468 - INFO - Scraping page 107...
2025-05-30 06:38:17,883 - INFO - Found 60 links on page 105
2025-05-30 06:38:17,883 - INFO - Scraping page 108...
2025-05-30 06:38:20,871 - INFO - Found 60 links on page 106
2025-05-30 06:38:20,871 - INFO - Scraping page 109...
2025-05-30 06:38:21,955 - INFO - Found 60 links on page 107
2025-05-30 06:38:21,955 - INFO - Scraping page 110...
2025-05-30 06:38:22,154 - INFO - Found 60 links on page 108
2025-05-30 06:38:22,154 - INFO - Scraping page 111...
2025-05-30 06:38:25,160 - INFO - Found 60 links on page 109
2025-05-30 06:38:25,160 - INFO - Scraping page 112...
2025-05-30 06:38:26,289 - INFO - Found 60 links on page 111
2025-05-30 06:38:26,289 - INFO - Scraping page 113...
2025-05-30 06:38:26,559 - INFO - Found 60 links on page 110
2025-05-30 06:38:26,559 - INFO - Scraping page 114...
2025-05-30 06:38:29,334 - INFO - Found 60 links on page 112
2025-05-30 06:38:29,334 - INFO - Scraping page 115...
2025-05-30 06:38:30,561 - INFO - Found 60 links on page 114
2025-05-30 06:38:30,562 - INFO - Scraping page 116...
2025-05-30 06:38:30,900 - INFO - Found 60 links on page 113
2025-05-30 06:38:30,900 - INFO - Scraping page 117...
2025-05-30 06:38:33,410 - INFO - Found 60 links on page 115
2025-05-30 06:38:33,411 - INFO - Scraping page 118...
2025-05-30 06:38:34,502 - INFO - Found 60 links on page 116
2025-05-30 06:38:34,502 - INFO - Scraping page 119...
2025-05-30 06:38:35,310 - INFO - Found 60 links on page 117
2025-05-30 06:38:35,310 - INFO - Scraping page 120...
2025-05-30 06:38:37,370 - INFO - Found 60 links on page 118
2025-05-30 06:38:37,371 - INFO - Scraping page 121...
2025-05-30 06:38:38,473 - INFO - Found 60 links on page 119
2025-05-30 06:38:38,473 - INFO - Scraping page 122...
2025-05-30 06:38:39,133 - INFO - Found 60 links on page 120
2025-05-30 06:38:39,133 - INFO - Scraping page 123...
2025-05-30 06:38:41,740 - INFO - Found 60 links on page 121
2025-05-30 06:38:41,740 - INFO - Scraping page 124...
2025-05-30 06:38:43,020 - INFO - Found 60 links on page 122
2025-05-30 06:38:43,020 - INFO - Scraping page 125...
2025-05-30 06:38:44,103 - INFO - Found 60 links on page 123
2025-05-30 06:38:44,104 - INFO - Scraping page 126...
2025-05-30 06:38:46,374 - INFO - Found 60 links on page 124
2025-05-30 06:38:46,374 - INFO - Scraping page 127...
2025-05-30 06:38:47,190 - INFO - Found 60 links on page 125
2025-05-30 06:38:47,190 - INFO - Scraping page 128...
2025-05-30 06:38:48,322 - INFO - Found 60 links on page 126
2025-05-30 06:38:48,323 - INFO - Scraping page 129...
2025-05-30 06:38:50,985 - INFO - Found 60 links on page 127
2025-05-30 06:38:50,985 - INFO - Scraping page 130...
2025-05-30 06:38:51,358 - INFO - Found 60 links on page 128
2025-05-30 06:38:51,358 - INFO - Scraping page 131...
2025-05-30 06:38:52,342 - INFO - Found 60 links on page 129
2025-05-30 06:38:52,342 - INFO - Scraping page 132...
2025-05-30 06:38:54,769 - INFO - Found 60 links on page 130
2025-05-30 06:38:54,769 - INFO - Scraping page 133...
2025-05-30 06:38:56,410 - INFO - Found 60 links on page 131
2025-05-30 06:38:56,420 - INFO - Scraping page 134...
2025-05-30 06:38:56,599 - INFO - Found 60 links on page 132
2025-05-30 06:38:56,599 - INFO - Scraping page 135...
2025-05-30 06:38:58,894 - INFO - Found 60 links on page 133
2025-05-30 06:38:58,894 - INFO - Scraping page 136...
2025-05-30 06:39:00,754 - INFO - Found 60 links on page 134
2025-05-30 06:39:00,754 - INFO - Scraping page 137...
2025-05-30 06:39:00,960 - INFO - Found 60 links on page 135
2025-05-30 06:39:00,960 - INFO - Scraping page 138...
2025-05-30 06:39:03,481 - INFO - Found 60 links on page 136
2025-05-30 06:39:03,481 - INFO - Scraping page 139...
2025-05-30 06:39:04,810 - INFO - Found 60 links on page 137
2025-05-30 06:39:04,811 - INFO - Scraping page 140...
2025-05-30 06:39:05,036 - INFO - Found 60 links on page 138
2025-05-30 06:39:05,036 - INFO - Scraping page 141...
2025-05-30 06:39:07,603 - INFO - Found 60 links on page 139
2025-05-30 06:39:07,604 - INFO - Scraping page 142...
2025-05-30 06:39:08,991 - INFO - Found 60 links on page 140
2025-05-30 06:39:08,996 - INFO - Scraping page 143...
2025-05-30 06:39:09,215 - INFO - Found 60 links on page 141
2025-05-30 06:39:09,216 - INFO - Scraping page 144...
2025-05-30 06:39:12,359 - INFO - Found 60 links on page 142
2025-05-30 06:39:12,359 - INFO - Scraping page 145...
2025-05-30 06:39:13,692 - INFO - Found 60 links on page 144
2025-05-30 06:39:13,692 - INFO - Scraping page 146...
2025-05-30 06:39:13,977 - INFO - Found 60 links on page 143
2025-05-30 06:39:13,977 - INFO - Scraping page 147...
2025-05-30 06:39:16,172 - INFO - Found 60 links on page 145
2025-05-30 06:39:16,172 - INFO - Scraping page 148...
2025-05-30 06:39:18,042 - INFO - Found 60 links on page 147
2025-05-30 06:39:18,053 - INFO - Scraping page 149...
2025-05-30 06:39:18,236 - INFO - Found 60 links on page 146
2025-05-30 06:39:18,236 - INFO - Scraping page 150...
2025-05-30 06:39:20,350 - INFO - Found 60 links on page 148
2025-05-30 06:39:20,350 - INFO - Scraping page 151...
2025-05-30 06:39:22,174 - INFO - Found 60 links on page 149
2025-05-30 06:39:22,175 - INFO - Scraping page 152...
2025-05-30 06:39:22,374 - INFO - Found 60 links on page 150
2025-05-30 06:39:22,374 - INFO - Scraping page 153...
2025-05-30 06:39:24,511 - INFO - Found 60 links on page 151
2025-05-30 06:39:24,512 - INFO - Scraping page 154...
2025-05-30 06:39:26,105 - INFO - Found 60 links on page 152
2025-05-30 06:39:26,105 - INFO - Scraping page 155...
2025-05-30 06:39:26,378 - INFO - Found 60 links on page 153
2025-05-30 06:39:26,378 - INFO - Scraping page 156...
2025-05-30 06:39:28,484 - INFO - Found 60 links on page 154
2025-05-30 06:39:28,484 - INFO - Scraping page 157...
2025-05-30 06:39:29,991 - INFO - Found 60 links on page 155
2025-05-30 06:39:29,992 - INFO - Scraping page 158...
2025-05-30 06:39:30,781 - INFO - Found 60 links on page 156
2025-05-30 06:39:30,782 - INFO - Scraping page 159...
2025-05-30 06:39:32,329 - INFO - Found 60 links on page 157
2025-05-30 06:39:32,329 - INFO - Scraping page 160...
2025-05-30 06:39:34,284 - INFO - Found 60 links on page 158
2025-05-30 06:39:34,284 - INFO - Scraping page 161...
2025-05-30 06:39:34,979 - INFO - Found 60 links on page 159
2025-05-30 06:39:34,980 - INFO - Scraping page 162...
2025-05-30 06:39:36,575 - INFO - Found 60 links on page 160
2025-05-30 06:39:36,575 - INFO - Scraping page 163...
2025-05-30 06:39:38,643 - INFO - Found 60 links on page 161
2025-05-30 06:39:38,643 - INFO - Scraping page 164...
2025-05-30 06:39:39,187 - INFO - Found 60 links on page 162
2025-05-30 06:39:39,188 - INFO - Scraping page 165...
2025-05-30 06:39:40,763 - INFO - Found 60 links on page 163
2025-05-30 06:39:40,764 - INFO - Scraping page 166...
2025-05-30 06:39:42,939 - INFO - Found 60 links on page 164
2025-05-30 06:39:42,939 - INFO - Scraping page 167...
2025-05-30 06:39:43,165 - INFO - Found 60 links on page 165
2025-05-30 06:39:43,166 - INFO - Scraping page 168...
2025-05-30 06:39:44,822 - INFO - Found 60 links on page 166
2025-05-30 06:39:44,822 - INFO - Scraping page 169...
2025-05-30 06:39:46,701 - INFO - Found 60 links on page 167
2025-05-30 06:39:46,701 - INFO - Scraping page 170...
2025-05-30 06:39:47,899 - INFO - Found 60 links on page 168
2025-05-30 06:39:47,899 - INFO - Scraping page 171...
2025-05-30 06:39:48,758 - INFO - Found 60 links on page 169
2025-05-30 06:39:48,758 - INFO - Scraping page 172...
2025-05-30 06:39:50,663 - INFO - Found 60 links on page 170
2025-05-30 06:39:50,663 - INFO - Scraping page 173...
2025-05-30 06:39:52,121 - INFO - Found 60 links on page 171
2025-05-30 06:39:52,121 - INFO - Scraping page 174...
2025-05-30 06:39:53,820 - INFO - Found 60 links on page 172
2025-05-30 06:39:53,820 - INFO - Scraping page 175...
2025-05-30 06:39:54,877 - INFO - Found 60 links on page 173
2025-05-30 06:39:54,878 - INFO - Scraping page 176...
2025-05-30 06:39:56,319 - INFO - Found 60 links on page 174
2025-05-30 06:39:56,319 - INFO - Scraping page 177...
2025-05-30 06:39:59,188 - INFO - Found 60 links on page 175
2025-05-30 06:39:59,194 - INFO - Scraping page 178...
2025-05-30 06:39:59,272 - INFO - Found 60 links on page 176
2025-05-30 06:39:59,272 - INFO - Scraping page 179...
2025-05-30 06:40:00,476 - INFO - Found 60 links on page 177
2025-05-30 06:40:00,476 - INFO - Scraping page 180...
2025-05-30 06:40:03,211 - INFO - Found 60 links on page 178
2025-05-30 06:40:03,211 - INFO - Scraping page 181...
2025-05-30 06:40:03,472 - INFO - Found 60 links on page 179
2025-05-30 06:40:03,473 - INFO - Scraping page 182...
2025-05-30 06:40:05,058 - INFO - Found 60 links on page 180
2025-05-30 06:40:05,058 - INFO - Scraping page 183...
2025-05-30 06:40:07,184 - INFO - Found 60 links on page 181
2025-05-30 06:40:07,185 - INFO - Scraping page 184...
2025-05-30 06:40:08,042 - INFO - Found 60 links on page 182
2025-05-30 06:40:08,042 - INFO - Scraping page 185...
2025-05-30 06:40:09,454 - INFO - Found 60 links on page 183
2025-05-30 06:40:09,454 - INFO - Scraping page 186...
2025-05-30 06:40:12,174 - INFO - Found 60 links on page 184
2025-05-30 06:40:12,179 - INFO - Scraping page 187...
2025-05-30 06:40:12,235 - INFO - Found 60 links on page 185
2025-05-30 06:40:12,236 - INFO - Scraping page 188...
2025-05-30 06:40:14,202 - INFO - Found 60 links on page 186
2025-05-30 06:40:14,202 - INFO - Scraping page 189...
2025-05-30 06:40:16,355 - INFO - Found 60 links on page 188
2025-05-30 06:40:16,356 - INFO - Scraping page 190...
2025-05-30 06:40:16,759 - INFO - Found 60 links on page 187
2025-05-30 06:40:16,759 - INFO - Scraping page 191...
2025-05-30 06:40:18,435 - INFO - Found 60 links on page 189
2025-05-30 06:40:18,435 - INFO - Scraping page 192...
2025-05-30 06:40:20,629 - INFO - Found 60 links on page 191
2025-05-30 06:40:20,629 - INFO - Scraping page 193...
2025-05-30 06:40:21,028 - INFO - Found 60 links on page 190
2025-05-30 06:40:21,028 - INFO - Scraping page 194...
2025-05-30 06:40:22,524 - INFO - Found 60 links on page 192
2025-05-30 06:40:22,524 - INFO - Scraping page 195...
2025-05-30 06:40:24,641 - INFO - Found 60 links on page 193
2025-05-30 06:40:24,641 - INFO - Scraping page 196...
2025-05-30 06:40:25,061 - INFO - Found 60 links on page 194
2025-05-30 06:40:25,061 - INFO - Scraping page 197...
2025-05-30 06:40:27,140 - INFO - Found 60 links on page 195
2025-05-30 06:40:27,140 - INFO - Scraping page 198...
2025-05-30 06:40:28,790 - INFO - Found 60 links on page 196
2025-05-30 06:40:28,790 - INFO - Scraping page 199...
2025-05-30 06:40:29,734 - INFO - Found 60 links on page 197
2025-05-30 06:40:29,734 - INFO - Scraping page 200...
2025-05-30 06:40:31,207 - INFO - Found 60 links on page 198
2025-05-30 06:40:32,759 - INFO - Found 60 links on page 199
2025-05-30 06:40:34,154 - INFO - Found 60 links on page 200
2025-05-30 06:40:34,161 - INFO - Found 301 new links to scrape out of 12000 total links
2025-05-30 06:40:34,161 - INFO - Processing batch 1/7 (50 links)
2025-05-30 06:40:39,863 - INFO - Progress: 10/50 ads processed
2025-05-30 06:40:45,531 - INFO - Progress: 20/50 ads processed
2025-05-30 06:40:50,234 - INFO - Progress: 30/50 ads processed
2025-05-30 06:40:55,571 - INFO - Progress: 40/50 ads processed
2025-05-30 06:41:00,532 - INFO - Progress: 50/50 ads processed
2025-05-30 06:41:00,593 - INFO - Created backup of existing data file at unegui_data/unegui_sales_data.csv.bak
2025-05-30 06:41:00,864 - INFO - Data saved to unegui_data/unegui_sales_data.csv: 18995 records
2025-05-30 06:41:01,489 - INFO - Cache saved with 19310 URLs
2025-05-30 06:41:01,490 - INFO - Saved batch data. Total records: 18995
2025-05-30 06:41:01,490 - INFO - Processing batch 2/7 (50 links)
2025-05-30 06:41:06,836 - INFO - Progress: 10/50 ads processed
2025-05-30 06:41:12,246 - INFO - Progress: 20/50 ads processed
2025-05-30 06:41:17,905 - INFO - Progress: 30/50 ads processed
2025-05-30 06:41:23,012 - INFO - Progress: 40/50 ads processed
2025-05-30 06:41:27,717 - INFO - Progress: 50/50 ads processed
2025-05-30 06:41:27,778 - INFO - Created backup of existing data file at unegui_data/unegui_sales_data.csv.bak
2025-05-30 06:41:28,044 - INFO - Data saved to unegui_data/unegui_sales_data.csv: 19044 records
2025-05-30 06:41:28,676 - INFO - Cache saved with 19360 URLs
2025-05-30 06:41:28,676 - INFO - Saved batch data. Total records: 19044
2025-05-30 06:41:28,676 - INFO - Processing batch 3/7 (50 links)
2025-05-30 06:41:34,274 - INFO - Progress: 10/50 ads processed
2025-05-30 06:41:39,382 - INFO - Progress: 20/50 ads processed
2025-05-30 06:41:44,306 - INFO - Progress: 30/50 ads processed
2025-05-30 06:41:49,173 - INFO - Progress: 40/50 ads processed
2025-05-30 06:41:54,385 - INFO - Progress: 50/50 ads processed
2025-05-30 06:41:54,444 - INFO - Created backup of existing data file at unegui_data/unegui_sales_data.csv.bak
2025-05-30 06:41:54,710 - INFO - Data saved to unegui_data/unegui_sales_data.csv: 19094 records
2025-05-30 06:41:55,344 - INFO - Cache saved with 19410 URLs
2025-05-30 06:41:55,344 - INFO - Saved batch data. Total records: 19094
2025-05-30 06:41:55,344 - INFO - Processing batch 4/7 (50 links)
2025-05-30 06:42:00,447 - INFO - Progress: 10/50 ads processed
2025-05-30 06:42:05,897 - INFO - Progress: 20/50 ads processed
2025-05-30 06:42:11,559 - INFO - Progress: 30/50 ads processed
2025-05-30 06:42:15,545 - INFO - Progress: 40/50 ads processed
2025-05-30 06:42:20,690 - INFO - Progress: 50/50 ads processed
2025-05-30 06:42:20,754 - INFO - Created backup of existing data file at unegui_data/unegui_sales_data.csv.bak
2025-05-30 06:42:21,029 - INFO - Data saved to unegui_data/unegui_sales_data.csv: 19142 records
2025-05-30 06:42:21,669 - INFO - Cache saved with 19459 URLs
2025-05-30 06:42:21,669 - INFO - Saved batch data. Total records: 19143
2025-05-30 06:42:21,669 - INFO - Processing batch 5/7 (50 links)
2025-05-30 06:42:27,542 - INFO - Progress: 10/50 ads processed
2025-05-30 06:42:32,961 - INFO - Progress: 20/50 ads processed
2025-05-30 06:42:37,774 - INFO - Progress: 30/50 ads processed
2025-05-30 06:42:43,350 - INFO - Progress: 40/50 ads processed
2025-05-30 06:42:48,779 - INFO - Progress: 50/50 ads processed
2025-05-30 06:42:48,845 - INFO - Created backup of existing data file at unegui_data/unegui_sales_data.csv.bak
2025-05-30 06:42:49,120 - INFO - Data saved to unegui_data/unegui_sales_data.csv: 19192 records
2025-05-30 06:42:49,765 - INFO - Cache saved with 19509 URLs
2025-05-30 06:42:49,765 - INFO - Saved batch data. Total records: 19193
2025-05-30 06:42:49,765 - INFO - Processing batch 6/7 (50 links)
2025-05-30 06:42:54,897 - INFO - Progress: 10/50 ads processed
2025-05-30 06:42:59,932 - INFO - Progress: 20/50 ads processed
2025-05-30 06:43:05,547 - INFO - Progress: 30/50 ads processed
2025-05-30 06:43:10,356 - INFO - Progress: 40/50 ads processed
2025-05-30 06:43:15,606 - INFO - Progress: 50/50 ads processed
2025-05-30 06:43:15,669 - INFO - Created backup of existing data file at unegui_data/unegui_sales_data.csv.bak
2025-05-30 06:43:15,942 - INFO - Data saved to unegui_data/unegui_sales_data.csv: 19242 records
2025-05-30 06:43:16,587 - INFO - Cache saved with 19559 URLs
2025-05-30 06:43:16,587 - INFO - Saved batch data. Total records: 19243
2025-05-30 06:43:16,587 - INFO - Processing batch 7/7 (1 links)
2025-05-30 06:43:19,292 - INFO - Progress: 1/1 ads processed
2025-05-30 06:43:19,355 - INFO - Created backup of existing data file at unegui_data/unegui_sales_data.csv.bak
2025-05-30 06:43:19,629 - INFO - Data saved to unegui_data/unegui_sales_data.csv: 19243 records
2025-05-30 06:43:20,271 - INFO - Cache saved with 19560 URLs
2025-05-30 06:43:20,271 - INFO - Saved batch data. Total records: 19244
2025-05-30 06:43:20,271 - INFO - Scraping completed in 0:07:28.089375. Total ads collected: 19244
