2025-06-07 06:34:38,935 - INFO - Starting sales apartment scraper at 2025-06-07 06:34:38.935693
2025-06-07 06:34:39,245 - INFO - Loaded existing data from unegui_data/unegui_sales_data.csv: 21557 records
2025-06-07 06:34:39,501 - INFO - Loaded 21557 existing records
2025-06-07 06:34:39,515 - INFO - Scraping page 1...
2025-06-07 06:34:39,515 - INFO - Scraping page 2...
2025-06-07 06:34:39,515 - INFO - Scraping page 3...
2025-06-07 06:34:43,937 - INFO - Found 60 links on page 1
2025-06-07 06:34:43,943 - INFO - Scraping page 4...
2025-06-07 06:34:44,123 - INFO - Found 60 links on page 3
2025-06-07 06:34:44,123 - INFO - Scraping page 5...
2025-06-07 06:34:44,764 - INFO - Found 60 links on page 2
2025-06-07 06:34:44,764 - INFO - Scraping page 6...
2025-06-07 06:34:48,083 - INFO - Found 60 links on page 5
2025-06-07 06:34:48,093 - INFO - Scraping page 7...
2025-06-07 06:34:48,222 - INFO - Found 60 links on page 4
2025-06-07 06:34:48,222 - INFO - Scraping page 8...
2025-06-07 06:34:49,393 - INFO - Found 60 links on page 6
2025-06-07 06:34:49,393 - INFO - Scraping page 9...
2025-06-07 06:34:51,946 - INFO - Found 60 links on page 8
2025-06-07 06:34:51,946 - INFO - Scraping page 10...
2025-06-07 06:34:52,159 - INFO - Found 60 links on page 7
2025-06-07 06:34:52,159 - INFO - Scraping page 11...
2025-06-07 06:34:53,156 - INFO - Found 60 links on page 9
2025-06-07 06:34:53,156 - INFO - Scraping page 12...
2025-06-07 06:34:56,043 - INFO - Found 60 links on page 10
2025-06-07 06:34:56,048 - INFO - Scraping page 13...
2025-06-07 06:34:56,271 - INFO - Found 60 links on page 11
2025-06-07 06:34:56,271 - INFO - Scraping page 14...
2025-06-07 06:34:57,116 - INFO - Found 60 links on page 12
2025-06-07 06:34:57,117 - INFO - Scraping page 15...
2025-06-07 06:35:00,197 - INFO - Found 60 links on page 13
2025-06-07 06:35:00,202 - INFO - Scraping page 16...
2025-06-07 06:35:00,289 - INFO - Found 60 links on page 14
2025-06-07 06:35:00,290 - INFO - Scraping page 17...
2025-06-07 06:35:00,825 - INFO - Found 60 links on page 15
2025-06-07 06:35:00,825 - INFO - Scraping page 18...
2025-06-07 06:35:04,013 - INFO - Found 60 links on page 16
2025-06-07 06:35:04,014 - INFO - Scraping page 19...
2025-06-07 06:35:04,920 - INFO - Found 60 links on page 17
2025-06-07 06:35:04,921 - INFO - Scraping page 20...
2025-06-07 06:35:05,169 - INFO - Found 60 links on page 18
2025-06-07 06:35:05,169 - INFO - Scraping page 21...
2025-06-07 06:35:12,386 - INFO - Found 60 links on page 19
2025-06-07 06:35:12,387 - INFO - Scraping page 22...
2025-06-07 06:35:13,332 - INFO - Found 60 links on page 21
2025-06-07 06:35:13,332 - INFO - Scraping page 23...
2025-06-07 06:35:14,319 - INFO - Found 60 links on page 20
2025-06-07 06:35:14,319 - INFO - Scraping page 24...
2025-06-07 06:35:16,442 - INFO - Found 60 links on page 22
2025-06-07 06:35:16,442 - INFO - Scraping page 25...
2025-06-07 06:35:17,085 - INFO - Found 60 links on page 23
2025-06-07 06:35:17,085 - INFO - Scraping page 26...
2025-06-07 06:35:17,927 - INFO - Found 60 links on page 24
2025-06-07 06:35:17,927 - INFO - Scraping page 27...
2025-06-07 06:35:20,296 - INFO - Found 60 links on page 25
2025-06-07 06:35:20,296 - INFO - Scraping page 28...
2025-06-07 06:35:20,810 - INFO - Found 60 links on page 26
2025-06-07 06:35:20,811 - INFO - Scraping page 29...
2025-06-07 06:35:21,881 - INFO - Found 60 links on page 27
2025-06-07 06:35:21,881 - INFO - Scraping page 30...
2025-06-07 06:35:24,061 - INFO - Found 60 links on page 28
2025-06-07 06:35:24,062 - INFO - Scraping page 31...
2025-06-07 06:35:24,874 - INFO - Found 60 links on page 29
2025-06-07 06:35:24,874 - INFO - Scraping page 32...
2025-06-07 06:35:25,835 - INFO - Found 60 links on page 30
2025-06-07 06:35:25,835 - INFO - Scraping page 33...
2025-06-07 06:35:28,049 - INFO - Found 60 links on page 31
2025-06-07 06:35:28,049 - INFO - Scraping page 34...
2025-06-07 06:35:28,755 - INFO - Found 60 links on page 32
2025-06-07 06:35:28,756 - INFO - Scraping page 35...
2025-06-07 06:35:29,815 - INFO - Found 60 links on page 33
2025-06-07 06:35:29,815 - INFO - Scraping page 36...
2025-06-07 06:35:31,933 - INFO - Found 60 links on page 34
2025-06-07 06:35:31,934 - INFO - Scraping page 37...
2025-06-07 06:35:33,026 - INFO - Found 60 links on page 35
2025-06-07 06:35:33,027 - INFO - Scraping page 38...
2025-06-07 06:35:33,731 - INFO - Found 60 links on page 36
2025-06-07 06:35:33,731 - INFO - Scraping page 39...
2025-06-07 06:35:35,608 - INFO - Found 60 links on page 37
2025-06-07 06:35:35,609 - INFO - Scraping page 40...
2025-06-07 06:35:36,961 - INFO - Found 60 links on page 38
2025-06-07 06:35:36,961 - INFO - Scraping page 41...
2025-06-07 06:35:37,672 - INFO - Found 60 links on page 39
2025-06-07 06:35:37,672 - INFO - Scraping page 42...
2025-06-07 06:35:39,525 - INFO - Found 60 links on page 40
2025-06-07 06:35:39,525 - INFO - Scraping page 43...
2025-06-07 06:35:40,757 - INFO - Found 60 links on page 41
2025-06-07 06:35:40,757 - INFO - Scraping page 44...
2025-06-07 06:35:41,284 - INFO - Found 60 links on page 42
2025-06-07 06:35:41,284 - INFO - Scraping page 45...
2025-06-07 06:35:43,492 - INFO - Found 60 links on page 43
2025-06-07 06:35:43,492 - INFO - Scraping page 46...
2025-06-07 06:35:44,935 - INFO - Found 60 links on page 44
2025-06-07 06:35:44,935 - INFO - Scraping page 47...
2025-06-07 06:35:45,522 - INFO - Found 60 links on page 45
2025-06-07 06:35:45,523 - INFO - Scraping page 48...
2025-06-07 06:35:49,665 - INFO - Found 60 links on page 46
2025-06-07 06:35:49,665 - INFO - Scraping page 49...
2025-06-07 06:35:50,532 - INFO - Found 60 links on page 47
2025-06-07 06:35:50,537 - INFO - Scraping page 50...
2025-06-07 06:35:50,631 - INFO - Found 60 links on page 48
2025-06-07 06:35:50,632 - INFO - Scraping page 51...
2025-06-07 06:35:53,904 - INFO - Found 60 links on page 49
2025-06-07 06:35:53,904 - INFO - Scraping page 52...
2025-06-07 06:35:54,534 - INFO - Found 60 links on page 50
2025-06-07 06:35:54,544 - INFO - Scraping page 53...
2025-06-07 06:35:54,682 - INFO - Found 60 links on page 51
2025-06-07 06:35:54,682 - INFO - Scraping page 54...
2025-06-07 06:35:57,765 - INFO - Found 60 links on page 52
2025-06-07 06:35:57,765 - INFO - Scraping page 55...
2025-06-07 06:35:58,425 - INFO - Found 60 links on page 54
2025-06-07 06:35:58,425 - INFO - Scraping page 56...
2025-06-07 06:35:59,484 - INFO - Found 60 links on page 53
2025-06-07 06:35:59,484 - INFO - Scraping page 57...
2025-06-07 06:36:02,067 - INFO - Found 60 links on page 55
2025-06-07 06:36:02,067 - INFO - Scraping page 58...
2025-06-07 06:36:02,539 - INFO - Found 60 links on page 56
2025-06-07 06:36:02,539 - INFO - Scraping page 59...
2025-06-07 06:36:03,536 - INFO - Found 60 links on page 57
2025-06-07 06:36:03,537 - INFO - Scraping page 60...
2025-06-07 06:36:06,034 - INFO - Found 60 links on page 58
2025-06-07 06:36:06,034 - INFO - Scraping page 61...
2025-06-07 06:36:07,612 - INFO - Found 60 links on page 59
2025-06-07 06:36:07,617 - INFO - Scraping page 62...
2025-06-07 06:36:07,741 - INFO - Found 60 links on page 60
2025-06-07 06:36:07,741 - INFO - Scraping page 63...
2025-06-07 06:36:10,076 - INFO - Found 60 links on page 61
2025-06-07 06:36:10,076 - INFO - Scraping page 64...
2025-06-07 06:36:12,123 - INFO - Found 60 links on page 62
2025-06-07 06:36:12,123 - INFO - Scraping page 65...
2025-06-07 06:36:12,659 - INFO - Found 60 links on page 63
2025-06-07 06:36:12,659 - INFO - Scraping page 66...
2025-06-07 06:36:14,519 - INFO - Found 60 links on page 64
2025-06-07 06:36:14,519 - INFO - Scraping page 67...
2025-06-07 06:36:16,330 - INFO - Found 60 links on page 65
2025-06-07 06:36:16,330 - INFO - Scraping page 68...
2025-06-07 06:36:16,911 - INFO - Found 60 links on page 66
2025-06-07 06:36:16,911 - INFO - Scraping page 69...
2025-06-07 06:36:18,740 - INFO - Found 60 links on page 67
2025-06-07 06:36:18,741 - INFO - Scraping page 70...
2025-06-07 06:36:20,592 - INFO - Found 60 links on page 68
2025-06-07 06:36:20,592 - INFO - Scraping page 71...
2025-06-07 06:36:20,988 - INFO - Found 60 links on page 69
2025-06-07 06:36:20,988 - INFO - Scraping page 72...
2025-06-07 06:36:22,536 - INFO - Found 60 links on page 70
2025-06-07 06:36:22,537 - INFO - Scraping page 73...
2025-06-07 06:36:24,444 - INFO - Found 60 links on page 71
2025-06-07 06:36:24,444 - INFO - Scraping page 74...
2025-06-07 06:36:25,095 - INFO - Found 60 links on page 72
2025-06-07 06:36:25,095 - INFO - Scraping page 75...
2025-06-07 06:36:26,451 - INFO - Found 60 links on page 73
2025-06-07 06:36:26,451 - INFO - Scraping page 76...
2025-06-07 06:36:28,363 - INFO - Found 60 links on page 74
2025-06-07 06:36:28,364 - INFO - Scraping page 77...
2025-06-07 06:36:29,389 - INFO - Found 60 links on page 75
2025-06-07 06:36:29,389 - INFO - Scraping page 78...
2025-06-07 06:36:30,341 - INFO - Found 60 links on page 76
2025-06-07 06:36:30,342 - INFO - Scraping page 79...
2025-06-07 06:36:32,506 - INFO - Found 60 links on page 77
2025-06-07 06:36:32,506 - INFO - Scraping page 80...
2025-06-07 06:36:33,611 - INFO - Found 60 links on page 78
2025-06-07 06:36:33,612 - INFO - Scraping page 81...
2025-06-07 06:36:34,375 - INFO - Found 60 links on page 79
2025-06-07 06:36:34,375 - INFO - Scraping page 82...
2025-06-07 06:36:36,439 - INFO - Found 60 links on page 80
2025-06-07 06:36:36,439 - INFO - Scraping page 83...
2025-06-07 06:36:37,713 - INFO - Found 60 links on page 81
2025-06-07 06:36:37,714 - INFO - Scraping page 84...
2025-06-07 06:36:38,507 - INFO - Found 60 links on page 82
2025-06-07 06:36:38,507 - INFO - Scraping page 85...
2025-06-07 06:36:40,479 - INFO - Found 60 links on page 83
2025-06-07 06:36:40,479 - INFO - Scraping page 86...
2025-06-07 06:36:41,702 - INFO - Found 60 links on page 84
2025-06-07 06:36:41,702 - INFO - Scraping page 87...
2025-06-07 06:36:42,412 - INFO - Found 60 links on page 85
2025-06-07 06:36:42,412 - INFO - Scraping page 88...
2025-06-07 06:36:44,238 - INFO - Found 60 links on page 86
2025-06-07 06:36:44,238 - INFO - Scraping page 89...
2025-06-07 06:36:45,823 - INFO - Found 60 links on page 87
2025-06-07 06:36:45,823 - INFO - Scraping page 90...
2025-06-07 06:36:46,661 - INFO - Found 60 links on page 88
2025-06-07 06:36:46,661 - INFO - Scraping page 91...
2025-06-07 06:36:48,328 - INFO - Found 60 links on page 89
2025-06-07 06:36:48,328 - INFO - Scraping page 92...
2025-06-07 06:36:49,767 - INFO - Found 60 links on page 90
2025-06-07 06:36:49,767 - INFO - Scraping page 93...
2025-06-07 06:36:50,604 - INFO - Found 60 links on page 91
2025-06-07 06:36:50,605 - INFO - Scraping page 94...
2025-06-07 06:36:52,575 - INFO - Found 60 links on page 92
2025-06-07 06:36:52,575 - INFO - Scraping page 95...
2025-06-07 06:36:53,591 - INFO - Found 60 links on page 93
2025-06-07 06:36:53,591 - INFO - Scraping page 96...
2025-06-07 06:36:54,842 - INFO - Found 60 links on page 94
2025-06-07 06:36:54,843 - INFO - Scraping page 97...
2025-06-07 06:36:56,677 - INFO - Found 60 links on page 95
2025-06-07 06:36:56,677 - INFO - Scraping page 98...
2025-06-07 06:36:57,587 - INFO - Found 60 links on page 96
2025-06-07 06:36:57,588 - INFO - Scraping page 99...
2025-06-07 06:36:58,846 - INFO - Found 60 links on page 97
2025-06-07 06:36:58,846 - INFO - Scraping page 100...
2025-06-07 06:37:01,655 - INFO - Found 60 links on page 98
2025-06-07 06:37:01,661 - INFO - Scraping page 101...
2025-06-07 06:37:01,786 - INFO - Found 60 links on page 99
2025-06-07 06:37:01,786 - INFO - Scraping page 102...
2025-06-07 06:37:02,862 - INFO - Found 60 links on page 100
2025-06-07 06:37:02,862 - INFO - Scraping page 103...
2025-06-07 06:37:05,697 - INFO - Found 60 links on page 101
2025-06-07 06:37:05,708 - INFO - Scraping page 104...
2025-06-07 06:37:05,877 - INFO - Found 60 links on page 102
2025-06-07 06:37:05,878 - INFO - Scraping page 105...
2025-06-07 06:37:06,883 - INFO - Found 60 links on page 103
2025-06-07 06:37:06,883 - INFO - Scraping page 106...
2025-06-07 06:37:09,640 - INFO - Found 60 links on page 104
2025-06-07 06:37:09,640 - INFO - Scraping page 107...
2025-06-07 06:37:10,066 - INFO - Found 60 links on page 105
2025-06-07 06:37:10,066 - INFO - Scraping page 108...
2025-06-07 06:37:11,260 - INFO - Found 60 links on page 106
2025-06-07 06:37:11,260 - INFO - Scraping page 109...
2025-06-07 06:37:13,676 - INFO - Found 60 links on page 107
2025-06-07 06:37:13,676 - INFO - Scraping page 110...
2025-06-07 06:37:14,528 - INFO - Found 60 links on page 108
2025-06-07 06:37:14,528 - INFO - Scraping page 111...
2025-06-07 06:37:15,528 - INFO - Found 60 links on page 109
2025-06-07 06:37:15,528 - INFO - Scraping page 112...
2025-06-07 06:37:18,884 - INFO - Found 60 links on page 111
2025-06-07 06:37:18,884 - INFO - Scraping page 113...
2025-06-07 06:37:19,145 - INFO - Found 60 links on page 110
2025-06-07 06:37:19,145 - INFO - Scraping page 114...
2025-06-07 06:37:19,725 - INFO - Found 60 links on page 112
2025-06-07 06:37:19,725 - INFO - Scraping page 115...
2025-06-07 06:37:22,864 - INFO - Found 60 links on page 113
2025-06-07 06:37:22,864 - INFO - Scraping page 116...
2025-06-07 06:37:23,266 - INFO - Found 60 links on page 114
2025-06-07 06:37:23,267 - INFO - Scraping page 117...
2025-06-07 06:37:23,670 - INFO - Found 60 links on page 115
2025-06-07 06:37:23,670 - INFO - Scraping page 118...
2025-06-07 06:37:27,058 - INFO - Found 60 links on page 116
2025-06-07 06:37:27,059 - INFO - Scraping page 119...
2025-06-07 06:37:27,273 - INFO - Found 60 links on page 117
2025-06-07 06:37:27,273 - INFO - Scraping page 120...
2025-06-07 06:37:27,718 - INFO - Found 60 links on page 118
2025-06-07 06:37:27,719 - INFO - Scraping page 121...
2025-06-07 06:37:31,104 - INFO - Found 60 links on page 119
2025-06-07 06:37:31,105 - INFO - Scraping page 122...
2025-06-07 06:37:31,345 - INFO - Found 60 links on page 120
2025-06-07 06:37:31,345 - INFO - Scraping page 123...
2025-06-07 06:37:32,332 - INFO - Found 60 links on page 121
2025-06-07 06:37:32,332 - INFO - Scraping page 124...
2025-06-07 06:37:34,968 - INFO - Found 60 links on page 122
2025-06-07 06:37:34,968 - INFO - Scraping page 125...
2025-06-07 06:37:36,157 - INFO - Found 60 links on page 123
2025-06-07 06:37:36,157 - INFO - Scraping page 126...
2025-06-07 06:37:36,604 - INFO - Found 60 links on page 124
2025-06-07 06:37:36,604 - INFO - Scraping page 127...
2025-06-07 06:37:39,307 - INFO - Found 60 links on page 125
2025-06-07 06:37:39,308 - INFO - Scraping page 128...
2025-06-07 06:37:40,083 - INFO - Found 60 links on page 126
2025-06-07 06:37:40,083 - INFO - Scraping page 129...
2025-06-07 06:37:40,691 - INFO - Found 60 links on page 127
2025-06-07 06:37:40,691 - INFO - Scraping page 130...
2025-06-07 06:37:43,259 - INFO - Found 60 links on page 128
2025-06-07 06:37:43,259 - INFO - Scraping page 131...
2025-06-07 06:37:43,934 - INFO - Found 60 links on page 129
2025-06-07 06:37:43,934 - INFO - Scraping page 132...
2025-06-07 06:37:45,673 - INFO - Found 60 links on page 130
2025-06-07 06:37:45,673 - INFO - Scraping page 133...
2025-06-07 06:37:47,428 - INFO - Found 60 links on page 131
2025-06-07 06:37:47,428 - INFO - Scraping page 134...
2025-06-07 06:37:48,260 - INFO - Found 60 links on page 132
2025-06-07 06:37:48,260 - INFO - Scraping page 135...
2025-06-07 06:37:49,671 - INFO - Found 60 links on page 133
2025-06-07 06:37:49,671 - INFO - Scraping page 136...
2025-06-07 06:37:52,230 - INFO - Found 60 links on page 135
2025-06-07 06:37:52,236 - INFO - Scraping page 137...
2025-06-07 06:37:52,413 - INFO - Found 60 links on page 134
2025-06-07 06:37:52,414 - INFO - Scraping page 138...
2025-06-07 06:37:53,660 - INFO - Found 60 links on page 136
2025-06-07 06:37:53,660 - INFO - Scraping page 139...
2025-06-07 06:37:56,211 - INFO - Found 60 links on page 138
2025-06-07 06:37:56,221 - INFO - Scraping page 140...
2025-06-07 06:37:56,448 - INFO - Found 60 links on page 137
2025-06-07 06:37:56,448 - INFO - Scraping page 141...
2025-06-07 06:37:57,912 - INFO - Found 60 links on page 139
2025-06-07 06:37:57,912 - INFO - Scraping page 142...
2025-06-07 06:38:00,414 - INFO - Found 60 links on page 141
2025-06-07 06:38:00,415 - INFO - Scraping page 143...
2025-06-07 06:38:00,617 - INFO - Found 60 links on page 140
2025-06-07 06:38:00,618 - INFO - Scraping page 144...
2025-06-07 06:38:02,109 - INFO - Found 60 links on page 142
2025-06-07 06:38:02,109 - INFO - Scraping page 145...
2025-06-07 06:38:04,883 - INFO - Found 60 links on page 143
2025-06-07 06:38:04,889 - INFO - Scraping page 146...
2025-06-07 06:38:04,970 - INFO - Found 60 links on page 144
2025-06-07 06:38:04,971 - INFO - Scraping page 147...
2025-06-07 06:38:06,200 - INFO - Found 60 links on page 145
2025-06-07 06:38:06,201 - INFO - Scraping page 148...
2025-06-07 06:38:08,846 - INFO - Found 60 links on page 147
2025-06-07 06:38:08,846 - INFO - Scraping page 149...
2025-06-07 06:38:09,056 - INFO - Found 60 links on page 146
2025-06-07 06:38:09,057 - INFO - Scraping page 150...
2025-06-07 06:38:10,054 - INFO - Found 60 links on page 148
2025-06-07 06:38:10,054 - INFO - Scraping page 151...
2025-06-07 06:38:12,960 - INFO - Found 60 links on page 150
2025-06-07 06:38:12,970 - INFO - Scraping page 152...
2025-06-07 06:38:13,133 - INFO - Found 60 links on page 149
2025-06-07 06:38:13,133 - INFO - Scraping page 153...
2025-06-07 06:38:14,344 - INFO - Found 60 links on page 151
2025-06-07 06:38:14,344 - INFO - Scraping page 154...
2025-06-07 06:38:17,238 - INFO - Found 60 links on page 153
2025-06-07 06:38:17,239 - INFO - Scraping page 155...
2025-06-07 06:38:17,608 - INFO - Found 60 links on page 152
2025-06-07 06:38:17,608 - INFO - Scraping page 156...
2025-06-07 06:38:18,500 - INFO - Found 60 links on page 154
2025-06-07 06:38:18,500 - INFO - Scraping page 157...
2025-06-07 06:38:21,698 - INFO - Found 60 links on page 156
2025-06-07 06:38:21,703 - INFO - Scraping page 158...
2025-06-07 06:38:21,788 - INFO - Found 60 links on page 155
2025-06-07 06:38:21,788 - INFO - Scraping page 159...
2025-06-07 06:38:22,559 - INFO - Found 60 links on page 157
2025-06-07 06:38:22,559 - INFO - Scraping page 160...
2025-06-07 06:38:26,006 - INFO - Found 60 links on page 159
2025-06-07 06:38:26,017 - INFO - Scraping page 161...
2025-06-07 06:38:26,096 - INFO - Found 60 links on page 158
2025-06-07 06:38:26,096 - INFO - Scraping page 162...
2025-06-07 06:38:26,701 - INFO - Found 60 links on page 160
2025-06-07 06:38:26,702 - INFO - Scraping page 163...
2025-06-07 06:38:30,103 - INFO - Found 60 links on page 161
2025-06-07 06:38:30,103 - INFO - Scraping page 164...
2025-06-07 06:38:30,295 - INFO - Found 60 links on page 162
2025-06-07 06:38:30,295 - INFO - Scraping page 165...
2025-06-07 06:38:30,820 - INFO - Found 60 links on page 163
2025-06-07 06:38:30,820 - INFO - Scraping page 166...
2025-06-07 06:38:34,176 - INFO - Found 60 links on page 164
2025-06-07 06:38:34,176 - INFO - Scraping page 167...
2025-06-07 06:38:35,093 - INFO - Found 60 links on page 165
2025-06-07 06:38:35,098 - INFO - Scraping page 168...
2025-06-07 06:38:35,180 - INFO - Found 60 links on page 166
2025-06-07 06:38:35,180 - INFO - Scraping page 169...
2025-06-07 06:38:38,931 - INFO - Found 60 links on page 167
2025-06-07 06:38:38,932 - INFO - Scraping page 170...
2025-06-07 06:38:39,543 - INFO - Found 60 links on page 168
2025-06-07 06:38:39,543 - INFO - Scraping page 171...
2025-06-07 06:38:39,749 - INFO - Found 60 links on page 169
2025-06-07 06:38:39,749 - INFO - Scraping page 172...
2025-06-07 06:38:43,334 - INFO - Found 60 links on page 170
2025-06-07 06:38:43,334 - INFO - Scraping page 173...
2025-06-07 06:38:43,632 - INFO - Found 60 links on page 171
2025-06-07 06:38:43,643 - INFO - Scraping page 174...
2025-06-07 06:38:43,808 - INFO - Found 60 links on page 172
2025-06-07 06:38:43,808 - INFO - Scraping page 175...
2025-06-07 06:38:47,400 - INFO - Found 60 links on page 173
2025-06-07 06:38:47,401 - INFO - Scraping page 176...
2025-06-07 06:38:47,599 - INFO - Found 60 links on page 174
2025-06-07 06:38:47,599 - INFO - Scraping page 177...
2025-06-07 06:38:47,786 - INFO - Found 60 links on page 175
2025-06-07 06:38:47,786 - INFO - Scraping page 178...
2025-06-07 06:38:51,267 - INFO - Found 60 links on page 176
2025-06-07 06:38:51,268 - INFO - Scraping page 179...
2025-06-07 06:38:51,859 - INFO - Found 60 links on page 178
2025-06-07 06:38:51,860 - INFO - Scraping page 180...
2025-06-07 06:38:52,308 - INFO - Found 60 links on page 177
2025-06-07 06:38:52,309 - INFO - Scraping page 181...
2025-06-07 06:38:55,221 - INFO - Found 60 links on page 179
2025-06-07 06:38:55,222 - INFO - Scraping page 182...
2025-06-07 06:38:55,764 - INFO - Found 60 links on page 180
2025-06-07 06:38:55,764 - INFO - Scraping page 183...
2025-06-07 06:38:56,276 - INFO - Found 60 links on page 181
2025-06-07 06:38:56,276 - INFO - Scraping page 184...
2025-06-07 06:38:59,678 - INFO - Found 60 links on page 183
2025-06-07 06:38:59,678 - INFO - Scraping page 185...
2025-06-07 06:39:00,153 - INFO - Found 60 links on page 182
2025-06-07 06:39:00,153 - INFO - Scraping page 186...
2025-06-07 06:39:00,510 - INFO - Found 60 links on page 184
2025-06-07 06:39:00,510 - INFO - Scraping page 187...
2025-06-07 06:39:03,845 - INFO - Found 60 links on page 185
2025-06-07 06:39:03,846 - INFO - Scraping page 188...
2025-06-07 06:39:04,391 - INFO - Found 60 links on page 186
2025-06-07 06:39:04,391 - INFO - Scraping page 189...
2025-06-07 06:39:04,585 - INFO - Found 60 links on page 187
2025-06-07 06:39:04,586 - INFO - Scraping page 190...
2025-06-07 06:39:08,247 - INFO - Found 60 links on page 188
2025-06-07 06:39:08,247 - INFO - Scraping page 191...
2025-06-07 06:39:08,547 - INFO - Found 60 links on page 190
2025-06-07 06:39:08,548 - INFO - Scraping page 192...
2025-06-07 06:39:09,020 - INFO - Found 60 links on page 189
2025-06-07 06:39:09,020 - INFO - Scraping page 193...
2025-06-07 06:39:12,124 - INFO - Found 60 links on page 191
2025-06-07 06:39:12,124 - INFO - Scraping page 194...
2025-06-07 06:39:12,644 - INFO - Found 60 links on page 192
2025-06-07 06:39:12,644 - INFO - Scraping page 195...
2025-06-07 06:39:12,873 - INFO - Found 60 links on page 193
2025-06-07 06:39:12,873 - INFO - Scraping page 196...
2025-06-07 06:39:16,342 - INFO - Found 60 links on page 194
2025-06-07 06:39:16,343 - INFO - Scraping page 197...
2025-06-07 06:39:17,181 - INFO - Found 60 links on page 195
2025-06-07 06:39:17,181 - INFO - Scraping page 198...
2025-06-07 06:39:17,468 - INFO - Found 60 links on page 196
2025-06-07 06:39:17,468 - INFO - Scraping page 199...
2025-06-07 06:39:20,636 - INFO - Found 60 links on page 197
2025-06-07 06:39:20,636 - INFO - Scraping page 200...
2025-06-07 06:39:21,523 - INFO - Found 60 links on page 199
2025-06-07 06:39:21,780 - INFO - Found 60 links on page 198
2025-06-07 06:39:24,638 - INFO - Found 60 links on page 200
2025-06-07 06:39:24,646 - INFO - Found 258 new links to scrape out of 12000 total links
2025-06-07 06:39:24,646 - INFO - Processing batch 1/6 (50 links)
2025-06-07 06:39:30,137 - INFO - Progress: 10/50 ads processed
2025-06-07 06:39:34,871 - INFO - Progress: 20/50 ads processed
2025-06-07 06:39:39,951 - INFO - Progress: 30/50 ads processed
2025-06-07 06:39:45,856 - INFO - Progress: 40/50 ads processed
2025-06-07 06:39:50,812 - INFO - Progress: 50/50 ads processed
2025-06-07 06:39:50,880 - INFO - Created backup of existing data file at unegui_data/unegui_sales_data.csv.bak
2025-06-07 06:39:51,184 - INFO - Data saved to unegui_data/unegui_sales_data.csv: 21606 records
2025-06-07 06:39:51,915 - INFO - Cache saved with 21964 URLs
2025-06-07 06:39:51,916 - INFO - Saved batch data. Total records: 21606
2025-06-07 06:39:51,916 - INFO - Processing batch 2/6 (50 links)
2025-06-07 06:39:58,280 - INFO - Progress: 10/50 ads processed
2025-06-07 06:40:02,873 - INFO - Progress: 20/50 ads processed
2025-06-07 06:40:07,270 - INFO - Progress: 30/50 ads processed
2025-06-07 06:40:12,580 - INFO - Progress: 40/50 ads processed
2025-06-07 06:40:18,350 - INFO - Progress: 50/50 ads processed
2025-06-07 06:40:18,417 - INFO - Created backup of existing data file at unegui_data/unegui_sales_data.csv.bak
2025-06-07 06:40:18,722 - INFO - Data saved to unegui_data/unegui_sales_data.csv: 21655 records
2025-06-07 06:40:19,499 - INFO - Cache saved with 22014 URLs
2025-06-07 06:40:19,499 - INFO - Saved batch data. Total records: 21655
2025-06-07 06:40:19,499 - INFO - Processing batch 3/6 (50 links)
2025-06-07 06:40:24,584 - INFO - Progress: 10/50 ads processed
2025-06-07 06:40:29,727 - INFO - Progress: 20/50 ads processed
2025-06-07 06:40:35,187 - INFO - Progress: 30/50 ads processed
2025-06-07 06:40:40,072 - INFO - Progress: 40/50 ads processed
2025-06-07 06:40:45,241 - INFO - Progress: 50/50 ads processed
2025-06-07 06:40:45,309 - INFO - Created backup of existing data file at unegui_data/unegui_sales_data.csv.bak
2025-06-07 06:40:45,615 - INFO - Data saved to unegui_data/unegui_sales_data.csv: 21705 records
2025-06-07 06:40:46,353 - INFO - Cache saved with 22064 URLs
2025-06-07 06:40:46,353 - INFO - Saved batch data. Total records: 21705
2025-06-07 06:40:46,353 - INFO - Processing batch 4/6 (50 links)
2025-06-07 06:40:52,527 - INFO - Progress: 10/50 ads processed
2025-06-07 06:40:57,466 - INFO - Progress: 20/50 ads processed
2025-06-07 06:41:02,290 - INFO - Progress: 30/50 ads processed
2025-06-07 06:41:07,402 - INFO - Progress: 40/50 ads processed
2025-06-07 06:41:12,922 - INFO - Progress: 50/50 ads processed
2025-06-07 06:41:12,991 - INFO - Created backup of existing data file at unegui_data/unegui_sales_data.csv.bak
2025-06-07 06:41:13,299 - INFO - Data saved to unegui_data/unegui_sales_data.csv: 21754 records
2025-06-07 06:41:14,085 - INFO - Cache saved with 22114 URLs
2025-06-07 06:41:14,085 - INFO - Saved batch data. Total records: 21754
2025-06-07 06:41:14,085 - INFO - Processing batch 5/6 (50 links)
2025-06-07 06:41:19,379 - INFO - Progress: 10/50 ads processed
2025-06-07 06:41:24,271 - INFO - Progress: 20/50 ads processed
2025-06-07 06:41:29,585 - INFO - Progress: 30/50 ads processed
2025-06-07 06:41:34,809 - INFO - Progress: 40/50 ads processed
2025-06-07 06:41:40,404 - INFO - Progress: 50/50 ads processed
2025-06-07 06:41:40,473 - INFO - Created backup of existing data file at unegui_data/unegui_sales_data.csv.bak
2025-06-07 06:41:40,779 - INFO - Data saved to unegui_data/unegui_sales_data.csv: 21804 records
2025-06-07 06:41:41,507 - INFO - Cache saved with 22164 URLs
2025-06-07 06:41:41,508 - INFO - Saved batch data. Total records: 21804
2025-06-07 06:41:41,508 - INFO - Processing batch 6/6 (8 links)
2025-06-07 06:41:46,802 - INFO - Progress: 8/8 ads processed
2025-06-07 06:41:46,870 - INFO - Created backup of existing data file at unegui_data/unegui_sales_data.csv.bak
2025-06-07 06:41:47,178 - INFO - Data saved to unegui_data/unegui_sales_data.csv: 21812 records
2025-06-07 06:41:47,927 - INFO - Cache saved with 22172 URLs
2025-06-07 06:41:47,928 - INFO - Saved batch data. Total records: 21812
2025-06-07 06:41:47,928 - INFO - Scraping completed in 0:07:08.992440. Total ads collected: 21812
