2025-05-25 06:33:33,683 - INFO - Starting sales apartment scraper at 2025-05-25 06:33:33.683740
2025-05-25 06:33:33,965 - INFO - Loaded existing data from unegui_data/unegui_sales_data.csv: 17286 records
2025-05-25 06:33:34,163 - INFO - Loaded 17286 existing records
2025-05-25 06:33:34,175 - INFO - Scraping page 1...
2025-05-25 06:33:34,176 - INFO - Scraping page 2...
2025-05-25 06:33:34,176 - INFO - Scraping page 3...
2025-05-25 06:33:38,614 - INFO - Found 60 links on page 1
2025-05-25 06:33:38,614 - INFO - Scraping page 4...
2025-05-25 06:33:39,188 - INFO - Found 60 links on page 3
2025-05-25 06:33:39,188 - INFO - Scraping page 5...
2025-05-25 06:33:39,879 - INFO - Found 60 links on page 2
2025-05-25 06:33:39,880 - INFO - Scraping page 6...
2025-05-25 06:33:43,135 - INFO - Found 60 links on page 4
2025-05-25 06:33:43,135 - INFO - Scraping page 7...
2025-05-25 06:33:43,403 - INFO - Found 60 links on page 5
2025-05-25 06:33:43,403 - INFO - Scraping page 8...
2025-05-25 06:33:43,891 - INFO - Found 60 links on page 6
2025-05-25 06:33:43,891 - INFO - Scraping page 9...
2025-05-25 06:33:47,551 - INFO - Found 60 links on page 7
2025-05-25 06:33:47,551 - INFO - Scraping page 10...
2025-05-25 06:33:47,761 - INFO - Found 60 links on page 8
2025-05-25 06:33:47,762 - INFO - Scraping page 11...
2025-05-25 06:33:47,986 - INFO - Found 60 links on page 9
2025-05-25 06:33:47,986 - INFO - Scraping page 12...
2025-05-25 06:33:51,889 - INFO - Found 60 links on page 10
2025-05-25 06:33:51,889 - INFO - Scraping page 13...
2025-05-25 06:33:52,213 - INFO - Found 60 links on page 12
2025-05-25 06:33:52,218 - INFO - Scraping page 14...
2025-05-25 06:33:52,475 - INFO - Found 60 links on page 11
2025-05-25 06:33:52,475 - INFO - Scraping page 15...
2025-05-25 06:33:56,044 - INFO - Found 60 links on page 13
2025-05-25 06:33:56,045 - INFO - Scraping page 16...
2025-05-25 06:33:56,743 - INFO - Found 60 links on page 14
2025-05-25 06:33:56,743 - INFO - Scraping page 17...
2025-05-25 06:33:57,195 - INFO - Found 60 links on page 15
2025-05-25 06:33:57,195 - INFO - Scraping page 18...
2025-05-25 06:34:00,608 - INFO - Found 60 links on page 16
2025-05-25 06:34:00,608 - INFO - Scraping page 19...
2025-05-25 06:34:01,055 - INFO - Found 60 links on page 17
2025-05-25 06:34:01,056 - INFO - Scraping page 20...
2025-05-25 06:34:02,238 - INFO - Found 60 links on page 18
2025-05-25 06:34:02,238 - INFO - Scraping page 21...
2025-05-25 06:34:04,810 - INFO - Found 60 links on page 19
2025-05-25 06:34:04,810 - INFO - Scraping page 22...
2025-05-25 06:34:05,569 - INFO - Found 60 links on page 20
2025-05-25 06:34:05,569 - INFO - Scraping page 23...
2025-05-25 06:34:06,285 - INFO - Found 60 links on page 21
2025-05-25 06:34:06,285 - INFO - Scraping page 24...
2025-05-25 06:34:09,078 - INFO - Found 60 links on page 22
2025-05-25 06:34:09,078 - INFO - Scraping page 25...
2025-05-25 06:34:10,203 - INFO - Found 60 links on page 23
2025-05-25 06:34:10,204 - INFO - Scraping page 26...
2025-05-25 06:34:10,678 - INFO - Found 60 links on page 24
2025-05-25 06:34:10,678 - INFO - Scraping page 27...
2025-05-25 06:34:13,425 - INFO - Found 60 links on page 25
2025-05-25 06:34:13,425 - INFO - Scraping page 28...
2025-05-25 06:34:14,687 - INFO - Found 60 links on page 26
2025-05-25 06:34:14,688 - INFO - Scraping page 29...
2025-05-25 06:34:15,756 - INFO - Found 60 links on page 27
2025-05-25 06:34:15,757 - INFO - Scraping page 30...
2025-05-25 06:34:17,914 - INFO - Found 60 links on page 28
2025-05-25 06:34:17,914 - INFO - Scraping page 31...
2025-05-25 06:34:19,838 - INFO - Found 60 links on page 29
2025-05-25 06:34:19,838 - INFO - Scraping page 32...
2025-05-25 06:34:20,292 - INFO - Found 60 links on page 30
2025-05-25 06:34:20,292 - INFO - Scraping page 33...
2025-05-25 06:34:22,101 - INFO - Found 60 links on page 31
2025-05-25 06:34:22,101 - INFO - Scraping page 34...
2025-05-25 06:34:23,850 - INFO - Found 60 links on page 32
2025-05-25 06:34:23,851 - INFO - Scraping page 35...
2025-05-25 06:34:24,124 - INFO - Found 60 links on page 33
2025-05-25 06:34:24,124 - INFO - Scraping page 36...
2025-05-25 06:34:25,941 - INFO - Found 60 links on page 34
2025-05-25 06:34:25,941 - INFO - Scraping page 37...
2025-05-25 06:34:27,841 - INFO - Found 60 links on page 35
2025-05-25 06:34:27,841 - INFO - Scraping page 38...
2025-05-25 06:34:28,184 - INFO - Found 60 links on page 36
2025-05-25 06:34:28,184 - INFO - Scraping page 39...
2025-05-25 06:34:29,964 - INFO - Found 60 links on page 37
2025-05-25 06:34:29,964 - INFO - Scraping page 40...
2025-05-25 06:34:32,092 - INFO - Found 60 links on page 39
2025-05-25 06:34:32,097 - INFO - Scraping page 41...
2025-05-25 06:34:32,249 - INFO - Found 60 links on page 38
2025-05-25 06:34:32,249 - INFO - Scraping page 42...
2025-05-25 06:34:33,757 - INFO - Found 60 links on page 40
2025-05-25 06:34:33,757 - INFO - Scraping page 43...
2025-05-25 06:34:36,363 - INFO - Found 60 links on page 41
2025-05-25 06:34:36,368 - INFO - Scraping page 44...
2025-05-25 06:34:36,516 - INFO - Found 60 links on page 42
2025-05-25 06:34:36,516 - INFO - Scraping page 45...
2025-05-25 06:34:37,850 - INFO - Found 60 links on page 43
2025-05-25 06:34:37,850 - INFO - Scraping page 46...
2025-05-25 06:34:40,287 - INFO - Found 60 links on page 44
2025-05-25 06:34:40,287 - INFO - Scraping page 47...
2025-05-25 06:34:40,590 - INFO - Found 60 links on page 45
2025-05-25 06:34:40,591 - INFO - Scraping page 48...
2025-05-25 06:34:41,914 - INFO - Found 60 links on page 46
2025-05-25 06:34:41,914 - INFO - Scraping page 49...
2025-05-25 06:34:44,548 - INFO - Found 60 links on page 47
2025-05-25 06:34:44,553 - INFO - Scraping page 50...
2025-05-25 06:34:44,803 - INFO - Found 60 links on page 48
2025-05-25 06:34:44,803 - INFO - Scraping page 51...
2025-05-25 06:34:45,658 - INFO - Found 60 links on page 49
2025-05-25 06:34:45,659 - INFO - Scraping page 52...
2025-05-25 06:34:48,619 - INFO - Found 60 links on page 50
2025-05-25 06:34:48,619 - INFO - Scraping page 53...
2025-05-25 06:34:49,143 - INFO - Found 60 links on page 51
2025-05-25 06:34:49,144 - INFO - Scraping page 54...
2025-05-25 06:34:49,706 - INFO - Found 60 links on page 52
2025-05-25 06:34:49,706 - INFO - Scraping page 55...
2025-05-25 06:34:52,438 - INFO - Found 60 links on page 53
2025-05-25 06:34:52,438 - INFO - Scraping page 56...
2025-05-25 06:34:53,431 - INFO - Found 60 links on page 54
2025-05-25 06:34:53,431 - INFO - Scraping page 57...
2025-05-25 06:34:53,969 - INFO - Found 60 links on page 55
2025-05-25 06:34:53,969 - INFO - Scraping page 58...
2025-05-25 06:34:56,846 - INFO - Found 60 links on page 56
2025-05-25 06:34:56,846 - INFO - Scraping page 59...
2025-05-25 06:34:57,752 - INFO - Found 60 links on page 58
2025-05-25 06:34:57,752 - INFO - Scraping page 60...
2025-05-25 06:34:58,566 - INFO - Found 60 links on page 57
2025-05-25 06:34:58,566 - INFO - Scraping page 61...
2025-05-25 06:35:00,596 - INFO - Found 60 links on page 59
2025-05-25 06:35:00,597 - INFO - Scraping page 62...
2025-05-25 06:35:01,979 - INFO - Found 60 links on page 60
2025-05-25 06:35:01,979 - INFO - Scraping page 63...
2025-05-25 06:35:02,718 - INFO - Found 60 links on page 61
2025-05-25 06:35:02,718 - INFO - Scraping page 64...
2025-05-25 06:35:04,663 - INFO - Found 60 links on page 62
2025-05-25 06:35:04,664 - INFO - Scraping page 65...
2025-05-25 06:35:07,051 - INFO - Found 60 links on page 64
2025-05-25 06:35:07,056 - INFO - Scraping page 66...
2025-05-25 06:35:07,157 - INFO - Found 60 links on page 63
2025-05-25 06:35:07,157 - INFO - Scraping page 67...
2025-05-25 06:35:08,605 - INFO - Found 60 links on page 65
2025-05-25 06:35:08,605 - INFO - Scraping page 68...
2025-05-25 06:35:11,394 - INFO - Found 60 links on page 67
2025-05-25 06:35:11,394 - INFO - Scraping page 69...
2025-05-25 06:35:11,627 - INFO - Found 60 links on page 66
2025-05-25 06:35:11,628 - INFO - Scraping page 70...
2025-05-25 06:35:13,368 - INFO - Found 60 links on page 68
2025-05-25 06:35:13,368 - INFO - Scraping page 71...
2025-05-25 06:35:15,995 - INFO - Found 60 links on page 70
2025-05-25 06:35:16,051 - INFO - Scraping page 72...
2025-05-25 06:35:16,144 - INFO - Found 60 links on page 69
2025-05-25 06:35:16,145 - INFO - Scraping page 73...
2025-05-25 06:35:17,520 - INFO - Found 60 links on page 71
2025-05-25 06:35:17,520 - INFO - Scraping page 74...
2025-05-25 06:35:19,915 - INFO - Found 60 links on page 72
2025-05-25 06:35:19,915 - INFO - Scraping page 75...
2025-05-25 06:35:20,378 - INFO - Found 60 links on page 73
2025-05-25 06:35:20,378 - INFO - Scraping page 76...
2025-05-25 06:35:21,458 - INFO - Found 60 links on page 74
2025-05-25 06:35:21,458 - INFO - Scraping page 77...
2025-05-25 06:35:24,656 - INFO - Found 60 links on page 76
2025-05-25 06:35:24,661 - INFO - Scraping page 78...
2025-05-25 06:35:24,848 - INFO - Found 60 links on page 75
2025-05-25 06:35:24,848 - INFO - Scraping page 79...
2025-05-25 06:35:25,472 - INFO - Found 60 links on page 77
2025-05-25 06:35:25,472 - INFO - Scraping page 80...
2025-05-25 06:35:28,147 - INFO - Found 60 links on page 78
2025-05-25 06:35:28,147 - INFO - Scraping page 81...
2025-05-25 06:35:28,719 - INFO - Found 60 links on page 79
2025-05-25 06:35:28,719 - INFO - Scraping page 82...
2025-05-25 06:35:29,489 - INFO - Found 60 links on page 80
2025-05-25 06:35:29,489 - INFO - Scraping page 83...
2025-05-25 06:35:32,246 - INFO - Found 60 links on page 81
2025-05-25 06:35:32,246 - INFO - Scraping page 84...
2025-05-25 06:35:32,999 - INFO - Found 60 links on page 82
2025-05-25 06:35:32,999 - INFO - Scraping page 85...
2025-05-25 06:35:33,926 - INFO - Found 60 links on page 83
2025-05-25 06:35:33,926 - INFO - Scraping page 86...
2025-05-25 06:35:36,307 - INFO - Found 60 links on page 84
2025-05-25 06:35:36,308 - INFO - Scraping page 87...
2025-05-25 06:35:36,895 - INFO - Found 60 links on page 85
2025-05-25 06:35:36,895 - INFO - Scraping page 88...
2025-05-25 06:35:37,965 - INFO - Found 60 links on page 86
2025-05-25 06:35:37,966 - INFO - Scraping page 89...
2025-05-25 06:35:40,219 - INFO - Found 60 links on page 87
2025-05-25 06:35:40,219 - INFO - Scraping page 90...
2025-05-25 06:35:40,819 - INFO - Found 60 links on page 88
2025-05-25 06:35:40,819 - INFO - Scraping page 91...
2025-05-25 06:35:41,930 - INFO - Found 60 links on page 89
2025-05-25 06:35:41,930 - INFO - Scraping page 92...
2025-05-25 06:35:44,625 - INFO - Found 60 links on page 90
2025-05-25 06:35:44,630 - INFO - Scraping page 93...
2025-05-25 06:35:44,723 - INFO - Found 60 links on page 91
2025-05-25 06:35:44,723 - INFO - Scraping page 94...
2025-05-25 06:35:46,051 - INFO - Found 60 links on page 92
2025-05-25 06:35:46,052 - INFO - Scraping page 95...
2025-05-25 06:35:48,584 - INFO - Found 60 links on page 94
2025-05-25 06:35:48,585 - INFO - Scraping page 96...
2025-05-25 06:35:48,792 - INFO - Found 60 links on page 93
2025-05-25 06:35:48,793 - INFO - Scraping page 97...
2025-05-25 06:35:50,089 - INFO - Found 60 links on page 95
2025-05-25 06:35:50,089 - INFO - Scraping page 98...
2025-05-25 06:35:52,520 - INFO - Found 60 links on page 96
2025-05-25 06:35:52,520 - INFO - Scraping page 99...
2025-05-25 06:35:52,939 - INFO - Found 60 links on page 97
2025-05-25 06:35:52,940 - INFO - Scraping page 100...
2025-05-25 06:35:54,120 - INFO - Found 60 links on page 98
2025-05-25 06:35:54,120 - INFO - Scraping page 101...
2025-05-25 06:35:56,511 - INFO - Found 60 links on page 99
2025-05-25 06:35:56,511 - INFO - Scraping page 102...
2025-05-25 06:35:56,899 - INFO - Found 60 links on page 100
2025-05-25 06:35:56,899 - INFO - Scraping page 103...
2025-05-25 06:35:58,081 - INFO - Found 60 links on page 101
2025-05-25 06:35:58,081 - INFO - Scraping page 104...
2025-05-25 06:36:00,734 - INFO - Found 60 links on page 102
2025-05-25 06:36:00,734 - INFO - Scraping page 105...
2025-05-25 06:36:01,107 - INFO - Found 60 links on page 103
2025-05-25 06:36:01,107 - INFO - Scraping page 106...
2025-05-25 06:36:02,356 - INFO - Found 60 links on page 104
2025-05-25 06:36:02,356 - INFO - Scraping page 107...
2025-05-25 06:36:04,884 - INFO - Found 60 links on page 105
2025-05-25 06:36:04,884 - INFO - Scraping page 108...
2025-05-25 06:36:05,082 - INFO - Found 60 links on page 106
2025-05-25 06:36:05,082 - INFO - Scraping page 109...
2025-05-25 06:36:06,416 - INFO - Found 60 links on page 107
2025-05-25 06:36:06,417 - INFO - Scraping page 110...
2025-05-25 06:36:09,112 - INFO - Found 60 links on page 108
2025-05-25 06:36:09,122 - INFO - Scraping page 111...
2025-05-25 06:36:09,316 - INFO - Found 60 links on page 109
2025-05-25 06:36:09,316 - INFO - Scraping page 112...
2025-05-25 06:36:11,036 - INFO - Found 60 links on page 110
2025-05-25 06:36:11,037 - INFO - Scraping page 113...
2025-05-25 06:36:13,306 - INFO - Found 60 links on page 112
2025-05-25 06:36:13,306 - INFO - Scraping page 114...
2025-05-25 06:36:14,107 - INFO - Found 60 links on page 111
2025-05-25 06:36:14,107 - INFO - Scraping page 115...
2025-05-25 06:36:15,609 - INFO - Found 60 links on page 113
2025-05-25 06:36:15,609 - INFO - Scraping page 116...
2025-05-25 06:36:17,550 - INFO - Found 60 links on page 114
2025-05-25 06:36:17,550 - INFO - Scraping page 117...
2025-05-25 06:36:18,847 - INFO - Found 60 links on page 115
2025-05-25 06:36:18,847 - INFO - Scraping page 118...
2025-05-25 06:36:20,008 - INFO - Found 60 links on page 116
2025-05-25 06:36:20,008 - INFO - Scraping page 119...
2025-05-25 06:36:21,932 - INFO - Found 60 links on page 117
2025-05-25 06:36:21,932 - INFO - Scraping page 120...
2025-05-25 06:36:22,984 - INFO - Found 60 links on page 118
2025-05-25 06:36:22,984 - INFO - Scraping page 121...
2025-05-25 06:36:23,944 - INFO - Found 60 links on page 119
2025-05-25 06:36:23,944 - INFO - Scraping page 122...
2025-05-25 06:36:25,894 - INFO - Found 60 links on page 120
2025-05-25 06:36:25,894 - INFO - Scraping page 123...
2025-05-25 06:36:26,953 - INFO - Found 60 links on page 121
2025-05-25 06:36:26,954 - INFO - Scraping page 124...
2025-05-25 06:36:27,866 - INFO - Found 60 links on page 122
2025-05-25 06:36:27,866 - INFO - Scraping page 125...
2025-05-25 06:36:30,527 - INFO - Found 60 links on page 123
2025-05-25 06:36:30,527 - INFO - Scraping page 126...
2025-05-25 06:36:31,456 - INFO - Found 60 links on page 124
2025-05-25 06:36:31,456 - INFO - Scraping page 127...
2025-05-25 06:36:32,369 - INFO - Found 60 links on page 125
2025-05-25 06:36:32,369 - INFO - Scraping page 128...
2025-05-25 06:36:34,656 - INFO - Found 60 links on page 126
2025-05-25 06:36:34,656 - INFO - Scraping page 129...
2025-05-25 06:36:36,400 - INFO - Found 60 links on page 127
2025-05-25 06:36:36,400 - INFO - Scraping page 130...
2025-05-25 06:36:36,708 - INFO - Found 60 links on page 128
2025-05-25 06:36:36,708 - INFO - Scraping page 131...
2025-05-25 06:36:38,784 - INFO - Found 60 links on page 129
2025-05-25 06:36:38,784 - INFO - Scraping page 132...
2025-05-25 06:36:40,350 - INFO - Found 60 links on page 130
2025-05-25 06:36:40,350 - INFO - Scraping page 133...
2025-05-25 06:36:40,679 - INFO - Found 60 links on page 131
2025-05-25 06:36:40,679 - INFO - Scraping page 134...
2025-05-25 06:36:42,832 - INFO - Found 60 links on page 132
2025-05-25 06:36:42,832 - INFO - Scraping page 135...
2025-05-25 06:36:44,481 - INFO - Found 60 links on page 133
2025-05-25 06:36:44,482 - INFO - Scraping page 136...
2025-05-25 06:36:44,961 - INFO - Found 60 links on page 134
2025-05-25 06:36:44,961 - INFO - Scraping page 137...
2025-05-25 06:36:47,677 - INFO - Found 60 links on page 135
2025-05-25 06:36:47,678 - INFO - Scraping page 138...
2025-05-25 06:36:48,644 - INFO - Found 60 links on page 136
2025-05-25 06:36:48,644 - INFO - Scraping page 139...
2025-05-25 06:36:49,022 - INFO - Found 60 links on page 137
2025-05-25 06:36:49,022 - INFO - Scraping page 140...
2025-05-25 06:36:51,454 - INFO - Found 60 links on page 138
2025-05-25 06:36:51,454 - INFO - Scraping page 141...
2025-05-25 06:36:52,528 - INFO - Found 60 links on page 139
2025-05-25 06:36:52,528 - INFO - Scraping page 142...
2025-05-25 06:36:52,998 - INFO - Found 60 links on page 140
2025-05-25 06:36:52,999 - INFO - Scraping page 143...
2025-05-25 06:36:55,400 - INFO - Found 60 links on page 141
2025-05-25 06:36:55,400 - INFO - Scraping page 144...
2025-05-25 06:36:56,607 - INFO - Found 60 links on page 142
2025-05-25 06:36:56,607 - INFO - Scraping page 145...
2025-05-25 06:36:56,853 - INFO - Found 60 links on page 143
2025-05-25 06:36:56,853 - INFO - Scraping page 146...
2025-05-25 06:36:59,539 - INFO - Found 60 links on page 144
2025-05-25 06:36:59,540 - INFO - Scraping page 147...
2025-05-25 06:37:00,372 - INFO - Found 60 links on page 145
2025-05-25 06:37:00,373 - INFO - Scraping page 148...
2025-05-25 06:37:00,802 - INFO - Found 60 links on page 146
2025-05-25 06:37:00,802 - INFO - Scraping page 149...
2025-05-25 06:37:03,767 - INFO - Found 60 links on page 147
2025-05-25 06:37:03,768 - INFO - Scraping page 150...
2025-05-25 06:37:04,810 - INFO - Found 60 links on page 149
2025-05-25 06:37:04,815 - INFO - Scraping page 151...
2025-05-25 06:37:04,940 - INFO - Found 60 links on page 148
2025-05-25 06:37:04,941 - INFO - Scraping page 152...
2025-05-25 06:37:08,174 - INFO - Found 60 links on page 150
2025-05-25 06:37:08,174 - INFO - Scraping page 153...
2025-05-25 06:37:09,024 - INFO - Found 60 links on page 152
2025-05-25 06:37:09,029 - INFO - Scraping page 154...
2025-05-25 06:37:09,106 - INFO - Found 60 links on page 151
2025-05-25 06:37:09,106 - INFO - Scraping page 155...
2025-05-25 06:37:12,650 - INFO - Found 60 links on page 153
2025-05-25 06:37:12,651 - INFO - Scraping page 156...
2025-05-25 06:37:12,921 - INFO - Found 60 links on page 154
2025-05-25 06:37:12,922 - INFO - Scraping page 157...
2025-05-25 06:37:13,119 - INFO - Found 60 links on page 155
2025-05-25 06:37:13,119 - INFO - Scraping page 158...
2025-05-25 06:37:16,403 - INFO - Found 60 links on page 156
2025-05-25 06:37:16,403 - INFO - Scraping page 159...
2025-05-25 06:37:16,919 - INFO - Found 60 links on page 157
2025-05-25 06:37:16,919 - INFO - Scraping page 160...
2025-05-25 06:37:17,628 - INFO - Found 60 links on page 158
2025-05-25 06:37:17,628 - INFO - Scraping page 161...
2025-05-25 06:37:20,411 - INFO - Found 60 links on page 159
2025-05-25 06:37:20,412 - INFO - Scraping page 162...
2025-05-25 06:37:21,404 - INFO - Found 60 links on page 160
2025-05-25 06:37:21,404 - INFO - Scraping page 163...
2025-05-25 06:37:21,668 - INFO - Found 60 links on page 161
2025-05-25 06:37:21,668 - INFO - Scraping page 164...
2025-05-25 06:37:24,369 - INFO - Found 60 links on page 162
2025-05-25 06:37:24,369 - INFO - Scraping page 165...
2025-05-25 06:37:25,493 - INFO - Found 60 links on page 163
2025-05-25 06:37:25,494 - INFO - Scraping page 166...
2025-05-25 06:37:25,744 - INFO - Found 60 links on page 164
2025-05-25 06:37:25,745 - INFO - Scraping page 167...
2025-05-25 06:37:28,426 - INFO - Found 60 links on page 165
2025-05-25 06:37:28,427 - INFO - Scraping page 168...
2025-05-25 06:37:29,706 - INFO - Found 60 links on page 166
2025-05-25 06:37:29,711 - INFO - Scraping page 169...
2025-05-25 06:37:29,909 - INFO - Found 60 links on page 167
2025-05-25 06:37:29,909 - INFO - Scraping page 170...
2025-05-25 06:37:33,345 - INFO - Found 60 links on page 168
2025-05-25 06:37:33,345 - INFO - Scraping page 171...
2025-05-25 06:37:33,972 - INFO - Found 60 links on page 170
2025-05-25 06:37:33,977 - INFO - Scraping page 172...
2025-05-25 06:37:34,168 - INFO - Found 60 links on page 169
2025-05-25 06:37:34,168 - INFO - Scraping page 173...
2025-05-25 06:37:37,423 - INFO - Found 60 links on page 171
2025-05-25 06:37:37,423 - INFO - Scraping page 174...
2025-05-25 06:37:38,013 - INFO - Found 60 links on page 172
2025-05-25 06:37:38,014 - INFO - Scraping page 175...
2025-05-25 06:37:38,868 - INFO - Found 60 links on page 173
2025-05-25 06:37:38,868 - INFO - Scraping page 176...
2025-05-25 06:37:41,980 - INFO - Found 60 links on page 175
2025-05-25 06:37:42,044 - INFO - Scraping page 177...
2025-05-25 06:37:42,227 - INFO - Found 60 links on page 174
2025-05-25 06:37:42,227 - INFO - Scraping page 178...
2025-05-25 06:37:42,698 - INFO - Found 60 links on page 176
2025-05-25 06:37:42,698 - INFO - Scraping page 179...
2025-05-25 06:37:45,908 - INFO - Found 60 links on page 177
2025-05-25 06:37:45,908 - INFO - Scraping page 180...
2025-05-25 06:37:46,338 - INFO - Found 60 links on page 178
2025-05-25 06:37:46,339 - INFO - Scraping page 181...
2025-05-25 06:37:46,561 - INFO - Found 60 links on page 179
2025-05-25 06:37:46,561 - INFO - Scraping page 182...
2025-05-25 06:37:50,629 - INFO - Found 60 links on page 180
2025-05-25 06:37:50,634 - INFO - Scraping page 183...
2025-05-25 06:37:50,776 - INFO - Found 60 links on page 182
2025-05-25 06:37:50,776 - INFO - Scraping page 184...
2025-05-25 06:37:51,180 - INFO - Found 60 links on page 181
2025-05-25 06:37:51,180 - INFO - Scraping page 185...
2025-05-25 06:37:54,646 - INFO - Found 60 links on page 183
2025-05-25 06:37:54,646 - INFO - Scraping page 186...
2025-05-25 06:37:55,113 - INFO - Found 60 links on page 185
2025-05-25 06:37:55,113 - INFO - Scraping page 187...
2025-05-25 06:37:55,470 - INFO - Found 60 links on page 184
2025-05-25 06:37:55,471 - INFO - Scraping page 188...
2025-05-25 06:37:59,096 - INFO - Found 60 links on page 187
2025-05-25 06:37:59,096 - INFO - Scraping page 189...
2025-05-25 06:37:59,505 - INFO - Found 60 links on page 186
2025-05-25 06:37:59,505 - INFO - Scraping page 190...
2025-05-25 06:37:59,699 - INFO - Found 60 links on page 188
2025-05-25 06:37:59,699 - INFO - Scraping page 191...
2025-05-25 06:38:03,894 - INFO - Found 60 links on page 190
2025-05-25 06:38:03,900 - INFO - Scraping page 192...
2025-05-25 06:38:04,061 - INFO - Found 60 links on page 189
2025-05-25 06:38:04,066 - INFO - Scraping page 193...
2025-05-25 06:38:04,188 - INFO - Found 60 links on page 191
2025-05-25 06:38:04,188 - INFO - Scraping page 194...
2025-05-25 06:38:08,337 - INFO - Found 60 links on page 193
2025-05-25 06:38:08,348 - INFO - Scraping page 195...
2025-05-25 06:38:08,512 - INFO - Found 60 links on page 192
2025-05-25 06:38:08,522 - INFO - Scraping page 196...
2025-05-25 06:38:08,613 - INFO - Found 60 links on page 194
2025-05-25 06:38:08,613 - INFO - Scraping page 197...
2025-05-25 06:38:12,570 - INFO - Found 60 links on page 197
2025-05-25 06:38:12,570 - INFO - Scraping page 198...
2025-05-25 06:38:12,967 - INFO - Found 60 links on page 195
2025-05-25 06:38:12,973 - INFO - Scraping page 199...
2025-05-25 06:38:13,064 - INFO - Found 60 links on page 196
2025-05-25 06:38:13,064 - INFO - Scraping page 200...
2025-05-25 06:38:16,803 - INFO - Found 60 links on page 198
2025-05-25 06:38:17,227 - INFO - Found 60 links on page 200
2025-05-25 06:38:17,292 - INFO - Found 60 links on page 199
2025-05-25 06:38:17,299 - INFO - Found 164 new links to scrape out of 12000 total links
2025-05-25 06:38:17,299 - INFO - Processing batch 1/4 (50 links)
2025-05-25 06:38:23,137 - INFO - Progress: 10/50 ads processed
2025-05-25 06:38:28,134 - INFO - Progress: 20/50 ads processed
2025-05-25 06:38:33,111 - INFO - Progress: 30/50 ads processed
2025-05-25 06:38:38,121 - INFO - Progress: 40/50 ads processed
2025-05-25 06:38:43,294 - INFO - Progress: 50/50 ads processed
2025-05-25 06:38:43,349 - INFO - Created backup of existing data file at unegui_data/unegui_sales_data.csv.bak
2025-05-25 06:38:43,595 - INFO - Data saved to unegui_data/unegui_sales_data.csv: 17335 records
2025-05-25 06:38:44,172 - INFO - Cache saved with 17631 URLs
2025-05-25 06:38:44,173 - INFO - Saved batch data. Total records: 17335
2025-05-25 06:38:44,173 - INFO - Processing batch 2/4 (50 links)
2025-05-25 06:38:49,246 - INFO - Progress: 10/50 ads processed
2025-05-25 06:38:54,338 - INFO - Progress: 20/50 ads processed
2025-05-25 06:38:59,862 - INFO - Progress: 30/50 ads processed
2025-05-25 06:39:04,696 - INFO - Progress: 40/50 ads processed
2025-05-25 06:39:09,308 - INFO - Progress: 50/50 ads processed
2025-05-25 06:39:09,364 - INFO - Created backup of existing data file at unegui_data/unegui_sales_data.csv.bak
2025-05-25 06:39:09,604 - INFO - Data saved to unegui_data/unegui_sales_data.csv: 17385 records
2025-05-25 06:39:10,188 - INFO - Cache saved with 17681 URLs
2025-05-25 06:39:10,188 - INFO - Saved batch data. Total records: 17385
2025-05-25 06:39:10,188 - INFO - Processing batch 3/4 (50 links)
2025-05-25 06:39:15,553 - INFO - Progress: 10/50 ads processed
2025-05-25 06:39:21,079 - INFO - Progress: 20/50 ads processed
2025-05-25 06:39:26,474 - INFO - Progress: 30/50 ads processed
2025-05-25 06:39:31,490 - INFO - Progress: 40/50 ads processed
2025-05-25 06:39:36,516 - INFO - Progress: 50/50 ads processed
2025-05-25 06:39:36,571 - INFO - Created backup of existing data file at unegui_data/unegui_sales_data.csv.bak
2025-05-25 06:39:36,812 - INFO - Data saved to unegui_data/unegui_sales_data.csv: 17435 records
2025-05-25 06:39:37,395 - INFO - Cache saved with 17731 URLs
2025-05-25 06:39:37,395 - INFO - Saved batch data. Total records: 17435
2025-05-25 06:39:37,395 - INFO - Processing batch 4/4 (14 links)
2025-05-25 06:39:42,643 - INFO - Progress: 10/14 ads processed
2025-05-25 06:39:45,785 - INFO - Progress: 14/14 ads processed
2025-05-25 06:39:45,840 - INFO - Created backup of existing data file at unegui_data/unegui_sales_data.csv.bak
2025-05-25 06:39:46,092 - INFO - Data saved to unegui_data/unegui_sales_data.csv: 17449 records
2025-05-25 06:39:46,672 - INFO - Cache saved with 17745 URLs
2025-05-25 06:39:46,672 - INFO - Saved batch data. Total records: 17449
2025-05-25 06:39:46,672 - INFO - Scraping completed in 0:06:12.988813. Total ads collected: 17449
