2025-05-26 06:37:55,744 - INFO - Starting sales apartment scraper at 2025-05-26 06:37:55.744893
2025-05-26 06:37:56,011 - INFO - Loaded existing data from unegui_data/unegui_sales_data.csv: 17449 records
2025-05-26 06:37:56,216 - INFO - Loaded 17449 existing records
2025-05-26 06:37:56,221 - INFO - Scraping page 1...
2025-05-26 06:37:56,222 - INFO - Scraping page 2...
2025-05-26 06:37:56,222 - INFO - Scraping page 3...
2025-05-26 06:38:00,988 - INFO - Found 60 links on page 1
2025-05-26 06:38:00,998 - INFO - Scraping page 4...
2025-05-26 06:38:01,042 - INFO - Found 60 links on page 3
2025-05-26 06:38:01,047 - INFO - Scraping page 5...
2025-05-26 06:38:01,062 - INFO - Found 60 links on page 2
2025-05-26 06:38:01,062 - INFO - Scraping page 6...
2025-05-26 06:38:04,953 - INFO - Found 60 links on page 5
2025-05-26 06:38:04,963 - INFO - Scraping page 7...
2025-05-26 06:38:05,070 - INFO - Found 60 links on page 4
2025-05-26 06:38:05,075 - INFO - Scraping page 8...
2025-05-26 06:38:05,264 - INFO - Found 60 links on page 6
2025-05-26 06:38:05,264 - INFO - Scraping page 9...
2025-05-26 06:38:08,858 - INFO - Found 60 links on page 7
2025-05-26 06:38:08,858 - INFO - Scraping page 10...
2025-05-26 06:38:09,211 - INFO - Found 60 links on page 8
2025-05-26 06:38:09,217 - INFO - Scraping page 11...
2025-05-26 06:38:09,262 - INFO - Found 60 links on page 9
2025-05-26 06:38:09,262 - INFO - Scraping page 12...
2025-05-26 06:38:12,788 - INFO - Found 60 links on page 10
2025-05-26 06:38:12,794 - INFO - Scraping page 13...
2025-05-26 06:38:12,958 - INFO - Found 60 links on page 12
2025-05-26 06:38:12,958 - INFO - Scraping page 14...
2025-05-26 06:38:13,500 - INFO - Found 60 links on page 11
2025-05-26 06:38:13,501 - INFO - Scraping page 15...
2025-05-26 06:38:16,398 - INFO - Found 60 links on page 13
2025-05-26 06:38:16,398 - INFO - Scraping page 16...
2025-05-26 06:38:16,830 - INFO - Found 60 links on page 14
2025-05-26 06:38:16,830 - INFO - Scraping page 17...
2025-05-26 06:38:17,037 - INFO - Found 60 links on page 15
2025-05-26 06:38:17,038 - INFO - Scraping page 18...
2025-05-26 06:38:20,239 - INFO - Found 60 links on page 16
2025-05-26 06:38:20,240 - INFO - Scraping page 19...
2025-05-26 06:38:20,530 - INFO - Found 60 links on page 17
2025-05-26 06:38:20,530 - INFO - Scraping page 20...
2025-05-26 06:38:21,042 - INFO - Found 60 links on page 18
2025-05-26 06:38:21,042 - INFO - Scraping page 21...
2025-05-26 06:38:24,253 - INFO - Found 60 links on page 19
2025-05-26 06:38:24,253 - INFO - Scraping page 22...
2025-05-26 06:38:24,548 - INFO - Found 60 links on page 20
2025-05-26 06:38:24,549 - INFO - Scraping page 23...
2025-05-26 06:38:24,815 - INFO - Found 60 links on page 21
2025-05-26 06:38:24,815 - INFO - Scraping page 24...
2025-05-26 06:38:28,098 - INFO - Found 60 links on page 22
2025-05-26 06:38:28,099 - INFO - Scraping page 25...
2025-05-26 06:38:28,309 - INFO - Found 60 links on page 23
2025-05-26 06:38:28,309 - INFO - Scraping page 26...
2025-05-26 06:38:29,033 - INFO - Found 60 links on page 24
2025-05-26 06:38:29,033 - INFO - Scraping page 27...
2025-05-26 06:38:32,074 - INFO - Found 60 links on page 26
2025-05-26 06:38:32,084 - INFO - Scraping page 28...
2025-05-26 06:38:32,288 - INFO - Found 60 links on page 25
2025-05-26 06:38:32,293 - INFO - Scraping page 29...
2025-05-26 06:38:32,489 - INFO - Found 60 links on page 27
2025-05-26 06:38:32,489 - INFO - Scraping page 30...
2025-05-26 06:38:36,170 - INFO - Found 60 links on page 29
2025-05-26 06:38:36,176 - INFO - Scraping page 31...
2025-05-26 06:38:36,354 - INFO - Found 60 links on page 30
2025-05-26 06:38:36,364 - INFO - Scraping page 32...
2025-05-26 06:38:36,537 - INFO - Found 60 links on page 28
2025-05-26 06:38:36,538 - INFO - Scraping page 33...
2025-05-26 06:38:40,108 - INFO - Found 60 links on page 31
2025-05-26 06:38:40,108 - INFO - Scraping page 34...
2025-05-26 06:38:40,318 - INFO - Found 60 links on page 33
2025-05-26 06:38:40,323 - INFO - Scraping page 35...
2025-05-26 06:38:40,527 - INFO - Found 60 links on page 32
2025-05-26 06:38:40,527 - INFO - Scraping page 36...
2025-05-26 06:38:43,992 - INFO - Found 60 links on page 34
2025-05-26 06:38:43,992 - INFO - Scraping page 37...
2025-05-26 06:38:44,259 - INFO - Found 60 links on page 36
2025-05-26 06:38:44,259 - INFO - Scraping page 38...
2025-05-26 06:38:44,512 - INFO - Found 60 links on page 35
2025-05-26 06:38:44,512 - INFO - Scraping page 39...
2025-05-26 06:38:47,671 - INFO - Found 60 links on page 37
2025-05-26 06:38:47,671 - INFO - Scraping page 40...
2025-05-26 06:38:48,423 - INFO - Found 60 links on page 38
2025-05-26 06:38:48,423 - INFO - Scraping page 41...
2025-05-26 06:38:49,407 - INFO - Found 60 links on page 39
2025-05-26 06:38:49,407 - INFO - Scraping page 42...
2025-05-26 06:38:52,098 - INFO - Found 60 links on page 40
2025-05-26 06:38:52,099 - INFO - Scraping page 43...
2025-05-26 06:38:52,368 - INFO - Found 60 links on page 41
2025-05-26 06:38:52,368 - INFO - Scraping page 44...
2025-05-26 06:38:53,202 - INFO - Found 60 links on page 42
2025-05-26 06:38:53,202 - INFO - Scraping page 45...
2025-05-26 06:38:56,145 - INFO - Found 60 links on page 43
2025-05-26 06:38:56,145 - INFO - Scraping page 46...
2025-05-26 06:38:56,482 - INFO - Found 60 links on page 44
2025-05-26 06:38:56,482 - INFO - Scraping page 47...
2025-05-26 06:38:57,350 - INFO - Found 60 links on page 45
2025-05-26 06:38:57,350 - INFO - Scraping page 48...
2025-05-26 06:39:00,534 - INFO - Found 60 links on page 46
2025-05-26 06:39:00,540 - INFO - Scraping page 49...
2025-05-26 06:39:00,646 - INFO - Found 60 links on page 47
2025-05-26 06:39:00,647 - INFO - Scraping page 50...
2025-05-26 06:39:01,127 - INFO - Found 60 links on page 48
2025-05-26 06:39:01,128 - INFO - Scraping page 51...
2025-05-26 06:39:04,414 - INFO - Found 60 links on page 49
2025-05-26 06:39:04,414 - INFO - Scraping page 52...
2025-05-26 06:39:04,925 - INFO - Found 60 links on page 51
2025-05-26 06:39:04,925 - INFO - Scraping page 53...
2025-05-26 06:39:05,201 - INFO - Found 60 links on page 50
2025-05-26 06:39:05,202 - INFO - Scraping page 54...
2025-05-26 06:39:08,324 - INFO - Found 60 links on page 52
2025-05-26 06:39:08,325 - INFO - Scraping page 55...
2025-05-26 06:39:08,634 - INFO - Found 60 links on page 53
2025-05-26 06:39:08,634 - INFO - Scraping page 56...
2025-05-26 06:39:09,777 - INFO - Found 60 links on page 54
2025-05-26 06:39:09,778 - INFO - Scraping page 57...
2025-05-26 06:39:12,360 - INFO - Found 60 links on page 55
2025-05-26 06:39:12,361 - INFO - Scraping page 58...
2025-05-26 06:39:12,652 - INFO - Found 60 links on page 56
2025-05-26 06:39:12,652 - INFO - Scraping page 59...
2025-05-26 06:39:14,133 - INFO - Found 60 links on page 57
2025-05-26 06:39:14,133 - INFO - Scraping page 60...
2025-05-26 06:39:16,156 - INFO - Found 60 links on page 58
2025-05-26 06:39:16,156 - INFO - Scraping page 61...
2025-05-26 06:39:17,572 - INFO - Found 60 links on page 59
2025-05-26 06:39:17,572 - INFO - Scraping page 62...
2025-05-26 06:39:17,994 - INFO - Found 60 links on page 60
2025-05-26 06:39:17,994 - INFO - Scraping page 63...
2025-05-26 06:39:21,274 - INFO - Found 60 links on page 61
2025-05-26 06:39:21,275 - INFO - Scraping page 64...
2025-05-26 06:39:21,479 - INFO - Found 60 links on page 62
2025-05-26 06:39:21,479 - INFO - Scraping page 65...
2025-05-26 06:39:22,681 - INFO - Found 60 links on page 63
2025-05-26 06:39:22,682 - INFO - Scraping page 66...
2025-05-26 06:39:25,492 - INFO - Found 60 links on page 64
2025-05-26 06:39:25,493 - INFO - Scraping page 67...
2025-05-26 06:39:25,756 - INFO - Found 60 links on page 65
2025-05-26 06:39:25,757 - INFO - Scraping page 68...
2025-05-26 06:39:26,556 - INFO - Found 60 links on page 66
2025-05-26 06:39:26,557 - INFO - Scraping page 69...
2025-05-26 06:39:30,138 - INFO - Found 60 links on page 67
2025-05-26 06:39:30,143 - INFO - Scraping page 70...
2025-05-26 06:39:30,251 - INFO - Found 60 links on page 68
2025-05-26 06:39:30,261 - INFO - Scraping page 71...
2025-05-26 06:39:30,457 - INFO - Found 60 links on page 69
2025-05-26 06:39:30,457 - INFO - Scraping page 72...
2025-05-26 06:39:34,407 - INFO - Found 60 links on page 71
2025-05-26 06:39:34,413 - INFO - Scraping page 73...
2025-05-26 06:39:34,771 - INFO - Found 60 links on page 70
2025-05-26 06:39:34,776 - INFO - Scraping page 74...
2025-05-26 06:39:34,898 - INFO - Found 60 links on page 72
2025-05-26 06:39:34,898 - INFO - Scraping page 75...
2025-05-26 06:39:38,368 - INFO - Found 60 links on page 73
2025-05-26 06:39:38,368 - INFO - Scraping page 76...
2025-05-26 06:39:38,833 - INFO - Found 60 links on page 75
2025-05-26 06:39:38,833 - INFO - Scraping page 77...
2025-05-26 06:39:39,114 - INFO - Found 60 links on page 74
2025-05-26 06:39:39,114 - INFO - Scraping page 78...
2025-05-26 06:39:42,617 - INFO - Found 60 links on page 76
2025-05-26 06:39:42,617 - INFO - Scraping page 79...
2025-05-26 06:39:42,883 - INFO - Found 60 links on page 77
2025-05-26 06:39:42,883 - INFO - Scraping page 80...
2025-05-26 06:39:43,569 - INFO - Found 60 links on page 78
2025-05-26 06:39:43,569 - INFO - Scraping page 81...
2025-05-26 06:39:46,697 - INFO - Found 60 links on page 79
2025-05-26 06:39:46,697 - INFO - Scraping page 82...
2025-05-26 06:39:47,014 - INFO - Found 60 links on page 80
2025-05-26 06:39:47,014 - INFO - Scraping page 83...
2025-05-26 06:39:47,212 - INFO - Found 60 links on page 81
2025-05-26 06:39:47,212 - INFO - Scraping page 84...
2025-05-26 06:39:50,828 - INFO - Found 60 links on page 82
2025-05-26 06:39:50,833 - INFO - Scraping page 85...
2025-05-26 06:39:51,014 - INFO - Found 60 links on page 84
2025-05-26 06:39:51,015 - INFO - Scraping page 86...
2025-05-26 06:39:51,908 - INFO - Found 60 links on page 83
2025-05-26 06:39:51,908 - INFO - Scraping page 87...
2025-05-26 06:39:55,040 - INFO - Found 60 links on page 85
2025-05-26 06:39:55,051 - INFO - Scraping page 88...
2025-05-26 06:39:55,137 - INFO - Found 60 links on page 86
2025-05-26 06:39:55,137 - INFO - Scraping page 89...
2025-05-26 06:39:55,699 - INFO - Found 60 links on page 87
2025-05-26 06:39:55,699 - INFO - Scraping page 90...
2025-05-26 06:39:58,863 - INFO - Found 60 links on page 88
2025-05-26 06:39:58,863 - INFO - Scraping page 91...
2025-05-26 06:39:59,069 - INFO - Found 60 links on page 89
2025-05-26 06:39:59,069 - INFO - Scraping page 92...
2025-05-26 06:40:00,053 - INFO - Found 60 links on page 90
2025-05-26 06:40:00,053 - INFO - Scraping page 93...
2025-05-26 06:40:03,069 - INFO - Found 60 links on page 92
2025-05-26 06:40:03,074 - INFO - Scraping page 94...
2025-05-26 06:40:03,328 - INFO - Found 60 links on page 91
2025-05-26 06:40:03,329 - INFO - Scraping page 95...
2025-05-26 06:40:03,826 - INFO - Found 60 links on page 93
2025-05-26 06:40:03,826 - INFO - Scraping page 96...
2025-05-26 06:40:07,232 - INFO - Found 60 links on page 94
2025-05-26 06:40:07,232 - INFO - Scraping page 97...
2025-05-26 06:40:07,502 - INFO - Found 60 links on page 95
2025-05-26 06:40:07,503 - INFO - Scraping page 98...
2025-05-26 06:40:07,841 - INFO - Found 60 links on page 96
2025-05-26 06:40:07,841 - INFO - Scraping page 99...
2025-05-26 06:40:11,280 - INFO - Found 60 links on page 97
2025-05-26 06:40:11,280 - INFO - Scraping page 100...
2025-05-26 06:40:11,768 - INFO - Found 60 links on page 98
2025-05-26 06:40:11,769 - INFO - Scraping page 101...
2025-05-26 06:40:12,031 - INFO - Found 60 links on page 99
2025-05-26 06:40:12,031 - INFO - Scraping page 102...
2025-05-26 06:40:15,603 - INFO - Found 60 links on page 100
2025-05-26 06:40:15,604 - INFO - Scraping page 103...
2025-05-26 06:40:15,846 - INFO - Found 60 links on page 101
2025-05-26 06:40:15,846 - INFO - Scraping page 104...
2025-05-26 06:40:16,113 - INFO - Found 60 links on page 102
2025-05-26 06:40:16,113 - INFO - Scraping page 105...
2025-05-26 06:40:19,453 - INFO - Found 60 links on page 103
2025-05-26 06:40:19,453 - INFO - Scraping page 106...
2025-05-26 06:40:19,999 - INFO - Found 60 links on page 104
2025-05-26 06:40:19,999 - INFO - Scraping page 107...
2025-05-26 06:40:20,199 - INFO - Found 60 links on page 105
2025-05-26 06:40:20,199 - INFO - Scraping page 108...
2025-05-26 06:40:23,397 - INFO - Found 60 links on page 106
2025-05-26 06:40:23,397 - INFO - Scraping page 109...
2025-05-26 06:40:23,728 - INFO - Found 60 links on page 107
2025-05-26 06:40:23,728 - INFO - Scraping page 110...
2025-05-26 06:40:24,268 - INFO - Found 60 links on page 108
2025-05-26 06:40:24,268 - INFO - Scraping page 111...
2025-05-26 06:40:27,990 - INFO - Found 60 links on page 110
2025-05-26 06:40:27,995 - INFO - Scraping page 112...
2025-05-26 06:40:28,181 - INFO - Found 60 links on page 111
2025-05-26 06:40:28,181 - INFO - Scraping page 113...
2025-05-26 06:40:28,415 - INFO - Found 60 links on page 109
2025-05-26 06:40:28,415 - INFO - Scraping page 114...
2025-05-26 06:40:32,035 - INFO - Found 60 links on page 112
2025-05-26 06:40:32,036 - INFO - Scraping page 115...
2025-05-26 06:40:32,443 - INFO - Found 60 links on page 113
2025-05-26 06:40:32,443 - INFO - Scraping page 116...
2025-05-26 06:40:32,701 - INFO - Found 60 links on page 114
2025-05-26 06:40:32,701 - INFO - Scraping page 117...
2025-05-26 06:40:36,487 - INFO - Found 60 links on page 116
2025-05-26 06:40:36,487 - INFO - Scraping page 118...
2025-05-26 06:40:36,684 - INFO - Found 60 links on page 115
2025-05-26 06:40:36,684 - INFO - Scraping page 119...
2025-05-26 06:40:37,164 - INFO - Found 60 links on page 117
2025-05-26 06:40:37,164 - INFO - Scraping page 120...
2025-05-26 06:40:40,770 - INFO - Found 60 links on page 119
2025-05-26 06:40:40,775 - INFO - Scraping page 121...
2025-05-26 06:40:40,979 - INFO - Found 60 links on page 118
2025-05-26 06:40:40,979 - INFO - Scraping page 122...
2025-05-26 06:40:42,338 - INFO - Found 60 links on page 120
2025-05-26 06:40:42,338 - INFO - Scraping page 123...
2025-05-26 06:40:44,687 - INFO - Found 60 links on page 121
2025-05-26 06:40:44,687 - INFO - Scraping page 124...
2025-05-26 06:40:45,335 - INFO - Found 60 links on page 122
2025-05-26 06:40:45,335 - INFO - Scraping page 125...
2025-05-26 06:40:47,126 - INFO - Found 60 links on page 123
2025-05-26 06:40:47,126 - INFO - Scraping page 126...
2025-05-26 06:40:48,793 - INFO - Found 60 links on page 124
2025-05-26 06:40:48,794 - INFO - Scraping page 127...
2025-05-26 06:40:49,353 - INFO - Found 60 links on page 125
2025-05-26 06:40:49,353 - INFO - Scraping page 128...
2025-05-26 06:40:51,451 - INFO - Found 60 links on page 126
2025-05-26 06:40:51,451 - INFO - Scraping page 129...
2025-05-26 06:40:53,018 - INFO - Found 60 links on page 127
2025-05-26 06:40:53,023 - INFO - Scraping page 130...
2025-05-26 06:40:53,202 - INFO - Found 60 links on page 128
2025-05-26 06:40:53,202 - INFO - Scraping page 131...
2025-05-26 06:40:55,695 - INFO - Found 60 links on page 129
2025-05-26 06:40:55,695 - INFO - Scraping page 132...
2025-05-26 06:40:56,955 - INFO - Found 60 links on page 130
2025-05-26 06:40:56,956 - INFO - Scraping page 133...
2025-05-26 06:40:57,297 - INFO - Found 60 links on page 131
2025-05-26 06:40:57,298 - INFO - Scraping page 134...
2025-05-26 06:40:59,949 - INFO - Found 60 links on page 132
2025-05-26 06:40:59,949 - INFO - Scraping page 135...
2025-05-26 06:41:00,913 - INFO - Found 60 links on page 133
2025-05-26 06:41:00,913 - INFO - Scraping page 136...
2025-05-26 06:41:01,170 - INFO - Found 60 links on page 134
2025-05-26 06:41:01,170 - INFO - Scraping page 137...
2025-05-26 06:41:03,828 - INFO - Found 60 links on page 135
2025-05-26 06:41:03,828 - INFO - Scraping page 138...
2025-05-26 06:41:05,150 - INFO - Found 60 links on page 136
2025-05-26 06:41:05,150 - INFO - Scraping page 139...
2025-05-26 06:41:05,410 - INFO - Found 60 links on page 137
2025-05-26 06:41:05,411 - INFO - Scraping page 140...
2025-05-26 06:41:07,905 - INFO - Found 60 links on page 138
2025-05-26 06:41:07,905 - INFO - Scraping page 141...
2025-05-26 06:41:09,270 - INFO - Found 60 links on page 139
2025-05-26 06:41:09,270 - INFO - Scraping page 142...
2025-05-26 06:41:10,420 - INFO - Found 60 links on page 140
2025-05-26 06:41:10,420 - INFO - Scraping page 143...
2025-05-26 06:41:12,629 - INFO - Found 60 links on page 141
2025-05-26 06:41:12,630 - INFO - Scraping page 144...
2025-05-26 06:41:13,332 - INFO - Found 60 links on page 142
2025-05-26 06:41:13,332 - INFO - Scraping page 145...
2025-05-26 06:41:14,651 - INFO - Found 60 links on page 143
2025-05-26 06:41:14,652 - INFO - Scraping page 146...
2025-05-26 06:41:16,890 - INFO - Found 60 links on page 144
2025-05-26 06:41:16,890 - INFO - Scraping page 147...
2025-05-26 06:41:17,854 - INFO - Found 60 links on page 145
2025-05-26 06:41:17,854 - INFO - Scraping page 148...
2025-05-26 06:41:18,165 - INFO - Found 60 links on page 146
2025-05-26 06:41:18,165 - INFO - Scraping page 149...
2025-05-26 06:41:21,418 - INFO - Found 60 links on page 147
2025-05-26 06:41:21,418 - INFO - Scraping page 150...
2025-05-26 06:41:21,709 - INFO - Found 60 links on page 148
2025-05-26 06:41:21,709 - INFO - Scraping page 151...
2025-05-26 06:41:22,425 - INFO - Found 60 links on page 149
2025-05-26 06:41:22,425 - INFO - Scraping page 152...
2025-05-26 06:41:26,195 - INFO - Found 60 links on page 150
2025-05-26 06:41:26,195 - INFO - Scraping page 153...
2025-05-26 06:41:26,351 - INFO - Found 60 links on page 151
2025-05-26 06:41:26,362 - INFO - Scraping page 154...
2025-05-26 06:41:26,562 - INFO - Found 60 links on page 152
2025-05-26 06:41:26,563 - INFO - Scraping page 155...
2025-05-26 06:41:30,241 - INFO - Found 60 links on page 153
2025-05-26 06:41:30,241 - INFO - Scraping page 156...
2025-05-26 06:41:30,646 - INFO - Found 60 links on page 154
2025-05-26 06:41:30,656 - INFO - Scraping page 157...
2025-05-26 06:41:30,697 - INFO - Found 60 links on page 155
2025-05-26 06:41:30,697 - INFO - Scraping page 158...
2025-05-26 06:41:34,757 - INFO - Found 60 links on page 158
2025-05-26 06:41:34,757 - INFO - Scraping page 159...
2025-05-26 06:41:35,051 - INFO - Found 60 links on page 157
2025-05-26 06:41:35,057 - INFO - Scraping page 160...
2025-05-26 06:41:35,220 - INFO - Found 60 links on page 156
2025-05-26 06:41:35,220 - INFO - Scraping page 161...
2025-05-26 06:41:39,018 - INFO - Found 60 links on page 159
2025-05-26 06:41:39,019 - INFO - Scraping page 162...
2025-05-26 06:41:39,213 - INFO - Found 60 links on page 160
2025-05-26 06:41:39,213 - INFO - Scraping page 163...
2025-05-26 06:41:39,474 - INFO - Found 60 links on page 161
2025-05-26 06:41:39,474 - INFO - Scraping page 164...
2025-05-26 06:41:42,832 - INFO - Found 60 links on page 163
2025-05-26 06:41:42,832 - INFO - Scraping page 165...
2025-05-26 06:41:43,169 - INFO - Found 60 links on page 162
2025-05-26 06:41:43,169 - INFO - Scraping page 166...
2025-05-26 06:41:43,424 - INFO - Found 60 links on page 164
2025-05-26 06:41:43,424 - INFO - Scraping page 167...
2025-05-26 06:41:46,988 - INFO - Found 60 links on page 165
2025-05-26 06:41:46,988 - INFO - Scraping page 168...
2025-05-26 06:41:47,188 - INFO - Found 60 links on page 166
2025-05-26 06:41:47,188 - INFO - Scraping page 169...
2025-05-26 06:41:48,294 - INFO - Found 60 links on page 167
2025-05-26 06:41:48,294 - INFO - Scraping page 170...
2025-05-26 06:41:51,254 - INFO - Found 60 links on page 168
2025-05-26 06:41:51,254 - INFO - Scraping page 171...
2025-05-26 06:41:51,503 - INFO - Found 60 links on page 169
2025-05-26 06:41:51,503 - INFO - Scraping page 172...
2025-05-26 06:41:52,557 - INFO - Found 60 links on page 170
2025-05-26 06:41:52,557 - INFO - Scraping page 173...
2025-05-26 06:41:55,409 - INFO - Found 60 links on page 171
2025-05-26 06:41:55,410 - INFO - Scraping page 174...
2025-05-26 06:41:55,773 - INFO - Found 60 links on page 172
2025-05-26 06:41:55,773 - INFO - Scraping page 175...
2025-05-26 06:41:56,614 - INFO - Found 60 links on page 173
2025-05-26 06:41:56,614 - INFO - Scraping page 176...
2025-05-26 06:41:59,779 - INFO - Found 60 links on page 174
2025-05-26 06:41:59,779 - INFO - Scraping page 177...
2025-05-26 06:41:59,984 - INFO - Found 60 links on page 175
2025-05-26 06:41:59,984 - INFO - Scraping page 178...
2025-05-26 06:42:00,541 - INFO - Found 60 links on page 176
2025-05-26 06:42:00,541 - INFO - Scraping page 179...
2025-05-26 06:42:03,772 - INFO - Found 60 links on page 178
2025-05-26 06:42:03,772 - INFO - Scraping page 180...
2025-05-26 06:42:03,968 - INFO - Found 60 links on page 177
2025-05-26 06:42:03,968 - INFO - Scraping page 181...
2025-05-26 06:42:05,231 - INFO - Found 60 links on page 179
2025-05-26 06:42:05,231 - INFO - Scraping page 182...
2025-05-26 06:42:07,844 - INFO - Found 60 links on page 180
2025-05-26 06:42:07,849 - INFO - Scraping page 183...
2025-05-26 06:42:08,029 - INFO - Found 60 links on page 181
2025-05-26 06:42:08,029 - INFO - Scraping page 184...
2025-05-26 06:42:09,945 - INFO - Found 60 links on page 182
2025-05-26 06:42:09,945 - INFO - Scraping page 185...
2025-05-26 06:42:12,006 - INFO - Found 60 links on page 184
2025-05-26 06:42:12,012 - INFO - Scraping page 186...
2025-05-26 06:42:12,184 - INFO - Found 60 links on page 183
2025-05-26 06:42:12,184 - INFO - Scraping page 187...
2025-05-26 06:42:14,233 - INFO - Found 60 links on page 185
2025-05-26 06:42:14,234 - INFO - Scraping page 188...
2025-05-26 06:42:15,933 - INFO - Found 60 links on page 186
2025-05-26 06:42:15,933 - INFO - Scraping page 189...
2025-05-26 06:42:16,420 - INFO - Found 60 links on page 187
2025-05-26 06:42:16,420 - INFO - Scraping page 190...
2025-05-26 06:42:18,474 - INFO - Found 60 links on page 188
2025-05-26 06:42:18,474 - INFO - Scraping page 191...
2025-05-26 06:42:20,199 - INFO - Found 60 links on page 189
2025-05-26 06:42:20,200 - INFO - Scraping page 192...
2025-05-26 06:42:20,549 - INFO - Found 60 links on page 190
2025-05-26 06:42:20,549 - INFO - Scraping page 193...
2025-05-26 06:42:22,638 - INFO - Found 60 links on page 191
2025-05-26 06:42:22,638 - INFO - Scraping page 194...
2025-05-26 06:42:24,299 - INFO - Found 60 links on page 192
2025-05-26 06:42:24,299 - INFO - Scraping page 195...
2025-05-26 06:42:24,671 - INFO - Found 60 links on page 193
2025-05-26 06:42:24,671 - INFO - Scraping page 196...
2025-05-26 06:42:27,067 - INFO - Found 60 links on page 194
2025-05-26 06:42:27,067 - INFO - Scraping page 197...
2025-05-26 06:42:28,241 - INFO - Found 60 links on page 195
2025-05-26 06:42:28,242 - INFO - Scraping page 198...
2025-05-26 06:42:28,828 - INFO - Found 60 links on page 196
2025-05-26 06:42:28,829 - INFO - Scraping page 199...
2025-05-26 06:42:31,091 - INFO - Found 60 links on page 197
2025-05-26 06:42:31,091 - INFO - Scraping page 200...
2025-05-26 06:42:32,158 - INFO - Found 60 links on page 198
2025-05-26 06:42:33,337 - INFO - Found 60 links on page 199
2025-05-26 06:42:35,658 - INFO - Found 60 links on page 200
2025-05-26 06:42:35,666 - INFO - Found 293 new links to scrape out of 12000 total links
2025-05-26 06:42:35,666 - INFO - Processing batch 1/6 (50 links)
2025-05-26 06:42:41,257 - INFO - Progress: 10/50 ads processed
2025-05-26 06:42:46,151 - INFO - Progress: 20/50 ads processed
2025-05-26 06:42:51,483 - INFO - Progress: 30/50 ads processed
2025-05-26 06:42:56,394 - INFO - Progress: 40/50 ads processed
2025-05-26 06:43:01,204 - INFO - Progress: 50/50 ads processed
2025-05-26 06:43:01,259 - INFO - Created backup of existing data file at unegui_data/unegui_sales_data.csv.bak
2025-05-26 06:43:01,503 - INFO - Data saved to unegui_data/unegui_sales_data.csv: 17499 records
2025-05-26 06:43:02,089 - INFO - Cache saved with 17795 URLs
2025-05-26 06:43:02,089 - INFO - Saved batch data. Total records: 17499
2025-05-26 06:43:02,089 - INFO - Processing batch 2/6 (50 links)
2025-05-26 06:43:07,167 - INFO - Progress: 10/50 ads processed
2025-05-26 06:43:12,159 - INFO - Progress: 20/50 ads processed
2025-05-26 06:43:17,471 - INFO - Progress: 30/50 ads processed
2025-05-26 06:43:22,453 - INFO - Progress: 40/50 ads processed
2025-05-26 06:43:27,870 - INFO - Progress: 50/50 ads processed
2025-05-26 06:43:27,926 - INFO - Created backup of existing data file at unegui_data/unegui_sales_data.csv.bak
2025-05-26 06:43:28,169 - INFO - Data saved to unegui_data/unegui_sales_data.csv: 17548 records
2025-05-26 06:43:28,759 - INFO - Cache saved with 17845 URLs
2025-05-26 06:43:28,759 - INFO - Saved batch data. Total records: 17548
2025-05-26 06:43:28,759 - INFO - Processing batch 3/6 (50 links)
2025-05-26 06:43:33,973 - INFO - Progress: 10/50 ads processed
2025-05-26 06:43:39,503 - INFO - Progress: 20/50 ads processed
2025-05-26 06:43:44,539 - INFO - Progress: 30/50 ads processed
2025-05-26 06:43:49,823 - INFO - Progress: 40/50 ads processed
2025-05-26 06:43:54,991 - INFO - Progress: 50/50 ads processed
2025-05-26 06:43:55,046 - INFO - Created backup of existing data file at unegui_data/unegui_sales_data.csv.bak
2025-05-26 06:43:55,288 - INFO - Data saved to unegui_data/unegui_sales_data.csv: 17598 records
2025-05-26 06:43:55,882 - INFO - Cache saved with 17895 URLs
2025-05-26 06:43:55,882 - INFO - Saved batch data. Total records: 17598
2025-05-26 06:43:55,882 - INFO - Processing batch 4/6 (50 links)
2025-05-26 06:44:01,897 - INFO - Progress: 10/50 ads processed
2025-05-26 06:44:07,050 - INFO - Progress: 20/50 ads processed
2025-05-26 06:44:12,014 - INFO - Progress: 30/50 ads processed
2025-05-26 06:44:16,871 - INFO - Progress: 40/50 ads processed
2025-05-26 06:44:21,702 - INFO - Progress: 50/50 ads processed
2025-05-26 06:44:21,756 - INFO - Created backup of existing data file at unegui_data/unegui_sales_data.csv.bak
2025-05-26 06:44:22,003 - INFO - Data saved to unegui_data/unegui_sales_data.csv: 17647 records
2025-05-26 06:44:22,607 - INFO - Cache saved with 17945 URLs
2025-05-26 06:44:22,607 - INFO - Saved batch data. Total records: 17647
2025-05-26 06:44:22,607 - INFO - Processing batch 5/6 (50 links)
2025-05-26 06:44:27,769 - INFO - Progress: 10/50 ads processed
2025-05-26 06:44:33,405 - INFO - Progress: 20/50 ads processed
2025-05-26 06:44:38,111 - INFO - Progress: 30/50 ads processed
2025-05-26 06:44:43,639 - INFO - Progress: 40/50 ads processed
2025-05-26 06:44:48,603 - INFO - Progress: 50/50 ads processed
2025-05-26 06:44:48,657 - INFO - Created backup of existing data file at unegui_data/unegui_sales_data.csv.bak
2025-05-26 06:44:48,902 - INFO - Data saved to unegui_data/unegui_sales_data.csv: 17697 records
2025-05-26 06:44:49,503 - INFO - Cache saved with 17995 URLs
2025-05-26 06:44:49,503 - INFO - Saved batch data. Total records: 17697
2025-05-26 06:44:49,503 - INFO - Processing batch 6/6 (43 links)
2025-05-26 06:44:54,632 - INFO - Progress: 10/43 ads processed
2025-05-26 06:44:59,846 - INFO - Progress: 20/43 ads processed
2025-05-26 06:45:05,275 - INFO - Progress: 30/43 ads processed
2025-05-26 06:45:10,238 - INFO - Progress: 40/43 ads processed
2025-05-26 06:45:12,376 - INFO - Progress: 43/43 ads processed
2025-05-26 06:45:12,431 - INFO - Created backup of existing data file at unegui_data/unegui_sales_data.csv.bak
2025-05-26 06:45:12,678 - INFO - Data saved to unegui_data/unegui_sales_data.csv: 17740 records
2025-05-26 06:45:13,276 - INFO - Cache saved with 18038 URLs
2025-05-26 06:45:13,277 - INFO - Saved batch data. Total records: 17740
2025-05-26 06:45:13,277 - INFO - Scraping completed in 0:07:17.532265. Total ads collected: 17740
