2025-06-04 06:37:15,041 - INFO - Starting sales apartment scraper at 2025-06-04 06:37:15.041307
2025-06-04 06:37:15,354 - INFO - Loaded existing data from unegui_data/unegui_sales_data.csv: 20295 records
2025-06-04 06:37:15,593 - INFO - Loaded 20295 existing records
2025-06-04 06:37:15,600 - INFO - Scraping page 1...
2025-06-04 06:37:15,600 - INFO - Scraping page 2...
2025-06-04 06:37:15,600 - INFO - Scraping page 3...
2025-06-04 06:37:20,138 - INFO - Found 60 links on page 2
2025-06-04 06:37:20,148 - INFO - Scraping page 4...
2025-06-04 06:37:20,340 - INFO - Found 60 links on page 1
2025-06-04 06:37:20,341 - INFO - Scraping page 5...
2025-06-04 06:37:20,715 - INFO - Found 60 links on page 3
2025-06-04 06:37:20,715 - INFO - Scraping page 6...
2025-06-04 06:37:24,171 - INFO - Found 60 links on page 4
2025-06-04 06:37:24,171 - INFO - Scraping page 7...
2025-06-04 06:37:24,499 - INFO - Found 60 links on page 6
2025-06-04 06:37:24,499 - INFO - Scraping page 8...
2025-06-04 06:37:24,716 - INFO - Found 60 links on page 5
2025-06-04 06:37:24,717 - INFO - Scraping page 9...
2025-06-04 06:37:27,872 - INFO - Found 60 links on page 7
2025-06-04 06:37:27,873 - INFO - Scraping page 10...
2025-06-04 06:37:28,087 - INFO - Found 60 links on page 8
2025-06-04 06:37:28,087 - INFO - Scraping page 11...
2025-06-04 06:37:28,754 - INFO - Found 60 links on page 9
2025-06-04 06:37:28,754 - INFO - Scraping page 12...
2025-06-04 06:37:31,820 - INFO - Found 60 links on page 10
2025-06-04 06:37:31,825 - INFO - Scraping page 13...
2025-06-04 06:37:31,980 - INFO - Found 60 links on page 11
2025-06-04 06:37:31,980 - INFO - Scraping page 14...
2025-06-04 06:37:33,222 - INFO - Found 60 links on page 12
2025-06-04 06:37:33,223 - INFO - Scraping page 15...
2025-06-04 06:37:35,743 - INFO - Found 60 links on page 13
2025-06-04 06:37:35,744 - INFO - Scraping page 16...
2025-06-04 06:37:36,020 - INFO - Found 60 links on page 14
2025-06-04 06:37:36,020 - INFO - Scraping page 17...
2025-06-04 06:37:37,197 - INFO - Found 60 links on page 15
2025-06-04 06:37:37,197 - INFO - Scraping page 18...
2025-06-04 06:37:39,485 - INFO - Found 60 links on page 16
2025-06-04 06:37:39,486 - INFO - Scraping page 19...
2025-06-04 06:37:39,901 - INFO - Found 60 links on page 17
2025-06-04 06:37:39,901 - INFO - Scraping page 20...
2025-06-04 06:37:40,666 - INFO - Found 60 links on page 18
2025-06-04 06:37:40,667 - INFO - Scraping page 21...
2025-06-04 06:37:43,873 - INFO - Found 60 links on page 20
2025-06-04 06:37:43,879 - INFO - Scraping page 22...
2025-06-04 06:37:44,074 - INFO - Found 60 links on page 19
2025-06-04 06:37:44,074 - INFO - Scraping page 23...
2025-06-04 06:37:44,770 - INFO - Found 60 links on page 21
2025-06-04 06:37:44,770 - INFO - Scraping page 24...
2025-06-04 06:37:47,665 - INFO - Found 60 links on page 22
2025-06-04 06:37:47,665 - INFO - Scraping page 25...
2025-06-04 06:37:47,917 - INFO - Found 60 links on page 23
2025-06-04 06:37:47,917 - INFO - Scraping page 26...
2025-06-04 06:37:49,473 - INFO - Found 60 links on page 24
2025-06-04 06:37:49,473 - INFO - Scraping page 27...
2025-06-04 06:37:51,435 - INFO - Found 60 links on page 25
2025-06-04 06:37:51,435 - INFO - Scraping page 28...
2025-06-04 06:37:51,699 - INFO - Found 60 links on page 26
2025-06-04 06:37:51,700 - INFO - Scraping page 29...
2025-06-04 06:37:53,330 - INFO - Found 60 links on page 27
2025-06-04 06:37:53,330 - INFO - Scraping page 30...
2025-06-04 06:37:55,620 - INFO - Found 60 links on page 28
2025-06-04 06:37:55,620 - INFO - Scraping page 31...
2025-06-04 06:37:55,835 - INFO - Found 60 links on page 29
2025-06-04 06:37:55,835 - INFO - Scraping page 32...
2025-06-04 06:37:57,234 - INFO - Found 60 links on page 30
2025-06-04 06:37:57,234 - INFO - Scraping page 33...
2025-06-04 06:38:00,013 - INFO - Found 60 links on page 32
2025-06-04 06:38:00,018 - INFO - Scraping page 34...
2025-06-04 06:38:00,135 - INFO - Found 60 links on page 31
2025-06-04 06:38:00,135 - INFO - Scraping page 35...
2025-06-04 06:38:01,370 - INFO - Found 60 links on page 33
2025-06-04 06:38:01,371 - INFO - Scraping page 36...
2025-06-04 06:38:04,230 - INFO - Found 60 links on page 35
2025-06-04 06:38:04,235 - INFO - Scraping page 37...
2025-06-04 06:38:04,345 - INFO - Found 60 links on page 34
2025-06-04 06:38:04,345 - INFO - Scraping page 38...
2025-06-04 06:38:05,427 - INFO - Found 60 links on page 36
2025-06-04 06:38:05,427 - INFO - Scraping page 39...
2025-06-04 06:38:08,129 - INFO - Found 60 links on page 37
2025-06-04 06:38:08,129 - INFO - Scraping page 40...
2025-06-04 06:38:08,412 - INFO - Found 60 links on page 38
2025-06-04 06:38:08,412 - INFO - Scraping page 41...
2025-06-04 06:38:09,274 - INFO - Found 60 links on page 39
2025-06-04 06:38:09,274 - INFO - Scraping page 42...
2025-06-04 06:38:12,177 - INFO - Found 60 links on page 40
2025-06-04 06:38:12,177 - INFO - Scraping page 43...
2025-06-04 06:38:12,420 - INFO - Found 60 links on page 41
2025-06-04 06:38:12,420 - INFO - Scraping page 44...
2025-06-04 06:38:13,330 - INFO - Found 60 links on page 42
2025-06-04 06:38:13,330 - INFO - Scraping page 45...
2025-06-04 06:38:16,198 - INFO - Found 60 links on page 43
2025-06-04 06:38:16,198 - INFO - Scraping page 46...
2025-06-04 06:38:16,413 - INFO - Found 60 links on page 44
2025-06-04 06:38:16,413 - INFO - Scraping page 47...
2025-06-04 06:38:17,356 - INFO - Found 60 links on page 45
2025-06-04 06:38:17,357 - INFO - Scraping page 48...
2025-06-04 06:38:19,976 - INFO - Found 60 links on page 46
2025-06-04 06:38:19,976 - INFO - Scraping page 49...
2025-06-04 06:38:20,860 - INFO - Found 60 links on page 47
2025-06-04 06:38:20,860 - INFO - Scraping page 50...
2025-06-04 06:38:21,720 - INFO - Found 60 links on page 48
2025-06-04 06:38:21,720 - INFO - Scraping page 51...
2025-06-04 06:38:23,798 - INFO - Found 60 links on page 49
2025-06-04 06:38:23,798 - INFO - Scraping page 52...
2025-06-04 06:38:24,830 - INFO - Found 60 links on page 50
2025-06-04 06:38:24,830 - INFO - Scraping page 53...
2025-06-04 06:38:25,844 - INFO - Found 60 links on page 51
2025-06-04 06:38:25,844 - INFO - Scraping page 54...
2025-06-04 06:38:27,638 - INFO - Found 60 links on page 52
2025-06-04 06:38:27,638 - INFO - Scraping page 55...
2025-06-04 06:38:28,724 - INFO - Found 60 links on page 53
2025-06-04 06:38:28,724 - INFO - Scraping page 56...
2025-06-04 06:38:30,346 - INFO - Found 60 links on page 54
2025-06-04 06:38:30,347 - INFO - Scraping page 57...
2025-06-04 06:38:31,608 - INFO - Found 60 links on page 55
2025-06-04 06:38:31,608 - INFO - Scraping page 58...
2025-06-04 06:38:32,586 - INFO - Found 60 links on page 56
2025-06-04 06:38:32,586 - INFO - Scraping page 59...
2025-06-04 06:38:34,407 - INFO - Found 60 links on page 57
2025-06-04 06:38:34,408 - INFO - Scraping page 60...
2025-06-04 06:38:36,415 - INFO - Found 60 links on page 58
2025-06-04 06:38:36,415 - INFO - Scraping page 61...
2025-06-04 06:38:36,709 - INFO - Found 60 links on page 59
2025-06-04 06:38:36,709 - INFO - Scraping page 62...
2025-06-04 06:38:39,029 - INFO - Found 60 links on page 60
2025-06-04 06:38:39,029 - INFO - Scraping page 63...
2025-06-04 06:38:40,714 - INFO - Found 60 links on page 61
2025-06-04 06:38:40,719 - INFO - Scraping page 64...
2025-06-04 06:38:40,973 - INFO - Found 60 links on page 62
2025-06-04 06:38:40,973 - INFO - Scraping page 65...
2025-06-04 06:38:43,117 - INFO - Found 60 links on page 63
2025-06-04 06:38:43,117 - INFO - Scraping page 66...
2025-06-04 06:38:45,142 - INFO - Found 60 links on page 64
2025-06-04 06:38:45,142 - INFO - Scraping page 67...
2025-06-04 06:38:45,353 - INFO - Found 60 links on page 65
2025-06-04 06:38:45,353 - INFO - Scraping page 68...
2025-06-04 06:38:47,866 - INFO - Found 60 links on page 66
2025-06-04 06:38:47,866 - INFO - Scraping page 69...
2025-06-04 06:38:48,938 - INFO - Found 60 links on page 67
2025-06-04 06:38:48,938 - INFO - Scraping page 70...
2025-06-04 06:38:49,552 - INFO - Found 60 links on page 68
2025-06-04 06:38:49,552 - INFO - Scraping page 71...
2025-06-04 06:38:51,698 - INFO - Found 60 links on page 69
2025-06-04 06:38:51,699 - INFO - Scraping page 72...
2025-06-04 06:38:53,113 - INFO - Found 60 links on page 70
2025-06-04 06:38:53,114 - INFO - Scraping page 73...
2025-06-04 06:38:53,309 - INFO - Found 60 links on page 71
2025-06-04 06:38:53,310 - INFO - Scraping page 74...
2025-06-04 06:38:56,045 - INFO - Found 60 links on page 72
2025-06-04 06:38:56,046 - INFO - Scraping page 75...
2025-06-04 06:38:57,255 - INFO - Found 60 links on page 73
2025-06-04 06:38:57,266 - INFO - Scraping page 76...
2025-06-04 06:38:57,460 - INFO - Found 60 links on page 74
2025-06-04 06:38:57,461 - INFO - Scraping page 77...
2025-06-04 06:39:00,045 - INFO - Found 60 links on page 75
2025-06-04 06:39:00,045 - INFO - Scraping page 78...
2025-06-04 06:39:01,490 - INFO - Found 60 links on page 77
2025-06-04 06:39:01,490 - INFO - Scraping page 79...
2025-06-04 06:39:01,697 - INFO - Found 60 links on page 76
2025-06-04 06:39:01,697 - INFO - Scraping page 80...
2025-06-04 06:39:04,281 - INFO - Found 60 links on page 78
2025-06-04 06:39:04,282 - INFO - Scraping page 81...
2025-06-04 06:39:05,668 - INFO - Found 60 links on page 80
2025-06-04 06:39:05,679 - INFO - Scraping page 82...
2025-06-04 06:39:05,833 - INFO - Found 60 links on page 79
2025-06-04 06:39:05,833 - INFO - Scraping page 83...
2025-06-04 06:39:08,196 - INFO - Found 60 links on page 81
2025-06-04 06:39:08,196 - INFO - Scraping page 84...
2025-06-04 06:39:10,096 - INFO - Found 60 links on page 83
2025-06-04 06:39:10,097 - INFO - Scraping page 85...
2025-06-04 06:39:10,299 - INFO - Found 60 links on page 82
2025-06-04 06:39:10,299 - INFO - Scraping page 86...
2025-06-04 06:39:12,057 - INFO - Found 60 links on page 84
2025-06-04 06:39:12,058 - INFO - Scraping page 87...
2025-06-04 06:39:13,796 - INFO - Found 60 links on page 85
2025-06-04 06:39:13,796 - INFO - Scraping page 88...
2025-06-04 06:39:15,085 - INFO - Found 60 links on page 86
2025-06-04 06:39:15,086 - INFO - Scraping page 89...
2025-06-04 06:39:16,184 - INFO - Found 60 links on page 87
2025-06-04 06:39:16,184 - INFO - Scraping page 90...
2025-06-04 06:39:18,156 - INFO - Found 60 links on page 88
2025-06-04 06:39:18,156 - INFO - Scraping page 91...
2025-06-04 06:39:19,426 - INFO - Found 60 links on page 89
2025-06-04 06:39:19,427 - INFO - Scraping page 92...
2025-06-04 06:39:19,627 - INFO - Found 60 links on page 90
2025-06-04 06:39:19,627 - INFO - Scraping page 93...
2025-06-04 06:39:22,293 - INFO - Found 60 links on page 91
2025-06-04 06:39:22,293 - INFO - Scraping page 94...
2025-06-04 06:39:23,336 - INFO - Found 60 links on page 92
2025-06-04 06:39:23,336 - INFO - Scraping page 95...
2025-06-04 06:39:23,829 - INFO - Found 60 links on page 93
2025-06-04 06:39:23,830 - INFO - Scraping page 96...
2025-06-04 06:39:26,438 - INFO - Found 60 links on page 94
2025-06-04 06:39:26,438 - INFO - Scraping page 97...
2025-06-04 06:39:27,659 - INFO - Found 60 links on page 96
2025-06-04 06:39:27,660 - INFO - Scraping page 98...
2025-06-04 06:39:27,948 - INFO - Found 60 links on page 95
2025-06-04 06:39:27,948 - INFO - Scraping page 99...
2025-06-04 06:39:30,251 - INFO - Found 60 links on page 97
2025-06-04 06:39:30,251 - INFO - Scraping page 100...
2025-06-04 06:39:31,649 - INFO - Found 60 links on page 98
2025-06-04 06:39:31,650 - INFO - Scraping page 101...
2025-06-04 06:39:32,086 - INFO - Found 60 links on page 99
2025-06-04 06:39:32,086 - INFO - Scraping page 102...
2025-06-04 06:39:34,088 - INFO - Found 60 links on page 100
2025-06-04 06:39:34,089 - INFO - Scraping page 103...
2025-06-04 06:39:35,756 - INFO - Found 60 links on page 101
2025-06-04 06:39:35,757 - INFO - Scraping page 104...
2025-06-04 06:39:36,073 - INFO - Found 60 links on page 102
2025-06-04 06:39:36,074 - INFO - Scraping page 105...
2025-06-04 06:39:38,274 - INFO - Found 60 links on page 103
2025-06-04 06:39:38,275 - INFO - Scraping page 106...
2025-06-04 06:39:39,983 - INFO - Found 60 links on page 104
2025-06-04 06:39:39,983 - INFO - Scraping page 107...
2025-06-04 06:39:40,250 - INFO - Found 60 links on page 105
2025-06-04 06:39:40,251 - INFO - Scraping page 108...
2025-06-04 06:39:42,656 - INFO - Found 60 links on page 106
2025-06-04 06:39:42,656 - INFO - Scraping page 109...
2025-06-04 06:39:43,872 - INFO - Found 60 links on page 107
2025-06-04 06:39:43,872 - INFO - Scraping page 110...
2025-06-04 06:39:44,276 - INFO - Found 60 links on page 108
2025-06-04 06:39:44,276 - INFO - Scraping page 111...
2025-06-04 06:39:46,645 - INFO - Found 60 links on page 109
2025-06-04 06:39:46,646 - INFO - Scraping page 112...
2025-06-04 06:39:48,180 - INFO - Found 60 links on page 110
2025-06-04 06:39:48,180 - INFO - Scraping page 113...
2025-06-04 06:39:48,970 - INFO - Found 60 links on page 111
2025-06-04 06:39:48,971 - INFO - Scraping page 114...
2025-06-04 06:39:50,573 - INFO - Found 60 links on page 112
2025-06-04 06:39:50,573 - INFO - Scraping page 115...
2025-06-04 06:39:52,401 - INFO - Found 60 links on page 113
2025-06-04 06:39:52,402 - INFO - Scraping page 116...
2025-06-04 06:39:54,016 - INFO - Found 60 links on page 114
2025-06-04 06:39:54,016 - INFO - Scraping page 117...
2025-06-04 06:39:55,659 - INFO - Found 60 links on page 115
2025-06-04 06:39:55,659 - INFO - Scraping page 118...
2025-06-04 06:39:56,523 - INFO - Found 60 links on page 116
2025-06-04 06:39:56,523 - INFO - Scraping page 119...
2025-06-04 06:39:58,036 - INFO - Found 60 links on page 117
2025-06-04 06:39:58,036 - INFO - Scraping page 120...
2025-06-04 06:39:59,547 - INFO - Found 60 links on page 118
2025-06-04 06:39:59,547 - INFO - Scraping page 121...
2025-06-04 06:40:00,797 - INFO - Found 60 links on page 119
2025-06-04 06:40:00,797 - INFO - Scraping page 122...
2025-06-04 06:40:02,244 - INFO - Found 60 links on page 120
2025-06-04 06:40:02,245 - INFO - Scraping page 123...
2025-06-04 06:40:03,496 - INFO - Found 60 links on page 121
2025-06-04 06:40:03,496 - INFO - Scraping page 124...
2025-06-04 06:40:05,264 - INFO - Found 60 links on page 122
2025-06-04 06:40:05,264 - INFO - Scraping page 125...
2025-06-04 06:40:06,236 - INFO - Found 60 links on page 123
2025-06-04 06:40:06,236 - INFO - Scraping page 126...
2025-06-04 06:40:07,976 - INFO - Found 60 links on page 124
2025-06-04 06:40:07,976 - INFO - Scraping page 127...
2025-06-04 06:40:09,496 - INFO - Found 60 links on page 125
2025-06-04 06:40:09,497 - INFO - Scraping page 128...
2025-06-04 06:40:10,459 - INFO - Found 60 links on page 126
2025-06-04 06:40:10,459 - INFO - Scraping page 129...
2025-06-04 06:40:11,818 - INFO - Found 60 links on page 127
2025-06-04 06:40:11,818 - INFO - Scraping page 130...
2025-06-04 06:40:13,554 - INFO - Found 60 links on page 128
2025-06-04 06:40:13,554 - INFO - Scraping page 131...
2025-06-04 06:40:15,041 - INFO - Found 60 links on page 129
2025-06-04 06:40:15,041 - INFO - Scraping page 132...
2025-06-04 06:40:16,479 - INFO - Found 60 links on page 130
2025-06-04 06:40:16,480 - INFO - Scraping page 133...
2025-06-04 06:40:17,646 - INFO - Found 60 links on page 131
2025-06-04 06:40:17,646 - INFO - Scraping page 134...
2025-06-04 06:40:19,238 - INFO - Found 60 links on page 132
2025-06-04 06:40:19,238 - INFO - Scraping page 135...
2025-06-04 06:40:20,398 - INFO - Found 60 links on page 133
2025-06-04 06:40:20,398 - INFO - Scraping page 136...
2025-06-04 06:40:21,652 - INFO - Found 60 links on page 134
2025-06-04 06:40:21,652 - INFO - Scraping page 137...
2025-06-04 06:40:23,495 - INFO - Found 60 links on page 135
2025-06-04 06:40:23,496 - INFO - Scraping page 138...
2025-06-04 06:40:24,712 - INFO - Found 60 links on page 136
2025-06-04 06:40:24,712 - INFO - Scraping page 139...
2025-06-04 06:40:26,511 - INFO - Found 60 links on page 137
2025-06-04 06:40:26,511 - INFO - Scraping page 140...
2025-06-04 06:40:27,918 - INFO - Found 60 links on page 138
2025-06-04 06:40:27,918 - INFO - Scraping page 141...
2025-06-04 06:40:29,569 - INFO - Found 60 links on page 139
2025-06-04 06:40:29,569 - INFO - Scraping page 142...
2025-06-04 06:40:30,825 - INFO - Found 60 links on page 140
2025-06-04 06:40:30,826 - INFO - Scraping page 143...
2025-06-04 06:40:31,844 - INFO - Found 60 links on page 141
2025-06-04 06:40:31,844 - INFO - Scraping page 144...
2025-06-04 06:40:33,438 - INFO - Found 60 links on page 142
2025-06-04 06:40:33,438 - INFO - Scraping page 145...
2025-06-04 06:40:35,150 - INFO - Found 60 links on page 143
2025-06-04 06:40:35,151 - INFO - Scraping page 146...
2025-06-04 06:40:36,222 - INFO - Found 60 links on page 144
2025-06-04 06:40:36,222 - INFO - Scraping page 147...
2025-06-04 06:40:37,806 - INFO - Found 60 links on page 145
2025-06-04 06:40:37,806 - INFO - Scraping page 148...
2025-06-04 06:40:39,402 - INFO - Found 60 links on page 146
2025-06-04 06:40:39,402 - INFO - Scraping page 149...
2025-06-04 06:40:40,714 - INFO - Found 60 links on page 147
2025-06-04 06:40:40,715 - INFO - Scraping page 150...
2025-06-04 06:40:42,519 - INFO - Found 60 links on page 148
2025-06-04 06:40:42,519 - INFO - Scraping page 151...
2025-06-04 06:40:43,692 - INFO - Found 60 links on page 149
2025-06-04 06:40:43,692 - INFO - Scraping page 152...
2025-06-04 06:40:44,751 - INFO - Found 60 links on page 150
2025-06-04 06:40:44,752 - INFO - Scraping page 153...
2025-06-04 06:40:47,074 - INFO - Found 60 links on page 151
2025-06-04 06:40:47,074 - INFO - Scraping page 154...
2025-06-04 06:40:47,633 - INFO - Found 60 links on page 152
2025-06-04 06:40:47,633 - INFO - Scraping page 155...
2025-06-04 06:40:48,863 - INFO - Found 60 links on page 153
2025-06-04 06:40:48,863 - INFO - Scraping page 156...
2025-06-04 06:40:51,200 - INFO - Found 60 links on page 154
2025-06-04 06:40:51,200 - INFO - Scraping page 157...
2025-06-04 06:40:52,789 - INFO - Found 60 links on page 155
2025-06-04 06:40:52,789 - INFO - Scraping page 158...
2025-06-04 06:40:53,374 - INFO - Found 60 links on page 156
2025-06-04 06:40:53,374 - INFO - Scraping page 159...
2025-06-04 06:40:55,366 - INFO - Found 60 links on page 157
2025-06-04 06:40:55,366 - INFO - Scraping page 160...
2025-06-04 06:40:56,637 - INFO - Found 60 links on page 158
2025-06-04 06:40:56,637 - INFO - Scraping page 161...
2025-06-04 06:40:57,455 - INFO - Found 60 links on page 159
2025-06-04 06:40:57,456 - INFO - Scraping page 162...
2025-06-04 06:40:59,387 - INFO - Found 60 links on page 160
2025-06-04 06:40:59,388 - INFO - Scraping page 163...
2025-06-04 06:41:00,867 - INFO - Found 60 links on page 161
2025-06-04 06:41:00,867 - INFO - Scraping page 164...
2025-06-04 06:41:01,454 - INFO - Found 60 links on page 162
2025-06-04 06:41:01,455 - INFO - Scraping page 165...
2025-06-04 06:41:04,407 - INFO - Found 60 links on page 163
2025-06-04 06:41:04,407 - INFO - Scraping page 166...
2025-06-04 06:41:05,123 - INFO - Found 60 links on page 164
2025-06-04 06:41:05,123 - INFO - Scraping page 167...
2025-06-04 06:41:05,500 - INFO - Found 60 links on page 165
2025-06-04 06:41:05,501 - INFO - Scraping page 168...
2025-06-04 06:41:09,282 - INFO - Found 60 links on page 166
2025-06-04 06:41:09,292 - INFO - Scraping page 169...
2025-06-04 06:41:09,422 - INFO - Found 60 links on page 168
2025-06-04 06:41:09,422 - INFO - Scraping page 170...
2025-06-04 06:41:10,208 - INFO - Found 60 links on page 167
2025-06-04 06:41:10,208 - INFO - Scraping page 171...
2025-06-04 06:41:13,738 - INFO - Found 60 links on page 169
2025-06-04 06:41:13,738 - INFO - Scraping page 172...
2025-06-04 06:41:13,942 - INFO - Found 60 links on page 170
2025-06-04 06:41:13,942 - INFO - Scraping page 173...
2025-06-04 06:41:14,222 - INFO - Found 60 links on page 171
2025-06-04 06:41:14,222 - INFO - Scraping page 174...
2025-06-04 06:41:18,038 - INFO - Found 60 links on page 172
2025-06-04 06:41:18,038 - INFO - Scraping page 175...
2025-06-04 06:41:18,296 - INFO - Found 60 links on page 173
2025-06-04 06:41:18,296 - INFO - Scraping page 176...
2025-06-04 06:41:18,889 - INFO - Found 60 links on page 174
2025-06-04 06:41:18,889 - INFO - Scraping page 177...
2025-06-04 06:41:22,229 - INFO - Found 60 links on page 176
2025-06-04 06:41:22,229 - INFO - Scraping page 178...
2025-06-04 06:41:22,534 - INFO - Found 60 links on page 177
2025-06-04 06:41:22,540 - INFO - Scraping page 179...
2025-06-04 06:41:22,732 - INFO - Found 60 links on page 175
2025-06-04 06:41:22,732 - INFO - Scraping page 180...
2025-06-04 06:41:26,474 - INFO - Found 60 links on page 178
2025-06-04 06:41:26,474 - INFO - Scraping page 181...
2025-06-04 06:41:26,704 - INFO - Found 60 links on page 180
2025-06-04 06:41:26,710 - INFO - Scraping page 182...
2025-06-04 06:41:26,891 - INFO - Found 60 links on page 179
2025-06-04 06:41:26,891 - INFO - Scraping page 183...
2025-06-04 06:41:30,876 - INFO - Found 60 links on page 181
2025-06-04 06:41:30,877 - INFO - Scraping page 184...
2025-06-04 06:41:31,179 - INFO - Found 60 links on page 182
2025-06-04 06:41:31,179 - INFO - Scraping page 185...
2025-06-04 06:41:31,573 - INFO - Found 60 links on page 183
2025-06-04 06:41:31,573 - INFO - Scraping page 186...
2025-06-04 06:41:35,260 - INFO - Found 60 links on page 185
2025-06-04 06:41:35,265 - INFO - Scraping page 187...
2025-06-04 06:41:35,374 - INFO - Found 60 links on page 184
2025-06-04 06:41:35,375 - INFO - Scraping page 188...
2025-06-04 06:41:36,037 - INFO - Found 60 links on page 186
2025-06-04 06:41:36,038 - INFO - Scraping page 189...
2025-06-04 06:41:39,489 - INFO - Found 60 links on page 187
2025-06-04 06:41:39,510 - INFO - Scraping page 190...
2025-06-04 06:41:39,838 - INFO - Found 60 links on page 188
2025-06-04 06:41:39,843 - INFO - Scraping page 191...
2025-06-04 06:41:39,913 - INFO - Found 60 links on page 189
2025-06-04 06:41:39,913 - INFO - Scraping page 192...
2025-06-04 06:41:43,370 - INFO - Found 60 links on page 190
2025-06-04 06:41:43,370 - INFO - Scraping page 193...
2025-06-04 06:41:43,758 - INFO - Found 60 links on page 191
2025-06-04 06:41:43,758 - INFO - Scraping page 194...
2025-06-04 06:41:43,972 - INFO - Found 60 links on page 192
2025-06-04 06:41:43,972 - INFO - Scraping page 195...
2025-06-04 06:41:47,698 - INFO - Found 60 links on page 193
2025-06-04 06:41:47,698 - INFO - Scraping page 196...
2025-06-04 06:41:48,173 - INFO - Found 60 links on page 194
2025-06-04 06:41:48,184 - INFO - Scraping page 197...
2025-06-04 06:41:48,355 - INFO - Found 60 links on page 195
2025-06-04 06:41:48,355 - INFO - Scraping page 198...
2025-06-04 06:41:52,468 - INFO - Found 60 links on page 198
2025-06-04 06:41:52,468 - INFO - Scraping page 199...
2025-06-04 06:41:52,926 - INFO - Found 60 links on page 196
2025-06-04 06:41:52,937 - INFO - Scraping page 200...
2025-06-04 06:41:53,033 - INFO - Found 60 links on page 197
2025-06-04 06:41:56,495 - INFO - Found 60 links on page 199
2025-06-04 06:41:56,689 - INFO - Found 60 links on page 200
2025-06-04 06:41:56,696 - INFO - Found 442 new links to scrape out of 12000 total links
2025-06-04 06:41:56,696 - INFO - Processing batch 1/9 (50 links)
2025-06-04 06:42:02,074 - INFO - Progress: 10/50 ads processed
2025-06-04 06:42:07,076 - INFO - Progress: 20/50 ads processed
2025-06-04 06:42:12,358 - INFO - Progress: 30/50 ads processed
2025-06-04 06:42:17,470 - INFO - Progress: 40/50 ads processed
2025-06-04 06:42:22,470 - INFO - Progress: 50/50 ads processed
2025-06-04 06:42:22,533 - INFO - Created backup of existing data file at unegui_data/unegui_sales_data.csv.bak
2025-06-04 06:42:22,817 - INFO - Data saved to unegui_data/unegui_sales_data.csv: 20345 records
2025-06-04 06:42:23,500 - INFO - Cache saved with 20682 URLs
2025-06-04 06:42:23,501 - INFO - Saved batch data. Total records: 20345
2025-06-04 06:42:23,501 - INFO - Processing batch 2/9 (50 links)
2025-06-04 06:42:28,756 - INFO - Progress: 10/50 ads processed
2025-06-04 06:42:33,898 - INFO - Progress: 20/50 ads processed
2025-06-04 06:42:38,874 - INFO - Progress: 30/50 ads processed
2025-06-04 06:42:43,946 - INFO - Progress: 40/50 ads processed
2025-06-04 06:42:49,110 - INFO - Progress: 50/50 ads processed
2025-06-04 06:42:49,172 - INFO - Created backup of existing data file at unegui_data/unegui_sales_data.csv.bak
2025-06-04 06:42:49,458 - INFO - Data saved to unegui_data/unegui_sales_data.csv: 20395 records
2025-06-04 06:42:50,147 - INFO - Cache saved with 20732 URLs
2025-06-04 06:42:50,147 - INFO - Saved batch data. Total records: 20395
2025-06-04 06:42:50,147 - INFO - Processing batch 3/9 (50 links)
2025-06-04 06:42:55,403 - INFO - Progress: 10/50 ads processed
2025-06-04 06:43:00,937 - INFO - Progress: 20/50 ads processed
2025-06-04 06:43:05,704 - INFO - Progress: 30/50 ads processed
2025-06-04 06:43:10,416 - INFO - Progress: 40/50 ads processed
2025-06-04 06:43:15,783 - INFO - Progress: 50/50 ads processed
2025-06-04 06:43:15,849 - INFO - Created backup of existing data file at unegui_data/unegui_sales_data.csv.bak
2025-06-04 06:43:16,137 - INFO - Data saved to unegui_data/unegui_sales_data.csv: 20444 records
2025-06-04 06:43:16,833 - INFO - Cache saved with 20782 URLs
2025-06-04 06:43:16,833 - INFO - Saved batch data. Total records: 20444
2025-06-04 06:43:16,833 - INFO - Processing batch 4/9 (50 links)
2025-06-04 06:43:22,132 - INFO - Progress: 10/50 ads processed
2025-06-04 06:43:27,212 - INFO - Progress: 20/50 ads processed
2025-06-04 06:43:32,284 - INFO - Progress: 30/50 ads processed
2025-06-04 06:43:37,663 - INFO - Progress: 40/50 ads processed
2025-06-04 06:43:42,632 - INFO - Progress: 50/50 ads processed
2025-06-04 06:43:42,696 - INFO - Created backup of existing data file at unegui_data/unegui_sales_data.csv.bak
2025-06-04 06:43:42,982 - INFO - Data saved to unegui_data/unegui_sales_data.csv: 20493 records
2025-06-04 06:43:43,672 - INFO - Cache saved with 20832 URLs
2025-06-04 06:43:43,672 - INFO - Saved batch data. Total records: 20493
2025-06-04 06:43:43,672 - INFO - Processing batch 5/9 (50 links)
2025-06-04 06:43:49,515 - INFO - Progress: 10/50 ads processed
2025-06-04 06:43:54,626 - INFO - Progress: 20/50 ads processed
2025-06-04 06:43:59,736 - INFO - Progress: 30/50 ads processed
2025-06-04 06:44:04,922 - INFO - Progress: 40/50 ads processed
2025-06-04 06:44:09,800 - INFO - Progress: 50/50 ads processed
2025-06-04 06:44:09,867 - INFO - Created backup of existing data file at unegui_data/unegui_sales_data.csv.bak
2025-06-04 06:44:10,154 - INFO - Data saved to unegui_data/unegui_sales_data.csv: 20543 records
2025-06-04 06:44:10,848 - INFO - Cache saved with 20882 URLs
2025-06-04 06:44:10,848 - INFO - Saved batch data. Total records: 20543
2025-06-04 06:44:10,848 - INFO - Processing batch 6/9 (50 links)
2025-06-04 06:44:16,426 - INFO - Progress: 10/50 ads processed
2025-06-04 06:44:21,469 - INFO - Progress: 20/50 ads processed
2025-06-04 06:44:26,463 - INFO - Progress: 30/50 ads processed
2025-06-04 06:44:31,764 - INFO - Progress: 40/50 ads processed
2025-06-04 06:44:37,025 - INFO - Progress: 50/50 ads processed
2025-06-04 06:44:37,091 - INFO - Created backup of existing data file at unegui_data/unegui_sales_data.csv.bak
2025-06-04 06:44:37,378 - INFO - Data saved to unegui_data/unegui_sales_data.csv: 20592 records
2025-06-04 06:44:38,057 - INFO - Cache saved with 20932 URLs
2025-06-04 06:44:38,058 - INFO - Saved batch data. Total records: 20592
2025-06-04 06:44:38,058 - INFO - Processing batch 7/9 (50 links)
2025-06-04 06:44:43,222 - INFO - Progress: 10/50 ads processed
2025-06-04 06:44:48,313 - INFO - Progress: 20/50 ads processed
2025-06-04 06:44:53,096 - INFO - Progress: 30/50 ads processed
2025-06-04 06:44:58,389 - INFO - Progress: 40/50 ads processed
2025-06-04 06:45:03,518 - INFO - Progress: 50/50 ads processed
2025-06-04 06:45:03,584 - INFO - Created backup of existing data file at unegui_data/unegui_sales_data.csv.bak
2025-06-04 06:45:03,873 - INFO - Data saved to unegui_data/unegui_sales_data.csv: 20641 records
2025-06-04 06:45:04,565 - INFO - Cache saved with 20982 URLs
2025-06-04 06:45:04,565 - INFO - Saved batch data. Total records: 20641
2025-06-04 06:45:04,565 - INFO - Processing batch 8/9 (50 links)
2025-06-04 06:45:09,702 - INFO - Progress: 10/50 ads processed
2025-06-04 06:45:14,985 - INFO - Progress: 20/50 ads processed
2025-06-04 06:45:20,150 - INFO - Progress: 30/50 ads processed
2025-06-04 06:45:25,792 - INFO - Progress: 40/50 ads processed
2025-06-04 06:45:30,754 - INFO - Progress: 50/50 ads processed
2025-06-04 06:45:30,820 - INFO - Created backup of existing data file at unegui_data/unegui_sales_data.csv.bak
2025-06-04 06:45:31,111 - INFO - Data saved to unegui_data/unegui_sales_data.csv: 20688 records
2025-06-04 06:45:31,801 - INFO - Cache saved with 21032 URLs
2025-06-04 06:45:31,801 - INFO - Saved batch data. Total records: 20688
2025-06-04 06:45:31,802 - INFO - Processing batch 9/9 (42 links)
2025-06-04 06:45:37,640 - INFO - Progress: 10/42 ads processed
2025-06-04 06:45:42,602 - INFO - Progress: 20/42 ads processed
2025-06-04 06:45:48,348 - INFO - Progress: 30/42 ads processed
2025-06-04 06:45:52,974 - INFO - Progress: 40/42 ads processed
2025-06-04 06:45:54,553 - INFO - Progress: 42/42 ads processed
2025-06-04 06:45:54,618 - INFO - Created backup of existing data file at unegui_data/unegui_sales_data.csv.bak
2025-06-04 06:45:54,908 - INFO - Data saved to unegui_data/unegui_sales_data.csv: 20729 records
2025-06-04 06:45:55,591 - INFO - Cache saved with 21074 URLs
2025-06-04 06:45:55,591 - INFO - Saved batch data. Total records: 20729
2025-06-04 06:45:55,591 - INFO - Scraping completed in 0:08:40.550157. Total ads collected: 20729
