2025-06-22 06:35:24,648 - INFO - Starting sales apartment scraper at 2025-06-22 06:35:24.648715
2025-06-22 06:35:25,023 - INFO - Loaded existing data from unegui_data/unegui_sales_data.csv: 26729 records
2025-06-22 06:35:25,331 - INFO - Loaded 26729 existing records
2025-06-22 06:35:25,346 - INFO - Scraping page 1...
2025-06-22 06:35:25,346 - INFO - Scraping page 2...
2025-06-22 06:35:25,346 - INFO - Scraping page 3...
2025-06-22 06:35:30,272 - INFO - Found 60 links on page 3
2025-06-22 06:35:30,272 - INFO - Scraping page 4...
2025-06-22 06:35:30,894 - INFO - Found 60 links on page 1
2025-06-22 06:35:30,894 - INFO - Scraping page 5...
2025-06-22 06:35:31,564 - INFO - Found 60 links on page 2
2025-06-22 06:35:31,564 - INFO - Scraping page 6...
2025-06-22 06:35:35,310 - INFO - Found 60 links on page 4
2025-06-22 06:35:35,310 - INFO - Scraping page 7...
2025-06-22 06:35:36,300 - INFO - Found 60 links on page 5
2025-06-22 06:35:36,301 - INFO - Scraping page 8...
2025-06-22 06:35:36,574 - INFO - Found 60 links on page 6
2025-06-22 06:35:36,574 - INFO - Scraping page 9...
2025-06-22 06:35:40,402 - INFO - Found 60 links on page 7
2025-06-22 06:35:40,402 - INFO - Scraping page 10...
2025-06-22 06:35:41,255 - INFO - Found 60 links on page 8
2025-06-22 06:35:41,255 - INFO - Scraping page 11...
2025-06-22 06:35:41,536 - INFO - Found 60 links on page 9
2025-06-22 06:35:41,536 - INFO - Scraping page 12...
2025-06-22 06:35:45,501 - INFO - Found 60 links on page 10
2025-06-22 06:35:45,501 - INFO - Scraping page 13...
2025-06-22 06:35:46,128 - INFO - Found 60 links on page 11
2025-06-22 06:35:46,128 - INFO - Scraping page 14...
2025-06-22 06:35:47,326 - INFO - Found 60 links on page 12
2025-06-22 06:35:47,326 - INFO - Scraping page 15...
2025-06-22 06:35:50,197 - INFO - Found 60 links on page 13
2025-06-22 06:35:50,197 - INFO - Scraping page 16...
2025-06-22 06:35:51,425 - INFO - Found 60 links on page 14
2025-06-22 06:35:51,425 - INFO - Scraping page 17...
2025-06-22 06:35:52,392 - INFO - Found 60 links on page 15
2025-06-22 06:35:52,392 - INFO - Scraping page 18...
2025-06-22 06:35:55,440 - INFO - Found 60 links on page 16
2025-06-22 06:35:55,441 - INFO - Scraping page 19...
2025-06-22 06:35:56,589 - INFO - Found 60 links on page 17
2025-06-22 06:35:56,589 - INFO - Scraping page 20...
2025-06-22 06:35:57,680 - INFO - Found 60 links on page 18
2025-06-22 06:35:57,680 - INFO - Scraping page 21...
2025-06-22 06:36:00,616 - INFO - Found 60 links on page 19
2025-06-22 06:36:00,617 - INFO - Scraping page 22...
2025-06-22 06:36:01,800 - INFO - Found 60 links on page 20
2025-06-22 06:36:01,800 - INFO - Scraping page 23...
2025-06-22 06:36:02,804 - INFO - Found 60 links on page 21
2025-06-22 06:36:02,804 - INFO - Scraping page 24...
2025-06-22 06:36:06,337 - INFO - Found 60 links on page 22
2025-06-22 06:36:06,337 - INFO - Scraping page 25...
2025-06-22 06:36:06,739 - INFO - Found 60 links on page 23
2025-06-22 06:36:06,740 - INFO - Scraping page 26...
2025-06-22 06:36:09,158 - INFO - Found 60 links on page 24
2025-06-22 06:36:09,158 - INFO - Scraping page 27...
2025-06-22 06:36:11,594 - INFO - Found 60 links on page 25
2025-06-22 06:36:11,594 - INFO - Scraping page 28...
2025-06-22 06:36:12,203 - INFO - Found 60 links on page 26
2025-06-22 06:36:12,204 - INFO - Scraping page 29...
2025-06-22 06:36:14,479 - INFO - Found 60 links on page 27
2025-06-22 06:36:14,479 - INFO - Scraping page 30...
2025-06-22 06:36:16,725 - INFO - Found 60 links on page 28
2025-06-22 06:36:16,726 - INFO - Scraping page 31...
2025-06-22 06:36:17,545 - INFO - Found 60 links on page 29
2025-06-22 06:36:17,545 - INFO - Scraping page 32...
2025-06-22 06:36:19,370 - INFO - Found 60 links on page 30
2025-06-22 06:36:19,370 - INFO - Scraping page 33...
2025-06-22 06:36:21,970 - INFO - Found 60 links on page 31
2025-06-22 06:36:21,970 - INFO - Scraping page 34...
2025-06-22 06:36:22,919 - INFO - Found 60 links on page 32
2025-06-22 06:36:22,919 - INFO - Scraping page 35...
2025-06-22 06:36:24,121 - INFO - Found 60 links on page 33
2025-06-22 06:36:24,121 - INFO - Scraping page 36...
2025-06-22 06:36:26,709 - INFO - Found 60 links on page 34
2025-06-22 06:36:26,709 - INFO - Scraping page 37...
2025-06-22 06:36:27,257 - INFO - Found 60 links on page 35
2025-06-22 06:36:27,257 - INFO - Scraping page 38...
2025-06-22 06:36:28,338 - INFO - Found 60 links on page 36
2025-06-22 06:36:28,338 - INFO - Scraping page 39...
2025-06-22 06:36:31,437 - INFO - Found 60 links on page 37
2025-06-22 06:36:31,437 - INFO - Scraping page 40...
2025-06-22 06:36:31,994 - INFO - Found 60 links on page 38
2025-06-22 06:36:31,995 - INFO - Scraping page 41...
2025-06-22 06:36:33,088 - INFO - Found 60 links on page 39
2025-06-22 06:36:33,088 - INFO - Scraping page 42...
2025-06-22 06:36:35,804 - INFO - Found 60 links on page 40
2025-06-22 06:36:35,804 - INFO - Scraping page 43...
2025-06-22 06:36:36,674 - INFO - Found 60 links on page 41
2025-06-22 06:36:36,674 - INFO - Scraping page 44...
2025-06-22 06:36:37,658 - INFO - Found 60 links on page 42
2025-06-22 06:36:37,658 - INFO - Scraping page 45...
2025-06-22 06:36:40,003 - INFO - Found 60 links on page 43
2025-06-22 06:36:40,003 - INFO - Scraping page 46...
2025-06-22 06:36:41,410 - INFO - Found 60 links on page 44
2025-06-22 06:36:41,410 - INFO - Scraping page 47...
2025-06-22 06:36:42,355 - INFO - Found 60 links on page 45
2025-06-22 06:36:42,356 - INFO - Scraping page 48...
2025-06-22 06:36:44,469 - INFO - Found 60 links on page 46
2025-06-22 06:36:44,469 - INFO - Scraping page 49...
2025-06-22 06:36:46,211 - INFO - Found 60 links on page 47
2025-06-22 06:36:46,212 - INFO - Scraping page 50...
2025-06-22 06:36:46,787 - INFO - Found 60 links on page 48
2025-06-22 06:36:46,787 - INFO - Scraping page 51...
2025-06-22 06:36:48,832 - INFO - Found 60 links on page 49
2025-06-22 06:36:48,832 - INFO - Scraping page 52...
2025-06-22 06:36:51,332 - INFO - Found 60 links on page 50
2025-06-22 06:36:51,338 - INFO - Scraping page 53...
2025-06-22 06:36:51,465 - INFO - Found 60 links on page 51
2025-06-22 06:36:51,466 - INFO - Scraping page 54...
2025-06-22 06:36:53,498 - INFO - Found 60 links on page 52
2025-06-22 06:36:53,499 - INFO - Scraping page 55...
2025-06-22 06:36:55,931 - INFO - Found 60 links on page 54
2025-06-22 06:36:55,931 - INFO - Scraping page 56...
2025-06-22 06:36:56,335 - INFO - Found 60 links on page 53
2025-06-22 06:36:56,335 - INFO - Scraping page 57...
2025-06-22 06:36:58,052 - INFO - Found 60 links on page 55
2025-06-22 06:36:58,052 - INFO - Scraping page 58...
2025-06-22 06:37:00,398 - INFO - Found 60 links on page 56
2025-06-22 06:37:00,398 - INFO - Scraping page 59...
2025-06-22 06:37:01,190 - INFO - Found 60 links on page 57
2025-06-22 06:37:01,190 - INFO - Scraping page 60...
2025-06-22 06:37:02,868 - INFO - Found 60 links on page 58
2025-06-22 06:37:02,869 - INFO - Scraping page 61...
2025-06-22 06:37:05,249 - INFO - Found 60 links on page 60
2025-06-22 06:37:05,249 - INFO - Scraping page 62...
2025-06-22 06:37:05,539 - INFO - Found 60 links on page 59
2025-06-22 06:37:05,539 - INFO - Scraping page 63...
2025-06-22 06:37:07,999 - INFO - Found 60 links on page 61
2025-06-22 06:37:08,000 - INFO - Scraping page 64...
2025-06-22 06:37:10,119 - INFO - Found 60 links on page 62
2025-06-22 06:37:10,119 - INFO - Scraping page 65...
2025-06-22 06:37:10,971 - INFO - Found 60 links on page 63
2025-06-22 06:37:10,972 - INFO - Scraping page 66...
2025-06-22 06:37:12,668 - INFO - Found 60 links on page 64
2025-06-22 06:37:12,668 - INFO - Scraping page 67...
2025-06-22 06:37:14,463 - INFO - Found 60 links on page 65
2025-06-22 06:37:14,463 - INFO - Scraping page 68...
2025-06-22 06:37:15,467 - INFO - Found 60 links on page 66
2025-06-22 06:37:15,467 - INFO - Scraping page 69...
2025-06-22 06:37:17,541 - INFO - Found 60 links on page 67
2025-06-22 06:37:17,542 - INFO - Scraping page 70...
2025-06-22 06:37:19,742 - INFO - Found 60 links on page 68
2025-06-22 06:37:19,742 - INFO - Scraping page 71...
2025-06-22 06:37:20,126 - INFO - Found 60 links on page 69
2025-06-22 06:37:20,126 - INFO - Scraping page 72...
2025-06-22 06:37:22,638 - INFO - Found 60 links on page 70
2025-06-22 06:37:22,638 - INFO - Scraping page 73...
2025-06-22 06:37:24,533 - INFO - Found 60 links on page 71
2025-06-22 06:37:24,533 - INFO - Scraping page 74...
2025-06-22 06:37:24,800 - INFO - Found 60 links on page 72
2025-06-22 06:37:24,800 - INFO - Scraping page 75...
2025-06-22 06:37:27,202 - INFO - Found 60 links on page 73
2025-06-22 06:37:27,202 - INFO - Scraping page 76...
2025-06-22 06:37:29,071 - INFO - Found 60 links on page 74
2025-06-22 06:37:29,072 - INFO - Scraping page 77...
2025-06-22 06:37:29,412 - INFO - Found 60 links on page 75
2025-06-22 06:37:29,412 - INFO - Scraping page 78...
2025-06-22 06:37:31,854 - INFO - Found 60 links on page 76
2025-06-22 06:37:31,854 - INFO - Scraping page 79...
2025-06-22 06:37:33,963 - INFO - Found 60 links on page 77
2025-06-22 06:37:33,963 - INFO - Scraping page 80...
2025-06-22 06:37:34,173 - INFO - Found 60 links on page 78
2025-06-22 06:37:34,174 - INFO - Scraping page 81...
2025-06-22 06:37:36,351 - INFO - Found 60 links on page 79
2025-06-22 06:37:36,352 - INFO - Scraping page 82...
2025-06-22 06:37:38,604 - INFO - Found 60 links on page 81
2025-06-22 06:37:38,604 - INFO - Scraping page 83...
2025-06-22 06:37:38,869 - INFO - Found 60 links on page 80
2025-06-22 06:37:38,869 - INFO - Scraping page 84...
2025-06-22 06:37:41,480 - INFO - Found 60 links on page 82
2025-06-22 06:37:41,480 - INFO - Scraping page 85...
2025-06-22 06:37:43,047 - INFO - Found 60 links on page 83
2025-06-22 06:37:43,048 - INFO - Scraping page 86...
2025-06-22 06:37:43,814 - INFO - Found 60 links on page 84
2025-06-22 06:37:43,814 - INFO - Scraping page 87...
2025-06-22 06:37:45,941 - INFO - Found 60 links on page 85
2025-06-22 06:37:45,941 - INFO - Scraping page 88...
2025-06-22 06:37:47,979 - INFO - Found 60 links on page 86
2025-06-22 06:37:47,979 - INFO - Scraping page 89...
2025-06-22 06:37:48,710 - INFO - Found 60 links on page 87
2025-06-22 06:37:48,710 - INFO - Scraping page 90...
2025-06-22 06:37:50,529 - INFO - Found 60 links on page 88
2025-06-22 06:37:50,530 - INFO - Scraping page 91...
2025-06-22 06:37:52,809 - INFO - Found 60 links on page 89
2025-06-22 06:37:52,809 - INFO - Scraping page 92...
2025-06-22 06:37:53,279 - INFO - Found 60 links on page 90
2025-06-22 06:37:53,279 - INFO - Scraping page 93...
2025-06-22 06:37:55,045 - INFO - Found 60 links on page 91
2025-06-22 06:37:55,045 - INFO - Scraping page 94...
2025-06-22 06:37:57,682 - INFO - Found 60 links on page 93
2025-06-22 06:37:57,682 - INFO - Scraping page 95...
2025-06-22 06:37:58,183 - INFO - Found 60 links on page 92
2025-06-22 06:37:58,183 - INFO - Scraping page 96...
2025-06-22 06:38:00,018 - INFO - Found 60 links on page 94
2025-06-22 06:38:00,018 - INFO - Scraping page 97...
2025-06-22 06:38:02,875 - INFO - Found 60 links on page 96
2025-06-22 06:38:02,876 - INFO - Scraping page 98...
2025-06-22 06:38:03,175 - INFO - Found 60 links on page 95
2025-06-22 06:38:03,175 - INFO - Scraping page 99...
2025-06-22 06:38:04,611 - INFO - Found 60 links on page 97
2025-06-22 06:38:04,611 - INFO - Scraping page 100...
2025-06-22 06:38:07,736 - INFO - Found 60 links on page 99
2025-06-22 06:38:07,741 - INFO - Scraping page 101...
2025-06-22 06:38:07,849 - INFO - Found 60 links on page 98
2025-06-22 06:38:07,849 - INFO - Scraping page 102...
2025-06-22 06:38:09,118 - INFO - Found 60 links on page 100
2025-06-22 06:38:09,118 - INFO - Scraping page 103...
2025-06-22 06:38:12,789 - INFO - Found 60 links on page 101
2025-06-22 06:38:12,789 - INFO - Scraping page 104...
2025-06-22 06:38:12,992 - INFO - Found 60 links on page 102
2025-06-22 06:38:12,992 - INFO - Scraping page 105...
2025-06-22 06:38:14,026 - INFO - Found 60 links on page 103
2025-06-22 06:38:14,026 - INFO - Scraping page 106...
2025-06-22 06:38:17,604 - INFO - Found 60 links on page 105
2025-06-22 06:38:17,605 - INFO - Scraping page 107...
2025-06-22 06:38:18,478 - INFO - Found 60 links on page 104
2025-06-22 06:38:18,478 - INFO - Scraping page 108...
2025-06-22 06:38:18,828 - INFO - Found 60 links on page 106
2025-06-22 06:38:18,828 - INFO - Scraping page 109...
2025-06-22 06:38:21,970 - INFO - Found 60 links on page 107
2025-06-22 06:38:21,971 - INFO - Scraping page 110...
2025-06-22 06:38:23,011 - INFO - Found 60 links on page 108
2025-06-22 06:38:23,011 - INFO - Scraping page 111...
2025-06-22 06:38:23,279 - INFO - Found 60 links on page 109
2025-06-22 06:38:23,279 - INFO - Scraping page 112...
2025-06-22 06:38:27,087 - INFO - Found 60 links on page 110
2025-06-22 06:38:27,088 - INFO - Scraping page 113...
2025-06-22 06:38:27,298 - INFO - Found 60 links on page 111
2025-06-22 06:38:27,298 - INFO - Scraping page 114...
2025-06-22 06:38:28,586 - INFO - Found 60 links on page 112
2025-06-22 06:38:28,586 - INFO - Scraping page 115...
2025-06-22 06:38:32,021 - INFO - Found 60 links on page 113
2025-06-22 06:38:32,021 - INFO - Scraping page 116...
2025-06-22 06:38:32,227 - INFO - Found 60 links on page 114
2025-06-22 06:38:32,228 - INFO - Scraping page 117...
2025-06-22 06:38:33,533 - INFO - Found 60 links on page 115
2025-06-22 06:38:33,534 - INFO - Scraping page 118...
2025-06-22 06:38:37,061 - INFO - Found 60 links on page 116
2025-06-22 06:38:37,061 - INFO - Scraping page 119...
2025-06-22 06:38:37,375 - INFO - Found 60 links on page 117
2025-06-22 06:38:37,375 - INFO - Scraping page 120...
2025-06-22 06:38:38,607 - INFO - Found 60 links on page 118
2025-06-22 06:38:38,607 - INFO - Scraping page 121...
2025-06-22 06:38:42,658 - INFO - Found 60 links on page 119
2025-06-22 06:38:42,658 - INFO - Scraping page 122...
2025-06-22 06:38:43,000 - INFO - Found 60 links on page 120
2025-06-22 06:38:43,005 - INFO - Scraping page 123...
2025-06-22 06:38:43,178 - INFO - Found 60 links on page 121
2025-06-22 06:38:43,179 - INFO - Scraping page 124...
2025-06-22 06:38:47,875 - INFO - Found 60 links on page 123
2025-06-22 06:38:47,880 - INFO - Scraping page 125...
2025-06-22 06:38:48,188 - INFO - Found 60 links on page 122
2025-06-22 06:38:48,198 - INFO - Scraping page 126...
2025-06-22 06:38:48,259 - INFO - Found 60 links on page 124
2025-06-22 06:38:48,259 - INFO - Scraping page 127...
2025-06-22 06:38:52,555 - INFO - Found 60 links on page 125
2025-06-22 06:38:52,555 - INFO - Scraping page 128...
2025-06-22 06:38:53,237 - INFO - Found 60 links on page 127
2025-06-22 06:38:53,237 - INFO - Scraping page 129...
2025-06-22 06:38:53,497 - INFO - Found 60 links on page 126
2025-06-22 06:38:53,497 - INFO - Scraping page 130...
2025-06-22 06:38:57,677 - INFO - Found 60 links on page 128
2025-06-22 06:38:57,678 - INFO - Scraping page 131...
2025-06-22 06:38:58,415 - INFO - Found 60 links on page 130
2025-06-22 06:38:58,421 - INFO - Scraping page 132...
2025-06-22 06:38:58,589 - INFO - Found 60 links on page 129
2025-06-22 06:38:58,589 - INFO - Scraping page 133...
2025-06-22 06:39:02,669 - INFO - Found 60 links on page 131
2025-06-22 06:39:02,669 - INFO - Scraping page 134...
2025-06-22 06:39:03,046 - INFO - Found 60 links on page 132
2025-06-22 06:39:03,046 - INFO - Scraping page 135...
2025-06-22 06:39:03,652 - INFO - Found 60 links on page 133
2025-06-22 06:39:03,652 - INFO - Scraping page 136...
2025-06-22 06:39:07,360 - INFO - Found 60 links on page 134
2025-06-22 06:39:07,360 - INFO - Scraping page 137...
2025-06-22 06:39:08,173 - INFO - Found 60 links on page 135
2025-06-22 06:39:08,174 - INFO - Scraping page 138...
2025-06-22 06:39:08,463 - INFO - Found 60 links on page 136
2025-06-22 06:39:08,463 - INFO - Scraping page 139...
2025-06-22 06:39:12,485 - INFO - Found 60 links on page 137
2025-06-22 06:39:12,486 - INFO - Scraping page 140...
2025-06-22 06:39:13,120 - INFO - Found 60 links on page 139
2025-06-22 06:39:13,120 - INFO - Scraping page 141...
2025-06-22 06:39:13,326 - INFO - Found 60 links on page 138
2025-06-22 06:39:13,326 - INFO - Scraping page 142...
2025-06-22 06:39:17,040 - INFO - Found 60 links on page 140
2025-06-22 06:39:17,040 - INFO - Scraping page 143...
2025-06-22 06:39:17,459 - INFO - Found 60 links on page 141
2025-06-22 06:39:17,459 - INFO - Scraping page 144...
2025-06-22 06:39:17,723 - INFO - Found 60 links on page 142
2025-06-22 06:39:17,723 - INFO - Scraping page 145...
2025-06-22 06:39:22,027 - INFO - Found 60 links on page 143
2025-06-22 06:39:22,033 - INFO - Scraping page 146...
2025-06-22 06:39:22,191 - INFO - Found 60 links on page 144
2025-06-22 06:39:22,191 - INFO - Scraping page 147...
2025-06-22 06:39:22,588 - INFO - Found 60 links on page 145
2025-06-22 06:39:22,588 - INFO - Scraping page 148...
2025-06-22 06:39:26,259 - INFO - Found 60 links on page 147
2025-06-22 06:39:26,260 - INFO - Scraping page 149...
2025-06-22 06:39:26,934 - INFO - Found 60 links on page 146
2025-06-22 06:39:26,935 - INFO - Scraping page 150...
2025-06-22 06:39:27,201 - INFO - Found 60 links on page 148
2025-06-22 06:39:27,201 - INFO - Scraping page 151...
2025-06-22 06:39:31,401 - INFO - Found 60 links on page 149
2025-06-22 06:39:31,407 - INFO - Scraping page 152...
2025-06-22 06:39:31,677 - INFO - Found 60 links on page 150
2025-06-22 06:39:31,688 - INFO - Scraping page 153...
2025-06-22 06:39:31,830 - INFO - Found 60 links on page 151
2025-06-22 06:39:31,830 - INFO - Scraping page 154...
2025-06-22 06:39:35,944 - INFO - Found 60 links on page 152
2025-06-22 06:39:35,944 - INFO - Scraping page 155...
2025-06-22 06:39:36,467 - INFO - Found 60 links on page 153
2025-06-22 06:39:36,472 - INFO - Scraping page 156...
2025-06-22 06:39:36,632 - INFO - Found 60 links on page 154
2025-06-22 06:39:36,632 - INFO - Scraping page 157...
2025-06-22 06:39:40,495 - INFO - Found 60 links on page 155
2025-06-22 06:39:40,495 - INFO - Scraping page 158...
2025-06-22 06:39:41,438 - INFO - Found 60 links on page 156
2025-06-22 06:39:41,443 - INFO - Scraping page 159...
2025-06-22 06:39:41,576 - INFO - Found 60 links on page 157
2025-06-22 06:39:41,576 - INFO - Scraping page 160...
2025-06-22 06:39:45,143 - INFO - Found 60 links on page 158
2025-06-22 06:39:45,144 - INFO - Scraping page 161...
2025-06-22 06:39:46,457 - INFO - Found 60 links on page 159
2025-06-22 06:39:46,463 - INFO - Scraping page 162...
2025-06-22 06:39:46,623 - INFO - Found 60 links on page 160
2025-06-22 06:39:46,623 - INFO - Scraping page 163...
2025-06-22 06:39:49,715 - INFO - Found 60 links on page 161
2025-06-22 06:39:49,715 - INFO - Scraping page 164...
2025-06-22 06:39:51,008 - INFO - Found 60 links on page 163
2025-06-22 06:39:51,009 - INFO - Scraping page 165...
2025-06-22 06:39:51,487 - INFO - Found 60 links on page 162
2025-06-22 06:39:51,488 - INFO - Scraping page 166...
2025-06-22 06:39:54,663 - INFO - Found 60 links on page 164
2025-06-22 06:39:54,663 - INFO - Scraping page 167...
2025-06-22 06:39:56,214 - INFO - Found 60 links on page 165
2025-06-22 06:39:56,214 - INFO - Scraping page 168...
2025-06-22 06:39:56,853 - INFO - Found 60 links on page 166
2025-06-22 06:39:56,854 - INFO - Scraping page 169...
2025-06-22 06:39:59,401 - INFO - Found 60 links on page 167
2025-06-22 06:39:59,401 - INFO - Scraping page 170...
2025-06-22 06:40:01,185 - INFO - Found 60 links on page 168
2025-06-22 06:40:01,185 - INFO - Scraping page 171...
2025-06-22 06:40:01,430 - INFO - Found 60 links on page 169
2025-06-22 06:40:01,430 - INFO - Scraping page 172...
2025-06-22 06:40:04,649 - INFO - Found 60 links on page 170
2025-06-22 06:40:04,649 - INFO - Scraping page 173...
2025-06-22 06:40:06,062 - INFO - Found 60 links on page 172
2025-06-22 06:40:06,062 - INFO - Scraping page 174...
2025-06-22 06:40:06,645 - INFO - Found 60 links on page 171
2025-06-22 06:40:06,645 - INFO - Scraping page 175...
2025-06-22 06:40:09,831 - INFO - Found 60 links on page 173
2025-06-22 06:40:09,831 - INFO - Scraping page 176...
2025-06-22 06:40:11,102 - INFO - Found 60 links on page 174
2025-06-22 06:40:11,102 - INFO - Scraping page 177...
2025-06-22 06:40:11,484 - INFO - Found 60 links on page 175
2025-06-22 06:40:11,485 - INFO - Scraping page 178...
2025-06-22 06:40:14,275 - INFO - Found 60 links on page 176
2025-06-22 06:40:14,275 - INFO - Scraping page 179...
2025-06-22 06:40:16,194 - INFO - Found 60 links on page 177
2025-06-22 06:40:16,195 - INFO - Scraping page 180...
2025-06-22 06:40:16,705 - INFO - Found 60 links on page 178
2025-06-22 06:40:16,705 - INFO - Scraping page 181...
2025-06-22 06:40:19,328 - INFO - Found 60 links on page 179
2025-06-22 06:40:19,329 - INFO - Scraping page 182...
2025-06-22 06:40:21,710 - INFO - Found 60 links on page 180
2025-06-22 06:40:21,716 - INFO - Scraping page 183...
2025-06-22 06:40:21,738 - INFO - Found 60 links on page 181
2025-06-22 06:40:21,738 - INFO - Scraping page 184...
2025-06-22 06:40:23,945 - INFO - Found 60 links on page 182
2025-06-22 06:40:23,945 - INFO - Scraping page 185...
2025-06-22 06:40:26,420 - INFO - Found 60 links on page 183
2025-06-22 06:40:26,420 - INFO - Scraping page 186...
2025-06-22 06:40:26,697 - INFO - Found 60 links on page 184
2025-06-22 06:40:26,698 - INFO - Scraping page 187...
2025-06-22 06:40:28,475 - INFO - Found 60 links on page 185
2025-06-22 06:40:28,475 - INFO - Scraping page 188...
2025-06-22 06:40:31,570 - INFO - Found 60 links on page 186
2025-06-22 06:40:31,570 - INFO - Scraping page 189...
2025-06-22 06:40:31,792 - INFO - Found 60 links on page 187
2025-06-22 06:40:31,792 - INFO - Scraping page 190...
2025-06-22 06:40:33,454 - INFO - Found 60 links on page 188
2025-06-22 06:40:33,454 - INFO - Scraping page 191...
2025-06-22 06:40:36,361 - INFO - Found 60 links on page 190
2025-06-22 06:40:36,361 - INFO - Scraping page 192...
2025-06-22 06:40:36,574 - INFO - Found 60 links on page 189
2025-06-22 06:40:36,574 - INFO - Scraping page 193...
2025-06-22 06:40:38,366 - INFO - Found 60 links on page 191
2025-06-22 06:40:38,366 - INFO - Scraping page 194...
2025-06-22 06:40:41,670 - INFO - Found 60 links on page 192
2025-06-22 06:40:41,670 - INFO - Scraping page 195...
2025-06-22 06:40:42,093 - INFO - Found 60 links on page 193
2025-06-22 06:40:42,093 - INFO - Scraping page 196...
2025-06-22 06:40:43,020 - INFO - Found 60 links on page 194
2025-06-22 06:40:43,020 - INFO - Scraping page 197...
2025-06-22 06:40:46,604 - INFO - Found 60 links on page 195
2025-06-22 06:40:46,604 - INFO - Scraping page 198...
2025-06-22 06:40:46,928 - INFO - Found 60 links on page 196
2025-06-22 06:40:46,929 - INFO - Scraping page 199...
2025-06-22 06:40:47,907 - INFO - Found 60 links on page 197
2025-06-22 06:40:47,907 - INFO - Scraping page 200...
2025-06-22 06:40:51,273 - INFO - Found 60 links on page 198
2025-06-22 06:40:51,843 - INFO - Found 60 links on page 199
2025-06-22 06:40:53,057 - INFO - Found 60 links on page 200
2025-06-22 06:40:53,065 - INFO - Found 141 new links to scrape out of 12000 total links
2025-06-22 06:40:53,065 - INFO - Processing batch 1/3 (50 links)
2025-06-22 06:40:58,902 - INFO - Progress: 10/50 ads processed
2025-06-22 06:41:03,586 - INFO - Progress: 20/50 ads processed
2025-06-22 06:41:09,022 - INFO - Progress: 30/50 ads processed
2025-06-22 06:41:14,892 - INFO - Progress: 40/50 ads processed
2025-06-22 06:41:20,094 - INFO - Progress: 50/50 ads processed
2025-06-22 06:41:20,178 - INFO - Created backup of existing data file at unegui_data/unegui_sales_data.csv.bak
2025-06-22 06:41:20,557 - INFO - Data saved to unegui_data/unegui_sales_data.csv: 26778 records
2025-06-22 06:41:21,456 - INFO - Cache saved with 27238 URLs
2025-06-22 06:41:21,456 - INFO - Saved batch data. Total records: 26778
2025-06-22 06:41:21,456 - INFO - Processing batch 2/3 (50 links)
2025-06-22 06:41:27,431 - INFO - Progress: 10/50 ads processed
2025-06-22 06:41:32,595 - INFO - Progress: 20/50 ads processed
2025-06-22 06:41:37,878 - INFO - Progress: 30/50 ads processed
2025-06-22 06:41:42,919 - INFO - Progress: 40/50 ads processed
2025-06-22 06:41:48,142 - INFO - Progress: 50/50 ads processed
2025-06-22 06:41:48,226 - INFO - Created backup of existing data file at unegui_data/unegui_sales_data.csv.bak
2025-06-22 06:41:48,603 - INFO - Data saved to unegui_data/unegui_sales_data.csv: 26828 records
2025-06-22 06:41:49,511 - INFO - Cache saved with 27288 URLs
2025-06-22 06:41:49,511 - INFO - Saved batch data. Total records: 26828
2025-06-22 06:41:49,511 - INFO - Processing batch 3/3 (41 links)
2025-06-22 06:41:54,818 - INFO - Progress: 10/41 ads processed
2025-06-22 06:42:00,369 - INFO - Progress: 20/41 ads processed
2025-06-22 06:42:05,442 - INFO - Progress: 30/41 ads processed
2025-06-22 06:42:10,654 - INFO - Progress: 40/41 ads processed
2025-06-22 06:42:12,434 - INFO - Progress: 41/41 ads processed
2025-06-22 06:42:12,516 - INFO - Created backup of existing data file at unegui_data/unegui_sales_data.csv.bak
2025-06-22 06:42:12,894 - INFO - Data saved to unegui_data/unegui_sales_data.csv: 26868 records
2025-06-22 06:42:13,810 - INFO - Cache saved with 27329 URLs
2025-06-22 06:42:13,810 - INFO - Saved batch data. Total records: 26868
2025-06-22 06:42:13,810 - INFO - Scraping completed in 0:06:49.162014. Total ads collected: 26868
