2025-05-22 06:36:09,244 - INFO - Starting sales apartment scraper at 2025-05-22 06:36:09.244261
2025-05-22 06:36:09,495 - INFO - Loaded existing data from unegui_data/unegui_sales_data.csv: 16324 records
2025-05-22 06:36:09,708 - INFO - Loaded 16324 existing records
2025-05-22 06:36:09,726 - INFO - Scraping page 1...
2025-05-22 06:36:09,726 - INFO - Scraping page 2...
2025-05-22 06:36:09,726 - INFO - Scraping page 3...
2025-05-22 06:36:13,431 - INFO - Found 60 links on page 1
2025-05-22 06:36:13,431 - INFO - Scraping page 4...
2025-05-22 06:36:14,053 - INFO - Found 60 links on page 3
2025-05-22 06:36:14,053 - INFO - Scraping page 5...
2025-05-22 06:36:14,533 - INFO - Found 60 links on page 2
2025-05-22 06:36:14,533 - INFO - Scraping page 6...
2025-05-22 06:36:17,872 - INFO - Found 60 links on page 4
2025-05-22 06:36:17,872 - INFO - Scraping page 7...
2025-05-22 06:36:18,205 - INFO - Found 60 links on page 5
2025-05-22 06:36:18,205 - INFO - Scraping page 8...
2025-05-22 06:36:18,832 - INFO - Found 60 links on page 6
2025-05-22 06:36:18,832 - INFO - Scraping page 9...
2025-05-22 06:36:21,941 - INFO - Found 60 links on page 7
2025-05-22 06:36:21,941 - INFO - Scraping page 10...
2025-05-22 06:36:23,204 - INFO - Found 60 links on page 8
2025-05-22 06:36:23,209 - INFO - Scraping page 11...
2025-05-22 06:36:23,303 - INFO - Found 60 links on page 9
2025-05-22 06:36:23,303 - INFO - Scraping page 12...
2025-05-22 06:36:26,394 - INFO - Found 60 links on page 10
2025-05-22 06:36:26,395 - INFO - Scraping page 13...
2025-05-22 06:36:27,575 - INFO - Found 60 links on page 11
2025-05-22 06:36:27,576 - INFO - Scraping page 14...
2025-05-22 06:36:27,921 - INFO - Found 60 links on page 12
2025-05-22 06:36:27,921 - INFO - Scraping page 15...
2025-05-22 06:36:30,691 - INFO - Found 60 links on page 13
2025-05-22 06:36:30,691 - INFO - Scraping page 16...
2025-05-22 06:36:32,199 - INFO - Found 60 links on page 15
2025-05-22 06:36:32,205 - INFO - Scraping page 17...
2025-05-22 06:36:32,314 - INFO - Found 60 links on page 14
2025-05-22 06:36:32,314 - INFO - Scraping page 18...
2025-05-22 06:36:35,168 - INFO - Found 60 links on page 16
2025-05-22 06:36:35,169 - INFO - Scraping page 19...
2025-05-22 06:36:37,178 - INFO - Found 60 links on page 17
2025-05-22 06:36:37,183 - INFO - Scraping page 20...
2025-05-22 06:36:37,249 - INFO - Found 60 links on page 18
2025-05-22 06:36:37,249 - INFO - Scraping page 21...
2025-05-22 06:36:39,783 - INFO - Found 60 links on page 19
2025-05-22 06:36:39,783 - INFO - Scraping page 22...
2025-05-22 06:36:41,681 - INFO - Found 60 links on page 20
2025-05-22 06:36:41,681 - INFO - Scraping page 23...
2025-05-22 06:36:42,058 - INFO - Found 60 links on page 21
2025-05-22 06:36:42,059 - INFO - Scraping page 24...
2025-05-22 06:36:44,110 - INFO - Found 60 links on page 22
2025-05-22 06:36:44,110 - INFO - Scraping page 25...
2025-05-22 06:36:46,357 - INFO - Found 60 links on page 23
2025-05-22 06:36:46,357 - INFO - Scraping page 26...
2025-05-22 06:36:46,735 - INFO - Found 60 links on page 24
2025-05-22 06:36:46,735 - INFO - Scraping page 27...
2025-05-22 06:36:49,163 - INFO - Found 60 links on page 25
2025-05-22 06:36:49,164 - INFO - Scraping page 28...
2025-05-22 06:36:51,309 - INFO - Found 60 links on page 26
2025-05-22 06:36:51,309 - INFO - Scraping page 29...
2025-05-22 06:36:51,561 - INFO - Found 60 links on page 27
2025-05-22 06:36:51,561 - INFO - Scraping page 30...
2025-05-22 06:36:53,980 - INFO - Found 60 links on page 28
2025-05-22 06:36:53,981 - INFO - Scraping page 31...
2025-05-22 06:36:56,201 - INFO - Found 60 links on page 29
2025-05-22 06:36:56,206 - INFO - Scraping page 32...
2025-05-22 06:36:56,263 - INFO - Found 60 links on page 30
2025-05-22 06:36:56,264 - INFO - Scraping page 33...
2025-05-22 06:36:58,508 - INFO - Found 60 links on page 31
2025-05-22 06:36:58,508 - INFO - Scraping page 34...
2025-05-22 06:36:59,969 - INFO - Found 60 links on page 32
2025-05-22 06:36:59,969 - INFO - Scraping page 35...
2025-05-22 06:37:00,173 - INFO - Found 60 links on page 33
2025-05-22 06:37:00,173 - INFO - Scraping page 36...
2025-05-22 06:37:02,347 - INFO - Found 60 links on page 34
2025-05-22 06:37:02,347 - INFO - Scraping page 37...
2025-05-22 06:37:04,123 - INFO - Found 60 links on page 35
2025-05-22 06:37:04,124 - INFO - Scraping page 38...
2025-05-22 06:37:04,931 - INFO - Found 60 links on page 36
2025-05-22 06:37:04,931 - INFO - Scraping page 39...
2025-05-22 06:37:06,151 - INFO - Found 60 links on page 37
2025-05-22 06:37:06,151 - INFO - Scraping page 40...
2025-05-22 06:37:08,273 - INFO - Found 60 links on page 38
2025-05-22 06:37:08,273 - INFO - Scraping page 41...
2025-05-22 06:37:10,043 - INFO - Found 60 links on page 40
2025-05-22 06:37:10,044 - INFO - Scraping page 42...
2025-05-22 06:37:10,293 - INFO - Found 60 links on page 39
2025-05-22 06:37:10,293 - INFO - Scraping page 43...
2025-05-22 06:37:12,445 - INFO - Found 60 links on page 41
2025-05-22 06:37:12,445 - INFO - Scraping page 44...
2025-05-22 06:37:14,076 - INFO - Found 60 links on page 42
2025-05-22 06:37:14,076 - INFO - Scraping page 45...
2025-05-22 06:37:14,535 - INFO - Found 60 links on page 43
2025-05-22 06:37:14,536 - INFO - Scraping page 46...
2025-05-22 06:37:16,529 - INFO - Found 60 links on page 44
2025-05-22 06:37:16,529 - INFO - Scraping page 47...
2025-05-22 06:37:18,245 - INFO - Found 60 links on page 45
2025-05-22 06:37:18,245 - INFO - Scraping page 48...
2025-05-22 06:37:18,675 - INFO - Found 60 links on page 46
2025-05-22 06:37:18,675 - INFO - Scraping page 49...
2025-05-22 06:37:20,912 - INFO - Found 60 links on page 47
2025-05-22 06:37:20,912 - INFO - Scraping page 50...
2025-05-22 06:37:22,618 - INFO - Found 60 links on page 49
2025-05-22 06:37:22,619 - INFO - Scraping page 51...
2025-05-22 06:37:22,903 - INFO - Found 60 links on page 48
2025-05-22 06:37:22,904 - INFO - Scraping page 52...
2025-05-22 06:37:24,807 - INFO - Found 60 links on page 50
2025-05-22 06:37:24,807 - INFO - Scraping page 53...
2025-05-22 06:37:27,013 - INFO - Found 60 links on page 51
2025-05-22 06:37:27,013 - INFO - Scraping page 54...
2025-05-22 06:37:27,268 - INFO - Found 60 links on page 52
2025-05-22 06:37:27,268 - INFO - Scraping page 55...
2025-05-22 06:37:29,255 - INFO - Found 60 links on page 53
2025-05-22 06:37:29,255 - INFO - Scraping page 56...
2025-05-22 06:37:31,263 - INFO - Found 60 links on page 54
2025-05-22 06:37:31,263 - INFO - Scraping page 57...
2025-05-22 06:37:31,808 - INFO - Found 60 links on page 55
2025-05-22 06:37:31,808 - INFO - Scraping page 58...
2025-05-22 06:37:33,587 - INFO - Found 60 links on page 56
2025-05-22 06:37:33,587 - INFO - Scraping page 59...
2025-05-22 06:37:36,238 - INFO - Found 60 links on page 57
2025-05-22 06:37:36,238 - INFO - Scraping page 60...
2025-05-22 06:37:36,923 - INFO - Found 60 links on page 58
2025-05-22 06:37:36,924 - INFO - Scraping page 61...
2025-05-22 06:37:37,603 - INFO - Found 60 links on page 59
2025-05-22 06:37:37,603 - INFO - Scraping page 62...
2025-05-22 06:37:40,333 - INFO - Found 60 links on page 60
2025-05-22 06:37:40,333 - INFO - Scraping page 63...
2025-05-22 06:37:41,770 - INFO - Found 60 links on page 61
2025-05-22 06:37:41,770 - INFO - Scraping page 64...
2025-05-22 06:37:42,006 - INFO - Found 60 links on page 62
2025-05-22 06:37:42,006 - INFO - Scraping page 65...
2025-05-22 06:37:44,669 - INFO - Found 60 links on page 63
2025-05-22 06:37:44,669 - INFO - Scraping page 66...
2025-05-22 06:37:45,888 - INFO - Found 60 links on page 65
2025-05-22 06:37:45,888 - INFO - Scraping page 67...
2025-05-22 06:37:46,590 - INFO - Found 60 links on page 64
2025-05-22 06:37:46,591 - INFO - Scraping page 68...
2025-05-22 06:37:49,287 - INFO - Found 60 links on page 66
2025-05-22 06:37:49,287 - INFO - Scraping page 69...
2025-05-22 06:37:50,412 - INFO - Found 60 links on page 67
2025-05-22 06:37:50,423 - INFO - Scraping page 70...
2025-05-22 06:37:50,571 - INFO - Found 60 links on page 68
2025-05-22 06:37:50,571 - INFO - Scraping page 71...
2025-05-22 06:37:53,433 - INFO - Found 60 links on page 69
2025-05-22 06:37:53,433 - INFO - Scraping page 72...
2025-05-22 06:37:54,351 - INFO - Found 60 links on page 70
2025-05-22 06:37:54,351 - INFO - Scraping page 73...
2025-05-22 06:37:54,552 - INFO - Found 60 links on page 71
2025-05-22 06:37:54,552 - INFO - Scraping page 74...
2025-05-22 06:37:57,476 - INFO - Found 60 links on page 72
2025-05-22 06:37:57,476 - INFO - Scraping page 75...
2025-05-22 06:37:58,520 - INFO - Found 60 links on page 73
2025-05-22 06:37:58,525 - INFO - Scraping page 76...
2025-05-22 06:37:58,622 - INFO - Found 60 links on page 74
2025-05-22 06:37:58,623 - INFO - Scraping page 77...
2025-05-22 06:38:01,558 - INFO - Found 60 links on page 75
2025-05-22 06:38:01,559 - INFO - Scraping page 78...
2025-05-22 06:38:02,695 - INFO - Found 60 links on page 77
2025-05-22 06:38:02,700 - INFO - Scraping page 79...
2025-05-22 06:38:02,834 - INFO - Found 60 links on page 76
2025-05-22 06:38:02,834 - INFO - Scraping page 80...
2025-05-22 06:38:05,460 - INFO - Found 60 links on page 78
2025-05-22 06:38:05,460 - INFO - Scraping page 81...
2025-05-22 06:38:06,767 - INFO - Found 60 links on page 79
2025-05-22 06:38:06,767 - INFO - Scraping page 82...
2025-05-22 06:38:07,214 - INFO - Found 60 links on page 80
2025-05-22 06:38:07,214 - INFO - Scraping page 83...
2025-05-22 06:38:09,404 - INFO - Found 60 links on page 81
2025-05-22 06:38:09,404 - INFO - Scraping page 84...
2025-05-22 06:38:11,034 - INFO - Found 60 links on page 82
2025-05-22 06:38:11,034 - INFO - Scraping page 85...
2025-05-22 06:38:11,679 - INFO - Found 60 links on page 83
2025-05-22 06:38:11,679 - INFO - Scraping page 86...
2025-05-22 06:38:13,457 - INFO - Found 60 links on page 84
2025-05-22 06:38:13,457 - INFO - Scraping page 87...
2025-05-22 06:38:15,796 - INFO - Found 60 links on page 85
2025-05-22 06:38:15,801 - INFO - Scraping page 88...
2025-05-22 06:38:15,950 - INFO - Found 60 links on page 86
2025-05-22 06:38:15,950 - INFO - Scraping page 89...
2025-05-22 06:38:17,678 - INFO - Found 60 links on page 87
2025-05-22 06:38:17,678 - INFO - Scraping page 90...
2025-05-22 06:38:19,818 - INFO - Found 60 links on page 88
2025-05-22 06:38:19,818 - INFO - Scraping page 91...
2025-05-22 06:38:20,188 - INFO - Found 60 links on page 89
2025-05-22 06:38:20,188 - INFO - Scraping page 92...
2025-05-22 06:38:22,245 - INFO - Found 60 links on page 90
2025-05-22 06:38:22,245 - INFO - Scraping page 93...
2025-05-22 06:38:24,047 - INFO - Found 60 links on page 91
2025-05-22 06:38:24,058 - INFO - Scraping page 94...
2025-05-22 06:38:24,262 - INFO - Found 60 links on page 92
2025-05-22 06:38:24,262 - INFO - Scraping page 95...
2025-05-22 06:38:26,207 - INFO - Found 60 links on page 93
2025-05-22 06:38:26,207 - INFO - Scraping page 96...
2025-05-22 06:38:28,369 - INFO - Found 60 links on page 94
2025-05-22 06:38:28,370 - INFO - Scraping page 97...
2025-05-22 06:38:28,573 - INFO - Found 60 links on page 95
2025-05-22 06:38:28,573 - INFO - Scraping page 98...
2025-05-22 06:38:29,947 - INFO - Found 60 links on page 96
2025-05-22 06:38:29,947 - INFO - Scraping page 99...
2025-05-22 06:38:32,548 - INFO - Found 60 links on page 97
2025-05-22 06:38:32,549 - INFO - Scraping page 100...
2025-05-22 06:38:32,824 - INFO - Found 60 links on page 98
2025-05-22 06:38:32,825 - INFO - Scraping page 101...
2025-05-22 06:38:34,178 - INFO - Found 60 links on page 99
2025-05-22 06:38:34,178 - INFO - Scraping page 102...
2025-05-22 06:38:37,076 - INFO - Found 60 links on page 101
2025-05-22 06:38:37,077 - INFO - Scraping page 103...
2025-05-22 06:38:37,463 - INFO - Found 60 links on page 100
2025-05-22 06:38:37,464 - INFO - Scraping page 104...
2025-05-22 06:38:38,712 - INFO - Found 60 links on page 102
2025-05-22 06:38:38,712 - INFO - Scraping page 105...
2025-05-22 06:38:41,220 - INFO - Found 60 links on page 103
2025-05-22 06:38:41,220 - INFO - Scraping page 106...
2025-05-22 06:38:41,960 - INFO - Found 60 links on page 104
2025-05-22 06:38:41,960 - INFO - Scraping page 107...
2025-05-22 06:38:42,844 - INFO - Found 60 links on page 105
2025-05-22 06:38:42,844 - INFO - Scraping page 108...
2025-05-22 06:38:45,804 - INFO - Found 60 links on page 106
2025-05-22 06:38:45,804 - INFO - Scraping page 109...
2025-05-22 06:38:46,160 - INFO - Found 60 links on page 107
2025-05-22 06:38:46,161 - INFO - Scraping page 110...
2025-05-22 06:38:46,717 - INFO - Found 60 links on page 108
2025-05-22 06:38:46,717 - INFO - Scraping page 111...
2025-05-22 06:38:50,225 - INFO - Found 60 links on page 110
2025-05-22 06:38:50,236 - INFO - Scraping page 112...
2025-05-22 06:38:50,320 - INFO - Found 60 links on page 109
2025-05-22 06:38:50,320 - INFO - Scraping page 113...
2025-05-22 06:38:50,990 - INFO - Found 60 links on page 111
2025-05-22 06:38:50,990 - INFO - Scraping page 114...
2025-05-22 06:38:54,557 - INFO - Found 60 links on page 113
2025-05-22 06:38:54,562 - INFO - Scraping page 115...
2025-05-22 06:38:54,649 - INFO - Found 60 links on page 112
2025-05-22 06:38:54,650 - INFO - Scraping page 116...
2025-05-22 06:38:55,144 - INFO - Found 60 links on page 114
2025-05-22 06:38:55,144 - INFO - Scraping page 117...
2025-05-22 06:38:58,528 - INFO - Found 60 links on page 115
2025-05-22 06:38:58,533 - INFO - Scraping page 118...
2025-05-22 06:38:58,702 - INFO - Found 60 links on page 116
2025-05-22 06:38:58,703 - INFO - Scraping page 119...
2025-05-22 06:38:59,115 - INFO - Found 60 links on page 117
2025-05-22 06:38:59,115 - INFO - Scraping page 120...
2025-05-22 06:39:03,279 - INFO - Found 60 links on page 119
2025-05-22 06:39:03,295 - INFO - Scraping page 121...
2025-05-22 06:39:03,404 - INFO - Found 60 links on page 120
2025-05-22 06:39:03,404 - INFO - Scraping page 122...
2025-05-22 06:39:03,562 - INFO - Found 60 links on page 118
2025-05-22 06:39:03,562 - INFO - Scraping page 123...
2025-05-22 06:39:07,484 - INFO - Found 60 links on page 122
2025-05-22 06:39:07,484 - INFO - Scraping page 124...
2025-05-22 06:39:08,040 - INFO - Found 60 links on page 121
2025-05-22 06:39:08,040 - INFO - Scraping page 125...
2025-05-22 06:39:08,450 - INFO - Found 60 links on page 123
2025-05-22 06:39:08,451 - INFO - Scraping page 126...
2025-05-22 06:39:11,548 - INFO - Found 60 links on page 124
2025-05-22 06:39:11,548 - INFO - Scraping page 127...
2025-05-22 06:39:12,143 - INFO - Found 60 links on page 125
2025-05-22 06:39:12,144 - INFO - Scraping page 128...
2025-05-22 06:39:12,558 - INFO - Found 60 links on page 126
2025-05-22 06:39:12,558 - INFO - Scraping page 129...
2025-05-22 06:39:16,285 - INFO - Found 60 links on page 127
2025-05-22 06:39:16,285 - INFO - Scraping page 130...
2025-05-22 06:39:16,479 - INFO - Found 60 links on page 128
2025-05-22 06:39:16,479 - INFO - Scraping page 131...
2025-05-22 06:39:16,888 - INFO - Found 60 links on page 129
2025-05-22 06:39:16,888 - INFO - Scraping page 132...
2025-05-22 06:39:20,877 - INFO - Found 60 links on page 130
2025-05-22 06:39:20,883 - INFO - Scraping page 133...
2025-05-22 06:39:21,058 - INFO - Found 60 links on page 131
2025-05-22 06:39:21,068 - INFO - Scraping page 134...
2025-05-22 06:39:21,239 - INFO - Found 60 links on page 132
2025-05-22 06:39:21,239 - INFO - Scraping page 135...
2025-05-22 06:39:25,415 - INFO - Found 60 links on page 133
2025-05-22 06:39:25,421 - INFO - Scraping page 136...
2025-05-22 06:39:25,537 - INFO - Found 60 links on page 134
2025-05-22 06:39:25,543 - INFO - Scraping page 137...
2025-05-22 06:39:25,706 - INFO - Found 60 links on page 135
2025-05-22 06:39:25,706 - INFO - Scraping page 138...
2025-05-22 06:39:29,438 - INFO - Found 60 links on page 137
2025-05-22 06:39:29,438 - INFO - Scraping page 139...
2025-05-22 06:39:29,681 - INFO - Found 60 links on page 136
2025-05-22 06:39:29,692 - INFO - Scraping page 140...
2025-05-22 06:39:29,833 - INFO - Found 60 links on page 138
2025-05-22 06:39:29,833 - INFO - Scraping page 141...
2025-05-22 06:39:33,767 - INFO - Found 60 links on page 139
2025-05-22 06:39:33,777 - INFO - Scraping page 142...
2025-05-22 06:39:33,907 - INFO - Found 60 links on page 141
2025-05-22 06:39:33,907 - INFO - Scraping page 143...
2025-05-22 06:39:34,109 - INFO - Found 60 links on page 140
2025-05-22 06:39:34,109 - INFO - Scraping page 144...
2025-05-22 06:39:38,155 - INFO - Found 60 links on page 142
2025-05-22 06:39:38,160 - INFO - Scraping page 145...
2025-05-22 06:39:38,498 - INFO - Found 60 links on page 143
2025-05-22 06:39:38,508 - INFO - Scraping page 146...
2025-05-22 06:39:38,575 - INFO - Found 60 links on page 144
2025-05-22 06:39:38,575 - INFO - Scraping page 147...
2025-05-22 06:39:42,033 - INFO - Found 60 links on page 145
2025-05-22 06:39:42,033 - INFO - Scraping page 148...
2025-05-22 06:39:42,703 - INFO - Found 60 links on page 146
2025-05-22 06:39:42,704 - INFO - Scraping page 149...
2025-05-22 06:39:42,905 - INFO - Found 60 links on page 147
2025-05-22 06:39:42,905 - INFO - Scraping page 150...
2025-05-22 06:39:45,930 - INFO - Found 60 links on page 148
2025-05-22 06:39:45,931 - INFO - Scraping page 151...
2025-05-22 06:39:46,960 - INFO - Found 60 links on page 149
2025-05-22 06:39:46,960 - INFO - Scraping page 152...
2025-05-22 06:39:47,280 - INFO - Found 60 links on page 150
2025-05-22 06:39:47,280 - INFO - Scraping page 153...
2025-05-22 06:39:50,010 - INFO - Found 60 links on page 151
2025-05-22 06:39:50,010 - INFO - Scraping page 154...
2025-05-22 06:39:50,995 - INFO - Found 60 links on page 152
2025-05-22 06:39:50,995 - INFO - Scraping page 155...
2025-05-22 06:39:52,403 - INFO - Found 60 links on page 153
2025-05-22 06:39:52,403 - INFO - Scraping page 156...
2025-05-22 06:39:54,342 - INFO - Found 60 links on page 154
2025-05-22 06:39:54,342 - INFO - Scraping page 157...
2025-05-22 06:39:55,473 - INFO - Found 60 links on page 155
2025-05-22 06:39:55,473 - INFO - Scraping page 158...
2025-05-22 06:39:56,285 - INFO - Found 60 links on page 156
2025-05-22 06:39:56,285 - INFO - Scraping page 159...
2025-05-22 06:39:58,371 - INFO - Found 60 links on page 157
2025-05-22 06:39:58,371 - INFO - Scraping page 160...
2025-05-22 06:39:59,536 - INFO - Found 60 links on page 158
2025-05-22 06:39:59,536 - INFO - Scraping page 161...
2025-05-22 06:40:00,708 - INFO - Found 60 links on page 159
2025-05-22 06:40:00,709 - INFO - Scraping page 162...
2025-05-22 06:40:02,301 - INFO - Found 60 links on page 160
2025-05-22 06:40:02,301 - INFO - Scraping page 163...
2025-05-22 06:40:03,862 - INFO - Found 60 links on page 161
2025-05-22 06:40:03,862 - INFO - Scraping page 164...
2025-05-22 06:40:04,869 - INFO - Found 60 links on page 162
2025-05-22 06:40:04,869 - INFO - Scraping page 165...
2025-05-22 06:40:06,465 - INFO - Found 60 links on page 163
2025-05-22 06:40:06,466 - INFO - Scraping page 166...
2025-05-22 06:40:08,126 - INFO - Found 60 links on page 164
2025-05-22 06:40:08,126 - INFO - Scraping page 167...
2025-05-22 06:40:09,011 - INFO - Found 60 links on page 165
2025-05-22 06:40:09,011 - INFO - Scraping page 168...
2025-05-22 06:40:10,453 - INFO - Found 60 links on page 166
2025-05-22 06:40:10,453 - INFO - Scraping page 169...
2025-05-22 06:40:13,163 - INFO - Found 60 links on page 167
2025-05-22 06:40:13,163 - INFO - Scraping page 170...
2025-05-22 06:40:13,914 - INFO - Found 60 links on page 168
2025-05-22 06:40:13,914 - INFO - Scraping page 171...
2025-05-22 06:40:14,649 - INFO - Found 60 links on page 169
2025-05-22 06:40:14,649 - INFO - Scraping page 172...
2025-05-22 06:40:17,425 - INFO - Found 60 links on page 170
2025-05-22 06:40:17,426 - INFO - Scraping page 173...
2025-05-22 06:40:17,988 - INFO - Found 60 links on page 171
2025-05-22 06:40:17,989 - INFO - Scraping page 174...
2025-05-22 06:40:18,589 - INFO - Found 60 links on page 172
2025-05-22 06:40:18,589 - INFO - Scraping page 175...
2025-05-22 06:40:21,889 - INFO - Found 60 links on page 174
2025-05-22 06:40:21,890 - INFO - Scraping page 176...
2025-05-22 06:40:22,323 - INFO - Found 60 links on page 173
2025-05-22 06:40:22,323 - INFO - Scraping page 177...
2025-05-22 06:40:22,600 - INFO - Found 60 links on page 175
2025-05-22 06:40:22,600 - INFO - Scraping page 178...
2025-05-22 06:40:26,266 - INFO - Found 60 links on page 176
2025-05-22 06:40:26,266 - INFO - Scraping page 179...
2025-05-22 06:40:26,770 - INFO - Found 60 links on page 178
2025-05-22 06:40:26,775 - INFO - Scraping page 180...
2025-05-22 06:40:26,893 - INFO - Found 60 links on page 177
2025-05-22 06:40:26,893 - INFO - Scraping page 181...
2025-05-22 06:40:30,174 - INFO - Found 60 links on page 179
2025-05-22 06:40:30,174 - INFO - Scraping page 182...
2025-05-22 06:40:30,884 - INFO - Found 60 links on page 180
2025-05-22 06:40:30,894 - INFO - Scraping page 183...
2025-05-22 06:40:31,021 - INFO - Found 60 links on page 181
2025-05-22 06:40:31,021 - INFO - Scraping page 184...
2025-05-22 06:40:34,682 - INFO - Found 60 links on page 182
2025-05-22 06:40:34,682 - INFO - Scraping page 185...
2025-05-22 06:40:35,188 - INFO - Found 60 links on page 184
2025-05-22 06:40:35,189 - INFO - Scraping page 186...
2025-05-22 06:40:36,156 - INFO - Found 60 links on page 183
2025-05-22 06:40:36,156 - INFO - Scraping page 187...
2025-05-22 06:40:38,536 - INFO - Found 60 links on page 185
2025-05-22 06:40:38,536 - INFO - Scraping page 188...
2025-05-22 06:40:39,234 - INFO - Found 60 links on page 186
2025-05-22 06:40:39,234 - INFO - Scraping page 189...
2025-05-22 06:40:40,864 - INFO - Found 60 links on page 187
2025-05-22 06:40:40,864 - INFO - Scraping page 190...
2025-05-22 06:40:43,289 - INFO - Found 60 links on page 188
2025-05-22 06:40:43,295 - INFO - Scraping page 191...
2025-05-22 06:40:43,524 - INFO - Found 60 links on page 189
2025-05-22 06:40:43,525 - INFO - Scraping page 192...
2025-05-22 06:40:45,140 - INFO - Found 60 links on page 190
2025-05-22 06:40:45,140 - INFO - Scraping page 193...
2025-05-22 06:40:47,569 - INFO - Found 60 links on page 191
2025-05-22 06:40:47,569 - INFO - Scraping page 194...
2025-05-22 06:40:48,508 - INFO - Found 60 links on page 192
2025-05-22 06:40:48,509 - INFO - Scraping page 195...
2025-05-22 06:40:49,319 - INFO - Found 60 links on page 193
2025-05-22 06:40:49,319 - INFO - Scraping page 196...
2025-05-22 06:40:51,614 - INFO - Found 60 links on page 194
2025-05-22 06:40:51,614 - INFO - Scraping page 197...
2025-05-22 06:40:52,875 - INFO - Found 60 links on page 195
2025-05-22 06:40:52,875 - INFO - Scraping page 198...
2025-05-22 06:40:53,426 - INFO - Found 60 links on page 196
2025-05-22 06:40:53,426 - INFO - Scraping page 199...
2025-05-22 06:40:55,768 - INFO - Found 60 links on page 197
2025-05-22 06:40:55,769 - INFO - Scraping page 200...
2025-05-22 06:40:57,142 - INFO - Found 60 links on page 198
2025-05-22 06:40:57,530 - INFO - Found 60 links on page 199
2025-05-22 06:41:00,120 - INFO - Found 60 links on page 200
2025-05-22 06:41:00,128 - INFO - Found 464 new links to scrape out of 12000 total links
2025-05-22 06:41:00,128 - INFO - Processing batch 1/10 (50 links)
2025-05-22 06:41:06,104 - INFO - Progress: 10/50 ads processed
2025-05-22 06:41:10,940 - INFO - Progress: 20/50 ads processed
2025-05-22 06:41:16,153 - INFO - Progress: 30/50 ads processed
2025-05-22 06:41:21,210 - INFO - Progress: 40/50 ads processed
2025-05-22 06:41:26,628 - INFO - Progress: 50/50 ads processed
2025-05-22 06:41:26,681 - INFO - Created backup of existing data file at unegui_data/unegui_sales_data.csv.bak
2025-05-22 06:41:26,908 - INFO - Data saved to unegui_data/unegui_sales_data.csv: 16374 records
2025-05-22 06:41:27,457 - INFO - Cache saved with 16649 URLs
2025-05-22 06:41:27,457 - INFO - Saved batch data. Total records: 16374
2025-05-22 06:41:27,457 - INFO - Processing batch 2/10 (50 links)
2025-05-22 06:41:32,865 - INFO - Progress: 10/50 ads processed
2025-05-22 06:41:38,425 - INFO - Progress: 20/50 ads processed
2025-05-22 06:41:43,407 - INFO - Progress: 30/50 ads processed
2025-05-22 06:41:48,519 - INFO - Progress: 40/50 ads processed
2025-05-22 06:41:54,126 - INFO - Progress: 50/50 ads processed
2025-05-22 06:41:54,177 - INFO - Created backup of existing data file at unegui_data/unegui_sales_data.csv.bak
2025-05-22 06:41:54,403 - INFO - Data saved to unegui_data/unegui_sales_data.csv: 16424 records
2025-05-22 06:41:54,957 - INFO - Cache saved with 16699 URLs
2025-05-22 06:41:54,957 - INFO - Saved batch data. Total records: 16424
2025-05-22 06:41:54,957 - INFO - Processing batch 3/10 (50 links)
2025-05-22 06:42:01,552 - INFO - Progress: 10/50 ads processed
2025-05-22 06:42:06,669 - INFO - Progress: 20/50 ads processed
2025-05-22 06:42:11,667 - INFO - Progress: 30/50 ads processed
2025-05-22 06:42:17,356 - INFO - Progress: 40/50 ads processed
2025-05-22 06:42:22,349 - INFO - Progress: 50/50 ads processed
2025-05-22 06:42:22,399 - INFO - Created backup of existing data file at unegui_data/unegui_sales_data.csv.bak
2025-05-22 06:42:22,625 - INFO - Data saved to unegui_data/unegui_sales_data.csv: 16469 records
2025-05-22 06:42:23,170 - INFO - Cache saved with 16749 URLs
2025-05-22 06:42:23,170 - INFO - Saved batch data. Total records: 16469
2025-05-22 06:42:23,171 - INFO - Processing batch 4/10 (50 links)
2025-05-22 06:42:28,793 - INFO - Progress: 10/50 ads processed
2025-05-22 06:42:33,926 - INFO - Progress: 20/50 ads processed
2025-05-22 06:42:39,041 - INFO - Progress: 30/50 ads processed
2025-05-22 06:42:44,363 - INFO - Progress: 40/50 ads processed
2025-05-22 06:42:49,368 - INFO - Progress: 50/50 ads processed
2025-05-22 06:42:49,419 - INFO - Created backup of existing data file at unegui_data/unegui_sales_data.csv.bak
2025-05-22 06:42:49,647 - INFO - Data saved to unegui_data/unegui_sales_data.csv: 16518 records
2025-05-22 06:42:50,183 - INFO - Cache saved with 16799 URLs
2025-05-22 06:42:50,183 - INFO - Saved batch data. Total records: 16518
2025-05-22 06:42:50,183 - INFO - Processing batch 5/10 (50 links)
2025-05-22 06:42:55,261 - INFO - Progress: 10/50 ads processed
2025-05-22 06:43:00,988 - INFO - Progress: 20/50 ads processed
2025-05-22 06:43:05,802 - INFO - Progress: 30/50 ads processed
2025-05-22 06:43:10,752 - INFO - Progress: 40/50 ads processed
2025-05-22 06:43:15,787 - INFO - Progress: 50/50 ads processed
2025-05-22 06:43:15,839 - INFO - Created backup of existing data file at unegui_data/unegui_sales_data.csv.bak
2025-05-22 06:43:16,067 - INFO - Data saved to unegui_data/unegui_sales_data.csv: 16567 records
2025-05-22 06:43:16,615 - INFO - Cache saved with 16849 URLs
2025-05-22 06:43:16,615 - INFO - Saved batch data. Total records: 16567
2025-05-22 06:43:16,615 - INFO - Processing batch 6/10 (50 links)
2025-05-22 06:43:22,363 - INFO - Progress: 10/50 ads processed
2025-05-22 06:43:27,933 - INFO - Progress: 20/50 ads processed
2025-05-22 06:43:33,147 - INFO - Progress: 30/50 ads processed
2025-05-22 06:43:38,514 - INFO - Progress: 40/50 ads processed
2025-05-22 06:43:43,604 - INFO - Progress: 50/50 ads processed
2025-05-22 06:43:43,658 - INFO - Created backup of existing data file at unegui_data/unegui_sales_data.csv.bak
2025-05-22 06:43:43,899 - INFO - Data saved to unegui_data/unegui_sales_data.csv: 16613 records
2025-05-22 06:43:44,452 - INFO - Cache saved with 16899 URLs
2025-05-22 06:43:44,452 - INFO - Saved batch data. Total records: 16613
2025-05-22 06:43:44,452 - INFO - Processing batch 7/10 (50 links)
2025-05-22 06:43:49,976 - INFO - Progress: 10/50 ads processed
2025-05-22 06:43:55,698 - INFO - Progress: 20/50 ads processed
2025-05-22 06:44:00,712 - INFO - Progress: 30/50 ads processed
2025-05-22 06:44:05,844 - INFO - Progress: 40/50 ads processed
2025-05-22 06:44:10,930 - INFO - Progress: 50/50 ads processed
2025-05-22 06:44:10,981 - INFO - Created backup of existing data file at unegui_data/unegui_sales_data.csv.bak
2025-05-22 06:44:11,214 - INFO - Data saved to unegui_data/unegui_sales_data.csv: 16662 records
2025-05-22 06:44:11,768 - INFO - Cache saved with 16949 URLs
2025-05-22 06:44:11,768 - INFO - Saved batch data. Total records: 16662
2025-05-22 06:44:11,768 - INFO - Processing batch 8/10 (50 links)
2025-05-22 06:44:17,095 - INFO - Progress: 10/50 ads processed
2025-05-22 06:44:22,402 - INFO - Progress: 20/50 ads processed
2025-05-22 06:44:27,765 - INFO - Progress: 30/50 ads processed
2025-05-22 06:44:33,045 - INFO - Progress: 40/50 ads processed
2025-05-22 06:44:37,915 - INFO - Progress: 50/50 ads processed
2025-05-22 06:44:37,967 - INFO - Created backup of existing data file at unegui_data/unegui_sales_data.csv.bak
2025-05-22 06:44:38,199 - INFO - Data saved to unegui_data/unegui_sales_data.csv: 16711 records
2025-05-22 06:44:38,765 - INFO - Cache saved with 16999 URLs
2025-05-22 06:44:38,765 - INFO - Saved batch data. Total records: 16711
2025-05-22 06:44:38,765 - INFO - Processing batch 9/10 (50 links)
2025-05-22 06:44:45,023 - INFO - Progress: 10/50 ads processed
2025-05-22 06:44:49,979 - INFO - Progress: 20/50 ads processed
2025-05-22 06:44:55,543 - INFO - Progress: 30/50 ads processed
2025-05-22 06:45:00,674 - INFO - Progress: 40/50 ads processed
2025-05-22 06:45:06,024 - INFO - Progress: 50/50 ads processed
2025-05-22 06:45:06,076 - INFO - Created backup of existing data file at unegui_data/unegui_sales_data.csv.bak
2025-05-22 06:45:06,310 - INFO - Data saved to unegui_data/unegui_sales_data.csv: 16761 records
2025-05-22 06:45:06,873 - INFO - Cache saved with 17049 URLs
2025-05-22 06:45:06,873 - INFO - Saved batch data. Total records: 16761
2025-05-22 06:45:06,873 - INFO - Processing batch 10/10 (14 links)
2025-05-22 06:45:12,175 - INFO - Progress: 10/14 ads processed
2025-05-22 06:45:14,982 - INFO - Progress: 14/14 ads processed
2025-05-22 06:45:15,035 - INFO - Created backup of existing data file at unegui_data/unegui_sales_data.csv.bak
2025-05-22 06:45:15,268 - INFO - Data saved to unegui_data/unegui_sales_data.csv: 16775 records
2025-05-22 06:45:15,826 - INFO - Cache saved with 17063 URLs
2025-05-22 06:45:15,827 - INFO - Saved batch data. Total records: 16775
2025-05-22 06:45:15,827 - INFO - Scraping completed in 0:09:06.582839. Total ads collected: 16775
