2025-05-24 06:32:46,996 - INFO - Starting sales apartment scraper at 2025-05-24 06:32:46.996812
2025-05-24 06:32:47,269 - INFO - Loaded existing data from unegui_data/unegui_sales_data.csv: 17075 records
2025-05-24 06:32:47,466 - INFO - Loaded 17075 existing records
2025-05-24 06:32:47,478 - INFO - Scraping page 1...
2025-05-24 06:32:47,478 - INFO - Scraping page 2...
2025-05-24 06:32:47,479 - INFO - Scraping page 3...
2025-05-24 06:32:51,131 - INFO - Found 60 links on page 1
2025-05-24 06:32:51,132 - INFO - Scraping page 4...
2025-05-24 06:32:52,384 - INFO - Found 60 links on page 3
2025-05-24 06:32:52,390 - INFO - Scraping page 5...
2025-05-24 06:32:52,591 - INFO - Found 60 links on page 2
2025-05-24 06:32:52,591 - INFO - Scraping page 6...
2025-05-24 06:32:55,355 - INFO - Found 60 links on page 4
2025-05-24 06:32:55,355 - INFO - Scraping page 7...
2025-05-24 06:32:56,651 - INFO - Found 60 links on page 5
2025-05-24 06:32:56,651 - INFO - Scraping page 8...
2025-05-24 06:32:56,921 - INFO - Found 60 links on page 6
2025-05-24 06:32:56,921 - INFO - Scraping page 9...
2025-05-24 06:32:59,879 - INFO - Found 60 links on page 7
2025-05-24 06:32:59,879 - INFO - Scraping page 10...
2025-05-24 06:33:01,058 - INFO - Found 60 links on page 8
2025-05-24 06:33:01,063 - INFO - Scraping page 11...
2025-05-24 06:33:01,177 - INFO - Found 60 links on page 9
2025-05-24 06:33:01,177 - INFO - Scraping page 12...
2025-05-24 06:33:04,430 - INFO - Found 60 links on page 10
2025-05-24 06:33:04,430 - INFO - Scraping page 13...
2025-05-24 06:33:05,535 - INFO - Found 60 links on page 11
2025-05-24 06:33:05,535 - INFO - Scraping page 14...
2025-05-24 06:33:06,055 - INFO - Found 60 links on page 12
2025-05-24 06:33:06,056 - INFO - Scraping page 15...
2025-05-24 06:33:08,743 - INFO - Found 60 links on page 13
2025-05-24 06:33:08,743 - INFO - Scraping page 16...
2025-05-24 06:33:10,020 - INFO - Found 60 links on page 14
2025-05-24 06:33:10,020 - INFO - Scraping page 17...
2025-05-24 06:33:10,265 - INFO - Found 60 links on page 15
2025-05-24 06:33:10,265 - INFO - Scraping page 18...
2025-05-24 06:33:13,593 - INFO - Found 60 links on page 16
2025-05-24 06:33:13,593 - INFO - Scraping page 19...
2025-05-24 06:33:15,045 - INFO - Found 60 links on page 17
2025-05-24 06:33:15,045 - INFO - Scraping page 20...
2025-05-24 06:33:15,246 - INFO - Found 60 links on page 18
2025-05-24 06:33:15,246 - INFO - Scraping page 21...
2025-05-24 06:33:18,203 - INFO - Found 60 links on page 19
2025-05-24 06:33:18,203 - INFO - Scraping page 22...
2025-05-24 06:33:19,336 - INFO - Found 60 links on page 20
2025-05-24 06:33:19,336 - INFO - Scraping page 23...
2025-05-24 06:33:19,715 - INFO - Found 60 links on page 21
2025-05-24 06:33:19,715 - INFO - Scraping page 24...
2025-05-24 06:33:22,731 - INFO - Found 60 links on page 22
2025-05-24 06:33:22,731 - INFO - Scraping page 25...
2025-05-24 06:33:23,911 - INFO - Found 60 links on page 23
2025-05-24 06:33:23,911 - INFO - Scraping page 26...
2025-05-24 06:33:24,167 - INFO - Found 60 links on page 24
2025-05-24 06:33:24,167 - INFO - Scraping page 27...
2025-05-24 06:33:27,174 - INFO - Found 60 links on page 25
2025-05-24 06:33:27,174 - INFO - Scraping page 28...
2025-05-24 06:33:28,485 - INFO - Found 60 links on page 26
2025-05-24 06:33:28,485 - INFO - Scraping page 29...
2025-05-24 06:33:28,690 - INFO - Found 60 links on page 27
2025-05-24 06:33:28,691 - INFO - Scraping page 30...
2025-05-24 06:33:31,621 - INFO - Found 60 links on page 28
2025-05-24 06:33:31,621 - INFO - Scraping page 31...
2025-05-24 06:33:33,132 - INFO - Found 60 links on page 30
2025-05-24 06:33:33,132 - INFO - Scraping page 32...
2025-05-24 06:33:33,508 - INFO - Found 60 links on page 29
2025-05-24 06:33:33,508 - INFO - Scraping page 33...
2025-05-24 06:33:35,486 - INFO - Found 60 links on page 31
2025-05-24 06:33:35,486 - INFO - Scraping page 34...
2025-05-24 06:33:36,946 - INFO - Found 60 links on page 32
2025-05-24 06:33:36,947 - INFO - Scraping page 35...
2025-05-24 06:33:37,557 - INFO - Found 60 links on page 33
2025-05-24 06:33:37,557 - INFO - Scraping page 36...
2025-05-24 06:33:39,549 - INFO - Found 60 links on page 34
2025-05-24 06:33:39,549 - INFO - Scraping page 37...
2025-05-24 06:33:40,947 - INFO - Found 60 links on page 35
2025-05-24 06:33:40,947 - INFO - Scraping page 38...
2025-05-24 06:33:41,590 - INFO - Found 60 links on page 36
2025-05-24 06:33:41,590 - INFO - Scraping page 39...
2025-05-24 06:33:43,495 - INFO - Found 60 links on page 37
2025-05-24 06:33:43,495 - INFO - Scraping page 40...
2025-05-24 06:33:44,968 - INFO - Found 60 links on page 38
2025-05-24 06:33:44,968 - INFO - Scraping page 41...
2025-05-24 06:33:45,855 - INFO - Found 60 links on page 39
2025-05-24 06:33:45,855 - INFO - Scraping page 42...
2025-05-24 06:33:47,440 - INFO - Found 60 links on page 40
2025-05-24 06:33:47,440 - INFO - Scraping page 43...
2025-05-24 06:33:48,946 - INFO - Found 60 links on page 41
2025-05-24 06:33:48,946 - INFO - Scraping page 44...
2025-05-24 06:33:49,638 - INFO - Found 60 links on page 42
2025-05-24 06:33:49,638 - INFO - Scraping page 45...
2025-05-24 06:33:51,265 - INFO - Found 60 links on page 43
2025-05-24 06:33:51,265 - INFO - Scraping page 46...
2025-05-24 06:33:53,002 - INFO - Found 60 links on page 44
2025-05-24 06:33:53,002 - INFO - Scraping page 47...
2025-05-24 06:33:53,851 - INFO - Found 60 links on page 45
2025-05-24 06:33:53,851 - INFO - Scraping page 48...
2025-05-24 06:33:55,210 - INFO - Found 60 links on page 46
2025-05-24 06:33:55,210 - INFO - Scraping page 49...
2025-05-24 06:33:56,865 - INFO - Found 60 links on page 47
2025-05-24 06:33:56,865 - INFO - Scraping page 50...
2025-05-24 06:33:57,843 - INFO - Found 60 links on page 48
2025-05-24 06:33:57,844 - INFO - Scraping page 51...
2025-05-24 06:33:59,847 - INFO - Found 60 links on page 49
2025-05-24 06:33:59,847 - INFO - Scraping page 52...
2025-05-24 06:34:00,766 - INFO - Found 60 links on page 50
2025-05-24 06:34:00,767 - INFO - Scraping page 53...
2025-05-24 06:34:02,126 - INFO - Found 60 links on page 51
2025-05-24 06:34:02,127 - INFO - Scraping page 54...
2025-05-24 06:34:04,819 - INFO - Found 60 links on page 53
2025-05-24 06:34:04,824 - INFO - Scraping page 55...
2025-05-24 06:34:05,032 - INFO - Found 60 links on page 52
2025-05-24 06:34:05,032 - INFO - Scraping page 56...
2025-05-24 06:34:05,931 - INFO - Found 60 links on page 54
2025-05-24 06:34:05,931 - INFO - Scraping page 57...
2025-05-24 06:34:08,911 - INFO - Found 60 links on page 55
2025-05-24 06:34:08,911 - INFO - Scraping page 58...
2025-05-24 06:34:09,356 - INFO - Found 60 links on page 56
2025-05-24 06:34:09,356 - INFO - Scraping page 59...
2025-05-24 06:34:09,712 - INFO - Found 60 links on page 57
2025-05-24 06:34:09,712 - INFO - Scraping page 60...
2025-05-24 06:34:13,091 - INFO - Found 60 links on page 58
2025-05-24 06:34:13,091 - INFO - Scraping page 61...
2025-05-24 06:34:13,646 - INFO - Found 60 links on page 59
2025-05-24 06:34:13,647 - INFO - Scraping page 62...
2025-05-24 06:34:13,816 - INFO - Found 60 links on page 60
2025-05-24 06:34:13,816 - INFO - Scraping page 63...
2025-05-24 06:34:16,913 - INFO - Found 60 links on page 61
2025-05-24 06:34:16,914 - INFO - Scraping page 64...
2025-05-24 06:34:17,488 - INFO - Found 60 links on page 62
2025-05-24 06:34:17,488 - INFO - Scraping page 65...
2025-05-24 06:34:18,249 - INFO - Found 60 links on page 63
2025-05-24 06:34:18,249 - INFO - Scraping page 66...
2025-05-24 06:34:21,733 - INFO - Found 60 links on page 65
2025-05-24 06:34:21,738 - INFO - Scraping page 67...
2025-05-24 06:34:21,988 - INFO - Found 60 links on page 64
2025-05-24 06:34:21,988 - INFO - Scraping page 68...
2025-05-24 06:34:22,363 - INFO - Found 60 links on page 66
2025-05-24 06:34:22,364 - INFO - Scraping page 69...
2025-05-24 06:34:25,665 - INFO - Found 60 links on page 67
2025-05-24 06:34:25,666 - INFO - Scraping page 70...
2025-05-24 06:34:26,088 - INFO - Found 60 links on page 68
2025-05-24 06:34:26,088 - INFO - Scraping page 71...
2025-05-24 06:34:26,453 - INFO - Found 60 links on page 69
2025-05-24 06:34:26,453 - INFO - Scraping page 72...
2025-05-24 06:34:29,429 - INFO - Found 60 links on page 70
2025-05-24 06:34:29,429 - INFO - Scraping page 73...
2025-05-24 06:34:29,937 - INFO - Found 60 links on page 71
2025-05-24 06:34:29,937 - INFO - Scraping page 74...
2025-05-24 06:34:30,622 - INFO - Found 60 links on page 72
2025-05-24 06:34:30,622 - INFO - Scraping page 75...
2025-05-24 06:34:33,742 - INFO - Found 60 links on page 73
2025-05-24 06:34:33,742 - INFO - Scraping page 76...
2025-05-24 06:34:34,129 - INFO - Found 60 links on page 74
2025-05-24 06:34:34,129 - INFO - Scraping page 77...
2025-05-24 06:34:34,396 - INFO - Found 60 links on page 75
2025-05-24 06:34:34,396 - INFO - Scraping page 78...
2025-05-24 06:34:37,914 - INFO - Found 60 links on page 76
2025-05-24 06:34:37,914 - INFO - Scraping page 79...
2025-05-24 06:34:38,264 - INFO - Found 60 links on page 77
2025-05-24 06:34:38,264 - INFO - Scraping page 80...
2025-05-24 06:34:38,577 - INFO - Found 60 links on page 78
2025-05-24 06:34:38,577 - INFO - Scraping page 81...
2025-05-24 06:34:41,766 - INFO - Found 60 links on page 79
2025-05-24 06:34:41,766 - INFO - Scraping page 82...
2025-05-24 06:34:42,533 - INFO - Found 60 links on page 81
2025-05-24 06:34:42,533 - INFO - Scraping page 83...
2025-05-24 06:34:42,806 - INFO - Found 60 links on page 80
2025-05-24 06:34:42,806 - INFO - Scraping page 84...
2025-05-24 06:34:46,762 - INFO - Found 60 links on page 82
2025-05-24 06:34:46,773 - INFO - Scraping page 85...
2025-05-24 06:34:47,013 - INFO - Found 60 links on page 83
2025-05-24 06:34:47,018 - INFO - Scraping page 86...
2025-05-24 06:34:47,110 - INFO - Found 60 links on page 84
2025-05-24 06:34:47,110 - INFO - Scraping page 87...
2025-05-24 06:34:50,730 - INFO - Found 60 links on page 85
2025-05-24 06:34:50,730 - INFO - Scraping page 88...
2025-05-24 06:34:50,972 - INFO - Found 60 links on page 86
2025-05-24 06:34:50,972 - INFO - Scraping page 89...
2025-05-24 06:34:51,826 - INFO - Found 60 links on page 87
2025-05-24 06:34:51,826 - INFO - Scraping page 90...
2025-05-24 06:34:54,582 - INFO - Found 60 links on page 88
2025-05-24 06:34:54,582 - INFO - Scraping page 91...
2025-05-24 06:34:54,877 - INFO - Found 60 links on page 89
2025-05-24 06:34:54,877 - INFO - Scraping page 92...
2025-05-24 06:34:56,433 - INFO - Found 60 links on page 90
2025-05-24 06:34:56,433 - INFO - Scraping page 93...
2025-05-24 06:34:58,700 - INFO - Found 60 links on page 92
2025-05-24 06:34:58,700 - INFO - Scraping page 94...
2025-05-24 06:34:59,270 - INFO - Found 60 links on page 91
2025-05-24 06:34:59,270 - INFO - Scraping page 95...
2025-05-24 06:35:00,543 - INFO - Found 60 links on page 93
2025-05-24 06:35:00,543 - INFO - Scraping page 96...
2025-05-24 06:35:02,872 - INFO - Found 60 links on page 94
2025-05-24 06:35:02,872 - INFO - Scraping page 97...
2025-05-24 06:35:03,133 - INFO - Found 60 links on page 95
2025-05-24 06:35:03,133 - INFO - Scraping page 98...
2025-05-24 06:35:04,605 - INFO - Found 60 links on page 96
2025-05-24 06:35:04,605 - INFO - Scraping page 99...
2025-05-24 06:35:07,109 - INFO - Found 60 links on page 97
2025-05-24 06:35:07,114 - INFO - Scraping page 100...
2025-05-24 06:35:07,272 - INFO - Found 60 links on page 98
2025-05-24 06:35:07,272 - INFO - Scraping page 101...
2025-05-24 06:35:09,248 - INFO - Found 60 links on page 99
2025-05-24 06:35:09,248 - INFO - Scraping page 102...
2025-05-24 06:35:11,375 - INFO - Found 60 links on page 100
2025-05-24 06:35:11,376 - INFO - Scraping page 103...
2025-05-24 06:35:11,588 - INFO - Found 60 links on page 101
2025-05-24 06:35:11,588 - INFO - Scraping page 104...
2025-05-24 06:35:13,516 - INFO - Found 60 links on page 102
2025-05-24 06:35:13,516 - INFO - Scraping page 105...
2025-05-24 06:35:15,384 - INFO - Found 60 links on page 103
2025-05-24 06:35:15,385 - INFO - Scraping page 106...
2025-05-24 06:35:15,942 - INFO - Found 60 links on page 104
2025-05-24 06:35:15,942 - INFO - Scraping page 107...
2025-05-24 06:35:17,968 - INFO - Found 60 links on page 105
2025-05-24 06:35:17,968 - INFO - Scraping page 108...
2025-05-24 06:35:19,751 - INFO - Found 60 links on page 106
2025-05-24 06:35:19,751 - INFO - Scraping page 109...
2025-05-24 06:35:20,119 - INFO - Found 60 links on page 107
2025-05-24 06:35:20,119 - INFO - Scraping page 110...
2025-05-24 06:35:22,760 - INFO - Found 60 links on page 108
2025-05-24 06:35:22,760 - INFO - Scraping page 111...
2025-05-24 06:35:24,130 - INFO - Found 60 links on page 109
2025-05-24 06:35:24,131 - INFO - Scraping page 112...
2025-05-24 06:35:24,383 - INFO - Found 60 links on page 110
2025-05-24 06:35:24,383 - INFO - Scraping page 113...
2025-05-24 06:35:26,617 - INFO - Found 60 links on page 111
2025-05-24 06:35:26,617 - INFO - Scraping page 114...
2025-05-24 06:35:28,082 - INFO - Found 60 links on page 112
2025-05-24 06:35:28,082 - INFO - Scraping page 115...
2025-05-24 06:35:28,692 - INFO - Found 60 links on page 113
2025-05-24 06:35:28,692 - INFO - Scraping page 116...
2025-05-24 06:35:31,355 - INFO - Found 60 links on page 114
2025-05-24 06:35:31,356 - INFO - Scraping page 117...
2025-05-24 06:35:32,536 - INFO - Found 60 links on page 115
2025-05-24 06:35:32,536 - INFO - Scraping page 118...
2025-05-24 06:35:32,732 - INFO - Found 60 links on page 116
2025-05-24 06:35:32,733 - INFO - Scraping page 119...
2025-05-24 06:35:35,563 - INFO - Found 60 links on page 117
2025-05-24 06:35:35,564 - INFO - Scraping page 120...
2025-05-24 06:35:36,571 - INFO - Found 60 links on page 119
2025-05-24 06:35:36,571 - INFO - Scraping page 121...
2025-05-24 06:35:36,871 - INFO - Found 60 links on page 118
2025-05-24 06:35:36,871 - INFO - Scraping page 122...
2025-05-24 06:35:39,720 - INFO - Found 60 links on page 120
2025-05-24 06:35:39,720 - INFO - Scraping page 123...
2025-05-24 06:35:40,677 - INFO - Found 60 links on page 122
2025-05-24 06:35:40,677 - INFO - Scraping page 124...
2025-05-24 06:35:41,039 - INFO - Found 60 links on page 121
2025-05-24 06:35:41,039 - INFO - Scraping page 125...
2025-05-24 06:35:43,470 - INFO - Found 60 links on page 123
2025-05-24 06:35:43,470 - INFO - Scraping page 126...
2025-05-24 06:35:45,216 - INFO - Found 60 links on page 124
2025-05-24 06:35:45,221 - INFO - Scraping page 127...
2025-05-24 06:35:45,305 - INFO - Found 60 links on page 125
2025-05-24 06:35:45,305 - INFO - Scraping page 128...
2025-05-24 06:35:47,569 - INFO - Found 60 links on page 126
2025-05-24 06:35:47,569 - INFO - Scraping page 129...
2025-05-24 06:35:49,359 - INFO - Found 60 links on page 128
2025-05-24 06:35:49,360 - INFO - Scraping page 130...
2025-05-24 06:35:49,584 - INFO - Found 60 links on page 127
2025-05-24 06:35:49,585 - INFO - Scraping page 131...
2025-05-24 06:35:51,672 - INFO - Found 60 links on page 129
2025-05-24 06:35:51,672 - INFO - Scraping page 132...
2025-05-24 06:35:53,273 - INFO - Found 60 links on page 130
2025-05-24 06:35:53,273 - INFO - Scraping page 133...
2025-05-24 06:35:53,736 - INFO - Found 60 links on page 131
2025-05-24 06:35:53,737 - INFO - Scraping page 134...
2025-05-24 06:35:56,450 - INFO - Found 60 links on page 132
2025-05-24 06:35:56,450 - INFO - Scraping page 135...
2025-05-24 06:35:57,128 - INFO - Found 60 links on page 133
2025-05-24 06:35:57,128 - INFO - Scraping page 136...
2025-05-24 06:35:57,712 - INFO - Found 60 links on page 134
2025-05-24 06:35:57,712 - INFO - Scraping page 137...
2025-05-24 06:36:00,227 - INFO - Found 60 links on page 135
2025-05-24 06:36:00,227 - INFO - Scraping page 138...
2025-05-24 06:36:01,028 - INFO - Found 60 links on page 136
2025-05-24 06:36:01,029 - INFO - Scraping page 139...
2025-05-24 06:36:01,848 - INFO - Found 60 links on page 137
2025-05-24 06:36:01,849 - INFO - Scraping page 140...
2025-05-24 06:36:04,906 - INFO - Found 60 links on page 138
2025-05-24 06:36:04,906 - INFO - Scraping page 141...
2025-05-24 06:36:05,396 - INFO - Found 60 links on page 139
2025-05-24 06:36:05,396 - INFO - Scraping page 142...
2025-05-24 06:36:05,849 - INFO - Found 60 links on page 140
2025-05-24 06:36:05,849 - INFO - Scraping page 143...
2025-05-24 06:36:09,311 - INFO - Found 60 links on page 141
2025-05-24 06:36:09,311 - INFO - Scraping page 144...
2025-05-24 06:36:10,025 - INFO - Found 60 links on page 142
2025-05-24 06:36:10,035 - INFO - Scraping page 145...
2025-05-24 06:36:10,074 - INFO - Found 60 links on page 143
2025-05-24 06:36:10,074 - INFO - Scraping page 146...
2025-05-24 06:36:13,204 - INFO - Found 60 links on page 144
2025-05-24 06:36:13,205 - INFO - Scraping page 147...
2025-05-24 06:36:14,408 - INFO - Found 60 links on page 145
2025-05-24 06:36:14,408 - INFO - Scraping page 148...
2025-05-24 06:36:14,600 - INFO - Found 60 links on page 146
2025-05-24 06:36:14,600 - INFO - Scraping page 149...
2025-05-24 06:36:17,313 - INFO - Found 60 links on page 147
2025-05-24 06:36:17,313 - INFO - Scraping page 150...
2025-05-24 06:36:18,494 - INFO - Found 60 links on page 148
2025-05-24 06:36:18,494 - INFO - Scraping page 151...
2025-05-24 06:36:19,143 - INFO - Found 60 links on page 149
2025-05-24 06:36:19,143 - INFO - Scraping page 152...
2025-05-24 06:36:21,323 - INFO - Found 60 links on page 150
2025-05-24 06:36:21,323 - INFO - Scraping page 153...
2025-05-24 06:36:22,524 - INFO - Found 60 links on page 151
2025-05-24 06:36:22,524 - INFO - Scraping page 154...
2025-05-24 06:36:23,409 - INFO - Found 60 links on page 152
2025-05-24 06:36:23,409 - INFO - Scraping page 155...
2025-05-24 06:36:25,658 - INFO - Found 60 links on page 153
2025-05-24 06:36:25,658 - INFO - Scraping page 156...
2025-05-24 06:36:26,323 - INFO - Found 60 links on page 154
2025-05-24 06:36:26,323 - INFO - Scraping page 157...
2025-05-24 06:36:27,340 - INFO - Found 60 links on page 155
2025-05-24 06:36:27,341 - INFO - Scraping page 158...
2025-05-24 06:36:29,571 - INFO - Found 60 links on page 156
2025-05-24 06:36:29,571 - INFO - Scraping page 159...
2025-05-24 06:36:30,333 - INFO - Found 60 links on page 157
2025-05-24 06:36:30,333 - INFO - Scraping page 160...
2025-05-24 06:36:31,243 - INFO - Found 60 links on page 158
2025-05-24 06:36:31,244 - INFO - Scraping page 161...
2025-05-24 06:36:33,736 - INFO - Found 60 links on page 159
2025-05-24 06:36:33,736 - INFO - Scraping page 162...
2025-05-24 06:36:34,267 - INFO - Found 60 links on page 160
2025-05-24 06:36:34,268 - INFO - Scraping page 163...
2025-05-24 06:36:35,122 - INFO - Found 60 links on page 161
2025-05-24 06:36:35,122 - INFO - Scraping page 164...
2025-05-24 06:36:37,786 - INFO - Found 60 links on page 162
2025-05-24 06:36:37,786 - INFO - Scraping page 165...
2025-05-24 06:36:38,527 - INFO - Found 60 links on page 163
2025-05-24 06:36:38,528 - INFO - Scraping page 166...
2025-05-24 06:36:39,308 - INFO - Found 60 links on page 164
2025-05-24 06:36:39,309 - INFO - Scraping page 167...
2025-05-24 06:36:41,668 - INFO - Found 60 links on page 165
2025-05-24 06:36:41,668 - INFO - Scraping page 168...
2025-05-24 06:36:43,311 - INFO - Found 60 links on page 166
2025-05-24 06:36:43,311 - INFO - Scraping page 169...
2025-05-24 06:36:43,605 - INFO - Found 60 links on page 167
2025-05-24 06:36:43,605 - INFO - Scraping page 170...
2025-05-24 06:36:45,857 - INFO - Found 60 links on page 168
2025-05-24 06:36:45,858 - INFO - Scraping page 171...
2025-05-24 06:36:47,589 - INFO - Found 60 links on page 170
2025-05-24 06:36:47,590 - INFO - Scraping page 172...
2025-05-24 06:36:47,986 - INFO - Found 60 links on page 169
2025-05-24 06:36:47,986 - INFO - Scraping page 173...
2025-05-24 06:36:50,821 - INFO - Found 60 links on page 171
2025-05-24 06:36:50,821 - INFO - Scraping page 174...
2025-05-24 06:36:51,821 - INFO - Found 60 links on page 172
2025-05-24 06:36:51,821 - INFO - Scraping page 175...
2025-05-24 06:36:52,098 - INFO - Found 60 links on page 173
2025-05-24 06:36:52,098 - INFO - Scraping page 176...
2025-05-24 06:36:54,833 - INFO - Found 60 links on page 174
2025-05-24 06:36:54,833 - INFO - Scraping page 177...
2025-05-24 06:36:55,892 - INFO - Found 60 links on page 175
2025-05-24 06:36:55,892 - INFO - Scraping page 178...
2025-05-24 06:36:56,542 - INFO - Found 60 links on page 176
2025-05-24 06:36:56,542 - INFO - Scraping page 179...
2025-05-24 06:36:59,256 - INFO - Found 60 links on page 177
2025-05-24 06:36:59,256 - INFO - Scraping page 180...
2025-05-24 06:36:59,933 - INFO - Found 60 links on page 178
2025-05-24 06:36:59,933 - INFO - Scraping page 181...
2025-05-24 06:37:00,772 - INFO - Found 60 links on page 179
2025-05-24 06:37:00,772 - INFO - Scraping page 182...
2025-05-24 06:37:03,056 - INFO - Found 60 links on page 180
2025-05-24 06:37:03,056 - INFO - Scraping page 183...
2025-05-24 06:37:04,261 - INFO - Found 60 links on page 181
2025-05-24 06:37:04,261 - INFO - Scraping page 184...
2025-05-24 06:37:04,921 - INFO - Found 60 links on page 182
2025-05-24 06:37:04,921 - INFO - Scraping page 185...
2025-05-24 06:37:07,718 - INFO - Found 60 links on page 183
2025-05-24 06:37:07,718 - INFO - Scraping page 186...
2025-05-24 06:37:08,513 - INFO - Found 60 links on page 184
2025-05-24 06:37:08,513 - INFO - Scraping page 187...
2025-05-24 06:37:08,943 - INFO - Found 60 links on page 185
2025-05-24 06:37:08,944 - INFO - Scraping page 188...
2025-05-24 06:37:11,606 - INFO - Found 60 links on page 186
2025-05-24 06:37:11,606 - INFO - Scraping page 189...
2025-05-24 06:37:12,496 - INFO - Found 60 links on page 187
2025-05-24 06:37:12,496 - INFO - Scraping page 190...
2025-05-24 06:37:12,933 - INFO - Found 60 links on page 188
2025-05-24 06:37:12,934 - INFO - Scraping page 191...
2025-05-24 06:37:15,764 - INFO - Found 60 links on page 189
2025-05-24 06:37:15,765 - INFO - Scraping page 192...
2025-05-24 06:37:16,898 - INFO - Found 60 links on page 190
2025-05-24 06:37:16,899 - INFO - Scraping page 193...
2025-05-24 06:37:17,130 - INFO - Found 60 links on page 191
2025-05-24 06:37:17,130 - INFO - Scraping page 194...
2025-05-24 06:37:19,855 - INFO - Found 60 links on page 192
2025-05-24 06:37:19,856 - INFO - Scraping page 195...
2025-05-24 06:37:21,066 - INFO - Found 60 links on page 193
2025-05-24 06:37:21,066 - INFO - Scraping page 196...
2025-05-24 06:37:21,484 - INFO - Found 60 links on page 194
2025-05-24 06:37:21,484 - INFO - Scraping page 197...
2025-05-24 06:37:24,204 - INFO - Found 60 links on page 195
2025-05-24 06:37:24,204 - INFO - Scraping page 198...
2025-05-24 06:37:25,304 - INFO - Found 60 links on page 196
2025-05-24 06:37:25,304 - INFO - Scraping page 199...
2025-05-24 06:37:25,769 - INFO - Found 60 links on page 197
2025-05-24 06:37:25,770 - INFO - Scraping page 200...
2025-05-24 06:37:28,808 - INFO - Found 60 links on page 198
2025-05-24 06:37:29,509 - INFO - Found 60 links on page 199
2025-05-24 06:37:29,890 - INFO - Found 60 links on page 200
2025-05-24 06:37:29,898 - INFO - Found 215 new links to scrape out of 12000 total links
2025-05-24 06:37:29,898 - INFO - Processing batch 1/5 (50 links)
2025-05-24 06:37:35,925 - INFO - Progress: 10/50 ads processed
2025-05-24 06:37:40,954 - INFO - Progress: 20/50 ads processed
2025-05-24 06:37:45,929 - INFO - Progress: 30/50 ads processed
2025-05-24 06:37:51,071 - INFO - Progress: 40/50 ads processed
2025-05-24 06:37:55,854 - INFO - Progress: 50/50 ads processed
2025-05-24 06:37:55,909 - INFO - Created backup of existing data file at unegui_data/unegui_sales_data.csv.bak
2025-05-24 06:37:56,148 - INFO - Data saved to unegui_data/unegui_sales_data.csv: 17122 records
2025-05-24 06:37:56,714 - INFO - Cache saved with 17416 URLs
2025-05-24 06:37:56,714 - INFO - Saved batch data. Total records: 17122
2025-05-24 06:37:56,714 - INFO - Processing batch 2/5 (50 links)
2025-05-24 06:38:01,972 - INFO - Progress: 10/50 ads processed
2025-05-24 06:38:06,978 - INFO - Progress: 20/50 ads processed
2025-05-24 06:38:12,871 - INFO - Progress: 30/50 ads processed
2025-05-24 06:38:18,489 - INFO - Progress: 40/50 ads processed
2025-05-24 06:38:23,392 - INFO - Progress: 50/50 ads processed
2025-05-24 06:38:23,445 - INFO - Created backup of existing data file at unegui_data/unegui_sales_data.csv.bak
2025-05-24 06:38:23,683 - INFO - Data saved to unegui_data/unegui_sales_data.csv: 17172 records
2025-05-24 06:38:24,256 - INFO - Cache saved with 17466 URLs
2025-05-24 06:38:24,256 - INFO - Saved batch data. Total records: 17172
2025-05-24 06:38:24,256 - INFO - Processing batch 3/5 (50 links)
2025-05-24 06:38:30,100 - INFO - Progress: 10/50 ads processed
2025-05-24 06:38:35,630 - INFO - Progress: 20/50 ads processed
2025-05-24 06:38:40,508 - INFO - Progress: 30/50 ads processed
2025-05-24 06:38:45,163 - INFO - Progress: 40/50 ads processed
2025-05-24 06:38:50,333 - INFO - Progress: 50/50 ads processed
2025-05-24 06:38:50,388 - INFO - Created backup of existing data file at unegui_data/unegui_sales_data.csv.bak
2025-05-24 06:38:50,629 - INFO - Data saved to unegui_data/unegui_sales_data.csv: 17221 records
2025-05-24 06:38:51,203 - INFO - Cache saved with 17516 URLs
2025-05-24 06:38:51,203 - INFO - Saved batch data. Total records: 17221
2025-05-24 06:38:51,203 - INFO - Processing batch 4/5 (50 links)
2025-05-24 06:38:56,480 - INFO - Progress: 10/50 ads processed
2025-05-24 06:39:01,545 - INFO - Progress: 20/50 ads processed
2025-05-24 06:39:06,916 - INFO - Progress: 30/50 ads processed
2025-05-24 06:39:12,476 - INFO - Progress: 40/50 ads processed
2025-05-24 06:39:17,488 - INFO - Progress: 50/50 ads processed
2025-05-24 06:39:17,542 - INFO - Created backup of existing data file at unegui_data/unegui_sales_data.csv.bak
2025-05-24 06:39:17,782 - INFO - Data saved to unegui_data/unegui_sales_data.csv: 17271 records
2025-05-24 06:39:18,355 - INFO - Cache saved with 17566 URLs
2025-05-24 06:39:18,355 - INFO - Saved batch data. Total records: 17271
2025-05-24 06:39:18,355 - INFO - Processing batch 5/5 (15 links)
2025-05-24 06:39:23,701 - INFO - Progress: 10/15 ads processed
2025-05-24 06:39:26,215 - INFO - Progress: 15/15 ads processed
2025-05-24 06:39:26,268 - INFO - Created backup of existing data file at unegui_data/unegui_sales_data.csv.bak
2025-05-24 06:39:26,510 - INFO - Data saved to unegui_data/unegui_sales_data.csv: 17286 records
2025-05-24 06:39:27,089 - INFO - Cache saved with 17581 URLs
2025-05-24 06:39:27,089 - INFO - Saved batch data. Total records: 17286
2025-05-24 06:39:27,089 - INFO - Scraping completed in 0:06:40.092510. Total ads collected: 17286
