2025-05-16 06:36:20,774 - INFO - Starting sales apartment scraper at 2025-05-16 06:36:20.774008
2025-05-16 06:36:21,012 - INFO - Loaded existing data from unegui_data/unegui_sales_data.csv: 14242 records
2025-05-16 06:36:21,197 - INFO - Loaded 14242 existing records
2025-05-16 06:36:21,211 - INFO - Scraping page 1...
2025-05-16 06:36:21,211 - INFO - Scraping page 2...
2025-05-16 06:36:21,211 - INFO - Scraping page 3...
2025-05-16 06:36:25,544 - INFO - Found 60 links on page 1
2025-05-16 06:36:25,549 - INFO - Scraping page 4...
2025-05-16 06:36:25,686 - INFO - Found 60 links on page 2
2025-05-16 06:36:25,686 - INFO - Scraping page 5...
2025-05-16 06:36:26,273 - INFO - Found 60 links on page 3
2025-05-16 06:36:26,273 - INFO - Scraping page 6...
2025-05-16 06:36:29,959 - INFO - Found 60 links on page 4
2025-05-16 06:36:29,960 - INFO - Scraping page 7...
2025-05-16 06:36:30,330 - INFO - Found 60 links on page 5
2025-05-16 06:36:30,330 - INFO - Scraping page 8...
2025-05-16 06:36:30,546 - INFO - Found 60 links on page 6
2025-05-16 06:36:30,547 - INFO - Scraping page 9...
2025-05-16 06:36:34,113 - INFO - Found 60 links on page 7
2025-05-16 06:36:34,113 - INFO - Scraping page 10...
2025-05-16 06:36:34,444 - INFO - Found 60 links on page 9
2025-05-16 06:36:34,444 - INFO - Scraping page 11...
2025-05-16 06:36:34,859 - INFO - Found 60 links on page 8
2025-05-16 06:36:34,860 - INFO - Scraping page 12...
2025-05-16 06:36:39,133 - INFO - Found 60 links on page 11
2025-05-16 06:36:39,139 - INFO - Scraping page 13...
2025-05-16 06:36:39,334 - INFO - Found 60 links on page 10
2025-05-16 06:36:39,340 - INFO - Scraping page 14...
2025-05-16 06:36:39,496 - INFO - Found 60 links on page 12
2025-05-16 06:36:39,496 - INFO - Scraping page 15...
2025-05-16 06:36:43,197 - INFO - Found 60 links on page 13
2025-05-16 06:36:43,197 - INFO - Scraping page 16...
2025-05-16 06:36:43,515 - INFO - Found 60 links on page 15
2025-05-16 06:36:43,520 - INFO - Scraping page 17...
2025-05-16 06:36:43,773 - INFO - Found 60 links on page 14
2025-05-16 06:36:43,773 - INFO - Scraping page 18...
2025-05-16 06:36:47,165 - INFO - Found 60 links on page 16
2025-05-16 06:36:47,166 - INFO - Scraping page 19...
2025-05-16 06:36:47,486 - INFO - Found 60 links on page 17
2025-05-16 06:36:47,486 - INFO - Scraping page 20...
2025-05-16 06:36:47,811 - INFO - Found 60 links on page 18
2025-05-16 06:36:47,811 - INFO - Scraping page 21...
2025-05-16 06:36:51,706 - INFO - Found 60 links on page 19
2025-05-16 06:36:51,706 - INFO - Scraping page 22...
2025-05-16 06:36:51,919 - INFO - Found 60 links on page 20
2025-05-16 06:36:51,919 - INFO - Scraping page 23...
2025-05-16 06:36:52,289 - INFO - Found 60 links on page 21
2025-05-16 06:36:52,289 - INFO - Scraping page 24...
2025-05-16 06:36:56,116 - INFO - Found 60 links on page 22
2025-05-16 06:36:56,117 - INFO - Scraping page 25...
2025-05-16 06:36:56,644 - INFO - Found 60 links on page 24
2025-05-16 06:36:56,644 - INFO - Scraping page 26...
2025-05-16 06:36:56,900 - INFO - Found 60 links on page 23
2025-05-16 06:36:56,900 - INFO - Scraping page 27...
2025-05-16 06:37:00,442 - INFO - Found 60 links on page 25
2025-05-16 06:37:00,442 - INFO - Scraping page 28...
2025-05-16 06:37:01,043 - INFO - Found 60 links on page 26
2025-05-16 06:37:01,044 - INFO - Scraping page 29...
2025-05-16 06:37:01,785 - INFO - Found 60 links on page 27
2025-05-16 06:37:01,785 - INFO - Scraping page 30...
2025-05-16 06:37:05,010 - INFO - Found 60 links on page 28
2025-05-16 06:37:05,010 - INFO - Scraping page 31...
2025-05-16 06:37:05,570 - INFO - Found 60 links on page 29
2025-05-16 06:37:05,570 - INFO - Scraping page 32...
2025-05-16 06:37:06,963 - INFO - Found 60 links on page 30
2025-05-16 06:37:06,963 - INFO - Scraping page 33...
2025-05-16 06:37:08,946 - INFO - Found 60 links on page 31
2025-05-16 06:37:08,946 - INFO - Scraping page 34...
2025-05-16 06:37:09,847 - INFO - Found 60 links on page 32
2025-05-16 06:37:09,847 - INFO - Scraping page 35...
2025-05-16 06:37:10,849 - INFO - Found 60 links on page 33
2025-05-16 06:37:10,849 - INFO - Scraping page 36...
2025-05-16 06:37:13,151 - INFO - Found 60 links on page 34
2025-05-16 06:37:13,151 - INFO - Scraping page 37...
2025-05-16 06:37:14,005 - INFO - Found 60 links on page 35
2025-05-16 06:37:14,005 - INFO - Scraping page 38...
2025-05-16 06:37:14,722 - INFO - Found 60 links on page 36
2025-05-16 06:37:14,722 - INFO - Scraping page 39...
2025-05-16 06:37:16,949 - INFO - Found 60 links on page 37
2025-05-16 06:37:16,949 - INFO - Scraping page 40...
2025-05-16 06:37:17,755 - INFO - Found 60 links on page 38
2025-05-16 06:37:17,756 - INFO - Scraping page 41...
2025-05-16 06:37:18,594 - INFO - Found 60 links on page 39
2025-05-16 06:37:18,594 - INFO - Scraping page 42...
2025-05-16 06:37:21,082 - INFO - Found 60 links on page 40
2025-05-16 06:37:21,082 - INFO - Scraping page 43...
2025-05-16 06:37:22,035 - INFO - Found 60 links on page 41
2025-05-16 06:37:22,040 - INFO - Scraping page 44...
2025-05-16 06:37:22,244 - INFO - Found 60 links on page 42
2025-05-16 06:37:22,244 - INFO - Scraping page 45...
2025-05-16 06:37:25,338 - INFO - Found 60 links on page 43
2025-05-16 06:37:25,338 - INFO - Scraping page 46...
2025-05-16 06:37:26,101 - INFO - Found 60 links on page 45
2025-05-16 06:37:26,101 - INFO - Scraping page 47...
2025-05-16 06:37:26,642 - INFO - Found 60 links on page 44
2025-05-16 06:37:26,643 - INFO - Scraping page 48...
2025-05-16 06:37:29,457 - INFO - Found 60 links on page 46
2025-05-16 06:37:29,457 - INFO - Scraping page 49...
2025-05-16 06:37:30,034 - INFO - Found 60 links on page 47
2025-05-16 06:37:30,035 - INFO - Scraping page 50...
2025-05-16 06:37:30,774 - INFO - Found 60 links on page 48
2025-05-16 06:37:30,774 - INFO - Scraping page 51...
2025-05-16 06:37:33,563 - INFO - Found 60 links on page 49
2025-05-16 06:37:33,564 - INFO - Scraping page 52...
2025-05-16 06:37:33,775 - INFO - Found 60 links on page 50
2025-05-16 06:37:33,775 - INFO - Scraping page 53...
2025-05-16 06:37:35,296 - INFO - Found 60 links on page 51
2025-05-16 06:37:35,297 - INFO - Scraping page 54...
2025-05-16 06:37:37,940 - INFO - Found 60 links on page 53
2025-05-16 06:37:37,940 - INFO - Scraping page 55...
2025-05-16 06:37:38,449 - INFO - Found 60 links on page 52
2025-05-16 06:37:38,449 - INFO - Scraping page 56...
2025-05-16 06:37:39,618 - INFO - Found 60 links on page 54
2025-05-16 06:37:39,618 - INFO - Scraping page 57...
2025-05-16 06:37:41,818 - INFO - Found 60 links on page 55
2025-05-16 06:37:41,818 - INFO - Scraping page 58...
2025-05-16 06:37:42,443 - INFO - Found 60 links on page 56
2025-05-16 06:37:42,443 - INFO - Scraping page 59...
2025-05-16 06:37:44,075 - INFO - Found 60 links on page 57
2025-05-16 06:37:44,075 - INFO - Scraping page 60...
2025-05-16 06:37:45,806 - INFO - Found 60 links on page 58
2025-05-16 06:37:45,806 - INFO - Scraping page 61...
2025-05-16 06:37:46,851 - INFO - Found 60 links on page 59
2025-05-16 06:37:46,851 - INFO - Scraping page 62...
2025-05-16 06:37:49,473 - INFO - Found 60 links on page 60
2025-05-16 06:37:49,473 - INFO - Scraping page 63...
2025-05-16 06:37:50,443 - INFO - Found 60 links on page 61
2025-05-16 06:37:50,443 - INFO - Scraping page 64...
2025-05-16 06:37:50,652 - INFO - Found 60 links on page 62
2025-05-16 06:37:50,652 - INFO - Scraping page 65...
2025-05-16 06:37:53,679 - INFO - Found 60 links on page 63
2025-05-16 06:37:53,679 - INFO - Scraping page 66...
2025-05-16 06:37:54,467 - INFO - Found 60 links on page 64
2025-05-16 06:37:54,467 - INFO - Scraping page 67...
2025-05-16 06:37:54,905 - INFO - Found 60 links on page 65
2025-05-16 06:37:54,905 - INFO - Scraping page 68...
2025-05-16 06:37:57,931 - INFO - Found 60 links on page 66
2025-05-16 06:37:57,931 - INFO - Scraping page 69...
2025-05-16 06:37:58,421 - INFO - Found 60 links on page 67
2025-05-16 06:37:58,421 - INFO - Scraping page 70...
2025-05-16 06:37:58,787 - INFO - Found 60 links on page 68
2025-05-16 06:37:58,787 - INFO - Scraping page 71...
2025-05-16 06:38:02,174 - INFO - Found 60 links on page 69
2025-05-16 06:38:02,174 - INFO - Scraping page 72...
2025-05-16 06:38:02,427 - INFO - Found 60 links on page 70
2025-05-16 06:38:02,427 - INFO - Scraping page 73...
2025-05-16 06:38:02,636 - INFO - Found 60 links on page 71
2025-05-16 06:38:02,637 - INFO - Scraping page 74...
2025-05-16 06:38:06,183 - INFO - Found 60 links on page 72
2025-05-16 06:38:06,183 - INFO - Scraping page 75...
2025-05-16 06:38:06,756 - INFO - Found 60 links on page 74
2025-05-16 06:38:06,756 - INFO - Scraping page 76...
2025-05-16 06:38:06,964 - INFO - Found 60 links on page 73
2025-05-16 06:38:06,964 - INFO - Scraping page 77...
2025-05-16 06:38:10,963 - INFO - Found 60 links on page 77
2025-05-16 06:38:10,963 - INFO - Scraping page 78...
2025-05-16 06:38:11,372 - INFO - Found 60 links on page 75
2025-05-16 06:38:11,382 - INFO - Scraping page 79...
2025-05-16 06:38:11,408 - INFO - Found 60 links on page 76
2025-05-16 06:38:11,408 - INFO - Scraping page 80...
2025-05-16 06:38:15,482 - INFO - Found 60 links on page 80
2025-05-16 06:38:15,503 - INFO - Scraping page 81...
2025-05-16 06:38:15,899 - INFO - Found 60 links on page 79
2025-05-16 06:38:15,910 - INFO - Scraping page 82...
2025-05-16 06:38:15,929 - INFO - Found 60 links on page 78
2025-05-16 06:38:15,929 - INFO - Scraping page 83...
2025-05-16 06:38:20,123 - INFO - Found 60 links on page 83
2025-05-16 06:38:20,123 - INFO - Scraping page 84...
2025-05-16 06:38:20,610 - INFO - Found 60 links on page 82
2025-05-16 06:38:20,615 - INFO - Scraping page 85...
2025-05-16 06:38:20,619 - INFO - Found 60 links on page 81
2025-05-16 06:38:20,619 - INFO - Scraping page 86...
2025-05-16 06:38:24,456 - INFO - Found 60 links on page 84
2025-05-16 06:38:24,456 - INFO - Scraping page 87...
2025-05-16 06:38:24,961 - INFO - Found 60 links on page 85
2025-05-16 06:38:24,966 - INFO - Scraping page 88...
2025-05-16 06:38:25,139 - INFO - Found 60 links on page 86
2025-05-16 06:38:25,139 - INFO - Scraping page 89...
2025-05-16 06:38:28,463 - INFO - Found 60 links on page 87
2025-05-16 06:38:28,464 - INFO - Scraping page 90...
2025-05-16 06:38:28,730 - INFO - Found 60 links on page 88
2025-05-16 06:38:28,730 - INFO - Scraping page 91...
2025-05-16 06:38:29,352 - INFO - Found 60 links on page 89
2025-05-16 06:38:29,352 - INFO - Scraping page 92...
2025-05-16 06:38:32,701 - INFO - Found 60 links on page 90
2025-05-16 06:38:32,701 - INFO - Scraping page 93...
2025-05-16 06:38:33,263 - INFO - Found 60 links on page 91
2025-05-16 06:38:33,263 - INFO - Scraping page 94...
2025-05-16 06:38:34,071 - INFO - Found 60 links on page 92
2025-05-16 06:38:34,071 - INFO - Scraping page 95...
2025-05-16 06:38:36,524 - INFO - Found 60 links on page 93
2025-05-16 06:38:36,524 - INFO - Scraping page 96...
2025-05-16 06:38:37,303 - INFO - Found 60 links on page 94
2025-05-16 06:38:37,304 - INFO - Scraping page 97...
2025-05-16 06:38:38,200 - INFO - Found 60 links on page 95
2025-05-16 06:38:38,200 - INFO - Scraping page 98...
2025-05-16 06:38:40,717 - INFO - Found 60 links on page 96
2025-05-16 06:38:40,717 - INFO - Scraping page 99...
2025-05-16 06:38:41,236 - INFO - Found 60 links on page 97
2025-05-16 06:38:41,236 - INFO - Scraping page 100...
2025-05-16 06:38:42,537 - INFO - Found 60 links on page 98
2025-05-16 06:38:42,537 - INFO - Scraping page 101...
2025-05-16 06:38:44,661 - INFO - Found 60 links on page 99
2025-05-16 06:38:44,661 - INFO - Scraping page 102...
2025-05-16 06:38:45,460 - INFO - Found 60 links on page 100
2025-05-16 06:38:45,461 - INFO - Scraping page 103...
2025-05-16 06:38:46,813 - INFO - Found 60 links on page 101
2025-05-16 06:38:46,814 - INFO - Scraping page 104...
2025-05-16 06:38:49,199 - INFO - Found 60 links on page 102
2025-05-16 06:38:49,199 - INFO - Scraping page 105...
2025-05-16 06:38:49,707 - INFO - Found 60 links on page 103
2025-05-16 06:38:49,707 - INFO - Scraping page 106...
2025-05-16 06:38:51,613 - INFO - Found 60 links on page 104
2025-05-16 06:38:51,613 - INFO - Scraping page 107...
2025-05-16 06:38:54,100 - INFO - Found 60 links on page 105
2025-05-16 06:38:54,105 - INFO - Scraping page 108...
2025-05-16 06:38:54,245 - INFO - Found 60 links on page 106
2025-05-16 06:38:54,245 - INFO - Scraping page 109...
2025-05-16 06:38:55,859 - INFO - Found 60 links on page 107
2025-05-16 06:38:55,859 - INFO - Scraping page 110...
2025-05-16 06:38:58,073 - INFO - Found 60 links on page 109
2025-05-16 06:38:58,074 - INFO - Scraping page 111...
2025-05-16 06:38:58,321 - INFO - Found 60 links on page 108
2025-05-16 06:38:58,321 - INFO - Scraping page 112...
2025-05-16 06:39:00,737 - INFO - Found 60 links on page 110
2025-05-16 06:39:00,737 - INFO - Scraping page 113...
2025-05-16 06:39:02,054 - INFO - Found 60 links on page 111
2025-05-16 06:39:02,054 - INFO - Scraping page 114...
2025-05-16 06:39:02,302 - INFO - Found 60 links on page 112
2025-05-16 06:39:02,303 - INFO - Scraping page 115...
2025-05-16 06:39:04,624 - INFO - Found 60 links on page 113
2025-05-16 06:39:04,624 - INFO - Scraping page 116...
2025-05-16 06:39:06,402 - INFO - Found 60 links on page 114
2025-05-16 06:39:06,402 - INFO - Scraping page 117...
2025-05-16 06:39:06,929 - INFO - Found 60 links on page 115
2025-05-16 06:39:06,929 - INFO - Scraping page 118...
2025-05-16 06:39:09,289 - INFO - Found 60 links on page 116
2025-05-16 06:39:09,289 - INFO - Scraping page 119...
2025-05-16 06:39:10,231 - INFO - Found 60 links on page 117
2025-05-16 06:39:10,232 - INFO - Scraping page 120...
2025-05-16 06:39:11,056 - INFO - Found 60 links on page 118
2025-05-16 06:39:11,056 - INFO - Scraping page 121...
2025-05-16 06:39:13,523 - INFO - Found 60 links on page 119
2025-05-16 06:39:13,524 - INFO - Scraping page 122...
2025-05-16 06:39:14,301 - INFO - Found 60 links on page 120
2025-05-16 06:39:14,301 - INFO - Scraping page 123...
2025-05-16 06:39:15,311 - INFO - Found 60 links on page 121
2025-05-16 06:39:15,311 - INFO - Scraping page 124...
2025-05-16 06:39:17,813 - INFO - Found 60 links on page 122
2025-05-16 06:39:17,814 - INFO - Scraping page 125...
2025-05-16 06:39:18,578 - INFO - Found 60 links on page 123
2025-05-16 06:39:18,578 - INFO - Scraping page 126...
2025-05-16 06:39:19,326 - INFO - Found 60 links on page 124
2025-05-16 06:39:19,326 - INFO - Scraping page 127...
2025-05-16 06:39:22,256 - INFO - Found 60 links on page 125
2025-05-16 06:39:22,256 - INFO - Scraping page 128...
2025-05-16 06:39:22,652 - INFO - Found 60 links on page 126
2025-05-16 06:39:22,653 - INFO - Scraping page 129...
2025-05-16 06:39:23,134 - INFO - Found 60 links on page 127
2025-05-16 06:39:23,134 - INFO - Scraping page 130...
2025-05-16 06:39:26,814 - INFO - Found 60 links on page 128
2025-05-16 06:39:26,824 - INFO - Scraping page 131...
2025-05-16 06:39:26,911 - INFO - Found 60 links on page 129
2025-05-16 06:39:26,911 - INFO - Scraping page 132...
2025-05-16 06:39:27,119 - INFO - Found 60 links on page 130
2025-05-16 06:39:27,119 - INFO - Scraping page 133...
2025-05-16 06:39:31,033 - INFO - Found 60 links on page 132
2025-05-16 06:39:31,038 - INFO - Scraping page 134...
2025-05-16 06:39:31,302 - INFO - Found 60 links on page 131
2025-05-16 06:39:31,308 - INFO - Scraping page 135...
2025-05-16 06:39:31,400 - INFO - Found 60 links on page 133
2025-05-16 06:39:31,400 - INFO - Scraping page 136...
2025-05-16 06:39:35,593 - INFO - Found 60 links on page 134
2025-05-16 06:39:35,598 - INFO - Scraping page 137...
2025-05-16 06:39:35,762 - INFO - Found 60 links on page 135
2025-05-16 06:39:35,767 - INFO - Scraping page 138...
2025-05-16 06:39:35,948 - INFO - Found 60 links on page 136
2025-05-16 06:39:35,948 - INFO - Scraping page 139...
2025-05-16 06:39:39,730 - INFO - Found 60 links on page 137
2025-05-16 06:39:39,741 - INFO - Scraping page 140...
2025-05-16 06:39:39,842 - INFO - Found 60 links on page 139
2025-05-16 06:39:39,842 - INFO - Scraping page 141...
2025-05-16 06:39:40,398 - INFO - Found 60 links on page 138
2025-05-16 06:39:40,398 - INFO - Scraping page 142...
2025-05-16 06:39:44,162 - INFO - Found 60 links on page 140
2025-05-16 06:39:44,162 - INFO - Scraping page 143...
2025-05-16 06:39:44,410 - INFO - Found 60 links on page 141
2025-05-16 06:39:44,410 - INFO - Scraping page 144...
2025-05-16 06:39:44,628 - INFO - Found 60 links on page 142
2025-05-16 06:39:44,628 - INFO - Scraping page 145...
2025-05-16 06:39:48,387 - INFO - Found 60 links on page 144
2025-05-16 06:39:48,387 - INFO - Scraping page 146...
2025-05-16 06:39:48,785 - INFO - Found 60 links on page 143
2025-05-16 06:39:48,795 - INFO - Scraping page 147...
2025-05-16 06:39:48,856 - INFO - Found 60 links on page 145
2025-05-16 06:39:48,856 - INFO - Scraping page 148...
2025-05-16 06:39:53,098 - INFO - Found 60 links on page 148
2025-05-16 06:39:53,098 - INFO - Scraping page 149...
2025-05-16 06:39:53,293 - INFO - Found 60 links on page 146
2025-05-16 06:39:53,293 - INFO - Scraping page 150...
2025-05-16 06:39:53,759 - INFO - Found 60 links on page 147
2025-05-16 06:39:53,759 - INFO - Scraping page 151...
2025-05-16 06:39:57,541 - INFO - Found 60 links on page 150
2025-05-16 06:39:57,542 - INFO - Scraping page 152...
2025-05-16 06:39:57,781 - INFO - Found 60 links on page 149
2025-05-16 06:39:57,786 - INFO - Scraping page 153...
2025-05-16 06:39:57,988 - INFO - Found 60 links on page 151
2025-05-16 06:39:57,988 - INFO - Scraping page 154...
2025-05-16 06:40:02,204 - INFO - Found 60 links on page 154
2025-05-16 06:40:02,205 - INFO - Scraping page 155...
2025-05-16 06:40:02,396 - INFO - Found 60 links on page 153
2025-05-16 06:40:02,396 - INFO - Scraping page 156...
2025-05-16 06:40:02,661 - INFO - Found 60 links on page 152
2025-05-16 06:40:02,661 - INFO - Scraping page 157...
2025-05-16 06:40:06,734 - INFO - Found 60 links on page 155
2025-05-16 06:40:06,744 - INFO - Scraping page 158...
2025-05-16 06:40:07,020 - INFO - Found 60 links on page 157
2025-05-16 06:40:07,030 - INFO - Scraping page 159...
2025-05-16 06:40:07,141 - INFO - Found 60 links on page 156
2025-05-16 06:40:07,141 - INFO - Scraping page 160...
2025-05-16 06:40:11,043 - INFO - Found 60 links on page 160
2025-05-16 06:40:11,048 - INFO - Scraping page 161...
2025-05-16 06:40:11,325 - INFO - Found 60 links on page 159
2025-05-16 06:40:11,330 - INFO - Scraping page 162...
2025-05-16 06:40:11,451 - INFO - Found 60 links on page 158
2025-05-16 06:40:11,452 - INFO - Scraping page 163...
2025-05-16 06:40:15,592 - INFO - Found 60 links on page 162
2025-05-16 06:40:15,592 - INFO - Scraping page 164...
2025-05-16 06:40:15,948 - INFO - Found 60 links on page 161
2025-05-16 06:40:15,953 - INFO - Scraping page 165...
2025-05-16 06:40:15,981 - INFO - Found 60 links on page 163
2025-05-16 06:40:15,981 - INFO - Scraping page 166...
2025-05-16 06:40:19,984 - INFO - Found 60 links on page 165
2025-05-16 06:40:19,989 - INFO - Scraping page 167...
2025-05-16 06:40:20,343 - INFO - Found 60 links on page 164
2025-05-16 06:40:20,349 - INFO - Scraping page 168...
2025-05-16 06:40:20,379 - INFO - Found 60 links on page 166
2025-05-16 06:40:20,379 - INFO - Scraping page 169...
2025-05-16 06:40:24,322 - INFO - Found 60 links on page 167
2025-05-16 06:40:24,328 - INFO - Scraping page 170...
2025-05-16 06:40:24,612 - INFO - Found 60 links on page 168
2025-05-16 06:40:24,612 - INFO - Scraping page 171...
2025-05-16 06:40:24,761 - INFO - Found 60 links on page 169
2025-05-16 06:40:24,761 - INFO - Scraping page 172...
2025-05-16 06:40:28,951 - INFO - Found 60 links on page 170
2025-05-16 06:40:28,956 - INFO - Scraping page 173...
2025-05-16 06:40:29,187 - INFO - Found 60 links on page 171
2025-05-16 06:40:29,193 - INFO - Scraping page 174...
2025-05-16 06:40:29,327 - INFO - Found 60 links on page 172
2025-05-16 06:40:29,327 - INFO - Scraping page 175...
2025-05-16 06:40:32,857 - INFO - Found 60 links on page 173
2025-05-16 06:40:32,858 - INFO - Scraping page 176...
2025-05-16 06:40:33,125 - INFO - Found 60 links on page 175
2025-05-16 06:40:33,126 - INFO - Scraping page 177...
2025-05-16 06:40:33,412 - INFO - Found 60 links on page 174
2025-05-16 06:40:33,412 - INFO - Scraping page 178...
2025-05-16 06:40:37,304 - INFO - Found 60 links on page 177
2025-05-16 06:40:37,304 - INFO - Scraping page 179...
2025-05-16 06:40:37,626 - INFO - Found 60 links on page 178
2025-05-16 06:40:37,637 - INFO - Scraping page 180...
2025-05-16 06:40:37,747 - INFO - Found 60 links on page 176
2025-05-16 06:40:37,747 - INFO - Scraping page 181...
2025-05-16 06:40:41,635 - INFO - Found 60 links on page 179
2025-05-16 06:40:41,635 - INFO - Scraping page 182...
2025-05-16 06:40:41,895 - INFO - Found 60 links on page 181
2025-05-16 06:40:41,896 - INFO - Scraping page 183...
2025-05-16 06:40:42,091 - INFO - Found 60 links on page 180
2025-05-16 06:40:42,091 - INFO - Scraping page 184...
2025-05-16 06:40:45,585 - INFO - Found 60 links on page 182
2025-05-16 06:40:45,585 - INFO - Scraping page 185...
2025-05-16 06:40:45,782 - INFO - Found 60 links on page 183
2025-05-16 06:40:45,782 - INFO - Scraping page 186...
2025-05-16 06:40:46,791 - INFO - Found 60 links on page 184
2025-05-16 06:40:46,791 - INFO - Scraping page 187...
2025-05-16 06:40:49,960 - INFO - Found 60 links on page 185
2025-05-16 06:40:49,960 - INFO - Scraping page 188...
2025-05-16 06:40:50,348 - INFO - Found 60 links on page 186
2025-05-16 06:40:50,348 - INFO - Scraping page 189...
2025-05-16 06:40:51,216 - INFO - Found 60 links on page 187
2025-05-16 06:40:51,216 - INFO - Scraping page 190...
2025-05-16 06:40:54,639 - INFO - Found 60 links on page 188
2025-05-16 06:40:54,639 - INFO - Scraping page 191...
2025-05-16 06:40:54,885 - INFO - Found 60 links on page 189
2025-05-16 06:40:54,885 - INFO - Scraping page 192...
2025-05-16 06:40:55,173 - INFO - Found 60 links on page 190
2025-05-16 06:40:55,173 - INFO - Scraping page 193...
2025-05-16 06:40:58,845 - INFO - Found 60 links on page 191
2025-05-16 06:40:58,845 - INFO - Scraping page 194...
2025-05-16 06:40:59,348 - INFO - Found 60 links on page 192
2025-05-16 06:40:59,353 - INFO - Scraping page 195...
2025-05-16 06:40:59,537 - INFO - Found 60 links on page 193
2025-05-16 06:40:59,537 - INFO - Scraping page 196...
2025-05-16 06:41:02,779 - INFO - Found 60 links on page 194
2025-05-16 06:41:02,779 - INFO - Scraping page 197...
2025-05-16 06:41:03,457 - INFO - Found 60 links on page 195
2025-05-16 06:41:03,457 - INFO - Scraping page 198...
2025-05-16 06:41:03,670 - INFO - Found 60 links on page 196
2025-05-16 06:41:03,671 - INFO - Scraping page 199...
2025-05-16 06:41:07,241 - INFO - Found 60 links on page 197
2025-05-16 06:41:07,241 - INFO - Scraping page 200...
2025-05-16 06:41:07,601 - INFO - Found 60 links on page 198
2025-05-16 06:41:08,472 - INFO - Found 60 links on page 199
2025-05-16 06:41:11,381 - INFO - Found 60 links on page 200
2025-05-16 06:41:11,387 - INFO - Found 202 new links to scrape out of 12000 total links
2025-05-16 06:41:11,387 - INFO - Processing batch 1/5 (50 links)
2025-05-16 06:41:17,158 - INFO - Progress: 10/50 ads processed
2025-05-16 06:41:22,378 - INFO - Progress: 20/50 ads processed
2025-05-16 06:41:27,266 - INFO - Progress: 30/50 ads processed
2025-05-16 06:41:32,281 - INFO - Progress: 40/50 ads processed
2025-05-16 06:41:37,298 - INFO - Progress: 50/50 ads processed
2025-05-16 06:41:37,344 - INFO - Created backup of existing data file at unegui_data/unegui_sales_data.csv.bak
2025-05-16 06:41:37,542 - INFO - Data saved to unegui_data/unegui_sales_data.csv: 14291 records
2025-05-16 06:41:38,019 - INFO - Cache saved with 14536 URLs
2025-05-16 06:41:38,019 - INFO - Saved batch data. Total records: 14291
2025-05-16 06:41:38,019 - INFO - Processing batch 2/5 (50 links)
2025-05-16 06:41:42,931 - INFO - Progress: 10/50 ads processed
2025-05-16 06:41:48,468 - INFO - Progress: 20/50 ads processed
2025-05-16 06:41:54,104 - INFO - Progress: 30/50 ads processed
2025-05-16 06:41:59,347 - INFO - Progress: 40/50 ads processed
2025-05-16 06:42:05,085 - INFO - Progress: 50/50 ads processed
2025-05-16 06:42:05,130 - INFO - Created backup of existing data file at unegui_data/unegui_sales_data.csv.bak
2025-05-16 06:42:05,329 - INFO - Data saved to unegui_data/unegui_sales_data.csv: 14341 records
2025-05-16 06:42:05,802 - INFO - Cache saved with 14586 URLs
2025-05-16 06:42:05,802 - INFO - Saved batch data. Total records: 14341
2025-05-16 06:42:05,802 - INFO - Processing batch 3/5 (50 links)
2025-05-16 06:42:11,131 - INFO - Progress: 10/50 ads processed
2025-05-16 06:42:16,342 - INFO - Progress: 20/50 ads processed
2025-05-16 06:42:20,993 - INFO - Progress: 30/50 ads processed
2025-05-16 06:42:25,567 - INFO - Progress: 40/50 ads processed
2025-05-16 06:42:30,879 - INFO - Progress: 50/50 ads processed
2025-05-16 06:42:30,924 - INFO - Created backup of existing data file at unegui_data/unegui_sales_data.csv.bak
2025-05-16 06:42:31,124 - INFO - Data saved to unegui_data/unegui_sales_data.csv: 14390 records
2025-05-16 06:42:31,606 - INFO - Cache saved with 14636 URLs
2025-05-16 06:42:31,606 - INFO - Saved batch data. Total records: 14390
2025-05-16 06:42:31,606 - INFO - Processing batch 4/5 (50 links)
2025-05-16 06:42:37,313 - INFO - Progress: 10/50 ads processed
2025-05-16 06:42:42,300 - INFO - Progress: 20/50 ads processed
2025-05-16 06:42:47,471 - INFO - Progress: 30/50 ads processed
2025-05-16 06:42:52,745 - INFO - Progress: 40/50 ads processed
2025-05-16 06:42:57,848 - INFO - Progress: 50/50 ads processed
2025-05-16 06:42:57,905 - INFO - Created backup of existing data file at unegui_data/unegui_sales_data.csv.bak
2025-05-16 06:42:58,105 - INFO - Data saved to unegui_data/unegui_sales_data.csv: 14440 records
2025-05-16 06:42:58,589 - INFO - Cache saved with 14686 URLs
2025-05-16 06:42:58,589 - INFO - Saved batch data. Total records: 14440
2025-05-16 06:42:58,589 - INFO - Processing batch 5/5 (2 links)
2025-05-16 06:43:01,521 - INFO - Progress: 2/2 ads processed
2025-05-16 06:43:01,567 - INFO - Created backup of existing data file at unegui_data/unegui_sales_data.csv.bak
2025-05-16 06:43:01,768 - INFO - Data saved to unegui_data/unegui_sales_data.csv: 14442 records
2025-05-16 06:43:02,246 - INFO - Cache saved with 14688 URLs
2025-05-16 06:43:02,246 - INFO - Saved batch data. Total records: 14442
2025-05-16 06:43:02,246 - INFO - Scraping completed in 0:06:41.472611. Total ads collected: 14442
