2025-06-26 06:38:59,453 - INFO - Starting sales apartment scraper at 2025-06-26 06:38:59.453569
2025-06-26 06:38:59,865 - INFO - Loaded existing data from unegui_data/unegui_sales_data.csv: 27938 records
2025-06-26 06:39:00,190 - INFO - Loaded 27938 existing records
2025-06-26 06:39:00,197 - INFO - Scraping page 1...
2025-06-26 06:39:00,198 - INFO - Scraping page 2...
2025-06-26 06:39:00,198 - INFO - Scraping page 3...
2025-06-26 06:39:04,696 - INFO - Found 60 links on page 1
2025-06-26 06:39:04,701 - INFO - Scraping page 4...
2025-06-26 06:39:05,000 - INFO - Found 60 links on page 3
2025-06-26 06:39:05,011 - INFO - Scraping page 5...
2025-06-26 06:39:05,051 - INFO - Found 60 links on page 2
2025-06-26 06:39:05,051 - INFO - Scraping page 6...
2025-06-26 06:39:08,601 - INFO - Found 60 links on page 4
2025-06-26 06:39:08,601 - INFO - Scraping page 7...
2025-06-26 06:39:08,789 - INFO - Found 60 links on page 6
2025-06-26 06:39:08,789 - INFO - Scraping page 8...
2025-06-26 06:39:09,070 - INFO - Found 60 links on page 5
2025-06-26 06:39:09,070 - INFO - Scraping page 9...
2025-06-26 06:39:12,786 - INFO - Found 60 links on page 9
2025-06-26 06:39:12,797 - INFO - Scraping page 10...
2025-06-26 06:39:12,872 - INFO - Found 60 links on page 8
2025-06-26 06:39:12,872 - INFO - Scraping page 11...
2025-06-26 06:39:13,153 - INFO - Found 60 links on page 7
2025-06-26 06:39:13,154 - INFO - Scraping page 12...
2025-06-26 06:39:16,566 - INFO - Found 60 links on page 10
2025-06-26 06:39:16,566 - INFO - Scraping page 13...
2025-06-26 06:39:16,946 - INFO - Found 60 links on page 12
2025-06-26 06:39:16,956 - INFO - Scraping page 14...
2025-06-26 06:39:17,052 - INFO - Found 60 links on page 11
2025-06-26 06:39:17,053 - INFO - Scraping page 15...
2025-06-26 06:39:20,164 - INFO - Found 60 links on page 13
2025-06-26 06:39:20,165 - INFO - Scraping page 16...
2025-06-26 06:39:20,985 - INFO - Found 60 links on page 14
2025-06-26 06:39:20,990 - INFO - Scraping page 17...
2025-06-26 06:39:21,120 - INFO - Found 60 links on page 15
2025-06-26 06:39:21,120 - INFO - Scraping page 18...
2025-06-26 06:39:23,999 - INFO - Found 60 links on page 16
2025-06-26 06:39:23,999 - INFO - Scraping page 19...
2025-06-26 06:39:24,518 - INFO - Found 60 links on page 17
2025-06-26 06:39:24,518 - INFO - Scraping page 20...
2025-06-26 06:39:24,791 - INFO - Found 60 links on page 18
2025-06-26 06:39:24,791 - INFO - Scraping page 21...
2025-06-26 06:39:27,804 - INFO - Found 60 links on page 19
2025-06-26 06:39:27,804 - INFO - Scraping page 22...
2025-06-26 06:39:28,233 - INFO - Found 60 links on page 20
2025-06-26 06:39:28,234 - INFO - Scraping page 23...
2025-06-26 06:39:28,556 - INFO - Found 60 links on page 21
2025-06-26 06:39:28,557 - INFO - Scraping page 24...
2025-06-26 06:39:31,315 - INFO - Found 60 links on page 22
2025-06-26 06:39:31,316 - INFO - Scraping page 25...
2025-06-26 06:39:32,403 - INFO - Found 60 links on page 23
2025-06-26 06:39:32,403 - INFO - Scraping page 26...
2025-06-26 06:39:32,602 - INFO - Found 60 links on page 24
2025-06-26 06:39:32,602 - INFO - Scraping page 27...
2025-06-26 06:39:35,369 - INFO - Found 60 links on page 25
2025-06-26 06:39:35,370 - INFO - Scraping page 28...
2025-06-26 06:39:36,295 - INFO - Found 60 links on page 27
2025-06-26 06:39:36,295 - INFO - Scraping page 29...
2025-06-26 06:39:36,582 - INFO - Found 60 links on page 26
2025-06-26 06:39:36,582 - INFO - Scraping page 30...
2025-06-26 06:39:39,890 - INFO - Found 60 links on page 28
2025-06-26 06:39:39,896 - INFO - Scraping page 31...
2025-06-26 06:39:40,075 - INFO - Found 60 links on page 29
2025-06-26 06:39:40,075 - INFO - Scraping page 32...
2025-06-26 06:39:40,500 - INFO - Found 60 links on page 30
2025-06-26 06:39:40,500 - INFO - Scraping page 33...
2025-06-26 06:39:43,900 - INFO - Found 60 links on page 31
2025-06-26 06:39:43,906 - INFO - Scraping page 34...
2025-06-26 06:39:43,984 - INFO - Found 60 links on page 32
2025-06-26 06:39:43,984 - INFO - Scraping page 35...
2025-06-26 06:39:44,556 - INFO - Found 60 links on page 33
2025-06-26 06:39:44,556 - INFO - Scraping page 36...
2025-06-26 06:39:47,990 - INFO - Found 60 links on page 34
2025-06-26 06:39:47,991 - INFO - Scraping page 37...
2025-06-26 06:39:48,485 - INFO - Found 60 links on page 35
2025-06-26 06:39:48,485 - INFO - Scraping page 38...
2025-06-26 06:39:48,923 - INFO - Found 60 links on page 36
2025-06-26 06:39:48,924 - INFO - Scraping page 39...
2025-06-26 06:39:51,665 - INFO - Found 60 links on page 37
2025-06-26 06:39:51,665 - INFO - Scraping page 40...
2025-06-26 06:39:52,830 - INFO - Found 60 links on page 38
2025-06-26 06:39:52,836 - INFO - Scraping page 41...
2025-06-26 06:39:52,940 - INFO - Found 60 links on page 39
2025-06-26 06:39:52,940 - INFO - Scraping page 42...
2025-06-26 06:39:55,757 - INFO - Found 60 links on page 40
2025-06-26 06:39:55,757 - INFO - Scraping page 43...
2025-06-26 06:39:56,785 - INFO - Found 60 links on page 42
2025-06-26 06:39:56,785 - INFO - Scraping page 44...
2025-06-26 06:39:57,454 - INFO - Found 60 links on page 41
2025-06-26 06:39:57,454 - INFO - Scraping page 45...
2025-06-26 06:39:59,452 - INFO - Found 60 links on page 43
2025-06-26 06:39:59,452 - INFO - Scraping page 46...
2025-06-26 06:40:01,343 - INFO - Found 60 links on page 44
2025-06-26 06:40:01,343 - INFO - Scraping page 47...
2025-06-26 06:40:01,671 - INFO - Found 60 links on page 45
2025-06-26 06:40:01,671 - INFO - Scraping page 48...
2025-06-26 06:40:03,344 - INFO - Found 60 links on page 46
2025-06-26 06:40:03,344 - INFO - Scraping page 49...
2025-06-26 06:40:05,406 - INFO - Found 60 links on page 47
2025-06-26 06:40:05,411 - INFO - Scraping page 50...
2025-06-26 06:40:05,605 - INFO - Found 60 links on page 48
2025-06-26 06:40:05,606 - INFO - Scraping page 51...
2025-06-26 06:40:07,383 - INFO - Found 60 links on page 49
2025-06-26 06:40:07,384 - INFO - Scraping page 52...
2025-06-26 06:40:09,670 - INFO - Found 60 links on page 50
2025-06-26 06:40:09,675 - INFO - Scraping page 53...
2025-06-26 06:40:09,764 - INFO - Found 60 links on page 51
2025-06-26 06:40:09,764 - INFO - Scraping page 54...
2025-06-26 06:40:11,415 - INFO - Found 60 links on page 52
2025-06-26 06:40:11,415 - INFO - Scraping page 55...
2025-06-26 06:40:13,789 - INFO - Found 60 links on page 54
2025-06-26 06:40:13,794 - INFO - Scraping page 56...
2025-06-26 06:40:13,953 - INFO - Found 60 links on page 53
2025-06-26 06:40:13,953 - INFO - Scraping page 57...
2025-06-26 06:40:15,904 - INFO - Found 60 links on page 55
2025-06-26 06:40:15,904 - INFO - Scraping page 58...
2025-06-26 06:40:17,743 - INFO - Found 60 links on page 56
2025-06-26 06:40:17,743 - INFO - Scraping page 59...
2025-06-26 06:40:18,489 - INFO - Found 60 links on page 57
2025-06-26 06:40:18,490 - INFO - Scraping page 60...
2025-06-26 06:40:19,762 - INFO - Found 60 links on page 58
2025-06-26 06:40:19,762 - INFO - Scraping page 61...
2025-06-26 06:40:22,231 - INFO - Found 60 links on page 60
2025-06-26 06:40:22,232 - INFO - Scraping page 62...
2025-06-26 06:40:22,435 - INFO - Found 60 links on page 59
2025-06-26 06:40:22,435 - INFO - Scraping page 63...
2025-06-26 06:40:23,670 - INFO - Found 60 links on page 61
2025-06-26 06:40:23,670 - INFO - Scraping page 64...
2025-06-26 06:40:26,311 - INFO - Found 60 links on page 63
2025-06-26 06:40:26,311 - INFO - Scraping page 65...
2025-06-26 06:40:27,160 - INFO - Found 60 links on page 62
2025-06-26 06:40:27,160 - INFO - Scraping page 66...
2025-06-26 06:40:27,737 - INFO - Found 60 links on page 64
2025-06-26 06:40:27,738 - INFO - Scraping page 67...
2025-06-26 06:40:30,288 - INFO - Found 60 links on page 65
2025-06-26 06:40:30,288 - INFO - Scraping page 68...
2025-06-26 06:40:31,096 - INFO - Found 60 links on page 66
2025-06-26 06:40:31,096 - INFO - Scraping page 69...
2025-06-26 06:40:32,653 - INFO - Found 60 links on page 67
2025-06-26 06:40:32,654 - INFO - Scraping page 70...
2025-06-26 06:40:34,337 - INFO - Found 60 links on page 68
2025-06-26 06:40:34,337 - INFO - Scraping page 71...
2025-06-26 06:40:35,192 - INFO - Found 60 links on page 69
2025-06-26 06:40:35,192 - INFO - Scraping page 72...
2025-06-26 06:40:36,564 - INFO - Found 60 links on page 70
2025-06-26 06:40:36,564 - INFO - Scraping page 73...
2025-06-26 06:40:38,387 - INFO - Found 60 links on page 71
2025-06-26 06:40:38,387 - INFO - Scraping page 74...
2025-06-26 06:40:39,814 - INFO - Found 60 links on page 72
2025-06-26 06:40:39,814 - INFO - Scraping page 75...
2025-06-26 06:40:40,368 - INFO - Found 60 links on page 73
2025-06-26 06:40:40,368 - INFO - Scraping page 76...
2025-06-26 06:40:42,956 - INFO - Found 60 links on page 74
2025-06-26 06:40:42,956 - INFO - Scraping page 77...
2025-06-26 06:40:43,706 - INFO - Found 60 links on page 75
2025-06-26 06:40:43,706 - INFO - Scraping page 78...
2025-06-26 06:40:45,012 - INFO - Found 60 links on page 76
2025-06-26 06:40:45,012 - INFO - Scraping page 79...
2025-06-26 06:40:46,960 - INFO - Found 60 links on page 77
2025-06-26 06:40:46,960 - INFO - Scraping page 80...
2025-06-26 06:40:47,680 - INFO - Found 60 links on page 78
2025-06-26 06:40:47,680 - INFO - Scraping page 81...
2025-06-26 06:40:48,994 - INFO - Found 60 links on page 79
2025-06-26 06:40:48,994 - INFO - Scraping page 82...
2025-06-26 06:40:50,704 - INFO - Found 60 links on page 80
2025-06-26 06:40:50,704 - INFO - Scraping page 83...
2025-06-26 06:40:52,482 - INFO - Found 60 links on page 81
2025-06-26 06:40:52,482 - INFO - Scraping page 84...
2025-06-26 06:40:52,770 - INFO - Found 60 links on page 82
2025-06-26 06:40:52,770 - INFO - Scraping page 85...
2025-06-26 06:40:54,379 - INFO - Found 60 links on page 83
2025-06-26 06:40:54,379 - INFO - Scraping page 86...
2025-06-26 06:40:56,287 - INFO - Found 60 links on page 84
2025-06-26 06:40:56,287 - INFO - Scraping page 87...
2025-06-26 06:40:56,663 - INFO - Found 60 links on page 85
2025-06-26 06:40:56,663 - INFO - Scraping page 88...
2025-06-26 06:40:58,518 - INFO - Found 60 links on page 86
2025-06-26 06:40:58,518 - INFO - Scraping page 89...
2025-06-26 06:41:00,149 - INFO - Found 60 links on page 87
2025-06-26 06:41:00,149 - INFO - Scraping page 90...
2025-06-26 06:41:00,522 - INFO - Found 60 links on page 88
2025-06-26 06:41:00,523 - INFO - Scraping page 91...
2025-06-26 06:41:02,396 - INFO - Found 60 links on page 89
2025-06-26 06:41:02,397 - INFO - Scraping page 92...
2025-06-26 06:41:04,611 - INFO - Found 60 links on page 90
2025-06-26 06:41:04,611 - INFO - Scraping page 93...
2025-06-26 06:41:05,208 - INFO - Found 60 links on page 91
2025-06-26 06:41:05,209 - INFO - Scraping page 94...
2025-06-26 06:41:06,372 - INFO - Found 60 links on page 92
2025-06-26 06:41:06,372 - INFO - Scraping page 95...
2025-06-26 06:41:08,673 - INFO - Found 60 links on page 93
2025-06-26 06:41:08,673 - INFO - Scraping page 96...
2025-06-26 06:41:09,346 - INFO - Found 60 links on page 94
2025-06-26 06:41:09,346 - INFO - Scraping page 97...
2025-06-26 06:41:10,385 - INFO - Found 60 links on page 95
2025-06-26 06:41:10,385 - INFO - Scraping page 98...
2025-06-26 06:41:12,890 - INFO - Found 60 links on page 96
2025-06-26 06:41:12,890 - INFO - Scraping page 99...
2025-06-26 06:41:13,164 - INFO - Found 60 links on page 97
2025-06-26 06:41:13,164 - INFO - Scraping page 100...
2025-06-26 06:41:14,980 - INFO - Found 60 links on page 98
2025-06-26 06:41:14,980 - INFO - Scraping page 101...
2025-06-26 06:41:17,219 - INFO - Found 60 links on page 99
2025-06-26 06:41:17,230 - INFO - Scraping page 102...
2025-06-26 06:41:17,319 - INFO - Found 60 links on page 100
2025-06-26 06:41:17,319 - INFO - Scraping page 103...
2025-06-26 06:41:19,832 - INFO - Found 60 links on page 101
2025-06-26 06:41:19,832 - INFO - Scraping page 104...
2025-06-26 06:41:21,577 - INFO - Found 60 links on page 102
2025-06-26 06:41:21,582 - INFO - Scraping page 105...
2025-06-26 06:41:21,750 - INFO - Found 60 links on page 103
2025-06-26 06:41:21,750 - INFO - Scraping page 106...
2025-06-26 06:41:23,900 - INFO - Found 60 links on page 104
2025-06-26 06:41:23,900 - INFO - Scraping page 107...
2025-06-26 06:41:26,231 - INFO - Found 60 links on page 105
2025-06-26 06:41:26,237 - INFO - Scraping page 108...
2025-06-26 06:41:26,263 - INFO - Found 60 links on page 106
2025-06-26 06:41:26,263 - INFO - Scraping page 109...
2025-06-26 06:41:28,326 - INFO - Found 60 links on page 107
2025-06-26 06:41:28,327 - INFO - Scraping page 110...
2025-06-26 06:41:31,152 - INFO - Found 60 links on page 109
2025-06-26 06:41:31,157 - INFO - Scraping page 111...
2025-06-26 06:41:31,233 - INFO - Found 60 links on page 108
2025-06-26 06:41:31,233 - INFO - Scraping page 112...
2025-06-26 06:41:32,545 - INFO - Found 60 links on page 110
2025-06-26 06:41:32,545 - INFO - Scraping page 113...
2025-06-26 06:41:35,028 - INFO - Found 60 links on page 112
2025-06-26 06:41:35,029 - INFO - Scraping page 114...
2025-06-26 06:41:35,344 - INFO - Found 60 links on page 111
2025-06-26 06:41:35,344 - INFO - Scraping page 115...
2025-06-26 06:41:36,803 - INFO - Found 60 links on page 113
2025-06-26 06:41:36,803 - INFO - Scraping page 116...
2025-06-26 06:41:38,930 - INFO - Found 60 links on page 114
2025-06-26 06:41:38,930 - INFO - Scraping page 117...
2025-06-26 06:41:39,369 - INFO - Found 60 links on page 115
2025-06-26 06:41:39,369 - INFO - Scraping page 118...
2025-06-26 06:41:41,648 - INFO - Found 60 links on page 116
2025-06-26 06:41:41,648 - INFO - Scraping page 119...
2025-06-26 06:41:43,146 - INFO - Found 60 links on page 117
2025-06-26 06:41:43,146 - INFO - Scraping page 120...
2025-06-26 06:41:43,941 - INFO - Found 60 links on page 118
2025-06-26 06:41:43,941 - INFO - Scraping page 121...
2025-06-26 06:41:46,090 - INFO - Found 60 links on page 119
2025-06-26 06:41:46,090 - INFO - Scraping page 122...
2025-06-26 06:41:47,232 - INFO - Found 60 links on page 120
2025-06-26 06:41:47,232 - INFO - Scraping page 123...
2025-06-26 06:41:48,087 - INFO - Found 60 links on page 121
2025-06-26 06:41:48,087 - INFO - Scraping page 124...
2025-06-26 06:41:49,939 - INFO - Found 60 links on page 122
2025-06-26 06:41:49,939 - INFO - Scraping page 125...
2025-06-26 06:41:51,326 - INFO - Found 60 links on page 123
2025-06-26 06:41:51,326 - INFO - Scraping page 126...
2025-06-26 06:41:52,682 - INFO - Found 60 links on page 124
2025-06-26 06:41:52,682 - INFO - Scraping page 127...
2025-06-26 06:41:54,848 - INFO - Found 60 links on page 125
2025-06-26 06:41:54,848 - INFO - Scraping page 128...
2025-06-26 06:41:55,093 - INFO - Found 60 links on page 126
2025-06-26 06:41:55,093 - INFO - Scraping page 129...
2025-06-26 06:41:56,661 - INFO - Found 60 links on page 127
2025-06-26 06:41:56,661 - INFO - Scraping page 130...
2025-06-26 06:41:59,216 - INFO - Found 60 links on page 129
2025-06-26 06:41:59,222 - INFO - Scraping page 131...
2025-06-26 06:41:59,278 - INFO - Found 60 links on page 128
2025-06-26 06:41:59,278 - INFO - Scraping page 132...
2025-06-26 06:42:00,592 - INFO - Found 60 links on page 130
2025-06-26 06:42:00,592 - INFO - Scraping page 133...
2025-06-26 06:42:03,509 - INFO - Found 60 links on page 131
2025-06-26 06:42:03,515 - INFO - Scraping page 134...
2025-06-26 06:42:03,606 - INFO - Found 60 links on page 132
2025-06-26 06:42:03,606 - INFO - Scraping page 135...
2025-06-26 06:42:04,371 - INFO - Found 60 links on page 133
2025-06-26 06:42:04,371 - INFO - Scraping page 136...
2025-06-26 06:42:07,747 - INFO - Found 60 links on page 134
2025-06-26 06:42:07,747 - INFO - Scraping page 137...
2025-06-26 06:42:08,005 - INFO - Found 60 links on page 135
2025-06-26 06:42:08,006 - INFO - Scraping page 138...
2025-06-26 06:42:08,593 - INFO - Found 60 links on page 136
2025-06-26 06:42:08,593 - INFO - Scraping page 139...
2025-06-26 06:42:11,923 - INFO - Found 60 links on page 137
2025-06-26 06:42:11,923 - INFO - Scraping page 140...
2025-06-26 06:42:12,128 - INFO - Found 60 links on page 138
2025-06-26 06:42:12,128 - INFO - Scraping page 141...
2025-06-26 06:42:12,492 - INFO - Found 60 links on page 139
2025-06-26 06:42:12,493 - INFO - Scraping page 142...
2025-06-26 06:42:16,179 - INFO - Found 60 links on page 141
2025-06-26 06:42:16,184 - INFO - Scraping page 143...
2025-06-26 06:42:16,312 - INFO - Found 60 links on page 140
2025-06-26 06:42:16,312 - INFO - Scraping page 144...
2025-06-26 06:42:16,656 - INFO - Found 60 links on page 142
2025-06-26 06:42:16,656 - INFO - Scraping page 145...
2025-06-26 06:42:20,295 - INFO - Found 60 links on page 143
2025-06-26 06:42:20,295 - INFO - Scraping page 146...
2025-06-26 06:42:20,495 - INFO - Found 60 links on page 144
2025-06-26 06:42:20,495 - INFO - Scraping page 147...
2025-06-26 06:42:20,822 - INFO - Found 60 links on page 145
2025-06-26 06:42:20,823 - INFO - Scraping page 148...
2025-06-26 06:42:24,177 - INFO - Found 60 links on page 146
2025-06-26 06:42:24,177 - INFO - Scraping page 149...
2025-06-26 06:42:25,107 - INFO - Found 60 links on page 147
2025-06-26 06:42:25,112 - INFO - Scraping page 150...
2025-06-26 06:42:25,203 - INFO - Found 60 links on page 148
2025-06-26 06:42:25,203 - INFO - Scraping page 151...
2025-06-26 06:42:28,341 - INFO - Found 60 links on page 149
2025-06-26 06:42:28,341 - INFO - Scraping page 152...
2025-06-26 06:42:28,971 - INFO - Found 60 links on page 150
2025-06-26 06:42:28,971 - INFO - Scraping page 153...
2025-06-26 06:42:29,385 - INFO - Found 60 links on page 151
2025-06-26 06:42:29,385 - INFO - Scraping page 154...
2025-06-26 06:42:32,615 - INFO - Found 60 links on page 152
2025-06-26 06:42:32,615 - INFO - Scraping page 155...
2025-06-26 06:42:32,804 - INFO - Found 60 links on page 153
2025-06-26 06:42:32,804 - INFO - Scraping page 156...
2025-06-26 06:42:33,449 - INFO - Found 60 links on page 154
2025-06-26 06:42:33,449 - INFO - Scraping page 157...
2025-06-26 06:42:36,692 - INFO - Found 60 links on page 155
2025-06-26 06:42:36,692 - INFO - Scraping page 158...
2025-06-26 06:42:37,491 - INFO - Found 60 links on page 156
2025-06-26 06:42:37,491 - INFO - Scraping page 159...
2025-06-26 06:42:38,333 - INFO - Found 60 links on page 157
2025-06-26 06:42:38,333 - INFO - Scraping page 160...
2025-06-26 06:42:40,636 - INFO - Found 60 links on page 158
2025-06-26 06:42:40,636 - INFO - Scraping page 161...
2025-06-26 06:42:41,699 - INFO - Found 60 links on page 159
2025-06-26 06:42:41,699 - INFO - Scraping page 162...
2025-06-26 06:42:42,408 - INFO - Found 60 links on page 160
2025-06-26 06:42:42,408 - INFO - Scraping page 163...
2025-06-26 06:42:44,855 - INFO - Found 60 links on page 161
2025-06-26 06:42:44,855 - INFO - Scraping page 164...
2025-06-26 06:42:45,530 - INFO - Found 60 links on page 162
2025-06-26 06:42:45,530 - INFO - Scraping page 165...
2025-06-26 06:42:46,852 - INFO - Found 60 links on page 163
2025-06-26 06:42:46,852 - INFO - Scraping page 166...
2025-06-26 06:42:48,980 - INFO - Found 60 links on page 164
2025-06-26 06:42:48,980 - INFO - Scraping page 167...
2025-06-26 06:42:49,787 - INFO - Found 60 links on page 165
2025-06-26 06:42:49,787 - INFO - Scraping page 168...
2025-06-26 06:42:50,749 - INFO - Found 60 links on page 166
2025-06-26 06:42:50,749 - INFO - Scraping page 169...
2025-06-26 06:42:53,340 - INFO - Found 60 links on page 167
2025-06-26 06:42:53,340 - INFO - Scraping page 170...
2025-06-26 06:42:53,726 - INFO - Found 60 links on page 168
2025-06-26 06:42:53,726 - INFO - Scraping page 171...
2025-06-26 06:42:54,921 - INFO - Found 60 links on page 169
2025-06-26 06:42:54,921 - INFO - Scraping page 172...
2025-06-26 06:42:57,441 - INFO - Found 60 links on page 170
2025-06-26 06:42:57,441 - INFO - Scraping page 173...
2025-06-26 06:42:57,752 - INFO - Found 60 links on page 171
2025-06-26 06:42:57,752 - INFO - Scraping page 174...
2025-06-26 06:42:58,896 - INFO - Found 60 links on page 172
2025-06-26 06:42:58,897 - INFO - Scraping page 175...
2025-06-26 06:43:02,485 - INFO - Found 60 links on page 174
2025-06-26 06:43:02,490 - INFO - Scraping page 176...
2025-06-26 06:43:02,563 - INFO - Found 60 links on page 173
2025-06-26 06:43:02,563 - INFO - Scraping page 177...
2025-06-26 06:43:03,508 - INFO - Found 60 links on page 175
2025-06-26 06:43:03,509 - INFO - Scraping page 178...
2025-06-26 06:43:06,470 - INFO - Found 60 links on page 176
2025-06-26 06:43:06,471 - INFO - Scraping page 179...
2025-06-26 06:43:07,044 - INFO - Found 60 links on page 177
2025-06-26 06:43:07,044 - INFO - Scraping page 180...
2025-06-26 06:43:07,942 - INFO - Found 60 links on page 178
2025-06-26 06:43:07,942 - INFO - Scraping page 181...
2025-06-26 06:43:10,520 - INFO - Found 60 links on page 179
2025-06-26 06:43:10,520 - INFO - Scraping page 182...
2025-06-26 06:43:11,334 - INFO - Found 60 links on page 180
2025-06-26 06:43:11,335 - INFO - Scraping page 183...
2025-06-26 06:43:12,193 - INFO - Found 60 links on page 181
2025-06-26 06:43:12,193 - INFO - Scraping page 184...
2025-06-26 06:43:14,912 - INFO - Found 60 links on page 182
2025-06-26 06:43:14,913 - INFO - Scraping page 185...
2025-06-26 06:43:15,632 - INFO - Found 60 links on page 183
2025-06-26 06:43:15,632 - INFO - Scraping page 186...
2025-06-26 06:43:16,334 - INFO - Found 60 links on page 184
2025-06-26 06:43:16,334 - INFO - Scraping page 187...
2025-06-26 06:43:18,805 - INFO - Found 60 links on page 185
2025-06-26 06:43:18,805 - INFO - Scraping page 188...
2025-06-26 06:43:19,717 - INFO - Found 60 links on page 186
2025-06-26 06:43:19,718 - INFO - Scraping page 189...
2025-06-26 06:43:20,401 - INFO - Found 60 links on page 187
2025-06-26 06:43:20,401 - INFO - Scraping page 190...
2025-06-26 06:43:22,751 - INFO - Found 60 links on page 188
2025-06-26 06:43:22,751 - INFO - Scraping page 191...
2025-06-26 06:43:23,893 - INFO - Found 60 links on page 189
2025-06-26 06:43:23,893 - INFO - Scraping page 192...
2025-06-26 06:43:24,300 - INFO - Found 60 links on page 190
2025-06-26 06:43:24,300 - INFO - Scraping page 193...
2025-06-26 06:43:26,753 - INFO - Found 60 links on page 191
2025-06-26 06:43:26,753 - INFO - Scraping page 194...
2025-06-26 06:43:28,002 - INFO - Found 60 links on page 192
2025-06-26 06:43:28,002 - INFO - Scraping page 195...
2025-06-26 06:43:28,713 - INFO - Found 60 links on page 193
2025-06-26 06:43:28,714 - INFO - Scraping page 196...
2025-06-26 06:43:30,813 - INFO - Found 60 links on page 194
2025-06-26 06:43:30,813 - INFO - Scraping page 197...
2025-06-26 06:43:31,977 - INFO - Found 60 links on page 195
2025-06-26 06:43:31,977 - INFO - Scraping page 198...
2025-06-26 06:43:32,550 - INFO - Found 60 links on page 196
2025-06-26 06:43:32,550 - INFO - Scraping page 199...
2025-06-26 06:43:35,054 - INFO - Found 60 links on page 197
2025-06-26 06:43:35,054 - INFO - Scraping page 200...
2025-06-26 06:43:36,371 - INFO - Found 60 links on page 198
2025-06-26 06:43:36,809 - INFO - Found 60 links on page 199
2025-06-26 06:43:39,144 - INFO - Found 60 links on page 200
2025-06-26 06:43:39,152 - INFO - Found 299 new links to scrape out of 12000 total links
2025-06-26 06:43:39,152 - INFO - Processing batch 1/6 (50 links)
2025-06-26 06:43:44,562 - INFO - Progress: 10/50 ads processed
2025-06-26 06:43:49,439 - INFO - Progress: 20/50 ads processed
2025-06-26 06:43:54,671 - INFO - Progress: 30/50 ads processed
2025-06-26 06:44:00,493 - INFO - Progress: 40/50 ads processed
2025-06-26 06:44:05,779 - INFO - Progress: 50/50 ads processed
2025-06-26 06:44:05,865 - INFO - Created backup of existing data file at unegui_data/unegui_sales_data.csv.bak
2025-06-26 06:44:06,260 - INFO - Data saved to unegui_data/unegui_sales_data.csv: 27987 records
2025-06-26 06:44:07,208 - INFO - Cache saved with 28473 URLs
2025-06-26 06:44:07,208 - INFO - Saved batch data. Total records: 27987
2025-06-26 06:44:07,208 - INFO - Processing batch 2/6 (50 links)
2025-06-26 06:44:12,449 - INFO - Progress: 10/50 ads processed
2025-06-26 06:44:18,171 - INFO - Progress: 20/50 ads processed
2025-06-26 06:44:23,208 - INFO - Progress: 30/50 ads processed
2025-06-26 06:44:27,990 - INFO - Progress: 40/50 ads processed
2025-06-26 06:44:33,204 - INFO - Progress: 50/50 ads processed
2025-06-26 06:44:33,291 - INFO - Created backup of existing data file at unegui_data/unegui_sales_data.csv.bak
2025-06-26 06:44:33,685 - INFO - Data saved to unegui_data/unegui_sales_data.csv: 28036 records
2025-06-26 06:44:34,635 - INFO - Cache saved with 28523 URLs
2025-06-26 06:44:34,635 - INFO - Saved batch data. Total records: 28036
2025-06-26 06:44:34,635 - INFO - Processing batch 3/6 (50 links)
2025-06-26 06:44:40,230 - INFO - Progress: 10/50 ads processed
2025-06-26 06:44:45,624 - INFO - Progress: 20/50 ads processed
2025-06-26 06:44:51,009 - INFO - Progress: 30/50 ads processed
2025-06-26 06:44:55,825 - INFO - Progress: 40/50 ads processed
2025-06-26 06:45:00,859 - INFO - Progress: 50/50 ads processed
2025-06-26 06:45:00,944 - INFO - Created backup of existing data file at unegui_data/unegui_sales_data.csv.bak
2025-06-26 06:45:01,340 - INFO - Data saved to unegui_data/unegui_sales_data.csv: 28086 records
2025-06-26 06:45:02,288 - INFO - Cache saved with 28573 URLs
2025-06-26 06:45:02,288 - INFO - Saved batch data. Total records: 28086
2025-06-26 06:45:02,288 - INFO - Processing batch 4/6 (50 links)
2025-06-26 06:45:08,133 - INFO - Progress: 10/50 ads processed
2025-06-26 06:45:12,992 - INFO - Progress: 20/50 ads processed
2025-06-26 06:45:18,237 - INFO - Progress: 30/50 ads processed
2025-06-26 06:45:23,303 - INFO - Progress: 40/50 ads processed
2025-06-26 06:45:28,270 - INFO - Progress: 50/50 ads processed
2025-06-26 06:45:28,361 - INFO - Created backup of existing data file at unegui_data/unegui_sales_data.csv.bak
2025-06-26 06:45:28,757 - INFO - Data saved to unegui_data/unegui_sales_data.csv: 28136 records
2025-06-26 06:45:29,708 - INFO - Cache saved with 28623 URLs
2025-06-26 06:45:29,708 - INFO - Saved batch data. Total records: 28136
2025-06-26 06:45:29,708 - INFO - Processing batch 5/6 (50 links)
2025-06-26 06:45:34,936 - INFO - Progress: 10/50 ads processed
2025-06-26 06:45:40,050 - INFO - Progress: 20/50 ads processed
2025-06-26 06:45:44,977 - INFO - Progress: 30/50 ads processed
2025-06-26 06:45:49,852 - INFO - Progress: 40/50 ads processed
2025-06-26 06:45:55,256 - INFO - Progress: 50/50 ads processed
2025-06-26 06:45:55,341 - INFO - Created backup of existing data file at unegui_data/unegui_sales_data.csv.bak
2025-06-26 06:45:55,738 - INFO - Data saved to unegui_data/unegui_sales_data.csv: 28183 records
2025-06-26 06:45:56,709 - INFO - Cache saved with 28673 URLs
2025-06-26 06:45:56,709 - INFO - Saved batch data. Total records: 28183
2025-06-26 06:45:56,709 - INFO - Processing batch 6/6 (49 links)
2025-06-26 06:46:02,227 - INFO - Progress: 10/49 ads processed
2025-06-26 06:46:07,423 - INFO - Progress: 20/49 ads processed
2025-06-26 06:46:12,577 - INFO - Progress: 30/49 ads processed
2025-06-26 06:46:17,596 - INFO - Progress: 40/49 ads processed
2025-06-26 06:46:21,749 - INFO - Progress: 49/49 ads processed
2025-06-26 06:46:21,835 - INFO - Created backup of existing data file at unegui_data/unegui_sales_data.csv.bak
2025-06-26 06:46:22,235 - INFO - Data saved to unegui_data/unegui_sales_data.csv: 28232 records
2025-06-26 06:46:23,189 - INFO - Cache saved with 28722 URLs
2025-06-26 06:46:23,189 - INFO - Saved batch data. Total records: 28232
2025-06-26 06:46:23,189 - INFO - Scraping completed in 0:07:23.736087. Total ads collected: 28232
