2025-06-06 06:38:10,710 - INFO - Starting sales apartment scraper at 2025-06-06 06:38:10.710866
2025-06-06 06:38:11,088 - INFO - Loaded existing data from unegui_data/unegui_sales_data.csv: 21189 records
2025-06-06 06:38:11,336 - INFO - Loaded 21189 existing records
2025-06-06 06:38:11,394 - INFO - Scraping page 1...
2025-06-06 06:38:11,394 - INFO - Scraping page 2...
2025-06-06 06:38:11,394 - INFO - Scraping page 3...
2025-06-06 06:38:15,411 - INFO - Found 60 links on page 3
2025-06-06 06:38:15,416 - INFO - Scraping page 4...
2025-06-06 06:38:15,586 - INFO - Found 60 links on page 2
2025-06-06 06:38:15,586 - INFO - Scraping page 5...
2025-06-06 06:38:16,456 - INFO - Found 60 links on page 1
2025-06-06 06:38:16,456 - INFO - Scraping page 6...
2025-06-06 06:38:19,366 - INFO - Found 60 links on page 4
2025-06-06 06:38:19,371 - INFO - Scraping page 7...
2025-06-06 06:38:19,481 - INFO - Found 60 links on page 5
2025-06-06 06:38:19,481 - INFO - Scraping page 8...
2025-06-06 06:38:20,423 - INFO - Found 60 links on page 6
2025-06-06 06:38:20,423 - INFO - Scraping page 9...
2025-06-06 06:38:23,443 - INFO - Found 60 links on page 8
2025-06-06 06:38:23,444 - INFO - Scraping page 10...
2025-06-06 06:38:23,649 - INFO - Found 60 links on page 7
2025-06-06 06:38:23,649 - INFO - Scraping page 11...
2025-06-06 06:38:24,368 - INFO - Found 60 links on page 9
2025-06-06 06:38:24,368 - INFO - Scraping page 12...
2025-06-06 06:38:27,420 - INFO - Found 60 links on page 10
2025-06-06 06:38:27,421 - INFO - Scraping page 13...
2025-06-06 06:38:27,785 - INFO - Found 60 links on page 11
2025-06-06 06:38:27,785 - INFO - Scraping page 14...
2025-06-06 06:38:28,474 - INFO - Found 60 links on page 12
2025-06-06 06:38:28,474 - INFO - Scraping page 15...
2025-06-06 06:38:32,250 - INFO - Found 60 links on page 13
2025-06-06 06:38:32,255 - INFO - Scraping page 16...
2025-06-06 06:38:32,601 - INFO - Found 60 links on page 14
2025-06-06 06:38:32,611 - INFO - Scraping page 17...
2025-06-06 06:38:32,722 - INFO - Found 60 links on page 15
2025-06-06 06:38:32,722 - INFO - Scraping page 18...
2025-06-06 06:38:36,043 - INFO - Found 60 links on page 16
2025-06-06 06:38:36,043 - INFO - Scraping page 19...
2025-06-06 06:38:36,744 - INFO - Found 60 links on page 17
2025-06-06 06:38:36,755 - INFO - Scraping page 20...
2025-06-06 06:38:36,805 - INFO - Found 60 links on page 18
2025-06-06 06:38:36,805 - INFO - Scraping page 21...
2025-06-06 06:38:39,922 - INFO - Found 60 links on page 19
2025-06-06 06:38:39,922 - INFO - Scraping page 22...
2025-06-06 06:38:40,609 - INFO - Found 60 links on page 21
2025-06-06 06:38:40,610 - INFO - Scraping page 23...
2025-06-06 06:38:40,934 - INFO - Found 60 links on page 20
2025-06-06 06:38:40,935 - INFO - Scraping page 24...
2025-06-06 06:38:43,758 - INFO - Found 60 links on page 22
2025-06-06 06:38:43,759 - INFO - Scraping page 25...
2025-06-06 06:38:44,685 - INFO - Found 60 links on page 23
2025-06-06 06:38:44,685 - INFO - Scraping page 26...
2025-06-06 06:38:44,948 - INFO - Found 60 links on page 24
2025-06-06 06:38:44,949 - INFO - Scraping page 27...
2025-06-06 06:38:47,499 - INFO - Found 60 links on page 25
2025-06-06 06:38:47,499 - INFO - Scraping page 28...
2025-06-06 06:38:48,911 - INFO - Found 60 links on page 26
2025-06-06 06:38:48,922 - INFO - Scraping page 29...
2025-06-06 06:38:49,056 - INFO - Found 60 links on page 27
2025-06-06 06:38:49,056 - INFO - Scraping page 30...
2025-06-06 06:38:51,758 - INFO - Found 60 links on page 28
2025-06-06 06:38:51,759 - INFO - Scraping page 31...
2025-06-06 06:38:52,852 - INFO - Found 60 links on page 29
2025-06-06 06:38:52,853 - INFO - Scraping page 32...
2025-06-06 06:38:53,067 - INFO - Found 60 links on page 30
2025-06-06 06:38:53,067 - INFO - Scraping page 33...
2025-06-06 06:38:55,746 - INFO - Found 60 links on page 31
2025-06-06 06:38:55,746 - INFO - Scraping page 34...
2025-06-06 06:38:56,763 - INFO - Found 60 links on page 32
2025-06-06 06:38:56,769 - INFO - Scraping page 35...
2025-06-06 06:38:56,979 - INFO - Found 60 links on page 33
2025-06-06 06:38:56,980 - INFO - Scraping page 36...
2025-06-06 06:38:59,717 - INFO - Found 60 links on page 34
2025-06-06 06:38:59,717 - INFO - Scraping page 37...
2025-06-06 06:39:00,911 - INFO - Found 60 links on page 36
2025-06-06 06:39:00,916 - INFO - Scraping page 38...
2025-06-06 06:39:01,076 - INFO - Found 60 links on page 35
2025-06-06 06:39:01,076 - INFO - Scraping page 39...
2025-06-06 06:39:03,678 - INFO - Found 60 links on page 37
2025-06-06 06:39:03,678 - INFO - Scraping page 40...
2025-06-06 06:39:04,771 - INFO - Found 60 links on page 38
2025-06-06 06:39:04,782 - INFO - Scraping page 41...
2025-06-06 06:39:04,908 - INFO - Found 60 links on page 39
2025-06-06 06:39:04,908 - INFO - Scraping page 42...
2025-06-06 06:39:07,873 - INFO - Found 60 links on page 40
2025-06-06 06:39:07,873 - INFO - Scraping page 43...
2025-06-06 06:39:08,908 - INFO - Found 60 links on page 42
2025-06-06 06:39:08,919 - INFO - Scraping page 44...
2025-06-06 06:39:09,103 - INFO - Found 60 links on page 41
2025-06-06 06:39:09,104 - INFO - Scraping page 45...
2025-06-06 06:39:11,644 - INFO - Found 60 links on page 43
2025-06-06 06:39:11,644 - INFO - Scraping page 46...
2025-06-06 06:39:12,831 - INFO - Found 60 links on page 45
2025-06-06 06:39:12,831 - INFO - Scraping page 47...
2025-06-06 06:39:13,115 - INFO - Found 60 links on page 44
2025-06-06 06:39:13,116 - INFO - Scraping page 48...
2025-06-06 06:39:15,618 - INFO - Found 60 links on page 46
2025-06-06 06:39:15,618 - INFO - Scraping page 49...
2025-06-06 06:39:17,194 - INFO - Found 60 links on page 48
2025-06-06 06:39:17,200 - INFO - Scraping page 50...
2025-06-06 06:39:17,273 - INFO - Found 60 links on page 47
2025-06-06 06:39:17,273 - INFO - Scraping page 51...
2025-06-06 06:39:19,797 - INFO - Found 60 links on page 49
2025-06-06 06:39:19,797 - INFO - Scraping page 52...
2025-06-06 06:39:21,252 - INFO - Found 60 links on page 50
2025-06-06 06:39:21,262 - INFO - Scraping page 53...
2025-06-06 06:39:21,416 - INFO - Found 60 links on page 51
2025-06-06 06:39:21,416 - INFO - Scraping page 54...
2025-06-06 06:39:23,541 - INFO - Found 60 links on page 52
2025-06-06 06:39:23,541 - INFO - Scraping page 55...
2025-06-06 06:39:25,246 - INFO - Found 60 links on page 53
2025-06-06 06:39:25,257 - INFO - Scraping page 56...
2025-06-06 06:39:25,328 - INFO - Found 60 links on page 54
2025-06-06 06:39:25,328 - INFO - Scraping page 57...
2025-06-06 06:39:27,667 - INFO - Found 60 links on page 55
2025-06-06 06:39:27,667 - INFO - Scraping page 58...
2025-06-06 06:39:29,397 - INFO - Found 60 links on page 56
2025-06-06 06:39:29,397 - INFO - Scraping page 59...
2025-06-06 06:39:29,979 - INFO - Found 60 links on page 57
2025-06-06 06:39:29,979 - INFO - Scraping page 60...
2025-06-06 06:39:31,473 - INFO - Found 60 links on page 58
2025-06-06 06:39:31,474 - INFO - Scraping page 61...
2025-06-06 06:39:34,252 - INFO - Found 60 links on page 59
2025-06-06 06:39:34,263 - INFO - Scraping page 62...
2025-06-06 06:39:34,354 - INFO - Found 60 links on page 60
2025-06-06 06:39:34,355 - INFO - Scraping page 63...
2025-06-06 06:39:35,691 - INFO - Found 60 links on page 61
2025-06-06 06:39:35,692 - INFO - Scraping page 64...
2025-06-06 06:39:38,038 - INFO - Found 60 links on page 62
2025-06-06 06:39:38,038 - INFO - Scraping page 65...
2025-06-06 06:39:38,907 - INFO - Found 60 links on page 63
2025-06-06 06:39:38,907 - INFO - Scraping page 66...
2025-06-06 06:39:40,389 - INFO - Found 60 links on page 64
2025-06-06 06:39:40,390 - INFO - Scraping page 67...
2025-06-06 06:39:41,995 - INFO - Found 60 links on page 65
2025-06-06 06:39:41,996 - INFO - Scraping page 68...
2025-06-06 06:39:42,713 - INFO - Found 60 links on page 66
2025-06-06 06:39:42,713 - INFO - Scraping page 69...
2025-06-06 06:39:44,436 - INFO - Found 60 links on page 67
2025-06-06 06:39:44,436 - INFO - Scraping page 70...
2025-06-06 06:39:46,086 - INFO - Found 60 links on page 68
2025-06-06 06:39:46,086 - INFO - Scraping page 71...
2025-06-06 06:39:46,921 - INFO - Found 60 links on page 69
2025-06-06 06:39:46,921 - INFO - Scraping page 72...
2025-06-06 06:39:48,286 - INFO - Found 60 links on page 70
2025-06-06 06:39:48,287 - INFO - Scraping page 73...
2025-06-06 06:39:50,520 - INFO - Found 60 links on page 71
2025-06-06 06:39:50,520 - INFO - Scraping page 74...
2025-06-06 06:39:51,058 - INFO - Found 60 links on page 72
2025-06-06 06:39:51,059 - INFO - Scraping page 75...
2025-06-06 06:39:52,285 - INFO - Found 60 links on page 73
2025-06-06 06:39:52,285 - INFO - Scraping page 76...
2025-06-06 06:39:54,892 - INFO - Found 60 links on page 75
2025-06-06 06:39:54,892 - INFO - Scraping page 77...
2025-06-06 06:39:55,512 - INFO - Found 60 links on page 74
2025-06-06 06:39:55,512 - INFO - Scraping page 78...
2025-06-06 06:39:56,377 - INFO - Found 60 links on page 76
2025-06-06 06:39:56,377 - INFO - Scraping page 79...
2025-06-06 06:39:58,935 - INFO - Found 60 links on page 77
2025-06-06 06:39:58,935 - INFO - Scraping page 80...
2025-06-06 06:39:59,343 - INFO - Found 60 links on page 78
2025-06-06 06:39:59,343 - INFO - Scraping page 81...
2025-06-06 06:39:59,968 - INFO - Found 60 links on page 79
2025-06-06 06:39:59,968 - INFO - Scraping page 82...
2025-06-06 06:40:03,131 - INFO - Found 60 links on page 81
2025-06-06 06:40:03,136 - INFO - Scraping page 83...
2025-06-06 06:40:03,354 - INFO - Found 60 links on page 80
2025-06-06 06:40:03,354 - INFO - Scraping page 84...
2025-06-06 06:40:04,004 - INFO - Found 60 links on page 82
2025-06-06 06:40:04,004 - INFO - Scraping page 85...
2025-06-06 06:40:06,900 - INFO - Found 60 links on page 83
2025-06-06 06:40:06,900 - INFO - Scraping page 86...
2025-06-06 06:40:07,422 - INFO - Found 60 links on page 84
2025-06-06 06:40:07,422 - INFO - Scraping page 87...
2025-06-06 06:40:08,210 - INFO - Found 60 links on page 85
2025-06-06 06:40:08,211 - INFO - Scraping page 88...
2025-06-06 06:40:11,538 - INFO - Found 60 links on page 86
2025-06-06 06:40:11,538 - INFO - Scraping page 89...
2025-06-06 06:40:11,747 - INFO - Found 60 links on page 87
2025-06-06 06:40:11,748 - INFO - Scraping page 90...
2025-06-06 06:40:13,052 - INFO - Found 60 links on page 88
2025-06-06 06:40:13,052 - INFO - Scraping page 91...
2025-06-06 06:40:15,576 - INFO - Found 60 links on page 89
2025-06-06 06:40:15,576 - INFO - Scraping page 92...
2025-06-06 06:40:16,244 - INFO - Found 60 links on page 90
2025-06-06 06:40:16,244 - INFO - Scraping page 93...
2025-06-06 06:40:17,329 - INFO - Found 60 links on page 91
2025-06-06 06:40:17,329 - INFO - Scraping page 94...
2025-06-06 06:40:19,719 - INFO - Found 60 links on page 92
2025-06-06 06:40:19,719 - INFO - Scraping page 95...
2025-06-06 06:40:20,442 - INFO - Found 60 links on page 93
2025-06-06 06:40:20,443 - INFO - Scraping page 96...
2025-06-06 06:40:21,066 - INFO - Found 60 links on page 94
2025-06-06 06:40:21,066 - INFO - Scraping page 97...
2025-06-06 06:40:23,855 - INFO - Found 60 links on page 95
2025-06-06 06:40:23,855 - INFO - Scraping page 98...
2025-06-06 06:40:24,520 - INFO - Found 60 links on page 96
2025-06-06 06:40:24,521 - INFO - Scraping page 99...
2025-06-06 06:40:25,232 - INFO - Found 60 links on page 97
2025-06-06 06:40:25,233 - INFO - Scraping page 100...
2025-06-06 06:40:28,117 - INFO - Found 60 links on page 98
2025-06-06 06:40:28,117 - INFO - Scraping page 101...
2025-06-06 06:40:28,321 - INFO - Found 60 links on page 99
2025-06-06 06:40:28,322 - INFO - Scraping page 102...
2025-06-06 06:40:29,010 - INFO - Found 60 links on page 100
2025-06-06 06:40:29,010 - INFO - Scraping page 103...
2025-06-06 06:40:31,921 - INFO - Found 60 links on page 101
2025-06-06 06:40:31,921 - INFO - Scraping page 104...
2025-06-06 06:40:32,464 - INFO - Found 60 links on page 102
2025-06-06 06:40:32,464 - INFO - Scraping page 105...
2025-06-06 06:40:32,989 - INFO - Found 60 links on page 103
2025-06-06 06:40:32,989 - INFO - Scraping page 106...
2025-06-06 06:40:35,619 - INFO - Found 60 links on page 104
2025-06-06 06:40:35,619 - INFO - Scraping page 107...
2025-06-06 06:40:36,645 - INFO - Found 60 links on page 105
2025-06-06 06:40:36,645 - INFO - Scraping page 108...
2025-06-06 06:40:36,934 - INFO - Found 60 links on page 106
2025-06-06 06:40:36,935 - INFO - Scraping page 109...
2025-06-06 06:40:39,341 - INFO - Found 60 links on page 107
2025-06-06 06:40:39,341 - INFO - Scraping page 110...
2025-06-06 06:40:40,638 - INFO - Found 60 links on page 108
2025-06-06 06:40:40,638 - INFO - Scraping page 111...
2025-06-06 06:40:40,865 - INFO - Found 60 links on page 109
2025-06-06 06:40:40,865 - INFO - Scraping page 112...
2025-06-06 06:40:43,482 - INFO - Found 60 links on page 110
2025-06-06 06:40:43,482 - INFO - Scraping page 113...
2025-06-06 06:40:44,751 - INFO - Found 60 links on page 111
2025-06-06 06:40:44,751 - INFO - Scraping page 114...
2025-06-06 06:40:45,161 - INFO - Found 60 links on page 112
2025-06-06 06:40:45,161 - INFO - Scraping page 115...
2025-06-06 06:40:47,782 - INFO - Found 60 links on page 113
2025-06-06 06:40:47,783 - INFO - Scraping page 116...
2025-06-06 06:40:48,488 - INFO - Found 60 links on page 114
2025-06-06 06:40:48,488 - INFO - Scraping page 117...
2025-06-06 06:40:49,081 - INFO - Found 60 links on page 115
2025-06-06 06:40:49,081 - INFO - Scraping page 118...
2025-06-06 06:40:51,947 - INFO - Found 60 links on page 116
2025-06-06 06:40:51,947 - INFO - Scraping page 119...
2025-06-06 06:40:52,868 - INFO - Found 60 links on page 117
2025-06-06 06:40:52,868 - INFO - Scraping page 120...
2025-06-06 06:40:53,371 - INFO - Found 60 links on page 118
2025-06-06 06:40:53,371 - INFO - Scraping page 121...
2025-06-06 06:40:56,076 - INFO - Found 60 links on page 119
2025-06-06 06:40:56,076 - INFO - Scraping page 122...
2025-06-06 06:40:56,513 - INFO - Found 60 links on page 120
2025-06-06 06:40:56,513 - INFO - Scraping page 123...
2025-06-06 06:40:57,430 - INFO - Found 60 links on page 121
2025-06-06 06:40:57,431 - INFO - Scraping page 124...
2025-06-06 06:41:00,158 - INFO - Found 60 links on page 122
2025-06-06 06:41:00,159 - INFO - Scraping page 125...
2025-06-06 06:41:00,699 - INFO - Found 60 links on page 123
2025-06-06 06:41:00,699 - INFO - Scraping page 126...
2025-06-06 06:41:01,186 - INFO - Found 60 links on page 124
2025-06-06 06:41:01,187 - INFO - Scraping page 127...
2025-06-06 06:41:03,952 - INFO - Found 60 links on page 125
2025-06-06 06:41:03,952 - INFO - Scraping page 128...
2025-06-06 06:41:04,873 - INFO - Found 60 links on page 126
2025-06-06 06:41:04,874 - INFO - Scraping page 129...
2025-06-06 06:41:06,011 - INFO - Found 60 links on page 127
2025-06-06 06:41:06,011 - INFO - Scraping page 130...
2025-06-06 06:41:08,108 - INFO - Found 60 links on page 128
2025-06-06 06:41:08,108 - INFO - Scraping page 131...
2025-06-06 06:41:08,879 - INFO - Found 60 links on page 129
2025-06-06 06:41:08,879 - INFO - Scraping page 132...
2025-06-06 06:41:09,998 - INFO - Found 60 links on page 130
2025-06-06 06:41:09,998 - INFO - Scraping page 133...
2025-06-06 06:41:12,305 - INFO - Found 60 links on page 131
2025-06-06 06:41:12,305 - INFO - Scraping page 134...
2025-06-06 06:41:12,776 - INFO - Found 60 links on page 132
2025-06-06 06:41:12,776 - INFO - Scraping page 135...
2025-06-06 06:41:13,849 - INFO - Found 60 links on page 133
2025-06-06 06:41:13,849 - INFO - Scraping page 136...
2025-06-06 06:41:16,546 - INFO - Found 60 links on page 134
2025-06-06 06:41:16,546 - INFO - Scraping page 137...
2025-06-06 06:41:17,178 - INFO - Found 60 links on page 135
2025-06-06 06:41:17,178 - INFO - Scraping page 138...
2025-06-06 06:41:17,913 - INFO - Found 60 links on page 136
2025-06-06 06:41:17,913 - INFO - Scraping page 139...
2025-06-06 06:41:20,693 - INFO - Found 60 links on page 137
2025-06-06 06:41:20,693 - INFO - Scraping page 140...
2025-06-06 06:41:21,219 - INFO - Found 60 links on page 138
2025-06-06 06:41:21,219 - INFO - Scraping page 141...
2025-06-06 06:41:22,063 - INFO - Found 60 links on page 139
2025-06-06 06:41:22,063 - INFO - Scraping page 142...
2025-06-06 06:41:24,315 - INFO - Found 60 links on page 140
2025-06-06 06:41:24,315 - INFO - Scraping page 143...
2025-06-06 06:41:24,847 - INFO - Found 60 links on page 141
2025-06-06 06:41:24,847 - INFO - Scraping page 144...
2025-06-06 06:41:25,671 - INFO - Found 60 links on page 142
2025-06-06 06:41:25,671 - INFO - Scraping page 145...
2025-06-06 06:41:28,189 - INFO - Found 60 links on page 143
2025-06-06 06:41:28,189 - INFO - Scraping page 146...
2025-06-06 06:41:28,730 - INFO - Found 60 links on page 144
2025-06-06 06:41:28,730 - INFO - Scraping page 147...
2025-06-06 06:41:29,944 - INFO - Found 60 links on page 145
2025-06-06 06:41:29,944 - INFO - Scraping page 148...
2025-06-06 06:41:32,500 - INFO - Found 60 links on page 146
2025-06-06 06:41:32,500 - INFO - Scraping page 149...
2025-06-06 06:41:33,700 - INFO - Found 60 links on page 147
2025-06-06 06:41:33,700 - INFO - Scraping page 150...
2025-06-06 06:41:34,230 - INFO - Found 60 links on page 148
2025-06-06 06:41:34,230 - INFO - Scraping page 151...
2025-06-06 06:41:36,437 - INFO - Found 60 links on page 149
2025-06-06 06:41:36,437 - INFO - Scraping page 152...
2025-06-06 06:41:37,800 - INFO - Found 60 links on page 150
2025-06-06 06:41:37,800 - INFO - Scraping page 153...
2025-06-06 06:41:38,362 - INFO - Found 60 links on page 151
2025-06-06 06:41:38,362 - INFO - Scraping page 154...
2025-06-06 06:41:40,513 - INFO - Found 60 links on page 152
2025-06-06 06:41:40,513 - INFO - Scraping page 155...
2025-06-06 06:41:42,113 - INFO - Found 60 links on page 153
2025-06-06 06:41:42,114 - INFO - Scraping page 156...
2025-06-06 06:41:42,521 - INFO - Found 60 links on page 154
2025-06-06 06:41:42,521 - INFO - Scraping page 157...
2025-06-06 06:41:44,776 - INFO - Found 60 links on page 155
2025-06-06 06:41:44,776 - INFO - Scraping page 158...
2025-06-06 06:41:46,247 - INFO - Found 60 links on page 156
2025-06-06 06:41:46,247 - INFO - Scraping page 159...
2025-06-06 06:41:46,530 - INFO - Found 60 links on page 157
2025-06-06 06:41:46,530 - INFO - Scraping page 160...
2025-06-06 06:41:48,577 - INFO - Found 60 links on page 158
2025-06-06 06:41:48,577 - INFO - Scraping page 161...
2025-06-06 06:41:50,107 - INFO - Found 60 links on page 159
2025-06-06 06:41:50,107 - INFO - Scraping page 162...
2025-06-06 06:41:50,315 - INFO - Found 60 links on page 160
2025-06-06 06:41:50,315 - INFO - Scraping page 163...
2025-06-06 06:41:52,663 - INFO - Found 60 links on page 161
2025-06-06 06:41:52,664 - INFO - Scraping page 164...
2025-06-06 06:41:54,287 - INFO - Found 60 links on page 163
2025-06-06 06:41:54,297 - INFO - Scraping page 165...
2025-06-06 06:41:54,427 - INFO - Found 60 links on page 162
2025-06-06 06:41:54,427 - INFO - Scraping page 166...
2025-06-06 06:41:56,672 - INFO - Found 60 links on page 164
2025-06-06 06:41:56,673 - INFO - Scraping page 167...
2025-06-06 06:41:58,235 - INFO - Found 60 links on page 165
2025-06-06 06:41:58,235 - INFO - Scraping page 168...
2025-06-06 06:41:59,084 - INFO - Found 60 links on page 166
2025-06-06 06:41:59,084 - INFO - Scraping page 169...
2025-06-06 06:42:00,968 - INFO - Found 60 links on page 167
2025-06-06 06:42:00,968 - INFO - Scraping page 170...
2025-06-06 06:42:02,381 - INFO - Found 60 links on page 168
2025-06-06 06:42:02,382 - INFO - Scraping page 171...
2025-06-06 06:42:03,012 - INFO - Found 60 links on page 169
2025-06-06 06:42:03,013 - INFO - Scraping page 172...
2025-06-06 06:42:05,239 - INFO - Found 60 links on page 170
2025-06-06 06:42:05,239 - INFO - Scraping page 173...
2025-06-06 06:42:06,645 - INFO - Found 60 links on page 171
2025-06-06 06:42:06,645 - INFO - Scraping page 174...
2025-06-06 06:42:06,895 - INFO - Found 60 links on page 172
2025-06-06 06:42:06,895 - INFO - Scraping page 175...
2025-06-06 06:42:10,058 - INFO - Found 60 links on page 173
2025-06-06 06:42:10,058 - INFO - Scraping page 176...
2025-06-06 06:42:11,181 - INFO - Found 60 links on page 174
2025-06-06 06:42:11,181 - INFO - Scraping page 177...
2025-06-06 06:42:12,005 - INFO - Found 60 links on page 175
2025-06-06 06:42:12,005 - INFO - Scraping page 178...
2025-06-06 06:42:14,414 - INFO - Found 60 links on page 176
2025-06-06 06:42:14,415 - INFO - Scraping page 179...
2025-06-06 06:42:15,587 - INFO - Found 60 links on page 177
2025-06-06 06:42:15,587 - INFO - Scraping page 180...
2025-06-06 06:42:16,132 - INFO - Found 60 links on page 178
2025-06-06 06:42:16,132 - INFO - Scraping page 181...
2025-06-06 06:42:19,383 - INFO - Found 60 links on page 179
2025-06-06 06:42:19,383 - INFO - Scraping page 182...
2025-06-06 06:42:19,586 - INFO - Found 60 links on page 180
2025-06-06 06:42:19,586 - INFO - Scraping page 183...
2025-06-06 06:42:20,588 - INFO - Found 60 links on page 181
2025-06-06 06:42:20,589 - INFO - Scraping page 184...
2025-06-06 06:42:23,304 - INFO - Found 60 links on page 182
2025-06-06 06:42:23,304 - INFO - Scraping page 185...
2025-06-06 06:42:23,554 - INFO - Found 60 links on page 183
2025-06-06 06:42:23,554 - INFO - Scraping page 186...
2025-06-06 06:42:24,817 - INFO - Found 60 links on page 184
2025-06-06 06:42:24,817 - INFO - Scraping page 187...
2025-06-06 06:42:27,400 - INFO - Found 60 links on page 185
2025-06-06 06:42:27,410 - INFO - Scraping page 188...
2025-06-06 06:42:27,467 - INFO - Found 60 links on page 186
2025-06-06 06:42:27,468 - INFO - Scraping page 189...
2025-06-06 06:42:29,200 - INFO - Found 60 links on page 187
2025-06-06 06:42:29,201 - INFO - Scraping page 190...
2025-06-06 06:42:31,281 - INFO - Found 60 links on page 188
2025-06-06 06:42:31,282 - INFO - Scraping page 191...
2025-06-06 06:42:31,835 - INFO - Found 60 links on page 189
2025-06-06 06:42:31,836 - INFO - Scraping page 192...
2025-06-06 06:42:33,731 - INFO - Found 60 links on page 190
2025-06-06 06:42:33,731 - INFO - Scraping page 193...
2025-06-06 06:42:35,757 - INFO - Found 60 links on page 192
2025-06-06 06:42:35,757 - INFO - Scraping page 194...
2025-06-06 06:42:35,960 - INFO - Found 60 links on page 191
2025-06-06 06:42:35,960 - INFO - Scraping page 195...
2025-06-06 06:42:37,521 - INFO - Found 60 links on page 193
2025-06-06 06:42:37,522 - INFO - Scraping page 196...
2025-06-06 06:42:39,826 - INFO - Found 60 links on page 194
2025-06-06 06:42:39,826 - INFO - Scraping page 197...
2025-06-06 06:42:40,126 - INFO - Found 60 links on page 195
2025-06-06 06:42:40,126 - INFO - Scraping page 198...
2025-06-06 06:42:41,709 - INFO - Found 60 links on page 196
2025-06-06 06:42:41,709 - INFO - Scraping page 199...
2025-06-06 06:42:44,057 - INFO - Found 60 links on page 197
2025-06-06 06:42:44,062 - INFO - Scraping page 200...
2025-06-06 06:42:44,147 - INFO - Found 60 links on page 198
2025-06-06 06:42:45,538 - INFO - Found 60 links on page 199
2025-06-06 06:42:48,329 - INFO - Found 60 links on page 200
2025-06-06 06:42:48,338 - INFO - Found 373 new links to scrape out of 12000 total links
2025-06-06 06:42:48,338 - INFO - Processing batch 1/8 (50 links)
2025-06-06 06:42:54,341 - INFO - Progress: 10/50 ads processed
2025-06-06 06:42:58,964 - INFO - Progress: 20/50 ads processed
2025-06-06 06:43:03,923 - INFO - Progress: 30/50 ads processed
2025-06-06 06:43:09,061 - INFO - Progress: 40/50 ads processed
2025-06-06 06:43:14,225 - INFO - Progress: 50/50 ads processed
2025-06-06 06:43:14,296 - INFO - Created backup of existing data file at unegui_data/unegui_sales_data.csv.bak
2025-06-06 06:43:14,603 - INFO - Data saved to unegui_data/unegui_sales_data.csv: 21239 records
2025-06-06 06:43:15,323 - INFO - Cache saved with 21591 URLs
2025-06-06 06:43:15,323 - INFO - Saved batch data. Total records: 21239
2025-06-06 06:43:15,323 - INFO - Processing batch 2/8 (50 links)
2025-06-06 06:43:20,326 - INFO - Progress: 10/50 ads processed
2025-06-06 06:43:25,651 - INFO - Progress: 20/50 ads processed
2025-06-06 06:43:30,574 - INFO - Progress: 30/50 ads processed
2025-06-06 06:43:35,864 - INFO - Progress: 40/50 ads processed
2025-06-06 06:43:41,022 - INFO - Progress: 50/50 ads processed
2025-06-06 06:43:41,090 - INFO - Created backup of existing data file at unegui_data/unegui_sales_data.csv.bak
2025-06-06 06:43:41,393 - INFO - Data saved to unegui_data/unegui_sales_data.csv: 21287 records
2025-06-06 06:43:42,119 - INFO - Cache saved with 21641 URLs
2025-06-06 06:43:42,120 - INFO - Saved batch data. Total records: 21287
2025-06-06 06:43:42,120 - INFO - Processing batch 3/8 (50 links)
2025-06-06 06:43:47,655 - INFO - Progress: 10/50 ads processed
2025-06-06 06:43:52,739 - INFO - Progress: 20/50 ads processed
2025-06-06 06:43:57,789 - INFO - Progress: 30/50 ads processed
2025-06-06 06:44:03,009 - INFO - Progress: 40/50 ads processed
2025-06-06 06:44:07,552 - INFO - Progress: 50/50 ads processed
2025-06-06 06:44:07,620 - INFO - Created backup of existing data file at unegui_data/unegui_sales_data.csv.bak
2025-06-06 06:44:07,925 - INFO - Data saved to unegui_data/unegui_sales_data.csv: 21336 records
2025-06-06 06:44:08,644 - INFO - Cache saved with 21691 URLs
2025-06-06 06:44:08,644 - INFO - Saved batch data. Total records: 21336
2025-06-06 06:44:08,644 - INFO - Processing batch 4/8 (50 links)
2025-06-06 06:44:14,263 - INFO - Progress: 10/50 ads processed
2025-06-06 06:44:18,969 - INFO - Progress: 20/50 ads processed
2025-06-06 06:44:23,998 - INFO - Progress: 30/50 ads processed
2025-06-06 06:44:29,345 - INFO - Progress: 40/50 ads processed
2025-06-06 06:44:34,079 - INFO - Progress: 50/50 ads processed
2025-06-06 06:44:34,148 - INFO - Created backup of existing data file at unegui_data/unegui_sales_data.csv.bak
2025-06-06 06:44:34,456 - INFO - Data saved to unegui_data/unegui_sales_data.csv: 21386 records
2025-06-06 06:44:35,181 - INFO - Cache saved with 21741 URLs
2025-06-06 06:44:35,181 - INFO - Saved batch data. Total records: 21386
2025-06-06 06:44:35,181 - INFO - Processing batch 5/8 (50 links)
2025-06-06 06:44:40,958 - INFO - Progress: 10/50 ads processed
2025-06-06 06:44:45,960 - INFO - Progress: 20/50 ads processed
2025-06-06 06:44:51,387 - INFO - Progress: 30/50 ads processed
2025-06-06 06:44:56,637 - INFO - Progress: 40/50 ads processed
2025-06-06 06:45:02,411 - INFO - Progress: 50/50 ads processed
2025-06-06 06:45:02,480 - INFO - Created backup of existing data file at unegui_data/unegui_sales_data.csv.bak
2025-06-06 06:45:02,789 - INFO - Data saved to unegui_data/unegui_sales_data.csv: 21435 records
2025-06-06 06:45:03,520 - INFO - Cache saved with 21791 URLs
2025-06-06 06:45:03,520 - INFO - Saved batch data. Total records: 21435
2025-06-06 06:45:03,520 - INFO - Processing batch 6/8 (50 links)
2025-06-06 06:45:08,563 - INFO - Progress: 10/50 ads processed
2025-06-06 06:45:13,907 - INFO - Progress: 20/50 ads processed
2025-06-06 06:45:19,274 - INFO - Progress: 30/50 ads processed
2025-06-06 06:45:24,242 - INFO - Progress: 40/50 ads processed
2025-06-06 06:45:29,519 - INFO - Progress: 50/50 ads processed
2025-06-06 06:45:29,590 - INFO - Created backup of existing data file at unegui_data/unegui_sales_data.csv.bak
2025-06-06 06:45:29,901 - INFO - Data saved to unegui_data/unegui_sales_data.csv: 21484 records
2025-06-06 06:45:30,627 - INFO - Cache saved with 21841 URLs
2025-06-06 06:45:30,627 - INFO - Saved batch data. Total records: 21484
2025-06-06 06:45:30,627 - INFO - Processing batch 7/8 (50 links)
2025-06-06 06:45:36,803 - INFO - Progress: 10/50 ads processed
2025-06-06 06:45:42,279 - INFO - Progress: 20/50 ads processed
2025-06-06 06:45:47,166 - INFO - Progress: 30/50 ads processed
2025-06-06 06:45:52,113 - INFO - Progress: 40/50 ads processed
2025-06-06 06:45:57,259 - INFO - Progress: 50/50 ads processed
2025-06-06 06:45:57,330 - INFO - Created backup of existing data file at unegui_data/unegui_sales_data.csv.bak
2025-06-06 06:45:57,642 - INFO - Data saved to unegui_data/unegui_sales_data.csv: 21534 records
2025-06-06 06:45:58,407 - INFO - Cache saved with 21891 URLs
2025-06-06 06:45:58,407 - INFO - Saved batch data. Total records: 21534
2025-06-06 06:45:58,407 - INFO - Processing batch 8/8 (23 links)
2025-06-06 06:46:03,584 - INFO - Progress: 10/23 ads processed
2025-06-06 06:46:09,674 - INFO - Progress: 20/23 ads processed
2025-06-06 06:46:10,837 - INFO - Progress: 23/23 ads processed
2025-06-06 06:46:10,907 - INFO - Created backup of existing data file at unegui_data/unegui_sales_data.csv.bak
2025-06-06 06:46:11,220 - INFO - Data saved to unegui_data/unegui_sales_data.csv: 21557 records
2025-06-06 06:46:11,955 - INFO - Cache saved with 21914 URLs
2025-06-06 06:46:11,955 - INFO - Saved batch data. Total records: 21557
2025-06-06 06:46:11,955 - INFO - Scraping completed in 0:08:01.244825. Total ads collected: 21557
