2025-06-29 06:36:12,745 - INFO - Starting sales apartment scraper at 2025-06-29 06:36:12.745297
2025-06-29 06:36:13,167 - INFO - Loaded existing data from unegui_data/unegui_sales_data.csv: 28758 records
2025-06-29 06:36:13,507 - INFO - Loaded 28758 existing records
2025-06-29 06:36:13,514 - INFO - Scraping page 1...
2025-06-29 06:36:13,514 - INFO - Scraping page 2...
2025-06-29 06:36:13,515 - INFO - Scraping page 3...
2025-06-29 06:36:17,383 - INFO - Found 60 links on page 3
2025-06-29 06:36:17,384 - INFO - Scraping page 4...
2025-06-29 06:36:17,857 - INFO - Found 60 links on page 2
2025-06-29 06:36:17,857 - INFO - Scraping page 5...
2025-06-29 06:36:18,379 - INFO - Found 60 links on page 1
2025-06-29 06:36:18,379 - INFO - Scraping page 6...
2025-06-29 06:36:21,149 - INFO - Found 60 links on page 4
2025-06-29 06:36:21,149 - INFO - Scraping page 7...
2025-06-29 06:36:21,717 - INFO - Found 60 links on page 5
2025-06-29 06:36:21,718 - INFO - Scraping page 8...
2025-06-29 06:36:22,667 - INFO - Found 60 links on page 6
2025-06-29 06:36:22,667 - INFO - Scraping page 9...
2025-06-29 06:36:24,972 - INFO - Found 60 links on page 7
2025-06-29 06:36:24,972 - INFO - Scraping page 10...
2025-06-29 06:36:26,024 - INFO - Found 60 links on page 8
2025-06-29 06:36:26,025 - INFO - Scraping page 11...
2025-06-29 06:36:26,373 - INFO - Found 60 links on page 9
2025-06-29 06:36:26,374 - INFO - Scraping page 12...
2025-06-29 06:36:28,839 - INFO - Found 60 links on page 10
2025-06-29 06:36:28,839 - INFO - Scraping page 13...
2025-06-29 06:36:29,780 - INFO - Found 60 links on page 11
2025-06-29 06:36:29,780 - INFO - Scraping page 14...
2025-06-29 06:36:30,490 - INFO - Found 60 links on page 12
2025-06-29 06:36:30,490 - INFO - Scraping page 15...
2025-06-29 06:36:32,865 - INFO - Found 60 links on page 13
2025-06-29 06:36:32,865 - INFO - Scraping page 16...
2025-06-29 06:36:33,774 - INFO - Found 60 links on page 14
2025-06-29 06:36:33,774 - INFO - Scraping page 17...
2025-06-29 06:36:34,539 - INFO - Found 60 links on page 15
2025-06-29 06:36:34,540 - INFO - Scraping page 18...
2025-06-29 06:36:36,903 - INFO - Found 60 links on page 16
2025-06-29 06:36:36,903 - INFO - Scraping page 19...
2025-06-29 06:36:37,811 - INFO - Found 60 links on page 17
2025-06-29 06:36:37,811 - INFO - Scraping page 20...
2025-06-29 06:36:38,655 - INFO - Found 60 links on page 18
2025-06-29 06:36:38,656 - INFO - Scraping page 21...
2025-06-29 06:36:40,480 - INFO - Found 60 links on page 19
2025-06-29 06:36:40,480 - INFO - Scraping page 22...
2025-06-29 06:36:41,709 - INFO - Found 60 links on page 20
2025-06-29 06:36:41,710 - INFO - Scraping page 23...
2025-06-29 06:36:42,575 - INFO - Found 60 links on page 21
2025-06-29 06:36:42,575 - INFO - Scraping page 24...
2025-06-29 06:36:44,037 - INFO - Found 60 links on page 22
2025-06-29 06:36:44,038 - INFO - Scraping page 25...
2025-06-29 06:36:45,759 - INFO - Found 60 links on page 23
2025-06-29 06:36:45,759 - INFO - Scraping page 26...
2025-06-29 06:36:46,538 - INFO - Found 60 links on page 24
2025-06-29 06:36:46,538 - INFO - Scraping page 27...
2025-06-29 06:36:48,228 - INFO - Found 60 links on page 25
2025-06-29 06:36:48,228 - INFO - Scraping page 28...
2025-06-29 06:36:49,665 - INFO - Found 60 links on page 26
2025-06-29 06:36:49,665 - INFO - Scraping page 29...
2025-06-29 06:36:50,502 - INFO - Found 60 links on page 27
2025-06-29 06:36:50,502 - INFO - Scraping page 30...
2025-06-29 06:36:52,217 - INFO - Found 60 links on page 28
2025-06-29 06:36:52,217 - INFO - Scraping page 31...
2025-06-29 06:36:53,838 - INFO - Found 60 links on page 29
2025-06-29 06:36:53,838 - INFO - Scraping page 32...
2025-06-29 06:36:54,581 - INFO - Found 60 links on page 30
2025-06-29 06:36:54,581 - INFO - Scraping page 33...
2025-06-29 06:36:55,858 - INFO - Found 60 links on page 31
2025-06-29 06:36:55,858 - INFO - Scraping page 34...
2025-06-29 06:36:57,858 - INFO - Found 60 links on page 32
2025-06-29 06:36:57,858 - INFO - Scraping page 35...
2025-06-29 06:36:59,205 - INFO - Found 60 links on page 33
2025-06-29 06:36:59,205 - INFO - Scraping page 36...
2025-06-29 06:36:59,761 - INFO - Found 60 links on page 34
2025-06-29 06:36:59,761 - INFO - Scraping page 37...
2025-06-29 06:37:01,679 - INFO - Found 60 links on page 35
2025-06-29 06:37:01,679 - INFO - Scraping page 38...
2025-06-29 06:37:02,994 - INFO - Found 60 links on page 36
2025-06-29 06:37:02,994 - INFO - Scraping page 39...
2025-06-29 06:37:03,772 - INFO - Found 60 links on page 37
2025-06-29 06:37:03,772 - INFO - Scraping page 40...
2025-06-29 06:37:06,221 - INFO - Found 60 links on page 38
2025-06-29 06:37:06,221 - INFO - Scraping page 41...
2025-06-29 06:37:07,135 - INFO - Found 60 links on page 39
2025-06-29 06:37:07,135 - INFO - Scraping page 42...
2025-06-29 06:37:07,686 - INFO - Found 60 links on page 40
2025-06-29 06:37:07,687 - INFO - Scraping page 43...
2025-06-29 06:37:10,521 - INFO - Found 60 links on page 41
2025-06-29 06:37:10,521 - INFO - Scraping page 44...
2025-06-29 06:37:10,905 - INFO - Found 60 links on page 42
2025-06-29 06:37:10,905 - INFO - Scraping page 45...
2025-06-29 06:37:11,596 - INFO - Found 60 links on page 43
2025-06-29 06:37:11,597 - INFO - Scraping page 46...
2025-06-29 06:37:14,600 - INFO - Found 60 links on page 44
2025-06-29 06:37:14,600 - INFO - Scraping page 47...
2025-06-29 06:37:15,159 - INFO - Found 60 links on page 45
2025-06-29 06:37:15,159 - INFO - Scraping page 48...
2025-06-29 06:37:15,659 - INFO - Found 60 links on page 46
2025-06-29 06:37:15,659 - INFO - Scraping page 49...
2025-06-29 06:37:18,681 - INFO - Found 60 links on page 47
2025-06-29 06:37:18,682 - INFO - Scraping page 50...
2025-06-29 06:37:19,751 - INFO - Found 60 links on page 48
2025-06-29 06:37:19,752 - INFO - Scraping page 51...
2025-06-29 06:37:19,962 - INFO - Found 60 links on page 49
2025-06-29 06:37:19,963 - INFO - Scraping page 52...
2025-06-29 06:37:22,873 - INFO - Found 60 links on page 50
2025-06-29 06:37:22,873 - INFO - Scraping page 53...
2025-06-29 06:37:23,674 - INFO - Found 60 links on page 51
2025-06-29 06:37:23,674 - INFO - Scraping page 54...
2025-06-29 06:37:24,347 - INFO - Found 60 links on page 52
2025-06-29 06:37:24,347 - INFO - Scraping page 55...
2025-06-29 06:37:27,007 - INFO - Found 60 links on page 53
2025-06-29 06:37:27,007 - INFO - Scraping page 56...
2025-06-29 06:37:28,596 - INFO - Found 60 links on page 54
2025-06-29 06:37:28,606 - INFO - Scraping page 57...
2025-06-29 06:37:28,667 - INFO - Found 60 links on page 55
2025-06-29 06:37:28,668 - INFO - Scraping page 58...
2025-06-29 06:37:31,129 - INFO - Found 60 links on page 56
2025-06-29 06:37:31,130 - INFO - Scraping page 59...
2025-06-29 06:37:32,943 - INFO - Found 60 links on page 57
2025-06-29 06:37:32,948 - INFO - Scraping page 60...
2025-06-29 06:37:32,991 - INFO - Found 60 links on page 58
2025-06-29 06:37:32,991 - INFO - Scraping page 61...
2025-06-29 06:37:35,312 - INFO - Found 60 links on page 59
2025-06-29 06:37:35,312 - INFO - Scraping page 62...
2025-06-29 06:37:36,893 - INFO - Found 60 links on page 61
2025-06-29 06:37:36,894 - INFO - Scraping page 63...
2025-06-29 06:37:37,332 - INFO - Found 60 links on page 60
2025-06-29 06:37:37,333 - INFO - Scraping page 64...
2025-06-29 06:37:39,367 - INFO - Found 60 links on page 62
2025-06-29 06:37:39,367 - INFO - Scraping page 65...
2025-06-29 06:37:40,479 - INFO - Found 60 links on page 63
2025-06-29 06:37:40,479 - INFO - Scraping page 66...
2025-06-29 06:37:41,103 - INFO - Found 60 links on page 64
2025-06-29 06:37:41,104 - INFO - Scraping page 67...
2025-06-29 06:37:43,175 - INFO - Found 60 links on page 65
2025-06-29 06:37:43,175 - INFO - Scraping page 68...
2025-06-29 06:37:44,231 - INFO - Found 60 links on page 66
2025-06-29 06:37:44,231 - INFO - Scraping page 69...
2025-06-29 06:37:45,230 - INFO - Found 60 links on page 67
2025-06-29 06:37:45,230 - INFO - Scraping page 70...
2025-06-29 06:37:46,992 - INFO - Found 60 links on page 68
2025-06-29 06:37:46,992 - INFO - Scraping page 71...
2025-06-29 06:37:48,358 - INFO - Found 60 links on page 69
2025-06-29 06:37:48,359 - INFO - Scraping page 72...
2025-06-29 06:37:49,193 - INFO - Found 60 links on page 70
2025-06-29 06:37:49,193 - INFO - Scraping page 73...
2025-06-29 06:37:51,113 - INFO - Found 60 links on page 71
2025-06-29 06:37:51,113 - INFO - Scraping page 74...
2025-06-29 06:37:53,607 - INFO - Found 60 links on page 73
2025-06-29 06:37:53,612 - INFO - Scraping page 75...
2025-06-29 06:37:53,681 - INFO - Found 60 links on page 72
2025-06-29 06:37:53,681 - INFO - Scraping page 76...
2025-06-29 06:37:54,991 - INFO - Found 60 links on page 74
2025-06-29 06:37:54,991 - INFO - Scraping page 77...
2025-06-29 06:37:57,860 - INFO - Found 60 links on page 75
2025-06-29 06:37:57,860 - INFO - Scraping page 78...
2025-06-29 06:37:58,162 - INFO - Found 60 links on page 76
2025-06-29 06:37:58,163 - INFO - Scraping page 79...
2025-06-29 06:37:59,124 - INFO - Found 60 links on page 77
2025-06-29 06:37:59,125 - INFO - Scraping page 80...
2025-06-29 06:38:01,697 - INFO - Found 60 links on page 78
2025-06-29 06:38:01,697 - INFO - Scraping page 81...
2025-06-29 06:38:02,357 - INFO - Found 60 links on page 79
2025-06-29 06:38:02,357 - INFO - Scraping page 82...
2025-06-29 06:38:03,704 - INFO - Found 60 links on page 80
2025-06-29 06:38:03,704 - INFO - Scraping page 83...
2025-06-29 06:38:05,868 - INFO - Found 60 links on page 81
2025-06-29 06:38:05,868 - INFO - Scraping page 84...
2025-06-29 06:38:06,493 - INFO - Found 60 links on page 82
2025-06-29 06:38:06,493 - INFO - Scraping page 85...
2025-06-29 06:38:07,607 - INFO - Found 60 links on page 83
2025-06-29 06:38:07,607 - INFO - Scraping page 86...
2025-06-29 06:38:10,160 - INFO - Found 60 links on page 84
2025-06-29 06:38:10,160 - INFO - Scraping page 87...
2025-06-29 06:38:10,774 - INFO - Found 60 links on page 85
2025-06-29 06:38:10,774 - INFO - Scraping page 88...
2025-06-29 06:38:11,517 - INFO - Found 60 links on page 86
2025-06-29 06:38:11,517 - INFO - Scraping page 89...
2025-06-29 06:38:14,734 - INFO - Found 60 links on page 87
2025-06-29 06:38:14,745 - INFO - Scraping page 90...
2025-06-29 06:38:14,881 - INFO - Found 60 links on page 88
2025-06-29 06:38:14,881 - INFO - Scraping page 91...
2025-06-29 06:38:15,641 - INFO - Found 60 links on page 89
2025-06-29 06:38:15,642 - INFO - Scraping page 92...
2025-06-29 06:38:18,831 - INFO - Found 60 links on page 90
2025-06-29 06:38:18,832 - INFO - Scraping page 93...
2025-06-29 06:38:19,111 - INFO - Found 60 links on page 91
2025-06-29 06:38:19,112 - INFO - Scraping page 94...
2025-06-29 06:38:19,798 - INFO - Found 60 links on page 92
2025-06-29 06:38:19,798 - INFO - Scraping page 95...
2025-06-29 06:38:22,553 - INFO - Found 60 links on page 93
2025-06-29 06:38:22,554 - INFO - Scraping page 96...
2025-06-29 06:38:22,975 - INFO - Found 60 links on page 94
2025-06-29 06:38:22,975 - INFO - Scraping page 97...
2025-06-29 06:38:24,526 - INFO - Found 60 links on page 95
2025-06-29 06:38:24,526 - INFO - Scraping page 98...
2025-06-29 06:38:26,691 - INFO - Found 60 links on page 96
2025-06-29 06:38:26,691 - INFO - Scraping page 99...
2025-06-29 06:38:26,949 - INFO - Found 60 links on page 97
2025-06-29 06:38:26,950 - INFO - Scraping page 100...
2025-06-29 06:38:28,891 - INFO - Found 60 links on page 98
2025-06-29 06:38:28,891 - INFO - Scraping page 101...
2025-06-29 06:38:30,903 - INFO - Found 60 links on page 99
2025-06-29 06:38:30,903 - INFO - Scraping page 102...
2025-06-29 06:38:31,335 - INFO - Found 60 links on page 100
2025-06-29 06:38:31,335 - INFO - Scraping page 103...
2025-06-29 06:38:33,165 - INFO - Found 60 links on page 101
2025-06-29 06:38:33,165 - INFO - Scraping page 104...
2025-06-29 06:38:35,505 - INFO - Found 60 links on page 102
2025-06-29 06:38:35,505 - INFO - Scraping page 105...
2025-06-29 06:38:35,787 - INFO - Found 60 links on page 103
2025-06-29 06:38:35,787 - INFO - Scraping page 106...
2025-06-29 06:38:37,329 - INFO - Found 60 links on page 104
2025-06-29 06:38:37,329 - INFO - Scraping page 107...
2025-06-29 06:38:39,790 - INFO - Found 60 links on page 105
2025-06-29 06:38:39,790 - INFO - Scraping page 108...
2025-06-29 06:38:40,146 - INFO - Found 60 links on page 106
2025-06-29 06:38:40,146 - INFO - Scraping page 109...
2025-06-29 06:38:41,502 - INFO - Found 60 links on page 107
2025-06-29 06:38:41,503 - INFO - Scraping page 110...
2025-06-29 06:38:43,892 - INFO - Found 60 links on page 108
2025-06-29 06:38:43,893 - INFO - Scraping page 111...
2025-06-29 06:38:44,117 - INFO - Found 60 links on page 109
2025-06-29 06:38:44,118 - INFO - Scraping page 112...
2025-06-29 06:38:45,621 - INFO - Found 60 links on page 110
2025-06-29 06:38:45,621 - INFO - Scraping page 113...
2025-06-29 06:38:48,060 - INFO - Found 60 links on page 111
2025-06-29 06:38:48,060 - INFO - Scraping page 114...
2025-06-29 06:38:48,264 - INFO - Found 60 links on page 112
2025-06-29 06:38:48,265 - INFO - Scraping page 115...
2025-06-29 06:38:49,761 - INFO - Found 60 links on page 113
2025-06-29 06:38:49,761 - INFO - Scraping page 116...
2025-06-29 06:38:52,128 - INFO - Found 60 links on page 114
2025-06-29 06:38:52,129 - INFO - Scraping page 117...
2025-06-29 06:38:52,831 - INFO - Found 60 links on page 115
2025-06-29 06:38:52,831 - INFO - Scraping page 118...
2025-06-29 06:38:53,815 - INFO - Found 60 links on page 116
2025-06-29 06:38:53,815 - INFO - Scraping page 119...
2025-06-29 06:38:56,305 - INFO - Found 60 links on page 117
2025-06-29 06:38:56,306 - INFO - Scraping page 120...
2025-06-29 06:38:56,787 - INFO - Found 60 links on page 118
2025-06-29 06:38:56,787 - INFO - Scraping page 121...
2025-06-29 06:38:57,891 - INFO - Found 60 links on page 119
2025-06-29 06:38:57,892 - INFO - Scraping page 122...
2025-06-29 06:39:00,593 - INFO - Found 60 links on page 120
2025-06-29 06:39:00,593 - INFO - Scraping page 123...
2025-06-29 06:39:00,956 - INFO - Found 60 links on page 121
2025-06-29 06:39:00,956 - INFO - Scraping page 124...
2025-06-29 06:39:01,765 - INFO - Found 60 links on page 122
2025-06-29 06:39:01,765 - INFO - Scraping page 125...
2025-06-29 06:39:04,909 - INFO - Found 60 links on page 124
2025-06-29 06:39:04,915 - INFO - Scraping page 126...
2025-06-29 06:39:05,107 - INFO - Found 60 links on page 123
2025-06-29 06:39:05,107 - INFO - Scraping page 127...
2025-06-29 06:39:06,251 - INFO - Found 60 links on page 125
2025-06-29 06:39:06,252 - INFO - Scraping page 128...
2025-06-29 06:39:09,116 - INFO - Found 60 links on page 126
2025-06-29 06:39:09,116 - INFO - Scraping page 129...
2025-06-29 06:39:10,036 - INFO - Found 60 links on page 127
2025-06-29 06:39:10,036 - INFO - Scraping page 130...
2025-06-29 06:39:10,800 - INFO - Found 60 links on page 128
2025-06-29 06:39:10,800 - INFO - Scraping page 131...
2025-06-29 06:39:13,307 - INFO - Found 60 links on page 129
2025-06-29 06:39:13,307 - INFO - Scraping page 132...
2025-06-29 06:39:13,934 - INFO - Found 60 links on page 130
2025-06-29 06:39:13,934 - INFO - Scraping page 133...
2025-06-29 06:39:15,085 - INFO - Found 60 links on page 131
2025-06-29 06:39:15,086 - INFO - Scraping page 134...
2025-06-29 06:39:17,187 - INFO - Found 60 links on page 132
2025-06-29 06:39:17,187 - INFO - Scraping page 135...
2025-06-29 06:39:18,661 - INFO - Found 60 links on page 133
2025-06-29 06:39:18,662 - INFO - Scraping page 136...
2025-06-29 06:39:19,221 - INFO - Found 60 links on page 134
2025-06-29 06:39:19,221 - INFO - Scraping page 137...
2025-06-29 06:39:21,380 - INFO - Found 60 links on page 135
2025-06-29 06:39:21,380 - INFO - Scraping page 138...
2025-06-29 06:39:23,004 - INFO - Found 60 links on page 136
2025-06-29 06:39:23,004 - INFO - Scraping page 139...
2025-06-29 06:39:23,259 - INFO - Found 60 links on page 137
2025-06-29 06:39:23,259 - INFO - Scraping page 140...
2025-06-29 06:39:25,626 - INFO - Found 60 links on page 138
2025-06-29 06:39:25,627 - INFO - Scraping page 141...
2025-06-29 06:39:27,145 - INFO - Found 60 links on page 139
2025-06-29 06:39:27,145 - INFO - Scraping page 142...
2025-06-29 06:39:27,599 - INFO - Found 60 links on page 140
2025-06-29 06:39:27,599 - INFO - Scraping page 143...
2025-06-29 06:39:30,126 - INFO - Found 60 links on page 141
2025-06-29 06:39:30,126 - INFO - Scraping page 144...
2025-06-29 06:39:31,330 - INFO - Found 60 links on page 142
2025-06-29 06:39:31,330 - INFO - Scraping page 145...
2025-06-29 06:39:31,626 - INFO - Found 60 links on page 143
2025-06-29 06:39:31,626 - INFO - Scraping page 146...
2025-06-29 06:39:34,894 - INFO - Found 60 links on page 144
2025-06-29 06:39:34,894 - INFO - Scraping page 147...
2025-06-29 06:39:36,383 - INFO - Found 60 links on page 145
2025-06-29 06:39:36,390 - INFO - Scraping page 148...
2025-06-29 06:39:36,464 - INFO - Found 60 links on page 146
2025-06-29 06:39:36,464 - INFO - Scraping page 149...
2025-06-29 06:39:38,855 - INFO - Found 60 links on page 147
2025-06-29 06:39:38,855 - INFO - Scraping page 150...
2025-06-29 06:39:40,702 - INFO - Found 60 links on page 149
2025-06-29 06:39:40,707 - INFO - Scraping page 151...
2025-06-29 06:39:40,854 - INFO - Found 60 links on page 148
2025-06-29 06:39:40,854 - INFO - Scraping page 152...
2025-06-29 06:39:42,828 - INFO - Found 60 links on page 150
2025-06-29 06:39:42,828 - INFO - Scraping page 153...
2025-06-29 06:39:44,577 - INFO - Found 60 links on page 151
2025-06-29 06:39:44,577 - INFO - Scraping page 154...
2025-06-29 06:39:45,188 - INFO - Found 60 links on page 152
2025-06-29 06:39:45,189 - INFO - Scraping page 155...
2025-06-29 06:39:47,590 - INFO - Found 60 links on page 153
2025-06-29 06:39:47,590 - INFO - Scraping page 156...
2025-06-29 06:39:48,751 - INFO - Found 60 links on page 154
2025-06-29 06:39:48,751 - INFO - Scraping page 157...
2025-06-29 06:39:49,476 - INFO - Found 60 links on page 155
2025-06-29 06:39:49,476 - INFO - Scraping page 158...
2025-06-29 06:39:51,703 - INFO - Found 60 links on page 156
2025-06-29 06:39:51,704 - INFO - Scraping page 159...
2025-06-29 06:39:52,319 - INFO - Found 60 links on page 157
2025-06-29 06:39:52,319 - INFO - Scraping page 160...
2025-06-29 06:39:53,927 - INFO - Found 60 links on page 158
2025-06-29 06:39:53,927 - INFO - Scraping page 161...
2025-06-29 06:39:55,663 - INFO - Found 60 links on page 159
2025-06-29 06:39:55,663 - INFO - Scraping page 162...
2025-06-29 06:39:56,198 - INFO - Found 60 links on page 160
2025-06-29 06:39:56,198 - INFO - Scraping page 163...
2025-06-29 06:39:58,045 - INFO - Found 60 links on page 161
2025-06-29 06:39:58,045 - INFO - Scraping page 164...
2025-06-29 06:39:59,769 - INFO - Found 60 links on page 162
2025-06-29 06:39:59,770 - INFO - Scraping page 165...
2025-06-29 06:40:00,530 - INFO - Found 60 links on page 163
2025-06-29 06:40:00,530 - INFO - Scraping page 166...
2025-06-29 06:40:02,069 - INFO - Found 60 links on page 164
2025-06-29 06:40:02,069 - INFO - Scraping page 167...
2025-06-29 06:40:04,104 - INFO - Found 60 links on page 165
2025-06-29 06:40:04,104 - INFO - Scraping page 168...
2025-06-29 06:40:04,716 - INFO - Found 60 links on page 166
2025-06-29 06:40:04,716 - INFO - Scraping page 169...
2025-06-29 06:40:06,743 - INFO - Found 60 links on page 167
2025-06-29 06:40:06,744 - INFO - Scraping page 170...
2025-06-29 06:40:08,772 - INFO - Found 60 links on page 168
2025-06-29 06:40:08,772 - INFO - Scraping page 171...
2025-06-29 06:40:08,998 - INFO - Found 60 links on page 169
2025-06-29 06:40:08,999 - INFO - Scraping page 172...
2025-06-29 06:40:10,976 - INFO - Found 60 links on page 170
2025-06-29 06:40:10,977 - INFO - Scraping page 173...
2025-06-29 06:40:13,076 - INFO - Found 60 links on page 171
2025-06-29 06:40:13,076 - INFO - Scraping page 174...
2025-06-29 06:40:13,314 - INFO - Found 60 links on page 172
2025-06-29 06:40:13,314 - INFO - Scraping page 175...
2025-06-29 06:40:15,631 - INFO - Found 60 links on page 173
2025-06-29 06:40:15,631 - INFO - Scraping page 176...
2025-06-29 06:40:17,061 - INFO - Found 60 links on page 174
2025-06-29 06:40:17,062 - INFO - Scraping page 177...
2025-06-29 06:40:17,354 - INFO - Found 60 links on page 175
2025-06-29 06:40:17,355 - INFO - Scraping page 178...
2025-06-29 06:40:19,558 - INFO - Found 60 links on page 176
2025-06-29 06:40:19,558 - INFO - Scraping page 179...
2025-06-29 06:40:21,108 - INFO - Found 60 links on page 177
2025-06-29 06:40:21,109 - INFO - Scraping page 180...
2025-06-29 06:40:21,572 - INFO - Found 60 links on page 178
2025-06-29 06:40:21,572 - INFO - Scraping page 181...
2025-06-29 06:40:23,432 - INFO - Found 60 links on page 179
2025-06-29 06:40:23,432 - INFO - Scraping page 182...
2025-06-29 06:40:25,142 - INFO - Found 60 links on page 180
2025-06-29 06:40:25,142 - INFO - Scraping page 183...
2025-06-29 06:40:25,840 - INFO - Found 60 links on page 181
2025-06-29 06:40:25,840 - INFO - Scraping page 184...
2025-06-29 06:40:28,067 - INFO - Found 60 links on page 182
2025-06-29 06:40:28,067 - INFO - Scraping page 185...
2025-06-29 06:40:29,839 - INFO - Found 60 links on page 183
2025-06-29 06:40:29,840 - INFO - Scraping page 186...
2025-06-29 06:40:30,328 - INFO - Found 60 links on page 184
2025-06-29 06:40:30,328 - INFO - Scraping page 187...
2025-06-29 06:40:32,058 - INFO - Found 60 links on page 185
2025-06-29 06:40:32,058 - INFO - Scraping page 188...
2025-06-29 06:40:33,823 - INFO - Found 60 links on page 186
2025-06-29 06:40:33,823 - INFO - Scraping page 189...
2025-06-29 06:40:35,111 - INFO - Found 60 links on page 187
2025-06-29 06:40:35,112 - INFO - Scraping page 190...
2025-06-29 06:40:36,286 - INFO - Found 60 links on page 188
2025-06-29 06:40:36,286 - INFO - Scraping page 191...
2025-06-29 06:40:38,189 - INFO - Found 60 links on page 189
2025-06-29 06:40:38,190 - INFO - Scraping page 192...
2025-06-29 06:40:39,211 - INFO - Found 60 links on page 190
2025-06-29 06:40:39,211 - INFO - Scraping page 193...
2025-06-29 06:40:40,633 - INFO - Found 60 links on page 191
2025-06-29 06:40:40,634 - INFO - Scraping page 194...
2025-06-29 06:40:42,755 - INFO - Found 60 links on page 192
2025-06-29 06:40:42,755 - INFO - Scraping page 195...
2025-06-29 06:40:43,329 - INFO - Found 60 links on page 193
2025-06-29 06:40:43,329 - INFO - Scraping page 196...
2025-06-29 06:40:44,677 - INFO - Found 60 links on page 194
2025-06-29 06:40:44,677 - INFO - Scraping page 197...
2025-06-29 06:40:47,090 - INFO - Found 60 links on page 195
2025-06-29 06:40:47,091 - INFO - Scraping page 198...
2025-06-29 06:40:47,387 - INFO - Found 60 links on page 196
2025-06-29 06:40:47,387 - INFO - Scraping page 199...
2025-06-29 06:40:49,514 - INFO - Found 60 links on page 197
2025-06-29 06:40:49,514 - INFO - Scraping page 200...
2025-06-29 06:40:51,622 - INFO - Found 39 links on page 198
2025-06-29 06:40:51,974 - INFO - Found 39 links on page 199
2025-06-29 06:40:53,495 - INFO - Found 39 links on page 200
2025-06-29 06:40:53,504 - INFO - Found 181 new links to scrape out of 11937 total links
2025-06-29 06:40:53,504 - INFO - Processing batch 1/4 (50 links)
2025-06-29 06:40:59,316 - INFO - Progress: 10/50 ads processed
2025-06-29 06:41:04,334 - INFO - Progress: 20/50 ads processed
2025-06-29 06:41:09,405 - INFO - Progress: 30/50 ads processed
2025-06-29 06:41:14,481 - INFO - Progress: 40/50 ads processed
2025-06-29 06:41:20,470 - INFO - Progress: 50/50 ads processed
2025-06-29 06:41:20,565 - INFO - Created backup of existing data file at unegui_data/unegui_sales_data.csv.bak
2025-06-29 06:41:20,983 - INFO - Data saved to unegui_data/unegui_sales_data.csv: 28807 records
2025-06-29 06:41:21,978 - INFO - Cache saved with 29311 URLs
2025-06-29 06:41:21,978 - INFO - Saved batch data. Total records: 28807
2025-06-29 06:41:21,978 - INFO - Processing batch 2/4 (50 links)
2025-06-29 06:41:27,191 - INFO - Progress: 10/50 ads processed
2025-06-29 06:41:32,538 - INFO - Progress: 20/50 ads processed
2025-06-29 06:41:37,567 - INFO - Progress: 30/50 ads processed
2025-06-29 06:41:42,850 - INFO - Progress: 40/50 ads processed
2025-06-29 06:41:48,683 - INFO - Progress: 50/50 ads processed
2025-06-29 06:41:48,776 - INFO - Created backup of existing data file at unegui_data/unegui_sales_data.csv.bak
2025-06-29 06:41:49,197 - INFO - Data saved to unegui_data/unegui_sales_data.csv: 28857 records
2025-06-29 06:41:50,194 - INFO - Cache saved with 29361 URLs
2025-06-29 06:41:50,194 - INFO - Saved batch data. Total records: 28857
2025-06-29 06:41:50,194 - INFO - Processing batch 3/4 (50 links)
2025-06-29 06:41:56,139 - INFO - Progress: 10/50 ads processed
2025-06-29 06:42:00,907 - INFO - Progress: 20/50 ads processed
2025-06-29 06:42:06,186 - INFO - Progress: 30/50 ads processed
2025-06-29 06:42:11,335 - INFO - Progress: 40/50 ads processed
2025-06-29 06:42:16,404 - INFO - Progress: 50/50 ads processed
2025-06-29 06:42:16,496 - INFO - Created backup of existing data file at unegui_data/unegui_sales_data.csv.bak
2025-06-29 06:42:16,914 - INFO - Data saved to unegui_data/unegui_sales_data.csv: 28906 records
2025-06-29 06:42:17,880 - INFO - Cache saved with 29411 URLs
2025-06-29 06:42:17,881 - INFO - Saved batch data. Total records: 28906
2025-06-29 06:42:17,881 - INFO - Processing batch 4/4 (31 links)
2025-06-29 06:42:23,304 - INFO - Progress: 10/31 ads processed
2025-06-29 06:42:29,002 - INFO - Progress: 20/31 ads processed
2025-06-29 06:42:34,005 - INFO - Progress: 30/31 ads processed
2025-06-29 06:42:34,592 - INFO - Progress: 31/31 ads processed
2025-06-29 06:42:34,684 - INFO - Created backup of existing data file at unegui_data/unegui_sales_data.csv.bak
2025-06-29 06:42:35,103 - INFO - Data saved to unegui_data/unegui_sales_data.csv: 28937 records
2025-06-29 06:42:36,079 - INFO - Cache saved with 29442 URLs
2025-06-29 06:42:36,080 - INFO - Saved batch data. Total records: 28937
2025-06-29 06:42:36,080 - INFO - Scraping completed in 0:06:23.334804. Total ads collected: 28937
