2025-06-24 06:38:42,630 - INFO - Starting sales apartment scraper at 2025-06-24 06:38:42.630048
2025-06-24 06:38:43,076 - INFO - Loaded existing data from unegui_data/unegui_sales_data.csv: 27178 records
2025-06-24 06:38:43,390 - INFO - Loaded 27178 existing records
2025-06-24 06:38:43,406 - INFO - Scraping page 1...
2025-06-24 06:38:43,407 - INFO - Scraping page 2...
2025-06-24 06:38:43,407 - INFO - Scraping page 3...
2025-06-24 06:38:47,766 - INFO - Found 60 links on page 1
2025-06-24 06:38:47,771 - INFO - Scraping page 4...
2025-06-24 06:38:47,989 - INFO - Found 60 links on page 3
2025-06-24 06:38:48,000 - INFO - Scraping page 5...
2025-06-24 06:38:48,142 - INFO - Found 60 links on page 2
2025-06-24 06:38:48,142 - INFO - Scraping page 6...
2025-06-24 06:38:51,556 - INFO - Found 60 links on page 4
2025-06-24 06:38:51,557 - INFO - Scraping page 7...
2025-06-24 06:38:51,772 - INFO - Found 60 links on page 5
2025-06-24 06:38:51,773 - INFO - Scraping page 8...
2025-06-24 06:38:52,046 - INFO - Found 60 links on page 6
2025-06-24 06:38:52,047 - INFO - Scraping page 9...
2025-06-24 06:38:55,704 - INFO - Found 60 links on page 7
2025-06-24 06:38:55,704 - INFO - Scraping page 10...
2025-06-24 06:38:56,072 - INFO - Found 60 links on page 9
2025-06-24 06:38:56,083 - INFO - Scraping page 11...
2025-06-24 06:38:56,186 - INFO - Found 60 links on page 8
2025-06-24 06:38:56,186 - INFO - Scraping page 12...
2025-06-24 06:38:59,598 - INFO - Found 60 links on page 10
2025-06-24 06:38:59,598 - INFO - Scraping page 13...
2025-06-24 06:38:59,993 - INFO - Found 60 links on page 12
2025-06-24 06:39:00,004 - INFO - Scraping page 14...
2025-06-24 06:39:00,102 - INFO - Found 60 links on page 11
2025-06-24 06:39:00,102 - INFO - Scraping page 15...
2025-06-24 06:39:03,600 - INFO - Found 60 links on page 13
2025-06-24 06:39:03,601 - INFO - Scraping page 16...
2025-06-24 06:39:03,822 - INFO - Found 60 links on page 15
2025-06-24 06:39:03,822 - INFO - Scraping page 17...
2025-06-24 06:39:04,186 - INFO - Found 60 links on page 14
2025-06-24 06:39:04,186 - INFO - Scraping page 18...
2025-06-24 06:39:07,493 - INFO - Found 60 links on page 16
2025-06-24 06:39:07,498 - INFO - Scraping page 19...
2025-06-24 06:39:07,672 - INFO - Found 60 links on page 17
2025-06-24 06:39:07,672 - INFO - Scraping page 20...
2025-06-24 06:39:08,239 - INFO - Found 60 links on page 18
2025-06-24 06:39:08,240 - INFO - Scraping page 21...
2025-06-24 06:39:11,336 - INFO - Found 60 links on page 20
2025-06-24 06:39:11,336 - INFO - Scraping page 22...
2025-06-24 06:39:11,547 - INFO - Found 60 links on page 19
2025-06-24 06:39:11,547 - INFO - Scraping page 23...
2025-06-24 06:39:12,268 - INFO - Found 60 links on page 21
2025-06-24 06:39:12,268 - INFO - Scraping page 24...
2025-06-24 06:39:15,249 - INFO - Found 60 links on page 23
2025-06-24 06:39:15,254 - INFO - Scraping page 25...
2025-06-24 06:39:15,425 - INFO - Found 60 links on page 22
2025-06-24 06:39:15,425 - INFO - Scraping page 26...
2025-06-24 06:39:15,655 - INFO - Found 60 links on page 24
2025-06-24 06:39:15,655 - INFO - Scraping page 27...
2025-06-24 06:39:19,119 - INFO - Found 60 links on page 25
2025-06-24 06:39:19,119 - INFO - Scraping page 28...
2025-06-24 06:39:19,388 - INFO - Found 60 links on page 26
2025-06-24 06:39:19,388 - INFO - Scraping page 29...
2025-06-24 06:39:19,798 - INFO - Found 60 links on page 27
2025-06-24 06:39:19,798 - INFO - Scraping page 30...
2025-06-24 06:39:23,154 - INFO - Found 60 links on page 29
2025-06-24 06:39:23,155 - INFO - Scraping page 31...
2025-06-24 06:39:23,761 - INFO - Found 60 links on page 28
2025-06-24 06:39:23,761 - INFO - Scraping page 32...
2025-06-24 06:39:24,029 - INFO - Found 60 links on page 30
2025-06-24 06:39:24,029 - INFO - Scraping page 33...
2025-06-24 06:39:27,224 - INFO - Found 60 links on page 31
2025-06-24 06:39:27,224 - INFO - Scraping page 34...
2025-06-24 06:39:27,434 - INFO - Found 60 links on page 32
2025-06-24 06:39:27,434 - INFO - Scraping page 35...
2025-06-24 06:39:27,916 - INFO - Found 60 links on page 33
2025-06-24 06:39:27,917 - INFO - Scraping page 36...
2025-06-24 06:39:31,467 - INFO - Found 60 links on page 35
2025-06-24 06:39:31,467 - INFO - Scraping page 37...
2025-06-24 06:39:31,739 - INFO - Found 60 links on page 36
2025-06-24 06:39:31,739 - INFO - Scraping page 38...
2025-06-24 06:39:31,947 - INFO - Found 60 links on page 34
2025-06-24 06:39:31,947 - INFO - Scraping page 39...
2025-06-24 06:39:35,326 - INFO - Found 60 links on page 37
2025-06-24 06:39:35,326 - INFO - Scraping page 40...
2025-06-24 06:39:35,952 - INFO - Found 60 links on page 39
2025-06-24 06:39:35,957 - INFO - Scraping page 41...
2025-06-24 06:39:36,157 - INFO - Found 60 links on page 38
2025-06-24 06:39:36,158 - INFO - Scraping page 42...
2025-06-24 06:39:39,273 - INFO - Found 60 links on page 40
2025-06-24 06:39:39,273 - INFO - Scraping page 43...
2025-06-24 06:39:39,947 - INFO - Found 60 links on page 42
2025-06-24 06:39:39,947 - INFO - Scraping page 44...
2025-06-24 06:39:40,307 - INFO - Found 60 links on page 41
2025-06-24 06:39:40,307 - INFO - Scraping page 45...
2025-06-24 06:39:43,150 - INFO - Found 60 links on page 43
2025-06-24 06:39:43,150 - INFO - Scraping page 46...
2025-06-24 06:39:43,921 - INFO - Found 60 links on page 44
2025-06-24 06:39:43,922 - INFO - Scraping page 47...
2025-06-24 06:39:44,808 - INFO - Found 60 links on page 45
2025-06-24 06:39:44,808 - INFO - Scraping page 48...
2025-06-24 06:39:47,043 - INFO - Found 60 links on page 46
2025-06-24 06:39:47,043 - INFO - Scraping page 49...
2025-06-24 06:39:47,800 - INFO - Found 60 links on page 47
2025-06-24 06:39:47,800 - INFO - Scraping page 50...
2025-06-24 06:39:48,845 - INFO - Found 60 links on page 48
2025-06-24 06:39:48,845 - INFO - Scraping page 51...
2025-06-24 06:39:51,076 - INFO - Found 60 links on page 49
2025-06-24 06:39:51,077 - INFO - Scraping page 52...
2025-06-24 06:39:51,934 - INFO - Found 60 links on page 50
2025-06-24 06:39:51,935 - INFO - Scraping page 53...
2025-06-24 06:39:52,297 - INFO - Found 60 links on page 51
2025-06-24 06:39:52,297 - INFO - Scraping page 54...
2025-06-24 06:39:55,167 - INFO - Found 60 links on page 52
2025-06-24 06:39:55,167 - INFO - Scraping page 55...
2025-06-24 06:39:55,745 - INFO - Found 60 links on page 53
2025-06-24 06:39:55,745 - INFO - Scraping page 56...
2025-06-24 06:39:56,065 - INFO - Found 60 links on page 54
2025-06-24 06:39:56,066 - INFO - Scraping page 57...
2025-06-24 06:39:58,964 - INFO - Found 60 links on page 55
2025-06-24 06:39:58,965 - INFO - Scraping page 58...
2025-06-24 06:39:59,510 - INFO - Found 60 links on page 56
2025-06-24 06:39:59,510 - INFO - Scraping page 59...
2025-06-24 06:39:59,800 - INFO - Found 60 links on page 57
2025-06-24 06:39:59,800 - INFO - Scraping page 60...
2025-06-24 06:40:02,848 - INFO - Found 60 links on page 58
2025-06-24 06:40:02,848 - INFO - Scraping page 61...
2025-06-24 06:40:03,601 - INFO - Found 60 links on page 60
2025-06-24 06:40:03,602 - INFO - Scraping page 62...
2025-06-24 06:40:04,088 - INFO - Found 60 links on page 59
2025-06-24 06:40:04,088 - INFO - Scraping page 63...
2025-06-24 06:40:06,541 - INFO - Found 60 links on page 61
2025-06-24 06:40:06,541 - INFO - Scraping page 64...
2025-06-24 06:40:08,283 - INFO - Found 60 links on page 62
2025-06-24 06:40:08,283 - INFO - Scraping page 65...
2025-06-24 06:40:08,435 - INFO - Found 60 links on page 63
2025-06-24 06:40:08,436 - INFO - Scraping page 66...
2025-06-24 06:40:10,477 - INFO - Found 60 links on page 64
2025-06-24 06:40:10,478 - INFO - Scraping page 67...
2025-06-24 06:40:12,210 - INFO - Found 60 links on page 65
2025-06-24 06:40:12,215 - INFO - Scraping page 68...
2025-06-24 06:40:12,362 - INFO - Found 60 links on page 66
2025-06-24 06:40:12,363 - INFO - Scraping page 69...
2025-06-24 06:40:14,704 - INFO - Found 60 links on page 67
2025-06-24 06:40:14,704 - INFO - Scraping page 70...
2025-06-24 06:40:16,399 - INFO - Found 60 links on page 68
2025-06-24 06:40:16,404 - INFO - Scraping page 71...
2025-06-24 06:40:16,487 - INFO - Found 60 links on page 69
2025-06-24 06:40:16,488 - INFO - Scraping page 72...
2025-06-24 06:40:18,725 - INFO - Found 60 links on page 70
2025-06-24 06:40:18,725 - INFO - Scraping page 73...
2025-06-24 06:40:20,140 - INFO - Found 60 links on page 72
2025-06-24 06:40:20,140 - INFO - Scraping page 74...
2025-06-24 06:40:20,605 - INFO - Found 60 links on page 71
2025-06-24 06:40:20,605 - INFO - Scraping page 75...
2025-06-24 06:40:22,513 - INFO - Found 60 links on page 73
2025-06-24 06:40:22,513 - INFO - Scraping page 76...
2025-06-24 06:40:23,983 - INFO - Found 60 links on page 74
2025-06-24 06:40:23,983 - INFO - Scraping page 77...
2025-06-24 06:40:24,587 - INFO - Found 60 links on page 75
2025-06-24 06:40:24,588 - INFO - Scraping page 78...
2025-06-24 06:40:26,495 - INFO - Found 60 links on page 76
2025-06-24 06:40:26,495 - INFO - Scraping page 79...
2025-06-24 06:40:28,162 - INFO - Found 60 links on page 77
2025-06-24 06:40:28,162 - INFO - Scraping page 80...
2025-06-24 06:40:28,373 - INFO - Found 60 links on page 78
2025-06-24 06:40:28,374 - INFO - Scraping page 81...
2025-06-24 06:40:30,736 - INFO - Found 60 links on page 79
2025-06-24 06:40:30,736 - INFO - Scraping page 82...
2025-06-24 06:40:32,207 - INFO - Found 60 links on page 80
2025-06-24 06:40:32,207 - INFO - Scraping page 83...
2025-06-24 06:40:33,352 - INFO - Found 60 links on page 81
2025-06-24 06:40:33,352 - INFO - Scraping page 84...
2025-06-24 06:40:34,511 - INFO - Found 60 links on page 82
2025-06-24 06:40:34,511 - INFO - Scraping page 85...
2025-06-24 06:40:36,332 - INFO - Found 60 links on page 83
2025-06-24 06:40:36,332 - INFO - Scraping page 86...
2025-06-24 06:40:37,565 - INFO - Found 60 links on page 84
2025-06-24 06:40:37,565 - INFO - Scraping page 87...
2025-06-24 06:40:38,824 - INFO - Found 60 links on page 85
2025-06-24 06:40:38,824 - INFO - Scraping page 88...
2025-06-24 06:40:40,274 - INFO - Found 60 links on page 86
2025-06-24 06:40:40,275 - INFO - Scraping page 89...
2025-06-24 06:40:41,320 - INFO - Found 60 links on page 87
2025-06-24 06:40:41,320 - INFO - Scraping page 90...
2025-06-24 06:40:43,274 - INFO - Found 60 links on page 88
2025-06-24 06:40:43,274 - INFO - Scraping page 91...
2025-06-24 06:40:44,280 - INFO - Found 60 links on page 89
2025-06-24 06:40:44,280 - INFO - Scraping page 92...
2025-06-24 06:40:45,057 - INFO - Found 60 links on page 90
2025-06-24 06:40:45,057 - INFO - Scraping page 93...
2025-06-24 06:40:47,369 - INFO - Found 60 links on page 91
2025-06-24 06:40:47,369 - INFO - Scraping page 94...
2025-06-24 06:40:48,083 - INFO - Found 60 links on page 92
2025-06-24 06:40:48,083 - INFO - Scraping page 95...
2025-06-24 06:40:48,753 - INFO - Found 60 links on page 93
2025-06-24 06:40:48,753 - INFO - Scraping page 96...
2025-06-24 06:40:52,079 - INFO - Found 60 links on page 95
2025-06-24 06:40:52,080 - INFO - Scraping page 97...
2025-06-24 06:40:52,381 - INFO - Found 60 links on page 94
2025-06-24 06:40:52,387 - INFO - Scraping page 98...
2025-06-24 06:40:52,501 - INFO - Found 60 links on page 96
2025-06-24 06:40:52,502 - INFO - Scraping page 99...
2025-06-24 06:40:56,432 - INFO - Found 60 links on page 99
2025-06-24 06:40:56,432 - INFO - Scraping page 100...
2025-06-24 06:40:56,834 - INFO - Found 60 links on page 98
2025-06-24 06:40:56,839 - INFO - Scraping page 101...
2025-06-24 06:40:57,045 - INFO - Found 60 links on page 97
2025-06-24 06:40:57,046 - INFO - Scraping page 102...
2025-06-24 06:41:00,372 - INFO - Found 60 links on page 100
2025-06-24 06:41:00,372 - INFO - Scraping page 103...
2025-06-24 06:41:00,932 - INFO - Found 60 links on page 101
2025-06-24 06:41:00,932 - INFO - Scraping page 104...
2025-06-24 06:41:01,211 - INFO - Found 60 links on page 102
2025-06-24 06:41:01,211 - INFO - Scraping page 105...
2025-06-24 06:41:04,624 - INFO - Found 60 links on page 103
2025-06-24 06:41:04,624 - INFO - Scraping page 106...
2025-06-24 06:41:05,040 - INFO - Found 60 links on page 104
2025-06-24 06:41:05,040 - INFO - Scraping page 107...
2025-06-24 06:41:05,436 - INFO - Found 60 links on page 105
2025-06-24 06:41:05,436 - INFO - Scraping page 108...
2025-06-24 06:41:08,712 - INFO - Found 60 links on page 106
2025-06-24 06:41:08,712 - INFO - Scraping page 109...
2025-06-24 06:41:08,987 - INFO - Found 60 links on page 107
2025-06-24 06:41:08,988 - INFO - Scraping page 110...
2025-06-24 06:41:09,886 - INFO - Found 60 links on page 108
2025-06-24 06:41:09,887 - INFO - Scraping page 111...
2025-06-24 06:41:13,430 - INFO - Found 60 links on page 110
2025-06-24 06:41:13,436 - INFO - Scraping page 112...
2025-06-24 06:41:13,588 - INFO - Found 60 links on page 109
2025-06-24 06:41:13,588 - INFO - Scraping page 113...
2025-06-24 06:41:13,907 - INFO - Found 60 links on page 111
2025-06-24 06:41:13,908 - INFO - Scraping page 114...
2025-06-24 06:41:17,560 - INFO - Found 60 links on page 113
2025-06-24 06:41:17,560 - INFO - Scraping page 115...
2025-06-24 06:41:17,845 - INFO - Found 60 links on page 112
2025-06-24 06:41:17,846 - INFO - Scraping page 116...
2025-06-24 06:41:18,076 - INFO - Found 60 links on page 114
2025-06-24 06:41:18,076 - INFO - Scraping page 117...
2025-06-24 06:41:21,678 - INFO - Found 60 links on page 115
2025-06-24 06:41:21,678 - INFO - Scraping page 118...
2025-06-24 06:41:22,088 - INFO - Found 60 links on page 117
2025-06-24 06:41:22,089 - INFO - Scraping page 119...
2025-06-24 06:41:22,284 - INFO - Found 60 links on page 116
2025-06-24 06:41:22,284 - INFO - Scraping page 120...
2025-06-24 06:41:25,870 - INFO - Found 60 links on page 118
2025-06-24 06:41:25,871 - INFO - Scraping page 121...
2025-06-24 06:41:27,029 - INFO - Found 60 links on page 119
2025-06-24 06:41:27,030 - INFO - Scraping page 122...
2025-06-24 06:41:27,920 - INFO - Found 60 links on page 120
2025-06-24 06:41:27,920 - INFO - Scraping page 123...
2025-06-24 06:41:29,981 - INFO - Found 60 links on page 121
2025-06-24 06:41:29,981 - INFO - Scraping page 124...
2025-06-24 06:41:31,025 - INFO - Found 60 links on page 122
2025-06-24 06:41:31,025 - INFO - Scraping page 125...
2025-06-24 06:41:31,790 - INFO - Found 60 links on page 123
2025-06-24 06:41:31,791 - INFO - Scraping page 126...
2025-06-24 06:41:34,103 - INFO - Found 60 links on page 124
2025-06-24 06:41:34,103 - INFO - Scraping page 127...
2025-06-24 06:41:34,991 - INFO - Found 60 links on page 125
2025-06-24 06:41:34,991 - INFO - Scraping page 128...
2025-06-24 06:41:35,907 - INFO - Found 60 links on page 126
2025-06-24 06:41:35,907 - INFO - Scraping page 129...
2025-06-24 06:41:37,786 - INFO - Found 60 links on page 127
2025-06-24 06:41:37,786 - INFO - Scraping page 130...
2025-06-24 06:41:39,019 - INFO - Found 60 links on page 128
2025-06-24 06:41:39,019 - INFO - Scraping page 131...
2025-06-24 06:41:39,753 - INFO - Found 60 links on page 129
2025-06-24 06:41:39,754 - INFO - Scraping page 132...
2025-06-24 06:41:41,940 - INFO - Found 60 links on page 130
2025-06-24 06:41:41,940 - INFO - Scraping page 133...
2025-06-24 06:41:42,652 - INFO - Found 60 links on page 131
2025-06-24 06:41:42,652 - INFO - Scraping page 134...
2025-06-24 06:41:44,284 - INFO - Found 60 links on page 132
2025-06-24 06:41:44,285 - INFO - Scraping page 135...
2025-06-24 06:41:45,680 - INFO - Found 60 links on page 133
2025-06-24 06:41:45,680 - INFO - Scraping page 136...
2025-06-24 06:41:46,471 - INFO - Found 60 links on page 134
2025-06-24 06:41:46,471 - INFO - Scraping page 137...
2025-06-24 06:41:48,280 - INFO - Found 60 links on page 135
2025-06-24 06:41:48,280 - INFO - Scraping page 138...
2025-06-24 06:41:49,474 - INFO - Found 60 links on page 136
2025-06-24 06:41:49,474 - INFO - Scraping page 139...
2025-06-24 06:41:50,407 - INFO - Found 60 links on page 137
2025-06-24 06:41:50,408 - INFO - Scraping page 140...
2025-06-24 06:41:52,351 - INFO - Found 60 links on page 138
2025-06-24 06:41:52,352 - INFO - Scraping page 141...
2025-06-24 06:41:53,294 - INFO - Found 60 links on page 139
2025-06-24 06:41:53,294 - INFO - Scraping page 142...
2025-06-24 06:41:54,389 - INFO - Found 60 links on page 140
2025-06-24 06:41:54,389 - INFO - Scraping page 143...
2025-06-24 06:41:56,827 - INFO - Found 60 links on page 141
2025-06-24 06:41:56,827 - INFO - Scraping page 144...
2025-06-24 06:41:57,089 - INFO - Found 60 links on page 142
2025-06-24 06:41:57,089 - INFO - Scraping page 145...
2025-06-24 06:41:57,980 - INFO - Found 60 links on page 143
2025-06-24 06:41:57,980 - INFO - Scraping page 146...
2025-06-24 06:42:01,021 - INFO - Found 60 links on page 144
2025-06-24 06:42:01,022 - INFO - Scraping page 147...
2025-06-24 06:42:01,293 - INFO - Found 60 links on page 145
2025-06-24 06:42:01,294 - INFO - Scraping page 148...
2025-06-24 06:42:01,769 - INFO - Found 60 links on page 146
2025-06-24 06:42:01,769 - INFO - Scraping page 149...
2025-06-24 06:42:05,013 - INFO - Found 60 links on page 147
2025-06-24 06:42:05,013 - INFO - Scraping page 150...
2025-06-24 06:42:05,222 - INFO - Found 60 links on page 148
2025-06-24 06:42:05,222 - INFO - Scraping page 151...
2025-06-24 06:42:05,612 - INFO - Found 60 links on page 149
2025-06-24 06:42:05,612 - INFO - Scraping page 152...
2025-06-24 06:42:09,586 - INFO - Found 60 links on page 150
2025-06-24 06:42:09,586 - INFO - Scraping page 153...
2025-06-24 06:42:09,836 - INFO - Found 60 links on page 151
2025-06-24 06:42:09,836 - INFO - Scraping page 154...
2025-06-24 06:42:10,180 - INFO - Found 60 links on page 152
2025-06-24 06:42:10,180 - INFO - Scraping page 155...
2025-06-24 06:42:13,694 - INFO - Found 60 links on page 153
2025-06-24 06:42:13,695 - INFO - Scraping page 156...
2025-06-24 06:42:13,898 - INFO - Found 60 links on page 154
2025-06-24 06:42:13,899 - INFO - Scraping page 157...
2025-06-24 06:42:14,740 - INFO - Found 60 links on page 155
2025-06-24 06:42:14,740 - INFO - Scraping page 158...
2025-06-24 06:42:18,064 - INFO - Found 60 links on page 156
2025-06-24 06:42:18,065 - INFO - Scraping page 159...
2025-06-24 06:42:18,421 - INFO - Found 60 links on page 157
2025-06-24 06:42:18,427 - INFO - Scraping page 160...
2025-06-24 06:42:18,625 - INFO - Found 60 links on page 158
2025-06-24 06:42:18,626 - INFO - Scraping page 161...
2025-06-24 06:42:21,874 - INFO - Found 60 links on page 159
2025-06-24 06:42:21,874 - INFO - Scraping page 162...
2025-06-24 06:42:22,143 - INFO - Found 60 links on page 160
2025-06-24 06:42:22,143 - INFO - Scraping page 163...
2025-06-24 06:42:22,807 - INFO - Found 60 links on page 161
2025-06-24 06:42:22,807 - INFO - Scraping page 164...
2025-06-24 06:42:26,110 - INFO - Found 60 links on page 162
2025-06-24 06:42:26,110 - INFO - Scraping page 165...
2025-06-24 06:42:26,716 - INFO - Found 60 links on page 164
2025-06-24 06:42:26,717 - INFO - Scraping page 166...
2025-06-24 06:42:26,912 - INFO - Found 60 links on page 163
2025-06-24 06:42:26,912 - INFO - Scraping page 167...
2025-06-24 06:42:30,175 - INFO - Found 60 links on page 165
2025-06-24 06:42:30,175 - INFO - Scraping page 168...
2025-06-24 06:42:30,416 - INFO - Found 60 links on page 167
2025-06-24 06:42:30,416 - INFO - Scraping page 169...
2025-06-24 06:42:31,675 - INFO - Found 60 links on page 166
2025-06-24 06:42:31,675 - INFO - Scraping page 170...
2025-06-24 06:42:34,473 - INFO - Found 60 links on page 168
2025-06-24 06:42:34,478 - INFO - Scraping page 171...
2025-06-24 06:42:34,536 - INFO - Found 60 links on page 169
2025-06-24 06:42:34,537 - INFO - Scraping page 172...
2025-06-24 06:42:35,684 - INFO - Found 60 links on page 170
2025-06-24 06:42:35,684 - INFO - Scraping page 173...
2025-06-24 06:42:38,476 - INFO - Found 60 links on page 172
2025-06-24 06:42:38,476 - INFO - Scraping page 174...
2025-06-24 06:42:38,783 - INFO - Found 60 links on page 171
2025-06-24 06:42:38,783 - INFO - Scraping page 175...
2025-06-24 06:42:39,943 - INFO - Found 60 links on page 173
2025-06-24 06:42:39,944 - INFO - Scraping page 176...
2025-06-24 06:42:42,630 - INFO - Found 60 links on page 174
2025-06-24 06:42:42,630 - INFO - Scraping page 177...
2025-06-24 06:42:43,652 - INFO - Found 60 links on page 175
2025-06-24 06:42:43,653 - INFO - Scraping page 178...
2025-06-24 06:42:43,932 - INFO - Found 60 links on page 176
2025-06-24 06:42:43,933 - INFO - Scraping page 179...
2025-06-24 06:42:46,686 - INFO - Found 60 links on page 177
2025-06-24 06:42:46,686 - INFO - Scraping page 180...
2025-06-24 06:42:47,613 - INFO - Found 60 links on page 179
2025-06-24 06:42:47,623 - INFO - Scraping page 181...
2025-06-24 06:42:47,795 - INFO - Found 60 links on page 178
2025-06-24 06:42:47,795 - INFO - Scraping page 182...
2025-06-24 06:42:50,943 - INFO - Found 60 links on page 180
2025-06-24 06:42:50,943 - INFO - Scraping page 183...
2025-06-24 06:42:52,019 - INFO - Found 60 links on page 182
2025-06-24 06:42:52,019 - INFO - Scraping page 184...
2025-06-24 06:42:52,216 - INFO - Found 60 links on page 181
2025-06-24 06:42:52,217 - INFO - Scraping page 185...
2025-06-24 06:42:55,278 - INFO - Found 60 links on page 183
2025-06-24 06:42:55,278 - INFO - Scraping page 186...
2025-06-24 06:42:56,018 - INFO - Found 60 links on page 185
2025-06-24 06:42:56,018 - INFO - Scraping page 187...
2025-06-24 06:42:56,797 - INFO - Found 60 links on page 184
2025-06-24 06:42:56,797 - INFO - Scraping page 188...
2025-06-24 06:42:59,204 - INFO - Found 60 links on page 186
2025-06-24 06:42:59,205 - INFO - Scraping page 189...
2025-06-24 06:43:00,120 - INFO - Found 60 links on page 187
2025-06-24 06:43:00,120 - INFO - Scraping page 190...
2025-06-24 06:43:00,413 - INFO - Found 60 links on page 188
2025-06-24 06:43:00,413 - INFO - Scraping page 191...
2025-06-24 06:43:03,105 - INFO - Found 60 links on page 189
2025-06-24 06:43:03,106 - INFO - Scraping page 192...
2025-06-24 06:43:03,978 - INFO - Found 60 links on page 190
2025-06-24 06:43:03,979 - INFO - Scraping page 193...
2025-06-24 06:43:04,228 - INFO - Found 60 links on page 191
2025-06-24 06:43:04,228 - INFO - Scraping page 194...
2025-06-24 06:43:07,081 - INFO - Found 60 links on page 192
2025-06-24 06:43:07,081 - INFO - Scraping page 195...
2025-06-24 06:43:07,919 - INFO - Found 60 links on page 193
2025-06-24 06:43:07,919 - INFO - Scraping page 196...
2025-06-24 06:43:08,133 - INFO - Found 60 links on page 194
2025-06-24 06:43:08,133 - INFO - Scraping page 197...
2025-06-24 06:43:11,815 - INFO - Found 60 links on page 195
2025-06-24 06:43:11,825 - INFO - Scraping page 198...
2025-06-24 06:43:11,983 - INFO - Found 60 links on page 196
2025-06-24 06:43:11,983 - INFO - Scraping page 199...
2025-06-24 06:43:12,671 - INFO - Found 60 links on page 197
2025-06-24 06:43:12,671 - INFO - Scraping page 200...
2025-06-24 06:43:16,328 - INFO - Found 60 links on page 198
2025-06-24 06:43:16,478 - INFO - Found 60 links on page 199
2025-06-24 06:43:16,710 - INFO - Found 60 links on page 200
2025-06-24 06:43:16,718 - INFO - Found 389 new links to scrape out of 12000 total links
2025-06-24 06:43:16,718 - INFO - Processing batch 1/8 (50 links)
2025-06-24 06:43:22,736 - INFO - Progress: 10/50 ads processed
2025-06-24 06:43:27,649 - INFO - Progress: 20/50 ads processed
2025-06-24 06:43:32,405 - INFO - Progress: 30/50 ads processed
2025-06-24 06:43:37,480 - INFO - Progress: 40/50 ads processed
2025-06-24 06:43:42,634 - INFO - Progress: 50/50 ads processed
2025-06-24 06:43:42,719 - INFO - Created backup of existing data file at unegui_data/unegui_sales_data.csv.bak
2025-06-24 06:43:43,104 - INFO - Data saved to unegui_data/unegui_sales_data.csv: 27226 records
2025-06-24 06:43:44,030 - INFO - Cache saved with 27698 URLs
2025-06-24 06:43:44,030 - INFO - Saved batch data. Total records: 27226
2025-06-24 06:43:44,030 - INFO - Processing batch 2/8 (50 links)
2025-06-24 06:43:49,260 - INFO - Progress: 10/50 ads processed
2025-06-24 06:43:54,439 - INFO - Progress: 20/50 ads processed
2025-06-24 06:43:59,978 - INFO - Progress: 30/50 ads processed
2025-06-24 06:44:05,163 - INFO - Progress: 40/50 ads processed
2025-06-24 06:44:09,920 - INFO - Progress: 50/50 ads processed
2025-06-24 06:44:10,004 - INFO - Created backup of existing data file at unegui_data/unegui_sales_data.csv.bak
2025-06-24 06:44:10,391 - INFO - Data saved to unegui_data/unegui_sales_data.csv: 27274 records
2025-06-24 06:44:11,313 - INFO - Cache saved with 27748 URLs
2025-06-24 06:44:11,313 - INFO - Saved batch data. Total records: 27274
2025-06-24 06:44:11,313 - INFO - Processing batch 3/8 (50 links)
2025-06-24 06:44:16,404 - INFO - Progress: 10/50 ads processed
2025-06-24 06:44:22,692 - INFO - Progress: 20/50 ads processed
2025-06-24 06:44:27,674 - INFO - Progress: 30/50 ads processed
2025-06-24 06:44:32,966 - INFO - Progress: 40/50 ads processed
2025-06-24 06:44:37,999 - INFO - Progress: 50/50 ads processed
2025-06-24 06:44:38,082 - INFO - Created backup of existing data file at unegui_data/unegui_sales_data.csv.bak
2025-06-24 06:44:38,485 - INFO - Data saved to unegui_data/unegui_sales_data.csv: 27324 records
2025-06-24 06:44:39,416 - INFO - Cache saved with 27798 URLs
2025-06-24 06:44:39,416 - INFO - Saved batch data. Total records: 27324
2025-06-24 06:44:39,416 - INFO - Processing batch 4/8 (50 links)
2025-06-24 06:44:45,263 - INFO - Progress: 10/50 ads processed
2025-06-24 06:44:50,631 - INFO - Progress: 20/50 ads processed
2025-06-24 06:44:55,353 - INFO - Progress: 30/50 ads processed
2025-06-24 06:45:00,645 - INFO - Progress: 40/50 ads processed
2025-06-24 06:45:05,599 - INFO - Progress: 50/50 ads processed
2025-06-24 06:45:05,688 - INFO - Created backup of existing data file at unegui_data/unegui_sales_data.csv.bak
2025-06-24 06:45:06,081 - INFO - Data saved to unegui_data/unegui_sales_data.csv: 27372 records
2025-06-24 06:45:07,006 - INFO - Cache saved with 27848 URLs
2025-06-24 06:45:07,006 - INFO - Saved batch data. Total records: 27372
2025-06-24 06:45:07,006 - INFO - Processing batch 5/8 (50 links)
2025-06-24 06:45:12,690 - INFO - Progress: 10/50 ads processed
2025-06-24 06:45:18,030 - INFO - Progress: 20/50 ads processed
2025-06-24 06:45:23,031 - INFO - Progress: 30/50 ads processed
2025-06-24 06:45:27,970 - INFO - Progress: 40/50 ads processed
2025-06-24 06:45:33,101 - INFO - Progress: 50/50 ads processed
2025-06-24 06:45:33,185 - INFO - Created backup of existing data file at unegui_data/unegui_sales_data.csv.bak
2025-06-24 06:45:33,574 - INFO - Data saved to unegui_data/unegui_sales_data.csv: 27422 records
2025-06-24 06:45:34,573 - INFO - Cache saved with 27898 URLs
2025-06-24 06:45:34,573 - INFO - Saved batch data. Total records: 27422
2025-06-24 06:45:34,573 - INFO - Processing batch 6/8 (50 links)
2025-06-24 06:45:40,270 - INFO - Progress: 10/50 ads processed
2025-06-24 06:45:45,535 - INFO - Progress: 20/50 ads processed
2025-06-24 06:45:50,546 - INFO - Progress: 30/50 ads processed
2025-06-24 06:45:55,889 - INFO - Progress: 40/50 ads processed
2025-06-24 06:46:00,625 - INFO - Progress: 50/50 ads processed
2025-06-24 06:46:00,710 - INFO - Created backup of existing data file at unegui_data/unegui_sales_data.csv.bak
2025-06-24 06:46:01,102 - INFO - Data saved to unegui_data/unegui_sales_data.csv: 27472 records
2025-06-24 06:46:02,056 - INFO - Cache saved with 27948 URLs
2025-06-24 06:46:02,056 - INFO - Saved batch data. Total records: 27472
2025-06-24 06:46:02,056 - INFO - Processing batch 7/8 (50 links)
2025-06-24 06:46:07,527 - INFO - Progress: 10/50 ads processed
2025-06-24 06:46:12,658 - INFO - Progress: 20/50 ads processed
2025-06-24 06:46:18,123 - INFO - Progress: 30/50 ads processed
2025-06-24 06:46:22,938 - INFO - Progress: 40/50 ads processed
2025-06-24 06:46:27,858 - INFO - Progress: 50/50 ads processed
2025-06-24 06:46:27,945 - INFO - Created backup of existing data file at unegui_data/unegui_sales_data.csv.bak
2025-06-24 06:46:28,343 - INFO - Data saved to unegui_data/unegui_sales_data.csv: 27522 records
2025-06-24 06:46:29,289 - INFO - Cache saved with 27998 URLs
2025-06-24 06:46:29,289 - INFO - Saved batch data. Total records: 27522
2025-06-24 06:46:29,289 - INFO - Processing batch 8/8 (39 links)
2025-06-24 06:46:34,455 - INFO - Progress: 10/39 ads processed
2025-06-24 06:46:39,472 - INFO - Progress: 20/39 ads processed
2025-06-24 06:46:45,340 - INFO - Progress: 30/39 ads processed
2025-06-24 06:46:50,007 - INFO - Progress: 39/39 ads processed
2025-06-24 06:46:50,092 - INFO - Created backup of existing data file at unegui_data/unegui_sales_data.csv.bak
2025-06-24 06:46:50,484 - INFO - Data saved to unegui_data/unegui_sales_data.csv: 27560 records
2025-06-24 06:46:51,419 - INFO - Cache saved with 28037 URLs
2025-06-24 06:46:51,419 - INFO - Saved batch data. Total records: 27560
2025-06-24 06:46:51,419 - INFO - Scraping completed in 0:08:08.789393. Total ads collected: 27560
