2025-06-14 06:34:06,180 - INFO - Starting sales apartment scraper at 2025-06-14 06:34:06.180002
2025-06-14 06:34:06,533 - INFO - Loaded existing data from unegui_data/unegui_sales_data.csv: 23928 records
2025-06-14 06:34:06,812 - INFO - Loaded 23928 existing records
2025-06-14 06:34:06,827 - INFO - Scraping page 1...
2025-06-14 06:34:06,827 - INFO - Scraping page 2...
2025-06-14 06:34:06,827 - INFO - Scraping page 3...
2025-06-14 06:34:11,174 - INFO - Found 60 links on page 2
2025-06-14 06:34:11,174 - INFO - Scraping page 4...
2025-06-14 06:34:11,818 - INFO - Found 60 links on page 1
2025-06-14 06:34:11,818 - INFO - Scraping page 5...
2025-06-14 06:34:12,388 - INFO - Found 60 links on page 3
2025-06-14 06:34:12,388 - INFO - Scraping page 6...
2025-06-14 06:34:15,739 - INFO - Found 60 links on page 4
2025-06-14 06:34:15,739 - INFO - Scraping page 7...
2025-06-14 06:34:16,723 - INFO - Found 60 links on page 6
2025-06-14 06:34:16,723 - INFO - Scraping page 8...
2025-06-14 06:34:16,930 - INFO - Found 60 links on page 5
2025-06-14 06:34:16,930 - INFO - Scraping page 9...
2025-06-14 06:34:20,461 - INFO - Found 60 links on page 7
2025-06-14 06:34:20,462 - INFO - Scraping page 10...
2025-06-14 06:34:21,207 - INFO - Found 60 links on page 8
2025-06-14 06:34:21,218 - INFO - Scraping page 11...
2025-06-14 06:34:21,448 - INFO - Found 60 links on page 9
2025-06-14 06:34:21,448 - INFO - Scraping page 12...
2025-06-14 06:34:24,950 - INFO - Found 60 links on page 10
2025-06-14 06:34:24,950 - INFO - Scraping page 13...
2025-06-14 06:34:25,786 - INFO - Found 60 links on page 11
2025-06-14 06:34:25,791 - INFO - Scraping page 14...
2025-06-14 06:34:25,937 - INFO - Found 60 links on page 12
2025-06-14 06:34:25,938 - INFO - Scraping page 15...
2025-06-14 06:34:29,403 - INFO - Found 60 links on page 13
2025-06-14 06:34:29,403 - INFO - Scraping page 16...
2025-06-14 06:34:30,317 - INFO - Found 60 links on page 15
2025-06-14 06:34:30,327 - INFO - Scraping page 17...
2025-06-14 06:34:30,382 - INFO - Found 60 links on page 14
2025-06-14 06:34:30,382 - INFO - Scraping page 18...
2025-06-14 06:34:33,850 - INFO - Found 60 links on page 16
2025-06-14 06:34:33,850 - INFO - Scraping page 19...
2025-06-14 06:34:34,473 - INFO - Found 60 links on page 18
2025-06-14 06:34:34,473 - INFO - Scraping page 20...
2025-06-14 06:34:35,520 - INFO - Found 60 links on page 17
2025-06-14 06:34:35,520 - INFO - Scraping page 21...
2025-06-14 06:34:38,577 - INFO - Found 60 links on page 19
2025-06-14 06:34:38,578 - INFO - Scraping page 22...
2025-06-14 06:34:38,996 - INFO - Found 60 links on page 20
2025-06-14 06:34:38,997 - INFO - Scraping page 23...
2025-06-14 06:34:40,770 - INFO - Found 60 links on page 21
2025-06-14 06:34:40,771 - INFO - Scraping page 24...
2025-06-14 06:34:43,477 - INFO - Found 60 links on page 23
2025-06-14 06:34:43,477 - INFO - Scraping page 25...
2025-06-14 06:34:43,742 - INFO - Found 60 links on page 22
2025-06-14 06:34:43,742 - INFO - Scraping page 26...
2025-06-14 06:34:45,314 - INFO - Found 60 links on page 24
2025-06-14 06:34:45,315 - INFO - Scraping page 27...
2025-06-14 06:34:48,074 - INFO - Found 60 links on page 26
2025-06-14 06:34:48,074 - INFO - Scraping page 28...
2025-06-14 06:34:48,516 - INFO - Found 60 links on page 25
2025-06-14 06:34:48,516 - INFO - Scraping page 29...
2025-06-14 06:34:49,793 - INFO - Found 60 links on page 27
2025-06-14 06:34:49,793 - INFO - Scraping page 30...
2025-06-14 06:34:52,973 - INFO - Found 60 links on page 29
2025-06-14 06:34:52,983 - INFO - Scraping page 31...
2025-06-14 06:34:53,072 - INFO - Found 60 links on page 28
2025-06-14 06:34:53,072 - INFO - Scraping page 32...
2025-06-14 06:34:54,431 - INFO - Found 60 links on page 30
2025-06-14 06:34:54,431 - INFO - Scraping page 33...
2025-06-14 06:34:57,011 - INFO - Found 60 links on page 31
2025-06-14 06:34:57,012 - INFO - Scraping page 34...
2025-06-14 06:34:57,232 - INFO - Found 60 links on page 32
2025-06-14 06:34:57,232 - INFO - Scraping page 35...
2025-06-14 06:34:58,497 - INFO - Found 60 links on page 33
2025-06-14 06:34:58,497 - INFO - Scraping page 36...
2025-06-14 06:35:00,702 - INFO - Found 60 links on page 34
2025-06-14 06:35:00,702 - INFO - Scraping page 37...
2025-06-14 06:35:02,003 - INFO - Found 60 links on page 35
2025-06-14 06:35:02,003 - INFO - Scraping page 38...
2025-06-14 06:35:02,890 - INFO - Found 60 links on page 36
2025-06-14 06:35:02,890 - INFO - Scraping page 39...
2025-06-14 06:35:04,690 - INFO - Found 60 links on page 37
2025-06-14 06:35:04,691 - INFO - Scraping page 40...
2025-06-14 06:35:05,775 - INFO - Found 60 links on page 38
2025-06-14 06:35:05,775 - INFO - Scraping page 41...
2025-06-14 06:35:06,518 - INFO - Found 60 links on page 39
2025-06-14 06:35:06,518 - INFO - Scraping page 42...
2025-06-14 06:35:08,932 - INFO - Found 60 links on page 40
2025-06-14 06:35:08,933 - INFO - Scraping page 43...
2025-06-14 06:35:09,624 - INFO - Found 60 links on page 41
2025-06-14 06:35:09,625 - INFO - Scraping page 44...
2025-06-14 06:35:10,533 - INFO - Found 60 links on page 42
2025-06-14 06:35:10,533 - INFO - Scraping page 45...
2025-06-14 06:35:12,741 - INFO - Found 60 links on page 43
2025-06-14 06:35:12,741 - INFO - Scraping page 46...
2025-06-14 06:35:13,596 - INFO - Found 60 links on page 44
2025-06-14 06:35:13,596 - INFO - Scraping page 47...
2025-06-14 06:35:14,352 - INFO - Found 60 links on page 45
2025-06-14 06:35:14,352 - INFO - Scraping page 48...
2025-06-14 06:35:16,549 - INFO - Found 60 links on page 46
2025-06-14 06:35:16,549 - INFO - Scraping page 49...
2025-06-14 06:35:17,467 - INFO - Found 60 links on page 47
2025-06-14 06:35:17,467 - INFO - Scraping page 50...
2025-06-14 06:35:19,007 - INFO - Found 60 links on page 48
2025-06-14 06:35:19,007 - INFO - Scraping page 51...
2025-06-14 06:35:20,576 - INFO - Found 60 links on page 49
2025-06-14 06:35:20,576 - INFO - Scraping page 52...
2025-06-14 06:35:21,313 - INFO - Found 60 links on page 50
2025-06-14 06:35:21,313 - INFO - Scraping page 53...
2025-06-14 06:35:22,931 - INFO - Found 60 links on page 51
2025-06-14 06:35:22,932 - INFO - Scraping page 54...
2025-06-14 06:35:24,658 - INFO - Found 60 links on page 52
2025-06-14 06:35:24,658 - INFO - Scraping page 55...
2025-06-14 06:35:25,299 - INFO - Found 60 links on page 53
2025-06-14 06:35:25,299 - INFO - Scraping page 56...
2025-06-14 06:35:27,160 - INFO - Found 60 links on page 54
2025-06-14 06:35:27,160 - INFO - Scraping page 57...
2025-06-14 06:35:28,903 - INFO - Found 60 links on page 56
2025-06-14 06:35:28,903 - INFO - Scraping page 58...
2025-06-14 06:35:29,226 - INFO - Found 60 links on page 55
2025-06-14 06:35:29,226 - INFO - Scraping page 59...
2025-06-14 06:35:31,292 - INFO - Found 60 links on page 57
2025-06-14 06:35:31,292 - INFO - Scraping page 60...
2025-06-14 06:35:32,695 - INFO - Found 60 links on page 58
2025-06-14 06:35:32,695 - INFO - Scraping page 61...
2025-06-14 06:35:33,123 - INFO - Found 60 links on page 59
2025-06-14 06:35:33,124 - INFO - Scraping page 62...
2025-06-14 06:35:35,297 - INFO - Found 60 links on page 60
2025-06-14 06:35:35,297 - INFO - Scraping page 63...
2025-06-14 06:35:36,484 - INFO - Found 60 links on page 61
2025-06-14 06:35:36,484 - INFO - Scraping page 64...
2025-06-14 06:35:37,389 - INFO - Found 60 links on page 62
2025-06-14 06:35:37,390 - INFO - Scraping page 65...
2025-06-14 06:35:39,067 - INFO - Found 60 links on page 63
2025-06-14 06:35:39,067 - INFO - Scraping page 66...
2025-06-14 06:35:40,623 - INFO - Found 60 links on page 64
2025-06-14 06:35:40,623 - INFO - Scraping page 67...
2025-06-14 06:35:41,117 - INFO - Found 60 links on page 65
2025-06-14 06:35:41,118 - INFO - Scraping page 68...
2025-06-14 06:35:43,303 - INFO - Found 60 links on page 66
2025-06-14 06:35:43,303 - INFO - Scraping page 69...
2025-06-14 06:35:45,328 - INFO - Found 60 links on page 67
2025-06-14 06:35:45,333 - INFO - Scraping page 70...
2025-06-14 06:35:45,483 - INFO - Found 60 links on page 68
2025-06-14 06:35:45,483 - INFO - Scraping page 71...
2025-06-14 06:35:47,587 - INFO - Found 60 links on page 69
2025-06-14 06:35:47,587 - INFO - Scraping page 72...
2025-06-14 06:35:49,557 - INFO - Found 60 links on page 70
2025-06-14 06:35:49,557 - INFO - Scraping page 73...
2025-06-14 06:35:49,823 - INFO - Found 60 links on page 71
2025-06-14 06:35:49,824 - INFO - Scraping page 74...
2025-06-14 06:35:51,493 - INFO - Found 60 links on page 72
2025-06-14 06:35:51,494 - INFO - Scraping page 75...
2025-06-14 06:35:53,684 - INFO - Found 60 links on page 73
2025-06-14 06:35:53,685 - INFO - Scraping page 76...
2025-06-14 06:35:53,957 - INFO - Found 60 links on page 74
2025-06-14 06:35:53,957 - INFO - Scraping page 77...
2025-06-14 06:35:55,453 - INFO - Found 60 links on page 75
2025-06-14 06:35:55,453 - INFO - Scraping page 78...
2025-06-14 06:35:57,722 - INFO - Found 60 links on page 76
2025-06-14 06:35:57,722 - INFO - Scraping page 79...
2025-06-14 06:35:57,951 - INFO - Found 60 links on page 77
2025-06-14 06:35:57,951 - INFO - Scraping page 80...
2025-06-14 06:35:59,671 - INFO - Found 60 links on page 78
2025-06-14 06:35:59,671 - INFO - Scraping page 81...
2025-06-14 06:36:01,996 - INFO - Found 60 links on page 79
2025-06-14 06:36:01,997 - INFO - Scraping page 82...
2025-06-14 06:36:02,427 - INFO - Found 60 links on page 80
2025-06-14 06:36:02,427 - INFO - Scraping page 83...
2025-06-14 06:36:04,076 - INFO - Found 60 links on page 81
2025-06-14 06:36:04,076 - INFO - Scraping page 84...
2025-06-14 06:36:06,130 - INFO - Found 60 links on page 82
2025-06-14 06:36:06,130 - INFO - Scraping page 85...
2025-06-14 06:36:06,638 - INFO - Found 60 links on page 83
2025-06-14 06:36:06,638 - INFO - Scraping page 86...
2025-06-14 06:36:08,074 - INFO - Found 60 links on page 84
2025-06-14 06:36:08,074 - INFO - Scraping page 87...
2025-06-14 06:36:10,305 - INFO - Found 60 links on page 85
2025-06-14 06:36:10,305 - INFO - Scraping page 88...
2025-06-14 06:36:10,969 - INFO - Found 60 links on page 86
2025-06-14 06:36:10,969 - INFO - Scraping page 89...
2025-06-14 06:36:12,862 - INFO - Found 60 links on page 87
2025-06-14 06:36:12,862 - INFO - Scraping page 90...
2025-06-14 06:36:14,498 - INFO - Found 60 links on page 88
2025-06-14 06:36:14,498 - INFO - Scraping page 91...
2025-06-14 06:36:14,865 - INFO - Found 60 links on page 89
2025-06-14 06:36:14,865 - INFO - Scraping page 92...
2025-06-14 06:36:16,778 - INFO - Found 60 links on page 90
2025-06-14 06:36:16,778 - INFO - Scraping page 93...
2025-06-14 06:36:18,732 - INFO - Found 60 links on page 92
2025-06-14 06:36:18,733 - INFO - Scraping page 94...
2025-06-14 06:36:19,104 - INFO - Found 60 links on page 91
2025-06-14 06:36:19,105 - INFO - Scraping page 95...
2025-06-14 06:36:21,202 - INFO - Found 60 links on page 93
2025-06-14 06:36:21,202 - INFO - Scraping page 96...
2025-06-14 06:36:22,668 - INFO - Found 60 links on page 94
2025-06-14 06:36:22,669 - INFO - Scraping page 97...
2025-06-14 06:36:23,413 - INFO - Found 60 links on page 95
2025-06-14 06:36:23,414 - INFO - Scraping page 98...
2025-06-14 06:36:24,926 - INFO - Found 60 links on page 96
2025-06-14 06:36:24,926 - INFO - Scraping page 99...
2025-06-14 06:36:26,936 - INFO - Found 60 links on page 97
2025-06-14 06:36:26,936 - INFO - Scraping page 100...
2025-06-14 06:36:27,325 - INFO - Found 60 links on page 98
2025-06-14 06:36:27,325 - INFO - Scraping page 101...
2025-06-14 06:36:29,155 - INFO - Found 60 links on page 99
2025-06-14 06:36:29,155 - INFO - Scraping page 102...
2025-06-14 06:36:31,248 - INFO - Found 60 links on page 100
2025-06-14 06:36:31,248 - INFO - Scraping page 103...
2025-06-14 06:36:31,811 - INFO - Found 60 links on page 101
2025-06-14 06:36:31,811 - INFO - Scraping page 104...
2025-06-14 06:36:33,451 - INFO - Found 60 links on page 102
2025-06-14 06:36:33,451 - INFO - Scraping page 105...
2025-06-14 06:36:35,884 - INFO - Found 60 links on page 103
2025-06-14 06:36:35,889 - INFO - Scraping page 106...
2025-06-14 06:36:36,081 - INFO - Found 60 links on page 104
2025-06-14 06:36:36,081 - INFO - Scraping page 107...
2025-06-14 06:36:37,598 - INFO - Found 60 links on page 105
2025-06-14 06:36:37,598 - INFO - Scraping page 108...
2025-06-14 06:36:39,961 - INFO - Found 60 links on page 107
2025-06-14 06:36:39,961 - INFO - Scraping page 109...
2025-06-14 06:36:40,168 - INFO - Found 60 links on page 106
2025-06-14 06:36:40,168 - INFO - Scraping page 110...
2025-06-14 06:36:41,864 - INFO - Found 60 links on page 108
2025-06-14 06:36:41,864 - INFO - Scraping page 111...
2025-06-14 06:36:44,262 - INFO - Found 60 links on page 110
2025-06-14 06:36:44,267 - INFO - Scraping page 112...
2025-06-14 06:36:44,417 - INFO - Found 60 links on page 109
2025-06-14 06:36:44,417 - INFO - Scraping page 113...
2025-06-14 06:36:46,039 - INFO - Found 60 links on page 111
2025-06-14 06:36:46,040 - INFO - Scraping page 114...
2025-06-14 06:36:48,409 - INFO - Found 60 links on page 112
2025-06-14 06:36:48,410 - INFO - Scraping page 115...
2025-06-14 06:36:48,672 - INFO - Found 60 links on page 113
2025-06-14 06:36:48,672 - INFO - Scraping page 116...
2025-06-14 06:36:49,908 - INFO - Found 60 links on page 114
2025-06-14 06:36:49,908 - INFO - Scraping page 117...
2025-06-14 06:36:52,144 - INFO - Found 60 links on page 115
2025-06-14 06:36:52,144 - INFO - Scraping page 118...
2025-06-14 06:36:52,333 - INFO - Found 60 links on page 116
2025-06-14 06:36:52,333 - INFO - Scraping page 119...
2025-06-14 06:36:53,783 - INFO - Found 60 links on page 117
2025-06-14 06:36:53,783 - INFO - Scraping page 120...
2025-06-14 06:36:56,340 - INFO - Found 60 links on page 118
2025-06-14 06:36:56,345 - INFO - Scraping page 121...
2025-06-14 06:36:56,490 - INFO - Found 60 links on page 119
2025-06-14 06:36:56,491 - INFO - Scraping page 122...
2025-06-14 06:36:57,611 - INFO - Found 60 links on page 120
2025-06-14 06:36:57,612 - INFO - Scraping page 123...
2025-06-14 06:37:00,271 - INFO - Found 60 links on page 122
2025-06-14 06:37:00,271 - INFO - Scraping page 124...
2025-06-14 06:37:00,633 - INFO - Found 60 links on page 121
2025-06-14 06:37:00,633 - INFO - Scraping page 125...
2025-06-14 06:37:01,318 - INFO - Found 60 links on page 123
2025-06-14 06:37:01,318 - INFO - Scraping page 126...
2025-06-14 06:37:04,129 - INFO - Found 60 links on page 124
2025-06-14 06:37:04,130 - INFO - Scraping page 127...
2025-06-14 06:37:04,616 - INFO - Found 60 links on page 125
2025-06-14 06:37:04,617 - INFO - Scraping page 128...
2025-06-14 06:37:05,413 - INFO - Found 60 links on page 126
2025-06-14 06:37:05,413 - INFO - Scraping page 129...
2025-06-14 06:37:08,449 - INFO - Found 60 links on page 127
2025-06-14 06:37:08,449 - INFO - Scraping page 130...
2025-06-14 06:37:08,770 - INFO - Found 60 links on page 128
2025-06-14 06:37:08,770 - INFO - Scraping page 131...
2025-06-14 06:37:10,076 - INFO - Found 60 links on page 129
2025-06-14 06:37:10,077 - INFO - Scraping page 132...
2025-06-14 06:37:12,721 - INFO - Found 60 links on page 131
2025-06-14 06:37:12,731 - INFO - Scraping page 133...
2025-06-14 06:37:12,792 - INFO - Found 60 links on page 130
2025-06-14 06:37:12,793 - INFO - Scraping page 134...
2025-06-14 06:37:14,695 - INFO - Found 60 links on page 132
2025-06-14 06:37:14,695 - INFO - Scraping page 135...
2025-06-14 06:37:16,681 - INFO - Found 60 links on page 133
2025-06-14 06:37:16,682 - INFO - Scraping page 136...
2025-06-14 06:37:16,900 - INFO - Found 60 links on page 134
2025-06-14 06:37:16,900 - INFO - Scraping page 137...
2025-06-14 06:37:18,678 - INFO - Found 60 links on page 135
2025-06-14 06:37:18,678 - INFO - Scraping page 138...
2025-06-14 06:37:21,003 - INFO - Found 60 links on page 136
2025-06-14 06:37:21,009 - INFO - Scraping page 139...
2025-06-14 06:37:21,240 - INFO - Found 60 links on page 137
2025-06-14 06:37:21,240 - INFO - Scraping page 140...
2025-06-14 06:37:22,619 - INFO - Found 60 links on page 138
2025-06-14 06:37:22,620 - INFO - Scraping page 141...
2025-06-14 06:37:25,254 - INFO - Found 60 links on page 139
2025-06-14 06:37:25,254 - INFO - Scraping page 142...
2025-06-14 06:37:25,772 - INFO - Found 60 links on page 140
2025-06-14 06:37:25,772 - INFO - Scraping page 143...
2025-06-14 06:37:26,586 - INFO - Found 60 links on page 141
2025-06-14 06:37:26,586 - INFO - Scraping page 144...
2025-06-14 06:37:29,059 - INFO - Found 60 links on page 142
2025-06-14 06:37:29,060 - INFO - Scraping page 145...
2025-06-14 06:37:29,750 - INFO - Found 60 links on page 143
2025-06-14 06:37:29,750 - INFO - Scraping page 146...
2025-06-14 06:37:31,187 - INFO - Found 60 links on page 144
2025-06-14 06:37:31,187 - INFO - Scraping page 147...
2025-06-14 06:37:33,358 - INFO - Found 60 links on page 145
2025-06-14 06:37:33,358 - INFO - Scraping page 148...
2025-06-14 06:37:33,648 - INFO - Found 60 links on page 146
2025-06-14 06:37:33,648 - INFO - Scraping page 149...
2025-06-14 06:37:36,086 - INFO - Found 60 links on page 147
2025-06-14 06:37:36,086 - INFO - Scraping page 150...
2025-06-14 06:37:37,577 - INFO - Found 60 links on page 148
2025-06-14 06:37:37,582 - INFO - Scraping page 151...
2025-06-14 06:37:37,713 - INFO - Found 60 links on page 149
2025-06-14 06:37:37,713 - INFO - Scraping page 152...
2025-06-14 06:37:40,311 - INFO - Found 60 links on page 150
2025-06-14 06:37:40,312 - INFO - Scraping page 153...
2025-06-14 06:37:41,718 - INFO - Found 60 links on page 151
2025-06-14 06:37:41,723 - INFO - Scraping page 154...
2025-06-14 06:37:41,935 - INFO - Found 60 links on page 152
2025-06-14 06:37:41,935 - INFO - Scraping page 155...
2025-06-14 06:37:44,931 - INFO - Found 60 links on page 153
2025-06-14 06:37:44,932 - INFO - Scraping page 156...
2025-06-14 06:37:45,547 - INFO - Found 60 links on page 154
2025-06-14 06:37:45,547 - INFO - Scraping page 157...
2025-06-14 06:37:46,723 - INFO - Found 60 links on page 155
2025-06-14 06:37:46,723 - INFO - Scraping page 158...
2025-06-14 06:37:48,910 - INFO - Found 60 links on page 156
2025-06-14 06:37:48,910 - INFO - Scraping page 159...
2025-06-14 06:37:49,835 - INFO - Found 60 links on page 157
2025-06-14 06:37:49,836 - INFO - Scraping page 160...
2025-06-14 06:37:50,941 - INFO - Found 60 links on page 158
2025-06-14 06:37:50,942 - INFO - Scraping page 161...
2025-06-14 06:37:52,889 - INFO - Found 60 links on page 159
2025-06-14 06:37:52,889 - INFO - Scraping page 162...
2025-06-14 06:37:54,525 - INFO - Found 60 links on page 160
2025-06-14 06:37:54,525 - INFO - Scraping page 163...
2025-06-14 06:37:55,164 - INFO - Found 60 links on page 161
2025-06-14 06:37:55,164 - INFO - Scraping page 164...
2025-06-14 06:37:57,310 - INFO - Found 60 links on page 162
2025-06-14 06:37:57,310 - INFO - Scraping page 165...
2025-06-14 06:37:58,443 - INFO - Found 60 links on page 163
2025-06-14 06:37:58,443 - INFO - Scraping page 166...
2025-06-14 06:37:59,409 - INFO - Found 60 links on page 164
2025-06-14 06:37:59,409 - INFO - Scraping page 167...
2025-06-14 06:38:01,276 - INFO - Found 60 links on page 165
2025-06-14 06:38:01,277 - INFO - Scraping page 168...
2025-06-14 06:38:02,329 - INFO - Found 60 links on page 166
2025-06-14 06:38:02,330 - INFO - Scraping page 169...
2025-06-14 06:38:03,677 - INFO - Found 60 links on page 167
2025-06-14 06:38:03,677 - INFO - Scraping page 170...
2025-06-14 06:38:05,315 - INFO - Found 60 links on page 168
2025-06-14 06:38:05,315 - INFO - Scraping page 171...
2025-06-14 06:38:06,208 - INFO - Found 60 links on page 169
2025-06-14 06:38:06,209 - INFO - Scraping page 172...
2025-06-14 06:38:07,624 - INFO - Found 60 links on page 170
2025-06-14 06:38:07,625 - INFO - Scraping page 173...
2025-06-14 06:38:09,208 - INFO - Found 60 links on page 171
2025-06-14 06:38:09,208 - INFO - Scraping page 174...
2025-06-14 06:38:10,504 - INFO - Found 60 links on page 172
2025-06-14 06:38:10,505 - INFO - Scraping page 175...
2025-06-14 06:38:11,937 - INFO - Found 60 links on page 173
2025-06-14 06:38:11,938 - INFO - Scraping page 176...
2025-06-14 06:38:13,169 - INFO - Found 60 links on page 174
2025-06-14 06:38:13,170 - INFO - Scraping page 177...
2025-06-14 06:38:14,659 - INFO - Found 60 links on page 175
2025-06-14 06:38:14,659 - INFO - Scraping page 178...
2025-06-14 06:38:15,833 - INFO - Found 60 links on page 176
2025-06-14 06:38:15,833 - INFO - Scraping page 179...
2025-06-14 06:38:17,562 - INFO - Found 60 links on page 177
2025-06-14 06:38:17,562 - INFO - Scraping page 180...
2025-06-14 06:38:19,491 - INFO - Found 60 links on page 178
2025-06-14 06:38:19,491 - INFO - Scraping page 181...
2025-06-14 06:38:19,813 - INFO - Found 60 links on page 179
2025-06-14 06:38:19,813 - INFO - Scraping page 182...
2025-06-14 06:38:21,557 - INFO - Found 60 links on page 180
2025-06-14 06:38:21,557 - INFO - Scraping page 183...
2025-06-14 06:38:23,457 - INFO - Found 60 links on page 181
2025-06-14 06:38:23,457 - INFO - Scraping page 184...
2025-06-14 06:38:24,019 - INFO - Found 60 links on page 182
2025-06-14 06:38:24,020 - INFO - Scraping page 185...
2025-06-14 06:38:25,371 - INFO - Found 60 links on page 183
2025-06-14 06:38:25,371 - INFO - Scraping page 186...
2025-06-14 06:38:27,378 - INFO - Found 60 links on page 184
2025-06-14 06:38:27,379 - INFO - Scraping page 187...
2025-06-14 06:38:27,863 - INFO - Found 60 links on page 185
2025-06-14 06:38:27,864 - INFO - Scraping page 188...
2025-06-14 06:38:29,126 - INFO - Found 60 links on page 186
2025-06-14 06:38:29,126 - INFO - Scraping page 189...
2025-06-14 06:38:31,591 - INFO - Found 60 links on page 187
2025-06-14 06:38:31,591 - INFO - Scraping page 190...
2025-06-14 06:38:32,314 - INFO - Found 60 links on page 188
2025-06-14 06:38:32,314 - INFO - Scraping page 191...
2025-06-14 06:38:33,315 - INFO - Found 60 links on page 189
2025-06-14 06:38:33,315 - INFO - Scraping page 192...
2025-06-14 06:38:35,343 - INFO - Found 60 links on page 190
2025-06-14 06:38:35,343 - INFO - Scraping page 193...
2025-06-14 06:38:36,462 - INFO - Found 60 links on page 191
2025-06-14 06:38:36,462 - INFO - Scraping page 194...
2025-06-14 06:38:37,399 - INFO - Found 60 links on page 192
2025-06-14 06:38:37,399 - INFO - Scraping page 195...
2025-06-14 06:38:39,572 - INFO - Found 60 links on page 193
2025-06-14 06:38:39,573 - INFO - Scraping page 196...
2025-06-14 06:38:40,559 - INFO - Found 60 links on page 194
2025-06-14 06:38:40,560 - INFO - Scraping page 197...
2025-06-14 06:38:41,240 - INFO - Found 60 links on page 195
2025-06-14 06:38:41,241 - INFO - Scraping page 198...
2025-06-14 06:38:44,200 - INFO - Found 60 links on page 196
2025-06-14 06:38:44,200 - INFO - Scraping page 199...
2025-06-14 06:38:44,476 - INFO - Found 60 links on page 197
2025-06-14 06:38:44,476 - INFO - Scraping page 200...
2025-06-14 06:38:45,274 - INFO - Found 60 links on page 198
2025-06-14 06:38:48,123 - INFO - Found 60 links on page 199
2025-06-14 06:38:49,245 - INFO - Found 60 links on page 200
2025-06-14 06:38:49,253 - INFO - Found 353 new links to scrape out of 12000 total links
2025-06-14 06:38:49,253 - INFO - Processing batch 1/8 (50 links)
2025-06-14 06:38:56,201 - INFO - Progress: 10/50 ads processed
2025-06-14 06:39:01,074 - INFO - Progress: 20/50 ads processed
2025-06-14 06:39:06,218 - INFO - Progress: 30/50 ads processed
2025-06-14 06:39:11,701 - INFO - Progress: 40/50 ads processed
2025-06-14 06:39:16,686 - INFO - Progress: 50/50 ads processed
2025-06-14 06:39:16,760 - INFO - Created backup of existing data file at unegui_data/unegui_sales_data.csv.bak
2025-06-14 06:39:17,098 - INFO - Data saved to unegui_data/unegui_sales_data.csv: 23978 records
2025-06-14 06:39:17,901 - INFO - Cache saved with 24381 URLs
2025-06-14 06:39:17,901 - INFO - Saved batch data. Total records: 23978
2025-06-14 06:39:17,902 - INFO - Processing batch 2/8 (50 links)
2025-06-14 06:39:23,047 - INFO - Progress: 10/50 ads processed
2025-06-14 06:39:28,669 - INFO - Progress: 20/50 ads processed
2025-06-14 06:39:33,889 - INFO - Progress: 30/50 ads processed
2025-06-14 06:39:39,918 - INFO - Progress: 40/50 ads processed
2025-06-14 06:39:45,374 - INFO - Progress: 50/50 ads processed
2025-06-14 06:39:45,447 - INFO - Created backup of existing data file at unegui_data/unegui_sales_data.csv.bak
2025-06-14 06:39:45,784 - INFO - Data saved to unegui_data/unegui_sales_data.csv: 24027 records
2025-06-14 06:39:46,597 - INFO - Cache saved with 24431 URLs
2025-06-14 06:39:46,597 - INFO - Saved batch data. Total records: 24027
2025-06-14 06:39:46,597 - INFO - Processing batch 3/8 (50 links)
2025-06-14 06:39:51,904 - INFO - Progress: 10/50 ads processed
2025-06-14 06:39:56,968 - INFO - Progress: 20/50 ads processed
2025-06-14 06:40:02,123 - INFO - Progress: 30/50 ads processed
2025-06-14 06:40:07,255 - INFO - Progress: 40/50 ads processed
2025-06-14 06:40:11,983 - INFO - Progress: 50/50 ads processed
2025-06-14 06:40:12,056 - INFO - Created backup of existing data file at unegui_data/unegui_sales_data.csv.bak
2025-06-14 06:40:12,396 - INFO - Data saved to unegui_data/unegui_sales_data.csv: 24077 records
2025-06-14 06:40:13,212 - INFO - Cache saved with 24481 URLs
2025-06-14 06:40:13,212 - INFO - Saved batch data. Total records: 24077
2025-06-14 06:40:13,212 - INFO - Processing batch 4/8 (50 links)
2025-06-14 06:40:18,288 - INFO - Progress: 10/50 ads processed
2025-06-14 06:40:24,021 - INFO - Progress: 20/50 ads processed
2025-06-14 06:40:29,660 - INFO - Progress: 30/50 ads processed
2025-06-14 06:40:34,601 - INFO - Progress: 40/50 ads processed
2025-06-14 06:40:39,409 - INFO - Progress: 50/50 ads processed
2025-06-14 06:40:39,485 - INFO - Created backup of existing data file at unegui_data/unegui_sales_data.csv.bak
2025-06-14 06:40:39,828 - INFO - Data saved to unegui_data/unegui_sales_data.csv: 24125 records
2025-06-14 06:40:40,643 - INFO - Cache saved with 24531 URLs
2025-06-14 06:40:40,643 - INFO - Saved batch data. Total records: 24125
2025-06-14 06:40:40,643 - INFO - Processing batch 5/8 (50 links)
2025-06-14 06:40:46,214 - INFO - Progress: 10/50 ads processed
2025-06-14 06:40:51,361 - INFO - Progress: 20/50 ads processed
2025-06-14 06:40:57,008 - INFO - Progress: 30/50 ads processed
2025-06-14 06:41:01,912 - INFO - Progress: 40/50 ads processed
2025-06-14 06:41:07,013 - INFO - Progress: 50/50 ads processed
2025-06-14 06:41:07,091 - INFO - Created backup of existing data file at unegui_data/unegui_sales_data.csv.bak
2025-06-14 06:41:07,436 - INFO - Data saved to unegui_data/unegui_sales_data.csv: 24174 records
2025-06-14 06:41:08,270 - INFO - Cache saved with 24581 URLs
2025-06-14 06:41:08,270 - INFO - Saved batch data. Total records: 24174
2025-06-14 06:41:08,270 - INFO - Processing batch 6/8 (50 links)
2025-06-14 06:41:14,044 - INFO - Progress: 10/50 ads processed
2025-06-14 06:41:19,142 - INFO - Progress: 20/50 ads processed
2025-06-14 06:41:24,053 - INFO - Progress: 30/50 ads processed
2025-06-14 06:41:29,049 - INFO - Progress: 40/50 ads processed
2025-06-14 06:41:34,244 - INFO - Progress: 50/50 ads processed
2025-06-14 06:41:34,322 - INFO - Created backup of existing data file at unegui_data/unegui_sales_data.csv.bak
2025-06-14 06:41:34,668 - INFO - Data saved to unegui_data/unegui_sales_data.csv: 24223 records
2025-06-14 06:41:35,486 - INFO - Cache saved with 24631 URLs
2025-06-14 06:41:35,486 - INFO - Saved batch data. Total records: 24223
2025-06-14 06:41:35,486 - INFO - Processing batch 7/8 (50 links)
2025-06-14 06:41:40,803 - INFO - Progress: 10/50 ads processed
2025-06-14 06:41:47,291 - INFO - Progress: 20/50 ads processed
2025-06-14 06:41:52,384 - INFO - Progress: 30/50 ads processed
2025-06-14 06:41:57,726 - INFO - Progress: 40/50 ads processed
2025-06-14 06:42:03,044 - INFO - Progress: 50/50 ads processed
2025-06-14 06:42:03,118 - INFO - Created backup of existing data file at unegui_data/unegui_sales_data.csv.bak
2025-06-14 06:42:03,462 - INFO - Data saved to unegui_data/unegui_sales_data.csv: 24273 records
2025-06-14 06:42:04,292 - INFO - Cache saved with 24681 URLs
2025-06-14 06:42:04,292 - INFO - Saved batch data. Total records: 24273
2025-06-14 06:42:04,292 - INFO - Processing batch 8/8 (3 links)
2025-06-14 06:42:07,523 - INFO - Progress: 3/3 ads processed
2025-06-14 06:42:07,598 - INFO - Created backup of existing data file at unegui_data/unegui_sales_data.csv.bak
2025-06-14 06:42:07,940 - INFO - Data saved to unegui_data/unegui_sales_data.csv: 24276 records
2025-06-14 06:42:08,768 - INFO - Cache saved with 24684 URLs
2025-06-14 06:42:08,768 - INFO - Saved batch data. Total records: 24276
2025-06-14 06:42:08,768 - INFO - Scraping completed in 0:08:02.588735. Total ads collected: 24276
