2025-06-05 06:38:05,851 - INFO - Starting sales apartment scraper at 2025-06-05 06:38:05.850941
2025-06-05 06:38:06,188 - INFO - Loaded existing data from unegui_data/unegui_sales_data.csv: 20729 records
2025-06-05 06:38:06,433 - INFO - Loaded 20729 existing records
2025-06-05 06:38:06,448 - INFO - Scraping page 1...
2025-06-05 06:38:06,448 - INFO - Scraping page 2...
2025-06-05 06:38:06,449 - INFO - Scraping page 3...
2025-06-05 06:38:10,305 - INFO - Found 60 links on page 2
2025-06-05 06:38:10,305 - INFO - Scraping page 4...
2025-06-05 06:38:10,966 - INFO - Found 60 links on page 1
2025-06-05 06:38:10,972 - INFO - Scraping page 5...
2025-06-05 06:38:11,119 - INFO - Found 60 links on page 3
2025-06-05 06:38:11,119 - INFO - Scraping page 6...
2025-06-05 06:38:13,981 - INFO - Found 60 links on page 4
2025-06-05 06:38:13,982 - INFO - Scraping page 7...
2025-06-05 06:38:14,798 - INFO - Found 60 links on page 5
2025-06-05 06:38:14,798 - INFO - Scraping page 8...
2025-06-05 06:38:15,598 - INFO - Found 60 links on page 6
2025-06-05 06:38:15,599 - INFO - Scraping page 9...
2025-06-05 06:38:18,765 - INFO - Found 60 links on page 7
2025-06-05 06:38:18,776 - INFO - Scraping page 10...
2025-06-05 06:38:18,935 - INFO - Found 60 links on page 8
2025-06-05 06:38:18,935 - INFO - Scraping page 11...
2025-06-05 06:38:19,733 - INFO - Found 60 links on page 9
2025-06-05 06:38:19,733 - INFO - Scraping page 12...
2025-06-05 06:38:22,819 - INFO - Found 60 links on page 10
2025-06-05 06:38:22,819 - INFO - Scraping page 13...
2025-06-05 06:38:23,186 - INFO - Found 60 links on page 11
2025-06-05 06:38:23,186 - INFO - Scraping page 14...
2025-06-05 06:38:23,930 - INFO - Found 60 links on page 12
2025-06-05 06:38:23,930 - INFO - Scraping page 15...
2025-06-05 06:38:26,576 - INFO - Found 60 links on page 13
2025-06-05 06:38:26,577 - INFO - Scraping page 16...
2025-06-05 06:38:27,884 - INFO - Found 60 links on page 14
2025-06-05 06:38:27,895 - INFO - Scraping page 17...
2025-06-05 06:38:28,024 - INFO - Found 60 links on page 15
2025-06-05 06:38:28,025 - INFO - Scraping page 18...
2025-06-05 06:38:30,712 - INFO - Found 60 links on page 16
2025-06-05 06:38:30,713 - INFO - Scraping page 19...
2025-06-05 06:38:32,097 - INFO - Found 60 links on page 17
2025-06-05 06:38:32,103 - INFO - Scraping page 20...
2025-06-05 06:38:32,313 - INFO - Found 60 links on page 18
2025-06-05 06:38:32,314 - INFO - Scraping page 21...
2025-06-05 06:38:34,986 - INFO - Found 60 links on page 19
2025-06-05 06:38:34,987 - INFO - Scraping page 22...
2025-06-05 06:38:36,263 - INFO - Found 60 links on page 20
2025-06-05 06:38:36,264 - INFO - Scraping page 23...
2025-06-05 06:38:36,588 - INFO - Found 60 links on page 21
2025-06-05 06:38:36,588 - INFO - Scraping page 24...
2025-06-05 06:38:39,025 - INFO - Found 60 links on page 22
2025-06-05 06:38:39,025 - INFO - Scraping page 25...
2025-06-05 06:38:40,569 - INFO - Found 60 links on page 24
2025-06-05 06:38:40,570 - INFO - Scraping page 26...
2025-06-05 06:38:40,856 - INFO - Found 60 links on page 23
2025-06-05 06:38:40,857 - INFO - Scraping page 27...
2025-06-05 06:38:42,733 - INFO - Found 60 links on page 25
2025-06-05 06:38:42,733 - INFO - Scraping page 28...
2025-06-05 06:38:44,697 - INFO - Found 60 links on page 26
2025-06-05 06:38:44,697 - INFO - Scraping page 29...
2025-06-05 06:38:45,035 - INFO - Found 60 links on page 27
2025-06-05 06:38:45,035 - INFO - Scraping page 30...
2025-06-05 06:38:46,616 - INFO - Found 60 links on page 28
2025-06-05 06:38:46,616 - INFO - Scraping page 31...
2025-06-05 06:38:48,832 - INFO - Found 60 links on page 29
2025-06-05 06:38:48,832 - INFO - Scraping page 32...
2025-06-05 06:38:49,097 - INFO - Found 60 links on page 30
2025-06-05 06:38:49,097 - INFO - Scraping page 33...
2025-06-05 06:38:50,521 - INFO - Found 60 links on page 31
2025-06-05 06:38:50,522 - INFO - Scraping page 34...
2025-06-05 06:38:53,088 - INFO - Found 60 links on page 33
2025-06-05 06:38:53,156 - INFO - Scraping page 35...
2025-06-05 06:38:53,242 - INFO - Found 60 links on page 32
2025-06-05 06:38:53,242 - INFO - Scraping page 36...
2025-06-05 06:38:54,549 - INFO - Found 60 links on page 34
2025-06-05 06:38:54,549 - INFO - Scraping page 37...
2025-06-05 06:38:57,377 - INFO - Found 60 links on page 35
2025-06-05 06:38:57,377 - INFO - Scraping page 38...
2025-06-05 06:38:57,895 - INFO - Found 60 links on page 36
2025-06-05 06:38:57,895 - INFO - Scraping page 39...
2025-06-05 06:38:58,492 - INFO - Found 60 links on page 37
2025-06-05 06:38:58,492 - INFO - Scraping page 40...
2025-06-05 06:39:01,704 - INFO - Found 60 links on page 38
2025-06-05 06:39:01,704 - INFO - Scraping page 41...
2025-06-05 06:39:02,238 - INFO - Found 60 links on page 40
2025-06-05 06:39:02,239 - INFO - Scraping page 42...
2025-06-05 06:39:02,633 - INFO - Found 60 links on page 39
2025-06-05 06:39:02,633 - INFO - Scraping page 43...
2025-06-05 06:39:05,523 - INFO - Found 60 links on page 41
2025-06-05 06:39:05,524 - INFO - Scraping page 44...
2025-06-05 06:39:06,274 - INFO - Found 60 links on page 42
2025-06-05 06:39:06,274 - INFO - Scraping page 45...
2025-06-05 06:39:06,946 - INFO - Found 60 links on page 43
2025-06-05 06:39:06,946 - INFO - Scraping page 46...
2025-06-05 06:39:09,329 - INFO - Found 60 links on page 44
2025-06-05 06:39:09,329 - INFO - Scraping page 47...
2025-06-05 06:39:10,564 - INFO - Found 60 links on page 45
2025-06-05 06:39:10,564 - INFO - Scraping page 48...
2025-06-05 06:39:11,257 - INFO - Found 60 links on page 46
2025-06-05 06:39:11,258 - INFO - Scraping page 49...
2025-06-05 06:39:13,283 - INFO - Found 60 links on page 47
2025-06-05 06:39:13,283 - INFO - Scraping page 50...
2025-06-05 06:39:14,688 - INFO - Found 60 links on page 48
2025-06-05 06:39:14,689 - INFO - Scraping page 51...
2025-06-05 06:39:15,129 - INFO - Found 60 links on page 49
2025-06-05 06:39:15,129 - INFO - Scraping page 52...
2025-06-05 06:39:17,269 - INFO - Found 60 links on page 50
2025-06-05 06:39:17,269 - INFO - Scraping page 53...
2025-06-05 06:39:18,669 - INFO - Found 60 links on page 51
2025-06-05 06:39:18,670 - INFO - Scraping page 54...
2025-06-05 06:39:19,229 - INFO - Found 60 links on page 52
2025-06-05 06:39:19,229 - INFO - Scraping page 55...
2025-06-05 06:39:21,981 - INFO - Found 60 links on page 53
2025-06-05 06:39:21,982 - INFO - Scraping page 56...
2025-06-05 06:39:23,228 - INFO - Found 60 links on page 55
2025-06-05 06:39:23,239 - INFO - Scraping page 57...
2025-06-05 06:39:23,490 - INFO - Found 60 links on page 54
2025-06-05 06:39:23,490 - INFO - Scraping page 58...
2025-06-05 06:39:26,976 - INFO - Found 60 links on page 56
2025-06-05 06:39:26,976 - INFO - Scraping page 59...
2025-06-05 06:39:27,486 - INFO - Found 60 links on page 57
2025-06-05 06:39:27,486 - INFO - Scraping page 60...
2025-06-05 06:39:28,373 - INFO - Found 60 links on page 58
2025-06-05 06:39:28,373 - INFO - Scraping page 61...
2025-06-05 06:39:31,446 - INFO - Found 60 links on page 60
2025-06-05 06:39:31,447 - INFO - Scraping page 62...
2025-06-05 06:39:31,908 - INFO - Found 60 links on page 59
2025-06-05 06:39:31,908 - INFO - Scraping page 63...
2025-06-05 06:39:32,182 - INFO - Found 60 links on page 61
2025-06-05 06:39:32,182 - INFO - Scraping page 64...
2025-06-05 06:39:35,653 - INFO - Found 60 links on page 62
2025-06-05 06:39:35,653 - INFO - Scraping page 65...
2025-06-05 06:39:36,214 - INFO - Found 60 links on page 63
2025-06-05 06:39:36,214 - INFO - Scraping page 66...
2025-06-05 06:39:37,824 - INFO - Found 60 links on page 64
2025-06-05 06:39:37,824 - INFO - Scraping page 67...
2025-06-05 06:39:40,006 - INFO - Found 60 links on page 65
2025-06-05 06:39:40,006 - INFO - Scraping page 68...
2025-06-05 06:39:40,216 - INFO - Found 60 links on page 66
2025-06-05 06:39:40,217 - INFO - Scraping page 69...
2025-06-05 06:39:42,580 - INFO - Found 60 links on page 67
2025-06-05 06:39:42,580 - INFO - Scraping page 70...
2025-06-05 06:39:44,297 - INFO - Found 60 links on page 69
2025-06-05 06:39:44,303 - INFO - Scraping page 71...
2025-06-05 06:39:44,436 - INFO - Found 60 links on page 68
2025-06-05 06:39:44,437 - INFO - Scraping page 72...
2025-06-05 06:39:46,967 - INFO - Found 60 links on page 70
2025-06-05 06:39:46,967 - INFO - Scraping page 73...
2025-06-05 06:39:48,146 - INFO - Found 60 links on page 71
2025-06-05 06:39:48,146 - INFO - Scraping page 74...
2025-06-05 06:39:48,893 - INFO - Found 60 links on page 72
2025-06-05 06:39:48,893 - INFO - Scraping page 75...
2025-06-05 06:39:51,974 - INFO - Found 60 links on page 73
2025-06-05 06:39:51,974 - INFO - Scraping page 76...
2025-06-05 06:39:52,571 - INFO - Found 60 links on page 74
2025-06-05 06:39:52,571 - INFO - Scraping page 77...
2025-06-05 06:39:53,665 - INFO - Found 60 links on page 75
2025-06-05 06:39:53,665 - INFO - Scraping page 78...
2025-06-05 06:39:56,291 - INFO - Found 60 links on page 76
2025-06-05 06:39:56,292 - INFO - Scraping page 79...
2025-06-05 06:39:56,544 - INFO - Found 60 links on page 77
2025-06-05 06:39:56,544 - INFO - Scraping page 80...
2025-06-05 06:39:57,932 - INFO - Found 60 links on page 78
2025-06-05 06:39:57,932 - INFO - Scraping page 81...
2025-06-05 06:40:00,624 - INFO - Found 60 links on page 80
2025-06-05 06:40:00,635 - INFO - Scraping page 82...
2025-06-05 06:40:00,802 - INFO - Found 60 links on page 79
2025-06-05 06:40:00,803 - INFO - Scraping page 83...
2025-06-05 06:40:02,477 - INFO - Found 60 links on page 81
2025-06-05 06:40:02,477 - INFO - Scraping page 84...
2025-06-05 06:40:05,513 - INFO - Found 60 links on page 83
2025-06-05 06:40:05,519 - INFO - Scraping page 85...
2025-06-05 06:40:05,679 - INFO - Found 60 links on page 82
2025-06-05 06:40:05,679 - INFO - Scraping page 86...
2025-06-05 06:40:06,708 - INFO - Found 60 links on page 84
2025-06-05 06:40:06,708 - INFO - Scraping page 87...
2025-06-05 06:40:10,196 - INFO - Found 60 links on page 85
2025-06-05 06:40:10,202 - INFO - Scraping page 88...
2025-06-05 06:40:10,439 - INFO - Found 60 links on page 86
2025-06-05 06:40:10,440 - INFO - Scraping page 89...
2025-06-05 06:40:11,044 - INFO - Found 60 links on page 87
2025-06-05 06:40:11,044 - INFO - Scraping page 90...
2025-06-05 06:40:14,419 - INFO - Found 60 links on page 88
2025-06-05 06:40:14,419 - INFO - Scraping page 91...
2025-06-05 06:40:14,699 - INFO - Found 60 links on page 89
2025-06-05 06:40:14,699 - INFO - Scraping page 92...
2025-06-05 06:40:15,962 - INFO - Found 60 links on page 90
2025-06-05 06:40:15,963 - INFO - Scraping page 93...
2025-06-05 06:40:18,984 - INFO - Found 60 links on page 91
2025-06-05 06:40:18,984 - INFO - Scraping page 94...
2025-06-05 06:40:19,342 - INFO - Found 60 links on page 92
2025-06-05 06:40:19,342 - INFO - Scraping page 95...
2025-06-05 06:40:20,767 - INFO - Found 60 links on page 93
2025-06-05 06:40:20,767 - INFO - Scraping page 96...
2025-06-05 06:40:23,017 - INFO - Found 60 links on page 94
2025-06-05 06:40:23,027 - INFO - Scraping page 97...
2025-06-05 06:40:23,193 - INFO - Found 60 links on page 95
2025-06-05 06:40:23,194 - INFO - Scraping page 98...
2025-06-05 06:40:24,571 - INFO - Found 60 links on page 96
2025-06-05 06:40:24,572 - INFO - Scraping page 99...
2025-06-05 06:40:26,989 - INFO - Found 60 links on page 98
2025-06-05 06:40:26,989 - INFO - Scraping page 100...
2025-06-05 06:40:27,297 - INFO - Found 60 links on page 97
2025-06-05 06:40:27,297 - INFO - Scraping page 101...
2025-06-05 06:40:28,343 - INFO - Found 60 links on page 99
2025-06-05 06:40:28,343 - INFO - Scraping page 102...
2025-06-05 06:40:30,895 - INFO - Found 60 links on page 100
2025-06-05 06:40:30,895 - INFO - Scraping page 103...
2025-06-05 06:40:31,367 - INFO - Found 60 links on page 101
2025-06-05 06:40:31,367 - INFO - Scraping page 104...
2025-06-05 06:40:32,558 - INFO - Found 60 links on page 102
2025-06-05 06:40:32,558 - INFO - Scraping page 105...
2025-06-05 06:40:35,378 - INFO - Found 60 links on page 103
2025-06-05 06:40:35,378 - INFO - Scraping page 106...
2025-06-05 06:40:35,639 - INFO - Found 60 links on page 104
2025-06-05 06:40:35,640 - INFO - Scraping page 107...
2025-06-05 06:40:37,034 - INFO - Found 60 links on page 105
2025-06-05 06:40:37,034 - INFO - Scraping page 108...
2025-06-05 06:40:39,590 - INFO - Found 60 links on page 106
2025-06-05 06:40:39,596 - INFO - Scraping page 109...
2025-06-05 06:40:39,760 - INFO - Found 60 links on page 107
2025-06-05 06:40:39,760 - INFO - Scraping page 110...
2025-06-05 06:40:41,278 - INFO - Found 60 links on page 108
2025-06-05 06:40:41,278 - INFO - Scraping page 111...
2025-06-05 06:40:44,087 - INFO - Found 60 links on page 110
2025-06-05 06:40:44,087 - INFO - Scraping page 112...
2025-06-05 06:40:44,852 - INFO - Found 60 links on page 109
2025-06-05 06:40:44,852 - INFO - Scraping page 113...
2025-06-05 06:40:45,275 - INFO - Found 60 links on page 111
2025-06-05 06:40:45,275 - INFO - Scraping page 114...
2025-06-05 06:40:48,029 - INFO - Found 60 links on page 112
2025-06-05 06:40:48,029 - INFO - Scraping page 115...
2025-06-05 06:40:49,080 - INFO - Found 60 links on page 113
2025-06-05 06:40:49,081 - INFO - Scraping page 116...
2025-06-05 06:40:49,577 - INFO - Found 60 links on page 114
2025-06-05 06:40:49,577 - INFO - Scraping page 117...
2025-06-05 06:40:52,444 - INFO - Found 60 links on page 115
2025-06-05 06:40:52,445 - INFO - Scraping page 118...
2025-06-05 06:40:53,380 - INFO - Found 60 links on page 116
2025-06-05 06:40:53,385 - INFO - Scraping page 119...
2025-06-05 06:40:53,554 - INFO - Found 60 links on page 117
2025-06-05 06:40:53,554 - INFO - Scraping page 120...
2025-06-05 06:40:56,829 - INFO - Found 60 links on page 118
2025-06-05 06:40:56,829 - INFO - Scraping page 121...
2025-06-05 06:40:57,758 - INFO - Found 60 links on page 119
2025-06-05 06:40:57,759 - INFO - Scraping page 122...
2025-06-05 06:40:59,417 - INFO - Found 60 links on page 120
2025-06-05 06:40:59,417 - INFO - Scraping page 123...
2025-06-05 06:41:00,818 - INFO - Found 60 links on page 121
2025-06-05 06:41:00,818 - INFO - Scraping page 124...
2025-06-05 06:41:02,081 - INFO - Found 60 links on page 122
2025-06-05 06:41:02,081 - INFO - Scraping page 125...
2025-06-05 06:41:03,627 - INFO - Found 60 links on page 123
2025-06-05 06:41:03,627 - INFO - Scraping page 126...
2025-06-05 06:41:05,086 - INFO - Found 60 links on page 124
2025-06-05 06:41:05,086 - INFO - Scraping page 127...
2025-06-05 06:41:06,347 - INFO - Found 60 links on page 125
2025-06-05 06:41:06,348 - INFO - Scraping page 128...
2025-06-05 06:41:07,991 - INFO - Found 60 links on page 126
2025-06-05 06:41:07,991 - INFO - Scraping page 129...
2025-06-05 06:41:09,067 - INFO - Found 60 links on page 127
2025-06-05 06:41:09,068 - INFO - Scraping page 130...
2025-06-05 06:41:10,726 - INFO - Found 60 links on page 128
2025-06-05 06:41:10,726 - INFO - Scraping page 131...
2025-06-05 06:41:11,957 - INFO - Found 60 links on page 129
2025-06-05 06:41:11,957 - INFO - Scraping page 132...
2025-06-05 06:41:13,274 - INFO - Found 60 links on page 130
2025-06-05 06:41:13,274 - INFO - Scraping page 133...
2025-06-05 06:41:15,109 - INFO - Found 60 links on page 131
2025-06-05 06:41:15,109 - INFO - Scraping page 134...
2025-06-05 06:41:16,398 - INFO - Found 60 links on page 132
2025-06-05 06:41:16,398 - INFO - Scraping page 135...
2025-06-05 06:41:17,438 - INFO - Found 60 links on page 133
2025-06-05 06:41:17,439 - INFO - Scraping page 136...
2025-06-05 06:41:19,008 - INFO - Found 60 links on page 134
2025-06-05 06:41:19,008 - INFO - Scraping page 137...
2025-06-05 06:41:20,546 - INFO - Found 60 links on page 135
2025-06-05 06:41:20,546 - INFO - Scraping page 138...
2025-06-05 06:41:21,260 - INFO - Found 60 links on page 136
2025-06-05 06:41:21,261 - INFO - Scraping page 139...
2025-06-05 06:41:23,175 - INFO - Found 60 links on page 137
2025-06-05 06:41:23,175 - INFO - Scraping page 140...
2025-06-05 06:41:24,994 - INFO - Found 60 links on page 138
2025-06-05 06:41:24,994 - INFO - Scraping page 141...
2025-06-05 06:41:26,491 - INFO - Found 60 links on page 139
2025-06-05 06:41:26,491 - INFO - Scraping page 142...
2025-06-05 06:41:27,419 - INFO - Found 60 links on page 140
2025-06-05 06:41:27,419 - INFO - Scraping page 143...
2025-06-05 06:41:29,228 - INFO - Found 60 links on page 141
2025-06-05 06:41:29,229 - INFO - Scraping page 144...
2025-06-05 06:41:30,793 - INFO - Found 60 links on page 142
2025-06-05 06:41:30,793 - INFO - Scraping page 145...
2025-06-05 06:41:32,242 - INFO - Found 60 links on page 143
2025-06-05 06:41:32,242 - INFO - Scraping page 146...
2025-06-05 06:41:33,326 - INFO - Found 60 links on page 144
2025-06-05 06:41:33,326 - INFO - Scraping page 147...
2025-06-05 06:41:34,799 - INFO - Found 60 links on page 145
2025-06-05 06:41:34,799 - INFO - Scraping page 148...
2025-06-05 06:41:36,209 - INFO - Found 60 links on page 146
2025-06-05 06:41:36,209 - INFO - Scraping page 149...
2025-06-05 06:41:38,263 - INFO - Found 60 links on page 147
2025-06-05 06:41:38,263 - INFO - Scraping page 150...
2025-06-05 06:41:38,668 - INFO - Found 60 links on page 148
2025-06-05 06:41:38,669 - INFO - Scraping page 151...
2025-06-05 06:41:40,435 - INFO - Found 60 links on page 149
2025-06-05 06:41:40,435 - INFO - Scraping page 152...
2025-06-05 06:41:42,014 - INFO - Found 60 links on page 150
2025-06-05 06:41:42,015 - INFO - Scraping page 153...
2025-06-05 06:41:42,843 - INFO - Found 60 links on page 151
2025-06-05 06:41:42,843 - INFO - Scraping page 154...
2025-06-05 06:41:44,643 - INFO - Found 60 links on page 152
2025-06-05 06:41:44,643 - INFO - Scraping page 155...
2025-06-05 06:41:46,183 - INFO - Found 60 links on page 153
2025-06-05 06:41:46,183 - INFO - Scraping page 156...
2025-06-05 06:41:47,191 - INFO - Found 60 links on page 154
2025-06-05 06:41:47,191 - INFO - Scraping page 157...
2025-06-05 06:41:48,680 - INFO - Found 60 links on page 155
2025-06-05 06:41:48,680 - INFO - Scraping page 158...
2025-06-05 06:41:50,297 - INFO - Found 60 links on page 156
2025-06-05 06:41:50,297 - INFO - Scraping page 159...
2025-06-05 06:41:51,449 - INFO - Found 60 links on page 157
2025-06-05 06:41:51,450 - INFO - Scraping page 160...
2025-06-05 06:41:54,087 - INFO - Found 60 links on page 158
2025-06-05 06:41:54,087 - INFO - Scraping page 161...
2025-06-05 06:41:54,638 - INFO - Found 60 links on page 159
2025-06-05 06:41:54,638 - INFO - Scraping page 162...
2025-06-05 06:41:55,479 - INFO - Found 60 links on page 160
2025-06-05 06:41:55,480 - INFO - Scraping page 163...
2025-06-05 06:41:58,099 - INFO - Found 60 links on page 161
2025-06-05 06:41:58,100 - INFO - Scraping page 164...
2025-06-05 06:41:58,937 - INFO - Found 60 links on page 162
2025-06-05 06:41:58,937 - INFO - Scraping page 165...
2025-06-05 06:41:59,693 - INFO - Found 60 links on page 163
2025-06-05 06:41:59,693 - INFO - Scraping page 166...
2025-06-05 06:42:02,330 - INFO - Found 60 links on page 164
2025-06-05 06:42:02,330 - INFO - Scraping page 167...
2025-06-05 06:42:02,912 - INFO - Found 60 links on page 165
2025-06-05 06:42:02,913 - INFO - Scraping page 168...
2025-06-05 06:42:04,170 - INFO - Found 60 links on page 166
2025-06-05 06:42:04,170 - INFO - Scraping page 169...
2025-06-05 06:42:06,574 - INFO - Found 60 links on page 167
2025-06-05 06:42:06,574 - INFO - Scraping page 170...
2025-06-05 06:42:07,087 - INFO - Found 60 links on page 168
2025-06-05 06:42:07,087 - INFO - Scraping page 171...
2025-06-05 06:42:08,088 - INFO - Found 60 links on page 169
2025-06-05 06:42:08,088 - INFO - Scraping page 172...
2025-06-05 06:42:11,143 - INFO - Found 60 links on page 170
2025-06-05 06:42:11,149 - INFO - Scraping page 173...
2025-06-05 06:42:11,263 - INFO - Found 60 links on page 171
2025-06-05 06:42:11,263 - INFO - Scraping page 174...
2025-06-05 06:42:11,915 - INFO - Found 60 links on page 172
2025-06-05 06:42:11,915 - INFO - Scraping page 175...
2025-06-05 06:42:15,227 - INFO - Found 60 links on page 173
2025-06-05 06:42:15,228 - INFO - Scraping page 176...
2025-06-05 06:42:15,597 - INFO - Found 60 links on page 174
2025-06-05 06:42:15,597 - INFO - Scraping page 177...
2025-06-05 06:42:15,804 - INFO - Found 60 links on page 175
2025-06-05 06:42:15,804 - INFO - Scraping page 178...
2025-06-05 06:42:19,334 - INFO - Found 60 links on page 176
2025-06-05 06:42:19,334 - INFO - Scraping page 179...
2025-06-05 06:42:19,773 - INFO - Found 60 links on page 178
2025-06-05 06:42:19,773 - INFO - Scraping page 180...
2025-06-05 06:42:20,257 - INFO - Found 60 links on page 177
2025-06-05 06:42:20,258 - INFO - Scraping page 181...
2025-06-05 06:42:23,537 - INFO - Found 60 links on page 179
2025-06-05 06:42:23,537 - INFO - Scraping page 182...
2025-06-05 06:42:23,727 - INFO - Found 60 links on page 180
2025-06-05 06:42:23,727 - INFO - Scraping page 183...
2025-06-05 06:42:24,269 - INFO - Found 60 links on page 181
2025-06-05 06:42:24,270 - INFO - Scraping page 184...
2025-06-05 06:42:27,347 - INFO - Found 60 links on page 182
2025-06-05 06:42:27,347 - INFO - Scraping page 185...
2025-06-05 06:42:27,851 - INFO - Found 60 links on page 183
2025-06-05 06:42:27,851 - INFO - Scraping page 186...
2025-06-05 06:42:29,307 - INFO - Found 60 links on page 184
2025-06-05 06:42:29,308 - INFO - Scraping page 187...
2025-06-05 06:42:32,155 - INFO - Found 60 links on page 185
2025-06-05 06:42:32,160 - INFO - Scraping page 188...
2025-06-05 06:42:32,220 - INFO - Found 60 links on page 186
2025-06-05 06:42:32,220 - INFO - Scraping page 189...
2025-06-05 06:42:33,796 - INFO - Found 60 links on page 187
2025-06-05 06:42:33,797 - INFO - Scraping page 190...
2025-06-05 06:42:36,382 - INFO - Found 60 links on page 189
2025-06-05 06:42:36,393 - INFO - Scraping page 191...
2025-06-05 06:42:36,468 - INFO - Found 60 links on page 188
2025-06-05 06:42:36,468 - INFO - Scraping page 192...
2025-06-05 06:42:38,671 - INFO - Found 60 links on page 190
2025-06-05 06:42:38,671 - INFO - Scraping page 193...
2025-06-05 06:42:40,861 - INFO - Found 60 links on page 192
2025-06-05 06:42:40,872 - INFO - Scraping page 194...
2025-06-05 06:42:40,984 - INFO - Found 60 links on page 191
2025-06-05 06:42:40,984 - INFO - Scraping page 195...
2025-06-05 06:42:43,004 - INFO - Found 60 links on page 193
2025-06-05 06:42:43,004 - INFO - Scraping page 196...
2025-06-05 06:42:45,069 - INFO - Found 60 links on page 194
2025-06-05 06:42:45,079 - INFO - Scraping page 197...
2025-06-05 06:42:45,212 - INFO - Found 60 links on page 195
2025-06-05 06:42:45,212 - INFO - Scraping page 198...
2025-06-05 06:42:47,425 - INFO - Found 60 links on page 196
2025-06-05 06:42:47,425 - INFO - Scraping page 199...
2025-06-05 06:42:49,406 - INFO - Found 60 links on page 197
2025-06-05 06:42:49,406 - INFO - Scraping page 200...
2025-06-05 06:42:49,866 - INFO - Found 60 links on page 198
2025-06-05 06:42:51,639 - INFO - Found 60 links on page 199
2025-06-05 06:42:54,360 - INFO - Found 60 links on page 200
2025-06-05 06:42:54,369 - INFO - Found 468 new links to scrape out of 12000 total links
2025-06-05 06:42:54,369 - INFO - Processing batch 1/10 (50 links)
2025-06-05 06:43:00,337 - INFO - Progress: 10/50 ads processed
2025-06-05 06:43:05,321 - INFO - Progress: 20/50 ads processed
2025-06-05 06:43:10,496 - INFO - Progress: 30/50 ads processed
2025-06-05 06:43:15,952 - INFO - Progress: 40/50 ads processed
2025-06-05 06:43:21,128 - INFO - Progress: 50/50 ads processed
2025-06-05 06:43:21,198 - INFO - Created backup of existing data file at unegui_data/unegui_sales_data.csv.bak
2025-06-05 06:43:21,499 - INFO - Data saved to unegui_data/unegui_sales_data.csv: 20777 records
2025-06-05 06:43:22,194 - INFO - Cache saved with 21124 URLs
2025-06-05 06:43:22,195 - INFO - Saved batch data. Total records: 20777
2025-06-05 06:43:22,195 - INFO - Processing batch 2/10 (50 links)
2025-06-05 06:43:27,750 - INFO - Progress: 10/50 ads processed
2025-06-05 06:43:32,935 - INFO - Progress: 20/50 ads processed
2025-06-05 06:43:38,119 - INFO - Progress: 30/50 ads processed
2025-06-05 06:43:43,162 - INFO - Progress: 40/50 ads processed
2025-06-05 06:43:48,841 - INFO - Progress: 50/50 ads processed
2025-06-05 06:43:48,908 - INFO - Created backup of existing data file at unegui_data/unegui_sales_data.csv.bak
2025-06-05 06:43:49,209 - INFO - Data saved to unegui_data/unegui_sales_data.csv: 20826 records
2025-06-05 06:43:49,925 - INFO - Cache saved with 21174 URLs
2025-06-05 06:43:49,925 - INFO - Saved batch data. Total records: 20826
2025-06-05 06:43:49,925 - INFO - Processing batch 3/10 (50 links)
2025-06-05 06:43:55,405 - INFO - Progress: 10/50 ads processed
2025-06-05 06:44:00,885 - INFO - Progress: 20/50 ads processed
2025-06-05 06:44:05,692 - INFO - Progress: 30/50 ads processed
2025-06-05 06:44:11,070 - INFO - Progress: 40/50 ads processed
2025-06-05 06:44:16,649 - INFO - Progress: 50/50 ads processed
2025-06-05 06:44:16,714 - INFO - Created backup of existing data file at unegui_data/unegui_sales_data.csv.bak
2025-06-05 06:44:17,014 - INFO - Data saved to unegui_data/unegui_sales_data.csv: 20876 records
2025-06-05 06:44:17,722 - INFO - Cache saved with 21224 URLs
2025-06-05 06:44:17,722 - INFO - Saved batch data. Total records: 20876
2025-06-05 06:44:17,722 - INFO - Processing batch 4/10 (50 links)
2025-06-05 06:44:23,328 - INFO - Progress: 10/50 ads processed
2025-06-05 06:44:29,486 - INFO - Progress: 20/50 ads processed
2025-06-05 06:44:34,531 - INFO - Progress: 30/50 ads processed
2025-06-05 06:44:39,371 - INFO - Progress: 40/50 ads processed
2025-06-05 06:44:44,882 - INFO - Progress: 50/50 ads processed
2025-06-05 06:44:44,949 - INFO - Created backup of existing data file at unegui_data/unegui_sales_data.csv.bak
2025-06-05 06:44:45,250 - INFO - Data saved to unegui_data/unegui_sales_data.csv: 20924 records
2025-06-05 06:44:45,962 - INFO - Cache saved with 21274 URLs
2025-06-05 06:44:45,962 - INFO - Saved batch data. Total records: 20924
2025-06-05 06:44:45,962 - INFO - Processing batch 5/10 (50 links)
2025-06-05 06:44:51,795 - INFO - Progress: 10/50 ads processed
2025-06-05 06:44:56,813 - INFO - Progress: 20/50 ads processed
2025-06-05 06:45:01,991 - INFO - Progress: 30/50 ads processed
2025-06-05 06:45:07,072 - INFO - Progress: 40/50 ads processed
2025-06-05 06:45:12,672 - INFO - Progress: 50/50 ads processed
2025-06-05 06:45:12,740 - INFO - Created backup of existing data file at unegui_data/unegui_sales_data.csv.bak
2025-06-05 06:45:13,049 - INFO - Data saved to unegui_data/unegui_sales_data.csv: 20973 records
2025-06-05 06:45:13,763 - INFO - Cache saved with 21324 URLs
2025-06-05 06:45:13,763 - INFO - Saved batch data. Total records: 20973
2025-06-05 06:45:13,763 - INFO - Processing batch 6/10 (50 links)
2025-06-05 06:45:19,670 - INFO - Progress: 10/50 ads processed
2025-06-05 06:45:25,617 - INFO - Progress: 20/50 ads processed
2025-06-05 06:45:30,326 - INFO - Progress: 30/50 ads processed
2025-06-05 06:45:35,519 - INFO - Progress: 40/50 ads processed
2025-06-05 06:45:40,642 - INFO - Progress: 50/50 ads processed
2025-06-05 06:45:40,712 - INFO - Created backup of existing data file at unegui_data/unegui_sales_data.csv.bak
2025-06-05 06:45:41,018 - INFO - Data saved to unegui_data/unegui_sales_data.csv: 21023 records
2025-06-05 06:45:41,733 - INFO - Cache saved with 21374 URLs
2025-06-05 06:45:41,734 - INFO - Saved batch data. Total records: 21023
2025-06-05 06:45:41,734 - INFO - Processing batch 7/10 (50 links)
2025-06-05 06:45:47,164 - INFO - Progress: 10/50 ads processed
2025-06-05 06:45:52,281 - INFO - Progress: 20/50 ads processed
2025-06-05 06:45:57,653 - INFO - Progress: 30/50 ads processed
2025-06-05 06:46:03,507 - INFO - Progress: 40/50 ads processed
2025-06-05 06:46:08,771 - INFO - Progress: 50/50 ads processed
2025-06-05 06:46:08,843 - INFO - Created backup of existing data file at unegui_data/unegui_sales_data.csv.bak
2025-06-05 06:46:09,149 - INFO - Data saved to unegui_data/unegui_sales_data.csv: 21071 records
2025-06-05 06:46:09,862 - INFO - Cache saved with 21423 URLs
2025-06-05 06:46:09,862 - INFO - Saved batch data. Total records: 21072
2025-06-05 06:46:09,862 - INFO - Processing batch 8/10 (50 links)
2025-06-05 06:46:15,210 - INFO - Progress: 10/50 ads processed
2025-06-05 06:46:21,203 - INFO - Progress: 20/50 ads processed
2025-06-05 06:46:26,369 - INFO - Progress: 30/50 ads processed
2025-06-05 06:46:31,578 - INFO - Progress: 40/50 ads processed
2025-06-05 06:46:36,892 - INFO - Progress: 50/50 ads processed
2025-06-05 06:46:36,962 - INFO - Created backup of existing data file at unegui_data/unegui_sales_data.csv.bak
2025-06-05 06:46:37,269 - INFO - Data saved to unegui_data/unegui_sales_data.csv: 21121 records
2025-06-05 06:46:37,983 - INFO - Cache saved with 21473 URLs
2025-06-05 06:46:37,983 - INFO - Saved batch data. Total records: 21122
2025-06-05 06:46:37,984 - INFO - Processing batch 9/10 (50 links)
2025-06-05 06:46:43,498 - INFO - Progress: 10/50 ads processed
2025-06-05 06:46:49,072 - INFO - Progress: 20/50 ads processed
2025-06-05 06:46:53,962 - INFO - Progress: 30/50 ads processed
2025-06-05 06:46:59,327 - INFO - Progress: 40/50 ads processed
2025-06-05 06:47:05,330 - INFO - Progress: 50/50 ads processed
2025-06-05 06:47:05,401 - INFO - Created backup of existing data file at unegui_data/unegui_sales_data.csv.bak
2025-06-05 06:47:05,707 - INFO - Data saved to unegui_data/unegui_sales_data.csv: 21171 records
2025-06-05 06:47:06,418 - INFO - Cache saved with 21523 URLs
2025-06-05 06:47:06,418 - INFO - Saved batch data. Total records: 21172
2025-06-05 06:47:06,419 - INFO - Processing batch 10/10 (18 links)
2025-06-05 06:47:11,676 - INFO - Progress: 10/18 ads processed
2025-06-05 06:47:17,178 - INFO - Progress: 18/18 ads processed
2025-06-05 06:47:17,248 - INFO - Created backup of existing data file at unegui_data/unegui_sales_data.csv.bak
2025-06-05 06:47:17,556 - INFO - Data saved to unegui_data/unegui_sales_data.csv: 21189 records
2025-06-05 06:47:18,278 - INFO - Cache saved with 21541 URLs
2025-06-05 06:47:18,278 - INFO - Saved batch data. Total records: 21190
2025-06-05 06:47:18,278 - INFO - Scraping completed in 0:09:12.427775. Total ads collected: 21190
