2025-05-10 14:17:48,283 - INFO - Starting sales apartment scraper at 2025-05-10 14:17:48.283680
2025-05-10 14:17:48,283 - INFO - No existing data file found at unegui_data/unegui_sales_data.csv
2025-05-10 14:17:48,286 - INFO - Scraping page 1...
2025-05-10 14:17:48,287 - INFO - Scraping page 2...
2025-05-10 14:17:52,862 - INFO - Found 60 links on page 1
2025-05-10 14:17:53,506 - INFO - Found 60 links on page 2
2025-05-10 14:17:53,506 - INFO - Found 120 new links to scrape out of 120 total links
2025-05-10 14:17:53,506 - INFO - Processing batch 1/3 (50 links)
2025-05-10 14:17:59,408 - INFO - Progress: 10/50 ads processed
2025-05-10 14:18:04,351 - INFO - Progress: 20/50 ads processed
2025-05-10 14:18:09,269 - INFO - Progress: 30/50 ads processed
2025-05-10 14:18:14,519 - INFO - Progress: 40/50 ads processed
2025-05-10 14:18:20,322 - INFO - Progress: 50/50 ads processed
2025-05-10 14:18:20,339 - INFO - Data saved to unegui_data/unegui_sales_data.csv: 50 records
2025-05-10 14:18:20,341 - INFO - Cache saved with 50 URLs
2025-05-10 14:18:20,341 - INFO - Saved batch data. Total records: 50
2025-05-10 14:18:20,341 - INFO - Processing batch 2/3 (50 links)
2025-05-10 14:18:25,346 - INFO - Progress: 10/50 ads processed
2025-05-10 14:18:30,398 - INFO - Progress: 20/50 ads processed
2025-05-10 14:18:35,754 - INFO - Progress: 30/50 ads processed
2025-05-10 14:18:41,167 - INFO - Progress: 40/50 ads processed
2025-05-10 14:18:46,448 - INFO - Progress: 50/50 ads processed
2025-05-10 14:18:46,450 - INFO - Created backup of existing data file at unegui_data/unegui_sales_data.csv.bak
2025-05-10 14:18:46,452 - INFO - Data saved to unegui_data/unegui_sales_data.csv: 97 records
2025-05-10 14:18:46,456 - INFO - Cache saved with 100 URLs
2025-05-10 14:18:46,456 - INFO - Saved batch data. Total records: 97
2025-05-10 14:18:46,456 - INFO - Processing batch 3/3 (20 links)
2025-05-10 14:18:51,733 - INFO - Progress: 10/20 ads processed
2025-05-10 14:18:57,291 - INFO - Progress: 20/20 ads processed
2025-05-10 14:18:57,293 - INFO - Created backup of existing data file at unegui_data/unegui_sales_data.csv.bak
2025-05-10 14:18:57,295 - INFO - Data saved to unegui_data/unegui_sales_data.csv: 115 records
2025-05-10 14:18:57,300 - INFO - Cache saved with 120 URLs
2025-05-10 14:18:57,300 - INFO - Saved batch data. Total records: 115
2025-05-10 14:18:57,300 - INFO - Scraping completed in 0:01:09.016836. Total ads collected: 115
