2025-06-13 06:37:35,166 - INFO - Starting sales apartment scraper at 2025-06-13 06:37:35.166766
2025-06-13 06:37:35,512 - INFO - Loaded existing data from unegui_data/unegui_sales_data.csv: 23524 records
2025-06-13 06:37:35,787 - INFO - Loaded 23524 existing records
2025-06-13 06:37:35,803 - INFO - Scraping page 1...
2025-06-13 06:37:35,804 - INFO - Scraping page 2...
2025-06-13 06:37:35,804 - INFO - Scraping page 3...
2025-06-13 06:37:40,113 - INFO - Found 60 links on page 3
2025-06-13 06:37:40,118 - INFO - Scraping page 4...
2025-06-13 06:37:40,228 - INFO - Found 60 links on page 2
2025-06-13 06:37:40,233 - INFO - Scraping page 5...
2025-06-13 06:37:40,389 - INFO - Found 60 links on page 1
2025-06-13 06:37:40,389 - INFO - Scraping page 6...
2025-06-13 06:37:44,083 - INFO - Found 60 links on page 4
2025-06-13 06:37:44,083 - INFO - Scraping page 7...
2025-06-13 06:37:44,862 - INFO - Found 60 links on page 6
2025-06-13 06:37:44,862 - INFO - Scraping page 8...
2025-06-13 06:37:45,171 - INFO - Found 60 links on page 5
2025-06-13 06:37:45,172 - INFO - Scraping page 9...
2025-06-13 06:37:48,407 - INFO - Found 60 links on page 7
2025-06-13 06:37:48,407 - INFO - Scraping page 10...
2025-06-13 06:37:49,138 - INFO - Found 60 links on page 8
2025-06-13 06:37:49,138 - INFO - Scraping page 11...
2025-06-13 06:37:49,700 - INFO - Found 60 links on page 9
2025-06-13 06:37:49,700 - INFO - Scraping page 12...
2025-06-13 06:37:52,684 - INFO - Found 60 links on page 10
2025-06-13 06:37:52,684 - INFO - Scraping page 13...
2025-06-13 06:37:53,521 - INFO - Found 60 links on page 11
2025-06-13 06:37:53,527 - INFO - Scraping page 14...
2025-06-13 06:37:53,734 - INFO - Found 60 links on page 12
2025-06-13 06:37:53,735 - INFO - Scraping page 15...
2025-06-13 06:37:57,264 - INFO - Found 60 links on page 13
2025-06-13 06:37:57,264 - INFO - Scraping page 16...
2025-06-13 06:37:57,744 - INFO - Found 60 links on page 15
2025-06-13 06:37:57,744 - INFO - Scraping page 17...
2025-06-13 06:37:57,982 - INFO - Found 60 links on page 14
2025-06-13 06:37:57,982 - INFO - Scraping page 18...
2025-06-13 06:38:01,821 - INFO - Found 60 links on page 16
2025-06-13 06:38:01,821 - INFO - Scraping page 19...
2025-06-13 06:38:02,236 - INFO - Found 60 links on page 17
2025-06-13 06:38:02,236 - INFO - Scraping page 20...
2025-06-13 06:38:02,498 - INFO - Found 60 links on page 18
2025-06-13 06:38:02,498 - INFO - Scraping page 21...
2025-06-13 06:38:06,179 - INFO - Found 60 links on page 19
2025-06-13 06:38:06,179 - INFO - Scraping page 22...
2025-06-13 06:38:06,385 - INFO - Found 60 links on page 20
2025-06-13 06:38:06,385 - INFO - Scraping page 23...
2025-06-13 06:38:06,926 - INFO - Found 60 links on page 21
2025-06-13 06:38:06,926 - INFO - Scraping page 24...
2025-06-13 06:38:10,859 - INFO - Found 60 links on page 22
2025-06-13 06:38:10,859 - INFO - Scraping page 25...
2025-06-13 06:38:11,466 - INFO - Found 60 links on page 24
2025-06-13 06:38:11,471 - INFO - Scraping page 26...
2025-06-13 06:38:11,658 - INFO - Found 60 links on page 23
2025-06-13 06:38:11,659 - INFO - Scraping page 27...
2025-06-13 06:38:15,148 - INFO - Found 60 links on page 25
2025-06-13 06:38:15,148 - INFO - Scraping page 28...
2025-06-13 06:38:15,456 - INFO - Found 60 links on page 26
2025-06-13 06:38:15,456 - INFO - Scraping page 29...
2025-06-13 06:38:16,374 - INFO - Found 60 links on page 27
2025-06-13 06:38:16,374 - INFO - Scraping page 30...
2025-06-13 06:38:19,756 - INFO - Found 60 links on page 28
2025-06-13 06:38:19,756 - INFO - Scraping page 31...
2025-06-13 06:38:20,026 - INFO - Found 60 links on page 29
2025-06-13 06:38:20,026 - INFO - Scraping page 32...
2025-06-13 06:38:20,847 - INFO - Found 60 links on page 30
2025-06-13 06:38:20,847 - INFO - Scraping page 33...
2025-06-13 06:38:24,585 - INFO - Found 60 links on page 32
2025-06-13 06:38:24,585 - INFO - Scraping page 34...
2025-06-13 06:38:24,792 - INFO - Found 60 links on page 31
2025-06-13 06:38:24,792 - INFO - Scraping page 35...
2025-06-13 06:38:25,194 - INFO - Found 60 links on page 33
2025-06-13 06:38:25,194 - INFO - Scraping page 36...
2025-06-13 06:38:28,696 - INFO - Found 60 links on page 35
2025-06-13 06:38:28,696 - INFO - Scraping page 37...
2025-06-13 06:38:28,985 - INFO - Found 60 links on page 36
2025-06-13 06:38:28,990 - INFO - Scraping page 38...
2025-06-13 06:38:29,171 - INFO - Found 60 links on page 34
2025-06-13 06:38:29,171 - INFO - Scraping page 39...
2025-06-13 06:38:32,508 - INFO - Found 60 links on page 37
2025-06-13 06:38:32,508 - INFO - Scraping page 40...
2025-06-13 06:38:32,896 - INFO - Found 60 links on page 38
2025-06-13 06:38:32,906 - INFO - Scraping page 41...
2025-06-13 06:38:32,987 - INFO - Found 60 links on page 39
2025-06-13 06:38:32,987 - INFO - Scraping page 42...
2025-06-13 06:38:36,434 - INFO - Found 60 links on page 40
2025-06-13 06:38:36,445 - INFO - Scraping page 43...
2025-06-13 06:38:36,625 - INFO - Found 60 links on page 42
2025-06-13 06:38:36,625 - INFO - Scraping page 44...
2025-06-13 06:38:36,940 - INFO - Found 60 links on page 41
2025-06-13 06:38:36,940 - INFO - Scraping page 45...
2025-06-13 06:38:40,380 - INFO - Found 60 links on page 43
2025-06-13 06:38:40,380 - INFO - Scraping page 46...
2025-06-13 06:38:40,614 - INFO - Found 60 links on page 44
2025-06-13 06:38:40,614 - INFO - Scraping page 47...
2025-06-13 06:38:40,920 - INFO - Found 60 links on page 45
2025-06-13 06:38:40,920 - INFO - Scraping page 48...
2025-06-13 06:38:44,075 - INFO - Found 60 links on page 46
2025-06-13 06:38:44,075 - INFO - Scraping page 49...
2025-06-13 06:38:44,370 - INFO - Found 60 links on page 47
2025-06-13 06:38:44,370 - INFO - Scraping page 50...
2025-06-13 06:38:44,890 - INFO - Found 60 links on page 48
2025-06-13 06:38:44,890 - INFO - Scraping page 51...
2025-06-13 06:38:48,116 - INFO - Found 60 links on page 50
2025-06-13 06:38:48,116 - INFO - Scraping page 52...
2025-06-13 06:38:48,659 - INFO - Found 60 links on page 49
2025-06-13 06:38:48,660 - INFO - Scraping page 53...
2025-06-13 06:38:48,871 - INFO - Found 60 links on page 51
2025-06-13 06:38:48,871 - INFO - Scraping page 54...
2025-06-13 06:38:51,955 - INFO - Found 60 links on page 52
2025-06-13 06:38:51,955 - INFO - Scraping page 55...
2025-06-13 06:38:52,734 - INFO - Found 60 links on page 53
2025-06-13 06:38:52,744 - INFO - Scraping page 56...
2025-06-13 06:38:52,898 - INFO - Found 60 links on page 54
2025-06-13 06:38:52,899 - INFO - Scraping page 57...
2025-06-13 06:38:55,666 - INFO - Found 60 links on page 55
2025-06-13 06:38:55,666 - INFO - Scraping page 58...
2025-06-13 06:38:56,561 - INFO - Found 60 links on page 56
2025-06-13 06:38:56,561 - INFO - Scraping page 59...
2025-06-13 06:38:57,464 - INFO - Found 60 links on page 57
2025-06-13 06:38:57,464 - INFO - Scraping page 60...
2025-06-13 06:38:59,829 - INFO - Found 60 links on page 58
2025-06-13 06:38:59,829 - INFO - Scraping page 61...
2025-06-13 06:39:00,707 - INFO - Found 60 links on page 59
2025-06-13 06:39:00,707 - INFO - Scraping page 62...
2025-06-13 06:39:01,553 - INFO - Found 60 links on page 60
2025-06-13 06:39:01,554 - INFO - Scraping page 63...
2025-06-13 06:39:03,996 - INFO - Found 60 links on page 61
2025-06-13 06:39:03,996 - INFO - Scraping page 64...
2025-06-13 06:39:04,660 - INFO - Found 60 links on page 62
2025-06-13 06:39:04,660 - INFO - Scraping page 65...
2025-06-13 06:39:05,190 - INFO - Found 60 links on page 63
2025-06-13 06:39:05,190 - INFO - Scraping page 66...
2025-06-13 06:39:08,150 - INFO - Found 60 links on page 64
2025-06-13 06:39:08,150 - INFO - Scraping page 67...
2025-06-13 06:39:08,598 - INFO - Found 60 links on page 65
2025-06-13 06:39:08,598 - INFO - Scraping page 68...
2025-06-13 06:39:09,357 - INFO - Found 60 links on page 66
2025-06-13 06:39:09,357 - INFO - Scraping page 69...
2025-06-13 06:39:12,169 - INFO - Found 60 links on page 68
2025-06-13 06:39:12,170 - INFO - Scraping page 70...
2025-06-13 06:39:12,855 - INFO - Found 60 links on page 67
2025-06-13 06:39:12,855 - INFO - Scraping page 71...
2025-06-13 06:39:13,510 - INFO - Found 60 links on page 69
2025-06-13 06:39:13,510 - INFO - Scraping page 72...
2025-06-13 06:39:16,825 - INFO - Found 60 links on page 71
2025-06-13 06:39:16,825 - INFO - Scraping page 73...
2025-06-13 06:39:17,142 - INFO - Found 60 links on page 70
2025-06-13 06:39:17,142 - INFO - Scraping page 74...
2025-06-13 06:39:17,350 - INFO - Found 60 links on page 72
2025-06-13 06:39:17,350 - INFO - Scraping page 75...
2025-06-13 06:39:20,969 - INFO - Found 60 links on page 73
2025-06-13 06:39:20,969 - INFO - Scraping page 76...
2025-06-13 06:39:21,245 - INFO - Found 60 links on page 74
2025-06-13 06:39:21,245 - INFO - Scraping page 77...
2025-06-13 06:39:22,074 - INFO - Found 60 links on page 75
2025-06-13 06:39:22,074 - INFO - Scraping page 78...
2025-06-13 06:39:25,194 - INFO - Found 60 links on page 76
2025-06-13 06:39:25,205 - INFO - Scraping page 79...
2025-06-13 06:39:25,381 - INFO - Found 60 links on page 77
2025-06-13 06:39:25,382 - INFO - Scraping page 80...
2025-06-13 06:39:25,611 - INFO - Found 60 links on page 78
2025-06-13 06:39:25,611 - INFO - Scraping page 81...
2025-06-13 06:39:29,252 - INFO - Found 60 links on page 79
2025-06-13 06:39:29,253 - INFO - Scraping page 82...
2025-06-13 06:39:29,485 - INFO - Found 60 links on page 80
2025-06-13 06:39:29,491 - INFO - Scraping page 83...
2025-06-13 06:39:29,724 - INFO - Found 60 links on page 81
2025-06-13 06:39:29,724 - INFO - Scraping page 84...
2025-06-13 06:39:33,467 - INFO - Found 60 links on page 82
2025-06-13 06:39:33,472 - INFO - Scraping page 85...
2025-06-13 06:39:33,632 - INFO - Found 60 links on page 83
2025-06-13 06:39:33,637 - INFO - Scraping page 86...
2025-06-13 06:39:33,820 - INFO - Found 60 links on page 84
2025-06-13 06:39:33,820 - INFO - Scraping page 87...
2025-06-13 06:39:37,239 - INFO - Found 60 links on page 85
2025-06-13 06:39:37,239 - INFO - Scraping page 88...
2025-06-13 06:39:37,858 - INFO - Found 60 links on page 86
2025-06-13 06:39:37,858 - INFO - Scraping page 89...
2025-06-13 06:39:38,423 - INFO - Found 60 links on page 87
2025-06-13 06:39:38,423 - INFO - Scraping page 90...
2025-06-13 06:39:41,608 - INFO - Found 60 links on page 88
2025-06-13 06:39:41,608 - INFO - Scraping page 91...
2025-06-13 06:39:42,283 - INFO - Found 60 links on page 89
2025-06-13 06:39:42,288 - INFO - Scraping page 92...
2025-06-13 06:39:42,430 - INFO - Found 60 links on page 90
2025-06-13 06:39:42,430 - INFO - Scraping page 93...
2025-06-13 06:39:46,185 - INFO - Found 60 links on page 91
2025-06-13 06:39:46,190 - INFO - Scraping page 94...
2025-06-13 06:39:46,443 - INFO - Found 60 links on page 93
2025-06-13 06:39:46,448 - INFO - Scraping page 95...
2025-06-13 06:39:46,619 - INFO - Found 60 links on page 92
2025-06-13 06:39:46,619 - INFO - Scraping page 96...
2025-06-13 06:39:50,294 - INFO - Found 60 links on page 94
2025-06-13 06:39:50,294 - INFO - Scraping page 97...
2025-06-13 06:39:50,598 - INFO - Found 60 links on page 96
2025-06-13 06:39:50,598 - INFO - Scraping page 98...
2025-06-13 06:39:50,965 - INFO - Found 60 links on page 95
2025-06-13 06:39:50,965 - INFO - Scraping page 99...
2025-06-13 06:39:54,397 - INFO - Found 60 links on page 97
2025-06-13 06:39:54,397 - INFO - Scraping page 100...
2025-06-13 06:39:54,664 - INFO - Found 60 links on page 98
2025-06-13 06:39:54,664 - INFO - Scraping page 101...
2025-06-13 06:39:55,048 - INFO - Found 60 links on page 99
2025-06-13 06:39:55,048 - INFO - Scraping page 102...
2025-06-13 06:39:58,325 - INFO - Found 60 links on page 100
2025-06-13 06:39:58,325 - INFO - Scraping page 103...
2025-06-13 06:39:58,778 - INFO - Found 60 links on page 101
2025-06-13 06:39:58,788 - INFO - Scraping page 104...
2025-06-13 06:39:58,918 - INFO - Found 60 links on page 102
2025-06-13 06:39:58,918 - INFO - Scraping page 105...
2025-06-13 06:40:02,776 - INFO - Found 60 links on page 103
2025-06-13 06:40:02,782 - INFO - Scraping page 106...
2025-06-13 06:40:02,966 - INFO - Found 60 links on page 104
2025-06-13 06:40:02,967 - INFO - Scraping page 107...
2025-06-13 06:40:03,687 - INFO - Found 60 links on page 105
2025-06-13 06:40:03,687 - INFO - Scraping page 108...
2025-06-13 06:40:07,193 - INFO - Found 60 links on page 107
2025-06-13 06:40:07,193 - INFO - Scraping page 109...
2025-06-13 06:40:07,457 - INFO - Found 60 links on page 108
2025-06-13 06:40:07,457 - INFO - Scraping page 110...
2025-06-13 06:40:07,725 - INFO - Found 60 links on page 106
2025-06-13 06:40:07,725 - INFO - Scraping page 111...
2025-06-13 06:40:11,109 - INFO - Found 60 links on page 109
2025-06-13 06:40:11,109 - INFO - Scraping page 112...
2025-06-13 06:40:11,444 - INFO - Found 60 links on page 110
2025-06-13 06:40:11,444 - INFO - Scraping page 113...
2025-06-13 06:40:11,996 - INFO - Found 60 links on page 111
2025-06-13 06:40:11,996 - INFO - Scraping page 114...
2025-06-13 06:40:15,012 - INFO - Found 60 links on page 112
2025-06-13 06:40:15,012 - INFO - Scraping page 115...
2025-06-13 06:40:16,111 - INFO - Found 60 links on page 113
2025-06-13 06:40:16,111 - INFO - Scraping page 116...
2025-06-13 06:40:16,565 - INFO - Found 60 links on page 114
2025-06-13 06:40:16,565 - INFO - Scraping page 117...
2025-06-13 06:40:19,128 - INFO - Found 60 links on page 115
2025-06-13 06:40:19,128 - INFO - Scraping page 118...
2025-06-13 06:40:20,522 - INFO - Found 60 links on page 116
2025-06-13 06:40:20,522 - INFO - Scraping page 119...
2025-06-13 06:40:20,932 - INFO - Found 60 links on page 117
2025-06-13 06:40:20,932 - INFO - Scraping page 120...
2025-06-13 06:40:23,054 - INFO - Found 60 links on page 118
2025-06-13 06:40:23,054 - INFO - Scraping page 121...
2025-06-13 06:40:25,178 - INFO - Found 60 links on page 119
2025-06-13 06:40:25,178 - INFO - Scraping page 122...
2025-06-13 06:40:25,506 - INFO - Found 60 links on page 120
2025-06-13 06:40:25,506 - INFO - Scraping page 123...
2025-06-13 06:40:27,797 - INFO - Found 60 links on page 121
2025-06-13 06:40:27,797 - INFO - Scraping page 124...
2025-06-13 06:40:29,137 - INFO - Found 60 links on page 122
2025-06-13 06:40:29,138 - INFO - Scraping page 125...
2025-06-13 06:40:29,518 - INFO - Found 60 links on page 123
2025-06-13 06:40:29,519 - INFO - Scraping page 126...
2025-06-13 06:40:31,721 - INFO - Found 60 links on page 124
2025-06-13 06:40:31,721 - INFO - Scraping page 127...
2025-06-13 06:40:33,286 - INFO - Found 60 links on page 125
2025-06-13 06:40:33,292 - INFO - Scraping page 128...
2025-06-13 06:40:33,484 - INFO - Found 60 links on page 126
2025-06-13 06:40:33,484 - INFO - Scraping page 129...
2025-06-13 06:40:35,539 - INFO - Found 60 links on page 127
2025-06-13 06:40:35,540 - INFO - Scraping page 130...
2025-06-13 06:40:37,265 - INFO - Found 60 links on page 129
2025-06-13 06:40:37,265 - INFO - Scraping page 131...
2025-06-13 06:40:37,673 - INFO - Found 60 links on page 128
2025-06-13 06:40:37,673 - INFO - Scraping page 132...
2025-06-13 06:40:39,776 - INFO - Found 60 links on page 130
2025-06-13 06:40:39,776 - INFO - Scraping page 133...
2025-06-13 06:40:41,509 - INFO - Found 60 links on page 131
2025-06-13 06:40:41,509 - INFO - Scraping page 134...
2025-06-13 06:40:41,707 - INFO - Found 60 links on page 132
2025-06-13 06:40:41,708 - INFO - Scraping page 135...
2025-06-13 06:40:43,995 - INFO - Found 60 links on page 133
2025-06-13 06:40:43,995 - INFO - Scraping page 136...
2025-06-13 06:40:46,077 - INFO - Found 60 links on page 134
2025-06-13 06:40:46,087 - INFO - Scraping page 137...
2025-06-13 06:40:46,289 - INFO - Found 60 links on page 135
2025-06-13 06:40:46,290 - INFO - Scraping page 138...
2025-06-13 06:40:48,162 - INFO - Found 60 links on page 136
2025-06-13 06:40:48,163 - INFO - Scraping page 139...
2025-06-13 06:40:50,445 - INFO - Found 60 links on page 138
2025-06-13 06:40:50,450 - INFO - Scraping page 140...
2025-06-13 06:40:50,499 - INFO - Found 60 links on page 137
2025-06-13 06:40:50,499 - INFO - Scraping page 141...
2025-06-13 06:40:52,081 - INFO - Found 60 links on page 139
2025-06-13 06:40:52,082 - INFO - Scraping page 142...
2025-06-13 06:40:54,422 - INFO - Found 60 links on page 141
2025-06-13 06:40:54,432 - INFO - Scraping page 143...
2025-06-13 06:40:54,610 - INFO - Found 60 links on page 140
2025-06-13 06:40:54,611 - INFO - Scraping page 144...
2025-06-13 06:40:56,064 - INFO - Found 60 links on page 142
2025-06-13 06:40:56,064 - INFO - Scraping page 145...
2025-06-13 06:40:58,721 - INFO - Found 60 links on page 144
2025-06-13 06:40:58,721 - INFO - Scraping page 146...
2025-06-13 06:40:59,420 - INFO - Found 60 links on page 143
2025-06-13 06:40:59,420 - INFO - Scraping page 147...
2025-06-13 06:41:00,214 - INFO - Found 60 links on page 145
2025-06-13 06:41:00,214 - INFO - Scraping page 148...
2025-06-13 06:41:02,506 - INFO - Found 60 links on page 146
2025-06-13 06:41:02,506 - INFO - Scraping page 149...
2025-06-13 06:41:03,926 - INFO - Found 60 links on page 147
2025-06-13 06:41:03,926 - INFO - Scraping page 150...
2025-06-13 06:41:04,456 - INFO - Found 60 links on page 148
2025-06-13 06:41:04,457 - INFO - Scraping page 151...
2025-06-13 06:41:06,591 - INFO - Found 60 links on page 149
2025-06-13 06:41:06,591 - INFO - Scraping page 152...
2025-06-13 06:41:07,900 - INFO - Found 60 links on page 150
2025-06-13 06:41:07,900 - INFO - Scraping page 153...
2025-06-13 06:41:08,608 - INFO - Found 60 links on page 151
2025-06-13 06:41:08,608 - INFO - Scraping page 154...
2025-06-13 06:41:10,736 - INFO - Found 60 links on page 152
2025-06-13 06:41:10,736 - INFO - Scraping page 155...
2025-06-13 06:41:11,849 - INFO - Found 60 links on page 153
2025-06-13 06:41:11,849 - INFO - Scraping page 156...
2025-06-13 06:41:12,424 - INFO - Found 60 links on page 154
2025-06-13 06:41:12,424 - INFO - Scraping page 157...
2025-06-13 06:41:14,806 - INFO - Found 60 links on page 155
2025-06-13 06:41:14,807 - INFO - Scraping page 158...
2025-06-13 06:41:15,885 - INFO - Found 60 links on page 156
2025-06-13 06:41:15,885 - INFO - Scraping page 159...
2025-06-13 06:41:16,400 - INFO - Found 60 links on page 157
2025-06-13 06:41:16,400 - INFO - Scraping page 160...
2025-06-13 06:41:18,847 - INFO - Found 60 links on page 158
2025-06-13 06:41:18,848 - INFO - Scraping page 161...
2025-06-13 06:41:20,578 - INFO - Found 60 links on page 160
2025-06-13 06:41:20,578 - INFO - Scraping page 162...
2025-06-13 06:41:21,289 - INFO - Found 60 links on page 159
2025-06-13 06:41:21,290 - INFO - Scraping page 163...
2025-06-13 06:41:22,880 - INFO - Found 60 links on page 161
2025-06-13 06:41:22,880 - INFO - Scraping page 164...
2025-06-13 06:41:24,460 - INFO - Found 60 links on page 162
2025-06-13 06:41:24,460 - INFO - Scraping page 165...
2025-06-13 06:41:25,219 - INFO - Found 60 links on page 163
2025-06-13 06:41:25,220 - INFO - Scraping page 166...
2025-06-13 06:41:26,764 - INFO - Found 60 links on page 164
2025-06-13 06:41:26,764 - INFO - Scraping page 167...
2025-06-13 06:41:28,856 - INFO - Found 60 links on page 165
2025-06-13 06:41:28,856 - INFO - Scraping page 168...
2025-06-13 06:41:29,598 - INFO - Found 60 links on page 166
2025-06-13 06:41:29,598 - INFO - Scraping page 169...
2025-06-13 06:41:30,893 - INFO - Found 60 links on page 167
2025-06-13 06:41:30,893 - INFO - Scraping page 170...
2025-06-13 06:41:33,103 - INFO - Found 60 links on page 168
2025-06-13 06:41:33,103 - INFO - Scraping page 171...
2025-06-13 06:41:33,903 - INFO - Found 60 links on page 169
2025-06-13 06:41:33,904 - INFO - Scraping page 172...
2025-06-13 06:41:34,675 - INFO - Found 60 links on page 170
2025-06-13 06:41:34,675 - INFO - Scraping page 173...
2025-06-13 06:41:37,029 - INFO - Found 60 links on page 171
2025-06-13 06:41:37,029 - INFO - Scraping page 174...
2025-06-13 06:41:38,540 - INFO - Found 60 links on page 172
2025-06-13 06:41:38,546 - INFO - Scraping page 175...
2025-06-13 06:41:38,651 - INFO - Found 60 links on page 173
2025-06-13 06:41:38,651 - INFO - Scraping page 176...
2025-06-13 06:41:41,030 - INFO - Found 60 links on page 174
2025-06-13 06:41:41,030 - INFO - Scraping page 177...
2025-06-13 06:41:42,530 - INFO - Found 60 links on page 175
2025-06-13 06:41:42,530 - INFO - Scraping page 178...
2025-06-13 06:41:42,857 - INFO - Found 60 links on page 176
2025-06-13 06:41:42,857 - INFO - Scraping page 179...
2025-06-13 06:41:45,773 - INFO - Found 60 links on page 177
2025-06-13 06:41:45,773 - INFO - Scraping page 180...
2025-06-13 06:41:46,329 - INFO - Found 60 links on page 178
2025-06-13 06:41:46,329 - INFO - Scraping page 181...
2025-06-13 06:41:47,756 - INFO - Found 60 links on page 179
2025-06-13 06:41:47,756 - INFO - Scraping page 182...
2025-06-13 06:41:50,030 - INFO - Found 60 links on page 180
2025-06-13 06:41:50,030 - INFO - Scraping page 183...
2025-06-13 06:41:50,225 - INFO - Found 60 links on page 181
2025-06-13 06:41:50,225 - INFO - Scraping page 184...
2025-06-13 06:41:51,570 - INFO - Found 60 links on page 182
2025-06-13 06:41:51,570 - INFO - Scraping page 185...
2025-06-13 06:41:54,466 - INFO - Found 60 links on page 184
2025-06-13 06:41:54,466 - INFO - Scraping page 186...
2025-06-13 06:41:54,681 - INFO - Found 60 links on page 183
2025-06-13 06:41:54,681 - INFO - Scraping page 187...
2025-06-13 06:41:55,357 - INFO - Found 60 links on page 185
2025-06-13 06:41:55,357 - INFO - Scraping page 188...
2025-06-13 06:41:58,420 - INFO - Found 60 links on page 186
2025-06-13 06:41:58,426 - INFO - Scraping page 189...
2025-06-13 06:41:58,604 - INFO - Found 60 links on page 187
2025-06-13 06:41:58,604 - INFO - Scraping page 190...
2025-06-13 06:41:59,482 - INFO - Found 60 links on page 188
2025-06-13 06:41:59,482 - INFO - Scraping page 191...
2025-06-13 06:42:02,264 - INFO - Found 60 links on page 189
2025-06-13 06:42:02,264 - INFO - Scraping page 192...
2025-06-13 06:42:02,741 - INFO - Found 60 links on page 190
2025-06-13 06:42:02,742 - INFO - Scraping page 193...
2025-06-13 06:42:03,428 - INFO - Found 60 links on page 191
2025-06-13 06:42:03,428 - INFO - Scraping page 194...
2025-06-13 06:42:06,355 - INFO - Found 60 links on page 192
2025-06-13 06:42:06,355 - INFO - Scraping page 195...
2025-06-13 06:42:07,294 - INFO - Found 60 links on page 193
2025-06-13 06:42:07,294 - INFO - Scraping page 196...
2025-06-13 06:42:07,502 - INFO - Found 60 links on page 194
2025-06-13 06:42:07,502 - INFO - Scraping page 197...
2025-06-13 06:42:10,778 - INFO - Found 60 links on page 195
2025-06-13 06:42:10,779 - INFO - Scraping page 198...
2025-06-13 06:42:11,751 - INFO - Found 60 links on page 196
2025-06-13 06:42:11,761 - INFO - Scraping page 199...
2025-06-13 06:42:11,887 - INFO - Found 60 links on page 197
2025-06-13 06:42:11,888 - INFO - Scraping page 200...
2025-06-13 06:42:14,835 - INFO - Found 60 links on page 198
2025-06-13 06:42:15,432 - INFO - Found 60 links on page 199
2025-06-13 06:42:15,954 - INFO - Found 60 links on page 200
2025-06-13 06:42:15,962 - INFO - Found 411 new links to scrape out of 12000 total links
2025-06-13 06:42:15,962 - INFO - Processing batch 1/9 (50 links)
2025-06-13 06:42:21,883 - INFO - Progress: 10/50 ads processed
2025-06-13 06:42:27,106 - INFO - Progress: 20/50 ads processed
2025-06-13 06:42:32,290 - INFO - Progress: 30/50 ads processed
2025-06-13 06:42:37,538 - INFO - Progress: 40/50 ads processed
2025-06-13 06:42:42,176 - INFO - Progress: 50/50 ads processed
2025-06-13 06:42:42,253 - INFO - Created backup of existing data file at unegui_data/unegui_sales_data.csv.bak
2025-06-13 06:42:42,587 - INFO - Data saved to unegui_data/unegui_sales_data.csv: 23573 records
2025-06-13 06:42:43,375 - INFO - Cache saved with 23970 URLs
2025-06-13 06:42:43,375 - INFO - Saved batch data. Total records: 23573
2025-06-13 06:42:43,375 - INFO - Processing batch 2/9 (50 links)
2025-06-13 06:42:48,860 - INFO - Progress: 10/50 ads processed
2025-06-13 06:42:54,676 - INFO - Progress: 20/50 ads processed
2025-06-13 06:42:59,630 - INFO - Progress: 30/50 ads processed
2025-06-13 06:43:04,648 - INFO - Progress: 40/50 ads processed
2025-06-13 06:43:09,891 - INFO - Progress: 50/50 ads processed
2025-06-13 06:43:09,964 - INFO - Created backup of existing data file at unegui_data/unegui_sales_data.csv.bak
2025-06-13 06:43:10,299 - INFO - Data saved to unegui_data/unegui_sales_data.csv: 23622 records
2025-06-13 06:43:11,096 - INFO - Cache saved with 24020 URLs
2025-06-13 06:43:11,096 - INFO - Saved batch data. Total records: 23622
2025-06-13 06:43:11,096 - INFO - Processing batch 3/9 (50 links)
2025-06-13 06:43:16,233 - INFO - Progress: 10/50 ads processed
2025-06-13 06:43:21,205 - INFO - Progress: 20/50 ads processed
2025-06-13 06:43:26,188 - INFO - Progress: 30/50 ads processed
2025-06-13 06:43:31,397 - INFO - Progress: 40/50 ads processed
2025-06-13 06:43:36,890 - INFO - Progress: 50/50 ads processed
2025-06-13 06:43:36,976 - INFO - Created backup of existing data file at unegui_data/unegui_sales_data.csv.bak
2025-06-13 06:43:37,318 - INFO - Data saved to unegui_data/unegui_sales_data.csv: 23672 records
2025-06-13 06:43:38,119 - INFO - Cache saved with 24070 URLs
2025-06-13 06:43:38,119 - INFO - Saved batch data. Total records: 23672
2025-06-13 06:43:38,119 - INFO - Processing batch 4/9 (50 links)
2025-06-13 06:43:43,841 - INFO - Progress: 10/50 ads processed
2025-06-13 06:43:49,389 - INFO - Progress: 20/50 ads processed
2025-06-13 06:43:54,884 - INFO - Progress: 30/50 ads processed
2025-06-13 06:44:00,046 - INFO - Progress: 40/50 ads processed
2025-06-13 06:44:04,924 - INFO - Progress: 50/50 ads processed
2025-06-13 06:44:04,997 - INFO - Created backup of existing data file at unegui_data/unegui_sales_data.csv.bak
2025-06-13 06:44:05,335 - INFO - Data saved to unegui_data/unegui_sales_data.csv: 23722 records
2025-06-13 06:44:06,130 - INFO - Cache saved with 24120 URLs
2025-06-13 06:44:06,130 - INFO - Saved batch data. Total records: 23722
2025-06-13 06:44:06,130 - INFO - Processing batch 5/9 (50 links)
2025-06-13 06:44:11,809 - INFO - Progress: 10/50 ads processed
2025-06-13 06:44:16,802 - INFO - Progress: 20/50 ads processed
2025-06-13 06:44:22,026 - INFO - Progress: 30/50 ads processed
2025-06-13 06:44:27,021 - INFO - Progress: 40/50 ads processed
2025-06-13 06:44:31,915 - INFO - Progress: 50/50 ads processed
2025-06-13 06:44:31,994 - INFO - Created backup of existing data file at unegui_data/unegui_sales_data.csv.bak
2025-06-13 06:44:32,333 - INFO - Data saved to unegui_data/unegui_sales_data.csv: 23771 records
2025-06-13 06:44:33,133 - INFO - Cache saved with 24170 URLs
2025-06-13 06:44:33,133 - INFO - Saved batch data. Total records: 23771
2025-06-13 06:44:33,133 - INFO - Processing batch 6/9 (50 links)
2025-06-13 06:44:38,748 - INFO - Progress: 10/50 ads processed
2025-06-13 06:44:43,761 - INFO - Progress: 20/50 ads processed
2025-06-13 06:44:49,569 - INFO - Progress: 30/50 ads processed
2025-06-13 06:44:54,779 - INFO - Progress: 40/50 ads processed
2025-06-13 06:45:00,143 - INFO - Progress: 50/50 ads processed
2025-06-13 06:45:00,217 - INFO - Created backup of existing data file at unegui_data/unegui_sales_data.csv.bak
2025-06-13 06:45:00,553 - INFO - Data saved to unegui_data/unegui_sales_data.csv: 23820 records
2025-06-13 06:45:01,351 - INFO - Cache saved with 24220 URLs
2025-06-13 06:45:01,351 - INFO - Saved batch data. Total records: 23820
2025-06-13 06:45:01,351 - INFO - Processing batch 7/9 (50 links)
2025-06-13 06:45:06,403 - INFO - Progress: 10/50 ads processed
2025-06-13 06:45:11,659 - INFO - Progress: 20/50 ads processed
2025-06-13 06:45:16,792 - INFO - Progress: 30/50 ads processed
2025-06-13 06:45:21,548 - INFO - Progress: 40/50 ads processed
2025-06-13 06:45:26,630 - INFO - Progress: 50/50 ads processed
2025-06-13 06:45:26,703 - INFO - Created backup of existing data file at unegui_data/unegui_sales_data.csv.bak
2025-06-13 06:45:27,043 - INFO - Data saved to unegui_data/unegui_sales_data.csv: 23867 records
2025-06-13 06:45:27,849 - INFO - Cache saved with 24270 URLs
2025-06-13 06:45:27,849 - INFO - Saved batch data. Total records: 23867
2025-06-13 06:45:27,849 - INFO - Processing batch 8/9 (50 links)
2025-06-13 06:45:33,648 - INFO - Progress: 10/50 ads processed
2025-06-13 06:45:38,854 - INFO - Progress: 20/50 ads processed
2025-06-13 06:45:44,267 - INFO - Progress: 30/50 ads processed
2025-06-13 06:45:49,506 - INFO - Progress: 40/50 ads processed
2025-06-13 06:45:54,248 - INFO - Progress: 50/50 ads processed
2025-06-13 06:45:54,322 - INFO - Created backup of existing data file at unegui_data/unegui_sales_data.csv.bak
2025-06-13 06:45:54,662 - INFO - Data saved to unegui_data/unegui_sales_data.csv: 23917 records
2025-06-13 06:45:55,478 - INFO - Cache saved with 24320 URLs
2025-06-13 06:45:55,478 - INFO - Saved batch data. Total records: 23917
2025-06-13 06:45:55,478 - INFO - Processing batch 9/9 (11 links)
2025-06-13 06:46:01,375 - INFO - Progress: 10/11 ads processed
2025-06-13 06:46:03,016 - INFO - Progress: 11/11 ads processed
2025-06-13 06:46:03,092 - INFO - Created backup of existing data file at unegui_data/unegui_sales_data.csv.bak
2025-06-13 06:46:03,435 - INFO - Data saved to unegui_data/unegui_sales_data.csv: 23928 records
2025-06-13 06:46:04,233 - INFO - Cache saved with 24331 URLs
2025-06-13 06:46:04,233 - INFO - Saved batch data. Total records: 23928
2025-06-13 06:46:04,233 - INFO - Scraping completed in 0:08:29.066621. Total ads collected: 23928
