2025-06-16 06:39:40,680 - INFO - Starting sales apartment scraper at 2025-06-16 06:39:40.680572
2025-06-16 06:39:41,100 - INFO - Loaded existing data from unegui_data/unegui_sales_data.csv: 24495 records
2025-06-16 06:39:41,382 - INFO - Loaded 24495 existing records
2025-06-16 06:39:41,397 - INFO - Scraping page 1...
2025-06-16 06:39:41,398 - INFO - Scraping page 2...
2025-06-16 06:39:41,398 - INFO - Scraping page 3...
2025-06-16 06:39:46,091 - INFO - Found 60 links on page 2
2025-06-16 06:39:46,092 - INFO - Scraping page 4...
2025-06-16 06:39:46,551 - INFO - Found 60 links on page 3
2025-06-16 06:39:46,551 - INFO - Scraping page 5...
2025-06-16 06:39:46,767 - INFO - Found 60 links on page 1
2025-06-16 06:39:46,768 - INFO - Scraping page 6...
2025-06-16 06:39:49,916 - INFO - Found 60 links on page 4
2025-06-16 06:39:49,916 - INFO - Scraping page 7...
2025-06-16 06:39:50,126 - INFO - Found 60 links on page 5
2025-06-16 06:39:50,126 - INFO - Scraping page 8...
2025-06-16 06:39:50,565 - INFO - Found 60 links on page 6
2025-06-16 06:39:50,565 - INFO - Scraping page 9...
2025-06-16 06:39:53,578 - INFO - Found 60 links on page 7
2025-06-16 06:39:53,579 - INFO - Scraping page 10...
2025-06-16 06:39:54,016 - INFO - Found 60 links on page 8
2025-06-16 06:39:54,016 - INFO - Scraping page 11...
2025-06-16 06:39:54,453 - INFO - Found 60 links on page 9
2025-06-16 06:39:54,453 - INFO - Scraping page 12...
2025-06-16 06:39:57,350 - INFO - Found 60 links on page 10
2025-06-16 06:39:57,350 - INFO - Scraping page 13...
2025-06-16 06:39:57,970 - INFO - Found 60 links on page 11
2025-06-16 06:39:57,970 - INFO - Scraping page 14...
2025-06-16 06:39:58,376 - INFO - Found 60 links on page 12
2025-06-16 06:39:58,376 - INFO - Scraping page 15...
2025-06-16 06:40:01,860 - INFO - Found 60 links on page 13
2025-06-16 06:40:01,861 - INFO - Scraping page 16...
2025-06-16 06:40:02,252 - INFO - Found 60 links on page 14
2025-06-16 06:40:02,257 - INFO - Scraping page 17...
2025-06-16 06:40:02,377 - INFO - Found 60 links on page 15
2025-06-16 06:40:02,377 - INFO - Scraping page 18...
2025-06-16 06:40:05,734 - INFO - Found 60 links on page 16
2025-06-16 06:40:05,734 - INFO - Scraping page 19...
2025-06-16 06:40:06,625 - INFO - Found 60 links on page 18
2025-06-16 06:40:06,625 - INFO - Scraping page 20...
2025-06-16 06:40:06,898 - INFO - Found 60 links on page 17
2025-06-16 06:40:06,898 - INFO - Scraping page 21...
2025-06-16 06:40:09,728 - INFO - Found 60 links on page 19
2025-06-16 06:40:09,728 - INFO - Scraping page 22...
2025-06-16 06:40:10,272 - INFO - Found 60 links on page 20
2025-06-16 06:40:10,272 - INFO - Scraping page 23...
2025-06-16 06:40:10,653 - INFO - Found 60 links on page 21
2025-06-16 06:40:10,653 - INFO - Scraping page 24...
2025-06-16 06:40:13,930 - INFO - Found 60 links on page 22
2025-06-16 06:40:13,931 - INFO - Scraping page 25...
2025-06-16 06:40:14,272 - INFO - Found 60 links on page 23
2025-06-16 06:40:14,272 - INFO - Scraping page 26...
2025-06-16 06:40:15,312 - INFO - Found 60 links on page 24
2025-06-16 06:40:15,312 - INFO - Scraping page 27...
2025-06-16 06:40:17,918 - INFO - Found 60 links on page 25
2025-06-16 06:40:17,919 - INFO - Scraping page 28...
2025-06-16 06:40:18,665 - INFO - Found 60 links on page 26
2025-06-16 06:40:18,665 - INFO - Scraping page 29...
2025-06-16 06:40:19,366 - INFO - Found 60 links on page 27
2025-06-16 06:40:19,366 - INFO - Scraping page 30...
2025-06-16 06:40:22,729 - INFO - Found 60 links on page 28
2025-06-16 06:40:22,729 - INFO - Scraping page 31...
2025-06-16 06:40:22,936 - INFO - Found 60 links on page 29
2025-06-16 06:40:22,936 - INFO - Scraping page 32...
2025-06-16 06:40:23,631 - INFO - Found 60 links on page 30
2025-06-16 06:40:23,631 - INFO - Scraping page 33...
2025-06-16 06:40:27,193 - INFO - Found 60 links on page 32
2025-06-16 06:40:27,214 - INFO - Scraping page 34...
2025-06-16 06:40:27,339 - INFO - Found 60 links on page 31
2025-06-16 06:40:27,339 - INFO - Scraping page 35...
2025-06-16 06:40:27,655 - INFO - Found 60 links on page 33
2025-06-16 06:40:27,655 - INFO - Scraping page 36...
2025-06-16 06:40:31,200 - INFO - Found 60 links on page 34
2025-06-16 06:40:31,200 - INFO - Scraping page 37...
2025-06-16 06:40:31,477 - INFO - Found 60 links on page 35
2025-06-16 06:40:31,477 - INFO - Scraping page 38...
2025-06-16 06:40:31,818 - INFO - Found 60 links on page 36
2025-06-16 06:40:31,818 - INFO - Scraping page 39...
2025-06-16 06:40:35,344 - INFO - Found 60 links on page 37
2025-06-16 06:40:35,345 - INFO - Scraping page 40...
2025-06-16 06:40:35,625 - INFO - Found 60 links on page 38
2025-06-16 06:40:35,626 - INFO - Scraping page 41...
2025-06-16 06:40:35,836 - INFO - Found 60 links on page 39
2025-06-16 06:40:35,836 - INFO - Scraping page 42...
2025-06-16 06:40:39,686 - INFO - Found 60 links on page 40
2025-06-16 06:40:39,691 - INFO - Scraping page 43...
2025-06-16 06:40:39,975 - INFO - Found 60 links on page 42
2025-06-16 06:40:39,976 - INFO - Scraping page 44...
2025-06-16 06:40:40,157 - INFO - Found 60 links on page 41
2025-06-16 06:40:40,158 - INFO - Scraping page 45...
2025-06-16 06:40:44,013 - INFO - Found 60 links on page 44
2025-06-16 06:40:44,014 - INFO - Scraping page 46...
2025-06-16 06:40:44,667 - INFO - Found 60 links on page 43
2025-06-16 06:40:44,672 - INFO - Scraping page 47...
2025-06-16 06:40:44,723 - INFO - Found 60 links on page 45
2025-06-16 06:40:44,723 - INFO - Scraping page 48...
2025-06-16 06:40:47,869 - INFO - Found 60 links on page 46
2025-06-16 06:40:47,870 - INFO - Scraping page 49...
2025-06-16 06:40:48,814 - INFO - Found 60 links on page 48
2025-06-16 06:40:48,819 - INFO - Scraping page 50...
2025-06-16 06:40:49,027 - INFO - Found 60 links on page 47
2025-06-16 06:40:49,027 - INFO - Scraping page 51...
2025-06-16 06:40:52,022 - INFO - Found 60 links on page 49
2025-06-16 06:40:52,023 - INFO - Scraping page 52...
2025-06-16 06:40:52,886 - INFO - Found 60 links on page 50
2025-06-16 06:40:52,886 - INFO - Scraping page 53...
2025-06-16 06:40:53,129 - INFO - Found 60 links on page 51
2025-06-16 06:40:53,129 - INFO - Scraping page 54...
2025-06-16 06:40:56,114 - INFO - Found 60 links on page 52
2025-06-16 06:40:56,114 - INFO - Scraping page 55...
2025-06-16 06:40:57,181 - INFO - Found 60 links on page 54
2025-06-16 06:40:57,181 - INFO - Scraping page 56...
2025-06-16 06:40:57,795 - INFO - Found 60 links on page 53
2025-06-16 06:40:57,795 - INFO - Scraping page 57...
2025-06-16 06:41:00,777 - INFO - Found 60 links on page 55
2025-06-16 06:41:00,778 - INFO - Scraping page 58...
2025-06-16 06:41:01,227 - INFO - Found 60 links on page 56
2025-06-16 06:41:01,227 - INFO - Scraping page 59...
2025-06-16 06:41:02,164 - INFO - Found 60 links on page 57
2025-06-16 06:41:02,164 - INFO - Scraping page 60...
2025-06-16 06:41:05,423 - INFO - Found 60 links on page 58
2025-06-16 06:41:05,428 - INFO - Scraping page 61...
2025-06-16 06:41:05,484 - INFO - Found 60 links on page 59
2025-06-16 06:41:05,484 - INFO - Scraping page 62...
2025-06-16 06:41:06,492 - INFO - Found 60 links on page 60
2025-06-16 06:41:06,492 - INFO - Scraping page 63...
2025-06-16 06:41:10,430 - INFO - Found 60 links on page 61
2025-06-16 06:41:10,441 - INFO - Scraping page 64...
2025-06-16 06:41:10,545 - INFO - Found 60 links on page 62
2025-06-16 06:41:10,546 - INFO - Scraping page 65...
2025-06-16 06:41:12,041 - INFO - Found 60 links on page 63
2025-06-16 06:41:12,041 - INFO - Scraping page 66...
2025-06-16 06:41:14,720 - INFO - Found 60 links on page 64
2025-06-16 06:41:14,725 - INFO - Scraping page 67...
2025-06-16 06:41:14,871 - INFO - Found 60 links on page 65
2025-06-16 06:41:14,872 - INFO - Scraping page 68...
2025-06-16 06:41:17,083 - INFO - Found 60 links on page 66
2025-06-16 06:41:17,083 - INFO - Scraping page 69...
2025-06-16 06:41:18,800 - INFO - Found 60 links on page 67
2025-06-16 06:41:18,800 - INFO - Scraping page 70...
2025-06-16 06:41:19,247 - INFO - Found 60 links on page 68
2025-06-16 06:41:19,247 - INFO - Scraping page 71...
2025-06-16 06:41:21,522 - INFO - Found 60 links on page 69
2025-06-16 06:41:21,522 - INFO - Scraping page 72...
2025-06-16 06:41:22,936 - INFO - Found 60 links on page 70
2025-06-16 06:41:22,937 - INFO - Scraping page 73...
2025-06-16 06:41:23,430 - INFO - Found 60 links on page 71
2025-06-16 06:41:23,430 - INFO - Scraping page 74...
2025-06-16 06:41:25,740 - INFO - Found 60 links on page 72
2025-06-16 06:41:25,740 - INFO - Scraping page 75...
2025-06-16 06:41:26,866 - INFO - Found 60 links on page 73
2025-06-16 06:41:26,867 - INFO - Scraping page 76...
2025-06-16 06:41:27,383 - INFO - Found 60 links on page 74
2025-06-16 06:41:27,383 - INFO - Scraping page 77...
2025-06-16 06:41:30,086 - INFO - Found 60 links on page 75
2025-06-16 06:41:30,086 - INFO - Scraping page 78...
2025-06-16 06:41:30,798 - INFO - Found 60 links on page 76
2025-06-16 06:41:30,798 - INFO - Scraping page 79...
2025-06-16 06:41:32,156 - INFO - Found 60 links on page 77
2025-06-16 06:41:32,156 - INFO - Scraping page 80...
2025-06-16 06:41:34,007 - INFO - Found 60 links on page 78
2025-06-16 06:41:34,007 - INFO - Scraping page 81...
2025-06-16 06:41:35,128 - INFO - Found 60 links on page 79
2025-06-16 06:41:35,129 - INFO - Scraping page 82...
2025-06-16 06:41:36,048 - INFO - Found 60 links on page 80
2025-06-16 06:41:36,048 - INFO - Scraping page 83...
2025-06-16 06:41:38,234 - INFO - Found 60 links on page 81
2025-06-16 06:41:38,234 - INFO - Scraping page 84...
2025-06-16 06:41:39,216 - INFO - Found 60 links on page 82
2025-06-16 06:41:39,216 - INFO - Scraping page 85...
2025-06-16 06:41:40,466 - INFO - Found 60 links on page 83
2025-06-16 06:41:40,466 - INFO - Scraping page 86...
2025-06-16 06:41:42,922 - INFO - Found 60 links on page 84
2025-06-16 06:41:42,922 - INFO - Scraping page 87...
2025-06-16 06:41:43,331 - INFO - Found 60 links on page 85
2025-06-16 06:41:43,332 - INFO - Scraping page 88...
2025-06-16 06:41:44,933 - INFO - Found 60 links on page 86
2025-06-16 06:41:44,934 - INFO - Scraping page 89...
2025-06-16 06:41:47,029 - INFO - Found 60 links on page 87
2025-06-16 06:41:47,029 - INFO - Scraping page 90...
2025-06-16 06:41:47,393 - INFO - Found 60 links on page 88
2025-06-16 06:41:47,393 - INFO - Scraping page 91...
2025-06-16 06:41:49,697 - INFO - Found 60 links on page 89
2025-06-16 06:41:49,697 - INFO - Scraping page 92...
2025-06-16 06:41:51,623 - INFO - Found 60 links on page 91
2025-06-16 06:41:51,624 - INFO - Scraping page 93...
2025-06-16 06:41:51,832 - INFO - Found 60 links on page 90
2025-06-16 06:41:51,832 - INFO - Scraping page 94...
2025-06-16 06:41:53,679 - INFO - Found 60 links on page 92
2025-06-16 06:41:53,679 - INFO - Scraping page 95...
2025-06-16 06:41:55,754 - INFO - Found 60 links on page 93
2025-06-16 06:41:55,754 - INFO - Scraping page 96...
2025-06-16 06:41:56,184 - INFO - Found 60 links on page 94
2025-06-16 06:41:56,184 - INFO - Scraping page 97...
2025-06-16 06:41:58,150 - INFO - Found 60 links on page 95
2025-06-16 06:41:58,150 - INFO - Scraping page 98...
2025-06-16 06:41:59,961 - INFO - Found 60 links on page 96
2025-06-16 06:41:59,961 - INFO - Scraping page 99...
2025-06-16 06:42:00,294 - INFO - Found 60 links on page 97
2025-06-16 06:42:00,295 - INFO - Scraping page 100...
2025-06-16 06:42:02,579 - INFO - Found 60 links on page 98
2025-06-16 06:42:02,579 - INFO - Scraping page 101...
2025-06-16 06:42:04,739 - INFO - Found 60 links on page 99
2025-06-16 06:42:04,739 - INFO - Scraping page 102...
2025-06-16 06:42:05,179 - INFO - Found 60 links on page 100
2025-06-16 06:42:05,179 - INFO - Scraping page 103...
2025-06-16 06:42:06,575 - INFO - Found 60 links on page 101
2025-06-16 06:42:06,575 - INFO - Scraping page 104...
2025-06-16 06:42:08,668 - INFO - Found 60 links on page 102
2025-06-16 06:42:08,669 - INFO - Scraping page 105...
2025-06-16 06:42:09,757 - INFO - Found 60 links on page 103
2025-06-16 06:42:09,758 - INFO - Scraping page 106...
2025-06-16 06:42:10,389 - INFO - Found 60 links on page 104
2025-06-16 06:42:10,389 - INFO - Scraping page 107...
2025-06-16 06:42:12,796 - INFO - Found 60 links on page 105
2025-06-16 06:42:12,796 - INFO - Scraping page 108...
2025-06-16 06:42:14,093 - INFO - Found 60 links on page 106
2025-06-16 06:42:14,093 - INFO - Scraping page 109...
2025-06-16 06:42:14,841 - INFO - Found 60 links on page 107
2025-06-16 06:42:14,842 - INFO - Scraping page 110...
2025-06-16 06:42:17,276 - INFO - Found 60 links on page 108
2025-06-16 06:42:17,276 - INFO - Scraping page 111...
2025-06-16 06:42:18,134 - INFO - Found 60 links on page 109
2025-06-16 06:42:18,134 - INFO - Scraping page 112...
2025-06-16 06:42:19,174 - INFO - Found 60 links on page 110
2025-06-16 06:42:19,175 - INFO - Scraping page 113...
2025-06-16 06:42:21,407 - INFO - Found 60 links on page 111
2025-06-16 06:42:21,407 - INFO - Scraping page 114...
2025-06-16 06:42:22,223 - INFO - Found 60 links on page 112
2025-06-16 06:42:22,223 - INFO - Scraping page 115...
2025-06-16 06:42:23,493 - INFO - Found 60 links on page 113
2025-06-16 06:42:23,493 - INFO - Scraping page 116...
2025-06-16 06:42:25,486 - INFO - Found 60 links on page 114
2025-06-16 06:42:25,487 - INFO - Scraping page 117...
2025-06-16 06:42:26,485 - INFO - Found 60 links on page 115
2025-06-16 06:42:26,486 - INFO - Scraping page 118...
2025-06-16 06:42:28,228 - INFO - Found 60 links on page 116
2025-06-16 06:42:28,228 - INFO - Scraping page 119...
2025-06-16 06:42:30,672 - INFO - Found 60 links on page 117
2025-06-16 06:42:30,678 - INFO - Scraping page 120...
2025-06-16 06:42:30,824 - INFO - Found 60 links on page 118
2025-06-16 06:42:30,824 - INFO - Scraping page 121...
2025-06-16 06:42:32,107 - INFO - Found 60 links on page 119
2025-06-16 06:42:32,107 - INFO - Scraping page 122...
2025-06-16 06:42:35,202 - INFO - Found 60 links on page 120
2025-06-16 06:42:35,213 - INFO - Scraping page 123...
2025-06-16 06:42:35,334 - INFO - Found 60 links on page 121
2025-06-16 06:42:35,335 - INFO - Scraping page 124...
2025-06-16 06:42:36,747 - INFO - Found 60 links on page 122
2025-06-16 06:42:36,747 - INFO - Scraping page 125...
2025-06-16 06:42:39,330 - INFO - Found 60 links on page 123
2025-06-16 06:42:39,340 - INFO - Scraping page 126...
2025-06-16 06:42:39,466 - INFO - Found 60 links on page 124
2025-06-16 06:42:39,466 - INFO - Scraping page 127...
2025-06-16 06:42:41,699 - INFO - Found 60 links on page 125
2025-06-16 06:42:41,700 - INFO - Scraping page 128...
2025-06-16 06:42:43,501 - INFO - Found 60 links on page 126
2025-06-16 06:42:43,501 - INFO - Scraping page 129...
2025-06-16 06:42:44,905 - INFO - Found 60 links on page 127
2025-06-16 06:42:44,905 - INFO - Scraping page 130...
2025-06-16 06:42:46,031 - INFO - Found 60 links on page 128
2025-06-16 06:42:46,031 - INFO - Scraping page 131...
2025-06-16 06:42:47,746 - INFO - Found 60 links on page 129
2025-06-16 06:42:47,746 - INFO - Scraping page 132...
2025-06-16 06:42:49,487 - INFO - Found 60 links on page 130
2025-06-16 06:42:49,487 - INFO - Scraping page 133...
2025-06-16 06:42:50,176 - INFO - Found 60 links on page 131
2025-06-16 06:42:50,176 - INFO - Scraping page 134...
2025-06-16 06:42:52,375 - INFO - Found 60 links on page 132
2025-06-16 06:42:52,375 - INFO - Scraping page 135...
2025-06-16 06:42:53,825 - INFO - Found 60 links on page 133
2025-06-16 06:42:53,825 - INFO - Scraping page 136...
2025-06-16 06:42:54,323 - INFO - Found 60 links on page 134
2025-06-16 06:42:54,324 - INFO - Scraping page 137...
2025-06-16 06:42:56,453 - INFO - Found 60 links on page 135
2025-06-16 06:42:56,453 - INFO - Scraping page 138...
2025-06-16 06:42:58,112 - INFO - Found 60 links on page 136
2025-06-16 06:42:58,112 - INFO - Scraping page 139...
2025-06-16 06:42:58,851 - INFO - Found 60 links on page 137
2025-06-16 06:42:58,851 - INFO - Scraping page 140...
2025-06-16 06:43:00,936 - INFO - Found 60 links on page 138
2025-06-16 06:43:00,936 - INFO - Scraping page 141...
2025-06-16 06:43:02,599 - INFO - Found 60 links on page 139
2025-06-16 06:43:02,600 - INFO - Scraping page 142...
2025-06-16 06:43:03,145 - INFO - Found 60 links on page 140
2025-06-16 06:43:03,145 - INFO - Scraping page 143...
2025-06-16 06:43:04,903 - INFO - Found 60 links on page 141
2025-06-16 06:43:04,903 - INFO - Scraping page 144...
2025-06-16 06:43:06,585 - INFO - Found 60 links on page 142
2025-06-16 06:43:06,585 - INFO - Scraping page 145...
2025-06-16 06:43:07,280 - INFO - Found 60 links on page 143
2025-06-16 06:43:07,280 - INFO - Scraping page 146...
2025-06-16 06:43:09,290 - INFO - Found 60 links on page 144
2025-06-16 06:43:09,290 - INFO - Scraping page 147...
2025-06-16 06:43:10,887 - INFO - Found 60 links on page 145
2025-06-16 06:43:10,887 - INFO - Scraping page 148...
2025-06-16 06:43:11,612 - INFO - Found 60 links on page 146
2025-06-16 06:43:11,612 - INFO - Scraping page 149...
2025-06-16 06:43:14,141 - INFO - Found 60 links on page 147
2025-06-16 06:43:14,142 - INFO - Scraping page 150...
2025-06-16 06:43:14,751 - INFO - Found 60 links on page 148
2025-06-16 06:43:14,751 - INFO - Scraping page 151...
2025-06-16 06:43:15,559 - INFO - Found 60 links on page 149
2025-06-16 06:43:15,559 - INFO - Scraping page 152...
2025-06-16 06:43:19,054 - INFO - Found 60 links on page 151
2025-06-16 06:43:19,059 - INFO - Scraping page 153...
2025-06-16 06:43:19,171 - INFO - Found 60 links on page 150
2025-06-16 06:43:19,172 - INFO - Scraping page 154...
2025-06-16 06:43:19,750 - INFO - Found 60 links on page 152
2025-06-16 06:43:19,750 - INFO - Scraping page 155...
2025-06-16 06:43:23,278 - INFO - Found 60 links on page 153
2025-06-16 06:43:23,283 - INFO - Scraping page 156...
2025-06-16 06:43:23,435 - INFO - Found 60 links on page 154
2025-06-16 06:43:23,435 - INFO - Scraping page 157...
2025-06-16 06:43:24,646 - INFO - Found 60 links on page 155
2025-06-16 06:43:24,647 - INFO - Scraping page 158...
2025-06-16 06:43:27,559 - INFO - Found 60 links on page 156
2025-06-16 06:43:27,559 - INFO - Scraping page 159...
2025-06-16 06:43:27,843 - INFO - Found 60 links on page 157
2025-06-16 06:43:27,843 - INFO - Scraping page 160...
2025-06-16 06:43:28,561 - INFO - Found 60 links on page 158
2025-06-16 06:43:28,561 - INFO - Scraping page 161...
2025-06-16 06:43:31,679 - INFO - Found 60 links on page 159
2025-06-16 06:43:31,679 - INFO - Scraping page 162...
2025-06-16 06:43:32,281 - INFO - Found 60 links on page 160
2025-06-16 06:43:32,281 - INFO - Scraping page 163...
2025-06-16 06:43:32,481 - INFO - Found 60 links on page 161
2025-06-16 06:43:32,482 - INFO - Scraping page 164...
2025-06-16 06:43:36,091 - INFO - Found 60 links on page 162
2025-06-16 06:43:36,091 - INFO - Scraping page 165...
2025-06-16 06:43:36,619 - INFO - Found 60 links on page 163
2025-06-16 06:43:36,619 - INFO - Scraping page 166...
2025-06-16 06:43:36,827 - INFO - Found 60 links on page 164
2025-06-16 06:43:36,828 - INFO - Scraping page 167...
2025-06-16 06:43:40,610 - INFO - Found 60 links on page 165
2025-06-16 06:43:40,610 - INFO - Scraping page 168...
2025-06-16 06:43:40,876 - INFO - Found 60 links on page 166
2025-06-16 06:43:40,876 - INFO - Scraping page 169...
2025-06-16 06:43:41,150 - INFO - Found 60 links on page 167
2025-06-16 06:43:41,150 - INFO - Scraping page 170...
2025-06-16 06:43:44,884 - INFO - Found 60 links on page 169
2025-06-16 06:43:44,884 - INFO - Scraping page 171...
2025-06-16 06:43:45,093 - INFO - Found 60 links on page 170
2025-06-16 06:43:45,093 - INFO - Scraping page 172...
2025-06-16 06:43:45,369 - INFO - Found 60 links on page 168
2025-06-16 06:43:45,369 - INFO - Scraping page 173...
2025-06-16 06:43:49,029 - INFO - Found 60 links on page 171
2025-06-16 06:43:49,030 - INFO - Scraping page 174...
2025-06-16 06:43:49,288 - INFO - Found 60 links on page 172
2025-06-16 06:43:49,288 - INFO - Scraping page 175...
2025-06-16 06:43:50,292 - INFO - Found 60 links on page 173
2025-06-16 06:43:50,292 - INFO - Scraping page 176...
2025-06-16 06:43:53,380 - INFO - Found 60 links on page 174
2025-06-16 06:43:53,380 - INFO - Scraping page 177...
2025-06-16 06:43:53,648 - INFO - Found 60 links on page 175
2025-06-16 06:43:53,648 - INFO - Scraping page 178...
2025-06-16 06:43:54,440 - INFO - Found 60 links on page 176
2025-06-16 06:43:54,441 - INFO - Scraping page 179...
2025-06-16 06:43:58,024 - INFO - Found 60 links on page 178
2025-06-16 06:43:58,025 - INFO - Scraping page 180...
2025-06-16 06:43:58,249 - INFO - Found 60 links on page 177
2025-06-16 06:43:58,249 - INFO - Scraping page 181...
2025-06-16 06:43:58,812 - INFO - Found 60 links on page 179
2025-06-16 06:43:58,813 - INFO - Scraping page 182...
2025-06-16 06:44:02,744 - INFO - Found 60 links on page 180
2025-06-16 06:44:02,749 - INFO - Scraping page 183...
2025-06-16 06:44:02,802 - INFO - Found 60 links on page 181
2025-06-16 06:44:02,802 - INFO - Scraping page 184...
2025-06-16 06:44:03,556 - INFO - Found 60 links on page 182
2025-06-16 06:44:03,556 - INFO - Scraping page 185...
2025-06-16 06:44:06,906 - INFO - Found 60 links on page 184
2025-06-16 06:44:06,907 - INFO - Scraping page 186...
2025-06-16 06:44:07,303 - INFO - Found 60 links on page 183
2025-06-16 06:44:07,303 - INFO - Scraping page 187...
2025-06-16 06:44:07,832 - INFO - Found 60 links on page 185
2025-06-16 06:44:07,832 - INFO - Scraping page 188...
2025-06-16 06:44:11,218 - INFO - Found 60 links on page 186
2025-06-16 06:44:11,218 - INFO - Scraping page 189...
2025-06-16 06:44:11,719 - INFO - Found 60 links on page 187
2025-06-16 06:44:11,719 - INFO - Scraping page 190...
2025-06-16 06:44:12,482 - INFO - Found 60 links on page 188
2025-06-16 06:44:12,482 - INFO - Scraping page 191...
2025-06-16 06:44:15,605 - INFO - Found 60 links on page 189
2025-06-16 06:44:15,611 - INFO - Scraping page 192...
2025-06-16 06:44:15,810 - INFO - Found 60 links on page 190
2025-06-16 06:44:15,810 - INFO - Scraping page 193...
2025-06-16 06:44:16,621 - INFO - Found 60 links on page 191
2025-06-16 06:44:16,621 - INFO - Scraping page 194...
2025-06-16 06:44:19,821 - INFO - Found 60 links on page 192
2025-06-16 06:44:19,821 - INFO - Scraping page 195...
2025-06-16 06:44:20,110 - INFO - Found 60 links on page 193
2025-06-16 06:44:20,110 - INFO - Scraping page 196...
2025-06-16 06:44:21,336 - INFO - Found 60 links on page 194
2025-06-16 06:44:21,336 - INFO - Scraping page 197...
2025-06-16 06:44:24,207 - INFO - Found 60 links on page 196
2025-06-16 06:44:24,207 - INFO - Scraping page 198...
2025-06-16 06:44:24,781 - INFO - Found 60 links on page 195
2025-06-16 06:44:24,781 - INFO - Scraping page 199...
2025-06-16 06:44:25,606 - INFO - Found 60 links on page 197
2025-06-16 06:44:25,606 - INFO - Scraping page 200...
2025-06-16 06:44:28,331 - INFO - Found 60 links on page 198
2025-06-16 06:44:28,980 - INFO - Found 60 links on page 199
2025-06-16 06:44:29,439 - INFO - Found 60 links on page 200
2025-06-16 06:44:29,447 - INFO - Found 329 new links to scrape out of 12000 total links
2025-06-16 06:44:29,448 - INFO - Processing batch 1/7 (50 links)
2025-06-16 06:44:35,539 - INFO - Progress: 10/50 ads processed
2025-06-16 06:44:40,451 - INFO - Progress: 20/50 ads processed
2025-06-16 06:44:45,396 - INFO - Progress: 30/50 ads processed
2025-06-16 06:44:50,717 - INFO - Progress: 40/50 ads processed
2025-06-16 06:44:55,752 - INFO - Progress: 50/50 ads processed
2025-06-16 06:44:55,832 - INFO - Created backup of existing data file at unegui_data/unegui_sales_data.csv.bak
2025-06-16 06:44:56,190 - INFO - Data saved to unegui_data/unegui_sales_data.csv: 24540 records
2025-06-16 06:44:57,023 - INFO - Cache saved with 24958 URLs
2025-06-16 06:44:57,023 - INFO - Saved batch data. Total records: 24540
2025-06-16 06:44:57,023 - INFO - Processing batch 2/7 (50 links)
2025-06-16 06:45:02,293 - INFO - Progress: 10/50 ads processed
2025-06-16 06:45:08,474 - INFO - Progress: 20/50 ads processed
2025-06-16 06:45:13,276 - INFO - Progress: 30/50 ads processed
2025-06-16 06:45:18,546 - INFO - Progress: 40/50 ads processed
2025-06-16 06:45:23,713 - INFO - Progress: 50/50 ads processed
2025-06-16 06:45:23,790 - INFO - Created backup of existing data file at unegui_data/unegui_sales_data.csv.bak
2025-06-16 06:45:24,142 - INFO - Data saved to unegui_data/unegui_sales_data.csv: 24589 records
2025-06-16 06:45:24,966 - INFO - Cache saved with 25008 URLs
2025-06-16 06:45:24,966 - INFO - Saved batch data. Total records: 24589
2025-06-16 06:45:24,966 - INFO - Processing batch 3/7 (50 links)
2025-06-16 06:45:30,211 - INFO - Progress: 10/50 ads processed
2025-06-16 06:45:35,019 - INFO - Progress: 20/50 ads processed
2025-06-16 06:45:40,613 - INFO - Progress: 30/50 ads processed
2025-06-16 06:45:45,843 - INFO - Progress: 40/50 ads processed
2025-06-16 06:45:50,883 - INFO - Progress: 50/50 ads processed
2025-06-16 06:45:50,960 - INFO - Created backup of existing data file at unegui_data/unegui_sales_data.csv.bak
2025-06-16 06:45:51,312 - INFO - Data saved to unegui_data/unegui_sales_data.csv: 24637 records
2025-06-16 06:45:52,142 - INFO - Cache saved with 25058 URLs
2025-06-16 06:45:52,142 - INFO - Saved batch data. Total records: 24637
2025-06-16 06:45:52,142 - INFO - Processing batch 4/7 (50 links)
2025-06-16 06:45:57,398 - INFO - Progress: 10/50 ads processed
2025-06-16 06:46:02,754 - INFO - Progress: 20/50 ads processed
2025-06-16 06:46:07,897 - INFO - Progress: 30/50 ads processed
2025-06-16 06:46:12,919 - INFO - Progress: 40/50 ads processed
2025-06-16 06:46:17,957 - INFO - Progress: 50/50 ads processed
2025-06-16 06:46:18,034 - INFO - Created backup of existing data file at unegui_data/unegui_sales_data.csv.bak
2025-06-16 06:46:18,391 - INFO - Data saved to unegui_data/unegui_sales_data.csv: 24687 records
2025-06-16 06:46:19,221 - INFO - Cache saved with 25108 URLs
2025-06-16 06:46:19,221 - INFO - Saved batch data. Total records: 24687
2025-06-16 06:46:19,221 - INFO - Processing batch 5/7 (50 links)
2025-06-16 06:46:24,656 - INFO - Progress: 10/50 ads processed
2025-06-16 06:46:29,892 - INFO - Progress: 20/50 ads processed
2025-06-16 06:46:35,314 - INFO - Progress: 30/50 ads processed
2025-06-16 06:46:40,410 - INFO - Progress: 40/50 ads processed
2025-06-16 06:46:45,630 - INFO - Progress: 50/50 ads processed
2025-06-16 06:46:45,711 - INFO - Created backup of existing data file at unegui_data/unegui_sales_data.csv.bak
2025-06-16 06:46:46,070 - INFO - Data saved to unegui_data/unegui_sales_data.csv: 24737 records
2025-06-16 06:46:46,910 - INFO - Cache saved with 25158 URLs
2025-06-16 06:46:46,911 - INFO - Saved batch data. Total records: 24737
2025-06-16 06:46:46,911 - INFO - Processing batch 6/7 (50 links)
2025-06-16 06:46:52,558 - INFO - Progress: 10/50 ads processed
2025-06-16 06:46:57,585 - INFO - Progress: 20/50 ads processed
2025-06-16 06:47:03,156 - INFO - Progress: 30/50 ads processed
2025-06-16 06:47:08,121 - INFO - Progress: 40/50 ads processed
2025-06-16 06:47:13,877 - INFO - Progress: 50/50 ads processed
2025-06-16 06:47:13,960 - INFO - Created backup of existing data file at unegui_data/unegui_sales_data.csv.bak
2025-06-16 06:47:14,324 - INFO - Data saved to unegui_data/unegui_sales_data.csv: 24787 records
2025-06-16 06:47:15,191 - INFO - Cache saved with 25208 URLs
2025-06-16 06:47:15,191 - INFO - Saved batch data. Total records: 24787
2025-06-16 06:47:15,191 - INFO - Processing batch 7/7 (29 links)
2025-06-16 06:47:20,887 - INFO - Progress: 10/29 ads processed
2025-06-16 06:47:26,050 - INFO - Progress: 20/29 ads processed
2025-06-16 06:47:30,850 - INFO - Progress: 29/29 ads processed
2025-06-16 06:47:30,933 - INFO - Created backup of existing data file at unegui_data/unegui_sales_data.csv.bak
2025-06-16 06:47:31,294 - INFO - Data saved to unegui_data/unegui_sales_data.csv: 24815 records
2025-06-16 06:47:32,142 - INFO - Cache saved with 25237 URLs
2025-06-16 06:47:32,142 - INFO - Saved batch data. Total records: 24815
2025-06-16 06:47:32,142 - INFO - Scraping completed in 0:07:51.461816. Total ads collected: 24815
