2025-05-29 06:36:54,940 - INFO - Starting sales apartment scraper at 2025-05-29 06:36:54.940512
2025-05-29 06:36:55,215 - INFO - Loaded existing data from unegui_data/unegui_sales_data.csv: 18546 records
2025-05-29 06:36:55,428 - INFO - Loaded 18546 existing records
2025-05-29 06:36:55,439 - INFO - Scraping page 1...
2025-05-29 06:36:55,440 - INFO - Scraping page 2...
2025-05-29 06:36:55,440 - INFO - Scraping page 3...
2025-05-29 06:36:59,542 - INFO - Found 60 links on page 2
2025-05-29 06:36:59,542 - INFO - Scraping page 4...
2025-05-29 06:36:59,893 - INFO - Found 60 links on page 3
2025-05-29 06:36:59,894 - INFO - Scraping page 5...
2025-05-29 06:37:00,104 - INFO - Found 60 links on page 1
2025-05-29 06:37:00,104 - INFO - Scraping page 6...
2025-05-29 06:37:03,065 - INFO - Found 60 links on page 4
2025-05-29 06:37:03,066 - INFO - Scraping page 7...
2025-05-29 06:37:03,622 - INFO - Found 60 links on page 5
2025-05-29 06:37:03,632 - INFO - Scraping page 8...
2025-05-29 06:37:03,739 - INFO - Found 60 links on page 6
2025-05-29 06:37:03,739 - INFO - Scraping page 9...
2025-05-29 06:37:06,983 - INFO - Found 60 links on page 7
2025-05-29 06:37:06,983 - INFO - Scraping page 10...
2025-05-29 06:37:07,410 - INFO - Found 60 links on page 8
2025-05-29 06:37:07,410 - INFO - Scraping page 11...
2025-05-29 06:37:07,670 - INFO - Found 60 links on page 9
2025-05-29 06:37:07,670 - INFO - Scraping page 12...
2025-05-29 06:37:10,714 - INFO - Found 60 links on page 10
2025-05-29 06:37:10,714 - INFO - Scraping page 13...
2025-05-29 06:37:11,579 - INFO - Found 60 links on page 12
2025-05-29 06:37:11,579 - INFO - Scraping page 14...
2025-05-29 06:37:11,976 - INFO - Found 60 links on page 11
2025-05-29 06:37:11,976 - INFO - Scraping page 15...
2025-05-29 06:37:14,609 - INFO - Found 60 links on page 13
2025-05-29 06:37:14,609 - INFO - Scraping page 16...
2025-05-29 06:37:15,431 - INFO - Found 60 links on page 14
2025-05-29 06:37:15,431 - INFO - Scraping page 17...
2025-05-29 06:37:15,692 - INFO - Found 60 links on page 15
2025-05-29 06:37:15,693 - INFO - Scraping page 18...
2025-05-29 06:37:18,291 - INFO - Found 60 links on page 16
2025-05-29 06:37:18,292 - INFO - Scraping page 19...
2025-05-29 06:37:19,506 - INFO - Found 60 links on page 18
2025-05-29 06:37:19,511 - INFO - Scraping page 20...
2025-05-29 06:37:19,623 - INFO - Found 60 links on page 17
2025-05-29 06:37:19,623 - INFO - Scraping page 21...
2025-05-29 06:37:22,365 - INFO - Found 60 links on page 19
2025-05-29 06:37:22,365 - INFO - Scraping page 22...
2025-05-29 06:37:23,256 - INFO - Found 60 links on page 20
2025-05-29 06:37:23,256 - INFO - Scraping page 23...
2025-05-29 06:37:24,190 - INFO - Found 60 links on page 21
2025-05-29 06:37:24,190 - INFO - Scraping page 24...
2025-05-29 06:37:26,306 - INFO - Found 60 links on page 22
2025-05-29 06:37:26,306 - INFO - Scraping page 25...
2025-05-29 06:37:27,064 - INFO - Found 60 links on page 23
2025-05-29 06:37:27,064 - INFO - Scraping page 26...
2025-05-29 06:37:28,783 - INFO - Found 60 links on page 24
2025-05-29 06:37:28,783 - INFO - Scraping page 27...
2025-05-29 06:37:30,750 - INFO - Found 60 links on page 25
2025-05-29 06:37:30,750 - INFO - Scraping page 28...
2025-05-29 06:37:31,266 - INFO - Found 60 links on page 26
2025-05-29 06:37:31,266 - INFO - Scraping page 29...
2025-05-29 06:37:32,611 - INFO - Found 60 links on page 27
2025-05-29 06:37:32,611 - INFO - Scraping page 30...
2025-05-29 06:37:35,183 - INFO - Found 60 links on page 28
2025-05-29 06:37:35,183 - INFO - Scraping page 31...
2025-05-29 06:37:35,381 - INFO - Found 60 links on page 29
2025-05-29 06:37:35,381 - INFO - Scraping page 32...
2025-05-29 06:37:36,568 - INFO - Found 60 links on page 30
2025-05-29 06:37:36,568 - INFO - Scraping page 33...
2025-05-29 06:37:39,296 - INFO - Found 60 links on page 31
2025-05-29 06:37:39,296 - INFO - Scraping page 34...
2025-05-29 06:37:39,824 - INFO - Found 60 links on page 32
2025-05-29 06:37:39,824 - INFO - Scraping page 35...
2025-05-29 06:37:40,363 - INFO - Found 60 links on page 33
2025-05-29 06:37:40,364 - INFO - Scraping page 36...
2025-05-29 06:37:43,716 - INFO - Found 60 links on page 34
2025-05-29 06:37:43,727 - INFO - Scraping page 37...
2025-05-29 06:37:43,904 - INFO - Found 60 links on page 35
2025-05-29 06:37:43,904 - INFO - Scraping page 38...
2025-05-29 06:37:44,629 - INFO - Found 60 links on page 36
2025-05-29 06:37:44,629 - INFO - Scraping page 39...
2025-05-29 06:37:47,634 - INFO - Found 60 links on page 37
2025-05-29 06:37:47,634 - INFO - Scraping page 40...
2025-05-29 06:37:48,335 - INFO - Found 60 links on page 38
2025-05-29 06:37:48,335 - INFO - Scraping page 41...
2025-05-29 06:37:48,685 - INFO - Found 60 links on page 39
2025-05-29 06:37:48,685 - INFO - Scraping page 42...
2025-05-29 06:37:51,333 - INFO - Found 60 links on page 40
2025-05-29 06:37:51,333 - INFO - Scraping page 43...
2025-05-29 06:37:51,800 - INFO - Found 60 links on page 41
2025-05-29 06:37:51,800 - INFO - Scraping page 44...
2025-05-29 06:37:52,266 - INFO - Found 60 links on page 42
2025-05-29 06:37:52,266 - INFO - Scraping page 45...
2025-05-29 06:37:55,624 - INFO - Found 60 links on page 43
2025-05-29 06:37:55,630 - INFO - Scraping page 46...
2025-05-29 06:37:55,742 - INFO - Found 60 links on page 44
2025-05-29 06:37:55,742 - INFO - Scraping page 47...
2025-05-29 06:37:56,447 - INFO - Found 60 links on page 45
2025-05-29 06:37:56,448 - INFO - Scraping page 48...
2025-05-29 06:37:59,589 - INFO - Found 60 links on page 47
2025-05-29 06:37:59,589 - INFO - Scraping page 49...
2025-05-29 06:37:59,698 - INFO - Found 60 links on page 46
2025-05-29 06:37:59,698 - INFO - Scraping page 50...
2025-05-29 06:38:00,483 - INFO - Found 60 links on page 48
2025-05-29 06:38:00,483 - INFO - Scraping page 51...
2025-05-29 06:38:04,538 - INFO - Found 60 links on page 50
2025-05-29 06:38:04,543 - INFO - Scraping page 52...
2025-05-29 06:38:04,686 - INFO - Found 60 links on page 51
2025-05-29 06:38:04,691 - INFO - Scraping page 53...
2025-05-29 06:38:04,801 - INFO - Found 60 links on page 49
2025-05-29 06:38:04,801 - INFO - Scraping page 54...
2025-05-29 06:38:08,750 - INFO - Found 60 links on page 52
2025-05-29 06:38:08,755 - INFO - Scraping page 55...
2025-05-29 06:38:09,025 - INFO - Found 60 links on page 53
2025-05-29 06:38:09,030 - INFO - Scraping page 56...
2025-05-29 06:38:09,139 - INFO - Found 60 links on page 54
2025-05-29 06:38:09,139 - INFO - Scraping page 57...
2025-05-29 06:38:12,931 - INFO - Found 60 links on page 56
2025-05-29 06:38:12,941 - INFO - Scraping page 58...
2025-05-29 06:38:13,063 - INFO - Found 60 links on page 55
2025-05-29 06:38:13,063 - INFO - Scraping page 59...
2025-05-29 06:38:13,532 - INFO - Found 60 links on page 57
2025-05-29 06:38:13,532 - INFO - Scraping page 60...
2025-05-29 06:38:16,806 - INFO - Found 60 links on page 58
2025-05-29 06:38:16,806 - INFO - Scraping page 61...
2025-05-29 06:38:17,547 - INFO - Found 60 links on page 60
2025-05-29 06:38:17,547 - INFO - Scraping page 62...
2025-05-29 06:38:17,810 - INFO - Found 60 links on page 59
2025-05-29 06:38:17,811 - INFO - Scraping page 63...
2025-05-29 06:38:20,820 - INFO - Found 60 links on page 61
2025-05-29 06:38:20,821 - INFO - Scraping page 64...
2025-05-29 06:38:21,700 - INFO - Found 60 links on page 62
2025-05-29 06:38:21,700 - INFO - Scraping page 65...
2025-05-29 06:38:21,906 - INFO - Found 60 links on page 63
2025-05-29 06:38:21,906 - INFO - Scraping page 66...
2025-05-29 06:38:25,013 - INFO - Found 60 links on page 64
2025-05-29 06:38:25,013 - INFO - Scraping page 67...
2025-05-29 06:38:25,792 - INFO - Found 60 links on page 66
2025-05-29 06:38:25,797 - INFO - Scraping page 68...
2025-05-29 06:38:25,947 - INFO - Found 60 links on page 65
2025-05-29 06:38:25,947 - INFO - Scraping page 69...
2025-05-29 06:38:29,191 - INFO - Found 60 links on page 67
2025-05-29 06:38:29,191 - INFO - Scraping page 70...
2025-05-29 06:38:30,125 - INFO - Found 60 links on page 68
2025-05-29 06:38:30,130 - INFO - Scraping page 71...
2025-05-29 06:38:30,281 - INFO - Found 60 links on page 69
2025-05-29 06:38:30,281 - INFO - Scraping page 72...
2025-05-29 06:38:33,031 - INFO - Found 60 links on page 70
2025-05-29 06:38:33,032 - INFO - Scraping page 73...
2025-05-29 06:38:33,998 - INFO - Found 60 links on page 71
2025-05-29 06:38:33,999 - INFO - Scraping page 74...
2025-05-29 06:38:34,335 - INFO - Found 60 links on page 72
2025-05-29 06:38:34,335 - INFO - Scraping page 75...
2025-05-29 06:38:37,159 - INFO - Found 60 links on page 73
2025-05-29 06:38:37,159 - INFO - Scraping page 76...
2025-05-29 06:38:38,004 - INFO - Found 60 links on page 74
2025-05-29 06:38:38,005 - INFO - Scraping page 77...
2025-05-29 06:38:38,382 - INFO - Found 60 links on page 75
2025-05-29 06:38:38,382 - INFO - Scraping page 78...
2025-05-29 06:38:41,678 - INFO - Found 60 links on page 76
2025-05-29 06:38:41,678 - INFO - Scraping page 79...
2025-05-29 06:38:42,587 - INFO - Found 60 links on page 78
2025-05-29 06:38:42,588 - INFO - Scraping page 80...
2025-05-29 06:38:42,850 - INFO - Found 60 links on page 77
2025-05-29 06:38:42,850 - INFO - Scraping page 81...
2025-05-29 06:38:45,406 - INFO - Found 60 links on page 79
2025-05-29 06:38:45,406 - INFO - Scraping page 82...
2025-05-29 06:38:46,823 - INFO - Found 60 links on page 81
2025-05-29 06:38:46,829 - INFO - Scraping page 83...
2025-05-29 06:38:46,948 - INFO - Found 60 links on page 80
2025-05-29 06:38:46,949 - INFO - Scraping page 84...
2025-05-29 06:38:49,389 - INFO - Found 60 links on page 82
2025-05-29 06:38:49,389 - INFO - Scraping page 85...
2025-05-29 06:38:50,856 - INFO - Found 60 links on page 84
2025-05-29 06:38:50,856 - INFO - Scraping page 86...
2025-05-29 06:38:51,106 - INFO - Found 60 links on page 83
2025-05-29 06:38:51,106 - INFO - Scraping page 87...
2025-05-29 06:38:53,316 - INFO - Found 60 links on page 85
2025-05-29 06:38:53,316 - INFO - Scraping page 88...
2025-05-29 06:38:54,829 - INFO - Found 60 links on page 86
2025-05-29 06:38:54,829 - INFO - Scraping page 89...
2025-05-29 06:38:55,371 - INFO - Found 60 links on page 87
2025-05-29 06:38:55,371 - INFO - Scraping page 90...
2025-05-29 06:38:57,139 - INFO - Found 60 links on page 88
2025-05-29 06:38:57,139 - INFO - Scraping page 91...
2025-05-29 06:38:58,883 - INFO - Found 60 links on page 89
2025-05-29 06:38:58,884 - INFO - Scraping page 92...
2025-05-29 06:38:59,567 - INFO - Found 60 links on page 90
2025-05-29 06:38:59,567 - INFO - Scraping page 93...
2025-05-29 06:39:01,101 - INFO - Found 60 links on page 91
2025-05-29 06:39:01,101 - INFO - Scraping page 94...
2025-05-29 06:39:03,072 - INFO - Found 60 links on page 92
2025-05-29 06:39:03,072 - INFO - Scraping page 95...
2025-05-29 06:39:03,767 - INFO - Found 60 links on page 93
2025-05-29 06:39:03,767 - INFO - Scraping page 96...
2025-05-29 06:39:05,087 - INFO - Found 60 links on page 94
2025-05-29 06:39:05,087 - INFO - Scraping page 97...
2025-05-29 06:39:06,898 - INFO - Found 60 links on page 95
2025-05-29 06:39:06,898 - INFO - Scraping page 98...
2025-05-29 06:39:07,721 - INFO - Found 60 links on page 96
2025-05-29 06:39:07,721 - INFO - Scraping page 99...
2025-05-29 06:39:08,829 - INFO - Found 60 links on page 97
2025-05-29 06:39:08,829 - INFO - Scraping page 100...
2025-05-29 06:39:10,748 - INFO - Found 60 links on page 98
2025-05-29 06:39:10,748 - INFO - Scraping page 101...
2025-05-29 06:39:11,908 - INFO - Found 60 links on page 99
2025-05-29 06:39:11,908 - INFO - Scraping page 102...
2025-05-29 06:39:12,901 - INFO - Found 60 links on page 100
2025-05-29 06:39:12,901 - INFO - Scraping page 103...
2025-05-29 06:39:15,356 - INFO - Found 60 links on page 101
2025-05-29 06:39:15,356 - INFO - Scraping page 104...
2025-05-29 06:39:16,776 - INFO - Found 60 links on page 102
2025-05-29 06:39:16,776 - INFO - Scraping page 105...
2025-05-29 06:39:16,975 - INFO - Found 60 links on page 103
2025-05-29 06:39:16,975 - INFO - Scraping page 106...
2025-05-29 06:39:19,524 - INFO - Found 60 links on page 104
2025-05-29 06:39:19,524 - INFO - Scraping page 107...
2025-05-29 06:39:20,717 - INFO - Found 60 links on page 105
2025-05-29 06:39:20,717 - INFO - Scraping page 108...
2025-05-29 06:39:20,959 - INFO - Found 60 links on page 106
2025-05-29 06:39:20,959 - INFO - Scraping page 109...
2025-05-29 06:39:23,622 - INFO - Found 60 links on page 107
2025-05-29 06:39:23,622 - INFO - Scraping page 110...
2025-05-29 06:39:24,577 - INFO - Found 60 links on page 108
2025-05-29 06:39:24,578 - INFO - Scraping page 111...
2025-05-29 06:39:24,892 - INFO - Found 60 links on page 109
2025-05-29 06:39:24,892 - INFO - Scraping page 112...
2025-05-29 06:39:27,655 - INFO - Found 60 links on page 110
2025-05-29 06:39:27,655 - INFO - Scraping page 113...
2025-05-29 06:39:28,605 - INFO - Found 60 links on page 111
2025-05-29 06:39:28,605 - INFO - Scraping page 114...
2025-05-29 06:39:28,885 - INFO - Found 60 links on page 112
2025-05-29 06:39:28,886 - INFO - Scraping page 115...
2025-05-29 06:39:31,695 - INFO - Found 60 links on page 113
2025-05-29 06:39:31,695 - INFO - Scraping page 116...
2025-05-29 06:39:33,232 - INFO - Found 60 links on page 115
2025-05-29 06:39:33,232 - INFO - Scraping page 117...
2025-05-29 06:39:33,452 - INFO - Found 60 links on page 114
2025-05-29 06:39:33,452 - INFO - Scraping page 118...
2025-05-29 06:39:35,811 - INFO - Found 60 links on page 116
2025-05-29 06:39:35,811 - INFO - Scraping page 119...
2025-05-29 06:39:37,261 - INFO - Found 60 links on page 117
2025-05-29 06:39:37,262 - INFO - Scraping page 120...
2025-05-29 06:39:37,658 - INFO - Found 60 links on page 118
2025-05-29 06:39:37,659 - INFO - Scraping page 121...
2025-05-29 06:39:39,888 - INFO - Found 60 links on page 119
2025-05-29 06:39:39,888 - INFO - Scraping page 122...
2025-05-29 06:39:41,850 - INFO - Found 60 links on page 120
2025-05-29 06:39:41,850 - INFO - Scraping page 123...
2025-05-29 06:39:42,334 - INFO - Found 60 links on page 121
2025-05-29 06:39:42,334 - INFO - Scraping page 124...
2025-05-29 06:39:43,817 - INFO - Found 60 links on page 122
2025-05-29 06:39:43,817 - INFO - Scraping page 125...
2025-05-29 06:39:45,912 - INFO - Found 60 links on page 123
2025-05-29 06:39:45,913 - INFO - Scraping page 126...
2025-05-29 06:39:46,417 - INFO - Found 60 links on page 124
2025-05-29 06:39:46,417 - INFO - Scraping page 127...
2025-05-29 06:39:47,550 - INFO - Found 60 links on page 125
2025-05-29 06:39:47,550 - INFO - Scraping page 128...
2025-05-29 06:39:50,024 - INFO - Found 60 links on page 126
2025-05-29 06:39:50,024 - INFO - Scraping page 129...
2025-05-29 06:39:50,404 - INFO - Found 60 links on page 127
2025-05-29 06:39:50,404 - INFO - Scraping page 130...
2025-05-29 06:39:51,579 - INFO - Found 60 links on page 128
2025-05-29 06:39:51,579 - INFO - Scraping page 131...
2025-05-29 06:39:53,892 - INFO - Found 60 links on page 129
2025-05-29 06:39:53,892 - INFO - Scraping page 132...
2025-05-29 06:39:54,769 - INFO - Found 60 links on page 130
2025-05-29 06:39:54,769 - INFO - Scraping page 133...
2025-05-29 06:39:55,416 - INFO - Found 60 links on page 131
2025-05-29 06:39:55,416 - INFO - Scraping page 134...
2025-05-29 06:39:57,746 - INFO - Found 60 links on page 132
2025-05-29 06:39:57,746 - INFO - Scraping page 135...
2025-05-29 06:39:58,938 - INFO - Found 60 links on page 133
2025-05-29 06:39:58,938 - INFO - Scraping page 136...
2025-05-29 06:39:59,963 - INFO - Found 60 links on page 134
2025-05-29 06:39:59,964 - INFO - Scraping page 137...
2025-05-29 06:40:01,943 - INFO - Found 60 links on page 135
2025-05-29 06:40:01,943 - INFO - Scraping page 138...
2025-05-29 06:40:03,375 - INFO - Found 60 links on page 136
2025-05-29 06:40:03,375 - INFO - Scraping page 139...
2025-05-29 06:40:03,920 - INFO - Found 60 links on page 137
2025-05-29 06:40:03,920 - INFO - Scraping page 140...
2025-05-29 06:40:06,268 - INFO - Found 60 links on page 138
2025-05-29 06:40:06,268 - INFO - Scraping page 141...
2025-05-29 06:40:07,551 - INFO - Found 60 links on page 139
2025-05-29 06:40:07,551 - INFO - Scraping page 142...
2025-05-29 06:40:08,032 - INFO - Found 60 links on page 140
2025-05-29 06:40:08,032 - INFO - Scraping page 143...
2025-05-29 06:40:10,365 - INFO - Found 60 links on page 141
2025-05-29 06:40:10,365 - INFO - Scraping page 144...
2025-05-29 06:40:11,622 - INFO - Found 60 links on page 142
2025-05-29 06:40:11,622 - INFO - Scraping page 145...
2025-05-29 06:40:12,613 - INFO - Found 60 links on page 143
2025-05-29 06:40:12,613 - INFO - Scraping page 146...
2025-05-29 06:40:14,556 - INFO - Found 60 links on page 144
2025-05-29 06:40:14,556 - INFO - Scraping page 147...
2025-05-29 06:40:15,404 - INFO - Found 60 links on page 145
2025-05-29 06:40:15,404 - INFO - Scraping page 148...
2025-05-29 06:40:16,835 - INFO - Found 60 links on page 146
2025-05-29 06:40:16,836 - INFO - Scraping page 149...
2025-05-29 06:40:19,207 - INFO - Found 60 links on page 147
2025-05-29 06:40:19,207 - INFO - Scraping page 150...
2025-05-29 06:40:19,420 - INFO - Found 60 links on page 148
2025-05-29 06:40:19,420 - INFO - Scraping page 151...
2025-05-29 06:40:20,951 - INFO - Found 60 links on page 149
2025-05-29 06:40:20,951 - INFO - Scraping page 152...
2025-05-29 06:40:23,438 - INFO - Found 60 links on page 150
2025-05-29 06:40:23,443 - INFO - Scraping page 153...
2025-05-29 06:40:23,581 - INFO - Found 60 links on page 151
2025-05-29 06:40:23,581 - INFO - Scraping page 154...
2025-05-29 06:40:24,991 - INFO - Found 60 links on page 152
2025-05-29 06:40:24,991 - INFO - Scraping page 155...
2025-05-29 06:40:27,490 - INFO - Found 60 links on page 153
2025-05-29 06:40:27,490 - INFO - Scraping page 156...
2025-05-29 06:40:28,001 - INFO - Found 60 links on page 154
2025-05-29 06:40:28,001 - INFO - Scraping page 157...
2025-05-29 06:40:29,217 - INFO - Found 60 links on page 155
2025-05-29 06:40:29,217 - INFO - Scraping page 158...
2025-05-29 06:40:32,055 - INFO - Found 60 links on page 157
2025-05-29 06:40:32,055 - INFO - Scraping page 159...
2025-05-29 06:40:32,393 - INFO - Found 60 links on page 156
2025-05-29 06:40:32,394 - INFO - Scraping page 160...
2025-05-29 06:40:33,985 - INFO - Found 60 links on page 158
2025-05-29 06:40:33,985 - INFO - Scraping page 161...
2025-05-29 06:40:36,203 - INFO - Found 60 links on page 159
2025-05-29 06:40:36,203 - INFO - Scraping page 162...
2025-05-29 06:40:36,416 - INFO - Found 60 links on page 160
2025-05-29 06:40:36,416 - INFO - Scraping page 163...
2025-05-29 06:40:38,045 - INFO - Found 60 links on page 161
2025-05-29 06:40:38,045 - INFO - Scraping page 164...
2025-05-29 06:40:40,009 - INFO - Found 60 links on page 162
2025-05-29 06:40:40,009 - INFO - Scraping page 165...
2025-05-29 06:40:40,321 - INFO - Found 60 links on page 163
2025-05-29 06:40:40,321 - INFO - Scraping page 166...
2025-05-29 06:40:42,716 - INFO - Found 60 links on page 164
2025-05-29 06:40:42,716 - INFO - Scraping page 167...
2025-05-29 06:40:44,162 - INFO - Found 60 links on page 166
2025-05-29 06:40:44,162 - INFO - Scraping page 168...
2025-05-29 06:40:44,618 - INFO - Found 60 links on page 165
2025-05-29 06:40:44,618 - INFO - Scraping page 169...
2025-05-29 06:40:47,454 - INFO - Found 60 links on page 167
2025-05-29 06:40:47,454 - INFO - Scraping page 170...
2025-05-29 06:40:47,993 - INFO - Found 60 links on page 168
2025-05-29 06:40:47,993 - INFO - Scraping page 171...
2025-05-29 06:40:48,412 - INFO - Found 60 links on page 169
2025-05-29 06:40:48,412 - INFO - Scraping page 172...
2025-05-29 06:40:51,943 - INFO - Found 60 links on page 170
2025-05-29 06:40:51,943 - INFO - Scraping page 173...
2025-05-29 06:40:52,136 - INFO - Found 60 links on page 171
2025-05-29 06:40:52,136 - INFO - Scraping page 174...
2025-05-29 06:40:52,478 - INFO - Found 60 links on page 172
2025-05-29 06:40:52,478 - INFO - Scraping page 175...
2025-05-29 06:40:56,069 - INFO - Found 60 links on page 174
2025-05-29 06:40:56,069 - INFO - Scraping page 176...
2025-05-29 06:40:56,361 - INFO - Found 60 links on page 173
2025-05-29 06:40:56,371 - INFO - Scraping page 177...
2025-05-29 06:40:56,516 - INFO - Found 60 links on page 175
2025-05-29 06:40:56,516 - INFO - Scraping page 178...
2025-05-29 06:41:00,257 - INFO - Found 60 links on page 176
2025-05-29 06:41:00,258 - INFO - Scraping page 179...
2025-05-29 06:41:00,761 - INFO - Found 60 links on page 178
2025-05-29 06:41:00,761 - INFO - Scraping page 180...
2025-05-29 06:41:00,963 - INFO - Found 60 links on page 177
2025-05-29 06:41:00,963 - INFO - Scraping page 181...
2025-05-29 06:41:04,570 - INFO - Found 60 links on page 179
2025-05-29 06:41:04,570 - INFO - Scraping page 182...
2025-05-29 06:41:05,158 - INFO - Found 60 links on page 180
2025-05-29 06:41:05,158 - INFO - Scraping page 183...
2025-05-29 06:41:05,545 - INFO - Found 60 links on page 181
2025-05-29 06:41:05,545 - INFO - Scraping page 184...
2025-05-29 06:41:08,725 - INFO - Found 60 links on page 182
2025-05-29 06:41:08,725 - INFO - Scraping page 185...
2025-05-29 06:41:09,382 - INFO - Found 60 links on page 183
2025-05-29 06:41:09,382 - INFO - Scraping page 186...
2025-05-29 06:41:10,001 - INFO - Found 60 links on page 184
2025-05-29 06:41:10,001 - INFO - Scraping page 187...
2025-05-29 06:41:12,742 - INFO - Found 60 links on page 185
2025-05-29 06:41:12,743 - INFO - Scraping page 188...
2025-05-29 06:41:13,679 - INFO - Found 60 links on page 186
2025-05-29 06:41:13,679 - INFO - Scraping page 189...
2025-05-29 06:41:14,741 - INFO - Found 60 links on page 187
2025-05-29 06:41:14,741 - INFO - Scraping page 190...
2025-05-29 06:41:16,987 - INFO - Found 60 links on page 188
2025-05-29 06:41:16,987 - INFO - Scraping page 191...
2025-05-29 06:41:17,919 - INFO - Found 60 links on page 189
2025-05-29 06:41:17,919 - INFO - Scraping page 192...
2025-05-29 06:41:19,151 - INFO - Found 60 links on page 190
2025-05-29 06:41:19,152 - INFO - Scraping page 193...
2025-05-29 06:41:21,025 - INFO - Found 60 links on page 191
2025-05-29 06:41:21,026 - INFO - Scraping page 194...
2025-05-29 06:41:22,076 - INFO - Found 60 links on page 192
2025-05-29 06:41:22,076 - INFO - Scraping page 195...
2025-05-29 06:41:23,183 - INFO - Found 60 links on page 193
2025-05-29 06:41:23,183 - INFO - Scraping page 196...
2025-05-29 06:41:25,372 - INFO - Found 60 links on page 194
2025-05-29 06:41:25,372 - INFO - Scraping page 197...
2025-05-29 06:41:26,063 - INFO - Found 60 links on page 195
2025-05-29 06:41:26,063 - INFO - Scraping page 198...
2025-05-29 06:41:27,165 - INFO - Found 60 links on page 196
2025-05-29 06:41:27,166 - INFO - Scraping page 199...
2025-05-29 06:41:29,234 - INFO - Found 60 links on page 197
2025-05-29 06:41:29,235 - INFO - Scraping page 200...
2025-05-29 06:41:30,259 - INFO - Found 60 links on page 198
2025-05-29 06:41:31,609 - INFO - Found 60 links on page 199
2025-05-29 06:41:33,130 - INFO - Found 60 links on page 200
2025-05-29 06:41:33,137 - INFO - Found 407 new links to scrape out of 12000 total links
2025-05-29 06:41:33,137 - INFO - Processing batch 1/9 (50 links)
2025-05-29 06:41:39,296 - INFO - Progress: 10/50 ads processed
2025-05-29 06:41:44,320 - INFO - Progress: 20/50 ads processed
2025-05-29 06:41:49,047 - INFO - Progress: 30/50 ads processed
2025-05-29 06:41:54,414 - INFO - Progress: 40/50 ads processed
2025-05-29 06:41:59,267 - INFO - Progress: 50/50 ads processed
2025-05-29 06:41:59,329 - INFO - Created backup of existing data file at unegui_data/unegui_sales_data.csv.bak
2025-05-29 06:41:59,587 - INFO - Data saved to unegui_data/unegui_sales_data.csv: 18596 records
2025-05-29 06:42:00,207 - INFO - Cache saved with 18903 URLs
2025-05-29 06:42:00,207 - INFO - Saved batch data. Total records: 18596
2025-05-29 06:42:00,207 - INFO - Processing batch 2/9 (50 links)
2025-05-29 06:42:06,216 - INFO - Progress: 10/50 ads processed
2025-05-29 06:42:11,048 - INFO - Progress: 20/50 ads processed
2025-05-29 06:42:16,448 - INFO - Progress: 30/50 ads processed
2025-05-29 06:42:21,467 - INFO - Progress: 40/50 ads processed
2025-05-29 06:42:26,456 - INFO - Progress: 50/50 ads processed
2025-05-29 06:42:26,515 - INFO - Created backup of existing data file at unegui_data/unegui_sales_data.csv.bak
2025-05-29 06:42:26,772 - INFO - Data saved to unegui_data/unegui_sales_data.csv: 18645 records
2025-05-29 06:42:27,393 - INFO - Cache saved with 18953 URLs
2025-05-29 06:42:27,393 - INFO - Saved batch data. Total records: 18645
2025-05-29 06:42:27,393 - INFO - Processing batch 3/9 (50 links)
2025-05-29 06:42:32,772 - INFO - Progress: 10/50 ads processed
2025-05-29 06:42:37,769 - INFO - Progress: 20/50 ads processed
2025-05-29 06:42:43,271 - INFO - Progress: 30/50 ads processed
2025-05-29 06:42:48,286 - INFO - Progress: 40/50 ads processed
2025-05-29 06:42:54,338 - INFO - Progress: 50/50 ads processed
2025-05-29 06:42:54,395 - INFO - Created backup of existing data file at unegui_data/unegui_sales_data.csv.bak
2025-05-29 06:42:54,653 - INFO - Data saved to unegui_data/unegui_sales_data.csv: 18694 records
2025-05-29 06:42:55,266 - INFO - Cache saved with 19003 URLs
2025-05-29 06:42:55,266 - INFO - Saved batch data. Total records: 18694
2025-05-29 06:42:55,266 - INFO - Processing batch 4/9 (50 links)
2025-05-29 06:43:00,994 - INFO - Progress: 10/50 ads processed
2025-05-29 06:43:06,017 - INFO - Progress: 20/50 ads processed
2025-05-29 06:43:11,160 - INFO - Progress: 30/50 ads processed
2025-05-29 06:43:16,730 - INFO - Progress: 40/50 ads processed
2025-05-29 06:43:22,003 - INFO - Progress: 50/50 ads processed
2025-05-29 06:43:22,060 - INFO - Created backup of existing data file at unegui_data/unegui_sales_data.csv.bak
2025-05-29 06:43:22,319 - INFO - Data saved to unegui_data/unegui_sales_data.csv: 18744 records
2025-05-29 06:43:22,940 - INFO - Cache saved with 19053 URLs
2025-05-29 06:43:22,940 - INFO - Saved batch data. Total records: 18744
2025-05-29 06:43:22,940 - INFO - Processing batch 5/9 (50 links)
2025-05-29 06:43:28,371 - INFO - Progress: 10/50 ads processed
2025-05-29 06:43:33,828 - INFO - Progress: 20/50 ads processed
2025-05-29 06:43:38,836 - INFO - Progress: 30/50 ads processed
2025-05-29 06:43:44,267 - INFO - Progress: 40/50 ads processed
2025-05-29 06:43:49,564 - INFO - Progress: 50/50 ads processed
2025-05-29 06:43:49,620 - INFO - Created backup of existing data file at unegui_data/unegui_sales_data.csv.bak
2025-05-29 06:43:49,881 - INFO - Data saved to unegui_data/unegui_sales_data.csv: 18793 records
2025-05-29 06:43:50,519 - INFO - Cache saved with 19103 URLs
2025-05-29 06:43:50,519 - INFO - Saved batch data. Total records: 18793
2025-05-29 06:43:50,519 - INFO - Processing batch 6/9 (50 links)
2025-05-29 06:43:56,016 - INFO - Progress: 10/50 ads processed
2025-05-29 06:44:01,469 - INFO - Progress: 20/50 ads processed
2025-05-29 06:44:06,683 - INFO - Progress: 30/50 ads processed
2025-05-29 06:44:11,333 - INFO - Progress: 40/50 ads processed
2025-05-29 06:44:16,376 - INFO - Progress: 50/50 ads processed
2025-05-29 06:44:16,434 - INFO - Created backup of existing data file at unegui_data/unegui_sales_data.csv.bak
2025-05-29 06:44:16,695 - INFO - Data saved to unegui_data/unegui_sales_data.csv: 18840 records
2025-05-29 06:44:17,350 - INFO - Cache saved with 19153 URLs
2025-05-29 06:44:17,350 - INFO - Saved batch data. Total records: 18840
2025-05-29 06:44:17,350 - INFO - Processing batch 7/9 (50 links)
2025-05-29 06:44:22,921 - INFO - Progress: 10/50 ads processed
2025-05-29 06:44:28,750 - INFO - Progress: 20/50 ads processed
2025-05-29 06:44:33,763 - INFO - Progress: 30/50 ads processed
2025-05-29 06:44:38,922 - INFO - Progress: 40/50 ads processed
2025-05-29 06:44:43,817 - INFO - Progress: 50/50 ads processed
2025-05-29 06:44:43,875 - INFO - Created backup of existing data file at unegui_data/unegui_sales_data.csv.bak
2025-05-29 06:44:44,136 - INFO - Data saved to unegui_data/unegui_sales_data.csv: 18889 records
2025-05-29 06:44:44,770 - INFO - Cache saved with 19203 URLs
2025-05-29 06:44:44,770 - INFO - Saved batch data. Total records: 18889
2025-05-29 06:44:44,770 - INFO - Processing batch 8/9 (50 links)
2025-05-29 06:44:50,102 - INFO - Progress: 10/50 ads processed
2025-05-29 06:44:55,250 - INFO - Progress: 20/50 ads processed
2025-05-29 06:45:00,472 - INFO - Progress: 30/50 ads processed
2025-05-29 06:45:05,860 - INFO - Progress: 40/50 ads processed
2025-05-29 06:45:11,177 - INFO - Progress: 50/50 ads processed
2025-05-29 06:45:11,235 - INFO - Created backup of existing data file at unegui_data/unegui_sales_data.csv.bak
2025-05-29 06:45:11,497 - INFO - Data saved to unegui_data/unegui_sales_data.csv: 18939 records
2025-05-29 06:45:12,126 - INFO - Cache saved with 19253 URLs
2025-05-29 06:45:12,126 - INFO - Saved batch data. Total records: 18939
2025-05-29 06:45:12,126 - INFO - Processing batch 9/9 (7 links)
2025-05-29 06:45:17,528 - INFO - Progress: 7/7 ads processed
2025-05-29 06:45:17,587 - INFO - Created backup of existing data file at unegui_data/unegui_sales_data.csv.bak
2025-05-29 06:45:17,850 - INFO - Data saved to unegui_data/unegui_sales_data.csv: 18946 records
2025-05-29 06:45:18,482 - INFO - Cache saved with 19260 URLs
2025-05-29 06:45:18,482 - INFO - Saved batch data. Total records: 18946
2025-05-29 06:45:18,482 - INFO - Scraping completed in 0:08:23.542341. Total ads collected: 18946
