2025-06-20 06:37:34,113 - INFO - Starting sales apartment scraper at 2025-06-20 06:37:34.113276
2025-06-20 06:37:34,490 - INFO - Loaded existing data from unegui_data/unegui_sales_data.csv: 26138 records
2025-06-20 06:37:34,798 - INFO - Loaded 26138 existing records
2025-06-20 06:37:34,823 - INFO - Scraping page 1...
2025-06-20 06:37:34,824 - INFO - Scraping page 2...
2025-06-20 06:37:34,824 - INFO - Scraping page 3...
2025-06-20 06:37:38,828 - INFO - Found 60 links on page 1
2025-06-20 06:37:38,828 - INFO - Scraping page 4...
2025-06-20 06:37:39,397 - INFO - Found 60 links on page 2
2025-06-20 06:37:39,397 - INFO - Scraping page 5...
2025-06-20 06:37:39,716 - INFO - Found 60 links on page 3
2025-06-20 06:37:39,716 - INFO - Scraping page 6...
2025-06-20 06:37:42,676 - INFO - Found 60 links on page 4
2025-06-20 06:37:42,676 - INFO - Scraping page 7...
2025-06-20 06:37:43,027 - INFO - Found 60 links on page 5
2025-06-20 06:37:43,027 - INFO - Scraping page 8...
2025-06-20 06:37:43,438 - INFO - Found 60 links on page 6
2025-06-20 06:37:43,438 - INFO - Scraping page 9...
2025-06-20 06:37:46,634 - INFO - Found 60 links on page 8
2025-06-20 06:37:46,635 - INFO - Scraping page 10...
2025-06-20 06:37:46,840 - INFO - Found 60 links on page 7
2025-06-20 06:37:46,840 - INFO - Scraping page 11...
2025-06-20 06:37:47,513 - INFO - Found 60 links on page 9
2025-06-20 06:37:47,513 - INFO - Scraping page 12...
2025-06-20 06:37:50,791 - INFO - Found 60 links on page 10
2025-06-20 06:37:50,797 - INFO - Scraping page 13...
2025-06-20 06:37:51,007 - INFO - Found 60 links on page 11
2025-06-20 06:37:51,007 - INFO - Scraping page 14...
2025-06-20 06:37:51,226 - INFO - Found 60 links on page 12
2025-06-20 06:37:51,227 - INFO - Scraping page 15...
2025-06-20 06:37:54,496 - INFO - Found 60 links on page 13
2025-06-20 06:37:54,497 - INFO - Scraping page 16...
2025-06-20 06:37:54,927 - INFO - Found 60 links on page 14
2025-06-20 06:37:54,927 - INFO - Scraping page 17...
2025-06-20 06:37:55,735 - INFO - Found 60 links on page 15
2025-06-20 06:37:55,735 - INFO - Scraping page 18...
2025-06-20 06:37:58,320 - INFO - Found 60 links on page 16
2025-06-20 06:37:58,320 - INFO - Scraping page 19...
2025-06-20 06:37:58,871 - INFO - Found 60 links on page 17
2025-06-20 06:37:58,871 - INFO - Scraping page 20...
2025-06-20 06:37:59,607 - INFO - Found 60 links on page 18
2025-06-20 06:37:59,607 - INFO - Scraping page 21...
2025-06-20 06:38:02,174 - INFO - Found 60 links on page 19
2025-06-20 06:38:02,174 - INFO - Scraping page 22...
2025-06-20 06:38:02,846 - INFO - Found 60 links on page 20
2025-06-20 06:38:02,846 - INFO - Scraping page 23...
2025-06-20 06:38:04,244 - INFO - Found 60 links on page 21
2025-06-20 06:38:04,244 - INFO - Scraping page 24...
2025-06-20 06:38:06,603 - INFO - Found 60 links on page 22
2025-06-20 06:38:06,613 - INFO - Scraping page 25...
2025-06-20 06:38:06,670 - INFO - Found 60 links on page 23
2025-06-20 06:38:06,670 - INFO - Scraping page 26...
2025-06-20 06:38:08,228 - INFO - Found 60 links on page 24
2025-06-20 06:38:08,228 - INFO - Scraping page 27...
2025-06-20 06:38:10,207 - INFO - Found 60 links on page 25
2025-06-20 06:38:10,208 - INFO - Scraping page 28...
2025-06-20 06:38:10,754 - INFO - Found 60 links on page 26
2025-06-20 06:38:10,755 - INFO - Scraping page 29...
2025-06-20 06:38:11,895 - INFO - Found 60 links on page 27
2025-06-20 06:38:11,895 - INFO - Scraping page 30...
2025-06-20 06:38:14,162 - INFO - Found 60 links on page 28
2025-06-20 06:38:14,162 - INFO - Scraping page 31...
2025-06-20 06:38:15,116 - INFO - Found 60 links on page 29
2025-06-20 06:38:15,116 - INFO - Scraping page 32...
2025-06-20 06:38:16,060 - INFO - Found 60 links on page 30
2025-06-20 06:38:16,061 - INFO - Scraping page 33...
2025-06-20 06:38:17,800 - INFO - Found 60 links on page 31
2025-06-20 06:38:17,801 - INFO - Scraping page 34...
2025-06-20 06:38:19,024 - INFO - Found 60 links on page 32
2025-06-20 06:38:19,025 - INFO - Scraping page 35...
2025-06-20 06:38:20,104 - INFO - Found 60 links on page 33
2025-06-20 06:38:20,105 - INFO - Scraping page 36...
2025-06-20 06:38:22,199 - INFO - Found 60 links on page 34
2025-06-20 06:38:22,199 - INFO - Scraping page 37...
2025-06-20 06:38:23,038 - INFO - Found 60 links on page 35
2025-06-20 06:38:23,039 - INFO - Scraping page 38...
2025-06-20 06:38:23,869 - INFO - Found 60 links on page 36
2025-06-20 06:38:23,869 - INFO - Scraping page 39...
2025-06-20 06:38:25,940 - INFO - Found 60 links on page 37
2025-06-20 06:38:25,940 - INFO - Scraping page 40...
2025-06-20 06:38:27,705 - INFO - Found 60 links on page 38
2025-06-20 06:38:27,710 - INFO - Scraping page 41...
2025-06-20 06:38:27,855 - INFO - Found 60 links on page 39
2025-06-20 06:38:27,855 - INFO - Scraping page 42...
2025-06-20 06:38:30,013 - INFO - Found 60 links on page 40
2025-06-20 06:38:30,014 - INFO - Scraping page 43...
2025-06-20 06:38:31,548 - INFO - Found 60 links on page 41
2025-06-20 06:38:31,548 - INFO - Scraping page 44...
2025-06-20 06:38:31,760 - INFO - Found 60 links on page 42
2025-06-20 06:38:31,760 - INFO - Scraping page 45...
2025-06-20 06:38:34,015 - INFO - Found 60 links on page 43
2025-06-20 06:38:34,015 - INFO - Scraping page 46...
2025-06-20 06:38:35,653 - INFO - Found 60 links on page 44
2025-06-20 06:38:35,654 - INFO - Scraping page 47...
2025-06-20 06:38:36,413 - INFO - Found 60 links on page 45
2025-06-20 06:38:36,413 - INFO - Scraping page 48...
2025-06-20 06:38:37,842 - INFO - Found 60 links on page 46
2025-06-20 06:38:37,842 - INFO - Scraping page 49...
2025-06-20 06:38:39,641 - INFO - Found 60 links on page 47
2025-06-20 06:38:39,641 - INFO - Scraping page 50...
2025-06-20 06:38:40,479 - INFO - Found 60 links on page 48
2025-06-20 06:38:40,480 - INFO - Scraping page 51...
2025-06-20 06:38:41,704 - INFO - Found 60 links on page 49
2025-06-20 06:38:41,705 - INFO - Scraping page 52...
2025-06-20 06:38:43,486 - INFO - Found 60 links on page 50
2025-06-20 06:38:43,487 - INFO - Scraping page 53...
2025-06-20 06:38:44,477 - INFO - Found 60 links on page 51
2025-06-20 06:38:44,477 - INFO - Scraping page 54...
2025-06-20 06:38:45,752 - INFO - Found 60 links on page 52
2025-06-20 06:38:45,752 - INFO - Scraping page 55...
2025-06-20 06:38:47,370 - INFO - Found 60 links on page 53
2025-06-20 06:38:47,370 - INFO - Scraping page 56...
2025-06-20 06:38:48,535 - INFO - Found 60 links on page 54
2025-06-20 06:38:48,535 - INFO - Scraping page 57...
2025-06-20 06:38:49,738 - INFO - Found 60 links on page 55
2025-06-20 06:38:49,739 - INFO - Scraping page 58...
2025-06-20 06:38:51,842 - INFO - Found 60 links on page 56
2025-06-20 06:38:51,842 - INFO - Scraping page 59...
2025-06-20 06:38:53,203 - INFO - Found 60 links on page 57
2025-06-20 06:38:53,204 - INFO - Scraping page 60...
2025-06-20 06:38:53,828 - INFO - Found 60 links on page 58
2025-06-20 06:38:53,829 - INFO - Scraping page 61...
2025-06-20 06:38:55,828 - INFO - Found 60 links on page 59
2025-06-20 06:38:55,828 - INFO - Scraping page 62...
2025-06-20 06:38:56,865 - INFO - Found 60 links on page 60
2025-06-20 06:38:56,865 - INFO - Scraping page 63...
2025-06-20 06:38:58,156 - INFO - Found 60 links on page 61
2025-06-20 06:38:58,156 - INFO - Scraping page 64...
2025-06-20 06:38:59,685 - INFO - Found 60 links on page 62
2025-06-20 06:38:59,685 - INFO - Scraping page 65...
2025-06-20 06:39:01,745 - INFO - Found 60 links on page 63
2025-06-20 06:39:01,746 - INFO - Scraping page 66...
2025-06-20 06:39:02,311 - INFO - Found 60 links on page 64
2025-06-20 06:39:02,312 - INFO - Scraping page 67...
2025-06-20 06:39:03,739 - INFO - Found 60 links on page 65
2025-06-20 06:39:03,740 - INFO - Scraping page 68...
2025-06-20 06:39:06,423 - INFO - Found 60 links on page 67
2025-06-20 06:39:06,428 - INFO - Scraping page 69...
2025-06-20 06:39:06,556 - INFO - Found 60 links on page 66
2025-06-20 06:39:06,556 - INFO - Scraping page 70...
2025-06-20 06:39:08,194 - INFO - Found 60 links on page 68
2025-06-20 06:39:08,195 - INFO - Scraping page 71...
2025-06-20 06:39:10,531 - INFO - Found 60 links on page 69
2025-06-20 06:39:10,531 - INFO - Scraping page 72...
2025-06-20 06:39:11,101 - INFO - Found 60 links on page 70
2025-06-20 06:39:11,101 - INFO - Scraping page 73...
2025-06-20 06:39:12,531 - INFO - Found 60 links on page 71
2025-06-20 06:39:12,531 - INFO - Scraping page 74...
2025-06-20 06:39:15,282 - INFO - Found 60 links on page 73
2025-06-20 06:39:15,283 - INFO - Scraping page 75...
2025-06-20 06:39:15,569 - INFO - Found 60 links on page 72
2025-06-20 06:39:15,569 - INFO - Scraping page 76...
2025-06-20 06:39:16,759 - INFO - Found 60 links on page 74
2025-06-20 06:39:16,759 - INFO - Scraping page 77...
2025-06-20 06:39:19,146 - INFO - Found 60 links on page 75
2025-06-20 06:39:19,147 - INFO - Scraping page 78...
2025-06-20 06:39:19,727 - INFO - Found 60 links on page 76
2025-06-20 06:39:19,727 - INFO - Scraping page 79...
2025-06-20 06:39:21,457 - INFO - Found 60 links on page 77
2025-06-20 06:39:21,457 - INFO - Scraping page 80...
2025-06-20 06:39:23,663 - INFO - Found 60 links on page 78
2025-06-20 06:39:23,668 - INFO - Scraping page 81...
2025-06-20 06:39:23,802 - INFO - Found 60 links on page 79
2025-06-20 06:39:23,802 - INFO - Scraping page 82...
2025-06-20 06:39:25,545 - INFO - Found 60 links on page 80
2025-06-20 06:39:25,545 - INFO - Scraping page 83...
2025-06-20 06:39:27,919 - INFO - Found 60 links on page 82
2025-06-20 06:39:27,924 - INFO - Scraping page 84...
2025-06-20 06:39:28,008 - INFO - Found 60 links on page 81
2025-06-20 06:39:28,008 - INFO - Scraping page 85...
2025-06-20 06:39:29,716 - INFO - Found 60 links on page 83
2025-06-20 06:39:29,717 - INFO - Scraping page 86...
2025-06-20 06:39:32,172 - INFO - Found 60 links on page 84
2025-06-20 06:39:32,177 - INFO - Scraping page 87...
2025-06-20 06:39:32,351 - INFO - Found 60 links on page 85
2025-06-20 06:39:32,351 - INFO - Scraping page 88...
2025-06-20 06:39:34,130 - INFO - Found 60 links on page 86
2025-06-20 06:39:34,131 - INFO - Scraping page 89...
2025-06-20 06:39:36,007 - INFO - Found 60 links on page 87
2025-06-20 06:39:36,008 - INFO - Scraping page 90...
2025-06-20 06:39:36,337 - INFO - Found 60 links on page 88
2025-06-20 06:39:36,337 - INFO - Scraping page 91...
2025-06-20 06:39:38,406 - INFO - Found 60 links on page 89
2025-06-20 06:39:38,406 - INFO - Scraping page 92...
2025-06-20 06:39:40,145 - INFO - Found 60 links on page 90
2025-06-20 06:39:40,145 - INFO - Scraping page 93...
2025-06-20 06:39:40,454 - INFO - Found 60 links on page 91
2025-06-20 06:39:40,454 - INFO - Scraping page 94...
2025-06-20 06:39:42,259 - INFO - Found 60 links on page 92
2025-06-20 06:39:42,259 - INFO - Scraping page 95...
2025-06-20 06:39:44,331 - INFO - Found 60 links on page 93
2025-06-20 06:39:44,332 - INFO - Scraping page 96...
2025-06-20 06:39:44,542 - INFO - Found 60 links on page 94
2025-06-20 06:39:44,543 - INFO - Scraping page 97...
2025-06-20 06:39:46,523 - INFO - Found 60 links on page 95
2025-06-20 06:39:46,523 - INFO - Scraping page 98...
2025-06-20 06:39:48,856 - INFO - Found 60 links on page 97
2025-06-20 06:39:48,867 - INFO - Scraping page 99...
2025-06-20 06:39:48,954 - INFO - Found 60 links on page 96
2025-06-20 06:39:48,955 - INFO - Scraping page 100...
2025-06-20 06:39:50,804 - INFO - Found 60 links on page 98
2025-06-20 06:39:50,804 - INFO - Scraping page 101...
2025-06-20 06:39:53,044 - INFO - Found 60 links on page 100
2025-06-20 06:39:53,055 - INFO - Scraping page 102...
2025-06-20 06:39:53,205 - INFO - Found 60 links on page 99
2025-06-20 06:39:53,205 - INFO - Scraping page 103...
2025-06-20 06:39:55,068 - INFO - Found 60 links on page 101
2025-06-20 06:39:55,068 - INFO - Scraping page 104...
2025-06-20 06:39:57,631 - INFO - Found 60 links on page 103
2025-06-20 06:39:57,642 - INFO - Scraping page 105...
2025-06-20 06:39:57,718 - INFO - Found 60 links on page 102
2025-06-20 06:39:57,719 - INFO - Scraping page 106...
2025-06-20 06:39:59,556 - INFO - Found 60 links on page 104
2025-06-20 06:39:59,556 - INFO - Scraping page 107...
2025-06-20 06:40:01,824 - INFO - Found 60 links on page 105
2025-06-20 06:40:01,824 - INFO - Scraping page 108...
2025-06-20 06:40:02,126 - INFO - Found 60 links on page 106
2025-06-20 06:40:02,126 - INFO - Scraping page 109...
2025-06-20 06:40:04,116 - INFO - Found 60 links on page 107
2025-06-20 06:40:04,116 - INFO - Scraping page 110...
2025-06-20 06:40:06,016 - INFO - Found 60 links on page 109
2025-06-20 06:40:06,017 - INFO - Scraping page 111...
2025-06-20 06:40:06,582 - INFO - Found 60 links on page 108
2025-06-20 06:40:06,582 - INFO - Scraping page 112...
2025-06-20 06:40:08,989 - INFO - Found 60 links on page 110
2025-06-20 06:40:08,990 - INFO - Scraping page 113...
2025-06-20 06:40:10,102 - INFO - Found 60 links on page 111
2025-06-20 06:40:10,103 - INFO - Scraping page 114...
2025-06-20 06:40:11,497 - INFO - Found 60 links on page 112
2025-06-20 06:40:11,497 - INFO - Scraping page 115...
2025-06-20 06:40:13,408 - INFO - Found 60 links on page 113
2025-06-20 06:40:13,408 - INFO - Scraping page 116...
2025-06-20 06:40:14,099 - INFO - Found 60 links on page 114
2025-06-20 06:40:14,099 - INFO - Scraping page 117...
2025-06-20 06:40:15,451 - INFO - Found 60 links on page 115
2025-06-20 06:40:15,451 - INFO - Scraping page 118...
2025-06-20 06:40:17,541 - INFO - Found 60 links on page 116
2025-06-20 06:40:17,541 - INFO - Scraping page 119...
2025-06-20 06:40:18,201 - INFO - Found 60 links on page 117
2025-06-20 06:40:18,201 - INFO - Scraping page 120...
2025-06-20 06:40:19,420 - INFO - Found 60 links on page 118
2025-06-20 06:40:19,421 - INFO - Scraping page 121...
2025-06-20 06:40:21,638 - INFO - Found 60 links on page 119
2025-06-20 06:40:21,639 - INFO - Scraping page 122...
2025-06-20 06:40:22,561 - INFO - Found 60 links on page 120
2025-06-20 06:40:22,561 - INFO - Scraping page 123...
2025-06-20 06:40:24,315 - INFO - Found 60 links on page 121
2025-06-20 06:40:24,315 - INFO - Scraping page 124...
2025-06-20 06:40:25,596 - INFO - Found 60 links on page 122
2025-06-20 06:40:25,596 - INFO - Scraping page 125...
2025-06-20 06:40:26,602 - INFO - Found 60 links on page 123
2025-06-20 06:40:26,602 - INFO - Scraping page 126...
2025-06-20 06:40:28,228 - INFO - Found 60 links on page 124
2025-06-20 06:40:28,228 - INFO - Scraping page 127...
2025-06-20 06:40:29,683 - INFO - Found 60 links on page 125
2025-06-20 06:40:29,684 - INFO - Scraping page 128...
2025-06-20 06:40:31,047 - INFO - Found 60 links on page 126
2025-06-20 06:40:31,047 - INFO - Scraping page 129...
2025-06-20 06:40:32,275 - INFO - Found 60 links on page 127
2025-06-20 06:40:32,275 - INFO - Scraping page 130...
2025-06-20 06:40:33,628 - INFO - Found 60 links on page 128
2025-06-20 06:40:33,629 - INFO - Scraping page 131...
2025-06-20 06:40:34,968 - INFO - Found 60 links on page 129
2025-06-20 06:40:34,968 - INFO - Scraping page 132...
2025-06-20 06:40:36,496 - INFO - Found 60 links on page 130
2025-06-20 06:40:36,496 - INFO - Scraping page 133...
2025-06-20 06:40:38,280 - INFO - Found 60 links on page 131
2025-06-20 06:40:38,280 - INFO - Scraping page 134...
2025-06-20 06:40:39,084 - INFO - Found 60 links on page 132
2025-06-20 06:40:39,084 - INFO - Scraping page 135...
2025-06-20 06:40:40,575 - INFO - Found 60 links on page 133
2025-06-20 06:40:40,575 - INFO - Scraping page 136...
2025-06-20 06:40:42,030 - INFO - Found 60 links on page 134
2025-06-20 06:40:42,030 - INFO - Scraping page 137...
2025-06-20 06:40:43,264 - INFO - Found 60 links on page 135
2025-06-20 06:40:43,264 - INFO - Scraping page 138...
2025-06-20 06:40:44,838 - INFO - Found 60 links on page 136
2025-06-20 06:40:44,838 - INFO - Scraping page 139...
2025-06-20 06:40:46,415 - INFO - Found 60 links on page 137
2025-06-20 06:40:46,415 - INFO - Scraping page 140...
2025-06-20 06:40:47,593 - INFO - Found 60 links on page 138
2025-06-20 06:40:47,593 - INFO - Scraping page 141...
2025-06-20 06:40:48,851 - INFO - Found 60 links on page 139
2025-06-20 06:40:48,851 - INFO - Scraping page 142...
2025-06-20 06:40:50,406 - INFO - Found 60 links on page 140
2025-06-20 06:40:50,406 - INFO - Scraping page 143...
2025-06-20 06:40:51,602 - INFO - Found 60 links on page 141
2025-06-20 06:40:51,602 - INFO - Scraping page 144...
2025-06-20 06:40:52,955 - INFO - Found 60 links on page 142
2025-06-20 06:40:52,955 - INFO - Scraping page 145...
2025-06-20 06:40:54,512 - INFO - Found 60 links on page 143
2025-06-20 06:40:54,512 - INFO - Scraping page 146...
2025-06-20 06:40:55,430 - INFO - Found 60 links on page 144
2025-06-20 06:40:55,431 - INFO - Scraping page 147...
2025-06-20 06:40:57,107 - INFO - Found 60 links on page 145
2025-06-20 06:40:57,108 - INFO - Scraping page 148...
2025-06-20 06:40:58,580 - INFO - Found 60 links on page 146
2025-06-20 06:40:58,580 - INFO - Scraping page 149...
2025-06-20 06:40:59,420 - INFO - Found 60 links on page 147
2025-06-20 06:40:59,420 - INFO - Scraping page 150...
2025-06-20 06:41:01,514 - INFO - Found 60 links on page 148
2025-06-20 06:41:01,515 - INFO - Scraping page 151...
2025-06-20 06:41:03,173 - INFO - Found 60 links on page 149
2025-06-20 06:41:03,183 - INFO - Scraping page 152...
2025-06-20 06:41:03,406 - INFO - Found 60 links on page 150
2025-06-20 06:41:03,407 - INFO - Scraping page 153...
2025-06-20 06:41:05,367 - INFO - Found 60 links on page 151
2025-06-20 06:41:05,367 - INFO - Scraping page 154...
2025-06-20 06:41:07,096 - INFO - Found 60 links on page 152
2025-06-20 06:41:07,096 - INFO - Scraping page 155...
2025-06-20 06:41:07,526 - INFO - Found 60 links on page 153
2025-06-20 06:41:07,526 - INFO - Scraping page 156...
2025-06-20 06:41:09,500 - INFO - Found 60 links on page 154
2025-06-20 06:41:09,500 - INFO - Scraping page 157...
2025-06-20 06:41:11,752 - INFO - Found 60 links on page 156
2025-06-20 06:41:11,762 - INFO - Scraping page 158...
2025-06-20 06:41:11,893 - INFO - Found 60 links on page 155
2025-06-20 06:41:11,894 - INFO - Scraping page 159...
2025-06-20 06:41:13,448 - INFO - Found 60 links on page 157
2025-06-20 06:41:13,448 - INFO - Scraping page 160...
2025-06-20 06:41:15,835 - INFO - Found 60 links on page 158
2025-06-20 06:41:15,836 - INFO - Scraping page 161...
2025-06-20 06:41:16,444 - INFO - Found 60 links on page 159
2025-06-20 06:41:16,444 - INFO - Scraping page 162...
2025-06-20 06:41:17,563 - INFO - Found 60 links on page 160
2025-06-20 06:41:17,564 - INFO - Scraping page 163...
2025-06-20 06:41:19,789 - INFO - Found 60 links on page 161
2025-06-20 06:41:19,790 - INFO - Scraping page 164...
2025-06-20 06:41:20,392 - INFO - Found 60 links on page 162
2025-06-20 06:41:20,393 - INFO - Scraping page 165...
2025-06-20 06:41:21,625 - INFO - Found 60 links on page 163
2025-06-20 06:41:21,625 - INFO - Scraping page 166...
2025-06-20 06:41:24,399 - INFO - Found 60 links on page 164
2025-06-20 06:41:24,404 - INFO - Scraping page 167...
2025-06-20 06:41:24,637 - INFO - Found 60 links on page 165
2025-06-20 06:41:24,637 - INFO - Scraping page 168...
2025-06-20 06:41:25,456 - INFO - Found 60 links on page 166
2025-06-20 06:41:25,456 - INFO - Scraping page 169...
2025-06-20 06:41:28,797 - INFO - Found 60 links on page 167
2025-06-20 06:41:28,798 - INFO - Scraping page 170...
2025-06-20 06:41:28,989 - INFO - Found 60 links on page 168
2025-06-20 06:41:28,990 - INFO - Scraping page 171...
2025-06-20 06:41:29,522 - INFO - Found 60 links on page 169
2025-06-20 06:41:29,522 - INFO - Scraping page 172...
2025-06-20 06:41:33,002 - INFO - Found 60 links on page 170
2025-06-20 06:41:33,002 - INFO - Scraping page 173...
2025-06-20 06:41:34,026 - INFO - Found 60 links on page 172
2025-06-20 06:41:34,037 - INFO - Scraping page 174...
2025-06-20 06:41:34,158 - INFO - Found 60 links on page 171
2025-06-20 06:41:34,159 - INFO - Scraping page 175...
2025-06-20 06:41:37,151 - INFO - Found 60 links on page 173
2025-06-20 06:41:37,152 - INFO - Scraping page 176...
2025-06-20 06:41:38,086 - INFO - Found 60 links on page 175
2025-06-20 06:41:38,086 - INFO - Scraping page 177...
2025-06-20 06:41:38,433 - INFO - Found 60 links on page 174
2025-06-20 06:41:38,433 - INFO - Scraping page 178...
2025-06-20 06:41:41,280 - INFO - Found 60 links on page 176
2025-06-20 06:41:41,280 - INFO - Scraping page 179...
2025-06-20 06:41:42,092 - INFO - Found 60 links on page 177
2025-06-20 06:41:42,092 - INFO - Scraping page 180...
2025-06-20 06:41:42,670 - INFO - Found 60 links on page 178
2025-06-20 06:41:42,670 - INFO - Scraping page 181...
2025-06-20 06:41:45,588 - INFO - Found 60 links on page 179
2025-06-20 06:41:45,588 - INFO - Scraping page 182...
2025-06-20 06:41:46,818 - INFO - Found 60 links on page 181
2025-06-20 06:41:46,818 - INFO - Scraping page 183...
2025-06-20 06:41:47,018 - INFO - Found 60 links on page 180
2025-06-20 06:41:47,018 - INFO - Scraping page 184...
2025-06-20 06:41:49,787 - INFO - Found 60 links on page 182
2025-06-20 06:41:49,787 - INFO - Scraping page 185...
2025-06-20 06:41:51,043 - INFO - Found 60 links on page 184
2025-06-20 06:41:51,043 - INFO - Scraping page 186...
2025-06-20 06:41:51,257 - INFO - Found 60 links on page 183
2025-06-20 06:41:51,258 - INFO - Scraping page 187...
2025-06-20 06:41:53,723 - INFO - Found 60 links on page 185
2025-06-20 06:41:53,724 - INFO - Scraping page 188...
2025-06-20 06:41:55,309 - INFO - Found 60 links on page 186
2025-06-20 06:41:55,309 - INFO - Scraping page 189...
2025-06-20 06:41:55,516 - INFO - Found 60 links on page 187
2025-06-20 06:41:55,516 - INFO - Scraping page 190...
2025-06-20 06:41:57,848 - INFO - Found 60 links on page 188
2025-06-20 06:41:57,848 - INFO - Scraping page 191...
2025-06-20 06:41:59,365 - INFO - Found 60 links on page 189
2025-06-20 06:41:59,365 - INFO - Scraping page 192...
2025-06-20 06:41:59,771 - INFO - Found 60 links on page 190
2025-06-20 06:41:59,771 - INFO - Scraping page 193...
2025-06-20 06:42:02,361 - INFO - Found 60 links on page 191
2025-06-20 06:42:02,361 - INFO - Scraping page 194...
2025-06-20 06:42:03,958 - INFO - Found 60 links on page 193
2025-06-20 06:42:03,958 - INFO - Scraping page 195...
2025-06-20 06:42:04,262 - INFO - Found 60 links on page 192
2025-06-20 06:42:04,263 - INFO - Scraping page 196...
2025-06-20 06:42:06,107 - INFO - Found 60 links on page 194
2025-06-20 06:42:06,107 - INFO - Scraping page 197...
2025-06-20 06:42:08,401 - INFO - Found 60 links on page 195
2025-06-20 06:42:08,407 - INFO - Scraping page 198...
2025-06-20 06:42:08,494 - INFO - Found 60 links on page 196
2025-06-20 06:42:08,494 - INFO - Scraping page 199...
2025-06-20 06:42:10,075 - INFO - Found 60 links on page 197
2025-06-20 06:42:10,075 - INFO - Scraping page 200...
2025-06-20 06:42:12,589 - INFO - Found 60 links on page 198
2025-06-20 06:42:12,720 - INFO - Found 60 links on page 199
2025-06-20 06:42:14,153 - INFO - Found 60 links on page 200
2025-06-20 06:42:14,162 - INFO - Found 332 new links to scrape out of 12000 total links
2025-06-20 06:42:14,162 - INFO - Processing batch 1/7 (50 links)
2025-06-20 06:42:19,488 - INFO - Progress: 10/50 ads processed
2025-06-20 06:42:24,574 - INFO - Progress: 20/50 ads processed
2025-06-20 06:42:29,691 - INFO - Progress: 30/50 ads processed
2025-06-20 06:42:34,906 - INFO - Progress: 40/50 ads processed
2025-06-20 06:42:39,574 - INFO - Progress: 50/50 ads processed
2025-06-20 06:42:39,659 - INFO - Created backup of existing data file at unegui_data/unegui_sales_data.csv.bak
2025-06-20 06:42:40,036 - INFO - Data saved to unegui_data/unegui_sales_data.csv: 26186 records
2025-06-20 06:42:40,921 - INFO - Cache saved with 26633 URLs
2025-06-20 06:42:40,922 - INFO - Saved batch data. Total records: 26186
2025-06-20 06:42:40,922 - INFO - Processing batch 2/7 (50 links)
2025-06-20 06:42:46,377 - INFO - Progress: 10/50 ads processed
2025-06-20 06:42:51,351 - INFO - Progress: 20/50 ads processed
2025-06-20 06:42:56,329 - INFO - Progress: 30/50 ads processed
2025-06-20 06:43:01,074 - INFO - Progress: 40/50 ads processed
2025-06-20 06:43:06,660 - INFO - Progress: 50/50 ads processed
2025-06-20 06:43:06,740 - INFO - Created backup of existing data file at unegui_data/unegui_sales_data.csv.bak
2025-06-20 06:43:07,113 - INFO - Data saved to unegui_data/unegui_sales_data.csv: 26235 records
2025-06-20 06:43:07,995 - INFO - Cache saved with 26683 URLs
2025-06-20 06:43:07,996 - INFO - Saved batch data. Total records: 26235
2025-06-20 06:43:07,996 - INFO - Processing batch 3/7 (50 links)
2025-06-20 06:43:13,417 - INFO - Progress: 10/50 ads processed
2025-06-20 06:43:18,697 - INFO - Progress: 20/50 ads processed
2025-06-20 06:43:23,817 - INFO - Progress: 30/50 ads processed
2025-06-20 06:43:28,934 - INFO - Progress: 40/50 ads processed
2025-06-20 06:43:34,399 - INFO - Progress: 50/50 ads processed
2025-06-20 06:43:34,479 - INFO - Created backup of existing data file at unegui_data/unegui_sales_data.csv.bak
2025-06-20 06:43:34,852 - INFO - Data saved to unegui_data/unegui_sales_data.csv: 26283 records
2025-06-20 06:43:35,736 - INFO - Cache saved with 26733 URLs
2025-06-20 06:43:35,736 - INFO - Saved batch data. Total records: 26283
2025-06-20 06:43:35,737 - INFO - Processing batch 4/7 (50 links)
2025-06-20 06:43:41,051 - INFO - Progress: 10/50 ads processed
2025-06-20 06:43:46,622 - INFO - Progress: 20/50 ads processed
2025-06-20 06:43:52,143 - INFO - Progress: 30/50 ads processed
2025-06-20 06:43:57,432 - INFO - Progress: 40/50 ads processed
2025-06-20 06:44:02,484 - INFO - Progress: 50/50 ads processed
2025-06-20 06:44:02,569 - INFO - Created backup of existing data file at unegui_data/unegui_sales_data.csv.bak
2025-06-20 06:44:02,943 - INFO - Data saved to unegui_data/unegui_sales_data.csv: 26332 records
2025-06-20 06:44:03,831 - INFO - Cache saved with 26783 URLs
2025-06-20 06:44:03,831 - INFO - Saved batch data. Total records: 26332
2025-06-20 06:44:03,831 - INFO - Processing batch 5/7 (50 links)
2025-06-20 06:44:09,037 - INFO - Progress: 10/50 ads processed
2025-06-20 06:44:14,878 - INFO - Progress: 20/50 ads processed
2025-06-20 06:44:19,721 - INFO - Progress: 30/50 ads processed
2025-06-20 06:44:24,736 - INFO - Progress: 40/50 ads processed
2025-06-20 06:44:29,539 - INFO - Progress: 50/50 ads processed
2025-06-20 06:44:29,627 - INFO - Created backup of existing data file at unegui_data/unegui_sales_data.csv.bak
2025-06-20 06:44:30,001 - INFO - Data saved to unegui_data/unegui_sales_data.csv: 26381 records
2025-06-20 06:44:30,895 - INFO - Cache saved with 26833 URLs
2025-06-20 06:44:30,895 - INFO - Saved batch data. Total records: 26381
2025-06-20 06:44:30,895 - INFO - Processing batch 6/7 (50 links)
2025-06-20 06:44:37,210 - INFO - Progress: 10/50 ads processed
2025-06-20 06:44:42,569 - INFO - Progress: 20/50 ads processed
2025-06-20 06:44:48,597 - INFO - Progress: 30/50 ads processed
2025-06-20 06:44:53,724 - INFO - Progress: 40/50 ads processed
2025-06-20 06:44:58,510 - INFO - Progress: 50/50 ads processed
2025-06-20 06:44:58,589 - INFO - Created backup of existing data file at unegui_data/unegui_sales_data.csv.bak
2025-06-20 06:44:58,963 - INFO - Data saved to unegui_data/unegui_sales_data.csv: 26431 records
2025-06-20 06:44:59,858 - INFO - Cache saved with 26883 URLs
2025-06-20 06:44:59,858 - INFO - Saved batch data. Total records: 26431
2025-06-20 06:44:59,858 - INFO - Processing batch 7/7 (32 links)
2025-06-20 06:45:05,249 - INFO - Progress: 10/32 ads processed
2025-06-20 06:45:10,597 - INFO - Progress: 20/32 ads processed
2025-06-20 06:45:15,675 - INFO - Progress: 30/32 ads processed
2025-06-20 06:45:17,004 - INFO - Progress: 32/32 ads processed
2025-06-20 06:45:17,085 - INFO - Created backup of existing data file at unegui_data/unegui_sales_data.csv.bak
2025-06-20 06:45:17,460 - INFO - Data saved to unegui_data/unegui_sales_data.csv: 26463 records
2025-06-20 06:45:18,358 - INFO - Cache saved with 26915 URLs
2025-06-20 06:45:18,358 - INFO - Saved batch data. Total records: 26463
2025-06-20 06:45:18,358 - INFO - Scraping completed in 0:07:44.245340. Total ads collected: 26463
