2025-06-18 06:37:48,262 - INFO - Starting sales apartment scraper at 2025-06-18 06:37:48.262193
2025-06-18 06:37:48,635 - INFO - Loaded existing data from unegui_data/unegui_sales_data.csv: 25283 records
2025-06-18 06:37:48,928 - INFO - Loaded 25283 existing records
2025-06-18 06:37:48,935 - INFO - Scraping page 1...
2025-06-18 06:37:48,935 - INFO - Scraping page 2...
2025-06-18 06:37:48,935 - INFO - Scraping page 3...
2025-06-18 06:37:53,260 - INFO - Found 60 links on page 1
2025-06-18 06:37:53,271 - INFO - Scraping page 4...
2025-06-18 06:37:53,395 - INFO - Found 60 links on page 3
2025-06-18 06:37:53,395 - INFO - Scraping page 5...
2025-06-18 06:37:54,069 - INFO - Found 60 links on page 2
2025-06-18 06:37:54,070 - INFO - Scraping page 6...
2025-06-18 06:37:56,944 - INFO - Found 60 links on page 4
2025-06-18 06:37:56,945 - INFO - Scraping page 7...
2025-06-18 06:37:57,482 - INFO - Found 60 links on page 5
2025-06-18 06:37:57,482 - INFO - Scraping page 8...
2025-06-18 06:37:57,796 - INFO - Found 60 links on page 6
2025-06-18 06:37:57,796 - INFO - Scraping page 9...
2025-06-18 06:38:00,988 - INFO - Found 60 links on page 7
2025-06-18 06:38:00,993 - INFO - Scraping page 10...
2025-06-18 06:38:01,168 - INFO - Found 60 links on page 8
2025-06-18 06:38:01,169 - INFO - Scraping page 11...
2025-06-18 06:38:01,558 - INFO - Found 60 links on page 9
2025-06-18 06:38:01,558 - INFO - Scraping page 12...
2025-06-18 06:38:04,813 - INFO - Found 60 links on page 10
2025-06-18 06:38:04,818 - INFO - Scraping page 13...
2025-06-18 06:38:05,023 - INFO - Found 60 links on page 11
2025-06-18 06:38:05,033 - INFO - Scraping page 14...
2025-06-18 06:38:05,234 - INFO - Found 60 links on page 12
2025-06-18 06:38:05,234 - INFO - Scraping page 15...
2025-06-18 06:38:09,165 - INFO - Found 60 links on page 14
2025-06-18 06:38:09,175 - INFO - Scraping page 16...
2025-06-18 06:38:09,265 - INFO - Found 60 links on page 15
2025-06-18 06:38:09,270 - INFO - Scraping page 17...
2025-06-18 06:38:09,475 - INFO - Found 60 links on page 13
2025-06-18 06:38:09,475 - INFO - Scraping page 18...
2025-06-18 06:38:13,260 - INFO - Found 60 links on page 18
2025-06-18 06:38:13,270 - INFO - Scraping page 19...
2025-06-18 06:38:13,341 - INFO - Found 60 links on page 16
2025-06-18 06:38:13,341 - INFO - Scraping page 20...
2025-06-18 06:38:13,836 - INFO - Found 60 links on page 17
2025-06-18 06:38:13,836 - INFO - Scraping page 21...
2025-06-18 06:38:18,154 - INFO - Found 60 links on page 20
2025-06-18 06:38:18,159 - INFO - Scraping page 22...
2025-06-18 06:38:18,458 - INFO - Found 60 links on page 21
2025-06-18 06:38:18,469 - INFO - Scraping page 23...
2025-06-18 06:38:18,528 - INFO - Found 60 links on page 19
2025-06-18 06:38:18,529 - INFO - Scraping page 24...
2025-06-18 06:38:22,100 - INFO - Found 60 links on page 23
2025-06-18 06:38:22,100 - INFO - Scraping page 25...
2025-06-18 06:38:22,706 - INFO - Found 60 links on page 24
2025-06-18 06:38:22,712 - INFO - Scraping page 26...
2025-06-18 06:38:22,801 - INFO - Found 60 links on page 22
2025-06-18 06:38:22,801 - INFO - Scraping page 27...
2025-06-18 06:38:25,961 - INFO - Found 60 links on page 25
2025-06-18 06:38:25,961 - INFO - Scraping page 28...
2025-06-18 06:38:26,313 - INFO - Found 60 links on page 26
2025-06-18 06:38:26,313 - INFO - Scraping page 29...
2025-06-18 06:38:26,690 - INFO - Found 60 links on page 27
2025-06-18 06:38:26,690 - INFO - Scraping page 30...
2025-06-18 06:38:30,673 - INFO - Found 60 links on page 28
2025-06-18 06:38:30,674 - INFO - Scraping page 31...
2025-06-18 06:38:30,887 - INFO - Found 60 links on page 29
2025-06-18 06:38:30,887 - INFO - Scraping page 32...
2025-06-18 06:38:31,216 - INFO - Found 60 links on page 30
2025-06-18 06:38:31,216 - INFO - Scraping page 33...
2025-06-18 06:38:34,855 - INFO - Found 60 links on page 32
2025-06-18 06:38:34,860 - INFO - Scraping page 34...
2025-06-18 06:38:34,881 - INFO - Found 60 links on page 31
2025-06-18 06:38:34,881 - INFO - Scraping page 35...
2025-06-18 06:38:35,709 - INFO - Found 60 links on page 33
2025-06-18 06:38:35,709 - INFO - Scraping page 36...
2025-06-18 06:38:38,796 - INFO - Found 60 links on page 35
2025-06-18 06:38:38,796 - INFO - Scraping page 37...
2025-06-18 06:38:39,264 - INFO - Found 60 links on page 34
2025-06-18 06:38:39,264 - INFO - Scraping page 38...
2025-06-18 06:38:39,647 - INFO - Found 60 links on page 36
2025-06-18 06:38:39,647 - INFO - Scraping page 39...
2025-06-18 06:38:42,656 - INFO - Found 60 links on page 37
2025-06-18 06:38:42,657 - INFO - Scraping page 40...
2025-06-18 06:38:43,172 - INFO - Found 60 links on page 38
2025-06-18 06:38:43,172 - INFO - Scraping page 41...
2025-06-18 06:38:43,380 - INFO - Found 60 links on page 39
2025-06-18 06:38:43,380 - INFO - Scraping page 42...
2025-06-18 06:38:46,589 - INFO - Found 60 links on page 40
2025-06-18 06:38:46,589 - INFO - Scraping page 43...
2025-06-18 06:38:46,807 - INFO - Found 60 links on page 41
2025-06-18 06:38:46,807 - INFO - Scraping page 44...
2025-06-18 06:38:47,075 - INFO - Found 60 links on page 42
2025-06-18 06:38:47,076 - INFO - Scraping page 45...
2025-06-18 06:38:50,937 - INFO - Found 60 links on page 44
2025-06-18 06:38:50,937 - INFO - Scraping page 46...
2025-06-18 06:38:51,167 - INFO - Found 60 links on page 43
2025-06-18 06:38:51,168 - INFO - Scraping page 47...
2025-06-18 06:38:51,477 - INFO - Found 60 links on page 45
2025-06-18 06:38:51,477 - INFO - Scraping page 48...
2025-06-18 06:38:55,005 - INFO - Found 60 links on page 47
2025-06-18 06:38:55,005 - INFO - Scraping page 49...
2025-06-18 06:38:55,924 - INFO - Found 60 links on page 46
2025-06-18 06:38:55,929 - INFO - Scraping page 50...
2025-06-18 06:38:56,021 - INFO - Found 60 links on page 48
2025-06-18 06:38:56,022 - INFO - Scraping page 51...
2025-06-18 06:38:59,372 - INFO - Found 60 links on page 49
2025-06-18 06:38:59,372 - INFO - Scraping page 52...
2025-06-18 06:38:59,805 - INFO - Found 60 links on page 50
2025-06-18 06:38:59,811 - INFO - Scraping page 53...
2025-06-18 06:38:59,970 - INFO - Found 60 links on page 51
2025-06-18 06:38:59,970 - INFO - Scraping page 54...
2025-06-18 06:39:03,728 - INFO - Found 60 links on page 52
2025-06-18 06:39:03,738 - INFO - Scraping page 55...
2025-06-18 06:39:03,887 - INFO - Found 60 links on page 53
2025-06-18 06:39:03,887 - INFO - Scraping page 56...
2025-06-18 06:39:04,544 - INFO - Found 60 links on page 54
2025-06-18 06:39:04,544 - INFO - Scraping page 57...
2025-06-18 06:39:07,702 - INFO - Found 60 links on page 56
2025-06-18 06:39:07,703 - INFO - Scraping page 58...
2025-06-18 06:39:07,935 - INFO - Found 60 links on page 55
2025-06-18 06:39:07,936 - INFO - Scraping page 59...
2025-06-18 06:39:08,769 - INFO - Found 60 links on page 57
2025-06-18 06:39:08,769 - INFO - Scraping page 60...
2025-06-18 06:39:12,092 - INFO - Found 60 links on page 58
2025-06-18 06:39:12,092 - INFO - Scraping page 61...
2025-06-18 06:39:12,600 - INFO - Found 60 links on page 59
2025-06-18 06:39:12,600 - INFO - Scraping page 62...
2025-06-18 06:39:12,871 - INFO - Found 60 links on page 60
2025-06-18 06:39:12,871 - INFO - Scraping page 63...
2025-06-18 06:39:16,652 - INFO - Found 60 links on page 61
2025-06-18 06:39:16,658 - INFO - Scraping page 64...
2025-06-18 06:39:16,887 - INFO - Found 60 links on page 62
2025-06-18 06:39:16,892 - INFO - Scraping page 65...
2025-06-18 06:39:17,022 - INFO - Found 60 links on page 63
2025-06-18 06:39:17,022 - INFO - Scraping page 66...
2025-06-18 06:39:20,677 - INFO - Found 60 links on page 64
2025-06-18 06:39:20,677 - INFO - Scraping page 67...
2025-06-18 06:39:21,142 - INFO - Found 60 links on page 66
2025-06-18 06:39:21,148 - INFO - Scraping page 68...
2025-06-18 06:39:21,295 - INFO - Found 60 links on page 65
2025-06-18 06:39:21,295 - INFO - Scraping page 69...
2025-06-18 06:39:24,909 - INFO - Found 60 links on page 67
2025-06-18 06:39:24,909 - INFO - Scraping page 70...
2025-06-18 06:39:25,287 - INFO - Found 60 links on page 69
2025-06-18 06:39:25,292 - INFO - Scraping page 71...
2025-06-18 06:39:25,445 - INFO - Found 60 links on page 68
2025-06-18 06:39:25,446 - INFO - Scraping page 72...
2025-06-18 06:39:29,224 - INFO - Found 60 links on page 71
2025-06-18 06:39:29,229 - INFO - Scraping page 73...
2025-06-18 06:39:29,285 - INFO - Found 60 links on page 70
2025-06-18 06:39:29,285 - INFO - Scraping page 74...
2025-06-18 06:39:29,490 - INFO - Found 60 links on page 72
2025-06-18 06:39:29,490 - INFO - Scraping page 75...
2025-06-18 06:39:32,984 - INFO - Found 60 links on page 74
2025-06-18 06:39:32,984 - INFO - Scraping page 76...
2025-06-18 06:39:33,407 - INFO - Found 60 links on page 73
2025-06-18 06:39:33,412 - INFO - Scraping page 77...
2025-06-18 06:39:33,510 - INFO - Found 60 links on page 75
2025-06-18 06:39:33,510 - INFO - Scraping page 78...
2025-06-18 06:39:37,012 - INFO - Found 60 links on page 76
2025-06-18 06:39:37,012 - INFO - Scraping page 79...
2025-06-18 06:39:37,520 - INFO - Found 60 links on page 77
2025-06-18 06:39:37,525 - INFO - Scraping page 80...
2025-06-18 06:39:37,753 - INFO - Found 60 links on page 78
2025-06-18 06:39:37,753 - INFO - Scraping page 81...
2025-06-18 06:39:41,087 - INFO - Found 60 links on page 79
2025-06-18 06:39:41,087 - INFO - Scraping page 82...
2025-06-18 06:39:41,720 - INFO - Found 60 links on page 80
2025-06-18 06:39:41,725 - INFO - Scraping page 83...
2025-06-18 06:39:41,952 - INFO - Found 60 links on page 81
2025-06-18 06:39:41,952 - INFO - Scraping page 84...
2025-06-18 06:39:45,677 - INFO - Found 60 links on page 82
2025-06-18 06:39:45,682 - INFO - Scraping page 85...
2025-06-18 06:39:45,822 - INFO - Found 60 links on page 83
2025-06-18 06:39:45,822 - INFO - Scraping page 86...
2025-06-18 06:39:46,032 - INFO - Found 60 links on page 84
2025-06-18 06:39:46,032 - INFO - Scraping page 87...
2025-06-18 06:39:49,759 - INFO - Found 60 links on page 85
2025-06-18 06:39:49,759 - INFO - Scraping page 88...
2025-06-18 06:39:50,850 - INFO - Found 60 links on page 86
2025-06-18 06:39:50,855 - INFO - Scraping page 89...
2025-06-18 06:39:50,965 - INFO - Found 60 links on page 87
2025-06-18 06:39:50,965 - INFO - Scraping page 90...
2025-06-18 06:39:53,753 - INFO - Found 60 links on page 88
2025-06-18 06:39:53,753 - INFO - Scraping page 91...
2025-06-18 06:39:54,748 - INFO - Found 60 links on page 89
2025-06-18 06:39:54,748 - INFO - Scraping page 92...
2025-06-18 06:39:55,596 - INFO - Found 60 links on page 90
2025-06-18 06:39:55,596 - INFO - Scraping page 93...
2025-06-18 06:39:57,538 - INFO - Found 60 links on page 91
2025-06-18 06:39:57,538 - INFO - Scraping page 94...
2025-06-18 06:39:58,649 - INFO - Found 60 links on page 92
2025-06-18 06:39:58,650 - INFO - Scraping page 95...
2025-06-18 06:39:59,747 - INFO - Found 60 links on page 93
2025-06-18 06:39:59,747 - INFO - Scraping page 96...
2025-06-18 06:40:01,583 - INFO - Found 60 links on page 94
2025-06-18 06:40:01,583 - INFO - Scraping page 97...
2025-06-18 06:40:02,640 - INFO - Found 60 links on page 95
2025-06-18 06:40:02,640 - INFO - Scraping page 98...
2025-06-18 06:40:03,683 - INFO - Found 60 links on page 96
2025-06-18 06:40:03,684 - INFO - Scraping page 99...
2025-06-18 06:40:05,629 - INFO - Found 60 links on page 97
2025-06-18 06:40:05,629 - INFO - Scraping page 100...
2025-06-18 06:40:06,604 - INFO - Found 60 links on page 98
2025-06-18 06:40:06,604 - INFO - Scraping page 101...
2025-06-18 06:40:07,672 - INFO - Found 60 links on page 99
2025-06-18 06:40:07,673 - INFO - Scraping page 102...
2025-06-18 06:40:10,125 - INFO - Found 60 links on page 100
2025-06-18 06:40:10,126 - INFO - Scraping page 103...
2025-06-18 06:40:10,852 - INFO - Found 60 links on page 101
2025-06-18 06:40:10,852 - INFO - Scraping page 104...
2025-06-18 06:40:11,977 - INFO - Found 60 links on page 102
2025-06-18 06:40:11,977 - INFO - Scraping page 105...
2025-06-18 06:40:14,390 - INFO - Found 60 links on page 103
2025-06-18 06:40:14,391 - INFO - Scraping page 106...
2025-06-18 06:40:15,110 - INFO - Found 60 links on page 104
2025-06-18 06:40:15,111 - INFO - Scraping page 107...
2025-06-18 06:40:16,120 - INFO - Found 60 links on page 105
2025-06-18 06:40:16,120 - INFO - Scraping page 108...
2025-06-18 06:40:18,827 - INFO - Found 60 links on page 106
2025-06-18 06:40:18,827 - INFO - Scraping page 109...
2025-06-18 06:40:20,171 - INFO - Found 60 links on page 107
2025-06-18 06:40:20,171 - INFO - Scraping page 110...
2025-06-18 06:40:20,480 - INFO - Found 60 links on page 108
2025-06-18 06:40:20,481 - INFO - Scraping page 111...
2025-06-18 06:40:24,035 - INFO - Found 60 links on page 109
2025-06-18 06:40:24,035 - INFO - Scraping page 112...
2025-06-18 06:40:24,532 - INFO - Found 60 links on page 110
2025-06-18 06:40:24,533 - INFO - Scraping page 113...
2025-06-18 06:40:24,673 - INFO - Found 60 links on page 111
2025-06-18 06:40:24,673 - INFO - Scraping page 114...
2025-06-18 06:40:28,355 - INFO - Found 60 links on page 112
2025-06-18 06:40:28,355 - INFO - Scraping page 115...
2025-06-18 06:40:28,685 - INFO - Found 60 links on page 114
2025-06-18 06:40:28,685 - INFO - Scraping page 116...
2025-06-18 06:40:29,287 - INFO - Found 60 links on page 113
2025-06-18 06:40:29,287 - INFO - Scraping page 117...
2025-06-18 06:40:32,753 - INFO - Found 60 links on page 115
2025-06-18 06:40:32,754 - INFO - Scraping page 118...
2025-06-18 06:40:33,654 - INFO - Found 60 links on page 117
2025-06-18 06:40:33,655 - INFO - Scraping page 119...
2025-06-18 06:40:34,116 - INFO - Found 60 links on page 116
2025-06-18 06:40:34,117 - INFO - Scraping page 120...
2025-06-18 06:40:37,378 - INFO - Found 60 links on page 118
2025-06-18 06:40:37,378 - INFO - Scraping page 121...
2025-06-18 06:40:38,668 - INFO - Found 60 links on page 120
2025-06-18 06:40:38,673 - INFO - Scraping page 122...
2025-06-18 06:40:38,759 - INFO - Found 60 links on page 119
2025-06-18 06:40:38,759 - INFO - Scraping page 123...
2025-06-18 06:40:41,446 - INFO - Found 60 links on page 121
2025-06-18 06:40:41,446 - INFO - Scraping page 124...
2025-06-18 06:40:43,012 - INFO - Found 60 links on page 123
2025-06-18 06:40:43,017 - INFO - Scraping page 125...
2025-06-18 06:40:43,206 - INFO - Found 60 links on page 122
2025-06-18 06:40:43,206 - INFO - Scraping page 126...
2025-06-18 06:40:45,843 - INFO - Found 60 links on page 124
2025-06-18 06:40:45,843 - INFO - Scraping page 127...
2025-06-18 06:40:47,078 - INFO - Found 60 links on page 125
2025-06-18 06:40:47,078 - INFO - Scraping page 128...
2025-06-18 06:40:47,569 - INFO - Found 60 links on page 126
2025-06-18 06:40:47,570 - INFO - Scraping page 129...
2025-06-18 06:40:49,840 - INFO - Found 60 links on page 127
2025-06-18 06:40:49,840 - INFO - Scraping page 130...
2025-06-18 06:40:51,013 - INFO - Found 60 links on page 128
2025-06-18 06:40:51,013 - INFO - Scraping page 131...
2025-06-18 06:40:51,469 - INFO - Found 60 links on page 129
2025-06-18 06:40:51,469 - INFO - Scraping page 132...
2025-06-18 06:40:54,034 - INFO - Found 60 links on page 130
2025-06-18 06:40:54,035 - INFO - Scraping page 133...
2025-06-18 06:40:55,256 - INFO - Found 60 links on page 131
2025-06-18 06:40:55,256 - INFO - Scraping page 134...
2025-06-18 06:40:55,544 - INFO - Found 60 links on page 132
2025-06-18 06:40:55,544 - INFO - Scraping page 135...
2025-06-18 06:40:58,243 - INFO - Found 60 links on page 133
2025-06-18 06:40:58,244 - INFO - Scraping page 136...
2025-06-18 06:40:59,761 - INFO - Found 60 links on page 134
2025-06-18 06:40:59,771 - INFO - Scraping page 137...
2025-06-18 06:40:59,938 - INFO - Found 60 links on page 135
2025-06-18 06:40:59,938 - INFO - Scraping page 138...
2025-06-18 06:41:02,882 - INFO - Found 60 links on page 136
2025-06-18 06:41:02,882 - INFO - Scraping page 139...
2025-06-18 06:41:03,640 - INFO - Found 60 links on page 137
2025-06-18 06:41:03,640 - INFO - Scraping page 140...
2025-06-18 06:41:04,371 - INFO - Found 60 links on page 138
2025-06-18 06:41:04,371 - INFO - Scraping page 141...
2025-06-18 06:41:07,680 - INFO - Found 60 links on page 140
2025-06-18 06:41:07,680 - INFO - Scraping page 142...
2025-06-18 06:41:07,873 - INFO - Found 60 links on page 139
2025-06-18 06:41:07,873 - INFO - Scraping page 143...
2025-06-18 06:41:08,694 - INFO - Found 60 links on page 141
2025-06-18 06:41:08,694 - INFO - Scraping page 144...
2025-06-18 06:41:11,836 - INFO - Found 60 links on page 142
2025-06-18 06:41:11,837 - INFO - Scraping page 145...
2025-06-18 06:41:12,209 - INFO - Found 60 links on page 143
2025-06-18 06:41:12,209 - INFO - Scraping page 146...
2025-06-18 06:41:13,053 - INFO - Found 60 links on page 144
2025-06-18 06:41:13,054 - INFO - Scraping page 147...
2025-06-18 06:41:15,800 - INFO - Found 60 links on page 145
2025-06-18 06:41:15,800 - INFO - Scraping page 148...
2025-06-18 06:41:16,482 - INFO - Found 60 links on page 146
2025-06-18 06:41:16,483 - INFO - Scraping page 149...
2025-06-18 06:41:17,527 - INFO - Found 60 links on page 147
2025-06-18 06:41:17,527 - INFO - Scraping page 150...
2025-06-18 06:41:19,812 - INFO - Found 60 links on page 148
2025-06-18 06:41:19,812 - INFO - Scraping page 151...
2025-06-18 06:41:20,087 - INFO - Found 60 links on page 149
2025-06-18 06:41:20,087 - INFO - Scraping page 152...
2025-06-18 06:41:21,633 - INFO - Found 60 links on page 150
2025-06-18 06:41:21,633 - INFO - Scraping page 153...
2025-06-18 06:41:23,826 - INFO - Found 60 links on page 151
2025-06-18 06:41:23,826 - INFO - Scraping page 154...
2025-06-18 06:41:24,399 - INFO - Found 60 links on page 152
2025-06-18 06:41:24,399 - INFO - Scraping page 155...
2025-06-18 06:41:25,514 - INFO - Found 60 links on page 153
2025-06-18 06:41:25,514 - INFO - Scraping page 156...
2025-06-18 06:41:27,960 - INFO - Found 60 links on page 154
2025-06-18 06:41:27,960 - INFO - Scraping page 157...
2025-06-18 06:41:28,455 - INFO - Found 60 links on page 155
2025-06-18 06:41:28,455 - INFO - Scraping page 158...
2025-06-18 06:41:30,018 - INFO - Found 60 links on page 156
2025-06-18 06:41:30,018 - INFO - Scraping page 159...
2025-06-18 06:41:31,989 - INFO - Found 60 links on page 157
2025-06-18 06:41:31,989 - INFO - Scraping page 160...
2025-06-18 06:41:33,199 - INFO - Found 60 links on page 158
2025-06-18 06:41:33,199 - INFO - Scraping page 161...
2025-06-18 06:41:34,353 - INFO - Found 60 links on page 159
2025-06-18 06:41:34,353 - INFO - Scraping page 162...
2025-06-18 06:41:35,866 - INFO - Found 60 links on page 160
2025-06-18 06:41:35,867 - INFO - Scraping page 163...
2025-06-18 06:41:37,331 - INFO - Found 60 links on page 161
2025-06-18 06:41:37,332 - INFO - Scraping page 164...
2025-06-18 06:41:38,494 - INFO - Found 60 links on page 162
2025-06-18 06:41:38,494 - INFO - Scraping page 165...
2025-06-18 06:41:40,143 - INFO - Found 60 links on page 163
2025-06-18 06:41:40,144 - INFO - Scraping page 166...
2025-06-18 06:41:41,894 - INFO - Found 60 links on page 164
2025-06-18 06:41:41,894 - INFO - Scraping page 167...
2025-06-18 06:41:42,633 - INFO - Found 60 links on page 165
2025-06-18 06:41:42,633 - INFO - Scraping page 168...
2025-06-18 06:41:44,050 - INFO - Found 60 links on page 166
2025-06-18 06:41:44,051 - INFO - Scraping page 169...
2025-06-18 06:41:45,883 - INFO - Found 60 links on page 167
2025-06-18 06:41:45,883 - INFO - Scraping page 170...
2025-06-18 06:41:46,777 - INFO - Found 60 links on page 168
2025-06-18 06:41:46,778 - INFO - Scraping page 171...
2025-06-18 06:41:48,511 - INFO - Found 60 links on page 169
2025-06-18 06:41:48,512 - INFO - Scraping page 172...
2025-06-18 06:41:50,254 - INFO - Found 60 links on page 170
2025-06-18 06:41:50,254 - INFO - Scraping page 173...
2025-06-18 06:41:51,407 - INFO - Found 60 links on page 171
2025-06-18 06:41:51,407 - INFO - Scraping page 174...
2025-06-18 06:41:52,953 - INFO - Found 60 links on page 172
2025-06-18 06:41:52,954 - INFO - Scraping page 175...
2025-06-18 06:41:54,804 - INFO - Found 60 links on page 173
2025-06-18 06:41:54,804 - INFO - Scraping page 176...
2025-06-18 06:41:55,298 - INFO - Found 60 links on page 174
2025-06-18 06:41:55,298 - INFO - Scraping page 177...
2025-06-18 06:41:57,206 - INFO - Found 60 links on page 175
2025-06-18 06:41:57,206 - INFO - Scraping page 178...
2025-06-18 06:41:58,647 - INFO - Found 60 links on page 176
2025-06-18 06:41:58,647 - INFO - Scraping page 179...
2025-06-18 06:41:59,247 - INFO - Found 60 links on page 177
2025-06-18 06:41:59,247 - INFO - Scraping page 180...
2025-06-18 06:42:01,345 - INFO - Found 60 links on page 178
2025-06-18 06:42:01,346 - INFO - Scraping page 181...
2025-06-18 06:42:02,811 - INFO - Found 60 links on page 179
2025-06-18 06:42:02,811 - INFO - Scraping page 182...
2025-06-18 06:42:03,360 - INFO - Found 60 links on page 180
2025-06-18 06:42:03,361 - INFO - Scraping page 183...
2025-06-18 06:42:05,645 - INFO - Found 60 links on page 181
2025-06-18 06:42:05,646 - INFO - Scraping page 184...
2025-06-18 06:42:06,777 - INFO - Found 60 links on page 182
2025-06-18 06:42:06,777 - INFO - Scraping page 185...
2025-06-18 06:42:07,939 - INFO - Found 60 links on page 183
2025-06-18 06:42:07,940 - INFO - Scraping page 186...
2025-06-18 06:42:10,070 - INFO - Found 60 links on page 184
2025-06-18 06:42:10,070 - INFO - Scraping page 187...
2025-06-18 06:42:11,382 - INFO - Found 60 links on page 185
2025-06-18 06:42:11,382 - INFO - Scraping page 188...
2025-06-18 06:42:12,856 - INFO - Found 60 links on page 186
2025-06-18 06:42:12,856 - INFO - Scraping page 189...
2025-06-18 06:42:14,279 - INFO - Found 60 links on page 187
2025-06-18 06:42:14,279 - INFO - Scraping page 190...
2025-06-18 06:42:15,440 - INFO - Found 60 links on page 188
2025-06-18 06:42:15,441 - INFO - Scraping page 191...
2025-06-18 06:42:16,714 - INFO - Found 60 links on page 189
2025-06-18 06:42:16,714 - INFO - Scraping page 192...
2025-06-18 06:42:18,360 - INFO - Found 60 links on page 190
2025-06-18 06:42:18,360 - INFO - Scraping page 193...
2025-06-18 06:42:19,720 - INFO - Found 60 links on page 191
2025-06-18 06:42:19,720 - INFO - Scraping page 194...
2025-06-18 06:42:20,875 - INFO - Found 60 links on page 192
2025-06-18 06:42:20,875 - INFO - Scraping page 195...
2025-06-18 06:42:22,315 - INFO - Found 60 links on page 193
2025-06-18 06:42:22,316 - INFO - Scraping page 196...
2025-06-18 06:42:24,400 - INFO - Found 60 links on page 194
2025-06-18 06:42:24,400 - INFO - Scraping page 197...
2025-06-18 06:42:24,987 - INFO - Found 60 links on page 195
2025-06-18 06:42:24,987 - INFO - Scraping page 198...
2025-06-18 06:42:26,246 - INFO - Found 60 links on page 196
2025-06-18 06:42:26,246 - INFO - Scraping page 199...
2025-06-18 06:42:28,702 - INFO - Found 60 links on page 197
2025-06-18 06:42:28,703 - INFO - Scraping page 200...
2025-06-18 06:42:28,898 - INFO - Found 60 links on page 198
2025-06-18 06:42:30,952 - INFO - Found 60 links on page 199
2025-06-18 06:42:32,556 - INFO - Found 60 links on page 200
2025-06-18 06:42:32,564 - INFO - Found 451 new links to scrape out of 12000 total links
2025-06-18 06:42:32,564 - INFO - Processing batch 1/10 (50 links)
2025-06-18 06:42:37,955 - INFO - Progress: 10/50 ads processed
2025-06-18 06:42:43,542 - INFO - Progress: 20/50 ads processed
2025-06-18 06:42:49,781 - INFO - Progress: 30/50 ads processed
2025-06-18 06:42:54,579 - INFO - Progress: 40/50 ads processed
2025-06-18 06:42:59,948 - INFO - Progress: 50/50 ads processed
2025-06-18 06:43:00,028 - INFO - Created backup of existing data file at unegui_data/unegui_sales_data.csv.bak
2025-06-18 06:43:00,385 - INFO - Data saved to unegui_data/unegui_sales_data.csv: 25332 records
2025-06-18 06:43:01,256 - INFO - Cache saved with 25760 URLs
2025-06-18 06:43:01,256 - INFO - Saved batch data. Total records: 25332
2025-06-18 06:43:01,256 - INFO - Processing batch 2/10 (50 links)
2025-06-18 06:43:06,616 - INFO - Progress: 10/50 ads processed
2025-06-18 06:43:12,103 - INFO - Progress: 20/50 ads processed
2025-06-18 06:43:17,126 - INFO - Progress: 30/50 ads processed
2025-06-18 06:43:21,786 - INFO - Progress: 40/50 ads processed
2025-06-18 06:43:26,995 - INFO - Progress: 50/50 ads processed
2025-06-18 06:43:27,072 - INFO - Created backup of existing data file at unegui_data/unegui_sales_data.csv.bak
2025-06-18 06:43:27,434 - INFO - Data saved to unegui_data/unegui_sales_data.csv: 25379 records
2025-06-18 06:43:28,285 - INFO - Cache saved with 25810 URLs
2025-06-18 06:43:28,285 - INFO - Saved batch data. Total records: 25379
2025-06-18 06:43:28,285 - INFO - Processing batch 3/10 (50 links)
2025-06-18 06:43:34,071 - INFO - Progress: 10/50 ads processed
2025-06-18 06:43:39,527 - INFO - Progress: 20/50 ads processed
2025-06-18 06:43:44,533 - INFO - Progress: 30/50 ads processed
2025-06-18 06:43:49,473 - INFO - Progress: 40/50 ads processed
2025-06-18 06:43:54,748 - INFO - Progress: 50/50 ads processed
2025-06-18 06:43:54,826 - INFO - Created backup of existing data file at unegui_data/unegui_sales_data.csv.bak
2025-06-18 06:43:55,188 - INFO - Data saved to unegui_data/unegui_sales_data.csv: 25428 records
2025-06-18 06:43:56,047 - INFO - Cache saved with 25860 URLs
2025-06-18 06:43:56,047 - INFO - Saved batch data. Total records: 25428
2025-06-18 06:43:56,047 - INFO - Processing batch 4/10 (50 links)
2025-06-18 06:44:01,279 - INFO - Progress: 10/50 ads processed
2025-06-18 06:44:07,188 - INFO - Progress: 20/50 ads processed
2025-06-18 06:44:11,722 - INFO - Progress: 30/50 ads processed
2025-06-18 06:44:17,440 - INFO - Progress: 40/50 ads processed
2025-06-18 06:44:22,293 - INFO - Progress: 50/50 ads processed
2025-06-18 06:44:22,371 - INFO - Created backup of existing data file at unegui_data/unegui_sales_data.csv.bak
2025-06-18 06:44:22,732 - INFO - Data saved to unegui_data/unegui_sales_data.csv: 25477 records
2025-06-18 06:44:23,587 - INFO - Cache saved with 25910 URLs
2025-06-18 06:44:23,587 - INFO - Saved batch data. Total records: 25477
2025-06-18 06:44:23,587 - INFO - Processing batch 5/10 (50 links)
2025-06-18 06:44:28,997 - INFO - Progress: 10/50 ads processed
2025-06-18 06:44:34,674 - INFO - Progress: 20/50 ads processed
2025-06-18 06:44:39,439 - INFO - Progress: 30/50 ads processed
2025-06-18 06:44:44,447 - INFO - Progress: 40/50 ads processed
2025-06-18 06:44:49,581 - INFO - Progress: 50/50 ads processed
2025-06-18 06:44:49,660 - INFO - Created backup of existing data file at unegui_data/unegui_sales_data.csv.bak
2025-06-18 06:44:50,020 - INFO - Data saved to unegui_data/unegui_sales_data.csv: 25527 records
2025-06-18 06:44:50,879 - INFO - Cache saved with 25960 URLs
2025-06-18 06:44:50,879 - INFO - Saved batch data. Total records: 25527
2025-06-18 06:44:50,879 - INFO - Processing batch 6/10 (50 links)
2025-06-18 06:44:56,774 - INFO - Progress: 10/50 ads processed
2025-06-18 06:45:02,088 - INFO - Progress: 20/50 ads processed
2025-06-18 06:45:07,123 - INFO - Progress: 30/50 ads processed
2025-06-18 06:45:12,307 - INFO - Progress: 40/50 ads processed
2025-06-18 06:45:17,168 - INFO - Progress: 50/50 ads processed
2025-06-18 06:45:17,247 - INFO - Created backup of existing data file at unegui_data/unegui_sales_data.csv.bak
2025-06-18 06:45:17,610 - INFO - Data saved to unegui_data/unegui_sales_data.csv: 25575 records
2025-06-18 06:45:18,472 - INFO - Cache saved with 26010 URLs
2025-06-18 06:45:18,472 - INFO - Saved batch data. Total records: 25575
2025-06-18 06:45:18,472 - INFO - Processing batch 7/10 (50 links)
2025-06-18 06:45:23,504 - INFO - Progress: 10/50 ads processed
2025-06-18 06:45:28,614 - INFO - Progress: 20/50 ads processed
2025-06-18 06:45:33,820 - INFO - Progress: 30/50 ads processed
2025-06-18 06:45:39,584 - INFO - Progress: 40/50 ads processed
2025-06-18 06:45:44,698 - INFO - Progress: 50/50 ads processed
2025-06-18 06:45:44,776 - INFO - Created backup of existing data file at unegui_data/unegui_sales_data.csv.bak
2025-06-18 06:45:45,138 - INFO - Data saved to unegui_data/unegui_sales_data.csv: 25623 records
2025-06-18 06:45:46,005 - INFO - Cache saved with 26060 URLs
2025-06-18 06:45:46,005 - INFO - Saved batch data. Total records: 25623
2025-06-18 06:45:46,006 - INFO - Processing batch 8/10 (50 links)
2025-06-18 06:45:51,967 - INFO - Progress: 10/50 ads processed
2025-06-18 06:45:56,911 - INFO - Progress: 20/50 ads processed
2025-06-18 06:46:02,071 - INFO - Progress: 30/50 ads processed
2025-06-18 06:46:07,302 - INFO - Progress: 40/50 ads processed
2025-06-18 06:46:12,498 - INFO - Progress: 50/50 ads processed
2025-06-18 06:46:12,577 - INFO - Created backup of existing data file at unegui_data/unegui_sales_data.csv.bak
2025-06-18 06:46:12,941 - INFO - Data saved to unegui_data/unegui_sales_data.csv: 25671 records
2025-06-18 06:46:13,811 - INFO - Cache saved with 26110 URLs
2025-06-18 06:46:13,811 - INFO - Saved batch data. Total records: 25671
2025-06-18 06:46:13,811 - INFO - Processing batch 9/10 (50 links)
2025-06-18 06:46:19,185 - INFO - Progress: 10/50 ads processed
2025-06-18 06:46:24,119 - INFO - Progress: 20/50 ads processed
2025-06-18 06:46:29,501 - INFO - Progress: 30/50 ads processed
2025-06-18 06:46:34,564 - INFO - Progress: 40/50 ads processed
2025-06-18 06:46:39,934 - INFO - Progress: 50/50 ads processed
2025-06-18 06:46:40,013 - INFO - Created backup of existing data file at unegui_data/unegui_sales_data.csv.bak
2025-06-18 06:46:40,379 - INFO - Data saved to unegui_data/unegui_sales_data.csv: 25720 records
2025-06-18 06:46:41,249 - INFO - Cache saved with 26160 URLs
2025-06-18 06:46:41,249 - INFO - Saved batch data. Total records: 25720
2025-06-18 06:46:41,249 - INFO - Processing batch 10/10 (1 links)
2025-06-18 06:46:43,510 - INFO - Progress: 1/1 ads processed
2025-06-18 06:46:43,588 - INFO - Created backup of existing data file at unegui_data/unegui_sales_data.csv.bak
2025-06-18 06:46:43,951 - INFO - Data saved to unegui_data/unegui_sales_data.csv: 25721 records
2025-06-18 06:46:44,815 - INFO - Cache saved with 26161 URLs
2025-06-18 06:46:44,815 - INFO - Saved batch data. Total records: 25721
2025-06-18 06:46:44,815 - INFO - Scraping completed in 0:08:56.553372. Total ads collected: 25721
