2025-05-17 06:33:04,033 - INFO - Starting sales apartment scraper at 2025-05-17 06:33:04.033309
2025-05-17 06:33:04,300 - INFO - Loaded existing data from unegui_data/unegui_sales_data.csv: 14442 records
2025-05-17 06:33:04,487 - INFO - Loaded 14442 existing records
2025-05-17 06:33:04,491 - INFO - Scraping page 1...
2025-05-17 06:33:04,492 - INFO - Scraping page 2...
2025-05-17 06:33:04,492 - INFO - Scraping page 3...
2025-05-17 06:33:08,797 - INFO - Found 60 links on page 3
2025-05-17 06:33:08,797 - INFO - Scraping page 4...
2025-05-17 06:33:09,354 - INFO - Found 60 links on page 1
2025-05-17 06:33:09,364 - INFO - Scraping page 5...
2025-05-17 06:33:09,493 - INFO - Found 60 links on page 2
2025-05-17 06:33:09,493 - INFO - Scraping page 6...
2025-05-17 06:33:13,125 - INFO - Found 60 links on page 4
2025-05-17 06:33:13,125 - INFO - Scraping page 7...
2025-05-17 06:33:13,783 - INFO - Found 60 links on page 5
2025-05-17 06:33:13,788 - INFO - Scraping page 8...
2025-05-17 06:33:13,988 - INFO - Found 60 links on page 6
2025-05-17 06:33:13,988 - INFO - Scraping page 9...
2025-05-17 06:33:17,541 - INFO - Found 60 links on page 7
2025-05-17 06:33:17,541 - INFO - Scraping page 10...
2025-05-17 06:33:18,344 - INFO - Found 60 links on page 8
2025-05-17 06:33:18,344 - INFO - Scraping page 11...
2025-05-17 06:33:18,645 - INFO - Found 60 links on page 9
2025-05-17 06:33:18,645 - INFO - Scraping page 12...
2025-05-17 06:33:22,121 - INFO - Found 60 links on page 10
2025-05-17 06:33:22,121 - INFO - Scraping page 13...
2025-05-17 06:33:22,760 - INFO - Found 60 links on page 11
2025-05-17 06:33:22,760 - INFO - Scraping page 14...
2025-05-17 06:33:23,019 - INFO - Found 60 links on page 12
2025-05-17 06:33:23,019 - INFO - Scraping page 15...
2025-05-17 06:33:26,559 - INFO - Found 60 links on page 13
2025-05-17 06:33:26,559 - INFO - Scraping page 16...
2025-05-17 06:33:27,161 - INFO - Found 60 links on page 14
2025-05-17 06:33:27,161 - INFO - Scraping page 17...
2025-05-17 06:33:27,430 - INFO - Found 60 links on page 15
2025-05-17 06:33:27,430 - INFO - Scraping page 18...
2025-05-17 06:33:30,828 - INFO - Found 60 links on page 16
2025-05-17 06:33:30,828 - INFO - Scraping page 19...
2025-05-17 06:33:31,682 - INFO - Found 60 links on page 17
2025-05-17 06:33:31,682 - INFO - Scraping page 20...
2025-05-17 06:33:32,326 - INFO - Found 60 links on page 18
2025-05-17 06:33:32,326 - INFO - Scraping page 21...
2025-05-17 06:33:35,212 - INFO - Found 60 links on page 19
2025-05-17 06:33:35,212 - INFO - Scraping page 22...
2025-05-17 06:33:35,956 - INFO - Found 60 links on page 20
2025-05-17 06:33:35,956 - INFO - Scraping page 23...
2025-05-17 06:33:36,655 - INFO - Found 60 links on page 21
2025-05-17 06:33:36,655 - INFO - Scraping page 24...
2025-05-17 06:33:39,758 - INFO - Found 60 links on page 22
2025-05-17 06:33:39,759 - INFO - Scraping page 25...
2025-05-17 06:33:40,334 - INFO - Found 60 links on page 23
2025-05-17 06:33:40,335 - INFO - Scraping page 26...
2025-05-17 06:33:41,381 - INFO - Found 60 links on page 24
2025-05-17 06:33:41,381 - INFO - Scraping page 27...
2025-05-17 06:33:44,375 - INFO - Found 60 links on page 25
2025-05-17 06:33:44,376 - INFO - Scraping page 28...
2025-05-17 06:33:44,695 - INFO - Found 60 links on page 26
2025-05-17 06:33:44,695 - INFO - Scraping page 29...
2025-05-17 06:33:46,081 - INFO - Found 60 links on page 27
2025-05-17 06:33:46,083 - INFO - Scraping page 30...
2025-05-17 06:33:48,807 - INFO - Found 60 links on page 28
2025-05-17 06:33:48,808 - INFO - Scraping page 31...
2025-05-17 06:33:49,380 - INFO - Found 60 links on page 29
2025-05-17 06:33:49,380 - INFO - Scraping page 32...
2025-05-17 06:33:50,294 - INFO - Found 60 links on page 30
2025-05-17 06:33:50,294 - INFO - Scraping page 33...
2025-05-17 06:33:53,002 - INFO - Found 60 links on page 31
2025-05-17 06:33:53,002 - INFO - Scraping page 34...
2025-05-17 06:33:53,497 - INFO - Found 60 links on page 32
2025-05-17 06:33:53,497 - INFO - Scraping page 35...
2025-05-17 06:33:54,348 - INFO - Found 60 links on page 33
2025-05-17 06:33:54,348 - INFO - Scraping page 36...
2025-05-17 06:33:56,836 - INFO - Found 60 links on page 34
2025-05-17 06:33:56,836 - INFO - Scraping page 37...
2025-05-17 06:33:57,420 - INFO - Found 60 links on page 35
2025-05-17 06:33:57,421 - INFO - Scraping page 38...
2025-05-17 06:33:58,416 - INFO - Found 60 links on page 36
2025-05-17 06:33:58,416 - INFO - Scraping page 39...
2025-05-17 06:34:00,520 - INFO - Found 60 links on page 37
2025-05-17 06:34:00,521 - INFO - Scraping page 40...
2025-05-17 06:34:01,159 - INFO - Found 60 links on page 38
2025-05-17 06:34:01,159 - INFO - Scraping page 41...
2025-05-17 06:34:02,490 - INFO - Found 60 links on page 39
2025-05-17 06:34:02,490 - INFO - Scraping page 42...
2025-05-17 06:34:04,421 - INFO - Found 60 links on page 40
2025-05-17 06:34:04,422 - INFO - Scraping page 43...
2025-05-17 06:34:05,387 - INFO - Found 60 links on page 41
2025-05-17 06:34:05,387 - INFO - Scraping page 44...
2025-05-17 06:34:06,483 - INFO - Found 60 links on page 42
2025-05-17 06:34:06,483 - INFO - Scraping page 45...
2025-05-17 06:34:08,777 - INFO - Found 60 links on page 43
2025-05-17 06:34:08,777 - INFO - Scraping page 46...
2025-05-17 06:34:09,792 - INFO - Found 60 links on page 44
2025-05-17 06:34:09,793 - INFO - Scraping page 47...
2025-05-17 06:34:10,352 - INFO - Found 60 links on page 45
2025-05-17 06:34:10,352 - INFO - Scraping page 48...
2025-05-17 06:34:13,072 - INFO - Found 60 links on page 46
2025-05-17 06:34:13,072 - INFO - Scraping page 49...
2025-05-17 06:34:13,748 - INFO - Found 60 links on page 47
2025-05-17 06:34:13,748 - INFO - Scraping page 50...
2025-05-17 06:34:14,546 - INFO - Found 60 links on page 48
2025-05-17 06:34:14,547 - INFO - Scraping page 51...
2025-05-17 06:34:17,224 - INFO - Found 60 links on page 49
2025-05-17 06:34:17,224 - INFO - Scraping page 52...
2025-05-17 06:34:17,860 - INFO - Found 60 links on page 50
2025-05-17 06:34:17,860 - INFO - Scraping page 53...
2025-05-17 06:34:18,645 - INFO - Found 60 links on page 51
2025-05-17 06:34:18,645 - INFO - Scraping page 54...
2025-05-17 06:34:21,135 - INFO - Found 60 links on page 52
2025-05-17 06:34:21,135 - INFO - Scraping page 55...
2025-05-17 06:34:22,709 - INFO - Found 60 links on page 53
2025-05-17 06:34:22,714 - INFO - Scraping page 56...
2025-05-17 06:34:22,772 - INFO - Found 60 links on page 54
2025-05-17 06:34:22,772 - INFO - Scraping page 57...
2025-05-17 06:34:25,237 - INFO - Found 60 links on page 55
2025-05-17 06:34:25,237 - INFO - Scraping page 58...
2025-05-17 06:34:26,781 - INFO - Found 60 links on page 57
2025-05-17 06:34:26,786 - INFO - Scraping page 59...
2025-05-17 06:34:26,861 - INFO - Found 60 links on page 56
2025-05-17 06:34:26,861 - INFO - Scraping page 60...
2025-05-17 06:34:29,047 - INFO - Found 60 links on page 58
2025-05-17 06:34:29,047 - INFO - Scraping page 61...
2025-05-17 06:34:30,890 - INFO - Found 60 links on page 60
2025-05-17 06:34:30,890 - INFO - Scraping page 62...
2025-05-17 06:34:31,460 - INFO - Found 60 links on page 59
2025-05-17 06:34:31,460 - INFO - Scraping page 63...
2025-05-17 06:34:33,813 - INFO - Found 60 links on page 61
2025-05-17 06:34:33,813 - INFO - Scraping page 64...
2025-05-17 06:34:35,098 - INFO - Found 60 links on page 62
2025-05-17 06:34:35,099 - INFO - Scraping page 65...
2025-05-17 06:34:36,247 - INFO - Found 60 links on page 63
2025-05-17 06:34:36,247 - INFO - Scraping page 66...
2025-05-17 06:34:37,697 - INFO - Found 60 links on page 64
2025-05-17 06:34:37,697 - INFO - Scraping page 67...
2025-05-17 06:34:40,745 - INFO - Found 60 links on page 65
2025-05-17 06:34:40,745 - INFO - Scraping page 68...
2025-05-17 06:34:41,347 - INFO - Found 60 links on page 66
2025-05-17 06:34:41,347 - INFO - Scraping page 69...
2025-05-17 06:34:42,207 - INFO - Found 60 links on page 67
2025-05-17 06:34:42,207 - INFO - Scraping page 70...
2025-05-17 06:34:44,463 - INFO - Found 60 links on page 68
2025-05-17 06:34:44,463 - INFO - Scraping page 71...
2025-05-17 06:34:45,154 - INFO - Found 60 links on page 69
2025-05-17 06:34:45,154 - INFO - Scraping page 72...
2025-05-17 06:34:46,290 - INFO - Found 60 links on page 70
2025-05-17 06:34:46,291 - INFO - Scraping page 73...
2025-05-17 06:34:48,552 - INFO - Found 60 links on page 71
2025-05-17 06:34:48,552 - INFO - Scraping page 74...
2025-05-17 06:34:49,165 - INFO - Found 60 links on page 72
2025-05-17 06:34:49,165 - INFO - Scraping page 75...
2025-05-17 06:34:51,012 - INFO - Found 60 links on page 73
2025-05-17 06:34:51,013 - INFO - Scraping page 76...
2025-05-17 06:34:52,860 - INFO - Found 60 links on page 74
2025-05-17 06:34:52,861 - INFO - Scraping page 77...
2025-05-17 06:34:53,560 - INFO - Found 60 links on page 75
2025-05-17 06:34:53,561 - INFO - Scraping page 78...
2025-05-17 06:34:55,890 - INFO - Found 60 links on page 76
2025-05-17 06:34:55,890 - INFO - Scraping page 79...
2025-05-17 06:34:56,958 - INFO - Found 60 links on page 77
2025-05-17 06:34:56,959 - INFO - Scraping page 80...
2025-05-17 06:34:57,495 - INFO - Found 60 links on page 78
2025-05-17 06:34:57,495 - INFO - Scraping page 81...
2025-05-17 06:35:00,018 - INFO - Found 60 links on page 79
2025-05-17 06:35:00,018 - INFO - Scraping page 82...
2025-05-17 06:35:01,221 - INFO - Found 60 links on page 80
2025-05-17 06:35:01,221 - INFO - Scraping page 83...
2025-05-17 06:35:01,735 - INFO - Found 60 links on page 81
2025-05-17 06:35:01,735 - INFO - Scraping page 84...
2025-05-17 06:35:04,645 - INFO - Found 60 links on page 82
2025-05-17 06:35:04,645 - INFO - Scraping page 85...
2025-05-17 06:35:05,361 - INFO - Found 60 links on page 83
2025-05-17 06:35:05,362 - INFO - Scraping page 86...
2025-05-17 06:35:05,602 - INFO - Found 60 links on page 84
2025-05-17 06:35:05,602 - INFO - Scraping page 87...
2025-05-17 06:35:08,706 - INFO - Found 60 links on page 85
2025-05-17 06:35:08,706 - INFO - Scraping page 88...
2025-05-17 06:35:09,232 - INFO - Found 60 links on page 86
2025-05-17 06:35:09,232 - INFO - Scraping page 89...
2025-05-17 06:35:09,743 - INFO - Found 60 links on page 87
2025-05-17 06:35:09,744 - INFO - Scraping page 90...
2025-05-17 06:35:13,225 - INFO - Found 60 links on page 88
2025-05-17 06:35:13,225 - INFO - Scraping page 91...
2025-05-17 06:35:13,748 - INFO - Found 60 links on page 89
2025-05-17 06:35:13,748 - INFO - Scraping page 92...
2025-05-17 06:35:14,096 - INFO - Found 60 links on page 90
2025-05-17 06:35:14,096 - INFO - Scraping page 93...
2025-05-17 06:35:17,373 - INFO - Found 60 links on page 91
2025-05-17 06:35:17,373 - INFO - Scraping page 94...
2025-05-17 06:35:17,684 - INFO - Found 60 links on page 92
2025-05-17 06:35:17,684 - INFO - Scraping page 95...
2025-05-17 06:35:17,878 - INFO - Found 60 links on page 93
2025-05-17 06:35:17,878 - INFO - Scraping page 96...
2025-05-17 06:35:21,843 - INFO - Found 60 links on page 94
2025-05-17 06:35:21,843 - INFO - Scraping page 97...
2025-05-17 06:35:22,308 - INFO - Found 60 links on page 95
2025-05-17 06:35:22,309 - INFO - Scraping page 98...
2025-05-17 06:35:22,586 - INFO - Found 60 links on page 96
2025-05-17 06:35:22,587 - INFO - Scraping page 99...
2025-05-17 06:35:26,092 - INFO - Found 60 links on page 97
2025-05-17 06:35:26,092 - INFO - Scraping page 100...
2025-05-17 06:35:26,370 - INFO - Found 60 links on page 98
2025-05-17 06:35:26,370 - INFO - Scraping page 101...
2025-05-17 06:35:26,852 - INFO - Found 60 links on page 99
2025-05-17 06:35:26,852 - INFO - Scraping page 102...
2025-05-17 06:35:30,053 - INFO - Found 60 links on page 100
2025-05-17 06:35:30,053 - INFO - Scraping page 103...
2025-05-17 06:35:31,028 - INFO - Found 60 links on page 102
2025-05-17 06:35:31,029 - INFO - Scraping page 104...
2025-05-17 06:35:31,421 - INFO - Found 60 links on page 101
2025-05-17 06:35:31,421 - INFO - Scraping page 105...
2025-05-17 06:35:34,106 - INFO - Found 60 links on page 103
2025-05-17 06:35:34,106 - INFO - Scraping page 106...
2025-05-17 06:35:35,149 - INFO - Found 60 links on page 104
2025-05-17 06:35:35,149 - INFO - Scraping page 107...
2025-05-17 06:35:35,610 - INFO - Found 60 links on page 105
2025-05-17 06:35:35,610 - INFO - Scraping page 108...
2025-05-17 06:35:38,047 - INFO - Found 60 links on page 106
2025-05-17 06:35:38,047 - INFO - Scraping page 109...
2025-05-17 06:35:39,131 - INFO - Found 60 links on page 107
2025-05-17 06:35:39,131 - INFO - Scraping page 110...
2025-05-17 06:35:39,697 - INFO - Found 60 links on page 108
2025-05-17 06:35:39,697 - INFO - Scraping page 111...
2025-05-17 06:35:42,095 - INFO - Found 60 links on page 109
2025-05-17 06:35:42,095 - INFO - Scraping page 112...
2025-05-17 06:35:43,219 - INFO - Found 60 links on page 110
2025-05-17 06:35:43,219 - INFO - Scraping page 113...
2025-05-17 06:35:43,578 - INFO - Found 60 links on page 111
2025-05-17 06:35:43,578 - INFO - Scraping page 114...
2025-05-17 06:35:46,020 - INFO - Found 60 links on page 112
2025-05-17 06:35:46,020 - INFO - Scraping page 115...
2025-05-17 06:35:47,337 - INFO - Found 60 links on page 113
2025-05-17 06:35:47,337 - INFO - Scraping page 116...
2025-05-17 06:35:47,669 - INFO - Found 60 links on page 114
2025-05-17 06:35:47,669 - INFO - Scraping page 117...
2025-05-17 06:35:50,228 - INFO - Found 60 links on page 115
2025-05-17 06:35:50,228 - INFO - Scraping page 118...
2025-05-17 06:35:51,915 - INFO - Found 60 links on page 116
2025-05-17 06:35:51,915 - INFO - Scraping page 119...
2025-05-17 06:35:52,382 - INFO - Found 60 links on page 117
2025-05-17 06:35:52,383 - INFO - Scraping page 120...
2025-05-17 06:35:54,464 - INFO - Found 60 links on page 118
2025-05-17 06:35:54,464 - INFO - Scraping page 121...
2025-05-17 06:35:55,961 - INFO - Found 60 links on page 119
2025-05-17 06:35:55,962 - INFO - Scraping page 122...
2025-05-17 06:35:56,718 - INFO - Found 60 links on page 120
2025-05-17 06:35:56,718 - INFO - Scraping page 123...
2025-05-17 06:35:58,682 - INFO - Found 60 links on page 121
2025-05-17 06:35:58,682 - INFO - Scraping page 124...
2025-05-17 06:36:00,217 - INFO - Found 60 links on page 122
2025-05-17 06:36:00,217 - INFO - Scraping page 125...
2025-05-17 06:36:00,906 - INFO - Found 60 links on page 123
2025-05-17 06:36:00,906 - INFO - Scraping page 126...
2025-05-17 06:36:02,945 - INFO - Found 60 links on page 124
2025-05-17 06:36:02,945 - INFO - Scraping page 127...
2025-05-17 06:36:04,104 - INFO - Found 60 links on page 125
2025-05-17 06:36:04,104 - INFO - Scraping page 128...
2025-05-17 06:36:04,871 - INFO - Found 60 links on page 126
2025-05-17 06:36:04,871 - INFO - Scraping page 129...
2025-05-17 06:36:07,288 - INFO - Found 60 links on page 127
2025-05-17 06:36:07,288 - INFO - Scraping page 130...
2025-05-17 06:36:08,456 - INFO - Found 60 links on page 128
2025-05-17 06:36:08,456 - INFO - Scraping page 131...
2025-05-17 06:36:09,440 - INFO - Found 60 links on page 129
2025-05-17 06:36:09,440 - INFO - Scraping page 132...
2025-05-17 06:36:11,224 - INFO - Found 60 links on page 130
2025-05-17 06:36:11,224 - INFO - Scraping page 133...
2025-05-17 06:36:13,269 - INFO - Found 60 links on page 131
2025-05-17 06:36:13,269 - INFO - Scraping page 134...
2025-05-17 06:36:13,574 - INFO - Found 60 links on page 132
2025-05-17 06:36:13,574 - INFO - Scraping page 135...
2025-05-17 06:36:15,244 - INFO - Found 60 links on page 133
2025-05-17 06:36:15,244 - INFO - Scraping page 136...
2025-05-17 06:36:17,790 - INFO - Found 60 links on page 135
2025-05-17 06:36:17,790 - INFO - Scraping page 137...
2025-05-17 06:36:18,012 - INFO - Found 60 links on page 134
2025-05-17 06:36:18,012 - INFO - Scraping page 138...
2025-05-17 06:36:19,248 - INFO - Found 60 links on page 136
2025-05-17 06:36:19,248 - INFO - Scraping page 139...
2025-05-17 06:36:21,761 - INFO - Found 60 links on page 137
2025-05-17 06:36:21,761 - INFO - Scraping page 140...
2025-05-17 06:36:22,194 - INFO - Found 60 links on page 138
2025-05-17 06:36:22,194 - INFO - Scraping page 141...
2025-05-17 06:36:23,413 - INFO - Found 60 links on page 139
2025-05-17 06:36:23,413 - INFO - Scraping page 142...
2025-05-17 06:36:25,743 - INFO - Found 60 links on page 140
2025-05-17 06:36:25,744 - INFO - Scraping page 143...
2025-05-17 06:36:26,127 - INFO - Found 60 links on page 141
2025-05-17 06:36:26,127 - INFO - Scraping page 144...
2025-05-17 06:36:27,942 - INFO - Found 60 links on page 142
2025-05-17 06:36:27,942 - INFO - Scraping page 145...
2025-05-17 06:36:29,703 - INFO - Found 60 links on page 143
2025-05-17 06:36:29,703 - INFO - Scraping page 146...
2025-05-17 06:36:30,675 - INFO - Found 60 links on page 144
2025-05-17 06:36:30,675 - INFO - Scraping page 147...
2025-05-17 06:36:32,188 - INFO - Found 60 links on page 145
2025-05-17 06:36:32,188 - INFO - Scraping page 148...
2025-05-17 06:36:33,676 - INFO - Found 60 links on page 146
2025-05-17 06:36:33,676 - INFO - Scraping page 149...
2025-05-17 06:36:34,972 - INFO - Found 60 links on page 147
2025-05-17 06:36:34,972 - INFO - Scraping page 150...
2025-05-17 06:36:35,917 - INFO - Found 60 links on page 148
2025-05-17 06:36:35,917 - INFO - Scraping page 151...
2025-05-17 06:36:37,836 - INFO - Found 60 links on page 149
2025-05-17 06:36:37,837 - INFO - Scraping page 152...
2025-05-17 06:36:39,570 - INFO - Found 60 links on page 150
2025-05-17 06:36:39,571 - INFO - Scraping page 153...
2025-05-17 06:36:40,024 - INFO - Found 60 links on page 151
2025-05-17 06:36:40,025 - INFO - Scraping page 154...
2025-05-17 06:36:42,753 - INFO - Found 60 links on page 152
2025-05-17 06:36:42,753 - INFO - Scraping page 155...
2025-05-17 06:36:43,298 - INFO - Found 60 links on page 153
2025-05-17 06:36:43,298 - INFO - Scraping page 156...
2025-05-17 06:36:44,009 - INFO - Found 60 links on page 154
2025-05-17 06:36:44,009 - INFO - Scraping page 157...
2025-05-17 06:36:46,853 - INFO - Found 60 links on page 155
2025-05-17 06:36:46,853 - INFO - Scraping page 158...
2025-05-17 06:36:47,332 - INFO - Found 60 links on page 156
2025-05-17 06:36:47,332 - INFO - Scraping page 159...
2025-05-17 06:36:48,008 - INFO - Found 60 links on page 157
2025-05-17 06:36:48,008 - INFO - Scraping page 160...
2025-05-17 06:36:50,830 - INFO - Found 60 links on page 158
2025-05-17 06:36:50,830 - INFO - Scraping page 161...
2025-05-17 06:36:51,491 - INFO - Found 60 links on page 159
2025-05-17 06:36:51,491 - INFO - Scraping page 162...
2025-05-17 06:36:52,221 - INFO - Found 60 links on page 160
2025-05-17 06:36:52,221 - INFO - Scraping page 163...
2025-05-17 06:36:55,309 - INFO - Found 60 links on page 161
2025-05-17 06:36:55,309 - INFO - Scraping page 164...
2025-05-17 06:36:55,846 - INFO - Found 60 links on page 162
2025-05-17 06:36:55,846 - INFO - Scraping page 165...
2025-05-17 06:36:56,149 - INFO - Found 60 links on page 163
2025-05-17 06:36:56,149 - INFO - Scraping page 166...
2025-05-17 06:36:59,417 - INFO - Found 60 links on page 164
2025-05-17 06:36:59,417 - INFO - Scraping page 167...
2025-05-17 06:36:59,717 - INFO - Found 60 links on page 165
2025-05-17 06:36:59,717 - INFO - Scraping page 168...
2025-05-17 06:37:00,767 - INFO - Found 60 links on page 166
2025-05-17 06:37:00,768 - INFO - Scraping page 169...
2025-05-17 06:37:03,365 - INFO - Found 60 links on page 167
2025-05-17 06:37:03,365 - INFO - Scraping page 170...
2025-05-17 06:37:03,891 - INFO - Found 60 links on page 168
2025-05-17 06:37:03,891 - INFO - Scraping page 171...
2025-05-17 06:37:05,257 - INFO - Found 60 links on page 169
2025-05-17 06:37:05,257 - INFO - Scraping page 172...
2025-05-17 06:37:07,438 - INFO - Found 60 links on page 170
2025-05-17 06:37:07,438 - INFO - Scraping page 173...
2025-05-17 06:37:08,015 - INFO - Found 60 links on page 171
2025-05-17 06:37:08,015 - INFO - Scraping page 174...
2025-05-17 06:37:09,214 - INFO - Found 60 links on page 172
2025-05-17 06:37:09,214 - INFO - Scraping page 175...
2025-05-17 06:37:11,547 - INFO - Found 60 links on page 173
2025-05-17 06:37:11,547 - INFO - Scraping page 176...
2025-05-17 06:37:11,829 - INFO - Found 60 links on page 174
2025-05-17 06:37:11,829 - INFO - Scraping page 177...
2025-05-17 06:37:13,991 - INFO - Found 60 links on page 175
2025-05-17 06:37:13,992 - INFO - Scraping page 178...
2025-05-17 06:37:15,745 - INFO - Found 60 links on page 177
2025-05-17 06:37:15,751 - INFO - Scraping page 179...
2025-05-17 06:37:15,841 - INFO - Found 60 links on page 176
2025-05-17 06:37:15,841 - INFO - Scraping page 180...
2025-05-17 06:37:18,089 - INFO - Found 60 links on page 178
2025-05-17 06:37:18,090 - INFO - Scraping page 181...
2025-05-17 06:37:19,936 - INFO - Found 60 links on page 180
2025-05-17 06:37:19,936 - INFO - Scraping page 182...
2025-05-17 06:37:20,554 - INFO - Found 60 links on page 179
2025-05-17 06:37:20,555 - INFO - Scraping page 183...
2025-05-17 06:37:22,253 - INFO - Found 60 links on page 181
2025-05-17 06:37:22,253 - INFO - Scraping page 184...
2025-05-17 06:37:24,000 - INFO - Found 60 links on page 182
2025-05-17 06:37:24,000 - INFO - Scraping page 185...
2025-05-17 06:37:24,893 - INFO - Found 60 links on page 183
2025-05-17 06:37:24,893 - INFO - Scraping page 186...
2025-05-17 06:37:26,368 - INFO - Found 60 links on page 184
2025-05-17 06:37:26,368 - INFO - Scraping page 187...
2025-05-17 06:37:27,930 - INFO - Found 60 links on page 185
2025-05-17 06:37:27,930 - INFO - Scraping page 188...
2025-05-17 06:37:28,727 - INFO - Found 60 links on page 186
2025-05-17 06:37:28,727 - INFO - Scraping page 189...
2025-05-17 06:37:30,285 - INFO - Found 60 links on page 187
2025-05-17 06:37:30,285 - INFO - Scraping page 190...
2025-05-17 06:37:31,802 - INFO - Found 60 links on page 188
2025-05-17 06:37:31,802 - INFO - Scraping page 191...
2025-05-17 06:37:33,090 - INFO - Found 60 links on page 189
2025-05-17 06:37:33,090 - INFO - Scraping page 192...
2025-05-17 06:37:34,522 - INFO - Found 60 links on page 190
2025-05-17 06:37:34,522 - INFO - Scraping page 193...
2025-05-17 06:37:36,665 - INFO - Found 60 links on page 191
2025-05-17 06:37:36,665 - INFO - Scraping page 194...
2025-05-17 06:37:37,431 - INFO - Found 60 links on page 192
2025-05-17 06:37:37,431 - INFO - Scraping page 195...
2025-05-17 06:37:38,702 - INFO - Found 60 links on page 193
2025-05-17 06:37:38,702 - INFO - Scraping page 196...
2025-05-17 06:37:40,795 - INFO - Found 60 links on page 194
2025-05-17 06:37:40,795 - INFO - Scraping page 197...
2025-05-17 06:37:41,754 - INFO - Found 60 links on page 195
2025-05-17 06:37:41,754 - INFO - Scraping page 198...
2025-05-17 06:37:42,594 - INFO - Found 60 links on page 196
2025-05-17 06:37:42,595 - INFO - Scraping page 199...
2025-05-17 06:37:45,098 - INFO - Found 60 links on page 197
2025-05-17 06:37:45,098 - INFO - Scraping page 200...
2025-05-17 06:37:46,775 - INFO - Found 60 links on page 198
2025-05-17 06:37:46,952 - INFO - Found 60 links on page 199
2025-05-17 06:37:49,995 - INFO - Found 60 links on page 200
2025-05-17 06:37:50,001 - INFO - Found 292 new links to scrape out of 12000 total links
2025-05-17 06:37:50,001 - INFO - Processing batch 1/6 (50 links)
2025-05-17 06:37:55,828 - INFO - Progress: 10/50 ads processed
2025-05-17 06:38:01,037 - INFO - Progress: 20/50 ads processed
2025-05-17 06:38:06,119 - INFO - Progress: 30/50 ads processed
2025-05-17 06:38:10,761 - INFO - Progress: 40/50 ads processed
2025-05-17 06:38:15,923 - INFO - Progress: 50/50 ads processed
2025-05-17 06:38:15,973 - INFO - Created backup of existing data file at unegui_data/unegui_sales_data.csv.bak
2025-05-17 06:38:16,182 - INFO - Data saved to unegui_data/unegui_sales_data.csv: 14491 records
2025-05-17 06:38:16,670 - INFO - Cache saved with 14738 URLs
2025-05-17 06:38:16,670 - INFO - Saved batch data. Total records: 14492
2025-05-17 06:38:16,671 - INFO - Processing batch 2/6 (50 links)
2025-05-17 06:38:21,907 - INFO - Progress: 10/50 ads processed
2025-05-17 06:38:27,102 - INFO - Progress: 20/50 ads processed
2025-05-17 06:38:32,831 - INFO - Progress: 30/50 ads processed
2025-05-17 06:38:37,894 - INFO - Progress: 40/50 ads processed
2025-05-17 06:38:42,665 - INFO - Progress: 50/50 ads processed
2025-05-17 06:38:42,712 - INFO - Created backup of existing data file at unegui_data/unegui_sales_data.csv.bak
2025-05-17 06:38:42,911 - INFO - Data saved to unegui_data/unegui_sales_data.csv: 14541 records
2025-05-17 06:38:43,412 - INFO - Cache saved with 14788 URLs
2025-05-17 06:38:43,412 - INFO - Saved batch data. Total records: 14542
2025-05-17 06:38:43,412 - INFO - Processing batch 3/6 (50 links)
2025-05-17 06:38:49,189 - INFO - Progress: 10/50 ads processed
2025-05-17 06:38:54,868 - INFO - Progress: 20/50 ads processed
2025-05-17 06:39:00,018 - INFO - Progress: 30/50 ads processed
2025-05-17 06:39:04,953 - INFO - Progress: 40/50 ads processed
2025-05-17 06:39:09,716 - INFO - Progress: 50/50 ads processed
2025-05-17 06:39:09,763 - INFO - Created backup of existing data file at unegui_data/unegui_sales_data.csv.bak
2025-05-17 06:39:09,963 - INFO - Data saved to unegui_data/unegui_sales_data.csv: 14590 records
2025-05-17 06:39:10,458 - INFO - Cache saved with 14838 URLs
2025-05-17 06:39:10,458 - INFO - Saved batch data. Total records: 14591
2025-05-17 06:39:10,458 - INFO - Processing batch 4/6 (50 links)
2025-05-17 06:39:15,553 - INFO - Progress: 10/50 ads processed
2025-05-17 06:39:20,819 - INFO - Progress: 20/50 ads processed
2025-05-17 06:39:26,807 - INFO - Progress: 30/50 ads processed
2025-05-17 06:39:31,735 - INFO - Progress: 40/50 ads processed
2025-05-17 06:39:36,582 - INFO - Progress: 50/50 ads processed
2025-05-17 06:39:36,628 - INFO - Created backup of existing data file at unegui_data/unegui_sales_data.csv.bak
2025-05-17 06:39:36,829 - INFO - Data saved to unegui_data/unegui_sales_data.csv: 14640 records
2025-05-17 06:39:37,335 - INFO - Cache saved with 14888 URLs
2025-05-17 06:39:37,335 - INFO - Saved batch data. Total records: 14641
2025-05-17 06:39:37,335 - INFO - Processing batch 5/6 (50 links)
2025-05-17 06:39:42,818 - INFO - Progress: 10/50 ads processed
2025-05-17 06:39:48,236 - INFO - Progress: 20/50 ads processed
2025-05-17 06:39:53,311 - INFO - Progress: 30/50 ads processed
2025-05-17 06:39:58,839 - INFO - Progress: 40/50 ads processed
2025-05-17 06:40:03,678 - INFO - Progress: 50/50 ads processed
2025-05-17 06:40:03,724 - INFO - Created backup of existing data file at unegui_data/unegui_sales_data.csv.bak
2025-05-17 06:40:03,926 - INFO - Data saved to unegui_data/unegui_sales_data.csv: 14689 records
2025-05-17 06:40:04,416 - INFO - Cache saved with 14938 URLs
2025-05-17 06:40:04,416 - INFO - Saved batch data. Total records: 14690
2025-05-17 06:40:04,416 - INFO - Processing batch 6/6 (42 links)
2025-05-17 06:40:09,644 - INFO - Progress: 10/42 ads processed
2025-05-17 06:40:15,388 - INFO - Progress: 20/42 ads processed
2025-05-17 06:40:20,658 - INFO - Progress: 30/42 ads processed
2025-05-17 06:40:25,736 - INFO - Progress: 40/42 ads processed
2025-05-17 06:40:27,139 - INFO - Progress: 42/42 ads processed
2025-05-17 06:40:27,190 - INFO - Created backup of existing data file at unegui_data/unegui_sales_data.csv.bak
2025-05-17 06:40:27,392 - INFO - Data saved to unegui_data/unegui_sales_data.csv: 14730 records
2025-05-17 06:40:27,886 - INFO - Cache saved with 14980 URLs
2025-05-17 06:40:27,886 - INFO - Saved batch data. Total records: 14731
2025-05-17 06:40:27,886 - INFO - Scraping completed in 0:07:23.853669. Total ads collected: 14731
