2025-06-23 06:39:54,159 - INFO - Starting sales apartment scraper at 2025-06-23 06:39:54.159654
2025-06-23 06:39:54,559 - INFO - Loaded existing data from unegui_data/unegui_sales_data.csv: 26868 records
2025-06-23 06:39:54,870 - INFO - Loaded 26868 existing records
2025-06-23 06:39:54,909 - INFO - Scraping page 1...
2025-06-23 06:39:54,909 - INFO - Scraping page 2...
2025-06-23 06:39:54,909 - INFO - Scraping page 3...
2025-06-23 06:39:58,956 - INFO - Found 60 links on page 3
2025-06-23 06:39:58,956 - INFO - Scraping page 4...
2025-06-23 06:39:59,701 - INFO - Found 60 links on page 2
2025-06-23 06:39:59,707 - INFO - Scraping page 5...
2025-06-23 06:39:59,874 - INFO - Found 60 links on page 1
2025-06-23 06:39:59,874 - INFO - Scraping page 6...
2025-06-23 06:40:02,908 - INFO - Found 60 links on page 4
2025-06-23 06:40:02,908 - INFO - Scraping page 7...
2025-06-23 06:40:03,552 - INFO - Found 60 links on page 5
2025-06-23 06:40:03,552 - INFO - Scraping page 8...
2025-06-23 06:40:03,943 - INFO - Found 60 links on page 6
2025-06-23 06:40:03,943 - INFO - Scraping page 9...
2025-06-23 06:40:06,759 - INFO - Found 60 links on page 7
2025-06-23 06:40:06,759 - INFO - Scraping page 10...
2025-06-23 06:40:07,624 - INFO - Found 60 links on page 8
2025-06-23 06:40:07,624 - INFO - Scraping page 11...
2025-06-23 06:40:07,973 - INFO - Found 60 links on page 9
2025-06-23 06:40:07,974 - INFO - Scraping page 12...
2025-06-23 06:40:10,465 - INFO - Found 60 links on page 10
2025-06-23 06:40:10,465 - INFO - Scraping page 13...
2025-06-23 06:40:11,365 - INFO - Found 60 links on page 11
2025-06-23 06:40:11,365 - INFO - Scraping page 14...
2025-06-23 06:40:12,174 - INFO - Found 60 links on page 12
2025-06-23 06:40:12,174 - INFO - Scraping page 15...
2025-06-23 06:40:14,391 - INFO - Found 60 links on page 13
2025-06-23 06:40:14,392 - INFO - Scraping page 16...
2025-06-23 06:40:15,541 - INFO - Found 60 links on page 14
2025-06-23 06:40:15,541 - INFO - Scraping page 17...
2025-06-23 06:40:16,223 - INFO - Found 60 links on page 15
2025-06-23 06:40:16,223 - INFO - Scraping page 18...
2025-06-23 06:40:18,612 - INFO - Found 60 links on page 16
2025-06-23 06:40:18,612 - INFO - Scraping page 19...
2025-06-23 06:40:19,574 - INFO - Found 60 links on page 17
2025-06-23 06:40:19,574 - INFO - Scraping page 20...
2025-06-23 06:40:20,622 - INFO - Found 60 links on page 18
2025-06-23 06:40:20,622 - INFO - Scraping page 21...
2025-06-23 06:40:22,779 - INFO - Found 60 links on page 19
2025-06-23 06:40:22,779 - INFO - Scraping page 22...
2025-06-23 06:40:23,299 - INFO - Found 60 links on page 20
2025-06-23 06:40:23,299 - INFO - Scraping page 23...
2025-06-23 06:40:24,454 - INFO - Found 60 links on page 21
2025-06-23 06:40:24,454 - INFO - Scraping page 24...
2025-06-23 06:40:27,119 - INFO - Found 60 links on page 22
2025-06-23 06:40:27,119 - INFO - Scraping page 25...
2025-06-23 06:40:27,396 - INFO - Found 60 links on page 23
2025-06-23 06:40:27,396 - INFO - Scraping page 26...
2025-06-23 06:40:29,259 - INFO - Found 60 links on page 24
2025-06-23 06:40:29,259 - INFO - Scraping page 27...
2025-06-23 06:40:31,300 - INFO - Found 60 links on page 26
2025-06-23 06:40:31,300 - INFO - Scraping page 28...
2025-06-23 06:40:31,502 - INFO - Found 60 links on page 25
2025-06-23 06:40:31,502 - INFO - Scraping page 29...
2025-06-23 06:40:33,001 - INFO - Found 60 links on page 27
2025-06-23 06:40:33,002 - INFO - Scraping page 30...
2025-06-23 06:40:35,393 - INFO - Found 60 links on page 28
2025-06-23 06:40:35,398 - INFO - Scraping page 31...
2025-06-23 06:40:35,572 - INFO - Found 60 links on page 29
2025-06-23 06:40:35,572 - INFO - Scraping page 32...
2025-06-23 06:40:37,497 - INFO - Found 60 links on page 30
2025-06-23 06:40:37,497 - INFO - Scraping page 33...
2025-06-23 06:40:39,543 - INFO - Found 60 links on page 31
2025-06-23 06:40:39,544 - INFO - Scraping page 34...
2025-06-23 06:40:39,813 - INFO - Found 60 links on page 32
2025-06-23 06:40:39,813 - INFO - Scraping page 35...
2025-06-23 06:40:41,532 - INFO - Found 60 links on page 33
2025-06-23 06:40:41,532 - INFO - Scraping page 36...
2025-06-23 06:40:43,779 - INFO - Found 60 links on page 34
2025-06-23 06:40:43,784 - INFO - Scraping page 37...
2025-06-23 06:40:43,842 - INFO - Found 60 links on page 35
2025-06-23 06:40:43,842 - INFO - Scraping page 38...
2025-06-23 06:40:45,463 - INFO - Found 60 links on page 36
2025-06-23 06:40:45,463 - INFO - Scraping page 39...
2025-06-23 06:40:48,090 - INFO - Found 60 links on page 37
2025-06-23 06:40:48,096 - INFO - Scraping page 40...
2025-06-23 06:40:48,166 - INFO - Found 60 links on page 38
2025-06-23 06:40:48,166 - INFO - Scraping page 41...
2025-06-23 06:40:49,607 - INFO - Found 60 links on page 39
2025-06-23 06:40:49,608 - INFO - Scraping page 42...
2025-06-23 06:40:52,135 - INFO - Found 60 links on page 40
2025-06-23 06:40:52,146 - INFO - Scraping page 43...
2025-06-23 06:40:52,316 - INFO - Found 60 links on page 41
2025-06-23 06:40:52,316 - INFO - Scraping page 44...
2025-06-23 06:40:53,687 - INFO - Found 60 links on page 42
2025-06-23 06:40:53,687 - INFO - Scraping page 45...
2025-06-23 06:40:56,076 - INFO - Found 60 links on page 43
2025-06-23 06:40:56,077 - INFO - Scraping page 46...
2025-06-23 06:40:56,747 - INFO - Found 60 links on page 44
2025-06-23 06:40:56,747 - INFO - Scraping page 47...
2025-06-23 06:40:57,488 - INFO - Found 60 links on page 45
2025-06-23 06:40:57,489 - INFO - Scraping page 48...
2025-06-23 06:41:00,298 - INFO - Found 60 links on page 46
2025-06-23 06:41:00,298 - INFO - Scraping page 49...
2025-06-23 06:41:01,089 - INFO - Found 60 links on page 47
2025-06-23 06:41:01,089 - INFO - Scraping page 50...
2025-06-23 06:41:01,470 - INFO - Found 60 links on page 48
2025-06-23 06:41:01,470 - INFO - Scraping page 51...
2025-06-23 06:41:04,406 - INFO - Found 60 links on page 49
2025-06-23 06:41:04,406 - INFO - Scraping page 52...
2025-06-23 06:41:04,955 - INFO - Found 60 links on page 50
2025-06-23 06:41:04,956 - INFO - Scraping page 53...
2025-06-23 06:41:05,770 - INFO - Found 60 links on page 51
2025-06-23 06:41:05,770 - INFO - Scraping page 54...
2025-06-23 06:41:08,721 - INFO - Found 60 links on page 52
2025-06-23 06:41:08,722 - INFO - Scraping page 55...
2025-06-23 06:41:09,129 - INFO - Found 60 links on page 53
2025-06-23 06:41:09,129 - INFO - Scraping page 56...
2025-06-23 06:41:10,015 - INFO - Found 60 links on page 54
2025-06-23 06:41:10,015 - INFO - Scraping page 57...
2025-06-23 06:41:12,880 - INFO - Found 60 links on page 55
2025-06-23 06:41:12,881 - INFO - Scraping page 58...
2025-06-23 06:41:13,233 - INFO - Found 60 links on page 56
2025-06-23 06:41:13,233 - INFO - Scraping page 59...
2025-06-23 06:41:13,910 - INFO - Found 60 links on page 57
2025-06-23 06:41:13,910 - INFO - Scraping page 60...
2025-06-23 06:41:16,635 - INFO - Found 60 links on page 58
2025-06-23 06:41:16,635 - INFO - Scraping page 61...
2025-06-23 06:41:17,046 - INFO - Found 60 links on page 59
2025-06-23 06:41:17,046 - INFO - Scraping page 62...
2025-06-23 06:41:17,968 - INFO - Found 60 links on page 60
2025-06-23 06:41:17,968 - INFO - Scraping page 63...
2025-06-23 06:41:21,248 - INFO - Found 60 links on page 62
2025-06-23 06:41:21,248 - INFO - Scraping page 64...
2025-06-23 06:41:22,222 - INFO - Found 60 links on page 61
2025-06-23 06:41:22,222 - INFO - Scraping page 65...
2025-06-23 06:41:22,566 - INFO - Found 60 links on page 63
2025-06-23 06:41:22,566 - INFO - Scraping page 66...
2025-06-23 06:41:25,649 - INFO - Found 60 links on page 64
2025-06-23 06:41:25,649 - INFO - Scraping page 67...
2025-06-23 06:41:26,781 - INFO - Found 60 links on page 66
2025-06-23 06:41:26,787 - INFO - Scraping page 68...
2025-06-23 06:41:26,913 - INFO - Found 60 links on page 65
2025-06-23 06:41:26,913 - INFO - Scraping page 69...
2025-06-23 06:41:30,105 - INFO - Found 60 links on page 67
2025-06-23 06:41:30,105 - INFO - Scraping page 70...
2025-06-23 06:41:30,782 - INFO - Found 60 links on page 69
2025-06-23 06:41:30,783 - INFO - Scraping page 71...
2025-06-23 06:41:31,458 - INFO - Found 60 links on page 68
2025-06-23 06:41:31,458 - INFO - Scraping page 72...
2025-06-23 06:41:34,019 - INFO - Found 60 links on page 70
2025-06-23 06:41:34,019 - INFO - Scraping page 73...
2025-06-23 06:41:34,889 - INFO - Found 60 links on page 71
2025-06-23 06:41:34,889 - INFO - Scraping page 74...
2025-06-23 06:41:35,482 - INFO - Found 60 links on page 72
2025-06-23 06:41:35,482 - INFO - Scraping page 75...
2025-06-23 06:41:38,004 - INFO - Found 60 links on page 73
2025-06-23 06:41:38,005 - INFO - Scraping page 76...
2025-06-23 06:41:38,803 - INFO - Found 60 links on page 74
2025-06-23 06:41:38,804 - INFO - Scraping page 77...
2025-06-23 06:41:39,476 - INFO - Found 60 links on page 75
2025-06-23 06:41:39,476 - INFO - Scraping page 78...
2025-06-23 06:41:41,957 - INFO - Found 60 links on page 76
2025-06-23 06:41:41,957 - INFO - Scraping page 79...
2025-06-23 06:41:43,682 - INFO - Found 60 links on page 77
2025-06-23 06:41:43,682 - INFO - Scraping page 80...
2025-06-23 06:41:44,655 - INFO - Found 60 links on page 78
2025-06-23 06:41:44,655 - INFO - Scraping page 81...
2025-06-23 06:41:45,963 - INFO - Found 60 links on page 79
2025-06-23 06:41:45,963 - INFO - Scraping page 82...
2025-06-23 06:41:47,526 - INFO - Found 60 links on page 80
2025-06-23 06:41:47,527 - INFO - Scraping page 83...
2025-06-23 06:41:48,559 - INFO - Found 60 links on page 81
2025-06-23 06:41:48,559 - INFO - Scraping page 84...
2025-06-23 06:41:50,313 - INFO - Found 60 links on page 82
2025-06-23 06:41:50,313 - INFO - Scraping page 85...
2025-06-23 06:41:51,483 - INFO - Found 60 links on page 83
2025-06-23 06:41:51,483 - INFO - Scraping page 86...
2025-06-23 06:41:52,498 - INFO - Found 60 links on page 84
2025-06-23 06:41:52,498 - INFO - Scraping page 87...
2025-06-23 06:41:54,487 - INFO - Found 60 links on page 85
2025-06-23 06:41:54,487 - INFO - Scraping page 88...
2025-06-23 06:41:55,805 - INFO - Found 60 links on page 86
2025-06-23 06:41:55,805 - INFO - Scraping page 89...
2025-06-23 06:41:56,891 - INFO - Found 60 links on page 87
2025-06-23 06:41:56,891 - INFO - Scraping page 90...
2025-06-23 06:41:58,569 - INFO - Found 60 links on page 88
2025-06-23 06:41:58,570 - INFO - Scraping page 91...
2025-06-23 06:42:00,086 - INFO - Found 60 links on page 89
2025-06-23 06:42:00,087 - INFO - Scraping page 92...
2025-06-23 06:42:00,835 - INFO - Found 60 links on page 90
2025-06-23 06:42:00,835 - INFO - Scraping page 93...
2025-06-23 06:42:02,598 - INFO - Found 60 links on page 91
2025-06-23 06:42:02,598 - INFO - Scraping page 94...
2025-06-23 06:42:04,023 - INFO - Found 60 links on page 92
2025-06-23 06:42:04,023 - INFO - Scraping page 95...
2025-06-23 06:42:04,958 - INFO - Found 60 links on page 93
2025-06-23 06:42:04,958 - INFO - Scraping page 96...
2025-06-23 06:42:06,799 - INFO - Found 60 links on page 94
2025-06-23 06:42:06,800 - INFO - Scraping page 97...
2025-06-23 06:42:08,208 - INFO - Found 60 links on page 95
2025-06-23 06:42:08,208 - INFO - Scraping page 98...
2025-06-23 06:42:09,071 - INFO - Found 60 links on page 96
2025-06-23 06:42:09,071 - INFO - Scraping page 99...
2025-06-23 06:42:10,987 - INFO - Found 60 links on page 97
2025-06-23 06:42:10,988 - INFO - Scraping page 100...
2025-06-23 06:42:12,647 - INFO - Found 60 links on page 98
2025-06-23 06:42:12,647 - INFO - Scraping page 101...
2025-06-23 06:42:13,367 - INFO - Found 60 links on page 99
2025-06-23 06:42:13,367 - INFO - Scraping page 102...
2025-06-23 06:42:14,941 - INFO - Found 60 links on page 100
2025-06-23 06:42:14,941 - INFO - Scraping page 103...
2025-06-23 06:42:16,594 - INFO - Found 60 links on page 101
2025-06-23 06:42:16,594 - INFO - Scraping page 104...
2025-06-23 06:42:18,568 - INFO - Found 60 links on page 102
2025-06-23 06:42:18,569 - INFO - Scraping page 105...
2025-06-23 06:42:19,399 - INFO - Found 60 links on page 103
2025-06-23 06:42:19,400 - INFO - Scraping page 106...
2025-06-23 06:42:21,268 - INFO - Found 60 links on page 104
2025-06-23 06:42:21,268 - INFO - Scraping page 107...
2025-06-23 06:42:22,811 - INFO - Found 60 links on page 105
2025-06-23 06:42:22,811 - INFO - Scraping page 108...
2025-06-23 06:42:24,327 - INFO - Found 60 links on page 106
2025-06-23 06:42:24,328 - INFO - Scraping page 109...
2025-06-23 06:42:25,202 - INFO - Found 60 links on page 107
2025-06-23 06:42:25,202 - INFO - Scraping page 110...
2025-06-23 06:42:26,649 - INFO - Found 60 links on page 108
2025-06-23 06:42:26,650 - INFO - Scraping page 111...
2025-06-23 06:42:28,197 - INFO - Found 60 links on page 109
2025-06-23 06:42:28,198 - INFO - Scraping page 112...
2025-06-23 06:42:29,508 - INFO - Found 60 links on page 110
2025-06-23 06:42:29,508 - INFO - Scraping page 113...
2025-06-23 06:42:30,982 - INFO - Found 60 links on page 111
2025-06-23 06:42:30,982 - INFO - Scraping page 114...
2025-06-23 06:42:31,975 - INFO - Found 60 links on page 112
2025-06-23 06:42:31,975 - INFO - Scraping page 115...
2025-06-23 06:42:33,588 - INFO - Found 60 links on page 113
2025-06-23 06:42:33,588 - INFO - Scraping page 116...
2025-06-23 06:42:35,161 - INFO - Found 60 links on page 114
2025-06-23 06:42:35,161 - INFO - Scraping page 117...
2025-06-23 06:42:36,720 - INFO - Found 60 links on page 115
2025-06-23 06:42:36,720 - INFO - Scraping page 118...
2025-06-23 06:42:37,919 - INFO - Found 60 links on page 116
2025-06-23 06:42:37,920 - INFO - Scraping page 119...
2025-06-23 06:42:39,217 - INFO - Found 60 links on page 117
2025-06-23 06:42:39,217 - INFO - Scraping page 120...
2025-06-23 06:42:40,897 - INFO - Found 60 links on page 118
2025-06-23 06:42:40,897 - INFO - Scraping page 121...
2025-06-23 06:42:42,296 - INFO - Found 60 links on page 119
2025-06-23 06:42:42,296 - INFO - Scraping page 122...
2025-06-23 06:42:43,182 - INFO - Found 60 links on page 120
2025-06-23 06:42:43,183 - INFO - Scraping page 123...
2025-06-23 06:42:44,987 - INFO - Found 60 links on page 121
2025-06-23 06:42:44,987 - INFO - Scraping page 124...
2025-06-23 06:42:46,204 - INFO - Found 60 links on page 122
2025-06-23 06:42:46,204 - INFO - Scraping page 125...
2025-06-23 06:42:47,247 - INFO - Found 60 links on page 123
2025-06-23 06:42:47,247 - INFO - Scraping page 126...
2025-06-23 06:42:49,778 - INFO - Found 60 links on page 124
2025-06-23 06:42:49,778 - INFO - Scraping page 127...
2025-06-23 06:42:50,320 - INFO - Found 60 links on page 125
2025-06-23 06:42:50,320 - INFO - Scraping page 128...
2025-06-23 06:42:51,343 - INFO - Found 60 links on page 126
2025-06-23 06:42:51,344 - INFO - Scraping page 129...
2025-06-23 06:42:54,106 - INFO - Found 60 links on page 127
2025-06-23 06:42:54,106 - INFO - Scraping page 130...
2025-06-23 06:42:55,051 - INFO - Found 60 links on page 128
2025-06-23 06:42:55,051 - INFO - Scraping page 131...
2025-06-23 06:42:55,365 - INFO - Found 60 links on page 129
2025-06-23 06:42:55,365 - INFO - Scraping page 132...
2025-06-23 06:42:58,336 - INFO - Found 60 links on page 130
2025-06-23 06:42:58,337 - INFO - Scraping page 133...
2025-06-23 06:42:59,337 - INFO - Found 60 links on page 132
2025-06-23 06:42:59,337 - INFO - Scraping page 134...
2025-06-23 06:42:59,600 - INFO - Found 60 links on page 131
2025-06-23 06:42:59,601 - INFO - Scraping page 135...
2025-06-23 06:43:02,285 - INFO - Found 60 links on page 133
2025-06-23 06:43:02,285 - INFO - Scraping page 136...
2025-06-23 06:43:03,459 - INFO - Found 60 links on page 134
2025-06-23 06:43:03,459 - INFO - Scraping page 137...
2025-06-23 06:43:04,081 - INFO - Found 60 links on page 135
2025-06-23 06:43:04,081 - INFO - Scraping page 138...
2025-06-23 06:43:06,381 - INFO - Found 60 links on page 136
2025-06-23 06:43:06,381 - INFO - Scraping page 139...
2025-06-23 06:43:07,692 - INFO - Found 60 links on page 137
2025-06-23 06:43:07,692 - INFO - Scraping page 140...
2025-06-23 06:43:08,354 - INFO - Found 60 links on page 138
2025-06-23 06:43:08,354 - INFO - Scraping page 141...
2025-06-23 06:43:10,563 - INFO - Found 60 links on page 139
2025-06-23 06:43:10,563 - INFO - Scraping page 142...
2025-06-23 06:43:11,558 - INFO - Found 60 links on page 140
2025-06-23 06:43:11,559 - INFO - Scraping page 143...
2025-06-23 06:43:13,569 - INFO - Found 60 links on page 141
2025-06-23 06:43:13,569 - INFO - Scraping page 144...
2025-06-23 06:43:14,822 - INFO - Found 60 links on page 142
2025-06-23 06:43:14,822 - INFO - Scraping page 145...
2025-06-23 06:43:16,042 - INFO - Found 60 links on page 143
2025-06-23 06:43:16,042 - INFO - Scraping page 146...
2025-06-23 06:43:17,424 - INFO - Found 60 links on page 144
2025-06-23 06:43:17,424 - INFO - Scraping page 147...
2025-06-23 06:43:18,726 - INFO - Found 60 links on page 145
2025-06-23 06:43:18,726 - INFO - Scraping page 148...
2025-06-23 06:43:20,658 - INFO - Found 60 links on page 146
2025-06-23 06:43:20,658 - INFO - Scraping page 149...
2025-06-23 06:43:21,418 - INFO - Found 60 links on page 147
2025-06-23 06:43:21,419 - INFO - Scraping page 150...
2025-06-23 06:43:22,894 - INFO - Found 60 links on page 148
2025-06-23 06:43:22,894 - INFO - Scraping page 151...
2025-06-23 06:43:24,607 - INFO - Found 60 links on page 149
2025-06-23 06:43:24,607 - INFO - Scraping page 152...
2025-06-23 06:43:25,682 - INFO - Found 60 links on page 150
2025-06-23 06:43:25,682 - INFO - Scraping page 153...
2025-06-23 06:43:27,004 - INFO - Found 60 links on page 151
2025-06-23 06:43:27,004 - INFO - Scraping page 154...
2025-06-23 06:43:28,846 - INFO - Found 60 links on page 152
2025-06-23 06:43:28,846 - INFO - Scraping page 155...
2025-06-23 06:43:29,612 - INFO - Found 60 links on page 153
2025-06-23 06:43:29,612 - INFO - Scraping page 156...
2025-06-23 06:43:31,047 - INFO - Found 60 links on page 154
2025-06-23 06:43:31,047 - INFO - Scraping page 157...
2025-06-23 06:43:33,675 - INFO - Found 60 links on page 156
2025-06-23 06:43:33,686 - INFO - Scraping page 158...
2025-06-23 06:43:33,802 - INFO - Found 60 links on page 155
2025-06-23 06:43:33,802 - INFO - Scraping page 159...
2025-06-23 06:43:35,595 - INFO - Found 60 links on page 157
2025-06-23 06:43:35,595 - INFO - Scraping page 160...
2025-06-23 06:43:37,745 - INFO - Found 60 links on page 158
2025-06-23 06:43:37,746 - INFO - Scraping page 161...
2025-06-23 06:43:38,648 - INFO - Found 60 links on page 159
2025-06-23 06:43:38,649 - INFO - Scraping page 162...
2025-06-23 06:43:39,350 - INFO - Found 60 links on page 160
2025-06-23 06:43:39,350 - INFO - Scraping page 163...
2025-06-23 06:43:41,551 - INFO - Found 60 links on page 161
2025-06-23 06:43:41,551 - INFO - Scraping page 164...
2025-06-23 06:43:42,510 - INFO - Found 60 links on page 162
2025-06-23 06:43:42,510 - INFO - Scraping page 165...
2025-06-23 06:43:43,616 - INFO - Found 60 links on page 163
2025-06-23 06:43:43,616 - INFO - Scraping page 166...
2025-06-23 06:43:46,131 - INFO - Found 60 links on page 164
2025-06-23 06:43:46,131 - INFO - Scraping page 167...
2025-06-23 06:43:47,221 - INFO - Found 60 links on page 165
2025-06-23 06:43:47,221 - INFO - Scraping page 168...
2025-06-23 06:43:48,915 - INFO - Found 60 links on page 166
2025-06-23 06:43:48,915 - INFO - Scraping page 169...
2025-06-23 06:43:50,346 - INFO - Found 60 links on page 167
2025-06-23 06:43:50,346 - INFO - Scraping page 170...
2025-06-23 06:43:51,678 - INFO - Found 60 links on page 168
2025-06-23 06:43:51,678 - INFO - Scraping page 171...
2025-06-23 06:43:53,230 - INFO - Found 60 links on page 169
2025-06-23 06:43:53,230 - INFO - Scraping page 172...
2025-06-23 06:43:54,683 - INFO - Found 60 links on page 170
2025-06-23 06:43:54,683 - INFO - Scraping page 173...
2025-06-23 06:43:55,881 - INFO - Found 60 links on page 171
2025-06-23 06:43:55,881 - INFO - Scraping page 174...
2025-06-23 06:43:57,348 - INFO - Found 60 links on page 172
2025-06-23 06:43:57,349 - INFO - Scraping page 175...
2025-06-23 06:43:59,561 - INFO - Found 60 links on page 173
2025-06-23 06:43:59,562 - INFO - Scraping page 176...
2025-06-23 06:44:00,775 - INFO - Found 60 links on page 174
2025-06-23 06:44:00,775 - INFO - Scraping page 177...
2025-06-23 06:44:01,400 - INFO - Found 60 links on page 175
2025-06-23 06:44:01,401 - INFO - Scraping page 178...
2025-06-23 06:44:03,757 - INFO - Found 60 links on page 176
2025-06-23 06:44:03,757 - INFO - Scraping page 179...
2025-06-23 06:44:04,928 - INFO - Found 60 links on page 177
2025-06-23 06:44:04,929 - INFO - Scraping page 180...
2025-06-23 06:44:05,255 - INFO - Found 60 links on page 178
2025-06-23 06:44:05,255 - INFO - Scraping page 181...
2025-06-23 06:44:07,776 - INFO - Found 60 links on page 179
2025-06-23 06:44:07,776 - INFO - Scraping page 182...
2025-06-23 06:44:09,573 - INFO - Found 60 links on page 181
2025-06-23 06:44:09,573 - INFO - Scraping page 183...
2025-06-23 06:44:09,766 - INFO - Found 60 links on page 180
2025-06-23 06:44:09,767 - INFO - Scraping page 184...
2025-06-23 06:44:11,899 - INFO - Found 60 links on page 182
2025-06-23 06:44:11,899 - INFO - Scraping page 185...
2025-06-23 06:44:13,928 - INFO - Found 60 links on page 183
2025-06-23 06:44:13,929 - INFO - Scraping page 186...
2025-06-23 06:44:14,147 - INFO - Found 60 links on page 184
2025-06-23 06:44:14,147 - INFO - Scraping page 187...
2025-06-23 06:44:15,969 - INFO - Found 60 links on page 185
2025-06-23 06:44:15,969 - INFO - Scraping page 188...
2025-06-23 06:44:17,947 - INFO - Found 60 links on page 186
2025-06-23 06:44:17,947 - INFO - Scraping page 189...
2025-06-23 06:44:19,159 - INFO - Found 60 links on page 187
2025-06-23 06:44:19,159 - INFO - Scraping page 190...
2025-06-23 06:44:20,279 - INFO - Found 60 links on page 188
2025-06-23 06:44:20,279 - INFO - Scraping page 191...
2025-06-23 06:44:22,510 - INFO - Found 60 links on page 189
2025-06-23 06:44:22,510 - INFO - Scraping page 192...
2025-06-23 06:44:23,294 - INFO - Found 60 links on page 190
2025-06-23 06:44:23,295 - INFO - Scraping page 193...
2025-06-23 06:44:24,359 - INFO - Found 60 links on page 191
2025-06-23 06:44:24,359 - INFO - Scraping page 194...
2025-06-23 06:44:26,667 - INFO - Found 60 links on page 192
2025-06-23 06:44:26,668 - INFO - Scraping page 195...
2025-06-23 06:44:28,503 - INFO - Found 60 links on page 193
2025-06-23 06:44:28,504 - INFO - Scraping page 196...
2025-06-23 06:44:29,373 - INFO - Found 60 links on page 194
2025-06-23 06:44:29,373 - INFO - Scraping page 197...
2025-06-23 06:44:31,093 - INFO - Found 60 links on page 195
2025-06-23 06:44:31,093 - INFO - Scraping page 198...
2025-06-23 06:44:32,716 - INFO - Found 60 links on page 196
2025-06-23 06:44:32,716 - INFO - Scraping page 199...
2025-06-23 06:44:33,596 - INFO - Found 60 links on page 197
2025-06-23 06:44:33,596 - INFO - Scraping page 200...
2025-06-23 06:44:35,077 - INFO - Found 60 links on page 198
2025-06-23 06:44:36,624 - INFO - Found 60 links on page 199
2025-06-23 06:44:37,763 - INFO - Found 60 links on page 200
2025-06-23 06:44:37,771 - INFO - Found 320 new links to scrape out of 12000 total links
2025-06-23 06:44:37,771 - INFO - Processing batch 1/7 (50 links)
2025-06-23 06:44:43,894 - INFO - Progress: 10/50 ads processed
2025-06-23 06:44:48,976 - INFO - Progress: 20/50 ads processed
2025-06-23 06:44:54,148 - INFO - Progress: 30/50 ads processed
2025-06-23 06:44:59,653 - INFO - Progress: 40/50 ads processed
2025-06-23 06:45:05,151 - INFO - Progress: 50/50 ads processed
2025-06-23 06:45:05,234 - INFO - Created backup of existing data file at unegui_data/unegui_sales_data.csv.bak
2025-06-23 06:45:05,616 - INFO - Data saved to unegui_data/unegui_sales_data.csv: 26916 records
2025-06-23 06:45:06,547 - INFO - Cache saved with 27379 URLs
2025-06-23 06:45:06,548 - INFO - Saved batch data. Total records: 26916
2025-06-23 06:45:06,548 - INFO - Processing batch 2/7 (50 links)
2025-06-23 06:45:11,812 - INFO - Progress: 10/50 ads processed
2025-06-23 06:45:17,161 - INFO - Progress: 20/50 ads processed
2025-06-23 06:45:22,953 - INFO - Progress: 30/50 ads processed
2025-06-23 06:45:28,310 - INFO - Progress: 40/50 ads processed
2025-06-23 06:45:33,191 - INFO - Progress: 50/50 ads processed
2025-06-23 06:45:33,271 - INFO - Created backup of existing data file at unegui_data/unegui_sales_data.csv.bak
2025-06-23 06:45:33,653 - INFO - Data saved to unegui_data/unegui_sales_data.csv: 26966 records
2025-06-23 06:45:34,585 - INFO - Cache saved with 27429 URLs
2025-06-23 06:45:34,585 - INFO - Saved batch data. Total records: 26966
2025-06-23 06:45:34,585 - INFO - Processing batch 3/7 (50 links)
2025-06-23 06:45:39,837 - INFO - Progress: 10/50 ads processed
2025-06-23 06:45:45,252 - INFO - Progress: 20/50 ads processed
2025-06-23 06:45:50,498 - INFO - Progress: 30/50 ads processed
2025-06-23 06:45:55,409 - INFO - Progress: 40/50 ads processed
2025-06-23 06:46:00,705 - INFO - Progress: 50/50 ads processed
2025-06-23 06:46:00,788 - INFO - Created backup of existing data file at unegui_data/unegui_sales_data.csv.bak
2025-06-23 06:46:01,172 - INFO - Data saved to unegui_data/unegui_sales_data.csv: 27014 records
2025-06-23 06:46:02,100 - INFO - Cache saved with 27479 URLs
2025-06-23 06:46:02,100 - INFO - Saved batch data. Total records: 27014
2025-06-23 06:46:02,100 - INFO - Processing batch 4/7 (50 links)
2025-06-23 06:46:07,980 - INFO - Progress: 10/50 ads processed
2025-06-23 06:46:13,173 - INFO - Progress: 20/50 ads processed
2025-06-23 06:46:18,594 - INFO - Progress: 30/50 ads processed
2025-06-23 06:46:23,802 - INFO - Progress: 40/50 ads processed
2025-06-23 06:46:28,963 - INFO - Progress: 50/50 ads processed
2025-06-23 06:46:29,045 - INFO - Created backup of existing data file at unegui_data/unegui_sales_data.csv.bak
2025-06-23 06:46:29,429 - INFO - Data saved to unegui_data/unegui_sales_data.csv: 27063 records
2025-06-23 06:46:30,358 - INFO - Cache saved with 27529 URLs
2025-06-23 06:46:30,358 - INFO - Saved batch data. Total records: 27063
2025-06-23 06:46:30,358 - INFO - Processing batch 5/7 (50 links)
2025-06-23 06:46:35,679 - INFO - Progress: 10/50 ads processed
2025-06-23 06:46:41,159 - INFO - Progress: 20/50 ads processed
2025-06-23 06:46:46,456 - INFO - Progress: 30/50 ads processed
2025-06-23 06:46:52,063 - INFO - Progress: 40/50 ads processed
2025-06-23 06:46:57,424 - INFO - Progress: 50/50 ads processed
2025-06-23 06:46:57,508 - INFO - Created backup of existing data file at unegui_data/unegui_sales_data.csv.bak
2025-06-23 06:46:57,893 - INFO - Data saved to unegui_data/unegui_sales_data.csv: 27110 records
2025-06-23 06:46:58,838 - INFO - Cache saved with 27579 URLs
2025-06-23 06:46:58,838 - INFO - Saved batch data. Total records: 27110
2025-06-23 06:46:58,838 - INFO - Processing batch 6/7 (50 links)
2025-06-23 06:47:04,129 - INFO - Progress: 10/50 ads processed
2025-06-23 06:47:09,826 - INFO - Progress: 20/50 ads processed
2025-06-23 06:47:14,893 - INFO - Progress: 30/50 ads processed
2025-06-23 06:47:21,027 - INFO - Progress: 40/50 ads processed
2025-06-23 06:47:25,947 - INFO - Progress: 50/50 ads processed
2025-06-23 06:47:26,029 - INFO - Created backup of existing data file at unegui_data/unegui_sales_data.csv.bak
2025-06-23 06:47:26,413 - INFO - Data saved to unegui_data/unegui_sales_data.csv: 27160 records
2025-06-23 06:47:27,355 - INFO - Cache saved with 27629 URLs
2025-06-23 06:47:27,355 - INFO - Saved batch data. Total records: 27160
2025-06-23 06:47:27,355 - INFO - Processing batch 7/7 (20 links)
2025-06-23 06:47:33,107 - INFO - Progress: 10/20 ads processed
2025-06-23 06:47:38,042 - INFO - Progress: 20/20 ads processed
2025-06-23 06:47:38,126 - INFO - Created backup of existing data file at unegui_data/unegui_sales_data.csv.bak
2025-06-23 06:47:38,512 - INFO - Data saved to unegui_data/unegui_sales_data.csv: 27178 records
2025-06-23 06:47:39,456 - INFO - Cache saved with 27648 URLs
2025-06-23 06:47:39,457 - INFO - Saved batch data. Total records: 27178
2025-06-23 06:47:39,457 - INFO - Scraping completed in 0:07:45.297426. Total ads collected: 27178
