2025-06-09 06:39:02,802 - INFO - Starting sales apartment scraper at 2025-06-09 06:39:02.802369
2025-06-09 06:39:03,176 - INFO - Loaded existing data from unegui_data/unegui_sales_data.csv: 22011 records
2025-06-09 06:39:03,434 - INFO - Loaded 22011 existing records
2025-06-09 06:39:03,485 - INFO - Scraping page 1...
2025-06-09 06:39:03,485 - INFO - Scraping page 2...
2025-06-09 06:39:03,486 - INFO - Scraping page 3...
2025-06-09 06:39:08,135 - INFO - Found 60 links on page 1
2025-06-09 06:39:08,146 - INFO - Scraping page 4...
2025-06-09 06:39:08,282 - INFO - Found 60 links on page 3
2025-06-09 06:39:08,293 - INFO - Scraping page 5...
2025-06-09 06:39:08,437 - INFO - Found 60 links on page 2
2025-06-09 06:39:08,437 - INFO - Scraping page 6...
2025-06-09 06:39:12,394 - INFO - Found 60 links on page 5
2025-06-09 06:39:12,394 - INFO - Scraping page 7...
2025-06-09 06:39:12,603 - INFO - Found 60 links on page 4
2025-06-09 06:39:12,603 - INFO - Scraping page 8...
2025-06-09 06:39:12,815 - INFO - Found 60 links on page 6
2025-06-09 06:39:12,815 - INFO - Scraping page 9...
2025-06-09 06:39:16,391 - INFO - Found 60 links on page 8
2025-06-09 06:39:16,392 - INFO - Scraping page 10...
2025-06-09 06:39:16,620 - INFO - Found 60 links on page 7
2025-06-09 06:39:16,620 - INFO - Scraping page 11...
2025-06-09 06:39:17,303 - INFO - Found 60 links on page 9
2025-06-09 06:39:17,304 - INFO - Scraping page 12...
2025-06-09 06:39:20,458 - INFO - Found 60 links on page 10
2025-06-09 06:39:20,469 - INFO - Scraping page 13...
2025-06-09 06:39:20,674 - INFO - Found 60 links on page 11
2025-06-09 06:39:20,674 - INFO - Scraping page 14...
2025-06-09 06:39:21,315 - INFO - Found 60 links on page 12
2025-06-09 06:39:21,315 - INFO - Scraping page 15...
2025-06-09 06:39:24,362 - INFO - Found 60 links on page 13
2025-06-09 06:39:24,427 - INFO - Scraping page 16...
2025-06-09 06:39:24,560 - INFO - Found 60 links on page 14
2025-06-09 06:39:24,560 - INFO - Scraping page 17...
2025-06-09 06:39:25,088 - INFO - Found 60 links on page 15
2025-06-09 06:39:25,088 - INFO - Scraping page 18...
2025-06-09 06:39:28,304 - INFO - Found 60 links on page 17
2025-06-09 06:39:28,305 - INFO - Scraping page 19...
2025-06-09 06:39:28,521 - INFO - Found 60 links on page 16
2025-06-09 06:39:28,521 - INFO - Scraping page 20...
2025-06-09 06:39:28,842 - INFO - Found 60 links on page 18
2025-06-09 06:39:28,843 - INFO - Scraping page 21...
2025-06-09 06:39:32,599 - INFO - Found 60 links on page 20
2025-06-09 06:39:32,615 - INFO - Scraping page 22...
2025-06-09 06:39:32,826 - INFO - Found 60 links on page 21
2025-06-09 06:39:32,832 - INFO - Scraping page 23...
2025-06-09 06:39:33,020 - INFO - Found 60 links on page 19
2025-06-09 06:39:33,020 - INFO - Scraping page 24...
2025-06-09 06:39:36,590 - INFO - Found 60 links on page 23
2025-06-09 06:39:36,591 - INFO - Scraping page 25...
2025-06-09 06:39:37,183 - INFO - Found 60 links on page 22
2025-06-09 06:39:37,183 - INFO - Scraping page 26...
2025-06-09 06:39:37,399 - INFO - Found 60 links on page 24
2025-06-09 06:39:37,399 - INFO - Scraping page 27...
2025-06-09 06:39:40,690 - INFO - Found 60 links on page 25
2025-06-09 06:39:40,690 - INFO - Scraping page 28...
2025-06-09 06:39:41,562 - INFO - Found 60 links on page 27
2025-06-09 06:39:41,572 - INFO - Scraping page 29...
2025-06-09 06:39:41,743 - INFO - Found 60 links on page 26
2025-06-09 06:39:41,744 - INFO - Scraping page 30...
2025-06-09 06:39:44,574 - INFO - Found 60 links on page 28
2025-06-09 06:39:44,575 - INFO - Scraping page 31...
2025-06-09 06:39:45,519 - INFO - Found 60 links on page 29
2025-06-09 06:39:45,520 - INFO - Scraping page 32...
2025-06-09 06:39:45,867 - INFO - Found 60 links on page 30
2025-06-09 06:39:45,868 - INFO - Scraping page 33...
2025-06-09 06:39:48,403 - INFO - Found 60 links on page 31
2025-06-09 06:39:48,403 - INFO - Scraping page 34...
2025-06-09 06:39:49,235 - INFO - Found 60 links on page 32
2025-06-09 06:39:49,235 - INFO - Scraping page 35...
2025-06-09 06:39:49,851 - INFO - Found 60 links on page 33
2025-06-09 06:39:49,851 - INFO - Scraping page 36...
2025-06-09 06:39:52,438 - INFO - Found 60 links on page 34
2025-06-09 06:39:52,439 - INFO - Scraping page 37...
2025-06-09 06:39:53,161 - INFO - Found 60 links on page 35
2025-06-09 06:39:53,161 - INFO - Scraping page 38...
2025-06-09 06:39:53,735 - INFO - Found 60 links on page 36
2025-06-09 06:39:53,735 - INFO - Scraping page 39...
2025-06-09 06:39:56,364 - INFO - Found 60 links on page 37
2025-06-09 06:39:56,365 - INFO - Scraping page 40...
2025-06-09 06:39:57,245 - INFO - Found 60 links on page 38
2025-06-09 06:39:57,246 - INFO - Scraping page 41...
2025-06-09 06:39:57,824 - INFO - Found 60 links on page 39
2025-06-09 06:39:57,824 - INFO - Scraping page 42...
2025-06-09 06:40:00,110 - INFO - Found 60 links on page 40
2025-06-09 06:40:00,110 - INFO - Scraping page 43...
2025-06-09 06:40:01,203 - INFO - Found 60 links on page 41
2025-06-09 06:40:01,204 - INFO - Scraping page 44...
2025-06-09 06:40:02,082 - INFO - Found 60 links on page 42
2025-06-09 06:40:02,082 - INFO - Scraping page 45...
2025-06-09 06:40:04,389 - INFO - Found 60 links on page 43
2025-06-09 06:40:04,389 - INFO - Scraping page 46...
2025-06-09 06:40:05,097 - INFO - Found 60 links on page 44
2025-06-09 06:40:05,097 - INFO - Scraping page 47...
2025-06-09 06:40:06,333 - INFO - Found 60 links on page 45
2025-06-09 06:40:06,333 - INFO - Scraping page 48...
2025-06-09 06:40:08,824 - INFO - Found 60 links on page 46
2025-06-09 06:40:08,824 - INFO - Scraping page 49...
2025-06-09 06:40:09,113 - INFO - Found 60 links on page 47
2025-06-09 06:40:09,113 - INFO - Scraping page 50...
2025-06-09 06:40:10,295 - INFO - Found 60 links on page 48
2025-06-09 06:40:10,295 - INFO - Scraping page 51...
2025-06-09 06:40:12,866 - INFO - Found 60 links on page 49
2025-06-09 06:40:12,866 - INFO - Scraping page 52...
2025-06-09 06:40:14,069 - INFO - Found 60 links on page 50
2025-06-09 06:40:14,070 - INFO - Scraping page 53...
2025-06-09 06:40:14,281 - INFO - Found 60 links on page 51
2025-06-09 06:40:14,281 - INFO - Scraping page 54...
2025-06-09 06:40:17,531 - INFO - Found 60 links on page 52
2025-06-09 06:40:17,531 - INFO - Scraping page 55...
2025-06-09 06:40:18,278 - INFO - Found 60 links on page 53
2025-06-09 06:40:18,283 - INFO - Scraping page 56...
2025-06-09 06:40:18,478 - INFO - Found 60 links on page 54
2025-06-09 06:40:18,478 - INFO - Scraping page 57...
2025-06-09 06:40:21,957 - INFO - Found 60 links on page 55
2025-06-09 06:40:21,957 - INFO - Scraping page 58...
2025-06-09 06:40:22,516 - INFO - Found 60 links on page 56
2025-06-09 06:40:22,517 - INFO - Scraping page 59...
2025-06-09 06:40:22,907 - INFO - Found 60 links on page 57
2025-06-09 06:40:22,907 - INFO - Scraping page 60...
2025-06-09 06:40:26,151 - INFO - Found 60 links on page 58
2025-06-09 06:40:26,151 - INFO - Scraping page 61...
2025-06-09 06:40:26,403 - INFO - Found 60 links on page 59
2025-06-09 06:40:26,403 - INFO - Scraping page 62...
2025-06-09 06:40:27,115 - INFO - Found 60 links on page 60
2025-06-09 06:40:27,115 - INFO - Scraping page 63...
2025-06-09 06:40:30,564 - INFO - Found 60 links on page 61
2025-06-09 06:40:30,564 - INFO - Scraping page 64...
2025-06-09 06:40:31,950 - INFO - Found 60 links on page 63
2025-06-09 06:40:31,960 - INFO - Scraping page 65...
2025-06-09 06:40:32,121 - INFO - Found 60 links on page 62
2025-06-09 06:40:32,121 - INFO - Scraping page 66...
2025-06-09 06:40:35,439 - INFO - Found 60 links on page 64
2025-06-09 06:40:35,439 - INFO - Scraping page 67...
2025-06-09 06:40:35,905 - INFO - Found 60 links on page 65
2025-06-09 06:40:35,905 - INFO - Scraping page 68...
2025-06-09 06:40:36,616 - INFO - Found 60 links on page 66
2025-06-09 06:40:36,617 - INFO - Scraping page 69...
2025-06-09 06:40:39,321 - INFO - Found 60 links on page 67
2025-06-09 06:40:39,321 - INFO - Scraping page 70...
2025-06-09 06:40:40,115 - INFO - Found 60 links on page 68
2025-06-09 06:40:40,116 - INFO - Scraping page 71...
2025-06-09 06:40:40,567 - INFO - Found 60 links on page 69
2025-06-09 06:40:40,568 - INFO - Scraping page 72...
2025-06-09 06:40:43,225 - INFO - Found 60 links on page 70
2025-06-09 06:40:43,225 - INFO - Scraping page 73...
2025-06-09 06:40:44,182 - INFO - Found 60 links on page 71
2025-06-09 06:40:44,183 - INFO - Scraping page 74...
2025-06-09 06:40:45,204 - INFO - Found 60 links on page 72
2025-06-09 06:40:45,204 - INFO - Scraping page 75...
2025-06-09 06:40:47,525 - INFO - Found 60 links on page 73
2025-06-09 06:40:47,525 - INFO - Scraping page 76...
2025-06-09 06:40:48,469 - INFO - Found 60 links on page 74
2025-06-09 06:40:48,469 - INFO - Scraping page 77...
2025-06-09 06:40:49,879 - INFO - Found 60 links on page 75
2025-06-09 06:40:49,879 - INFO - Scraping page 78...
2025-06-09 06:40:51,344 - INFO - Found 60 links on page 76
2025-06-09 06:40:51,344 - INFO - Scraping page 79...
2025-06-09 06:40:53,246 - INFO - Found 60 links on page 77
2025-06-09 06:40:53,246 - INFO - Scraping page 80...
2025-06-09 06:40:53,975 - INFO - Found 60 links on page 78
2025-06-09 06:40:53,975 - INFO - Scraping page 81...
2025-06-09 06:40:55,450 - INFO - Found 60 links on page 79
2025-06-09 06:40:55,451 - INFO - Scraping page 82...
2025-06-09 06:40:57,066 - INFO - Found 60 links on page 80
2025-06-09 06:40:57,066 - INFO - Scraping page 83...
2025-06-09 06:40:57,788 - INFO - Found 60 links on page 81
2025-06-09 06:40:57,788 - INFO - Scraping page 84...
2025-06-09 06:40:59,792 - INFO - Found 60 links on page 82
2025-06-09 06:40:59,792 - INFO - Scraping page 85...
2025-06-09 06:41:01,054 - INFO - Found 60 links on page 83
2025-06-09 06:41:01,054 - INFO - Scraping page 86...
2025-06-09 06:41:01,560 - INFO - Found 60 links on page 84
2025-06-09 06:41:01,560 - INFO - Scraping page 87...
2025-06-09 06:41:03,839 - INFO - Found 60 links on page 85
2025-06-09 06:41:03,839 - INFO - Scraping page 88...
2025-06-09 06:41:04,899 - INFO - Found 60 links on page 86
2025-06-09 06:41:04,900 - INFO - Scraping page 89...
2025-06-09 06:41:05,796 - INFO - Found 60 links on page 87
2025-06-09 06:41:05,796 - INFO - Scraping page 90...
2025-06-09 06:41:08,224 - INFO - Found 60 links on page 88
2025-06-09 06:41:08,224 - INFO - Scraping page 91...
2025-06-09 06:41:09,183 - INFO - Found 60 links on page 89
2025-06-09 06:41:09,183 - INFO - Scraping page 92...
2025-06-09 06:41:09,756 - INFO - Found 60 links on page 90
2025-06-09 06:41:09,756 - INFO - Scraping page 93...
2025-06-09 06:41:12,444 - INFO - Found 60 links on page 91
2025-06-09 06:41:12,444 - INFO - Scraping page 94...
2025-06-09 06:41:13,706 - INFO - Found 60 links on page 92
2025-06-09 06:41:13,716 - INFO - Scraping page 95...
2025-06-09 06:41:13,765 - INFO - Found 60 links on page 93
2025-06-09 06:41:13,765 - INFO - Scraping page 96...
2025-06-09 06:41:17,547 - INFO - Found 60 links on page 94
2025-06-09 06:41:17,552 - INFO - Scraping page 97...
2025-06-09 06:41:17,730 - INFO - Found 60 links on page 96
2025-06-09 06:41:17,731 - INFO - Scraping page 98...
2025-06-09 06:41:17,987 - INFO - Found 60 links on page 95
2025-06-09 06:41:17,987 - INFO - Scraping page 99...
2025-06-09 06:41:21,509 - INFO - Found 60 links on page 97
2025-06-09 06:41:21,509 - INFO - Scraping page 100...
2025-06-09 06:41:21,978 - INFO - Found 60 links on page 99
2025-06-09 06:41:21,984 - INFO - Scraping page 101...
2025-06-09 06:41:22,076 - INFO - Found 60 links on page 98
2025-06-09 06:41:22,076 - INFO - Scraping page 102...
2025-06-09 06:41:25,476 - INFO - Found 60 links on page 100
2025-06-09 06:41:25,476 - INFO - Scraping page 103...
2025-06-09 06:41:25,996 - INFO - Found 60 links on page 101
2025-06-09 06:41:25,996 - INFO - Scraping page 104...
2025-06-09 06:41:26,206 - INFO - Found 60 links on page 102
2025-06-09 06:41:26,206 - INFO - Scraping page 105...
2025-06-09 06:41:29,504 - INFO - Found 60 links on page 103
2025-06-09 06:41:29,504 - INFO - Scraping page 106...
2025-06-09 06:41:30,133 - INFO - Found 60 links on page 104
2025-06-09 06:41:30,134 - INFO - Scraping page 107...
2025-06-09 06:41:30,450 - INFO - Found 60 links on page 105
2025-06-09 06:41:30,450 - INFO - Scraping page 108...
2025-06-09 06:41:33,558 - INFO - Found 60 links on page 106
2025-06-09 06:41:33,559 - INFO - Scraping page 109...
2025-06-09 06:41:34,002 - INFO - Found 60 links on page 107
2025-06-09 06:41:34,002 - INFO - Scraping page 110...
2025-06-09 06:41:34,505 - INFO - Found 60 links on page 108
2025-06-09 06:41:34,505 - INFO - Scraping page 111...
2025-06-09 06:41:37,785 - INFO - Found 60 links on page 109
2025-06-09 06:41:37,790 - INFO - Scraping page 112...
2025-06-09 06:41:37,961 - INFO - Found 60 links on page 110
2025-06-09 06:41:37,961 - INFO - Scraping page 113...
2025-06-09 06:41:38,398 - INFO - Found 60 links on page 111
2025-06-09 06:41:38,398 - INFO - Scraping page 114...
2025-06-09 06:41:41,881 - INFO - Found 60 links on page 113
2025-06-09 06:41:41,881 - INFO - Scraping page 115...
2025-06-09 06:41:42,659 - INFO - Found 60 links on page 112
2025-06-09 06:41:42,665 - INFO - Scraping page 116...
2025-06-09 06:41:42,767 - INFO - Found 60 links on page 114
2025-06-09 06:41:42,767 - INFO - Scraping page 117...
2025-06-09 06:41:45,743 - INFO - Found 60 links on page 115
2025-06-09 06:41:45,743 - INFO - Scraping page 118...
2025-06-09 06:41:46,863 - INFO - Found 60 links on page 116
2025-06-09 06:41:46,868 - INFO - Scraping page 119...
2025-06-09 06:41:46,988 - INFO - Found 60 links on page 117
2025-06-09 06:41:46,988 - INFO - Scraping page 120...
2025-06-09 06:41:50,641 - INFO - Found 60 links on page 118
2025-06-09 06:41:50,641 - INFO - Scraping page 121...
2025-06-09 06:41:51,217 - INFO - Found 60 links on page 120
2025-06-09 06:41:51,217 - INFO - Scraping page 122...
2025-06-09 06:41:51,720 - INFO - Found 60 links on page 119
2025-06-09 06:41:51,721 - INFO - Scraping page 123...
2025-06-09 06:41:54,669 - INFO - Found 60 links on page 121
2025-06-09 06:41:54,669 - INFO - Scraping page 124...
2025-06-09 06:41:55,212 - INFO - Found 60 links on page 122
2025-06-09 06:41:55,212 - INFO - Scraping page 125...
2025-06-09 06:41:56,601 - INFO - Found 60 links on page 123
2025-06-09 06:41:56,601 - INFO - Scraping page 126...
2025-06-09 06:41:59,187 - INFO - Found 60 links on page 124
2025-06-09 06:41:59,192 - INFO - Scraping page 127...
2025-06-09 06:41:59,378 - INFO - Found 60 links on page 125
2025-06-09 06:41:59,378 - INFO - Scraping page 128...
2025-06-09 06:42:00,922 - INFO - Found 60 links on page 126
2025-06-09 06:42:00,922 - INFO - Scraping page 129...
2025-06-09 06:42:03,477 - INFO - Found 60 links on page 127
2025-06-09 06:42:03,477 - INFO - Scraping page 130...
2025-06-09 06:42:03,827 - INFO - Found 60 links on page 128
2025-06-09 06:42:03,827 - INFO - Scraping page 131...
2025-06-09 06:42:05,583 - INFO - Found 60 links on page 129
2025-06-09 06:42:05,584 - INFO - Scraping page 132...
2025-06-09 06:42:07,458 - INFO - Found 60 links on page 130
2025-06-09 06:42:07,458 - INFO - Scraping page 133...
2025-06-09 06:42:08,113 - INFO - Found 60 links on page 131
2025-06-09 06:42:08,113 - INFO - Scraping page 134...
2025-06-09 06:42:09,677 - INFO - Found 60 links on page 132
2025-06-09 06:42:09,678 - INFO - Scraping page 135...
2025-06-09 06:42:11,809 - INFO - Found 60 links on page 133
2025-06-09 06:42:11,809 - INFO - Scraping page 136...
2025-06-09 06:42:12,262 - INFO - Found 60 links on page 134
2025-06-09 06:42:12,262 - INFO - Scraping page 137...
2025-06-09 06:42:13,571 - INFO - Found 60 links on page 135
2025-06-09 06:42:13,571 - INFO - Scraping page 138...
2025-06-09 06:42:15,993 - INFO - Found 60 links on page 136
2025-06-09 06:42:15,993 - INFO - Scraping page 139...
2025-06-09 06:42:16,390 - INFO - Found 60 links on page 137
2025-06-09 06:42:16,390 - INFO - Scraping page 140...
2025-06-09 06:42:18,393 - INFO - Found 60 links on page 138
2025-06-09 06:42:18,393 - INFO - Scraping page 141...
2025-06-09 06:42:19,966 - INFO - Found 60 links on page 139
2025-06-09 06:42:19,966 - INFO - Scraping page 142...
2025-06-09 06:42:20,475 - INFO - Found 60 links on page 140
2025-06-09 06:42:20,476 - INFO - Scraping page 143...
2025-06-09 06:42:22,326 - INFO - Found 60 links on page 141
2025-06-09 06:42:22,326 - INFO - Scraping page 144...
2025-06-09 06:42:23,814 - INFO - Found 60 links on page 142
2025-06-09 06:42:23,815 - INFO - Scraping page 145...
2025-06-09 06:42:24,203 - INFO - Found 60 links on page 143
2025-06-09 06:42:24,203 - INFO - Scraping page 146...
2025-06-09 06:42:26,182 - INFO - Found 60 links on page 144
2025-06-09 06:42:26,182 - INFO - Scraping page 147...
2025-06-09 06:42:27,864 - INFO - Found 60 links on page 145
2025-06-09 06:42:27,864 - INFO - Scraping page 148...
2025-06-09 06:42:28,928 - INFO - Found 60 links on page 146
2025-06-09 06:42:28,928 - INFO - Scraping page 149...
2025-06-09 06:42:30,634 - INFO - Found 60 links on page 147
2025-06-09 06:42:30,634 - INFO - Scraping page 150...
2025-06-09 06:42:32,638 - INFO - Found 60 links on page 148
2025-06-09 06:42:32,638 - INFO - Scraping page 151...
2025-06-09 06:42:33,118 - INFO - Found 60 links on page 149
2025-06-09 06:42:33,118 - INFO - Scraping page 152...
2025-06-09 06:42:34,674 - INFO - Found 60 links on page 150
2025-06-09 06:42:34,674 - INFO - Scraping page 153...
2025-06-09 06:42:36,647 - INFO - Found 60 links on page 151
2025-06-09 06:42:36,647 - INFO - Scraping page 154...
2025-06-09 06:42:36,974 - INFO - Found 60 links on page 152
2025-06-09 06:42:36,975 - INFO - Scraping page 155...
2025-06-09 06:42:39,403 - INFO - Found 60 links on page 153
2025-06-09 06:42:39,403 - INFO - Scraping page 156...
2025-06-09 06:42:40,983 - INFO - Found 60 links on page 155
2025-06-09 06:42:40,983 - INFO - Scraping page 157...
2025-06-09 06:42:41,409 - INFO - Found 60 links on page 154
2025-06-09 06:42:41,409 - INFO - Scraping page 158...
2025-06-09 06:42:43,498 - INFO - Found 60 links on page 156
2025-06-09 06:42:43,499 - INFO - Scraping page 159...
2025-06-09 06:42:45,140 - INFO - Found 60 links on page 157
2025-06-09 06:42:45,150 - INFO - Scraping page 160...
2025-06-09 06:42:45,372 - INFO - Found 60 links on page 158
2025-06-09 06:42:45,372 - INFO - Scraping page 161...
2025-06-09 06:42:47,745 - INFO - Found 60 links on page 159
2025-06-09 06:42:47,745 - INFO - Scraping page 162...
2025-06-09 06:42:49,325 - INFO - Found 60 links on page 160
2025-06-09 06:42:49,331 - INFO - Scraping page 163...
2025-06-09 06:42:49,479 - INFO - Found 60 links on page 161
2025-06-09 06:42:49,480 - INFO - Scraping page 164...
2025-06-09 06:42:51,666 - INFO - Found 60 links on page 162
2025-06-09 06:42:51,666 - INFO - Scraping page 165...
2025-06-09 06:42:53,467 - INFO - Found 60 links on page 163
2025-06-09 06:42:53,467 - INFO - Scraping page 166...
2025-06-09 06:42:54,164 - INFO - Found 60 links on page 164
2025-06-09 06:42:54,164 - INFO - Scraping page 167...
2025-06-09 06:42:55,795 - INFO - Found 60 links on page 165
2025-06-09 06:42:55,795 - INFO - Scraping page 168...
2025-06-09 06:42:57,479 - INFO - Found 60 links on page 166
2025-06-09 06:42:57,479 - INFO - Scraping page 169...
2025-06-09 06:42:57,963 - INFO - Found 60 links on page 167
2025-06-09 06:42:57,963 - INFO - Scraping page 170...
2025-06-09 06:42:59,641 - INFO - Found 60 links on page 168
2025-06-09 06:42:59,641 - INFO - Scraping page 171...
2025-06-09 06:43:01,588 - INFO - Found 60 links on page 169
2025-06-09 06:43:01,588 - INFO - Scraping page 172...
2025-06-09 06:43:02,154 - INFO - Found 60 links on page 170
2025-06-09 06:43:02,154 - INFO - Scraping page 173...
2025-06-09 06:43:03,707 - INFO - Found 60 links on page 171
2025-06-09 06:43:03,708 - INFO - Scraping page 174...
2025-06-09 06:43:06,091 - INFO - Found 60 links on page 172
2025-06-09 06:43:06,101 - INFO - Scraping page 175...
2025-06-09 06:43:06,259 - INFO - Found 60 links on page 173
2025-06-09 06:43:06,259 - INFO - Scraping page 176...
2025-06-09 06:43:08,191 - INFO - Found 60 links on page 174
2025-06-09 06:43:08,191 - INFO - Scraping page 177...
2025-06-09 06:43:10,237 - INFO - Found 60 links on page 175
2025-06-09 06:43:10,237 - INFO - Scraping page 178...
2025-06-09 06:43:10,857 - INFO - Found 60 links on page 176
2025-06-09 06:43:10,857 - INFO - Scraping page 179...
2025-06-09 06:43:11,963 - INFO - Found 60 links on page 177
2025-06-09 06:43:11,963 - INFO - Scraping page 180...
2025-06-09 06:43:13,870 - INFO - Found 60 links on page 178
2025-06-09 06:43:13,871 - INFO - Scraping page 181...
2025-06-09 06:43:15,551 - INFO - Found 60 links on page 179
2025-06-09 06:43:15,552 - INFO - Scraping page 182...
2025-06-09 06:43:16,183 - INFO - Found 60 links on page 180
2025-06-09 06:43:16,183 - INFO - Scraping page 183...
2025-06-09 06:43:17,660 - INFO - Found 60 links on page 181
2025-06-09 06:43:17,660 - INFO - Scraping page 184...
2025-06-09 06:43:19,454 - INFO - Found 60 links on page 182
2025-06-09 06:43:19,454 - INFO - Scraping page 185...
2025-06-09 06:43:19,906 - INFO - Found 60 links on page 183
2025-06-09 06:43:19,907 - INFO - Scraping page 186...
2025-06-09 06:43:22,798 - INFO - Found 60 links on page 184
2025-06-09 06:43:22,798 - INFO - Scraping page 187...
2025-06-09 06:43:23,299 - INFO - Found 60 links on page 185
2025-06-09 06:43:23,299 - INFO - Scraping page 188...
2025-06-09 06:43:23,883 - INFO - Found 60 links on page 186
2025-06-09 06:43:23,884 - INFO - Scraping page 189...
2025-06-09 06:43:26,924 - INFO - Found 60 links on page 187
2025-06-09 06:43:26,924 - INFO - Scraping page 190...
2025-06-09 06:43:27,677 - INFO - Found 60 links on page 188
2025-06-09 06:43:27,678 - INFO - Scraping page 191...
2025-06-09 06:43:28,018 - INFO - Found 60 links on page 189
2025-06-09 06:43:28,018 - INFO - Scraping page 192...
2025-06-09 06:43:30,771 - INFO - Found 60 links on page 190
2025-06-09 06:43:30,771 - INFO - Scraping page 193...
2025-06-09 06:43:31,850 - INFO - Found 60 links on page 191
2025-06-09 06:43:31,850 - INFO - Scraping page 194...
2025-06-09 06:43:32,043 - INFO - Found 60 links on page 192
2025-06-09 06:43:32,043 - INFO - Scraping page 195...
2025-06-09 06:43:34,765 - INFO - Found 60 links on page 193
2025-06-09 06:43:34,765 - INFO - Scraping page 196...
2025-06-09 06:43:36,003 - INFO - Found 60 links on page 194
2025-06-09 06:43:36,003 - INFO - Scraping page 197...
2025-06-09 06:43:36,804 - INFO - Found 60 links on page 195
2025-06-09 06:43:36,804 - INFO - Scraping page 198...
2025-06-09 06:43:39,300 - INFO - Found 60 links on page 196
2025-06-09 06:43:39,300 - INFO - Scraping page 199...
2025-06-09 06:43:40,100 - INFO - Found 60 links on page 197
2025-06-09 06:43:40,101 - INFO - Scraping page 200...
2025-06-09 06:43:40,978 - INFO - Found 60 links on page 198
2025-06-09 06:43:44,082 - INFO - Found 60 links on page 199
2025-06-09 06:43:44,200 - INFO - Found 60 links on page 200
2025-06-09 06:43:44,207 - INFO - Found 309 new links to scrape out of 12000 total links
2025-06-09 06:43:44,208 - INFO - Processing batch 1/7 (50 links)
2025-06-09 06:43:49,900 - INFO - Progress: 10/50 ads processed
2025-06-09 06:43:55,144 - INFO - Progress: 20/50 ads processed
2025-06-09 06:43:59,771 - INFO - Progress: 30/50 ads processed
2025-06-09 06:44:05,400 - INFO - Progress: 40/50 ads processed
2025-06-09 06:44:10,637 - INFO - Progress: 50/50 ads processed
2025-06-09 06:44:10,705 - INFO - Created backup of existing data file at unegui_data/unegui_sales_data.csv.bak
2025-06-09 06:44:11,015 - INFO - Data saved to unegui_data/unegui_sales_data.csv: 22057 records
2025-06-09 06:44:11,749 - INFO - Cache saved with 22428 URLs
2025-06-09 06:44:11,749 - INFO - Saved batch data. Total records: 22057
2025-06-09 06:44:11,749 - INFO - Processing batch 2/7 (50 links)
2025-06-09 06:44:16,878 - INFO - Progress: 10/50 ads processed
2025-06-09 06:44:22,110 - INFO - Progress: 20/50 ads processed
2025-06-09 06:44:27,207 - INFO - Progress: 30/50 ads processed
2025-06-09 06:44:33,206 - INFO - Progress: 40/50 ads processed
2025-06-09 06:44:38,288 - INFO - Progress: 50/50 ads processed
2025-06-09 06:44:38,356 - INFO - Created backup of existing data file at unegui_data/unegui_sales_data.csv.bak
2025-06-09 06:44:38,670 - INFO - Data saved to unegui_data/unegui_sales_data.csv: 22105 records
2025-06-09 06:44:39,420 - INFO - Cache saved with 22478 URLs
2025-06-09 06:44:39,420 - INFO - Saved batch data. Total records: 22105
2025-06-09 06:44:39,420 - INFO - Processing batch 3/7 (50 links)
2025-06-09 06:44:45,298 - INFO - Progress: 10/50 ads processed
2025-06-09 06:44:50,579 - INFO - Progress: 20/50 ads processed
2025-06-09 06:44:55,729 - INFO - Progress: 30/50 ads processed
2025-06-09 06:45:01,015 - INFO - Progress: 40/50 ads processed
2025-06-09 06:45:06,075 - INFO - Progress: 50/50 ads processed
2025-06-09 06:45:06,144 - INFO - Created backup of existing data file at unegui_data/unegui_sales_data.csv.bak
2025-06-09 06:45:06,458 - INFO - Data saved to unegui_data/unegui_sales_data.csv: 22155 records
2025-06-09 06:45:07,206 - INFO - Cache saved with 22528 URLs
2025-06-09 06:45:07,207 - INFO - Saved batch data. Total records: 22155
2025-06-09 06:45:07,207 - INFO - Processing batch 4/7 (50 links)
2025-06-09 06:45:12,590 - INFO - Progress: 10/50 ads processed
2025-06-09 06:45:17,739 - INFO - Progress: 20/50 ads processed
2025-06-09 06:45:23,079 - INFO - Progress: 30/50 ads processed
2025-06-09 06:45:28,519 - INFO - Progress: 40/50 ads processed
2025-06-09 06:45:33,469 - INFO - Progress: 50/50 ads processed
2025-06-09 06:45:33,536 - INFO - Created backup of existing data file at unegui_data/unegui_sales_data.csv.bak
2025-06-09 06:45:33,849 - INFO - Data saved to unegui_data/unegui_sales_data.csv: 22205 records
2025-06-09 06:45:34,600 - INFO - Cache saved with 22578 URLs
2025-06-09 06:45:34,600 - INFO - Saved batch data. Total records: 22205
2025-06-09 06:45:34,600 - INFO - Processing batch 5/7 (50 links)
2025-06-09 06:45:40,308 - INFO - Progress: 10/50 ads processed
2025-06-09 06:45:45,281 - INFO - Progress: 20/50 ads processed
2025-06-09 06:45:50,063 - INFO - Progress: 30/50 ads processed
2025-06-09 06:45:55,793 - INFO - Progress: 40/50 ads processed
2025-06-09 06:46:00,905 - INFO - Progress: 50/50 ads processed
2025-06-09 06:46:00,974 - INFO - Created backup of existing data file at unegui_data/unegui_sales_data.csv.bak
2025-06-09 06:46:01,289 - INFO - Data saved to unegui_data/unegui_sales_data.csv: 22254 records
2025-06-09 06:46:02,041 - INFO - Cache saved with 22628 URLs
2025-06-09 06:46:02,042 - INFO - Saved batch data. Total records: 22254
2025-06-09 06:46:02,042 - INFO - Processing batch 6/7 (50 links)
2025-06-09 06:46:07,270 - INFO - Progress: 10/50 ads processed
2025-06-09 06:46:12,985 - INFO - Progress: 20/50 ads processed
2025-06-09 06:46:18,135 - INFO - Progress: 30/50 ads processed
2025-06-09 06:46:23,320 - INFO - Progress: 40/50 ads processed
2025-06-09 06:46:28,124 - INFO - Progress: 50/50 ads processed
2025-06-09 06:46:28,193 - INFO - Created backup of existing data file at unegui_data/unegui_sales_data.csv.bak
2025-06-09 06:46:28,507 - INFO - Data saved to unegui_data/unegui_sales_data.csv: 22303 records
2025-06-09 06:46:29,254 - INFO - Cache saved with 22678 URLs
2025-06-09 06:46:29,254 - INFO - Saved batch data. Total records: 22303
2025-06-09 06:46:29,254 - INFO - Processing batch 7/7 (9 links)
2025-06-09 06:46:34,616 - INFO - Progress: 9/9 ads processed
2025-06-09 06:46:34,683 - INFO - Created backup of existing data file at unegui_data/unegui_sales_data.csv.bak
2025-06-09 06:46:34,997 - INFO - Data saved to unegui_data/unegui_sales_data.csv: 22312 records
2025-06-09 06:46:35,748 - INFO - Cache saved with 22687 URLs
2025-06-09 06:46:35,748 - INFO - Saved batch data. Total records: 22312
2025-06-09 06:46:35,748 - INFO - Scraping completed in 0:07:32.945905. Total ads collected: 22312
