2025-06-01 06:35:00,368 - INFO - Starting sales apartment scraper at 2025-06-01 06:35:00.368208
2025-06-01 06:35:00,659 - INFO - Loaded existing data from unegui_data/unegui_sales_data.csv: 19468 records
2025-06-01 06:35:00,887 - INFO - Loaded 19468 existing records
2025-06-01 06:35:00,900 - INFO - Scraping page 1...
2025-06-01 06:35:00,900 - INFO - Scraping page 2...
2025-06-01 06:35:00,900 - INFO - Scraping page 3...
2025-06-01 06:35:06,347 - INFO - Found 60 links on page 3
2025-06-01 06:35:06,348 - INFO - Scraping page 4...
2025-06-01 06:35:06,610 - INFO - Found 60 links on page 2
2025-06-01 06:35:06,610 - INFO - Scraping page 5...
2025-06-01 06:35:06,941 - INFO - Found 60 links on page 1
2025-06-01 06:35:06,941 - INFO - Scraping page 6...
2025-06-01 06:35:11,468 - INFO - Found 60 links on page 4
2025-06-01 06:35:11,468 - INFO - Scraping page 7...
2025-06-01 06:35:11,686 - INFO - Found 60 links on page 5
2025-06-01 06:35:11,687 - INFO - Scraping page 8...
2025-06-01 06:35:11,901 - INFO - Found 60 links on page 6
2025-06-01 06:35:11,901 - INFO - Scraping page 9...
2025-06-01 06:35:16,794 - INFO - Found 60 links on page 8
2025-06-01 06:35:16,794 - INFO - Scraping page 10...
2025-06-01 06:35:16,933 - INFO - Found 60 links on page 7
2025-06-01 06:35:16,934 - INFO - Scraping page 11...
2025-06-01 06:35:17,260 - INFO - Found 60 links on page 9
2025-06-01 06:35:17,260 - INFO - Scraping page 12...
2025-06-01 06:35:22,003 - INFO - Found 60 links on page 10
2025-06-01 06:35:22,009 - INFO - Scraping page 13...
2025-06-01 06:35:22,165 - INFO - Found 60 links on page 11
2025-06-01 06:35:22,170 - INFO - Scraping page 14...
2025-06-01 06:35:22,410 - INFO - Found 60 links on page 12
2025-06-01 06:35:22,410 - INFO - Scraping page 15...
2025-06-01 06:35:26,877 - INFO - Found 60 links on page 13
2025-06-01 06:35:26,877 - INFO - Scraping page 16...
2025-06-01 06:35:27,219 - INFO - Found 60 links on page 14
2025-06-01 06:35:27,224 - INFO - Scraping page 17...
2025-06-01 06:35:27,410 - INFO - Found 60 links on page 15
2025-06-01 06:35:27,410 - INFO - Scraping page 18...
2025-06-01 06:35:31,560 - INFO - Found 60 links on page 16
2025-06-01 06:35:31,560 - INFO - Scraping page 19...
2025-06-01 06:35:31,766 - INFO - Found 60 links on page 17
2025-06-01 06:35:31,766 - INFO - Scraping page 20...
2025-06-01 06:35:32,802 - INFO - Found 60 links on page 18
2025-06-01 06:35:32,802 - INFO - Scraping page 21...
2025-06-01 06:35:36,614 - INFO - Found 60 links on page 19
2025-06-01 06:35:36,614 - INFO - Scraping page 22...
2025-06-01 06:35:36,928 - INFO - Found 60 links on page 20
2025-06-01 06:35:36,929 - INFO - Scraping page 23...
2025-06-01 06:35:37,647 - INFO - Found 60 links on page 21
2025-06-01 06:35:37,648 - INFO - Scraping page 24...
2025-06-01 06:35:41,436 - INFO - Found 60 links on page 22
2025-06-01 06:35:41,437 - INFO - Scraping page 25...
2025-06-01 06:35:41,736 - INFO - Found 60 links on page 23
2025-06-01 06:35:41,736 - INFO - Scraping page 26...
2025-06-01 06:35:42,646 - INFO - Found 60 links on page 24
2025-06-01 06:35:42,647 - INFO - Scraping page 27...
2025-06-01 06:35:46,192 - INFO - Found 60 links on page 25
2025-06-01 06:35:46,193 - INFO - Scraping page 28...
2025-06-01 06:35:46,766 - INFO - Found 60 links on page 26
2025-06-01 06:35:46,767 - INFO - Scraping page 29...
2025-06-01 06:35:48,147 - INFO - Found 60 links on page 27
2025-06-01 06:35:48,147 - INFO - Scraping page 30...
2025-06-01 06:35:51,397 - INFO - Found 60 links on page 28
2025-06-01 06:35:51,397 - INFO - Scraping page 31...
2025-06-01 06:35:52,436 - INFO - Found 60 links on page 29
2025-06-01 06:35:52,436 - INFO - Scraping page 32...
2025-06-01 06:35:52,954 - INFO - Found 60 links on page 30
2025-06-01 06:35:52,955 - INFO - Scraping page 33...
2025-06-01 06:35:56,101 - INFO - Found 60 links on page 31
2025-06-01 06:35:56,101 - INFO - Scraping page 34...
2025-06-01 06:35:57,177 - INFO - Found 60 links on page 33
2025-06-01 06:35:57,177 - INFO - Scraping page 35...
2025-06-01 06:35:57,498 - INFO - Found 60 links on page 32
2025-06-01 06:35:57,499 - INFO - Scraping page 36...
2025-06-01 06:36:00,635 - INFO - Found 60 links on page 34
2025-06-01 06:36:00,635 - INFO - Scraping page 37...
2025-06-01 06:36:01,624 - INFO - Found 60 links on page 35
2025-06-01 06:36:01,624 - INFO - Scraping page 38...
2025-06-01 06:36:01,962 - INFO - Found 60 links on page 36
2025-06-01 06:36:01,962 - INFO - Scraping page 39...
2025-06-01 06:36:04,824 - INFO - Found 60 links on page 37
2025-06-01 06:36:04,824 - INFO - Scraping page 40...
2025-06-01 06:36:06,007 - INFO - Found 60 links on page 38
2025-06-01 06:36:06,008 - INFO - Scraping page 41...
2025-06-01 06:36:06,393 - INFO - Found 60 links on page 39
2025-06-01 06:36:06,393 - INFO - Scraping page 42...
2025-06-01 06:36:08,994 - INFO - Found 60 links on page 40
2025-06-01 06:36:08,994 - INFO - Scraping page 43...
2025-06-01 06:36:10,663 - INFO - Found 60 links on page 41
2025-06-01 06:36:10,663 - INFO - Scraping page 44...
2025-06-01 06:36:10,872 - INFO - Found 60 links on page 42
2025-06-01 06:36:10,873 - INFO - Scraping page 45...
2025-06-01 06:36:13,374 - INFO - Found 60 links on page 43
2025-06-01 06:36:13,375 - INFO - Scraping page 46...
2025-06-01 06:36:15,581 - INFO - Found 60 links on page 44
2025-06-01 06:36:15,591 - INFO - Scraping page 47...
2025-06-01 06:36:15,823 - INFO - Found 60 links on page 45
2025-06-01 06:36:15,823 - INFO - Scraping page 48...
2025-06-01 06:36:18,143 - INFO - Found 60 links on page 46
2025-06-01 06:36:18,144 - INFO - Scraping page 49...
2025-06-01 06:36:19,890 - INFO - Found 60 links on page 47
2025-06-01 06:36:19,890 - INFO - Scraping page 50...
2025-06-01 06:36:20,222 - INFO - Found 60 links on page 48
2025-06-01 06:36:20,222 - INFO - Scraping page 51...
2025-06-01 06:36:22,821 - INFO - Found 60 links on page 49
2025-06-01 06:36:22,821 - INFO - Scraping page 52...
2025-06-01 06:36:24,515 - INFO - Found 60 links on page 51
2025-06-01 06:36:24,525 - INFO - Scraping page 53...
2025-06-01 06:36:24,615 - INFO - Found 60 links on page 50
2025-06-01 06:36:24,616 - INFO - Scraping page 54...
2025-06-01 06:36:27,223 - INFO - Found 60 links on page 52
2025-06-01 06:36:27,223 - INFO - Scraping page 55...
2025-06-01 06:36:29,233 - INFO - Found 60 links on page 54
2025-06-01 06:36:29,239 - INFO - Scraping page 56...
2025-06-01 06:36:29,432 - INFO - Found 60 links on page 53
2025-06-01 06:36:29,432 - INFO - Scraping page 57...
2025-06-01 06:36:31,994 - INFO - Found 60 links on page 55
2025-06-01 06:36:31,994 - INFO - Scraping page 58...
2025-06-01 06:36:33,789 - INFO - Found 60 links on page 57
2025-06-01 06:36:33,789 - INFO - Scraping page 59...
2025-06-01 06:36:34,648 - INFO - Found 60 links on page 56
2025-06-01 06:36:34,649 - INFO - Scraping page 60...
2025-06-01 06:36:36,364 - INFO - Found 60 links on page 58
2025-06-01 06:36:36,364 - INFO - Scraping page 61...
2025-06-01 06:36:38,382 - INFO - Found 60 links on page 59
2025-06-01 06:36:38,382 - INFO - Scraping page 62...
2025-06-01 06:36:40,386 - INFO - Found 60 links on page 60
2025-06-01 06:36:40,387 - INFO - Scraping page 63...
2025-06-01 06:36:42,509 - INFO - Found 60 links on page 61
2025-06-01 06:36:42,509 - INFO - Scraping page 64...
2025-06-01 06:36:43,274 - INFO - Found 60 links on page 62
2025-06-01 06:36:43,274 - INFO - Scraping page 65...
2025-06-01 06:36:44,663 - INFO - Found 60 links on page 63
2025-06-01 06:36:44,664 - INFO - Scraping page 66...
2025-06-01 06:36:47,001 - INFO - Found 60 links on page 64
2025-06-01 06:36:47,001 - INFO - Scraping page 67...
2025-06-01 06:36:48,835 - INFO - Found 60 links on page 65
2025-06-01 06:36:48,835 - INFO - Scraping page 68...
2025-06-01 06:36:49,223 - INFO - Found 60 links on page 66
2025-06-01 06:36:49,223 - INFO - Scraping page 69...
2025-06-01 06:36:51,437 - INFO - Found 60 links on page 67
2025-06-01 06:36:51,437 - INFO - Scraping page 70...
2025-06-01 06:36:53,735 - INFO - Found 60 links on page 69
2025-06-01 06:36:53,735 - INFO - Scraping page 71...
2025-06-01 06:36:54,109 - INFO - Found 60 links on page 68
2025-06-01 06:36:54,109 - INFO - Scraping page 72...
2025-06-01 06:36:56,089 - INFO - Found 60 links on page 70
2025-06-01 06:36:56,090 - INFO - Scraping page 73...
2025-06-01 06:36:57,993 - INFO - Found 60 links on page 71
2025-06-01 06:36:57,994 - INFO - Scraping page 74...
2025-06-01 06:36:58,743 - INFO - Found 60 links on page 72
2025-06-01 06:36:58,743 - INFO - Scraping page 75...
2025-06-01 06:37:00,679 - INFO - Found 60 links on page 73
2025-06-01 06:37:00,679 - INFO - Scraping page 76...
2025-06-01 06:37:02,336 - INFO - Found 60 links on page 74
2025-06-01 06:37:02,336 - INFO - Scraping page 77...
2025-06-01 06:37:03,281 - INFO - Found 60 links on page 75
2025-06-01 06:37:03,281 - INFO - Scraping page 78...
2025-06-01 06:37:05,962 - INFO - Found 60 links on page 76
2025-06-01 06:37:05,962 - INFO - Scraping page 79...
2025-06-01 06:37:06,687 - INFO - Found 60 links on page 77
2025-06-01 06:37:06,687 - INFO - Scraping page 80...
2025-06-01 06:37:07,997 - INFO - Found 60 links on page 78
2025-06-01 06:37:07,998 - INFO - Scraping page 81...
2025-06-01 06:37:10,609 - INFO - Found 60 links on page 79
2025-06-01 06:37:10,610 - INFO - Scraping page 82...
2025-06-01 06:37:11,577 - INFO - Found 60 links on page 80
2025-06-01 06:37:11,577 - INFO - Scraping page 83...
2025-06-01 06:37:12,411 - INFO - Found 60 links on page 81
2025-06-01 06:37:12,411 - INFO - Scraping page 84...
2025-06-01 06:37:15,231 - INFO - Found 60 links on page 82
2025-06-01 06:37:15,231 - INFO - Scraping page 85...
2025-06-01 06:37:16,036 - INFO - Found 60 links on page 83
2025-06-01 06:37:16,036 - INFO - Scraping page 86...
2025-06-01 06:37:17,309 - INFO - Found 60 links on page 84
2025-06-01 06:37:17,309 - INFO - Scraping page 87...
2025-06-01 06:37:19,814 - INFO - Found 60 links on page 85
2025-06-01 06:37:19,814 - INFO - Scraping page 88...
2025-06-01 06:37:20,671 - INFO - Found 60 links on page 86
2025-06-01 06:37:20,671 - INFO - Scraping page 89...
2025-06-01 06:37:21,791 - INFO - Found 60 links on page 87
2025-06-01 06:37:21,791 - INFO - Scraping page 90...
2025-06-01 06:37:24,316 - INFO - Found 60 links on page 88
2025-06-01 06:37:24,317 - INFO - Scraping page 91...
2025-06-01 06:37:25,506 - INFO - Found 60 links on page 89
2025-06-01 06:37:25,507 - INFO - Scraping page 92...
2025-06-01 06:37:26,440 - INFO - Found 60 links on page 90
2025-06-01 06:37:26,440 - INFO - Scraping page 93...
2025-06-01 06:37:28,696 - INFO - Found 60 links on page 91
2025-06-01 06:37:28,696 - INFO - Scraping page 94...
2025-06-01 06:37:29,835 - INFO - Found 60 links on page 92
2025-06-01 06:37:29,835 - INFO - Scraping page 95...
2025-06-01 06:37:30,691 - INFO - Found 60 links on page 93
2025-06-01 06:37:30,692 - INFO - Scraping page 96...
2025-06-01 06:37:33,476 - INFO - Found 60 links on page 94
2025-06-01 06:37:33,476 - INFO - Scraping page 97...
2025-06-01 06:37:34,155 - INFO - Found 60 links on page 95
2025-06-01 06:37:34,155 - INFO - Scraping page 98...
2025-06-01 06:37:35,303 - INFO - Found 60 links on page 96
2025-06-01 06:37:35,303 - INFO - Scraping page 99...
2025-06-01 06:37:38,315 - INFO - Found 60 links on page 97
2025-06-01 06:37:38,315 - INFO - Scraping page 100...
2025-06-01 06:37:38,557 - INFO - Found 60 links on page 98
2025-06-01 06:37:38,558 - INFO - Scraping page 101...
2025-06-01 06:37:40,044 - INFO - Found 60 links on page 99
2025-06-01 06:37:40,044 - INFO - Scraping page 102...
2025-06-01 06:37:43,002 - INFO - Found 60 links on page 100
2025-06-01 06:37:43,012 - INFO - Scraping page 103...
2025-06-01 06:37:43,249 - INFO - Found 60 links on page 101
2025-06-01 06:37:43,249 - INFO - Scraping page 104...
2025-06-01 06:37:44,426 - INFO - Found 60 links on page 102
2025-06-01 06:37:44,426 - INFO - Scraping page 105...
2025-06-01 06:37:47,391 - INFO - Found 60 links on page 103
2025-06-01 06:37:47,392 - INFO - Scraping page 106...
2025-06-01 06:37:48,062 - INFO - Found 60 links on page 104
2025-06-01 06:37:48,062 - INFO - Scraping page 107...
2025-06-01 06:37:49,101 - INFO - Found 60 links on page 105
2025-06-01 06:37:49,102 - INFO - Scraping page 108...
2025-06-01 06:37:52,070 - INFO - Found 60 links on page 106
2025-06-01 06:37:52,070 - INFO - Scraping page 109...
2025-06-01 06:37:52,664 - INFO - Found 60 links on page 107
2025-06-01 06:37:52,664 - INFO - Scraping page 110...
2025-06-01 06:37:53,623 - INFO - Found 60 links on page 108
2025-06-01 06:37:53,624 - INFO - Scraping page 111...
2025-06-01 06:37:56,714 - INFO - Found 60 links on page 109
2025-06-01 06:37:56,714 - INFO - Scraping page 112...
2025-06-01 06:37:57,215 - INFO - Found 60 links on page 110
2025-06-01 06:37:57,215 - INFO - Scraping page 113...
2025-06-01 06:37:58,286 - INFO - Found 60 links on page 111
2025-06-01 06:37:58,286 - INFO - Scraping page 114...
2025-06-01 06:38:01,078 - INFO - Found 60 links on page 112
2025-06-01 06:38:01,078 - INFO - Scraping page 115...
2025-06-01 06:38:01,840 - INFO - Found 60 links on page 113
2025-06-01 06:38:01,840 - INFO - Scraping page 116...
2025-06-01 06:38:02,686 - INFO - Found 60 links on page 114
2025-06-01 06:38:02,686 - INFO - Scraping page 117...
2025-06-01 06:38:05,768 - INFO - Found 60 links on page 115
2025-06-01 06:38:05,768 - INFO - Scraping page 118...
2025-06-01 06:38:06,340 - INFO - Found 60 links on page 116
2025-06-01 06:38:06,340 - INFO - Scraping page 119...
2025-06-01 06:38:07,172 - INFO - Found 60 links on page 117
2025-06-01 06:38:07,172 - INFO - Scraping page 120...
2025-06-01 06:38:10,447 - INFO - Found 60 links on page 118
2025-06-01 06:38:10,447 - INFO - Scraping page 121...
2025-06-01 06:38:11,001 - INFO - Found 60 links on page 119
2025-06-01 06:38:11,001 - INFO - Scraping page 122...
2025-06-01 06:38:11,340 - INFO - Found 60 links on page 120
2025-06-01 06:38:11,340 - INFO - Scraping page 123...
2025-06-01 06:38:15,730 - INFO - Found 60 links on page 121
2025-06-01 06:38:15,730 - INFO - Scraping page 124...
2025-06-01 06:38:16,354 - INFO - Found 60 links on page 122
2025-06-01 06:38:16,354 - INFO - Scraping page 125...
2025-06-01 06:38:16,797 - INFO - Found 60 links on page 123
2025-06-01 06:38:16,797 - INFO - Scraping page 126...
2025-06-01 06:38:20,615 - INFO - Found 60 links on page 124
2025-06-01 06:38:20,616 - INFO - Scraping page 127...
2025-06-01 06:38:21,147 - INFO - Found 60 links on page 125
2025-06-01 06:38:21,147 - INFO - Scraping page 128...
2025-06-01 06:38:22,198 - INFO - Found 60 links on page 126
2025-06-01 06:38:22,198 - INFO - Scraping page 129...
2025-06-01 06:38:25,037 - INFO - Found 60 links on page 127
2025-06-01 06:38:25,037 - INFO - Scraping page 130...
2025-06-01 06:38:25,595 - INFO - Found 60 links on page 128
2025-06-01 06:38:25,595 - INFO - Scraping page 131...
2025-06-01 06:38:26,915 - INFO - Found 60 links on page 129
2025-06-01 06:38:26,915 - INFO - Scraping page 132...
2025-06-01 06:38:29,688 - INFO - Found 60 links on page 130
2025-06-01 06:38:29,688 - INFO - Scraping page 133...
2025-06-01 06:38:30,203 - INFO - Found 60 links on page 131
2025-06-01 06:38:30,203 - INFO - Scraping page 134...
2025-06-01 06:38:31,162 - INFO - Found 60 links on page 132
2025-06-01 06:38:31,162 - INFO - Scraping page 135...
2025-06-01 06:38:34,334 - INFO - Found 60 links on page 133
2025-06-01 06:38:34,334 - INFO - Scraping page 136...
2025-06-01 06:38:34,613 - INFO - Found 60 links on page 134
2025-06-01 06:38:34,613 - INFO - Scraping page 137...
2025-06-01 06:38:35,934 - INFO - Found 60 links on page 135
2025-06-01 06:38:35,934 - INFO - Scraping page 138...
2025-06-01 06:38:39,210 - INFO - Found 60 links on page 136
2025-06-01 06:38:39,220 - INFO - Scraping page 139...
2025-06-01 06:38:39,338 - INFO - Found 60 links on page 137
2025-06-01 06:38:39,338 - INFO - Scraping page 140...
2025-06-01 06:38:40,654 - INFO - Found 60 links on page 138
2025-06-01 06:38:40,654 - INFO - Scraping page 141...
2025-06-01 06:38:43,949 - INFO - Found 60 links on page 140
2025-06-01 06:38:43,955 - INFO - Scraping page 142...
2025-06-01 06:38:44,065 - INFO - Found 60 links on page 139
2025-06-01 06:38:44,065 - INFO - Scraping page 143...
2025-06-01 06:38:44,987 - INFO - Found 60 links on page 141
2025-06-01 06:38:44,987 - INFO - Scraping page 144...
2025-06-01 06:38:48,680 - INFO - Found 60 links on page 142
2025-06-01 06:38:48,686 - INFO - Scraping page 145...
2025-06-01 06:38:48,755 - INFO - Found 60 links on page 143
2025-06-01 06:38:48,755 - INFO - Scraping page 146...
2025-06-01 06:38:50,115 - INFO - Found 60 links on page 144
2025-06-01 06:38:50,115 - INFO - Scraping page 147...
2025-06-01 06:38:53,132 - INFO - Found 60 links on page 145
2025-06-01 06:38:53,132 - INFO - Scraping page 148...
2025-06-01 06:38:53,321 - INFO - Found 60 links on page 146
2025-06-01 06:38:53,322 - INFO - Scraping page 149...
2025-06-01 06:38:54,557 - INFO - Found 60 links on page 147
2025-06-01 06:38:54,557 - INFO - Scraping page 150...
2025-06-01 06:38:58,097 - INFO - Found 60 links on page 148
2025-06-01 06:38:58,108 - INFO - Scraping page 151...
2025-06-01 06:38:58,135 - INFO - Found 60 links on page 149
2025-06-01 06:38:58,135 - INFO - Scraping page 152...
2025-06-01 06:38:59,168 - INFO - Found 60 links on page 150
2025-06-01 06:38:59,168 - INFO - Scraping page 153...
2025-06-01 06:39:02,841 - INFO - Found 60 links on page 152
2025-06-01 06:39:02,841 - INFO - Scraping page 154...
2025-06-01 06:39:03,256 - INFO - Found 60 links on page 151
2025-06-01 06:39:03,256 - INFO - Scraping page 155...
2025-06-01 06:39:03,700 - INFO - Found 60 links on page 153
2025-06-01 06:39:03,701 - INFO - Scraping page 156...
2025-06-01 06:39:07,580 - INFO - Found 60 links on page 154
2025-06-01 06:39:07,581 - INFO - Scraping page 157...
2025-06-01 06:39:08,045 - INFO - Found 60 links on page 155
2025-06-01 06:39:08,045 - INFO - Scraping page 158...
2025-06-01 06:39:08,790 - INFO - Found 60 links on page 156
2025-06-01 06:39:08,790 - INFO - Scraping page 159...
2025-06-01 06:39:11,786 - INFO - Found 60 links on page 157
2025-06-01 06:39:11,786 - INFO - Scraping page 160...
2025-06-01 06:39:12,268 - INFO - Found 60 links on page 158
2025-06-01 06:39:12,269 - INFO - Scraping page 161...
2025-06-01 06:39:13,413 - INFO - Found 60 links on page 159
2025-06-01 06:39:13,413 - INFO - Scraping page 162...
2025-06-01 06:39:16,340 - INFO - Found 60 links on page 160
2025-06-01 06:39:16,340 - INFO - Scraping page 163...
2025-06-01 06:39:16,665 - INFO - Found 60 links on page 161
2025-06-01 06:39:16,665 - INFO - Scraping page 164...
2025-06-01 06:39:17,794 - INFO - Found 60 links on page 162
2025-06-01 06:39:17,794 - INFO - Scraping page 165...
2025-06-01 06:39:20,815 - INFO - Found 60 links on page 163
2025-06-01 06:39:20,815 - INFO - Scraping page 166...
2025-06-01 06:39:21,111 - INFO - Found 60 links on page 164
2025-06-01 06:39:21,111 - INFO - Scraping page 167...
2025-06-01 06:39:22,368 - INFO - Found 60 links on page 165
2025-06-01 06:39:22,368 - INFO - Scraping page 168...
2025-06-01 06:39:25,857 - INFO - Found 60 links on page 167
2025-06-01 06:39:25,867 - INFO - Scraping page 169...
2025-06-01 06:39:26,089 - INFO - Found 60 links on page 166
2025-06-01 06:39:26,089 - INFO - Scraping page 170...
2025-06-01 06:39:26,778 - INFO - Found 60 links on page 168
2025-06-01 06:39:26,778 - INFO - Scraping page 171...
2025-06-01 06:39:30,262 - INFO - Found 60 links on page 169
2025-06-01 06:39:30,262 - INFO - Scraping page 172...
2025-06-01 06:39:31,231 - INFO - Found 60 links on page 170
2025-06-01 06:39:31,231 - INFO - Scraping page 173...
2025-06-01 06:39:31,437 - INFO - Found 60 links on page 171
2025-06-01 06:39:31,437 - INFO - Scraping page 174...
2025-06-01 06:39:34,718 - INFO - Found 60 links on page 172
2025-06-01 06:39:34,718 - INFO - Scraping page 175...
2025-06-01 06:39:35,858 - INFO - Found 60 links on page 173
2025-06-01 06:39:35,858 - INFO - Scraping page 176...
2025-06-01 06:39:36,505 - INFO - Found 60 links on page 174
2025-06-01 06:39:36,505 - INFO - Scraping page 177...
2025-06-01 06:39:39,312 - INFO - Found 60 links on page 175
2025-06-01 06:39:39,312 - INFO - Scraping page 178...
2025-06-01 06:39:40,392 - INFO - Found 60 links on page 176
2025-06-01 06:39:40,392 - INFO - Scraping page 179...
2025-06-01 06:39:41,620 - INFO - Found 60 links on page 177
2025-06-01 06:39:41,620 - INFO - Scraping page 180...
2025-06-01 06:39:43,901 - INFO - Found 60 links on page 178
2025-06-01 06:39:43,902 - INFO - Scraping page 181...
2025-06-01 06:39:45,710 - INFO - Found 60 links on page 179
2025-06-01 06:39:45,710 - INFO - Scraping page 182...
2025-06-01 06:39:46,334 - INFO - Found 60 links on page 180
2025-06-01 06:39:46,334 - INFO - Scraping page 183...
2025-06-01 06:39:48,971 - INFO - Found 60 links on page 181
2025-06-01 06:39:48,971 - INFO - Scraping page 184...
2025-06-01 06:39:50,991 - INFO - Found 60 links on page 182
2025-06-01 06:39:50,992 - INFO - Scraping page 185...
2025-06-01 06:39:51,506 - INFO - Found 60 links on page 183
2025-06-01 06:39:51,507 - INFO - Scraping page 186...
2025-06-01 06:39:53,293 - INFO - Found 60 links on page 184
2025-06-01 06:39:53,293 - INFO - Scraping page 187...
2025-06-01 06:39:55,752 - INFO - Found 60 links on page 185
2025-06-01 06:39:55,752 - INFO - Scraping page 188...
2025-06-01 06:39:56,093 - INFO - Found 60 links on page 186
2025-06-01 06:39:56,093 - INFO - Scraping page 189...
2025-06-01 06:39:57,588 - INFO - Found 60 links on page 187
2025-06-01 06:39:57,589 - INFO - Scraping page 190...
2025-06-01 06:40:00,095 - INFO - Found 60 links on page 188
2025-06-01 06:40:00,096 - INFO - Scraping page 191...
2025-06-01 06:40:00,943 - INFO - Found 60 links on page 189
2025-06-01 06:40:00,943 - INFO - Scraping page 192...
2025-06-01 06:40:02,164 - INFO - Found 60 links on page 190
2025-06-01 06:40:02,164 - INFO - Scraping page 193...
2025-06-01 06:40:04,522 - INFO - Found 60 links on page 191
2025-06-01 06:40:04,523 - INFO - Scraping page 194...
2025-06-01 06:40:06,130 - INFO - Found 60 links on page 192
2025-06-01 06:40:06,130 - INFO - Scraping page 195...
2025-06-01 06:40:06,805 - INFO - Found 60 links on page 193
2025-06-01 06:40:06,805 - INFO - Scraping page 196...
2025-06-01 06:40:09,193 - INFO - Found 60 links on page 194
2025-06-01 06:40:09,193 - INFO - Scraping page 197...
2025-06-01 06:40:10,700 - INFO - Found 60 links on page 195
2025-06-01 06:40:10,701 - INFO - Scraping page 198...
2025-06-01 06:40:11,124 - INFO - Found 60 links on page 196
2025-06-01 06:40:11,124 - INFO - Scraping page 199...
2025-06-01 06:40:12,963 - INFO - Found 10 links on page 197
2025-06-01 06:40:12,964 - INFO - Scraping page 200...
2025-06-01 06:40:14,723 - INFO - Found 10 links on page 198
2025-06-01 06:40:15,175 - INFO - Found 10 links on page 199
2025-06-01 06:40:16,592 - INFO - Found 10 links on page 200
2025-06-01 06:40:16,599 - INFO - Found 164 new links to scrape out of 11800 total links
2025-06-01 06:40:16,599 - INFO - Processing batch 1/4 (50 links)
2025-06-01 06:40:22,807 - INFO - Progress: 10/50 ads processed
2025-06-01 06:40:28,088 - INFO - Progress: 20/50 ads processed
2025-06-01 06:40:33,339 - INFO - Progress: 30/50 ads processed
2025-06-01 06:40:38,388 - INFO - Progress: 40/50 ads processed
2025-06-01 06:40:43,676 - INFO - Progress: 50/50 ads processed
2025-06-01 06:40:43,741 - INFO - Created backup of existing data file at unegui_data/unegui_sales_data.csv.bak
2025-06-01 06:40:44,018 - INFO - Data saved to unegui_data/unegui_sales_data.csv: 19516 records
2025-06-01 06:40:44,670 - INFO - Cache saved with 19840 URLs
2025-06-01 06:40:44,670 - INFO - Saved batch data. Total records: 19516
2025-06-01 06:40:44,670 - INFO - Processing batch 2/4 (50 links)
2025-06-01 06:40:51,150 - INFO - Progress: 10/50 ads processed
2025-06-01 06:40:56,082 - INFO - Progress: 20/50 ads processed
2025-06-01 06:41:01,623 - INFO - Progress: 30/50 ads processed
2025-06-01 06:41:06,795 - INFO - Progress: 40/50 ads processed
2025-06-01 06:41:12,553 - INFO - Progress: 50/50 ads processed
2025-06-01 06:41:12,615 - INFO - Created backup of existing data file at unegui_data/unegui_sales_data.csv.bak
2025-06-01 06:41:12,889 - INFO - Data saved to unegui_data/unegui_sales_data.csv: 19566 records
2025-06-01 06:41:13,548 - INFO - Cache saved with 19890 URLs
2025-06-01 06:41:13,548 - INFO - Saved batch data. Total records: 19566
2025-06-01 06:41:13,548 - INFO - Processing batch 3/4 (50 links)
2025-06-01 06:41:19,121 - INFO - Progress: 10/50 ads processed
2025-06-01 06:41:24,109 - INFO - Progress: 20/50 ads processed
2025-06-01 06:41:29,000 - INFO - Progress: 30/50 ads processed
2025-06-01 06:41:33,770 - INFO - Progress: 40/50 ads processed
2025-06-01 06:41:37,846 - INFO - Progress: 50/50 ads processed
2025-06-01 06:41:37,914 - INFO - Created backup of existing data file at unegui_data/unegui_sales_data.csv.bak
2025-06-01 06:41:38,187 - INFO - Data saved to unegui_data/unegui_sales_data.csv: 19605 records
2025-06-01 06:41:38,845 - INFO - Cache saved with 19930 URLs
2025-06-01 06:41:38,845 - INFO - Saved batch data. Total records: 19615
2025-06-01 06:41:38,845 - INFO - Processing batch 4/4 (14 links)
2025-06-01 06:41:38,846 - INFO - Progress: 10/14 ads processed
2025-06-01 06:41:38,846 - INFO - Progress: 14/14 ads processed
2025-06-01 06:41:38,847 - INFO - Scraping completed in 0:06:38.478827. Total ads collected: 19615
