2025-06-11 06:37:30,610 - INFO - Starting sales apartment scraper at 2025-06-11 06:37:30.610021
2025-06-11 06:37:30,952 - INFO - Loaded existing data from unegui_data/unegui_sales_data.csv: 22805 records
2025-06-11 06:37:31,210 - INFO - Loaded 22805 existing records
2025-06-11 06:37:31,248 - INFO - Scraping page 1...
2025-06-11 06:37:31,249 - INFO - Scraping page 2...
2025-06-11 06:37:31,249 - INFO - Scraping page 3...
2025-06-11 06:37:35,019 - INFO - Found 60 links on page 1
2025-06-11 06:37:35,020 - INFO - Scraping page 4...
2025-06-11 06:37:36,191 - INFO - Found 60 links on page 2
2025-06-11 06:37:36,196 - INFO - Scraping page 5...
2025-06-11 06:37:36,386 - INFO - Found 60 links on page 3
2025-06-11 06:37:36,387 - INFO - Scraping page 6...
2025-06-11 06:37:39,198 - INFO - Found 60 links on page 4
2025-06-11 06:37:39,198 - INFO - Scraping page 7...
2025-06-11 06:37:40,414 - INFO - Found 60 links on page 5
2025-06-11 06:37:40,414 - INFO - Scraping page 8...
2025-06-11 06:37:40,727 - INFO - Found 60 links on page 6
2025-06-11 06:37:40,727 - INFO - Scraping page 9...
2025-06-11 06:37:43,653 - INFO - Found 60 links on page 7
2025-06-11 06:37:43,653 - INFO - Scraping page 10...
2025-06-11 06:37:44,718 - INFO - Found 60 links on page 8
2025-06-11 06:37:44,718 - INFO - Scraping page 11...
2025-06-11 06:37:44,983 - INFO - Found 60 links on page 9
2025-06-11 06:37:44,984 - INFO - Scraping page 12...
2025-06-11 06:37:48,031 - INFO - Found 60 links on page 10
2025-06-11 06:37:48,031 - INFO - Scraping page 13...
2025-06-11 06:37:48,996 - INFO - Found 60 links on page 11
2025-06-11 06:37:48,996 - INFO - Scraping page 14...
2025-06-11 06:37:49,247 - INFO - Found 60 links on page 12
2025-06-11 06:37:49,247 - INFO - Scraping page 15...
2025-06-11 06:37:52,261 - INFO - Found 60 links on page 13
2025-06-11 06:37:52,261 - INFO - Scraping page 16...
2025-06-11 06:37:53,177 - INFO - Found 60 links on page 14
2025-06-11 06:37:53,177 - INFO - Scraping page 17...
2025-06-11 06:37:53,503 - INFO - Found 60 links on page 15
2025-06-11 06:37:53,503 - INFO - Scraping page 18...
2025-06-11 06:37:56,608 - INFO - Found 60 links on page 16
2025-06-11 06:37:56,608 - INFO - Scraping page 19...
2025-06-11 06:37:57,430 - INFO - Found 60 links on page 17
2025-06-11 06:37:57,430 - INFO - Scraping page 20...
2025-06-11 06:37:58,096 - INFO - Found 60 links on page 18
2025-06-11 06:37:58,097 - INFO - Scraping page 21...
2025-06-11 06:38:01,381 - INFO - Found 60 links on page 19
2025-06-11 06:38:01,381 - INFO - Scraping page 22...
2025-06-11 06:38:01,868 - INFO - Found 60 links on page 20
2025-06-11 06:38:01,868 - INFO - Scraping page 23...
2025-06-11 06:38:02,590 - INFO - Found 60 links on page 21
2025-06-11 06:38:02,590 - INFO - Scraping page 24...
2025-06-11 06:38:05,911 - INFO - Found 60 links on page 22
2025-06-11 06:38:05,912 - INFO - Scraping page 25...
2025-06-11 06:38:07,233 - INFO - Found 60 links on page 23
2025-06-11 06:38:07,233 - INFO - Scraping page 26...
2025-06-11 06:38:07,735 - INFO - Found 60 links on page 24
2025-06-11 06:38:07,735 - INFO - Scraping page 27...
2025-06-11 06:38:10,257 - INFO - Found 60 links on page 25
2025-06-11 06:38:10,258 - INFO - Scraping page 28...
2025-06-11 06:38:11,646 - INFO - Found 60 links on page 26
2025-06-11 06:38:11,646 - INFO - Scraping page 29...
2025-06-11 06:38:12,001 - INFO - Found 60 links on page 27
2025-06-11 06:38:12,002 - INFO - Scraping page 30...
2025-06-11 06:38:15,553 - INFO - Found 60 links on page 28
2025-06-11 06:38:15,553 - INFO - Scraping page 31...
2025-06-11 06:38:16,007 - INFO - Found 60 links on page 29
2025-06-11 06:38:16,007 - INFO - Scraping page 32...
2025-06-11 06:38:16,557 - INFO - Found 60 links on page 30
2025-06-11 06:38:16,557 - INFO - Scraping page 33...
2025-06-11 06:38:19,157 - INFO - Found 60 links on page 31
2025-06-11 06:38:19,158 - INFO - Scraping page 34...
2025-06-11 06:38:20,539 - INFO - Found 60 links on page 32
2025-06-11 06:38:20,539 - INFO - Scraping page 35...
2025-06-11 06:38:21,018 - INFO - Found 60 links on page 33
2025-06-11 06:38:21,018 - INFO - Scraping page 36...
2025-06-11 06:38:23,312 - INFO - Found 60 links on page 34
2025-06-11 06:38:23,312 - INFO - Scraping page 37...
2025-06-11 06:38:24,724 - INFO - Found 60 links on page 35
2025-06-11 06:38:24,729 - INFO - Scraping page 38...
2025-06-11 06:38:24,894 - INFO - Found 60 links on page 36
2025-06-11 06:38:24,894 - INFO - Scraping page 39...
2025-06-11 06:38:27,405 - INFO - Found 60 links on page 37
2025-06-11 06:38:27,405 - INFO - Scraping page 40...
2025-06-11 06:38:28,916 - INFO - Found 60 links on page 38
2025-06-11 06:38:28,921 - INFO - Scraping page 41...
2025-06-11 06:38:29,067 - INFO - Found 60 links on page 39
2025-06-11 06:38:29,067 - INFO - Scraping page 42...
2025-06-11 06:38:31,441 - INFO - Found 60 links on page 40
2025-06-11 06:38:31,442 - INFO - Scraping page 43...
2025-06-11 06:38:32,862 - INFO - Found 60 links on page 41
2025-06-11 06:38:32,872 - INFO - Scraping page 44...
2025-06-11 06:38:33,038 - INFO - Found 60 links on page 42
2025-06-11 06:38:33,038 - INFO - Scraping page 45...
2025-06-11 06:38:35,233 - INFO - Found 60 links on page 43
2025-06-11 06:38:35,233 - INFO - Scraping page 46...
2025-06-11 06:38:37,270 - INFO - Found 60 links on page 45
2025-06-11 06:38:37,275 - INFO - Scraping page 47...
2025-06-11 06:38:37,399 - INFO - Found 60 links on page 44
2025-06-11 06:38:37,399 - INFO - Scraping page 48...
2025-06-11 06:38:39,131 - INFO - Found 60 links on page 46
2025-06-11 06:38:39,131 - INFO - Scraping page 49...
2025-06-11 06:38:41,676 - INFO - Found 60 links on page 48
2025-06-11 06:38:41,676 - INFO - Scraping page 50...
2025-06-11 06:38:42,171 - INFO - Found 60 links on page 47
2025-06-11 06:38:42,171 - INFO - Scraping page 51...
2025-06-11 06:38:43,669 - INFO - Found 60 links on page 49
2025-06-11 06:38:43,669 - INFO - Scraping page 52...
2025-06-11 06:38:45,836 - INFO - Found 60 links on page 50
2025-06-11 06:38:45,836 - INFO - Scraping page 53...
2025-06-11 06:38:47,138 - INFO - Found 60 links on page 51
2025-06-11 06:38:47,138 - INFO - Scraping page 54...
2025-06-11 06:38:47,987 - INFO - Found 60 links on page 52
2025-06-11 06:38:47,987 - INFO - Scraping page 55...
2025-06-11 06:38:49,707 - INFO - Found 60 links on page 53
2025-06-11 06:38:49,707 - INFO - Scraping page 56...
2025-06-11 06:38:51,324 - INFO - Found 60 links on page 54
2025-06-11 06:38:51,324 - INFO - Scraping page 57...
2025-06-11 06:38:51,850 - INFO - Found 60 links on page 55
2025-06-11 06:38:51,850 - INFO - Scraping page 58...
2025-06-11 06:38:54,465 - INFO - Found 60 links on page 56
2025-06-11 06:38:54,465 - INFO - Scraping page 59...
2025-06-11 06:38:55,503 - INFO - Found 60 links on page 57
2025-06-11 06:38:55,503 - INFO - Scraping page 60...
2025-06-11 06:38:56,394 - INFO - Found 60 links on page 58
2025-06-11 06:38:56,394 - INFO - Scraping page 61...
2025-06-11 06:38:58,249 - INFO - Found 60 links on page 59
2025-06-11 06:38:58,249 - INFO - Scraping page 62...
2025-06-11 06:38:59,576 - INFO - Found 60 links on page 60
2025-06-11 06:38:59,576 - INFO - Scraping page 63...
2025-06-11 06:39:00,837 - INFO - Found 60 links on page 61
2025-06-11 06:39:00,838 - INFO - Scraping page 64...
2025-06-11 06:39:02,056 - INFO - Found 60 links on page 62
2025-06-11 06:39:02,056 - INFO - Scraping page 65...
2025-06-11 06:39:03,656 - INFO - Found 60 links on page 63
2025-06-11 06:39:03,656 - INFO - Scraping page 66...
2025-06-11 06:39:05,373 - INFO - Found 60 links on page 64
2025-06-11 06:39:05,373 - INFO - Scraping page 67...
2025-06-11 06:39:05,953 - INFO - Found 60 links on page 65
2025-06-11 06:39:05,953 - INFO - Scraping page 68...
2025-06-11 06:39:08,478 - INFO - Found 60 links on page 66
2025-06-11 06:39:08,478 - INFO - Scraping page 69...
2025-06-11 06:39:09,554 - INFO - Found 60 links on page 67
2025-06-11 06:39:09,554 - INFO - Scraping page 70...
2025-06-11 06:39:10,027 - INFO - Found 60 links on page 68
2025-06-11 06:39:10,028 - INFO - Scraping page 71...
2025-06-11 06:39:12,378 - INFO - Found 60 links on page 69
2025-06-11 06:39:12,378 - INFO - Scraping page 72...
2025-06-11 06:39:13,480 - INFO - Found 60 links on page 70
2025-06-11 06:39:13,480 - INFO - Scraping page 73...
2025-06-11 06:39:14,043 - INFO - Found 60 links on page 71
2025-06-11 06:39:14,044 - INFO - Scraping page 74...
2025-06-11 06:39:16,566 - INFO - Found 60 links on page 72
2025-06-11 06:39:16,566 - INFO - Scraping page 75...
2025-06-11 06:39:18,086 - INFO - Found 60 links on page 73
2025-06-11 06:39:18,086 - INFO - Scraping page 76...
2025-06-11 06:39:18,354 - INFO - Found 60 links on page 74
2025-06-11 06:39:18,354 - INFO - Scraping page 77...
2025-06-11 06:39:20,866 - INFO - Found 60 links on page 75
2025-06-11 06:39:20,867 - INFO - Scraping page 78...
2025-06-11 06:39:22,498 - INFO - Found 60 links on page 77
2025-06-11 06:39:22,503 - INFO - Scraping page 79...
2025-06-11 06:39:22,594 - INFO - Found 60 links on page 76
2025-06-11 06:39:22,594 - INFO - Scraping page 80...
2025-06-11 06:39:25,313 - INFO - Found 60 links on page 78
2025-06-11 06:39:25,313 - INFO - Scraping page 81...
2025-06-11 06:39:26,812 - INFO - Found 60 links on page 79
2025-06-11 06:39:26,813 - INFO - Scraping page 82...
2025-06-11 06:39:27,025 - INFO - Found 60 links on page 80
2025-06-11 06:39:27,025 - INFO - Scraping page 83...
2025-06-11 06:39:30,175 - INFO - Found 60 links on page 81
2025-06-11 06:39:30,175 - INFO - Scraping page 84...
2025-06-11 06:39:31,134 - INFO - Found 60 links on page 82
2025-06-11 06:39:31,134 - INFO - Scraping page 85...
2025-06-11 06:39:31,840 - INFO - Found 60 links on page 83
2025-06-11 06:39:31,840 - INFO - Scraping page 86...
2025-06-11 06:39:35,280 - INFO - Found 60 links on page 84
2025-06-11 06:39:35,285 - INFO - Scraping page 87...
2025-06-11 06:39:35,365 - INFO - Found 60 links on page 85
2025-06-11 06:39:35,365 - INFO - Scraping page 88...
2025-06-11 06:39:36,901 - INFO - Found 60 links on page 86
2025-06-11 06:39:36,901 - INFO - Scraping page 89...
2025-06-11 06:39:39,313 - INFO - Found 60 links on page 87
2025-06-11 06:39:39,319 - INFO - Scraping page 90...
2025-06-11 06:39:39,501 - INFO - Found 60 links on page 88
2025-06-11 06:39:39,501 - INFO - Scraping page 91...
2025-06-11 06:39:40,769 - INFO - Found 60 links on page 89
2025-06-11 06:39:40,769 - INFO - Scraping page 92...
2025-06-11 06:39:43,496 - INFO - Found 60 links on page 90
2025-06-11 06:39:43,501 - INFO - Scraping page 93...
2025-06-11 06:39:43,617 - INFO - Found 60 links on page 91
2025-06-11 06:39:43,618 - INFO - Scraping page 94...
2025-06-11 06:39:44,809 - INFO - Found 60 links on page 92
2025-06-11 06:39:44,809 - INFO - Scraping page 95...
2025-06-11 06:39:47,392 - INFO - Found 60 links on page 93
2025-06-11 06:39:47,392 - INFO - Scraping page 96...
2025-06-11 06:39:47,592 - INFO - Found 60 links on page 94
2025-06-11 06:39:47,592 - INFO - Scraping page 97...
2025-06-11 06:39:48,702 - INFO - Found 60 links on page 95
2025-06-11 06:39:48,703 - INFO - Scraping page 98...
2025-06-11 06:39:51,410 - INFO - Found 60 links on page 96
2025-06-11 06:39:51,411 - INFO - Scraping page 99...
2025-06-11 06:39:51,680 - INFO - Found 60 links on page 97
2025-06-11 06:39:51,680 - INFO - Scraping page 100...
2025-06-11 06:39:53,324 - INFO - Found 60 links on page 98
2025-06-11 06:39:53,324 - INFO - Scraping page 101...
2025-06-11 06:39:55,206 - INFO - Found 60 links on page 99
2025-06-11 06:39:55,206 - INFO - Scraping page 102...
2025-06-11 06:39:55,618 - INFO - Found 60 links on page 100
2025-06-11 06:39:55,618 - INFO - Scraping page 103...
2025-06-11 06:39:57,277 - INFO - Found 60 links on page 101
2025-06-11 06:39:57,277 - INFO - Scraping page 104...
2025-06-11 06:39:59,095 - INFO - Found 60 links on page 102
2025-06-11 06:39:59,095 - INFO - Scraping page 105...
2025-06-11 06:39:59,647 - INFO - Found 60 links on page 103
2025-06-11 06:39:59,647 - INFO - Scraping page 106...
2025-06-11 06:40:01,190 - INFO - Found 60 links on page 104
2025-06-11 06:40:01,190 - INFO - Scraping page 107...
2025-06-11 06:40:03,306 - INFO - Found 60 links on page 105
2025-06-11 06:40:03,306 - INFO - Scraping page 108...
2025-06-11 06:40:03,585 - INFO - Found 60 links on page 106
2025-06-11 06:40:03,585 - INFO - Scraping page 109...
2025-06-11 06:40:04,933 - INFO - Found 60 links on page 107
2025-06-11 06:40:04,934 - INFO - Scraping page 110...
2025-06-11 06:40:07,360 - INFO - Found 60 links on page 108
2025-06-11 06:40:07,361 - INFO - Scraping page 111...
2025-06-11 06:40:07,827 - INFO - Found 60 links on page 109
2025-06-11 06:40:07,827 - INFO - Scraping page 112...
2025-06-11 06:40:09,203 - INFO - Found 60 links on page 110
2025-06-11 06:40:09,203 - INFO - Scraping page 113...
2025-06-11 06:40:11,456 - INFO - Found 60 links on page 111
2025-06-11 06:40:11,457 - INFO - Scraping page 114...
2025-06-11 06:40:12,131 - INFO - Found 60 links on page 112
2025-06-11 06:40:12,131 - INFO - Scraping page 115...
2025-06-11 06:40:13,412 - INFO - Found 60 links on page 113
2025-06-11 06:40:13,413 - INFO - Scraping page 116...
2025-06-11 06:40:15,243 - INFO - Found 60 links on page 114
2025-06-11 06:40:15,243 - INFO - Scraping page 117...
2025-06-11 06:40:15,836 - INFO - Found 60 links on page 115
2025-06-11 06:40:15,837 - INFO - Scraping page 118...
2025-06-11 06:40:17,477 - INFO - Found 60 links on page 116
2025-06-11 06:40:17,477 - INFO - Scraping page 119...
2025-06-11 06:40:19,144 - INFO - Found 60 links on page 117
2025-06-11 06:40:19,144 - INFO - Scraping page 120...
2025-06-11 06:40:20,627 - INFO - Found 60 links on page 118
2025-06-11 06:40:20,627 - INFO - Scraping page 121...
2025-06-11 06:40:21,624 - INFO - Found 60 links on page 119
2025-06-11 06:40:21,624 - INFO - Scraping page 122...
2025-06-11 06:40:23,393 - INFO - Found 60 links on page 120
2025-06-11 06:40:23,393 - INFO - Scraping page 123...
2025-06-11 06:40:25,156 - INFO - Found 60 links on page 121
2025-06-11 06:40:25,157 - INFO - Scraping page 124...
2025-06-11 06:40:25,355 - INFO - Found 60 links on page 122
2025-06-11 06:40:25,355 - INFO - Scraping page 125...
2025-06-11 06:40:27,044 - INFO - Found 60 links on page 123
2025-06-11 06:40:27,044 - INFO - Scraping page 126...
2025-06-11 06:40:29,173 - INFO - Found 60 links on page 125
2025-06-11 06:40:29,178 - INFO - Scraping page 127...
2025-06-11 06:40:29,408 - INFO - Found 60 links on page 124
2025-06-11 06:40:29,408 - INFO - Scraping page 128...
2025-06-11 06:40:31,897 - INFO - Found 60 links on page 126
2025-06-11 06:40:31,898 - INFO - Scraping page 129...
2025-06-11 06:40:33,461 - INFO - Found 60 links on page 128
2025-06-11 06:40:33,471 - INFO - Scraping page 130...
2025-06-11 06:40:33,554 - INFO - Found 60 links on page 127
2025-06-11 06:40:33,554 - INFO - Scraping page 131...
2025-06-11 06:40:36,092 - INFO - Found 60 links on page 129
2025-06-11 06:40:36,092 - INFO - Scraping page 132...
2025-06-11 06:40:37,692 - INFO - Found 60 links on page 131
2025-06-11 06:40:37,697 - INFO - Scraping page 133...
2025-06-11 06:40:37,828 - INFO - Found 60 links on page 130
2025-06-11 06:40:37,828 - INFO - Scraping page 134...
2025-06-11 06:40:40,507 - INFO - Found 60 links on page 132
2025-06-11 06:40:40,507 - INFO - Scraping page 135...
2025-06-11 06:40:41,880 - INFO - Found 60 links on page 134
2025-06-11 06:40:41,885 - INFO - Scraping page 136...
2025-06-11 06:40:41,938 - INFO - Found 60 links on page 133
2025-06-11 06:40:41,938 - INFO - Scraping page 137...
2025-06-11 06:40:45,342 - INFO - Found 60 links on page 135
2025-06-11 06:40:45,343 - INFO - Scraping page 138...
2025-06-11 06:40:45,762 - INFO - Found 60 links on page 137
2025-06-11 06:40:45,762 - INFO - Scraping page 139...
2025-06-11 06:40:46,048 - INFO - Found 60 links on page 136
2025-06-11 06:40:46,049 - INFO - Scraping page 140...
2025-06-11 06:40:49,139 - INFO - Found 60 links on page 138
2025-06-11 06:40:49,139 - INFO - Scraping page 141...
2025-06-11 06:40:50,061 - INFO - Found 60 links on page 139
2025-06-11 06:40:50,066 - INFO - Scraping page 142...
2025-06-11 06:40:50,177 - INFO - Found 60 links on page 140
2025-06-11 06:40:50,177 - INFO - Scraping page 143...
2025-06-11 06:40:53,081 - INFO - Found 60 links on page 141
2025-06-11 06:40:53,082 - INFO - Scraping page 144...
2025-06-11 06:40:54,147 - INFO - Found 60 links on page 143
2025-06-11 06:40:54,148 - INFO - Scraping page 145...
2025-06-11 06:40:54,345 - INFO - Found 60 links on page 142
2025-06-11 06:40:54,345 - INFO - Scraping page 146...
2025-06-11 06:40:57,392 - INFO - Found 60 links on page 144
2025-06-11 06:40:57,392 - INFO - Scraping page 147...
2025-06-11 06:40:58,344 - INFO - Found 60 links on page 145
2025-06-11 06:40:58,350 - INFO - Scraping page 148...
2025-06-11 06:40:58,438 - INFO - Found 60 links on page 146
2025-06-11 06:40:58,438 - INFO - Scraping page 149...
2025-06-11 06:41:01,633 - INFO - Found 60 links on page 147
2025-06-11 06:41:01,633 - INFO - Scraping page 150...
2025-06-11 06:41:02,454 - INFO - Found 60 links on page 148
2025-06-11 06:41:02,454 - INFO - Scraping page 151...
2025-06-11 06:41:02,802 - INFO - Found 60 links on page 149
2025-06-11 06:41:02,802 - INFO - Scraping page 152...
2025-06-11 06:41:05,578 - INFO - Found 60 links on page 150
2025-06-11 06:41:05,578 - INFO - Scraping page 153...
2025-06-11 06:41:06,879 - INFO - Found 60 links on page 152
2025-06-11 06:41:06,880 - INFO - Scraping page 154...
2025-06-11 06:41:07,198 - INFO - Found 60 links on page 151
2025-06-11 06:41:07,199 - INFO - Scraping page 155...
2025-06-11 06:41:09,552 - INFO - Found 60 links on page 153
2025-06-11 06:41:09,553 - INFO - Scraping page 156...
2025-06-11 06:41:11,612 - INFO - Found 60 links on page 155
2025-06-11 06:41:11,613 - INFO - Scraping page 157...
2025-06-11 06:41:11,928 - INFO - Found 60 links on page 154
2025-06-11 06:41:11,929 - INFO - Scraping page 158...
2025-06-11 06:41:13,551 - INFO - Found 60 links on page 156
2025-06-11 06:41:13,551 - INFO - Scraping page 159...
2025-06-11 06:41:15,804 - INFO - Found 60 links on page 157
2025-06-11 06:41:15,804 - INFO - Scraping page 160...
2025-06-11 06:41:16,066 - INFO - Found 60 links on page 158
2025-06-11 06:41:16,066 - INFO - Scraping page 161...
2025-06-11 06:41:17,491 - INFO - Found 60 links on page 159
2025-06-11 06:41:17,492 - INFO - Scraping page 162...
2025-06-11 06:41:20,147 - INFO - Found 60 links on page 160
2025-06-11 06:41:20,147 - INFO - Scraping page 163...
2025-06-11 06:41:20,943 - INFO - Found 60 links on page 161
2025-06-11 06:41:20,943 - INFO - Scraping page 164...
2025-06-11 06:41:21,803 - INFO - Found 60 links on page 162
2025-06-11 06:41:21,803 - INFO - Scraping page 165...
2025-06-11 06:41:24,267 - INFO - Found 60 links on page 163
2025-06-11 06:41:24,268 - INFO - Scraping page 166...
2025-06-11 06:41:25,176 - INFO - Found 60 links on page 164
2025-06-11 06:41:25,176 - INFO - Scraping page 167...
2025-06-11 06:41:25,859 - INFO - Found 60 links on page 165
2025-06-11 06:41:25,859 - INFO - Scraping page 168...
2025-06-11 06:41:28,662 - INFO - Found 60 links on page 166
2025-06-11 06:41:28,662 - INFO - Scraping page 169...
2025-06-11 06:41:29,040 - INFO - Found 60 links on page 167
2025-06-11 06:41:29,040 - INFO - Scraping page 170...
2025-06-11 06:41:29,827 - INFO - Found 60 links on page 168
2025-06-11 06:41:29,828 - INFO - Scraping page 171...
2025-06-11 06:41:32,811 - INFO - Found 60 links on page 169
2025-06-11 06:41:32,811 - INFO - Scraping page 172...
2025-06-11 06:41:33,281 - INFO - Found 60 links on page 170
2025-06-11 06:41:33,281 - INFO - Scraping page 173...
2025-06-11 06:41:34,103 - INFO - Found 60 links on page 171
2025-06-11 06:41:34,103 - INFO - Scraping page 174...
2025-06-11 06:41:36,974 - INFO - Found 60 links on page 172
2025-06-11 06:41:36,974 - INFO - Scraping page 175...
2025-06-11 06:41:37,361 - INFO - Found 60 links on page 173
2025-06-11 06:41:37,362 - INFO - Scraping page 176...
2025-06-11 06:41:38,170 - INFO - Found 60 links on page 174
2025-06-11 06:41:38,170 - INFO - Scraping page 177...
2025-06-11 06:41:41,168 - INFO - Found 60 links on page 175
2025-06-11 06:41:41,169 - INFO - Scraping page 178...
2025-06-11 06:41:41,490 - INFO - Found 60 links on page 176
2025-06-11 06:41:41,490 - INFO - Scraping page 179...
2025-06-11 06:41:42,036 - INFO - Found 60 links on page 177
2025-06-11 06:41:42,036 - INFO - Scraping page 180...
2025-06-11 06:41:45,539 - INFO - Found 60 links on page 178
2025-06-11 06:41:45,545 - INFO - Scraping page 181...
2025-06-11 06:41:45,617 - INFO - Found 60 links on page 179
2025-06-11 06:41:45,617 - INFO - Scraping page 182...
2025-06-11 06:41:46,836 - INFO - Found 60 links on page 180
2025-06-11 06:41:46,836 - INFO - Scraping page 183...
2025-06-11 06:41:49,660 - INFO - Found 60 links on page 181
2025-06-11 06:41:49,665 - INFO - Scraping page 184...
2025-06-11 06:41:49,747 - INFO - Found 60 links on page 182
2025-06-11 06:41:49,747 - INFO - Scraping page 185...
2025-06-11 06:41:51,389 - INFO - Found 60 links on page 183
2025-06-11 06:41:51,389 - INFO - Scraping page 186...
2025-06-11 06:41:53,630 - INFO - Found 60 links on page 184
2025-06-11 06:41:53,630 - INFO - Scraping page 187...
2025-06-11 06:41:53,829 - INFO - Found 60 links on page 185
2025-06-11 06:41:53,829 - INFO - Scraping page 188...
2025-06-11 06:41:55,491 - INFO - Found 60 links on page 186
2025-06-11 06:41:55,491 - INFO - Scraping page 189...
2025-06-11 06:41:57,728 - INFO - Found 60 links on page 187
2025-06-11 06:41:57,729 - INFO - Scraping page 190...
2025-06-11 06:41:58,524 - INFO - Found 60 links on page 188
2025-06-11 06:41:58,524 - INFO - Scraping page 191...
2025-06-11 06:42:00,318 - INFO - Found 60 links on page 189
2025-06-11 06:42:00,318 - INFO - Scraping page 192...
2025-06-11 06:42:02,602 - INFO - Found 60 links on page 190
2025-06-11 06:42:02,602 - INFO - Scraping page 193...
2025-06-11 06:42:03,048 - INFO - Found 60 links on page 191
2025-06-11 06:42:03,048 - INFO - Scraping page 194...
2025-06-11 06:42:04,164 - INFO - Found 60 links on page 192
2025-06-11 06:42:04,164 - INFO - Scraping page 195...
2025-06-11 06:42:06,696 - INFO - Found 60 links on page 193
2025-06-11 06:42:06,697 - INFO - Scraping page 196...
2025-06-11 06:42:07,101 - INFO - Found 60 links on page 194
2025-06-11 06:42:07,102 - INFO - Scraping page 197...
2025-06-11 06:42:08,440 - INFO - Found 60 links on page 195
2025-06-11 06:42:08,440 - INFO - Scraping page 198...
2025-06-11 06:42:10,840 - INFO - Found 60 links on page 196
2025-06-11 06:42:10,840 - INFO - Scraping page 199...
2025-06-11 06:42:11,860 - INFO - Found 60 links on page 197
2025-06-11 06:42:11,860 - INFO - Scraping page 200...
2025-06-11 06:42:12,350 - INFO - Found 60 links on page 198
2025-06-11 06:42:15,069 - INFO - Found 60 links on page 199
2025-06-11 06:42:16,033 - INFO - Found 60 links on page 200
2025-06-11 06:42:16,041 - INFO - Found 412 new links to scrape out of 12000 total links
2025-06-11 06:42:16,041 - INFO - Processing batch 1/9 (50 links)
2025-06-11 06:42:22,065 - INFO - Progress: 10/50 ads processed
2025-06-11 06:42:27,315 - INFO - Progress: 20/50 ads processed
2025-06-11 06:42:32,579 - INFO - Progress: 30/50 ads processed
2025-06-11 06:42:37,505 - INFO - Progress: 40/50 ads processed
2025-06-11 06:42:42,391 - INFO - Progress: 50/50 ads processed
2025-06-11 06:42:42,462 - INFO - Created backup of existing data file at unegui_data/unegui_sales_data.csv.bak
2025-06-11 06:42:42,786 - INFO - Data saved to unegui_data/unegui_sales_data.csv: 22852 records
2025-06-11 06:42:43,551 - INFO - Cache saved with 23240 URLs
2025-06-11 06:42:43,551 - INFO - Saved batch data. Total records: 22852
2025-06-11 06:42:43,551 - INFO - Processing batch 2/9 (50 links)
2025-06-11 06:42:49,538 - INFO - Progress: 10/50 ads processed
2025-06-11 06:42:55,056 - INFO - Progress: 20/50 ads processed
2025-06-11 06:43:00,115 - INFO - Progress: 30/50 ads processed
2025-06-11 06:43:05,211 - INFO - Progress: 40/50 ads processed
2025-06-11 06:43:10,011 - INFO - Progress: 50/50 ads processed
2025-06-11 06:43:10,082 - INFO - Created backup of existing data file at unegui_data/unegui_sales_data.csv.bak
2025-06-11 06:43:10,406 - INFO - Data saved to unegui_data/unegui_sales_data.csv: 22900 records
2025-06-11 06:43:11,176 - INFO - Cache saved with 23290 URLs
2025-06-11 06:43:11,177 - INFO - Saved batch data. Total records: 22900
2025-06-11 06:43:11,177 - INFO - Processing batch 3/9 (50 links)
2025-06-11 06:43:16,377 - INFO - Progress: 10/50 ads processed
2025-06-11 06:43:22,177 - INFO - Progress: 20/50 ads processed
2025-06-11 06:43:27,536 - INFO - Progress: 30/50 ads processed
2025-06-11 06:43:32,931 - INFO - Progress: 40/50 ads processed
2025-06-11 06:43:38,170 - INFO - Progress: 50/50 ads processed
2025-06-11 06:43:38,241 - INFO - Created backup of existing data file at unegui_data/unegui_sales_data.csv.bak
2025-06-11 06:43:38,568 - INFO - Data saved to unegui_data/unegui_sales_data.csv: 22950 records
2025-06-11 06:43:39,337 - INFO - Cache saved with 23340 URLs
2025-06-11 06:43:39,337 - INFO - Saved batch data. Total records: 22950
2025-06-11 06:43:39,338 - INFO - Processing batch 4/9 (50 links)
2025-06-11 06:43:44,565 - INFO - Progress: 10/50 ads processed
2025-06-11 06:43:50,039 - INFO - Progress: 20/50 ads processed
2025-06-11 06:43:55,081 - INFO - Progress: 30/50 ads processed
2025-06-11 06:44:00,131 - INFO - Progress: 40/50 ads processed
2025-06-11 06:44:05,333 - INFO - Progress: 50/50 ads processed
2025-06-11 06:44:05,404 - INFO - Created backup of existing data file at unegui_data/unegui_sales_data.csv.bak
2025-06-11 06:44:05,730 - INFO - Data saved to unegui_data/unegui_sales_data.csv: 22999 records
2025-06-11 06:44:06,493 - INFO - Cache saved with 23390 URLs
2025-06-11 06:44:06,493 - INFO - Saved batch data. Total records: 22999
2025-06-11 06:44:06,493 - INFO - Processing batch 5/9 (50 links)
2025-06-11 06:44:12,174 - INFO - Progress: 10/50 ads processed
2025-06-11 06:44:18,660 - INFO - Progress: 20/50 ads processed
2025-06-11 06:44:23,839 - INFO - Progress: 30/50 ads processed
2025-06-11 06:44:28,784 - INFO - Progress: 40/50 ads processed
2025-06-11 06:44:33,530 - INFO - Progress: 50/50 ads processed
2025-06-11 06:44:33,604 - INFO - Created backup of existing data file at unegui_data/unegui_sales_data.csv.bak
2025-06-11 06:44:33,933 - INFO - Data saved to unegui_data/unegui_sales_data.csv: 23048 records
2025-06-11 06:44:34,713 - INFO - Cache saved with 23440 URLs
2025-06-11 06:44:34,714 - INFO - Saved batch data. Total records: 23048
2025-06-11 06:44:34,714 - INFO - Processing batch 6/9 (50 links)
2025-06-11 06:44:40,327 - INFO - Progress: 10/50 ads processed
2025-06-11 06:44:45,332 - INFO - Progress: 20/50 ads processed
2025-06-11 06:44:50,426 - INFO - Progress: 30/50 ads processed
2025-06-11 06:44:56,036 - INFO - Progress: 40/50 ads processed
2025-06-11 06:45:01,432 - INFO - Progress: 50/50 ads processed
2025-06-11 06:45:01,503 - INFO - Created backup of existing data file at unegui_data/unegui_sales_data.csv.bak
2025-06-11 06:45:01,838 - INFO - Data saved to unegui_data/unegui_sales_data.csv: 23098 records
2025-06-11 06:45:02,604 - INFO - Cache saved with 23490 URLs
2025-06-11 06:45:02,604 - INFO - Saved batch data. Total records: 23098
2025-06-11 06:45:02,604 - INFO - Processing batch 7/9 (50 links)
2025-06-11 06:45:08,074 - INFO - Progress: 10/50 ads processed
2025-06-11 06:45:13,312 - INFO - Progress: 20/50 ads processed
2025-06-11 06:45:18,840 - INFO - Progress: 30/50 ads processed
2025-06-11 06:45:24,063 - INFO - Progress: 40/50 ads processed
2025-06-11 06:45:29,508 - INFO - Progress: 50/50 ads processed
2025-06-11 06:45:29,579 - INFO - Created backup of existing data file at unegui_data/unegui_sales_data.csv.bak
2025-06-11 06:45:29,909 - INFO - Data saved to unegui_data/unegui_sales_data.csv: 23148 records
2025-06-11 06:45:30,682 - INFO - Cache saved with 23540 URLs
2025-06-11 06:45:30,682 - INFO - Saved batch data. Total records: 23148
2025-06-11 06:45:30,682 - INFO - Processing batch 8/9 (50 links)
2025-06-11 06:45:36,258 - INFO - Progress: 10/50 ads processed
2025-06-11 06:45:42,037 - INFO - Progress: 20/50 ads processed
2025-06-11 06:45:47,068 - INFO - Progress: 30/50 ads processed
2025-06-11 06:45:51,953 - INFO - Progress: 40/50 ads processed
2025-06-11 06:45:58,073 - INFO - Progress: 50/50 ads processed
2025-06-11 06:45:58,146 - INFO - Created backup of existing data file at unegui_data/unegui_sales_data.csv.bak
2025-06-11 06:45:58,479 - INFO - Data saved to unegui_data/unegui_sales_data.csv: 23196 records
2025-06-11 06:45:59,258 - INFO - Cache saved with 23590 URLs
2025-06-11 06:45:59,258 - INFO - Saved batch data. Total records: 23196
2025-06-11 06:45:59,258 - INFO - Processing batch 9/9 (12 links)
2025-06-11 06:46:05,460 - INFO - Progress: 10/12 ads processed
2025-06-11 06:46:06,972 - INFO - Progress: 12/12 ads processed
2025-06-11 06:46:07,046 - INFO - Created backup of existing data file at unegui_data/unegui_sales_data.csv.bak
2025-06-11 06:46:07,376 - INFO - Data saved to unegui_data/unegui_sales_data.csv: 23208 records
2025-06-11 06:46:08,148 - INFO - Cache saved with 23602 URLs
2025-06-11 06:46:08,148 - INFO - Saved batch data. Total records: 23208
2025-06-11 06:46:08,148 - INFO - Scraping completed in 0:08:37.538321. Total ads collected: 23208
