2025-05-14 06:35:46,303 - INFO - Starting sales apartment scraper at 2025-05-14 06:35:46.303622
2025-05-14 06:35:46,516 - INFO - Loaded existing data from unegui_data/unegui_sales_data.csv: 13026 records
2025-05-14 06:35:46,690 - INFO - Loaded 13026 existing records
2025-05-14 06:35:46,705 - INFO - Scraping page 1...
2025-05-14 06:35:46,706 - INFO - Scraping page 2...
2025-05-14 06:35:46,706 - INFO - Scraping page 3...
2025-05-14 06:35:51,008 - INFO - Found 60 links on page 3
2025-05-14 06:35:51,009 - INFO - Scraping page 4...
2025-05-14 06:35:51,139 - INFO - Found 60 links on page 2
2025-05-14 06:35:51,139 - INFO - Scraping page 5...
2025-05-14 06:35:51,391 - INFO - Found 60 links on page 1
2025-05-14 06:35:51,391 - INFO - Scraping page 6...
2025-05-14 06:35:55,755 - INFO - Found 60 links on page 4
2025-05-14 06:35:55,755 - INFO - Scraping page 7...
2025-05-14 06:35:56,121 - INFO - Found 60 links on page 5
2025-05-14 06:35:56,121 - INFO - Scraping page 8...
2025-05-14 06:35:56,333 - INFO - Found 60 links on page 6
2025-05-14 06:35:56,333 - INFO - Scraping page 9...
2025-05-14 06:36:00,140 - INFO - Found 60 links on page 7
2025-05-14 06:36:00,140 - INFO - Scraping page 10...
2025-05-14 06:36:00,932 - INFO - Found 60 links on page 9
2025-05-14 06:36:00,938 - INFO - Scraping page 11...
2025-05-14 06:36:01,004 - INFO - Found 60 links on page 8
2025-05-14 06:36:01,004 - INFO - Scraping page 12...
2025-05-14 06:36:05,109 - INFO - Found 60 links on page 10
2025-05-14 06:36:05,109 - INFO - Scraping page 13...
2025-05-14 06:36:05,621 - INFO - Found 60 links on page 12
2025-05-14 06:36:05,622 - INFO - Scraping page 14...
2025-05-14 06:36:05,883 - INFO - Found 60 links on page 11
2025-05-14 06:36:05,883 - INFO - Scraping page 15...
2025-05-14 06:36:09,761 - INFO - Found 60 links on page 13
2025-05-14 06:36:09,762 - INFO - Scraping page 16...
2025-05-14 06:36:10,596 - INFO - Found 60 links on page 14
2025-05-14 06:36:10,601 - INFO - Scraping page 17...
2025-05-14 06:36:10,724 - INFO - Found 60 links on page 15
2025-05-14 06:36:10,724 - INFO - Scraping page 18...
2025-05-14 06:36:15,314 - INFO - Found 60 links on page 17
2025-05-14 06:36:15,325 - INFO - Scraping page 19...
2025-05-14 06:36:15,530 - INFO - Found 60 links on page 16
2025-05-14 06:36:15,536 - INFO - Scraping page 20...
2025-05-14 06:36:15,710 - INFO - Found 60 links on page 18
2025-05-14 06:36:15,710 - INFO - Scraping page 21...
2025-05-14 06:36:20,186 - INFO - Found 60 links on page 19
2025-05-14 06:36:20,192 - INFO - Scraping page 22...
2025-05-14 06:36:20,276 - INFO - Found 60 links on page 20
2025-05-14 06:36:20,276 - INFO - Scraping page 23...
2025-05-14 06:36:20,482 - INFO - Found 60 links on page 21
2025-05-14 06:36:20,483 - INFO - Scraping page 24...
2025-05-14 06:36:25,192 - INFO - Found 60 links on page 23
2025-05-14 06:36:25,197 - INFO - Scraping page 25...
2025-05-14 06:36:25,420 - INFO - Found 60 links on page 22
2025-05-14 06:36:25,420 - INFO - Scraping page 26...
2025-05-14 06:36:25,565 - INFO - Found 60 links on page 24
2025-05-14 06:36:25,566 - INFO - Scraping page 27...
2025-05-14 06:36:29,831 - INFO - Found 60 links on page 25
2025-05-14 06:36:29,831 - INFO - Scraping page 28...
2025-05-14 06:36:30,068 - INFO - Found 60 links on page 27
2025-05-14 06:36:30,069 - INFO - Scraping page 29...
2025-05-14 06:36:30,462 - INFO - Found 60 links on page 26
2025-05-14 06:36:30,463 - INFO - Scraping page 30...
2025-05-14 06:36:34,535 - INFO - Found 60 links on page 28
2025-05-14 06:36:34,540 - INFO - Scraping page 31...
2025-05-14 06:36:34,807 - INFO - Found 60 links on page 29
2025-05-14 06:36:34,818 - INFO - Scraping page 32...
2025-05-14 06:36:34,998 - INFO - Found 60 links on page 30
2025-05-14 06:36:34,999 - INFO - Scraping page 33...
2025-05-14 06:36:38,780 - INFO - Found 60 links on page 31
2025-05-14 06:36:38,780 - INFO - Scraping page 34...
2025-05-14 06:36:39,154 - INFO - Found 60 links on page 33
2025-05-14 06:36:39,164 - INFO - Scraping page 35...
2025-05-14 06:36:39,273 - INFO - Found 60 links on page 32
2025-05-14 06:36:39,273 - INFO - Scraping page 36...
2025-05-14 06:36:42,823 - INFO - Found 60 links on page 34
2025-05-14 06:36:42,823 - INFO - Scraping page 37...
2025-05-14 06:36:43,520 - INFO - Found 60 links on page 35
2025-05-14 06:36:43,520 - INFO - Scraping page 38...
2025-05-14 06:36:43,737 - INFO - Found 60 links on page 36
2025-05-14 06:36:43,737 - INFO - Scraping page 39...
2025-05-14 06:36:47,358 - INFO - Found 60 links on page 37
2025-05-14 06:36:47,358 - INFO - Scraping page 40...
2025-05-14 06:36:47,706 - INFO - Found 60 links on page 38
2025-05-14 06:36:47,706 - INFO - Scraping page 41...
2025-05-14 06:36:48,794 - INFO - Found 60 links on page 39
2025-05-14 06:36:48,794 - INFO - Scraping page 42...
2025-05-14 06:36:51,263 - INFO - Found 60 links on page 40
2025-05-14 06:36:51,263 - INFO - Scraping page 43...
2025-05-14 06:36:51,787 - INFO - Found 60 links on page 41
2025-05-14 06:36:51,788 - INFO - Scraping page 44...
2025-05-14 06:36:53,070 - INFO - Found 60 links on page 42
2025-05-14 06:36:53,070 - INFO - Scraping page 45...
2025-05-14 06:36:55,424 - INFO - Found 60 links on page 43
2025-05-14 06:36:55,424 - INFO - Scraping page 46...
2025-05-14 06:36:55,685 - INFO - Found 60 links on page 44
2025-05-14 06:36:55,685 - INFO - Scraping page 47...
2025-05-14 06:36:57,427 - INFO - Found 60 links on page 45
2025-05-14 06:36:57,428 - INFO - Scraping page 48...
2025-05-14 06:36:59,900 - INFO - Found 60 links on page 47
2025-05-14 06:36:59,900 - INFO - Scraping page 49...
2025-05-14 06:37:00,240 - INFO - Found 60 links on page 46
2025-05-14 06:37:00,240 - INFO - Scraping page 50...
2025-05-14 06:37:01,430 - INFO - Found 60 links on page 48
2025-05-14 06:37:01,430 - INFO - Scraping page 51...
2025-05-14 06:37:03,977 - INFO - Found 60 links on page 49
2025-05-14 06:37:03,977 - INFO - Scraping page 52...
2025-05-14 06:37:04,873 - INFO - Found 60 links on page 50
2025-05-14 06:37:04,873 - INFO - Scraping page 53...
2025-05-14 06:37:05,552 - INFO - Found 60 links on page 51
2025-05-14 06:37:05,552 - INFO - Scraping page 54...
2025-05-14 06:37:08,104 - INFO - Found 60 links on page 52
2025-05-14 06:37:08,104 - INFO - Scraping page 55...
2025-05-14 06:37:08,938 - INFO - Found 60 links on page 53
2025-05-14 06:37:08,938 - INFO - Scraping page 56...
2025-05-14 06:37:10,125 - INFO - Found 60 links on page 54
2025-05-14 06:37:10,125 - INFO - Scraping page 57...
2025-05-14 06:37:12,138 - INFO - Found 60 links on page 55
2025-05-14 06:37:12,139 - INFO - Scraping page 58...
2025-05-14 06:37:13,623 - INFO - Found 60 links on page 56
2025-05-14 06:37:13,623 - INFO - Scraping page 59...
2025-05-14 06:37:14,298 - INFO - Found 60 links on page 57
2025-05-14 06:37:14,298 - INFO - Scraping page 60...
2025-05-14 06:37:16,314 - INFO - Found 60 links on page 58
2025-05-14 06:37:16,314 - INFO - Scraping page 61...
2025-05-14 06:37:17,822 - INFO - Found 60 links on page 59
2025-05-14 06:37:17,822 - INFO - Scraping page 62...
2025-05-14 06:37:19,086 - INFO - Found 60 links on page 60
2025-05-14 06:37:19,086 - INFO - Scraping page 63...
2025-05-14 06:37:20,639 - INFO - Found 60 links on page 61
2025-05-14 06:37:20,639 - INFO - Scraping page 64...
2025-05-14 06:37:22,361 - INFO - Found 60 links on page 62
2025-05-14 06:37:22,361 - INFO - Scraping page 65...
2025-05-14 06:37:22,626 - INFO - Found 60 links on page 63
2025-05-14 06:37:22,626 - INFO - Scraping page 66...
2025-05-14 06:37:24,838 - INFO - Found 60 links on page 64
2025-05-14 06:37:24,838 - INFO - Scraping page 67...
2025-05-14 06:37:26,205 - INFO - Found 60 links on page 65
2025-05-14 06:37:26,206 - INFO - Scraping page 68...
2025-05-14 06:37:27,284 - INFO - Found 60 links on page 66
2025-05-14 06:37:27,285 - INFO - Scraping page 69...
2025-05-14 06:37:28,984 - INFO - Found 60 links on page 67
2025-05-14 06:37:28,984 - INFO - Scraping page 70...
2025-05-14 06:37:30,011 - INFO - Found 60 links on page 68
2025-05-14 06:37:30,011 - INFO - Scraping page 71...
2025-05-14 06:37:31,864 - INFO - Found 60 links on page 69
2025-05-14 06:37:31,864 - INFO - Scraping page 72...
2025-05-14 06:37:33,466 - INFO - Found 60 links on page 70
2025-05-14 06:37:33,467 - INFO - Scraping page 73...
2025-05-14 06:37:34,517 - INFO - Found 60 links on page 71
2025-05-14 06:37:34,517 - INFO - Scraping page 74...
2025-05-14 06:37:35,930 - INFO - Found 60 links on page 72
2025-05-14 06:37:35,930 - INFO - Scraping page 75...
2025-05-14 06:37:38,037 - INFO - Found 60 links on page 73
2025-05-14 06:37:38,037 - INFO - Scraping page 76...
2025-05-14 06:37:39,228 - INFO - Found 60 links on page 74
2025-05-14 06:37:39,228 - INFO - Scraping page 77...
2025-05-14 06:37:40,278 - INFO - Found 60 links on page 75
2025-05-14 06:37:40,278 - INFO - Scraping page 78...
2025-05-14 06:37:42,288 - INFO - Found 60 links on page 76
2025-05-14 06:37:42,288 - INFO - Scraping page 79...
2025-05-14 06:37:43,117 - INFO - Found 60 links on page 77
2025-05-14 06:37:43,118 - INFO - Scraping page 80...
2025-05-14 06:37:45,046 - INFO - Found 60 links on page 78
2025-05-14 06:37:45,046 - INFO - Scraping page 81...
2025-05-14 06:37:46,277 - INFO - Found 60 links on page 79
2025-05-14 06:37:46,278 - INFO - Scraping page 82...
2025-05-14 06:37:47,537 - INFO - Found 60 links on page 80
2025-05-14 06:37:47,537 - INFO - Scraping page 83...
2025-05-14 06:37:48,783 - INFO - Found 60 links on page 81
2025-05-14 06:37:48,783 - INFO - Scraping page 84...
2025-05-14 06:37:50,797 - INFO - Found 60 links on page 82
2025-05-14 06:37:50,797 - INFO - Scraping page 85...
2025-05-14 06:37:51,564 - INFO - Found 60 links on page 83
2025-05-14 06:37:51,564 - INFO - Scraping page 86...
2025-05-14 06:37:53,481 - INFO - Found 60 links on page 84
2025-05-14 06:37:53,482 - INFO - Scraping page 87...
2025-05-14 06:37:55,453 - INFO - Found 60 links on page 85
2025-05-14 06:37:55,464 - INFO - Scraping page 88...
2025-05-14 06:37:55,613 - INFO - Found 60 links on page 86
2025-05-14 06:37:55,613 - INFO - Scraping page 89...
2025-05-14 06:37:58,416 - INFO - Found 60 links on page 87
2025-05-14 06:37:58,416 - INFO - Scraping page 90...
2025-05-14 06:37:59,447 - INFO - Found 60 links on page 88
2025-05-14 06:37:59,447 - INFO - Scraping page 91...
2025-05-14 06:37:59,790 - INFO - Found 60 links on page 89
2025-05-14 06:37:59,790 - INFO - Scraping page 92...
2025-05-14 06:38:02,723 - INFO - Found 60 links on page 90
2025-05-14 06:38:02,724 - INFO - Scraping page 93...
2025-05-14 06:38:03,809 - INFO - Found 60 links on page 91
2025-05-14 06:38:03,809 - INFO - Scraping page 94...
2025-05-14 06:38:04,553 - INFO - Found 60 links on page 92
2025-05-14 06:38:04,554 - INFO - Scraping page 95...
2025-05-14 06:38:06,770 - INFO - Found 60 links on page 93
2025-05-14 06:38:06,771 - INFO - Scraping page 96...
2025-05-14 06:38:08,096 - INFO - Found 60 links on page 94
2025-05-14 06:38:08,096 - INFO - Scraping page 97...
2025-05-14 06:38:08,832 - INFO - Found 60 links on page 95
2025-05-14 06:38:08,833 - INFO - Scraping page 98...
2025-05-14 06:38:11,333 - INFO - Found 60 links on page 96
2025-05-14 06:38:11,334 - INFO - Scraping page 99...
2025-05-14 06:38:12,354 - INFO - Found 60 links on page 97
2025-05-14 06:38:12,355 - INFO - Scraping page 100...
2025-05-14 06:38:12,725 - INFO - Found 60 links on page 98
2025-05-14 06:38:12,726 - INFO - Scraping page 101...
2025-05-14 06:38:15,513 - INFO - Found 60 links on page 99
2025-05-14 06:38:15,514 - INFO - Scraping page 102...
2025-05-14 06:38:17,077 - INFO - Found 60 links on page 101
2025-05-14 06:38:17,077 - INFO - Scraping page 103...
2025-05-14 06:38:17,758 - INFO - Found 60 links on page 100
2025-05-14 06:38:17,758 - INFO - Scraping page 104...
2025-05-14 06:38:20,375 - INFO - Found 60 links on page 102
2025-05-14 06:38:20,375 - INFO - Scraping page 105...
2025-05-14 06:38:21,789 - INFO - Found 60 links on page 103
2025-05-14 06:38:21,789 - INFO - Scraping page 106...
2025-05-14 06:38:22,053 - INFO - Found 60 links on page 104
2025-05-14 06:38:22,054 - INFO - Scraping page 107...
2025-05-14 06:38:24,497 - INFO - Found 60 links on page 105
2025-05-14 06:38:24,497 - INFO - Scraping page 108...
2025-05-14 06:38:26,496 - INFO - Found 60 links on page 106
2025-05-14 06:38:26,496 - INFO - Scraping page 109...
2025-05-14 06:38:26,937 - INFO - Found 60 links on page 107
2025-05-14 06:38:26,937 - INFO - Scraping page 110...
2025-05-14 06:38:28,739 - INFO - Found 60 links on page 108
2025-05-14 06:38:28,740 - INFO - Scraping page 111...
2025-05-14 06:38:30,885 - INFO - Found 60 links on page 109
2025-05-14 06:38:30,885 - INFO - Scraping page 112...
2025-05-14 06:38:31,275 - INFO - Found 60 links on page 110
2025-05-14 06:38:31,276 - INFO - Scraping page 113...
2025-05-14 06:38:33,093 - INFO - Found 60 links on page 111
2025-05-14 06:38:33,093 - INFO - Scraping page 114...
2025-05-14 06:38:35,281 - INFO - Found 60 links on page 112
2025-05-14 06:38:35,282 - INFO - Scraping page 115...
2025-05-14 06:38:35,506 - INFO - Found 60 links on page 113
2025-05-14 06:38:35,506 - INFO - Scraping page 116...
2025-05-14 06:38:37,904 - INFO - Found 60 links on page 114
2025-05-14 06:38:37,904 - INFO - Scraping page 117...
2025-05-14 06:38:39,531 - INFO - Found 60 links on page 116
2025-05-14 06:38:39,531 - INFO - Scraping page 118...
2025-05-14 06:38:41,006 - INFO - Found 60 links on page 115
2025-05-14 06:38:41,006 - INFO - Scraping page 119...
2025-05-14 06:38:42,117 - INFO - Found 60 links on page 117
2025-05-14 06:38:42,118 - INFO - Scraping page 120...
2025-05-14 06:38:43,211 - INFO - Found 60 links on page 118
2025-05-14 06:38:43,212 - INFO - Scraping page 121...
2025-05-14 06:38:45,797 - INFO - Found 60 links on page 119
2025-05-14 06:38:45,797 - INFO - Scraping page 122...
2025-05-14 06:38:46,013 - INFO - Found 60 links on page 120
2025-05-14 06:38:46,013 - INFO - Scraping page 123...
2025-05-14 06:38:48,115 - INFO - Found 60 links on page 121
2025-05-14 06:38:48,115 - INFO - Scraping page 124...
2025-05-14 06:38:49,927 - INFO - Found 60 links on page 122
2025-05-14 06:38:49,927 - INFO - Scraping page 125...
2025-05-14 06:38:50,120 - INFO - Found 60 links on page 123
2025-05-14 06:38:50,120 - INFO - Scraping page 126...
2025-05-14 06:38:52,602 - INFO - Found 60 links on page 124
2025-05-14 06:38:52,603 - INFO - Scraping page 127...
2025-05-14 06:38:54,352 - INFO - Found 60 links on page 126
2025-05-14 06:38:54,352 - INFO - Scraping page 128...
2025-05-14 06:38:54,851 - INFO - Found 60 links on page 125
2025-05-14 06:38:54,851 - INFO - Scraping page 129...
2025-05-14 06:38:56,799 - INFO - Found 60 links on page 127
2025-05-14 06:38:56,799 - INFO - Scraping page 130...
2025-05-14 06:38:59,271 - INFO - Found 60 links on page 128
2025-05-14 06:38:59,271 - INFO - Scraping page 131...
2025-05-14 06:38:59,524 - INFO - Found 60 links on page 129
2025-05-14 06:38:59,524 - INFO - Scraping page 132...
2025-05-14 06:39:01,202 - INFO - Found 60 links on page 130
2025-05-14 06:39:01,202 - INFO - Scraping page 133...
2025-05-14 06:39:03,289 - INFO - Found 60 links on page 131
2025-05-14 06:39:03,289 - INFO - Scraping page 134...
2025-05-14 06:39:03,494 - INFO - Found 60 links on page 132
2025-05-14 06:39:03,494 - INFO - Scraping page 135...
2025-05-14 06:39:05,651 - INFO - Found 60 links on page 133
2025-05-14 06:39:05,651 - INFO - Scraping page 136...
2025-05-14 06:39:08,419 - INFO - Found 60 links on page 134
2025-05-14 06:39:08,424 - INFO - Scraping page 137...
2025-05-14 06:39:08,567 - INFO - Found 60 links on page 135
2025-05-14 06:39:08,567 - INFO - Scraping page 138...
2025-05-14 06:39:09,379 - INFO - Found 60 links on page 136
2025-05-14 06:39:09,379 - INFO - Scraping page 139...
2025-05-14 06:39:12,674 - INFO - Found 60 links on page 137
2025-05-14 06:39:12,674 - INFO - Scraping page 140...
2025-05-14 06:39:12,876 - INFO - Found 60 links on page 138
2025-05-14 06:39:12,876 - INFO - Scraping page 141...
2025-05-14 06:39:13,527 - INFO - Found 60 links on page 139
2025-05-14 06:39:13,527 - INFO - Scraping page 142...
2025-05-14 06:39:17,049 - INFO - Found 60 links on page 141
2025-05-14 06:39:17,049 - INFO - Scraping page 143...
2025-05-14 06:39:18,381 - INFO - Found 60 links on page 140
2025-05-14 06:39:18,386 - INFO - Scraping page 144...
2025-05-14 06:39:18,479 - INFO - Found 60 links on page 142
2025-05-14 06:39:18,479 - INFO - Scraping page 145...
2025-05-14 06:39:22,500 - INFO - Found 60 links on page 143
2025-05-14 06:39:22,500 - INFO - Scraping page 146...
2025-05-14 06:39:22,770 - INFO - Found 60 links on page 144
2025-05-14 06:39:22,770 - INFO - Scraping page 147...
2025-05-14 06:39:23,360 - INFO - Found 60 links on page 145
2025-05-14 06:39:23,360 - INFO - Scraping page 148...
2025-05-14 06:39:26,907 - INFO - Found 60 links on page 146
2025-05-14 06:39:26,907 - INFO - Scraping page 149...
2025-05-14 06:39:27,117 - INFO - Found 60 links on page 147
2025-05-14 06:39:27,117 - INFO - Scraping page 150...
2025-05-14 06:39:27,320 - INFO - Found 60 links on page 148
2025-05-14 06:39:27,321 - INFO - Scraping page 151...
2025-05-14 06:39:31,416 - INFO - Found 60 links on page 149
2025-05-14 06:39:31,416 - INFO - Scraping page 152...
2025-05-14 06:39:31,617 - INFO - Found 60 links on page 150
2025-05-14 06:39:31,617 - INFO - Scraping page 153...
2025-05-14 06:39:31,968 - INFO - Found 60 links on page 151
2025-05-14 06:39:31,968 - INFO - Scraping page 154...
2025-05-14 06:39:35,768 - INFO - Found 60 links on page 152
2025-05-14 06:39:35,769 - INFO - Scraping page 155...
2025-05-14 06:39:36,222 - INFO - Found 60 links on page 153
2025-05-14 06:39:36,222 - INFO - Scraping page 156...
2025-05-14 06:39:36,492 - INFO - Found 60 links on page 154
2025-05-14 06:39:36,492 - INFO - Scraping page 157...
2025-05-14 06:39:40,834 - INFO - Found 60 links on page 157
2025-05-14 06:39:40,834 - INFO - Scraping page 158...
2025-05-14 06:39:41,031 - INFO - Found 60 links on page 155
2025-05-14 06:39:41,031 - INFO - Scraping page 159...
2025-05-14 06:39:41,342 - INFO - Found 60 links on page 156
2025-05-14 06:39:41,343 - INFO - Scraping page 160...
2025-05-14 06:39:45,800 - INFO - Found 60 links on page 159
2025-05-14 06:39:45,800 - INFO - Scraping page 161...
2025-05-14 06:39:46,054 - INFO - Found 60 links on page 158
2025-05-14 06:39:46,054 - INFO - Scraping page 162...
2025-05-14 06:39:46,836 - INFO - Found 60 links on page 160
2025-05-14 06:39:46,837 - INFO - Scraping page 163...
2025-05-14 06:39:50,081 - INFO - Found 60 links on page 161
2025-05-14 06:39:50,081 - INFO - Scraping page 164...
2025-05-14 06:39:50,388 - INFO - Found 60 links on page 162
2025-05-14 06:39:50,389 - INFO - Scraping page 165...
2025-05-14 06:39:51,248 - INFO - Found 60 links on page 163
2025-05-14 06:39:51,248 - INFO - Scraping page 166...
2025-05-14 06:39:54,314 - INFO - Found 60 links on page 164
2025-05-14 06:39:54,315 - INFO - Scraping page 167...
2025-05-14 06:39:55,906 - INFO - Found 60 links on page 166
2025-05-14 06:39:55,917 - INFO - Scraping page 168...
2025-05-14 06:39:56,048 - INFO - Found 60 links on page 165
2025-05-14 06:39:56,048 - INFO - Scraping page 169...
2025-05-14 06:39:58,926 - INFO - Found 60 links on page 167
2025-05-14 06:39:58,927 - INFO - Scraping page 170...
2025-05-14 06:39:59,885 - INFO - Found 60 links on page 169
2025-05-14 06:39:59,885 - INFO - Scraping page 171...
2025-05-14 06:40:00,902 - INFO - Found 60 links on page 168
2025-05-14 06:40:00,902 - INFO - Scraping page 172...
2025-05-14 06:40:03,188 - INFO - Found 60 links on page 170
2025-05-14 06:40:03,189 - INFO - Scraping page 173...
2025-05-14 06:40:03,992 - INFO - Found 60 links on page 171
2025-05-14 06:40:03,993 - INFO - Scraping page 174...
2025-05-14 06:40:05,570 - INFO - Found 60 links on page 172
2025-05-14 06:40:05,570 - INFO - Scraping page 175...
2025-05-14 06:40:07,193 - INFO - Found 60 links on page 173
2025-05-14 06:40:07,193 - INFO - Scraping page 176...
2025-05-14 06:40:09,262 - INFO - Found 60 links on page 174
2025-05-14 06:40:09,262 - INFO - Scraping page 177...
2025-05-14 06:40:09,462 - INFO - Found 60 links on page 175
2025-05-14 06:40:09,462 - INFO - Scraping page 178...
2025-05-14 06:40:11,931 - INFO - Found 60 links on page 176
2025-05-14 06:40:11,931 - INFO - Scraping page 179...
2025-05-14 06:40:13,928 - INFO - Found 60 links on page 177
2025-05-14 06:40:13,928 - INFO - Scraping page 180...
2025-05-14 06:40:14,131 - INFO - Found 60 links on page 178
2025-05-14 06:40:14,131 - INFO - Scraping page 181...
2025-05-14 06:40:16,582 - INFO - Found 60 links on page 179
2025-05-14 06:40:16,582 - INFO - Scraping page 182...
2025-05-14 06:40:18,455 - INFO - Found 60 links on page 180
2025-05-14 06:40:18,455 - INFO - Scraping page 183...
2025-05-14 06:40:19,000 - INFO - Found 60 links on page 181
2025-05-14 06:40:19,001 - INFO - Scraping page 184...
2025-05-14 06:40:21,189 - INFO - Found 60 links on page 182
2025-05-14 06:40:21,189 - INFO - Scraping page 185...
2025-05-14 06:40:23,047 - INFO - Found 60 links on page 183
2025-05-14 06:40:23,047 - INFO - Scraping page 186...
2025-05-14 06:40:23,416 - INFO - Found 60 links on page 184
2025-05-14 06:40:23,416 - INFO - Scraping page 187...
2025-05-14 06:40:26,235 - INFO - Found 60 links on page 185
2025-05-14 06:40:26,235 - INFO - Scraping page 188...
2025-05-14 06:40:26,863 - INFO - Found 60 links on page 186
2025-05-14 06:40:26,863 - INFO - Scraping page 189...
2025-05-14 06:40:27,728 - INFO - Found 60 links on page 187
2025-05-14 06:40:27,728 - INFO - Scraping page 190...
2025-05-14 06:40:30,611 - INFO - Found 60 links on page 188
2025-05-14 06:40:30,611 - INFO - Scraping page 191...
2025-05-14 06:40:31,605 - INFO - Found 60 links on page 189
2025-05-14 06:40:31,605 - INFO - Scraping page 192...
2025-05-14 06:40:31,865 - INFO - Found 60 links on page 190
2025-05-14 06:40:31,866 - INFO - Scraping page 193...
2025-05-14 06:40:34,860 - INFO - Found 60 links on page 191
2025-05-14 06:40:34,860 - INFO - Scraping page 194...
2025-05-14 06:40:35,811 - INFO - Found 60 links on page 192
2025-05-14 06:40:35,812 - INFO - Scraping page 195...
2025-05-14 06:40:36,499 - INFO - Found 60 links on page 193
2025-05-14 06:40:36,499 - INFO - Scraping page 196...
2025-05-14 06:40:38,856 - INFO - Found 60 links on page 194
2025-05-14 06:40:38,856 - INFO - Scraping page 197...
2025-05-14 06:40:40,090 - INFO - Found 60 links on page 195
2025-05-14 06:40:40,090 - INFO - Scraping page 198...
2025-05-14 06:40:40,284 - INFO - Found 60 links on page 196
2025-05-14 06:40:40,284 - INFO - Scraping page 199...
2025-05-14 06:40:42,977 - INFO - Found 60 links on page 197
2025-05-14 06:40:42,978 - INFO - Scraping page 200...
2025-05-14 06:40:44,711 - INFO - Found 60 links on page 198
2025-05-14 06:40:45,267 - INFO - Found 60 links on page 199
2025-05-14 06:40:48,101 - INFO - Found 60 links on page 200
2025-05-14 06:40:48,108 - INFO - Found 469 new links to scrape out of 12000 total links
2025-05-14 06:40:48,108 - INFO - Processing batch 1/10 (50 links)
2025-05-14 06:40:54,324 - INFO - Progress: 10/50 ads processed
2025-05-14 06:40:59,202 - INFO - Progress: 20/50 ads processed
2025-05-14 06:41:04,510 - INFO - Progress: 30/50 ads processed
2025-05-14 06:41:09,531 - INFO - Progress: 40/50 ads processed
2025-05-14 06:41:14,565 - INFO - Progress: 50/50 ads processed
2025-05-14 06:41:14,607 - INFO - Created backup of existing data file at unegui_data/unegui_sales_data.csv.bak
2025-05-14 06:41:14,788 - INFO - Data saved to unegui_data/unegui_sales_data.csv: 13075 records
2025-05-14 06:41:15,228 - INFO - Cache saved with 13294 URLs
2025-05-14 06:41:15,228 - INFO - Saved batch data. Total records: 13075
2025-05-14 06:41:15,229 - INFO - Processing batch 2/10 (50 links)
2025-05-14 06:41:21,095 - INFO - Progress: 10/50 ads processed
2025-05-14 06:41:26,307 - INFO - Progress: 20/50 ads processed
2025-05-14 06:41:31,340 - INFO - Progress: 30/50 ads processed
2025-05-14 06:41:36,425 - INFO - Progress: 40/50 ads processed
2025-05-14 06:41:42,144 - INFO - Progress: 50/50 ads processed
2025-05-14 06:41:42,184 - INFO - Created backup of existing data file at unegui_data/unegui_sales_data.csv.bak
2025-05-14 06:41:42,365 - INFO - Data saved to unegui_data/unegui_sales_data.csv: 13124 records
2025-05-14 06:41:42,801 - INFO - Cache saved with 13344 URLs
2025-05-14 06:41:42,801 - INFO - Saved batch data. Total records: 13124
2025-05-14 06:41:42,801 - INFO - Processing batch 3/10 (50 links)
2025-05-14 06:41:48,254 - INFO - Progress: 10/50 ads processed
2025-05-14 06:41:53,657 - INFO - Progress: 20/50 ads processed
2025-05-14 06:41:58,787 - INFO - Progress: 30/50 ads processed
2025-05-14 06:42:03,724 - INFO - Progress: 40/50 ads processed
2025-05-14 06:42:09,848 - INFO - Progress: 50/50 ads processed
2025-05-14 06:42:09,890 - INFO - Created backup of existing data file at unegui_data/unegui_sales_data.csv.bak
2025-05-14 06:42:10,071 - INFO - Data saved to unegui_data/unegui_sales_data.csv: 13173 records
2025-05-14 06:42:10,511 - INFO - Cache saved with 13394 URLs
2025-05-14 06:42:10,512 - INFO - Saved batch data. Total records: 13173
2025-05-14 06:42:10,512 - INFO - Processing batch 4/10 (50 links)
2025-05-14 06:42:16,411 - INFO - Progress: 10/50 ads processed
2025-05-14 06:42:21,639 - INFO - Progress: 20/50 ads processed
2025-05-14 06:42:27,548 - INFO - Progress: 30/50 ads processed
2025-05-14 06:42:34,234 - INFO - Progress: 40/50 ads processed
2025-05-14 06:42:40,683 - INFO - Progress: 50/50 ads processed
2025-05-14 06:42:40,723 - INFO - Created backup of existing data file at unegui_data/unegui_sales_data.csv.bak
2025-05-14 06:42:40,905 - INFO - Data saved to unegui_data/unegui_sales_data.csv: 13219 records
2025-05-14 06:42:41,346 - INFO - Cache saved with 13444 URLs
2025-05-14 06:42:41,346 - INFO - Saved batch data. Total records: 13219
2025-05-14 06:42:41,346 - INFO - Processing batch 5/10 (50 links)
2025-05-14 06:42:48,179 - INFO - Progress: 10/50 ads processed
2025-05-14 06:42:54,072 - INFO - Progress: 20/50 ads processed
2025-05-14 06:43:00,758 - INFO - Progress: 30/50 ads processed
2025-05-14 06:43:05,586 - INFO - Progress: 40/50 ads processed
2025-05-14 06:43:11,864 - INFO - Progress: 50/50 ads processed
2025-05-14 06:43:11,907 - INFO - Created backup of existing data file at unegui_data/unegui_sales_data.csv.bak
2025-05-14 06:43:12,092 - INFO - Data saved to unegui_data/unegui_sales_data.csv: 13266 records
2025-05-14 06:43:12,534 - INFO - Cache saved with 13494 URLs
2025-05-14 06:43:12,534 - INFO - Saved batch data. Total records: 13266
2025-05-14 06:43:12,534 - INFO - Processing batch 6/10 (50 links)
2025-05-14 06:43:18,751 - INFO - Progress: 10/50 ads processed
2025-05-14 06:43:25,183 - INFO - Progress: 20/50 ads processed
2025-05-14 06:43:32,219 - INFO - Progress: 30/50 ads processed
2025-05-14 06:43:37,612 - INFO - Progress: 40/50 ads processed
2025-05-14 06:43:43,648 - INFO - Progress: 50/50 ads processed
2025-05-14 06:43:43,693 - INFO - Created backup of existing data file at unegui_data/unegui_sales_data.csv.bak
2025-05-14 06:43:43,877 - INFO - Data saved to unegui_data/unegui_sales_data.csv: 13315 records
2025-05-14 06:43:44,331 - INFO - Cache saved with 13544 URLs
2025-05-14 06:43:44,331 - INFO - Saved batch data. Total records: 13315
2025-05-14 06:43:44,331 - INFO - Processing batch 7/10 (50 links)
2025-05-14 06:43:49,491 - INFO - Progress: 10/50 ads processed
2025-05-14 06:43:55,881 - INFO - Progress: 20/50 ads processed
2025-05-14 06:44:01,087 - INFO - Progress: 30/50 ads processed
2025-05-14 06:44:07,153 - INFO - Progress: 40/50 ads processed
2025-05-14 06:44:12,689 - INFO - Progress: 50/50 ads processed
2025-05-14 06:44:12,730 - INFO - Created backup of existing data file at unegui_data/unegui_sales_data.csv.bak
2025-05-14 06:44:12,915 - INFO - Data saved to unegui_data/unegui_sales_data.csv: 13365 records
2025-05-14 06:44:13,365 - INFO - Cache saved with 13594 URLs
2025-05-14 06:44:13,366 - INFO - Saved batch data. Total records: 13365
2025-05-14 06:44:13,366 - INFO - Processing batch 8/10 (50 links)
2025-05-14 06:44:18,775 - INFO - Progress: 10/50 ads processed
2025-05-14 06:44:25,143 - INFO - Progress: 20/50 ads processed
2025-05-14 06:44:30,389 - INFO - Progress: 30/50 ads processed
2025-05-14 06:44:36,393 - INFO - Progress: 40/50 ads processed
2025-05-14 06:44:42,289 - INFO - Progress: 50/50 ads processed
2025-05-14 06:44:42,335 - INFO - Created backup of existing data file at unegui_data/unegui_sales_data.csv.bak
2025-05-14 06:44:42,521 - INFO - Data saved to unegui_data/unegui_sales_data.csv: 13412 records
2025-05-14 06:44:42,987 - INFO - Cache saved with 13644 URLs
2025-05-14 06:44:42,988 - INFO - Saved batch data. Total records: 13412
2025-05-14 06:44:42,988 - INFO - Processing batch 9/10 (50 links)
2025-05-14 06:44:49,630 - INFO - Progress: 10/50 ads processed
2025-05-14 06:44:54,859 - INFO - Progress: 20/50 ads processed
2025-05-14 06:45:01,284 - INFO - Progress: 30/50 ads processed
2025-05-14 06:45:07,134 - INFO - Progress: 40/50 ads processed
2025-05-14 06:45:12,681 - INFO - Progress: 50/50 ads processed
2025-05-14 06:45:12,723 - INFO - Created backup of existing data file at unegui_data/unegui_sales_data.csv.bak
2025-05-14 06:45:12,910 - INFO - Data saved to unegui_data/unegui_sales_data.csv: 13461 records
2025-05-14 06:45:13,363 - INFO - Cache saved with 13694 URLs
2025-05-14 06:45:13,364 - INFO - Saved batch data. Total records: 13461
2025-05-14 06:45:13,364 - INFO - Processing batch 10/10 (19 links)
2025-05-14 06:45:19,589 - INFO - Progress: 10/19 ads processed
2025-05-14 06:45:25,775 - INFO - Progress: 19/19 ads processed
2025-05-14 06:45:25,819 - INFO - Created backup of existing data file at unegui_data/unegui_sales_data.csv.bak
2025-05-14 06:45:26,006 - INFO - Data saved to unegui_data/unegui_sales_data.csv: 13480 records
2025-05-14 06:45:26,469 - INFO - Cache saved with 13713 URLs
2025-05-14 06:45:26,469 - INFO - Saved batch data. Total records: 13480
2025-05-14 06:45:26,469 - INFO - Scraping completed in 0:09:40.165720. Total ads collected: 13480
