2025-06-01 06:41:39,006 - INFO - Starting rental apartment scraper at 2025-06-01 06:41:39.006116
2025-06-01 06:41:39,089 - INFO - Loaded existing data from unegui_data/unegui_rental_data.csv: 9702 records
2025-06-01 06:41:39,192 - INFO - Loaded 9702 existing records
2025-06-01 06:41:39,194 - INFO - Scraping page 1...
2025-06-01 06:41:39,194 - INFO - Scraping page 2...
2025-06-01 06:41:39,194 - INFO - Scraping page 3...
2025-06-01 06:41:42,742 - INFO - Found 60 links on page 2
2025-06-01 06:41:42,742 - INFO - Scraping page 4...
2025-06-01 06:41:43,156 - INFO - Found 60 links on page 3
2025-06-01 06:41:43,156 - INFO - Scraping page 5...
2025-06-01 06:41:43,343 - INFO - Found 60 links on page 1
2025-06-01 06:41:43,343 - INFO - Scraping page 6...
2025-06-01 06:41:45,999 - INFO - Found 60 links on page 4
2025-06-01 06:41:45,999 - INFO - Scraping page 7...
2025-06-01 06:41:47,016 - INFO - Found 60 links on page 6
2025-06-01 06:41:47,016 - INFO - Scraping page 8...
2025-06-01 06:41:47,390 - INFO - Found 60 links on page 5
2025-06-01 06:41:47,391 - INFO - Scraping page 9...
2025-06-01 06:41:49,644 - INFO - Found 60 links on page 7
2025-06-01 06:41:49,644 - INFO - Scraping page 10...
2025-06-01 06:41:50,862 - INFO - Found 60 links on page 8
2025-06-01 06:41:50,868 - INFO - Scraping page 11...
2025-06-01 06:41:51,056 - INFO - Found 60 links on page 9
2025-06-01 06:41:51,056 - INFO - Scraping page 12...
2025-06-01 06:41:53,130 - INFO - Found 60 links on page 10
2025-06-01 06:41:53,130 - INFO - Scraping page 13...
2025-06-01 06:41:54,561 - INFO - Found 60 links on page 12
2025-06-01 06:41:54,562 - INFO - Scraping page 14...
2025-06-01 06:41:54,879 - INFO - Found 60 links on page 11
2025-06-01 06:41:54,879 - INFO - Scraping page 15...
2025-06-01 06:41:57,218 - INFO - Found 60 links on page 13
2025-06-01 06:41:57,218 - INFO - Scraping page 16...
2025-06-01 06:41:58,247 - INFO - Found 60 links on page 14
2025-06-01 06:41:58,247 - INFO - Scraping page 17...
2025-06-01 06:41:59,029 - INFO - Found 60 links on page 15
2025-06-01 06:41:59,029 - INFO - Scraping page 18...
2025-06-01 06:42:00,595 - INFO - Found 60 links on page 16
2025-06-01 06:42:00,595 - INFO - Scraping page 19...
2025-06-01 06:42:02,109 - INFO - Found 60 links on page 17
2025-06-01 06:42:02,109 - INFO - Scraping page 20...
2025-06-01 06:42:02,401 - INFO - Found 60 links on page 18
2025-06-01 06:42:02,401 - INFO - Scraping page 21...
2025-06-01 06:42:04,060 - INFO - Found 60 links on page 19
2025-06-01 06:42:04,060 - INFO - Scraping page 22...
2025-06-01 06:42:05,857 - INFO - Found 60 links on page 20
2025-06-01 06:42:05,857 - INFO - Scraping page 23...
2025-06-01 06:42:06,092 - INFO - Found 60 links on page 21
2025-06-01 06:42:06,092 - INFO - Scraping page 24...
2025-06-01 06:42:07,492 - INFO - Found 60 links on page 22
2025-06-01 06:42:07,493 - INFO - Scraping page 25...
2025-06-01 06:42:09,493 - INFO - Found 60 links on page 24
2025-06-01 06:42:09,499 - INFO - Scraping page 26...
2025-06-01 06:42:09,620 - INFO - Found 60 links on page 23
2025-06-01 06:42:09,620 - INFO - Scraping page 27...
2025-06-01 06:42:11,313 - INFO - Found 60 links on page 25
2025-06-01 06:42:11,315 - INFO - Scraping page 28...
2025-06-01 06:42:13,056 - INFO - Found 60 links on page 26
2025-06-01 06:42:13,056 - INFO - Scraping page 29...
2025-06-01 06:42:13,573 - INFO - Found 60 links on page 27
2025-06-01 06:42:13,574 - INFO - Scraping page 30...
2025-06-01 06:42:14,876 - INFO - Found 60 links on page 28
2025-06-01 06:42:14,876 - INFO - Scraping page 31...
2025-06-01 06:42:16,891 - INFO - Found 60 links on page 29
2025-06-01 06:42:16,892 - INFO - Scraping page 32...
2025-06-01 06:42:17,357 - INFO - Found 60 links on page 30
2025-06-01 06:42:17,357 - INFO - Scraping page 33...
2025-06-01 06:42:18,421 - INFO - Found 60 links on page 31
2025-06-01 06:42:18,421 - INFO - Scraping page 34...
2025-06-01 06:42:20,420 - INFO - Found 60 links on page 32
2025-06-01 06:42:20,420 - INFO - Scraping page 35...
2025-06-01 06:42:21,074 - INFO - Found 60 links on page 33
2025-06-01 06:42:21,074 - INFO - Scraping page 36...
2025-06-01 06:42:21,877 - INFO - Found 60 links on page 34
2025-06-01 06:42:21,877 - INFO - Scraping page 37...
2025-06-01 06:42:23,757 - INFO - Found 60 links on page 35
2025-06-01 06:42:23,757 - INFO - Scraping page 38...
2025-06-01 06:42:24,865 - INFO - Found 60 links on page 36
2025-06-01 06:42:24,865 - INFO - Scraping page 39...
2025-06-01 06:42:25,164 - INFO - Found 60 links on page 37
2025-06-01 06:42:25,164 - INFO - Scraping page 40...
2025-06-01 06:42:27,343 - INFO - Found 60 links on page 38
2025-06-01 06:42:27,343 - INFO - Scraping page 41...
2025-06-01 06:42:28,168 - INFO - Found 60 links on page 39
2025-06-01 06:42:28,168 - INFO - Scraping page 42...
2025-06-01 06:42:28,653 - INFO - Found 60 links on page 40
2025-06-01 06:42:28,653 - INFO - Scraping page 43...
2025-06-01 06:42:30,873 - INFO - Found 60 links on page 41
2025-06-01 06:42:30,873 - INFO - Scraping page 44...
2025-06-01 06:42:31,579 - INFO - Found 60 links on page 42
2025-06-01 06:42:31,579 - INFO - Scraping page 45...
2025-06-01 06:42:31,991 - INFO - Found 60 links on page 43
2025-06-01 06:42:31,991 - INFO - Scraping page 46...
2025-06-01 06:42:35,026 - INFO - Found 60 links on page 44
2025-06-01 06:42:35,026 - INFO - Scraping page 47...
2025-06-01 06:42:35,325 - INFO - Found 60 links on page 45
2025-06-01 06:42:35,325 - INFO - Scraping page 48...
2025-06-01 06:42:35,502 - INFO - Found 60 links on page 46
2025-06-01 06:42:35,502 - INFO - Scraping page 49...
2025-06-01 06:42:38,830 - INFO - Found 60 links on page 48
2025-06-01 06:42:38,840 - INFO - Scraping page 50...
2025-06-01 06:42:38,902 - INFO - Found 60 links on page 47
2025-06-01 06:42:38,902 - INFO - Scraping page 51...
2025-06-01 06:42:39,689 - INFO - Found 60 links on page 49
2025-06-01 06:42:39,689 - INFO - Scraping page 52...
2025-06-01 06:42:42,526 - INFO - Found 60 links on page 51
2025-06-01 06:42:42,526 - INFO - Scraping page 53...
2025-06-01 06:42:43,205 - INFO - Found 60 links on page 52
2025-06-01 06:42:43,216 - INFO - Scraping page 54...
2025-06-01 06:42:43,295 - INFO - Found 60 links on page 50
2025-06-01 06:42:43,295 - INFO - Scraping page 55...
2025-06-01 06:42:46,249 - INFO - Found 60 links on page 53
2025-06-01 06:42:46,250 - INFO - Scraping page 56...
2025-06-01 06:42:46,625 - INFO - Found 60 links on page 54
2025-06-01 06:42:46,625 - INFO - Scraping page 57...
2025-06-01 06:42:46,991 - INFO - Found 60 links on page 55
2025-06-01 06:42:46,991 - INFO - Scraping page 58...
2025-06-01 06:42:49,855 - INFO - Found 60 links on page 56
2025-06-01 06:42:49,855 - INFO - Scraping page 59...
2025-06-01 06:42:50,174 - INFO - Found 60 links on page 57
2025-06-01 06:42:50,174 - INFO - Scraping page 60...
2025-06-01 06:42:50,513 - INFO - Found 60 links on page 58
2025-06-01 06:42:50,513 - INFO - Scraping page 61...
2025-06-01 06:42:53,930 - INFO - Found 60 links on page 60
2025-06-01 06:42:53,931 - INFO - Scraping page 62...
2025-06-01 06:42:54,190 - INFO - Found 60 links on page 59
2025-06-01 06:42:54,200 - INFO - Scraping page 63...
2025-06-01 06:42:54,338 - INFO - Found 60 links on page 61
2025-06-01 06:42:54,338 - INFO - Scraping page 64...
2025-06-01 06:42:57,189 - INFO - Found 60 links on page 62
2025-06-01 06:42:57,189 - INFO - Scraping page 65...
2025-06-01 06:42:57,562 - INFO - Found 60 links on page 63
2025-06-01 06:42:57,568 - INFO - Scraping page 66...
2025-06-01 06:42:57,716 - INFO - Found 60 links on page 64
2025-06-01 06:42:57,716 - INFO - Scraping page 67...
2025-06-01 06:43:00,843 - INFO - Found 60 links on page 65
2025-06-01 06:43:00,848 - INFO - Scraping page 68...
2025-06-01 06:43:01,061 - INFO - Found 60 links on page 66
2025-06-01 06:43:01,061 - INFO - Scraping page 69...
2025-06-01 06:43:01,250 - INFO - Found 60 links on page 67
2025-06-01 06:43:01,250 - INFO - Scraping page 70...
2025-06-01 06:43:04,115 - INFO - Found 60 links on page 68
2025-06-01 06:43:04,115 - INFO - Scraping page 71...
2025-06-01 06:43:04,691 - INFO - Found 60 links on page 69
2025-06-01 06:43:04,691 - INFO - Scraping page 72...
2025-06-01 06:43:05,267 - INFO - Found 60 links on page 70
2025-06-01 06:43:05,267 - INFO - Scraping page 73...
2025-06-01 06:43:07,585 - INFO - Found 60 links on page 71
2025-06-01 06:43:07,586 - INFO - Scraping page 74...
2025-06-01 06:43:08,024 - INFO - Found 60 links on page 72
2025-06-01 06:43:08,024 - INFO - Scraping page 75...
2025-06-01 06:43:09,359 - INFO - Found 60 links on page 73
2025-06-01 06:43:09,359 - INFO - Scraping page 76...
2025-06-01 06:43:11,055 - INFO - Found 60 links on page 74
2025-06-01 06:43:11,055 - INFO - Scraping page 77...
2025-06-01 06:43:11,349 - INFO - Found 60 links on page 75
2025-06-01 06:43:11,350 - INFO - Scraping page 78...
2025-06-01 06:43:12,458 - INFO - Found 60 links on page 76
2025-06-01 06:43:12,458 - INFO - Scraping page 79...
2025-06-01 06:43:14,637 - INFO - Found 60 links on page 78
2025-06-01 06:43:14,637 - INFO - Scraping page 80...
2025-06-01 06:43:14,863 - INFO - Found 60 links on page 77
2025-06-01 06:43:14,864 - INFO - Scraping page 81...
2025-06-01 06:43:15,994 - INFO - Found 60 links on page 79
2025-06-01 06:43:15,994 - INFO - Scraping page 82...
2025-06-01 06:43:18,007 - INFO - Found 60 links on page 80
2025-06-01 06:43:18,007 - INFO - Scraping page 83...
2025-06-01 06:43:18,534 - INFO - Found 60 links on page 81
2025-06-01 06:43:18,534 - INFO - Scraping page 84...
2025-06-01 06:43:19,331 - INFO - Found 60 links on page 82
2025-06-01 06:43:19,332 - INFO - Scraping page 85...
2025-06-01 06:43:21,741 - INFO - Found 60 links on page 83
2025-06-01 06:43:21,741 - INFO - Scraping page 86...
2025-06-01 06:43:22,515 - INFO - Found 60 links on page 84
2025-06-01 06:43:22,515 - INFO - Scraping page 87...
2025-06-01 06:43:22,780 - INFO - Found 60 links on page 85
2025-06-01 06:43:22,780 - INFO - Scraping page 88...
2025-06-01 06:43:25,290 - INFO - Found 60 links on page 86
2025-06-01 06:43:25,290 - INFO - Scraping page 89...
2025-06-01 06:43:25,881 - INFO - Found 60 links on page 87
2025-06-01 06:43:25,881 - INFO - Scraping page 90...
2025-06-01 06:43:26,735 - INFO - Found 43 links on page 88
2025-06-01 06:43:28,975 - INFO - Found 43 links on page 89
2025-06-01 06:43:29,293 - INFO - Found 43 links on page 90
2025-06-01 06:43:29,297 - INFO - Found 104 new links to scrape out of 5349 total links
2025-06-01 06:43:29,297 - INFO - Processing batch 1/3 (50 links)
2025-06-01 06:43:35,019 - INFO - Progress: 10/50 ads processed
2025-06-01 06:43:39,767 - INFO - Progress: 20/50 ads processed
2025-06-01 06:43:45,354 - INFO - Progress: 30/50 ads processed
2025-06-01 06:43:50,951 - INFO - Progress: 40/50 ads processed
2025-06-01 06:43:55,836 - INFO - Progress: 50/50 ads processed
2025-06-01 06:43:55,866 - INFO - Created backup of existing data file at unegui_data/unegui_rental_data.csv.bak
2025-06-01 06:43:55,979 - INFO - Data saved to unegui_data/unegui_rental_data.csv: 9750 records
2025-06-01 06:43:56,295 - INFO - Cache saved with 9996 URLs
2025-06-01 06:43:56,295 - INFO - Saved batch data. Total records: 9750
2025-06-01 06:43:56,296 - INFO - Processing batch 2/3 (50 links)
2025-06-01 06:44:01,864 - INFO - Progress: 10/50 ads processed
2025-06-01 06:44:06,539 - INFO - Progress: 20/50 ads processed
2025-06-01 06:44:11,368 - INFO - Progress: 30/50 ads processed
2025-06-01 06:44:16,658 - INFO - Progress: 40/50 ads processed
2025-06-01 06:44:21,619 - INFO - Progress: 50/50 ads processed
2025-06-01 06:44:21,649 - INFO - Created backup of existing data file at unegui_data/unegui_rental_data.csv.bak
2025-06-01 06:44:21,763 - INFO - Data saved to unegui_data/unegui_rental_data.csv: 9798 records
2025-06-01 06:44:22,081 - INFO - Cache saved with 10046 URLs
2025-06-01 06:44:22,081 - INFO - Saved batch data. Total records: 9798
2025-06-01 06:44:22,081 - INFO - Processing batch 3/3 (4 links)
2025-06-01 06:44:24,699 - INFO - Progress: 4/4 ads processed
2025-06-01 06:44:24,729 - INFO - Created backup of existing data file at unegui_data/unegui_rental_data.csv.bak
2025-06-01 06:44:24,842 - INFO - Data saved to unegui_data/unegui_rental_data.csv: 9802 records
2025-06-01 06:44:25,161 - INFO - Cache saved with 10050 URLs
2025-06-01 06:44:25,161 - INFO - Saved batch data. Total records: 9802
2025-06-01 06:44:25,161 - INFO - Scraping completed in 0:02:46.155467. Total ads collected: 9802
