2025-06-26 06:46:23,441 - INFO - Starting rental apartment scraper at 2025-06-26 06:46:23.441336
2025-06-26 06:46:23,572 - INFO - Loaded existing data from unegui_data/unegui_rental_data.csv: 15376 records
2025-06-26 06:46:23,734 - INFO - Loaded 15376 existing records
2025-06-26 06:46:23,736 - INFO - Scraping page 1...
2025-06-26 06:46:23,736 - INFO - Scraping page 2...
2025-06-26 06:46:23,737 - INFO - Scraping page 3...
2025-06-26 06:46:27,111 - INFO - Found 60 links on page 2
2025-06-26 06:46:27,112 - INFO - Scraping page 4...
2025-06-26 06:46:27,618 - INFO - Found 60 links on page 3
2025-06-26 06:46:27,618 - INFO - Scraping page 5...
2025-06-26 06:46:28,315 - INFO - Found 60 links on page 1
2025-06-26 06:46:28,315 - INFO - Scraping page 6...
2025-06-26 06:46:30,989 - INFO - Found 60 links on page 5
2025-06-26 06:46:30,999 - INFO - Scraping page 7...
2025-06-26 06:46:31,100 - INFO - Found 60 links on page 4
2025-06-26 06:46:31,100 - INFO - Scraping page 8...
2025-06-26 06:46:31,668 - INFO - Found 60 links on page 6
2025-06-26 06:46:31,668 - INFO - Scraping page 9...
2025-06-26 06:46:34,533 - INFO - Found 60 links on page 7
2025-06-26 06:46:34,533 - INFO - Scraping page 10...
2025-06-26 06:46:34,744 - INFO - Found 60 links on page 8
2025-06-26 06:46:34,745 - INFO - Scraping page 11...
2025-06-26 06:46:35,931 - INFO - Found 60 links on page 9
2025-06-26 06:46:35,931 - INFO - Scraping page 12...
2025-06-26 06:46:37,946 - INFO - Found 60 links on page 10
2025-06-26 06:46:37,946 - INFO - Scraping page 13...
2025-06-26 06:46:38,485 - INFO - Found 60 links on page 11
2025-06-26 06:46:38,485 - INFO - Scraping page 14...
2025-06-26 06:46:39,599 - INFO - Found 60 links on page 12
2025-06-26 06:46:39,599 - INFO - Scraping page 15...
2025-06-26 06:46:41,257 - INFO - Found 60 links on page 13
2025-06-26 06:46:41,258 - INFO - Scraping page 16...
2025-06-26 06:46:42,018 - INFO - Found 60 links on page 14
2025-06-26 06:46:42,018 - INFO - Scraping page 17...
2025-06-26 06:46:43,116 - INFO - Found 60 links on page 15
2025-06-26 06:46:43,116 - INFO - Scraping page 18...
2025-06-26 06:46:44,584 - INFO - Found 60 links on page 16
2025-06-26 06:46:44,584 - INFO - Scraping page 19...
2025-06-26 06:46:45,267 - INFO - Found 60 links on page 17
2025-06-26 06:46:45,268 - INFO - Scraping page 20...
2025-06-26 06:46:46,541 - INFO - Found 60 links on page 18
2025-06-26 06:46:46,542 - INFO - Scraping page 21...
2025-06-26 06:46:48,052 - INFO - Found 60 links on page 19
2025-06-26 06:46:48,052 - INFO - Scraping page 22...
2025-06-26 06:46:48,533 - INFO - Found 60 links on page 20
2025-06-26 06:46:48,533 - INFO - Scraping page 23...
2025-06-26 06:46:50,328 - INFO - Found 60 links on page 21
2025-06-26 06:46:50,328 - INFO - Scraping page 24...
2025-06-26 06:46:51,761 - INFO - Found 60 links on page 22
2025-06-26 06:46:51,762 - INFO - Scraping page 25...
2025-06-26 06:46:51,946 - INFO - Found 60 links on page 23
2025-06-26 06:46:51,946 - INFO - Scraping page 26...
2025-06-26 06:46:54,422 - INFO - Found 60 links on page 24
2025-06-26 06:46:54,422 - INFO - Scraping page 27...
2025-06-26 06:46:55,601 - INFO - Found 60 links on page 25
2025-06-26 06:46:55,611 - INFO - Scraping page 28...
2025-06-26 06:46:55,695 - INFO - Found 60 links on page 26
2025-06-26 06:46:55,695 - INFO - Scraping page 29...
2025-06-26 06:46:57,958 - INFO - Found 60 links on page 27
2025-06-26 06:46:57,958 - INFO - Scraping page 30...
2025-06-26 06:46:59,123 - INFO - Found 60 links on page 29
2025-06-26 06:46:59,123 - INFO - Scraping page 31...
2025-06-26 06:46:59,357 - INFO - Found 60 links on page 28
2025-06-26 06:46:59,357 - INFO - Scraping page 32...
2025-06-26 06:47:01,955 - INFO - Found 60 links on page 30
2025-06-26 06:47:01,955 - INFO - Scraping page 33...
2025-06-26 06:47:02,574 - INFO - Found 60 links on page 31
2025-06-26 06:47:02,574 - INFO - Scraping page 34...
2025-06-26 06:47:02,755 - INFO - Found 60 links on page 32
2025-06-26 06:47:02,755 - INFO - Scraping page 35...
2025-06-26 06:47:05,410 - INFO - Found 60 links on page 33
2025-06-26 06:47:05,410 - INFO - Scraping page 36...
2025-06-26 06:47:06,422 - INFO - Found 60 links on page 35
2025-06-26 06:47:06,422 - INFO - Scraping page 37...
2025-06-26 06:47:06,657 - INFO - Found 60 links on page 34
2025-06-26 06:47:06,657 - INFO - Scraping page 38...
2025-06-26 06:47:08,804 - INFO - Found 60 links on page 36
2025-06-26 06:47:08,804 - INFO - Scraping page 39...
2025-06-26 06:47:10,000 - INFO - Found 60 links on page 37
2025-06-26 06:47:10,000 - INFO - Scraping page 40...
2025-06-26 06:47:10,969 - INFO - Found 60 links on page 38
2025-06-26 06:47:10,969 - INFO - Scraping page 41...
2025-06-26 06:47:12,891 - INFO - Found 60 links on page 39
2025-06-26 06:47:12,891 - INFO - Scraping page 42...
2025-06-26 06:47:13,607 - INFO - Found 60 links on page 40
2025-06-26 06:47:13,607 - INFO - Scraping page 43...
2025-06-26 06:47:14,736 - INFO - Found 60 links on page 41
2025-06-26 06:47:14,736 - INFO - Scraping page 44...
2025-06-26 06:47:16,285 - INFO - Found 60 links on page 42
2025-06-26 06:47:16,285 - INFO - Scraping page 45...
2025-06-26 06:47:16,820 - INFO - Found 60 links on page 43
2025-06-26 06:47:16,820 - INFO - Scraping page 46...
2025-06-26 06:47:18,624 - INFO - Found 60 links on page 44
2025-06-26 06:47:18,625 - INFO - Scraping page 47...
2025-06-26 06:47:20,048 - INFO - Found 60 links on page 45
2025-06-26 06:47:20,049 - INFO - Scraping page 48...
2025-06-26 06:47:20,845 - INFO - Found 60 links on page 46
2025-06-26 06:47:20,845 - INFO - Scraping page 49...
2025-06-26 06:47:22,281 - INFO - Found 60 links on page 47
2025-06-26 06:47:22,281 - INFO - Scraping page 50...
2025-06-26 06:47:23,876 - INFO - Found 60 links on page 48
2025-06-26 06:47:23,876 - INFO - Scraping page 51...
2025-06-26 06:47:24,345 - INFO - Found 60 links on page 49
2025-06-26 06:47:24,345 - INFO - Scraping page 52...
2025-06-26 06:47:25,796 - INFO - Found 60 links on page 50
2025-06-26 06:47:25,797 - INFO - Scraping page 53...
2025-06-26 06:47:27,507 - INFO - Found 60 links on page 51
2025-06-26 06:47:27,508 - INFO - Scraping page 54...
2025-06-26 06:47:27,798 - INFO - Found 60 links on page 52
2025-06-26 06:47:27,798 - INFO - Scraping page 55...
2025-06-26 06:47:29,416 - INFO - Found 60 links on page 53
2025-06-26 06:47:29,416 - INFO - Scraping page 56...
2025-06-26 06:47:30,983 - INFO - Found 60 links on page 54
2025-06-26 06:47:30,988 - INFO - Scraping page 57...
2025-06-26 06:47:31,138 - INFO - Found 60 links on page 55
2025-06-26 06:47:31,138 - INFO - Scraping page 58...
2025-06-26 06:47:32,650 - INFO - Found 60 links on page 56
2025-06-26 06:47:32,650 - INFO - Scraping page 59...
2025-06-26 06:47:34,482 - INFO - Found 60 links on page 58
2025-06-26 06:47:34,492 - INFO - Scraping page 60...
2025-06-26 06:47:34,637 - INFO - Found 60 links on page 57
2025-06-26 06:47:34,637 - INFO - Scraping page 61...
2025-06-26 06:47:36,460 - INFO - Found 60 links on page 59
2025-06-26 06:47:36,461 - INFO - Scraping page 62...
2025-06-26 06:47:38,171 - INFO - Found 60 links on page 60
2025-06-26 06:47:38,171 - INFO - Scraping page 63...
2025-06-26 06:47:39,233 - INFO - Found 60 links on page 61
2025-06-26 06:47:39,233 - INFO - Scraping page 64...
2025-06-26 06:47:40,113 - INFO - Found 60 links on page 62
2025-06-26 06:47:40,114 - INFO - Scraping page 65...
2025-06-26 06:47:41,538 - INFO - Found 60 links on page 63
2025-06-26 06:47:41,538 - INFO - Scraping page 66...
2025-06-26 06:47:42,730 - INFO - Found 60 links on page 64
2025-06-26 06:47:42,730 - INFO - Scraping page 67...
2025-06-26 06:47:43,603 - INFO - Found 60 links on page 65
2025-06-26 06:47:43,603 - INFO - Scraping page 68...
2025-06-26 06:47:45,273 - INFO - Found 60 links on page 66
2025-06-26 06:47:45,273 - INFO - Scraping page 69...
2025-06-26 06:47:46,217 - INFO - Found 60 links on page 67
2025-06-26 06:47:46,217 - INFO - Scraping page 70...
2025-06-26 06:47:47,307 - INFO - Found 60 links on page 68
2025-06-26 06:47:47,307 - INFO - Scraping page 71...
2025-06-26 06:47:48,871 - INFO - Found 60 links on page 69
2025-06-26 06:47:48,871 - INFO - Scraping page 72...
2025-06-26 06:47:50,091 - INFO - Found 60 links on page 70
2025-06-26 06:47:50,091 - INFO - Scraping page 73...
2025-06-26 06:47:50,836 - INFO - Found 60 links on page 71
2025-06-26 06:47:50,836 - INFO - Scraping page 74...
2025-06-26 06:47:52,643 - INFO - Found 60 links on page 72
2025-06-26 06:47:52,644 - INFO - Scraping page 75...
2025-06-26 06:47:53,648 - INFO - Found 60 links on page 73
2025-06-26 06:47:53,648 - INFO - Scraping page 76...
2025-06-26 06:47:54,171 - INFO - Found 60 links on page 74
2025-06-26 06:47:54,171 - INFO - Scraping page 77...
2025-06-26 06:47:56,397 - INFO - Found 60 links on page 75
2025-06-26 06:47:56,398 - INFO - Scraping page 78...
2025-06-26 06:47:56,875 - INFO - Found 60 links on page 76
2025-06-26 06:47:56,875 - INFO - Scraping page 79...
2025-06-26 06:47:57,431 - INFO - Found 60 links on page 77
2025-06-26 06:47:57,431 - INFO - Scraping page 80...
2025-06-26 06:47:59,954 - INFO - Found 60 links on page 78
2025-06-26 06:47:59,955 - INFO - Scraping page 81...
2025-06-26 06:48:00,682 - INFO - Found 60 links on page 79
2025-06-26 06:48:00,687 - INFO - Scraping page 82...
2025-06-26 06:48:00,857 - INFO - Found 60 links on page 80
2025-06-26 06:48:00,857 - INFO - Scraping page 83...
2025-06-26 06:48:03,362 - INFO - Found 60 links on page 81
2025-06-26 06:48:03,362 - INFO - Scraping page 84...
2025-06-26 06:48:04,502 - INFO - Found 60 links on page 83
2025-06-26 06:48:04,502 - INFO - Scraping page 85...
2025-06-26 06:48:05,188 - INFO - Found 60 links on page 82
2025-06-26 06:48:05,188 - INFO - Scraping page 86...
2025-06-26 06:48:06,547 - INFO - Found 60 links on page 84
2025-06-26 06:48:06,548 - INFO - Scraping page 87...
2025-06-26 06:48:07,744 - INFO - Found 60 links on page 85
2025-06-26 06:48:07,744 - INFO - Scraping page 88...
2025-06-26 06:48:08,489 - INFO - Found 60 links on page 86
2025-06-26 06:48:08,489 - INFO - Scraping page 89...
2025-06-26 06:48:10,551 - INFO - Found 60 links on page 87
2025-06-26 06:48:10,552 - INFO - Scraping page 90...
2025-06-26 06:48:11,096 - INFO - Found 60 links on page 88
2025-06-26 06:48:11,734 - INFO - Found 60 links on page 89
2025-06-26 06:48:14,427 - INFO - Found 60 links on page 90
2025-06-26 06:48:14,431 - INFO - Found 236 new links to scrape out of 5400 total links
2025-06-26 06:48:14,431 - INFO - Processing batch 1/5 (50 links)
2025-06-26 06:48:19,886 - INFO - Progress: 10/50 ads processed
2025-06-26 06:48:24,808 - INFO - Progress: 20/50 ads processed
2025-06-26 06:48:30,011 - INFO - Progress: 30/50 ads processed
2025-06-26 06:48:35,566 - INFO - Progress: 40/50 ads processed
2025-06-26 06:48:40,197 - INFO - Progress: 50/50 ads processed
2025-06-26 06:48:40,241 - INFO - Created backup of existing data file at unegui_data/unegui_rental_data.csv.bak
2025-06-26 06:48:40,420 - INFO - Data saved to unegui_data/unegui_rental_data.csv: 15424 records
2025-06-26 06:48:40,922 - INFO - Cache saved with 15815 URLs
2025-06-26 06:48:40,922 - INFO - Saved batch data. Total records: 15424
2025-06-26 06:48:40,922 - INFO - Processing batch 2/5 (50 links)
2025-06-26 06:48:46,302 - INFO - Progress: 10/50 ads processed
2025-06-26 06:48:51,135 - INFO - Progress: 20/50 ads processed
2025-06-26 06:48:56,169 - INFO - Progress: 30/50 ads processed
2025-06-26 06:49:01,610 - INFO - Progress: 40/50 ads processed
2025-06-26 06:49:06,126 - INFO - Progress: 50/50 ads processed
2025-06-26 06:49:06,171 - INFO - Created backup of existing data file at unegui_data/unegui_rental_data.csv.bak
2025-06-26 06:49:06,351 - INFO - Data saved to unegui_data/unegui_rental_data.csv: 15473 records
2025-06-26 06:49:06,862 - INFO - Cache saved with 15865 URLs
2025-06-26 06:49:06,862 - INFO - Saved batch data. Total records: 15473
2025-06-26 06:49:06,862 - INFO - Processing batch 3/5 (50 links)
2025-06-26 06:49:12,075 - INFO - Progress: 10/50 ads processed
2025-06-26 06:49:17,618 - INFO - Progress: 20/50 ads processed
2025-06-26 06:49:22,867 - INFO - Progress: 30/50 ads processed
2025-06-26 06:49:27,612 - INFO - Progress: 40/50 ads processed
2025-06-26 06:49:32,231 - INFO - Progress: 50/50 ads processed
2025-06-26 06:49:32,276 - INFO - Created backup of existing data file at unegui_data/unegui_rental_data.csv.bak
2025-06-26 06:49:32,456 - INFO - Data saved to unegui_data/unegui_rental_data.csv: 15523 records
2025-06-26 06:49:32,962 - INFO - Cache saved with 15915 URLs
2025-06-26 06:49:32,962 - INFO - Saved batch data. Total records: 15523
2025-06-26 06:49:32,962 - INFO - Processing batch 4/5 (50 links)
2025-06-26 06:49:38,156 - INFO - Progress: 10/50 ads processed
2025-06-26 06:49:43,331 - INFO - Progress: 20/50 ads processed
2025-06-26 06:49:48,525 - INFO - Progress: 30/50 ads processed
2025-06-26 06:49:53,749 - INFO - Progress: 40/50 ads processed
2025-06-26 06:49:58,698 - INFO - Progress: 50/50 ads processed
2025-06-26 06:49:58,745 - INFO - Created backup of existing data file at unegui_data/unegui_rental_data.csv.bak
2025-06-26 06:49:58,928 - INFO - Data saved to unegui_data/unegui_rental_data.csv: 15571 records
2025-06-26 06:49:59,434 - INFO - Cache saved with 15965 URLs
2025-06-26 06:49:59,434 - INFO - Saved batch data. Total records: 15571
2025-06-26 06:49:59,434 - INFO - Processing batch 5/5 (36 links)
2025-06-26 06:50:04,476 - INFO - Progress: 10/36 ads processed
2025-06-26 06:50:09,392 - INFO - Progress: 20/36 ads processed
2025-06-26 06:50:14,422 - INFO - Progress: 30/36 ads processed
2025-06-26 06:50:18,802 - INFO - Progress: 36/36 ads processed
2025-06-26 06:50:18,848 - INFO - Created backup of existing data file at unegui_data/unegui_rental_data.csv.bak
2025-06-26 06:50:19,033 - INFO - Data saved to unegui_data/unegui_rental_data.csv: 15606 records
2025-06-26 06:50:19,545 - INFO - Cache saved with 16001 URLs
2025-06-26 06:50:19,545 - INFO - Saved batch data. Total records: 15606
2025-06-26 06:50:19,545 - INFO - Scraping completed in 0:03:56.104491. Total ads collected: 15606
