2025-06-25 06:47:05,536 - INFO - Starting rental apartment scraper at 2025-06-25 06:47:05.535979
2025-06-25 06:47:05,673 - INFO - Loaded existing data from unegui_data/unegui_rental_data.csv: 15120 records
2025-06-25 06:47:05,832 - INFO - Loaded 15120 existing records
2025-06-25 06:47:05,835 - INFO - Scraping page 1...
2025-06-25 06:47:05,835 - INFO - Scraping page 2...
2025-06-25 06:47:05,835 - INFO - Scraping page 3...
2025-06-25 06:47:09,513 - INFO - Found 60 links on page 1
2025-06-25 06:47:09,513 - INFO - Scraping page 4...
2025-06-25 06:47:09,692 - INFO - Found 60 links on page 2
2025-06-25 06:47:09,692 - INFO - Scraping page 5...
2025-06-25 06:47:10,007 - INFO - Found 60 links on page 3
2025-06-25 06:47:10,007 - INFO - Scraping page 6...
2025-06-25 06:47:13,149 - INFO - Found 60 links on page 4
2025-06-25 06:47:13,149 - INFO - Scraping page 7...
2025-06-25 06:47:13,554 - INFO - Found 60 links on page 6
2025-06-25 06:47:13,554 - INFO - Scraping page 8...
2025-06-25 06:47:13,821 - INFO - Found 60 links on page 5
2025-06-25 06:47:13,821 - INFO - Scraping page 9...
2025-06-25 06:47:17,072 - INFO - Found 60 links on page 8
2025-06-25 06:47:17,072 - INFO - Scraping page 10...
2025-06-25 06:47:17,316 - INFO - Found 60 links on page 7
2025-06-25 06:47:17,316 - INFO - Scraping page 11...
2025-06-25 06:47:17,682 - INFO - Found 60 links on page 9
2025-06-25 06:47:17,683 - INFO - Scraping page 12...
2025-06-25 06:47:20,729 - INFO - Found 60 links on page 11
2025-06-25 06:47:20,730 - INFO - Scraping page 13...
2025-06-25 06:47:20,994 - INFO - Found 60 links on page 10
2025-06-25 06:47:20,994 - INFO - Scraping page 14...
2025-06-25 06:47:21,174 - INFO - Found 60 links on page 12
2025-06-25 06:47:21,174 - INFO - Scraping page 15...
2025-06-25 06:47:24,238 - INFO - Found 60 links on page 13
2025-06-25 06:47:24,238 - INFO - Scraping page 16...
2025-06-25 06:47:24,519 - INFO - Found 60 links on page 14
2025-06-25 06:47:24,519 - INFO - Scraping page 17...
2025-06-25 06:47:25,459 - INFO - Found 60 links on page 15
2025-06-25 06:47:25,459 - INFO - Scraping page 18...
2025-06-25 06:47:27,706 - INFO - Found 60 links on page 16
2025-06-25 06:47:27,706 - INFO - Scraping page 19...
2025-06-25 06:47:28,833 - INFO - Found 60 links on page 17
2025-06-25 06:47:28,838 - INFO - Scraping page 20...
2025-06-25 06:47:29,015 - INFO - Found 60 links on page 18
2025-06-25 06:47:29,015 - INFO - Scraping page 21...
2025-06-25 06:47:31,558 - INFO - Found 60 links on page 19
2025-06-25 06:47:31,558 - INFO - Scraping page 22...
2025-06-25 06:47:32,288 - INFO - Found 60 links on page 20
2025-06-25 06:47:32,289 - INFO - Scraping page 23...
2025-06-25 06:47:32,717 - INFO - Found 60 links on page 21
2025-06-25 06:47:32,717 - INFO - Scraping page 24...
2025-06-25 06:47:35,252 - INFO - Found 60 links on page 22
2025-06-25 06:47:35,253 - INFO - Scraping page 25...
2025-06-25 06:47:36,088 - INFO - Found 60 links on page 23
2025-06-25 06:47:36,088 - INFO - Scraping page 26...
2025-06-25 06:47:36,290 - INFO - Found 60 links on page 24
2025-06-25 06:47:36,291 - INFO - Scraping page 27...
2025-06-25 06:47:38,971 - INFO - Found 60 links on page 25
2025-06-25 06:47:38,971 - INFO - Scraping page 28...
2025-06-25 06:47:39,584 - INFO - Found 60 links on page 26
2025-06-25 06:47:39,584 - INFO - Scraping page 29...
2025-06-25 06:47:39,908 - INFO - Found 60 links on page 27
2025-06-25 06:47:39,908 - INFO - Scraping page 30...
2025-06-25 06:47:42,747 - INFO - Found 60 links on page 28
2025-06-25 06:47:42,747 - INFO - Scraping page 31...
2025-06-25 06:47:43,205 - INFO - Found 60 links on page 29
2025-06-25 06:47:43,205 - INFO - Scraping page 32...
2025-06-25 06:47:44,441 - INFO - Found 60 links on page 30
2025-06-25 06:47:44,442 - INFO - Scraping page 33...
2025-06-25 06:47:46,609 - INFO - Found 60 links on page 31
2025-06-25 06:47:46,609 - INFO - Scraping page 34...
2025-06-25 06:47:46,922 - INFO - Found 60 links on page 32
2025-06-25 06:47:46,922 - INFO - Scraping page 35...
2025-06-25 06:47:48,258 - INFO - Found 60 links on page 33
2025-06-25 06:47:48,259 - INFO - Scraping page 36...
2025-06-25 06:47:50,035 - INFO - Found 60 links on page 34
2025-06-25 06:47:50,035 - INFO - Scraping page 37...
2025-06-25 06:47:50,719 - INFO - Found 60 links on page 35
2025-06-25 06:47:50,719 - INFO - Scraping page 38...
2025-06-25 06:47:51,523 - INFO - Found 60 links on page 36
2025-06-25 06:47:51,523 - INFO - Scraping page 39...
2025-06-25 06:47:53,623 - INFO - Found 60 links on page 37
2025-06-25 06:47:53,623 - INFO - Scraping page 40...
2025-06-25 06:47:53,980 - INFO - Found 60 links on page 38
2025-06-25 06:47:53,980 - INFO - Scraping page 41...
2025-06-25 06:47:55,012 - INFO - Found 60 links on page 39
2025-06-25 06:47:55,012 - INFO - Scraping page 42...
2025-06-25 06:47:56,997 - INFO - Found 60 links on page 40
2025-06-25 06:47:56,997 - INFO - Scraping page 43...
2025-06-25 06:47:57,782 - INFO - Found 60 links on page 41
2025-06-25 06:47:57,782 - INFO - Scraping page 44...
2025-06-25 06:47:59,413 - INFO - Found 60 links on page 42
2025-06-25 06:47:59,413 - INFO - Scraping page 45...
2025-06-25 06:48:00,847 - INFO - Found 60 links on page 43
2025-06-25 06:48:00,847 - INFO - Scraping page 46...
2025-06-25 06:48:01,200 - INFO - Found 60 links on page 44
2025-06-25 06:48:01,200 - INFO - Scraping page 47...
2025-06-25 06:48:03,150 - INFO - Found 60 links on page 45
2025-06-25 06:48:03,150 - INFO - Scraping page 48...
2025-06-25 06:48:04,487 - INFO - Found 60 links on page 46
2025-06-25 06:48:04,487 - INFO - Scraping page 49...
2025-06-25 06:48:04,656 - INFO - Found 60 links on page 47
2025-06-25 06:48:04,656 - INFO - Scraping page 50...
2025-06-25 06:48:06,791 - INFO - Found 60 links on page 48
2025-06-25 06:48:06,791 - INFO - Scraping page 51...
2025-06-25 06:48:08,356 - INFO - Found 60 links on page 50
2025-06-25 06:48:08,356 - INFO - Scraping page 52...
2025-06-25 06:48:08,695 - INFO - Found 60 links on page 49
2025-06-25 06:48:08,695 - INFO - Scraping page 53...
2025-06-25 06:48:10,357 - INFO - Found 60 links on page 51
2025-06-25 06:48:10,357 - INFO - Scraping page 54...
2025-06-25 06:48:11,687 - INFO - Found 60 links on page 52
2025-06-25 06:48:11,687 - INFO - Scraping page 55...
2025-06-25 06:48:12,332 - INFO - Found 60 links on page 53
2025-06-25 06:48:12,332 - INFO - Scraping page 56...
2025-06-25 06:48:13,872 - INFO - Found 60 links on page 54
2025-06-25 06:48:13,873 - INFO - Scraping page 57...
2025-06-25 06:48:15,998 - INFO - Found 60 links on page 56
2025-06-25 06:48:15,998 - INFO - Scraping page 58...
2025-06-25 06:48:16,569 - INFO - Found 60 links on page 55
2025-06-25 06:48:16,570 - INFO - Scraping page 59...
2025-06-25 06:48:17,449 - INFO - Found 60 links on page 57
2025-06-25 06:48:17,449 - INFO - Scraping page 60...
2025-06-25 06:48:19,453 - INFO - Found 60 links on page 58
2025-06-25 06:48:19,453 - INFO - Scraping page 61...
2025-06-25 06:48:20,274 - INFO - Found 60 links on page 59
2025-06-25 06:48:20,274 - INFO - Scraping page 62...
2025-06-25 06:48:21,345 - INFO - Found 60 links on page 60
2025-06-25 06:48:21,345 - INFO - Scraping page 63...
2025-06-25 06:48:23,669 - INFO - Found 60 links on page 61
2025-06-25 06:48:23,679 - INFO - Scraping page 64...
2025-06-25 06:48:23,818 - INFO - Found 60 links on page 62
2025-06-25 06:48:23,818 - INFO - Scraping page 65...
2025-06-25 06:48:25,171 - INFO - Found 60 links on page 63
2025-06-25 06:48:25,171 - INFO - Scraping page 66...
2025-06-25 06:48:27,677 - INFO - Found 60 links on page 65
2025-06-25 06:48:27,677 - INFO - Scraping page 67...
2025-06-25 06:48:27,920 - INFO - Found 60 links on page 64
2025-06-25 06:48:27,920 - INFO - Scraping page 68...
2025-06-25 06:48:28,651 - INFO - Found 60 links on page 66
2025-06-25 06:48:28,651 - INFO - Scraping page 69...
2025-06-25 06:48:31,098 - INFO - Found 60 links on page 67
2025-06-25 06:48:31,098 - INFO - Scraping page 70...
2025-06-25 06:48:31,386 - INFO - Found 60 links on page 68
2025-06-25 06:48:31,387 - INFO - Scraping page 71...
2025-06-25 06:48:32,404 - INFO - Found 60 links on page 69
2025-06-25 06:48:32,404 - INFO - Scraping page 72...
2025-06-25 06:48:34,979 - INFO - Found 60 links on page 70
2025-06-25 06:48:34,984 - INFO - Scraping page 73...
2025-06-25 06:48:35,133 - INFO - Found 60 links on page 71
2025-06-25 06:48:35,133 - INFO - Scraping page 74...
2025-06-25 06:48:35,961 - INFO - Found 60 links on page 72
2025-06-25 06:48:35,962 - INFO - Scraping page 75...
2025-06-25 06:48:38,771 - INFO - Found 60 links on page 74
2025-06-25 06:48:38,772 - INFO - Scraping page 76...
2025-06-25 06:48:39,035 - INFO - Found 60 links on page 73
2025-06-25 06:48:39,035 - INFO - Scraping page 77...
2025-06-25 06:48:39,575 - INFO - Found 60 links on page 75
2025-06-25 06:48:39,575 - INFO - Scraping page 78...
2025-06-25 06:48:42,143 - INFO - Found 60 links on page 76
2025-06-25 06:48:42,143 - INFO - Scraping page 79...
2025-06-25 06:48:42,650 - INFO - Found 60 links on page 77
2025-06-25 06:48:42,650 - INFO - Scraping page 80...
2025-06-25 06:48:42,814 - INFO - Found 60 links on page 78
2025-06-25 06:48:42,815 - INFO - Scraping page 81...
2025-06-25 06:48:45,924 - INFO - Found 60 links on page 79
2025-06-25 06:48:45,924 - INFO - Scraping page 82...
2025-06-25 06:48:46,100 - INFO - Found 60 links on page 81
2025-06-25 06:48:46,100 - INFO - Scraping page 83...
2025-06-25 06:48:46,411 - INFO - Found 60 links on page 80
2025-06-25 06:48:46,411 - INFO - Scraping page 84...
2025-06-25 06:48:49,464 - INFO - Found 60 links on page 82
2025-06-25 06:48:49,464 - INFO - Scraping page 85...
2025-06-25 06:48:49,678 - INFO - Found 60 links on page 83
2025-06-25 06:48:49,678 - INFO - Scraping page 86...
2025-06-25 06:48:49,902 - INFO - Found 60 links on page 84
2025-06-25 06:48:49,902 - INFO - Scraping page 87...
2025-06-25 06:48:52,931 - INFO - Found 60 links on page 85
2025-06-25 06:48:52,931 - INFO - Scraping page 88...
2025-06-25 06:48:53,104 - INFO - Found 60 links on page 86
2025-06-25 06:48:53,104 - INFO - Scraping page 89...
2025-06-25 06:48:53,506 - INFO - Found 60 links on page 87
2025-06-25 06:48:53,506 - INFO - Scraping page 90...
2025-06-25 06:48:56,663 - INFO - Found 60 links on page 88
2025-06-25 06:48:56,914 - INFO - Found 60 links on page 90
2025-06-25 06:48:57,112 - INFO - Found 60 links on page 89
2025-06-25 06:48:57,116 - INFO - Found 262 new links to scrape out of 5400 total links
2025-06-25 06:48:57,116 - INFO - Processing batch 1/6 (50 links)
2025-06-25 06:49:03,129 - INFO - Progress: 10/50 ads processed
2025-06-25 06:49:09,003 - INFO - Progress: 20/50 ads processed
2025-06-25 06:49:13,951 - INFO - Progress: 30/50 ads processed
2025-06-25 06:49:19,016 - INFO - Progress: 40/50 ads processed
2025-06-25 06:49:24,287 - INFO - Progress: 50/50 ads processed
2025-06-25 06:49:24,331 - INFO - Created backup of existing data file at unegui_data/unegui_rental_data.csv.bak
2025-06-25 06:49:24,506 - INFO - Data saved to unegui_data/unegui_rental_data.csv: 15168 records
2025-06-25 06:49:24,998 - INFO - Cache saved with 15554 URLs
2025-06-25 06:49:24,998 - INFO - Saved batch data. Total records: 15168
2025-06-25 06:49:24,998 - INFO - Processing batch 2/6 (50 links)
2025-06-25 06:49:30,470 - INFO - Progress: 10/50 ads processed
2025-06-25 06:49:35,817 - INFO - Progress: 20/50 ads processed
2025-06-25 06:49:40,365 - INFO - Progress: 30/50 ads processed
2025-06-25 06:49:44,967 - INFO - Progress: 40/50 ads processed
2025-06-25 06:49:50,484 - INFO - Progress: 50/50 ads processed
2025-06-25 06:49:50,528 - INFO - Created backup of existing data file at unegui_data/unegui_rental_data.csv.bak
2025-06-25 06:49:50,705 - INFO - Data saved to unegui_data/unegui_rental_data.csv: 15218 records
2025-06-25 06:49:51,202 - INFO - Cache saved with 15604 URLs
2025-06-25 06:49:51,202 - INFO - Saved batch data. Total records: 15218
2025-06-25 06:49:51,202 - INFO - Processing batch 3/6 (50 links)
2025-06-25 06:49:56,837 - INFO - Progress: 10/50 ads processed
2025-06-25 06:50:02,144 - INFO - Progress: 20/50 ads processed
2025-06-25 06:50:07,260 - INFO - Progress: 30/50 ads processed
2025-06-25 06:50:12,100 - INFO - Progress: 40/50 ads processed
2025-06-25 06:50:17,505 - INFO - Progress: 50/50 ads processed
2025-06-25 06:50:17,550 - INFO - Created backup of existing data file at unegui_data/unegui_rental_data.csv.bak
2025-06-25 06:50:17,728 - INFO - Data saved to unegui_data/unegui_rental_data.csv: 15267 records
2025-06-25 06:50:18,221 - INFO - Cache saved with 15654 URLs
2025-06-25 06:50:18,222 - INFO - Saved batch data. Total records: 15267
2025-06-25 06:50:18,222 - INFO - Processing batch 4/6 (50 links)
2025-06-25 06:50:23,584 - INFO - Progress: 10/50 ads processed
2025-06-25 06:50:28,264 - INFO - Progress: 20/50 ads processed
2025-06-25 06:50:33,430 - INFO - Progress: 30/50 ads processed
2025-06-25 06:50:38,954 - INFO - Progress: 40/50 ads processed
2025-06-25 06:50:43,659 - INFO - Progress: 50/50 ads processed
2025-06-25 06:50:43,704 - INFO - Created backup of existing data file at unegui_data/unegui_rental_data.csv.bak
2025-06-25 06:50:43,881 - INFO - Data saved to unegui_data/unegui_rental_data.csv: 15317 records
2025-06-25 06:50:44,381 - INFO - Cache saved with 15704 URLs
2025-06-25 06:50:44,382 - INFO - Saved batch data. Total records: 15317
2025-06-25 06:50:44,382 - INFO - Processing batch 5/6 (50 links)
2025-06-25 06:50:51,057 - INFO - Progress: 10/50 ads processed
2025-06-25 06:50:55,843 - INFO - Progress: 20/50 ads processed
2025-06-25 06:51:01,092 - INFO - Progress: 30/50 ads processed
2025-06-25 06:51:05,973 - INFO - Progress: 40/50 ads processed
2025-06-25 06:51:10,865 - INFO - Progress: 50/50 ads processed
2025-06-25 06:51:10,912 - INFO - Created backup of existing data file at unegui_data/unegui_rental_data.csv.bak
2025-06-25 06:51:11,091 - INFO - Data saved to unegui_data/unegui_rental_data.csv: 15364 records
2025-06-25 06:51:11,605 - INFO - Cache saved with 15753 URLs
2025-06-25 06:51:11,605 - INFO - Saved batch data. Total records: 15365
2025-06-25 06:51:11,605 - INFO - Processing batch 6/6 (12 links)
2025-06-25 06:51:16,715 - INFO - Progress: 10/12 ads processed
2025-06-25 06:51:18,931 - INFO - Progress: 12/12 ads processed
2025-06-25 06:51:18,977 - INFO - Created backup of existing data file at unegui_data/unegui_rental_data.csv.bak
2025-06-25 06:51:19,156 - INFO - Data saved to unegui_data/unegui_rental_data.csv: 15376 records
2025-06-25 06:51:19,645 - INFO - Cache saved with 15765 URLs
2025-06-25 06:51:19,645 - INFO - Saved batch data. Total records: 15377
2025-06-25 06:51:19,646 - INFO - Scraping completed in 0:04:14.110054. Total ads collected: 15377
