2025-05-29 06:45:18,633 - INFO - Starting rental apartment scraper at 2025-05-29 06:45:18.633370
2025-05-29 06:45:18,713 - INFO - Loaded existing data from unegui_data/unegui_rental_data.csv: 9046 records
2025-05-29 06:45:18,808 - INFO - Loaded 9046 existing records
2025-05-29 06:45:18,810 - INFO - Scraping page 1...
2025-05-29 06:45:18,810 - INFO - Scraping page 2...
2025-05-29 06:45:18,810 - INFO - Scraping page 3...
2025-05-29 06:45:23,139 - INFO - Found 60 links on page 2
2025-05-29 06:45:23,149 - INFO - Scraping page 4...
2025-05-29 06:45:23,250 - INFO - Found 60 links on page 3
2025-05-29 06:45:23,250 - INFO - Scraping page 5...
2025-05-29 06:45:23,548 - INFO - Found 60 links on page 1
2025-05-29 06:45:23,548 - INFO - Scraping page 6...
2025-05-29 06:45:26,661 - INFO - Found 60 links on page 4
2025-05-29 06:45:26,661 - INFO - Scraping page 7...
2025-05-29 06:45:26,953 - INFO - Found 60 links on page 5
2025-05-29 06:45:26,953 - INFO - Scraping page 8...
2025-05-29 06:45:27,358 - INFO - Found 60 links on page 6
2025-05-29 06:45:27,358 - INFO - Scraping page 9...
2025-05-29 06:45:30,454 - INFO - Found 60 links on page 7
2025-05-29 06:45:30,455 - INFO - Scraping page 10...
2025-05-29 06:45:30,824 - INFO - Found 60 links on page 9
2025-05-29 06:45:30,824 - INFO - Scraping page 11...
2025-05-29 06:45:31,293 - INFO - Found 60 links on page 8
2025-05-29 06:45:31,293 - INFO - Scraping page 12...
2025-05-29 06:45:34,042 - INFO - Found 60 links on page 10
2025-05-29 06:45:34,042 - INFO - Scraping page 13...
2025-05-29 06:45:34,381 - INFO - Found 60 links on page 11
2025-05-29 06:45:34,381 - INFO - Scraping page 14...
2025-05-29 06:45:34,714 - INFO - Found 60 links on page 12
2025-05-29 06:45:34,714 - INFO - Scraping page 15...
2025-05-29 06:45:38,133 - INFO - Found 60 links on page 14
2025-05-29 06:45:38,133 - INFO - Scraping page 16...
2025-05-29 06:45:38,405 - INFO - Found 60 links on page 13
2025-05-29 06:45:38,405 - INFO - Scraping page 17...
2025-05-29 06:45:38,585 - INFO - Found 60 links on page 15
2025-05-29 06:45:38,585 - INFO - Scraping page 18...
2025-05-29 06:45:41,823 - INFO - Found 60 links on page 16
2025-05-29 06:45:41,823 - INFO - Scraping page 19...
2025-05-29 06:45:42,399 - INFO - Found 60 links on page 17
2025-05-29 06:45:42,399 - INFO - Scraping page 20...
2025-05-29 06:45:42,589 - INFO - Found 60 links on page 18
2025-05-29 06:45:42,589 - INFO - Scraping page 21...
2025-05-29 06:45:45,473 - INFO - Found 60 links on page 19
2025-05-29 06:45:45,473 - INFO - Scraping page 22...
2025-05-29 06:45:45,733 - INFO - Found 60 links on page 20
2025-05-29 06:45:45,734 - INFO - Scraping page 23...
2025-05-29 06:45:46,076 - INFO - Found 60 links on page 21
2025-05-29 06:45:46,076 - INFO - Scraping page 24...
2025-05-29 06:45:48,775 - INFO - Found 60 links on page 22
2025-05-29 06:45:48,776 - INFO - Scraping page 25...
2025-05-29 06:45:49,636 - INFO - Found 60 links on page 24
2025-05-29 06:45:49,636 - INFO - Scraping page 26...
2025-05-29 06:45:49,818 - INFO - Found 60 links on page 23
2025-05-29 06:45:49,818 - INFO - Scraping page 27...
2025-05-29 06:45:52,326 - INFO - Found 60 links on page 25
2025-05-29 06:45:52,326 - INFO - Scraping page 28...
2025-05-29 06:45:53,017 - INFO - Found 60 links on page 26
2025-05-29 06:45:53,017 - INFO - Scraping page 29...
2025-05-29 06:45:53,320 - INFO - Found 60 links on page 27
2025-05-29 06:45:53,320 - INFO - Scraping page 30...
2025-05-29 06:45:55,716 - INFO - Found 60 links on page 28
2025-05-29 06:45:55,716 - INFO - Scraping page 31...
2025-05-29 06:45:56,487 - INFO - Found 60 links on page 29
2025-05-29 06:45:56,487 - INFO - Scraping page 32...
2025-05-29 06:45:57,788 - INFO - Found 60 links on page 30
2025-05-29 06:45:57,789 - INFO - Scraping page 33...
2025-05-29 06:45:59,291 - INFO - Found 60 links on page 31
2025-05-29 06:45:59,292 - INFO - Scraping page 34...
2025-05-29 06:46:00,377 - INFO - Found 60 links on page 32
2025-05-29 06:46:00,377 - INFO - Scraping page 35...
2025-05-29 06:46:02,219 - INFO - Found 60 links on page 33
2025-05-29 06:46:02,220 - INFO - Scraping page 36...
2025-05-29 06:46:02,834 - INFO - Found 60 links on page 34
2025-05-29 06:46:02,834 - INFO - Scraping page 37...
2025-05-29 06:46:04,170 - INFO - Found 60 links on page 35
2025-05-29 06:46:04,170 - INFO - Scraping page 38...
2025-05-29 06:46:05,494 - INFO - Found 60 links on page 36
2025-05-29 06:46:05,494 - INFO - Scraping page 39...
2025-05-29 06:46:06,165 - INFO - Found 60 links on page 37
2025-05-29 06:46:06,165 - INFO - Scraping page 40...
2025-05-29 06:46:07,591 - INFO - Found 60 links on page 38
2025-05-29 06:46:07,591 - INFO - Scraping page 41...
2025-05-29 06:46:08,837 - INFO - Found 60 links on page 39
2025-05-29 06:46:08,837 - INFO - Scraping page 42...
2025-05-29 06:46:09,807 - INFO - Found 60 links on page 40
2025-05-29 06:46:09,807 - INFO - Scraping page 43...
2025-05-29 06:46:11,878 - INFO - Found 60 links on page 41
2025-05-29 06:46:11,879 - INFO - Scraping page 44...
2025-05-29 06:46:12,255 - INFO - Found 60 links on page 42
2025-05-29 06:46:12,255 - INFO - Scraping page 45...
2025-05-29 06:46:13,270 - INFO - Found 60 links on page 43
2025-05-29 06:46:13,270 - INFO - Scraping page 46...
2025-05-29 06:46:15,747 - INFO - Found 60 links on page 44
2025-05-29 06:46:15,747 - INFO - Scraping page 47...
2025-05-29 06:46:16,088 - INFO - Found 60 links on page 45
2025-05-29 06:46:16,088 - INFO - Scraping page 48...
2025-05-29 06:46:17,079 - INFO - Found 60 links on page 46
2025-05-29 06:46:17,079 - INFO - Scraping page 49...
2025-05-29 06:46:19,505 - INFO - Found 60 links on page 47
2025-05-29 06:46:19,505 - INFO - Scraping page 50...
2025-05-29 06:46:19,887 - INFO - Found 60 links on page 48
2025-05-29 06:46:19,887 - INFO - Scraping page 51...
2025-05-29 06:46:20,680 - INFO - Found 60 links on page 49
2025-05-29 06:46:20,680 - INFO - Scraping page 52...
2025-05-29 06:46:23,201 - INFO - Found 60 links on page 50
2025-05-29 06:46:23,207 - INFO - Scraping page 53...
2025-05-29 06:46:23,374 - INFO - Found 60 links on page 51
2025-05-29 06:46:23,374 - INFO - Scraping page 54...
2025-05-29 06:46:24,798 - INFO - Found 60 links on page 52
2025-05-29 06:46:24,798 - INFO - Scraping page 55...
2025-05-29 06:46:26,882 - INFO - Found 60 links on page 53
2025-05-29 06:46:26,883 - INFO - Scraping page 56...
2025-05-29 06:46:27,698 - INFO - Found 60 links on page 54
2025-05-29 06:46:27,698 - INFO - Scraping page 57...
2025-05-29 06:46:28,567 - INFO - Found 60 links on page 55
2025-05-29 06:46:28,567 - INFO - Scraping page 58...
2025-05-29 06:46:30,509 - INFO - Found 60 links on page 56
2025-05-29 06:46:30,509 - INFO - Scraping page 59...
2025-05-29 06:46:31,945 - INFO - Found 60 links on page 57
2025-05-29 06:46:31,950 - INFO - Scraping page 60...
2025-05-29 06:46:32,057 - INFO - Found 60 links on page 58
2025-05-29 06:46:32,057 - INFO - Scraping page 61...
2025-05-29 06:46:34,131 - INFO - Found 60 links on page 59
2025-05-29 06:46:34,131 - INFO - Scraping page 62...
2025-05-29 06:46:35,751 - INFO - Found 60 links on page 60
2025-05-29 06:46:35,756 - INFO - Scraping page 63...
2025-05-29 06:46:35,875 - INFO - Found 60 links on page 61
2025-05-29 06:46:35,875 - INFO - Scraping page 64...
2025-05-29 06:46:37,638 - INFO - Found 60 links on page 62
2025-05-29 06:46:37,639 - INFO - Scraping page 65...
2025-05-29 06:46:39,391 - INFO - Found 60 links on page 64
2025-05-29 06:46:39,391 - INFO - Scraping page 66...
2025-05-29 06:46:40,076 - INFO - Found 60 links on page 63
2025-05-29 06:46:40,076 - INFO - Scraping page 67...
2025-05-29 06:46:41,233 - INFO - Found 60 links on page 65
2025-05-29 06:46:41,233 - INFO - Scraping page 68...
2025-05-29 06:46:43,140 - INFO - Found 60 links on page 66
2025-05-29 06:46:43,140 - INFO - Scraping page 69...
2025-05-29 06:46:43,519 - INFO - Found 60 links on page 67
2025-05-29 06:46:43,519 - INFO - Scraping page 70...
2025-05-29 06:46:44,778 - INFO - Found 60 links on page 68
2025-05-29 06:46:44,778 - INFO - Scraping page 71...
2025-05-29 06:46:46,740 - INFO - Found 60 links on page 69
2025-05-29 06:46:46,740 - INFO - Scraping page 72...
2025-05-29 06:46:47,236 - INFO - Found 60 links on page 70
2025-05-29 06:46:47,236 - INFO - Scraping page 73...
2025-05-29 06:46:48,510 - INFO - Found 60 links on page 71
2025-05-29 06:46:48,511 - INFO - Scraping page 74...
2025-05-29 06:46:50,592 - INFO - Found 60 links on page 72
2025-05-29 06:46:50,592 - INFO - Scraping page 75...
2025-05-29 06:46:50,799 - INFO - Found 60 links on page 73
2025-05-29 06:46:50,799 - INFO - Scraping page 76...
2025-05-29 06:46:52,284 - INFO - Found 60 links on page 74
2025-05-29 06:46:52,284 - INFO - Scraping page 77...
2025-05-29 06:46:54,230 - INFO - Found 60 links on page 75
2025-05-29 06:46:54,235 - INFO - Scraping page 78...
2025-05-29 06:46:54,292 - INFO - Found 60 links on page 76
2025-05-29 06:46:54,292 - INFO - Scraping page 79...
2025-05-29 06:46:55,769 - INFO - Found 60 links on page 77
2025-05-29 06:46:55,769 - INFO - Scraping page 80...
2025-05-29 06:46:58,196 - INFO - Found 60 links on page 79
2025-05-29 06:46:58,201 - INFO - Scraping page 81...
2025-05-29 06:46:58,290 - INFO - Found 60 links on page 78
2025-05-29 06:46:58,291 - INFO - Scraping page 82...
2025-05-29 06:46:59,462 - INFO - Found 60 links on page 80
2025-05-29 06:46:59,462 - INFO - Scraping page 83...
2025-05-29 06:47:01,903 - INFO - Found 60 links on page 82
2025-05-29 06:47:01,908 - INFO - Scraping page 84...
2025-05-29 06:47:01,976 - INFO - Found 60 links on page 81
2025-05-29 06:47:01,976 - INFO - Scraping page 85...
2025-05-29 06:47:02,860 - INFO - Found 60 links on page 83
2025-05-29 06:47:02,861 - INFO - Scraping page 86...
2025-05-29 06:47:05,618 - INFO - Found 60 links on page 84
2025-05-29 06:47:05,629 - INFO - Scraping page 87...
2025-05-29 06:47:05,669 - INFO - Found 60 links on page 85
2025-05-29 06:47:05,669 - INFO - Scraping page 88...
2025-05-29 06:47:06,961 - INFO - Found 60 links on page 86
2025-05-29 06:47:06,961 - INFO - Scraping page 89...
2025-05-29 06:47:09,182 - INFO - Found 60 links on page 87
2025-05-29 06:47:09,182 - INFO - Scraping page 90...
2025-05-29 06:47:10,219 - INFO - Found 60 links on page 88
2025-05-29 06:47:10,494 - INFO - Found 51 links on page 89
2025-05-29 06:47:12,796 - INFO - Found 51 links on page 90
2025-05-29 06:47:12,800 - INFO - Found 257 new links to scrape out of 5382 total links
2025-05-29 06:47:12,800 - INFO - Processing batch 1/6 (50 links)
2025-05-29 06:47:18,480 - INFO - Progress: 10/50 ads processed
2025-05-29 06:47:23,678 - INFO - Progress: 20/50 ads processed
2025-05-29 06:47:28,530 - INFO - Progress: 30/50 ads processed
2025-05-29 06:47:33,816 - INFO - Progress: 40/50 ads processed
2025-05-29 06:47:39,431 - INFO - Progress: 50/50 ads processed
2025-05-29 06:47:39,459 - INFO - Created backup of existing data file at unegui_data/unegui_rental_data.csv.bak
2025-05-29 06:47:39,565 - INFO - Data saved to unegui_data/unegui_rental_data.csv: 9095 records
2025-05-29 06:47:39,856 - INFO - Cache saved with 9316 URLs
2025-05-29 06:47:39,857 - INFO - Saved batch data. Total records: 9095
2025-05-29 06:47:39,857 - INFO - Processing batch 2/6 (50 links)
2025-05-29 06:47:45,125 - INFO - Progress: 10/50 ads processed
2025-05-29 06:47:50,311 - INFO - Progress: 20/50 ads processed
2025-05-29 06:47:55,438 - INFO - Progress: 30/50 ads processed
2025-05-29 06:48:00,634 - INFO - Progress: 40/50 ads processed
2025-05-29 06:48:05,853 - INFO - Progress: 50/50 ads processed
2025-05-29 06:48:05,881 - INFO - Created backup of existing data file at unegui_data/unegui_rental_data.csv.bak
2025-05-29 06:48:05,986 - INFO - Data saved to unegui_data/unegui_rental_data.csv: 9143 records
2025-05-29 06:48:06,282 - INFO - Cache saved with 9366 URLs
2025-05-29 06:48:06,282 - INFO - Saved batch data. Total records: 9143
2025-05-29 06:48:06,282 - INFO - Processing batch 3/6 (50 links)
2025-05-29 06:48:11,757 - INFO - Progress: 10/50 ads processed
2025-05-29 06:48:16,859 - INFO - Progress: 20/50 ads processed
2025-05-29 06:48:22,054 - INFO - Progress: 30/50 ads processed
2025-05-29 06:48:26,947 - INFO - Progress: 40/50 ads processed
2025-05-29 06:48:32,369 - INFO - Progress: 50/50 ads processed
2025-05-29 06:48:32,397 - INFO - Created backup of existing data file at unegui_data/unegui_rental_data.csv.bak
2025-05-29 06:48:32,504 - INFO - Data saved to unegui_data/unegui_rental_data.csv: 9190 records
2025-05-29 06:48:32,801 - INFO - Cache saved with 9416 URLs
2025-05-29 06:48:32,802 - INFO - Saved batch data. Total records: 9190
2025-05-29 06:48:32,802 - INFO - Processing batch 4/6 (50 links)
2025-05-29 06:48:38,502 - INFO - Progress: 10/50 ads processed
2025-05-29 06:48:43,362 - INFO - Progress: 20/50 ads processed
2025-05-29 06:48:48,303 - INFO - Progress: 30/50 ads processed
2025-05-29 06:48:53,924 - INFO - Progress: 40/50 ads processed
2025-05-29 06:48:58,674 - INFO - Progress: 50/50 ads processed
2025-05-29 06:48:58,702 - INFO - Created backup of existing data file at unegui_data/unegui_rental_data.csv.bak
2025-05-29 06:48:58,808 - INFO - Data saved to unegui_data/unegui_rental_data.csv: 9240 records
2025-05-29 06:48:59,110 - INFO - Cache saved with 9466 URLs
2025-05-29 06:48:59,110 - INFO - Saved batch data. Total records: 9240
2025-05-29 06:48:59,110 - INFO - Processing batch 5/6 (50 links)
2025-05-29 06:49:04,875 - INFO - Progress: 10/50 ads processed
2025-05-29 06:49:10,020 - INFO - Progress: 20/50 ads processed
2025-05-29 06:49:15,280 - INFO - Progress: 30/50 ads processed
2025-05-29 06:49:20,653 - INFO - Progress: 40/50 ads processed
2025-05-29 06:49:25,973 - INFO - Progress: 50/50 ads processed
2025-05-29 06:49:26,002 - INFO - Created backup of existing data file at unegui_data/unegui_rental_data.csv.bak
2025-05-29 06:49:26,109 - INFO - Data saved to unegui_data/unegui_rental_data.csv: 9289 records
2025-05-29 06:49:26,411 - INFO - Cache saved with 9516 URLs
2025-05-29 06:49:26,411 - INFO - Saved batch data. Total records: 9289
2025-05-29 06:49:26,411 - INFO - Processing batch 6/6 (7 links)
2025-05-29 06:49:31,315 - INFO - Progress: 7/7 ads processed
2025-05-29 06:49:31,344 - INFO - Created backup of existing data file at unegui_data/unegui_rental_data.csv.bak
2025-05-29 06:49:31,451 - INFO - Data saved to unegui_data/unegui_rental_data.csv: 9296 records
2025-05-29 06:49:31,755 - INFO - Cache saved with 9523 URLs
2025-05-29 06:49:31,755 - INFO - Saved batch data. Total records: 9296
2025-05-29 06:49:31,755 - INFO - Scraping completed in 0:04:13.121832. Total ads collected: 9296
