2025-06-23 06:47:39,755 - INFO - Starting rental apartment scraper at 2025-06-23 06:47:39.755374
2025-06-23 06:47:39,883 - INFO - Loaded existing data from unegui_data/unegui_rental_data.csv: 14702 records
2025-06-23 06:47:40,038 - INFO - Loaded 14702 existing records
2025-06-23 06:47:40,040 - INFO - Scraping page 1...
2025-06-23 06:47:40,040 - INFO - Scraping page 2...
2025-06-23 06:47:40,040 - INFO - Scraping page 3...
2025-06-23 06:47:44,323 - INFO - Found 60 links on page 1
2025-06-23 06:47:44,328 - INFO - Scraping page 4...
2025-06-23 06:47:44,568 - INFO - Found 60 links on page 2
2025-06-23 06:47:44,578 - INFO - Scraping page 5...
2025-06-23 06:47:44,714 - INFO - Found 60 links on page 3
2025-06-23 06:47:44,714 - INFO - Scraping page 6...
2025-06-23 06:47:48,008 - INFO - Found 60 links on page 4
2025-06-23 06:47:48,009 - INFO - Scraping page 7...
2025-06-23 06:47:48,268 - INFO - Found 60 links on page 5
2025-06-23 06:47:48,268 - INFO - Scraping page 8...
2025-06-23 06:47:48,539 - INFO - Found 60 links on page 6
2025-06-23 06:47:48,540 - INFO - Scraping page 9...
2025-06-23 06:47:51,743 - INFO - Found 60 links on page 7
2025-06-23 06:47:51,749 - INFO - Scraping page 10...
2025-06-23 06:47:51,987 - INFO - Found 60 links on page 8
2025-06-23 06:47:51,992 - INFO - Scraping page 11...
2025-06-23 06:47:52,142 - INFO - Found 60 links on page 9
2025-06-23 06:47:52,143 - INFO - Scraping page 12...
2025-06-23 06:47:55,355 - INFO - Found 60 links on page 10
2025-06-23 06:47:55,356 - INFO - Scraping page 13...
2025-06-23 06:47:55,810 - INFO - Found 60 links on page 11
2025-06-23 06:47:55,810 - INFO - Scraping page 14...
2025-06-23 06:47:55,995 - INFO - Found 60 links on page 12
2025-06-23 06:47:55,995 - INFO - Scraping page 15...
2025-06-23 06:47:58,922 - INFO - Found 60 links on page 13
2025-06-23 06:47:58,922 - INFO - Scraping page 16...
2025-06-23 06:48:00,269 - INFO - Found 60 links on page 14
2025-06-23 06:48:00,279 - INFO - Scraping page 17...
2025-06-23 06:48:00,390 - INFO - Found 60 links on page 15
2025-06-23 06:48:00,390 - INFO - Scraping page 18...
2025-06-23 06:48:02,600 - INFO - Found 60 links on page 16
2025-06-23 06:48:02,600 - INFO - Scraping page 19...
2025-06-23 06:48:04,257 - INFO - Found 60 links on page 17
2025-06-23 06:48:04,257 - INFO - Scraping page 20...
2025-06-23 06:48:04,897 - INFO - Found 60 links on page 18
2025-06-23 06:48:04,897 - INFO - Scraping page 21...
2025-06-23 06:48:06,259 - INFO - Found 60 links on page 19
2025-06-23 06:48:06,259 - INFO - Scraping page 22...
2025-06-23 06:48:07,855 - INFO - Found 60 links on page 20
2025-06-23 06:48:07,855 - INFO - Scraping page 23...
2025-06-23 06:48:08,597 - INFO - Found 60 links on page 21
2025-06-23 06:48:08,597 - INFO - Scraping page 24...
2025-06-23 06:48:10,421 - INFO - Found 60 links on page 22
2025-06-23 06:48:10,422 - INFO - Scraping page 25...
2025-06-23 06:48:11,773 - INFO - Found 60 links on page 23
2025-06-23 06:48:11,773 - INFO - Scraping page 26...
2025-06-23 06:48:12,385 - INFO - Found 60 links on page 24
2025-06-23 06:48:12,386 - INFO - Scraping page 27...
2025-06-23 06:48:13,990 - INFO - Found 60 links on page 25
2025-06-23 06:48:13,990 - INFO - Scraping page 28...
2025-06-23 06:48:15,782 - INFO - Found 60 links on page 26
2025-06-23 06:48:15,782 - INFO - Scraping page 29...
2025-06-23 06:48:16,254 - INFO - Found 60 links on page 27
2025-06-23 06:48:16,254 - INFO - Scraping page 30...
2025-06-23 06:48:17,699 - INFO - Found 60 links on page 28
2025-06-23 06:48:17,699 - INFO - Scraping page 31...
2025-06-23 06:48:19,528 - INFO - Found 60 links on page 29
2025-06-23 06:48:19,528 - INFO - Scraping page 32...
2025-06-23 06:48:19,867 - INFO - Found 60 links on page 30
2025-06-23 06:48:19,867 - INFO - Scraping page 33...
2025-06-23 06:48:21,162 - INFO - Found 60 links on page 31
2025-06-23 06:48:21,163 - INFO - Scraping page 34...
2025-06-23 06:48:23,436 - INFO - Found 60 links on page 32
2025-06-23 06:48:23,436 - INFO - Scraping page 35...
2025-06-23 06:48:23,665 - INFO - Found 60 links on page 33
2025-06-23 06:48:23,665 - INFO - Scraping page 36...
2025-06-23 06:48:24,607 - INFO - Found 60 links on page 34
2025-06-23 06:48:24,607 - INFO - Scraping page 37...
2025-06-23 06:48:27,103 - INFO - Found 60 links on page 35
2025-06-23 06:48:27,103 - INFO - Scraping page 38...
2025-06-23 06:48:27,489 - INFO - Found 60 links on page 36
2025-06-23 06:48:27,489 - INFO - Scraping page 39...
2025-06-23 06:48:28,332 - INFO - Found 60 links on page 37
2025-06-23 06:48:28,333 - INFO - Scraping page 40...
2025-06-23 06:48:30,510 - INFO - Found 60 links on page 38
2025-06-23 06:48:30,510 - INFO - Scraping page 41...
2025-06-23 06:48:31,009 - INFO - Found 60 links on page 39
2025-06-23 06:48:31,009 - INFO - Scraping page 42...
2025-06-23 06:48:31,866 - INFO - Found 60 links on page 40
2025-06-23 06:48:31,866 - INFO - Scraping page 43...
2025-06-23 06:48:34,103 - INFO - Found 60 links on page 41
2025-06-23 06:48:34,104 - INFO - Scraping page 44...
2025-06-23 06:48:34,793 - INFO - Found 60 links on page 42
2025-06-23 06:48:34,794 - INFO - Scraping page 45...
2025-06-23 06:48:35,474 - INFO - Found 60 links on page 43
2025-06-23 06:48:35,474 - INFO - Scraping page 46...
2025-06-23 06:48:37,650 - INFO - Found 60 links on page 44
2025-06-23 06:48:37,650 - INFO - Scraping page 47...
2025-06-23 06:48:38,496 - INFO - Found 60 links on page 45
2025-06-23 06:48:38,496 - INFO - Scraping page 48...
2025-06-23 06:48:39,442 - INFO - Found 60 links on page 46
2025-06-23 06:48:39,442 - INFO - Scraping page 49...
2025-06-23 06:48:41,458 - INFO - Found 60 links on page 47
2025-06-23 06:48:41,458 - INFO - Scraping page 50...
2025-06-23 06:48:42,370 - INFO - Found 60 links on page 48
2025-06-23 06:48:42,370 - INFO - Scraping page 51...
2025-06-23 06:48:43,058 - INFO - Found 60 links on page 49
2025-06-23 06:48:43,059 - INFO - Scraping page 52...
2025-06-23 06:48:45,633 - INFO - Found 60 links on page 50
2025-06-23 06:48:45,633 - INFO - Scraping page 53...
2025-06-23 06:48:46,182 - INFO - Found 60 links on page 51
2025-06-23 06:48:46,183 - INFO - Scraping page 54...
2025-06-23 06:48:46,600 - INFO - Found 60 links on page 52
2025-06-23 06:48:46,600 - INFO - Scraping page 55...
2025-06-23 06:48:49,181 - INFO - Found 60 links on page 53
2025-06-23 06:48:49,182 - INFO - Scraping page 56...
2025-06-23 06:48:49,860 - INFO - Found 60 links on page 54
2025-06-23 06:48:49,860 - INFO - Scraping page 57...
2025-06-23 06:48:51,036 - INFO - Found 60 links on page 55
2025-06-23 06:48:51,036 - INFO - Scraping page 58...
2025-06-23 06:48:53,106 - INFO - Found 60 links on page 56
2025-06-23 06:48:53,106 - INFO - Scraping page 59...
2025-06-23 06:48:54,137 - INFO - Found 60 links on page 57
2025-06-23 06:48:54,137 - INFO - Scraping page 60...
2025-06-23 06:48:55,961 - INFO - Found 60 links on page 58
2025-06-23 06:48:55,962 - INFO - Scraping page 61...
2025-06-23 06:48:56,692 - INFO - Found 60 links on page 59
2025-06-23 06:48:56,692 - INFO - Scraping page 62...
2025-06-23 06:48:57,921 - INFO - Found 60 links on page 60
2025-06-23 06:48:57,922 - INFO - Scraping page 63...
2025-06-23 06:48:59,752 - INFO - Found 60 links on page 61
2025-06-23 06:48:59,752 - INFO - Scraping page 64...
2025-06-23 06:49:00,232 - INFO - Found 60 links on page 62
2025-06-23 06:49:00,232 - INFO - Scraping page 65...
2025-06-23 06:49:01,452 - INFO - Found 60 links on page 63
2025-06-23 06:49:01,453 - INFO - Scraping page 66...
2025-06-23 06:49:03,465 - INFO - Found 60 links on page 64
2025-06-23 06:49:03,465 - INFO - Scraping page 67...
2025-06-23 06:49:04,020 - INFO - Found 60 links on page 65
2025-06-23 06:49:04,020 - INFO - Scraping page 68...
2025-06-23 06:49:04,861 - INFO - Found 60 links on page 66
2025-06-23 06:49:04,861 - INFO - Scraping page 69...
2025-06-23 06:49:06,870 - INFO - Found 60 links on page 67
2025-06-23 06:49:06,871 - INFO - Scraping page 70...
2025-06-23 06:49:07,604 - INFO - Found 60 links on page 68
2025-06-23 06:49:07,605 - INFO - Scraping page 71...
2025-06-23 06:49:08,636 - INFO - Found 60 links on page 69
2025-06-23 06:49:08,636 - INFO - Scraping page 72...
2025-06-23 06:49:11,290 - INFO - Found 60 links on page 70
2025-06-23 06:49:11,290 - INFO - Scraping page 73...
2025-06-23 06:49:11,500 - INFO - Found 60 links on page 71
2025-06-23 06:49:11,501 - INFO - Scraping page 74...
2025-06-23 06:49:12,431 - INFO - Found 60 links on page 72
2025-06-23 06:49:12,431 - INFO - Scraping page 75...
2025-06-23 06:49:14,903 - INFO - Found 60 links on page 74
2025-06-23 06:49:14,903 - INFO - Scraping page 76...
2025-06-23 06:49:15,167 - INFO - Found 60 links on page 73
2025-06-23 06:49:15,168 - INFO - Scraping page 77...
2025-06-23 06:49:17,304 - INFO - Found 60 links on page 75
2025-06-23 06:49:17,304 - INFO - Scraping page 78...
2025-06-23 06:49:18,835 - INFO - Found 60 links on page 76
2025-06-23 06:49:18,840 - INFO - Scraping page 79...
2025-06-23 06:49:18,873 - INFO - Found 60 links on page 77
2025-06-23 06:49:18,874 - INFO - Scraping page 80...
2025-06-23 06:49:21,043 - INFO - Found 60 links on page 78
2025-06-23 06:49:21,044 - INFO - Scraping page 81...
2025-06-23 06:49:23,029 - INFO - Found 60 links on page 80
2025-06-23 06:49:23,034 - INFO - Scraping page 82...
2025-06-23 06:49:23,189 - INFO - Found 60 links on page 79
2025-06-23 06:49:23,189 - INFO - Scraping page 83...
2025-06-23 06:49:24,581 - INFO - Found 60 links on page 81
2025-06-23 06:49:24,581 - INFO - Scraping page 84...
2025-06-23 06:49:26,867 - INFO - Found 60 links on page 82
2025-06-23 06:49:26,867 - INFO - Scraping page 85...
2025-06-23 06:49:27,440 - INFO - Found 60 links on page 83
2025-06-23 06:49:27,441 - INFO - Scraping page 86...
2025-06-23 06:49:28,158 - INFO - Found 60 links on page 84
2025-06-23 06:49:28,158 - INFO - Scraping page 87...
2025-06-23 06:49:30,639 - INFO - Found 60 links on page 85
2025-06-23 06:49:30,640 - INFO - Scraping page 88...
2025-06-23 06:49:31,325 - INFO - Found 60 links on page 86
2025-06-23 06:49:31,326 - INFO - Scraping page 89...
2025-06-23 06:49:31,755 - INFO - Found 60 links on page 87
2025-06-23 06:49:31,756 - INFO - Scraping page 90...
2025-06-23 06:49:34,581 - INFO - Found 60 links on page 88
2025-06-23 06:49:34,758 - INFO - Found 50 links on page 89
2025-06-23 06:49:35,560 - INFO - Found 50 links on page 90
2025-06-23 06:49:35,563 - INFO - Found 190 new links to scrape out of 5380 total links
2025-06-23 06:49:35,563 - INFO - Processing batch 1/4 (50 links)
2025-06-23 06:49:41,348 - INFO - Progress: 10/50 ads processed
2025-06-23 06:49:46,420 - INFO - Progress: 20/50 ads processed
2025-06-23 06:49:51,674 - INFO - Progress: 30/50 ads processed
2025-06-23 06:49:56,983 - INFO - Progress: 40/50 ads processed
2025-06-23 06:50:02,744 - INFO - Progress: 50/50 ads processed
2025-06-23 06:50:02,788 - INFO - Created backup of existing data file at unegui_data/unegui_rental_data.csv.bak
2025-06-23 06:50:02,961 - INFO - Data saved to unegui_data/unegui_rental_data.csv: 14750 records
2025-06-23 06:50:03,450 - INFO - Cache saved with 15126 URLs
2025-06-23 06:50:03,450 - INFO - Saved batch data. Total records: 14750
2025-06-23 06:50:03,450 - INFO - Processing batch 2/4 (50 links)
2025-06-23 06:50:09,041 - INFO - Progress: 10/50 ads processed
2025-06-23 06:50:13,774 - INFO - Progress: 20/50 ads processed
2025-06-23 06:50:18,800 - INFO - Progress: 30/50 ads processed
2025-06-23 06:50:23,800 - INFO - Progress: 40/50 ads processed
2025-06-23 06:50:29,720 - INFO - Progress: 50/50 ads processed
2025-06-23 06:50:29,766 - INFO - Created backup of existing data file at unegui_data/unegui_rental_data.csv.bak
2025-06-23 06:50:29,940 - INFO - Data saved to unegui_data/unegui_rental_data.csv: 14799 records
2025-06-23 06:50:30,433 - INFO - Cache saved with 15176 URLs
2025-06-23 06:50:30,433 - INFO - Saved batch data. Total records: 14799
2025-06-23 06:50:30,433 - INFO - Processing batch 3/4 (50 links)
2025-06-23 06:50:35,914 - INFO - Progress: 10/50 ads processed
2025-06-23 06:50:40,880 - INFO - Progress: 20/50 ads processed
2025-06-23 06:50:45,983 - INFO - Progress: 30/50 ads processed
2025-06-23 06:50:51,374 - INFO - Progress: 40/50 ads processed
2025-06-23 06:50:56,056 - INFO - Progress: 50/50 ads processed
2025-06-23 06:50:56,101 - INFO - Created backup of existing data file at unegui_data/unegui_rental_data.csv.bak
2025-06-23 06:50:56,275 - INFO - Data saved to unegui_data/unegui_rental_data.csv: 14847 records
2025-06-23 06:50:56,768 - INFO - Cache saved with 15226 URLs
2025-06-23 06:50:56,768 - INFO - Saved batch data. Total records: 14847
2025-06-23 06:50:56,768 - INFO - Processing batch 4/4 (40 links)
2025-06-23 06:51:02,121 - INFO - Progress: 10/40 ads processed
2025-06-23 06:51:07,579 - INFO - Progress: 20/40 ads processed
2025-06-23 06:51:12,655 - INFO - Progress: 30/40 ads processed
2025-06-23 06:51:18,515 - INFO - Progress: 40/40 ads processed
2025-06-23 06:51:18,562 - INFO - Created backup of existing data file at unegui_data/unegui_rental_data.csv.bak
2025-06-23 06:51:18,736 - INFO - Data saved to unegui_data/unegui_rental_data.csv: 14886 records
2025-06-23 06:51:19,230 - INFO - Cache saved with 15266 URLs
2025-06-23 06:51:19,230 - INFO - Saved batch data. Total records: 14886
2025-06-23 06:51:19,231 - INFO - Scraping completed in 0:03:39.475672. Total ads collected: 14886
