2025-05-20 06:46:07,977 - INFO - Starting rental apartment scraper at 2025-05-20 06:46:07.977642
2025-05-20 06:46:08,041 - INFO - Loaded existing data from unegui_data/unegui_rental_data.csv: 6918 records
2025-05-20 06:46:08,116 - INFO - Loaded 6918 existing records
2025-05-20 06:46:08,117 - INFO - Scraping page 1...
2025-05-20 06:46:08,118 - INFO - Scraping page 2...
2025-05-20 06:46:08,118 - INFO - Scraping page 3...
2025-05-20 06:46:12,085 - INFO - Found 60 links on page 2
2025-05-20 06:46:12,085 - INFO - Scraping page 4...
2025-05-20 06:46:12,314 - INFO - Found 60 links on page 3
2025-05-20 06:46:12,314 - INFO - Scraping page 5...
2025-05-20 06:46:12,519 - INFO - Found 60 links on page 1
2025-05-20 06:46:12,519 - INFO - Scraping page 6...
2025-05-20 06:46:16,164 - INFO - Found 60 links on page 6
2025-05-20 06:46:16,175 - INFO - Scraping page 7...
2025-05-20 06:46:16,501 - INFO - Found 60 links on page 5
2025-05-20 06:46:16,506 - INFO - Scraping page 8...
2025-05-20 06:46:16,565 - INFO - Found 60 links on page 4
2025-05-20 06:46:16,566 - INFO - Scraping page 9...
2025-05-20 06:46:19,788 - INFO - Found 60 links on page 7
2025-05-20 06:46:19,788 - INFO - Scraping page 10...
2025-05-20 06:46:20,441 - INFO - Found 60 links on page 9
2025-05-20 06:46:20,441 - INFO - Scraping page 11...
2025-05-20 06:46:20,781 - INFO - Found 60 links on page 8
2025-05-20 06:46:20,781 - INFO - Scraping page 12...
2025-05-20 06:46:23,423 - INFO - Found 60 links on page 10
2025-05-20 06:46:23,423 - INFO - Scraping page 13...
2025-05-20 06:46:24,264 - INFO - Found 60 links on page 11
2025-05-20 06:46:24,269 - INFO - Scraping page 14...
2025-05-20 06:46:24,383 - INFO - Found 60 links on page 12
2025-05-20 06:46:24,383 - INFO - Scraping page 15...
2025-05-20 06:46:27,249 - INFO - Found 60 links on page 13
2025-05-20 06:46:27,249 - INFO - Scraping page 16...
2025-05-20 06:46:27,742 - INFO - Found 60 links on page 14
2025-05-20 06:46:27,742 - INFO - Scraping page 17...
2025-05-20 06:46:28,001 - INFO - Found 60 links on page 15
2025-05-20 06:46:28,001 - INFO - Scraping page 18...
2025-05-20 06:46:30,732 - INFO - Found 60 links on page 16
2025-05-20 06:46:30,732 - INFO - Scraping page 19...
2025-05-20 06:46:31,427 - INFO - Found 60 links on page 17
2025-05-20 06:46:31,428 - INFO - Scraping page 20...
2025-05-20 06:46:31,743 - INFO - Found 60 links on page 18
2025-05-20 06:46:31,743 - INFO - Scraping page 21...
2025-05-20 06:46:34,518 - INFO - Found 60 links on page 19
2025-05-20 06:46:34,519 - INFO - Scraping page 22...
2025-05-20 06:46:34,891 - INFO - Found 60 links on page 20
2025-05-20 06:46:34,891 - INFO - Scraping page 23...
2025-05-20 06:46:35,845 - INFO - Found 60 links on page 21
2025-05-20 06:46:35,845 - INFO - Scraping page 24...
2025-05-20 06:46:38,210 - INFO - Found 60 links on page 23
2025-05-20 06:46:38,210 - INFO - Scraping page 25...
2025-05-20 06:46:38,447 - INFO - Found 60 links on page 22
2025-05-20 06:46:38,447 - INFO - Scraping page 26...
2025-05-20 06:46:39,257 - INFO - Found 60 links on page 24
2025-05-20 06:46:39,258 - INFO - Scraping page 27...
2025-05-20 06:46:41,949 - INFO - Found 60 links on page 25
2025-05-20 06:46:41,949 - INFO - Scraping page 28...
2025-05-20 06:46:42,307 - INFO - Found 60 links on page 26
2025-05-20 06:46:42,307 - INFO - Scraping page 29...
2025-05-20 06:46:42,884 - INFO - Found 60 links on page 27
2025-05-20 06:46:42,884 - INFO - Scraping page 30...
2025-05-20 06:46:45,231 - INFO - Found 60 links on page 28
2025-05-20 06:46:45,231 - INFO - Scraping page 31...
2025-05-20 06:46:46,286 - INFO - Found 60 links on page 30
2025-05-20 06:46:46,286 - INFO - Scraping page 32...
2025-05-20 06:46:46,462 - INFO - Found 60 links on page 29
2025-05-20 06:46:46,462 - INFO - Scraping page 33...
2025-05-20 06:46:48,779 - INFO - Found 60 links on page 31
2025-05-20 06:46:48,779 - INFO - Scraping page 34...
2025-05-20 06:46:49,670 - INFO - Found 60 links on page 32
2025-05-20 06:46:49,670 - INFO - Scraping page 35...
2025-05-20 06:46:50,548 - INFO - Found 60 links on page 33
2025-05-20 06:46:50,548 - INFO - Scraping page 36...
2025-05-20 06:46:52,621 - INFO - Found 60 links on page 34
2025-05-20 06:46:52,621 - INFO - Scraping page 37...
2025-05-20 06:46:53,333 - INFO - Found 60 links on page 35
2025-05-20 06:46:53,334 - INFO - Scraping page 38...
2025-05-20 06:46:53,961 - INFO - Found 60 links on page 36
2025-05-20 06:46:53,961 - INFO - Scraping page 39...
2025-05-20 06:46:56,680 - INFO - Found 60 links on page 38
2025-05-20 06:46:56,690 - INFO - Scraping page 40...
2025-05-20 06:46:56,846 - INFO - Found 60 links on page 37
2025-05-20 06:46:56,846 - INFO - Scraping page 41...
2025-05-20 06:46:57,298 - INFO - Found 60 links on page 39
2025-05-20 06:46:57,299 - INFO - Scraping page 42...
2025-05-20 06:47:00,615 - INFO - Found 60 links on page 40
2025-05-20 06:47:00,615 - INFO - Scraping page 43...
2025-05-20 06:47:00,935 - INFO - Found 60 links on page 41
2025-05-20 06:47:00,936 - INFO - Scraping page 44...
2025-05-20 06:47:01,333 - INFO - Found 60 links on page 42
2025-05-20 06:47:01,334 - INFO - Scraping page 45...
2025-05-20 06:47:04,398 - INFO - Found 60 links on page 43
2025-05-20 06:47:04,398 - INFO - Scraping page 46...
2025-05-20 06:47:04,752 - INFO - Found 60 links on page 44
2025-05-20 06:47:04,752 - INFO - Scraping page 47...
2025-05-20 06:47:05,223 - INFO - Found 60 links on page 45
2025-05-20 06:47:05,223 - INFO - Scraping page 48...
2025-05-20 06:47:08,109 - INFO - Found 60 links on page 46
2025-05-20 06:47:08,109 - INFO - Scraping page 49...
2025-05-20 06:47:08,350 - INFO - Found 60 links on page 47
2025-05-20 06:47:08,350 - INFO - Scraping page 50...
2025-05-20 06:47:08,813 - INFO - Found 60 links on page 48
2025-05-20 06:47:08,813 - INFO - Scraping page 51...
2025-05-20 06:47:11,870 - INFO - Found 60 links on page 49
2025-05-20 06:47:11,881 - INFO - Scraping page 52...
2025-05-20 06:47:12,077 - INFO - Found 60 links on page 50
2025-05-20 06:47:12,077 - INFO - Scraping page 53...
2025-05-20 06:47:12,504 - INFO - Found 60 links on page 51
2025-05-20 06:47:12,504 - INFO - Scraping page 54...
2025-05-20 06:47:15,732 - INFO - Found 60 links on page 53
2025-05-20 06:47:15,738 - INFO - Scraping page 55...
2025-05-20 06:47:15,865 - INFO - Found 60 links on page 52
2025-05-20 06:47:15,865 - INFO - Scraping page 56...
2025-05-20 06:47:16,049 - INFO - Found 60 links on page 54
2025-05-20 06:47:16,050 - INFO - Scraping page 57...
2025-05-20 06:47:20,109 - INFO - Found 60 links on page 56
2025-05-20 06:47:20,114 - INFO - Scraping page 58...
2025-05-20 06:47:20,152 - INFO - Found 60 links on page 55
2025-05-20 06:47:20,157 - INFO - Scraping page 59...
2025-05-20 06:47:20,170 - INFO - Found 60 links on page 57
2025-05-20 06:47:20,170 - INFO - Scraping page 60...
2025-05-20 06:47:23,873 - INFO - Found 60 links on page 60
2025-05-20 06:47:23,884 - INFO - Scraping page 61...
2025-05-20 06:47:24,104 - INFO - Found 60 links on page 59
2025-05-20 06:47:24,114 - INFO - Scraping page 62...
2025-05-20 06:47:24,220 - INFO - Found 60 links on page 58
2025-05-20 06:47:24,220 - INFO - Scraping page 63...
2025-05-20 06:47:28,219 - INFO - Found 60 links on page 61
2025-05-20 06:47:28,230 - INFO - Scraping page 64...
2025-05-20 06:47:28,345 - INFO - Found 60 links on page 62
2025-05-20 06:47:28,346 - INFO - Scraping page 65...
2025-05-20 06:47:28,725 - INFO - Found 60 links on page 63
2025-05-20 06:47:28,725 - INFO - Scraping page 66...
2025-05-20 06:47:32,043 - INFO - Found 60 links on page 64
2025-05-20 06:47:32,044 - INFO - Scraping page 67...
2025-05-20 06:47:32,223 - INFO - Found 60 links on page 65
2025-05-20 06:47:32,223 - INFO - Scraping page 68...
2025-05-20 06:47:33,079 - INFO - Found 60 links on page 66
2025-05-20 06:47:33,079 - INFO - Scraping page 69...
2025-05-20 06:47:35,513 - INFO - Found 60 links on page 67
2025-05-20 06:47:35,513 - INFO - Scraping page 70...
2025-05-20 06:47:35,824 - INFO - Found 60 links on page 68
2025-05-20 06:47:35,825 - INFO - Scraping page 71...
2025-05-20 06:47:37,547 - INFO - Found 60 links on page 69
2025-05-20 06:47:37,547 - INFO - Scraping page 72...
2025-05-20 06:47:39,248 - INFO - Found 60 links on page 71
2025-05-20 06:47:39,248 - INFO - Scraping page 73...
2025-05-20 06:47:39,815 - INFO - Found 60 links on page 70
2025-05-20 06:47:39,815 - INFO - Scraping page 74...
2025-05-20 06:47:41,719 - INFO - Found 60 links on page 72
2025-05-20 06:47:41,719 - INFO - Scraping page 75...
2025-05-20 06:47:42,765 - INFO - Found 60 links on page 73
2025-05-20 06:47:42,766 - INFO - Scraping page 76...
2025-05-20 06:47:43,679 - INFO - Found 60 links on page 74
2025-05-20 06:47:43,679 - INFO - Scraping page 77...
2025-05-20 06:47:46,036 - INFO - Found 60 links on page 75
2025-05-20 06:47:46,036 - INFO - Scraping page 78...
2025-05-20 06:47:46,677 - INFO - Found 60 links on page 76
2025-05-20 06:47:46,677 - INFO - Scraping page 79...
2025-05-20 06:47:47,212 - INFO - Found 60 links on page 77
2025-05-20 06:47:47,212 - INFO - Scraping page 80...
2025-05-20 06:47:49,849 - INFO - Found 60 links on page 78
2025-05-20 06:47:49,849 - INFO - Scraping page 81...
2025-05-20 06:47:50,404 - INFO - Found 60 links on page 79
2025-05-20 06:47:50,404 - INFO - Scraping page 82...
2025-05-20 06:47:51,248 - INFO - Found 60 links on page 80
2025-05-20 06:47:51,248 - INFO - Scraping page 83...
2025-05-20 06:47:53,921 - INFO - Found 60 links on page 81
2025-05-20 06:47:53,921 - INFO - Scraping page 84...
2025-05-20 06:47:54,099 - INFO - Found 60 links on page 82
2025-05-20 06:47:54,099 - INFO - Scraping page 85...
2025-05-20 06:47:54,764 - INFO - Found 60 links on page 83
2025-05-20 06:47:54,764 - INFO - Scraping page 86...
2025-05-20 06:47:57,634 - INFO - Found 60 links on page 85
2025-05-20 06:47:57,634 - INFO - Scraping page 87...
2025-05-20 06:47:57,820 - INFO - Found 60 links on page 84
2025-05-20 06:47:57,820 - INFO - Scraping page 88...
2025-05-20 06:47:58,553 - INFO - Found 60 links on page 86
2025-05-20 06:47:58,553 - INFO - Scraping page 89...
2025-05-20 06:48:00,755 - INFO - Found 10 links on page 88
2025-05-20 06:48:00,756 - INFO - Scraping page 90...
2025-05-20 06:48:01,111 - INFO - Found 60 links on page 87
2025-05-20 06:48:01,947 - INFO - Found 10 links on page 89
2025-05-20 06:48:04,192 - INFO - Found 10 links on page 90
2025-05-20 06:48:04,196 - INFO - Found 307 new links to scrape out of 5250 total links
2025-05-20 06:48:04,196 - INFO - Processing batch 1/7 (50 links)
2025-05-20 06:48:10,440 - INFO - Progress: 10/50 ads processed
2025-05-20 06:48:15,438 - INFO - Progress: 20/50 ads processed
2025-05-20 06:48:20,258 - INFO - Progress: 30/50 ads processed
2025-05-20 06:48:25,314 - INFO - Progress: 40/50 ads processed
2025-05-20 06:48:30,319 - INFO - Progress: 50/50 ads processed
2025-05-20 06:48:30,342 - INFO - Created backup of existing data file at unegui_data/unegui_rental_data.csv.bak
2025-05-20 06:48:30,424 - INFO - Data saved to unegui_data/unegui_rental_data.csv: 6968 records
2025-05-20 06:48:30,649 - INFO - Cache saved with 7139 URLs
2025-05-20 06:48:30,650 - INFO - Saved batch data. Total records: 6968
2025-05-20 06:48:30,650 - INFO - Processing batch 2/7 (50 links)
2025-05-20 06:48:36,086 - INFO - Progress: 10/50 ads processed
2025-05-20 06:48:40,847 - INFO - Progress: 20/50 ads processed
2025-05-20 06:48:46,292 - INFO - Progress: 30/50 ads processed
2025-05-20 06:48:51,861 - INFO - Progress: 40/50 ads processed
2025-05-20 06:48:56,726 - INFO - Progress: 50/50 ads processed
2025-05-20 06:48:56,749 - INFO - Created backup of existing data file at unegui_data/unegui_rental_data.csv.bak
2025-05-20 06:48:56,831 - INFO - Data saved to unegui_data/unegui_rental_data.csv: 7017 records
2025-05-20 06:48:57,054 - INFO - Cache saved with 7189 URLs
2025-05-20 06:48:57,054 - INFO - Saved batch data. Total records: 7017
2025-05-20 06:48:57,054 - INFO - Processing batch 3/7 (50 links)
2025-05-20 06:49:02,577 - INFO - Progress: 10/50 ads processed
2025-05-20 06:49:08,328 - INFO - Progress: 20/50 ads processed
2025-05-20 06:49:13,487 - INFO - Progress: 30/50 ads processed
2025-05-20 06:49:18,803 - INFO - Progress: 40/50 ads processed
2025-05-20 06:49:23,621 - INFO - Progress: 50/50 ads processed
2025-05-20 06:49:23,644 - INFO - Created backup of existing data file at unegui_data/unegui_rental_data.csv.bak
2025-05-20 06:49:23,727 - INFO - Data saved to unegui_data/unegui_rental_data.csv: 7066 records
2025-05-20 06:49:23,955 - INFO - Cache saved with 7239 URLs
2025-05-20 06:49:23,955 - INFO - Saved batch data. Total records: 7066
2025-05-20 06:49:23,955 - INFO - Processing batch 4/7 (50 links)
2025-05-20 06:49:29,803 - INFO - Progress: 10/50 ads processed
2025-05-20 06:49:35,253 - INFO - Progress: 20/50 ads processed
2025-05-20 06:49:39,989 - INFO - Progress: 30/50 ads processed
2025-05-20 06:49:45,070 - INFO - Progress: 40/50 ads processed
2025-05-20 06:49:50,264 - INFO - Progress: 50/50 ads processed
2025-05-20 06:49:50,287 - INFO - Created backup of existing data file at unegui_data/unegui_rental_data.csv.bak
2025-05-20 06:49:50,370 - INFO - Data saved to unegui_data/unegui_rental_data.csv: 7115 records
2025-05-20 06:49:50,597 - INFO - Cache saved with 7289 URLs
2025-05-20 06:49:50,597 - INFO - Saved batch data. Total records: 7115
2025-05-20 06:49:50,597 - INFO - Processing batch 5/7 (50 links)
2025-05-20 06:49:56,163 - INFO - Progress: 10/50 ads processed
2025-05-20 06:50:01,108 - INFO - Progress: 20/50 ads processed
2025-05-20 06:50:06,330 - INFO - Progress: 30/50 ads processed
2025-05-20 06:50:11,450 - INFO - Progress: 40/50 ads processed
2025-05-20 06:50:16,689 - INFO - Progress: 50/50 ads processed
2025-05-20 06:50:16,713 - INFO - Created backup of existing data file at unegui_data/unegui_rental_data.csv.bak
2025-05-20 06:50:16,797 - INFO - Data saved to unegui_data/unegui_rental_data.csv: 7163 records
2025-05-20 06:50:17,029 - INFO - Cache saved with 7339 URLs
2025-05-20 06:50:17,029 - INFO - Saved batch data. Total records: 7163
2025-05-20 06:50:17,029 - INFO - Processing batch 6/7 (50 links)
2025-05-20 06:50:22,415 - INFO - Progress: 10/50 ads processed
2025-05-20 06:50:27,749 - INFO - Progress: 20/50 ads processed
2025-05-20 06:50:33,101 - INFO - Progress: 30/50 ads processed
2025-05-20 06:50:37,873 - INFO - Progress: 40/50 ads processed
2025-05-20 06:50:43,397 - INFO - Progress: 50/50 ads processed
2025-05-20 06:50:43,420 - INFO - Created backup of existing data file at unegui_data/unegui_rental_data.csv.bak
2025-05-20 06:50:43,505 - INFO - Data saved to unegui_data/unegui_rental_data.csv: 7210 records
2025-05-20 06:50:43,740 - INFO - Cache saved with 7389 URLs
2025-05-20 06:50:43,740 - INFO - Saved batch data. Total records: 7210
2025-05-20 06:50:43,740 - INFO - Processing batch 7/7 (7 links)
2025-05-20 06:50:48,986 - INFO - Progress: 7/7 ads processed
2025-05-20 06:50:49,011 - INFO - Created backup of existing data file at unegui_data/unegui_rental_data.csv.bak
2025-05-20 06:50:49,097 - INFO - Data saved to unegui_data/unegui_rental_data.csv: 7217 records
2025-05-20 06:50:49,330 - INFO - Cache saved with 7396 URLs
2025-05-20 06:50:49,331 - INFO - Saved batch data. Total records: 7217
2025-05-20 06:50:49,331 - INFO - Scraping completed in 0:04:41.353434. Total ads collected: 7217
