2025-05-18 06:41:20,099 - INFO - Starting rental apartment scraper at 2025-05-18 06:41:20.099046
2025-05-18 06:41:20,159 - INFO - Loaded existing data from unegui_data/unegui_rental_data.csv: 6572 records
2025-05-18 06:41:20,230 - INFO - Loaded 6572 existing records
2025-05-18 06:41:20,231 - INFO - Scraping page 1...
2025-05-18 06:41:20,231 - INFO - Scraping page 2...
2025-05-18 06:41:20,231 - INFO - Scraping page 3...
2025-05-18 06:41:24,309 - INFO - Found 60 links on page 1
2025-05-18 06:41:24,309 - INFO - Scraping page 4...
2025-05-18 06:41:24,566 - INFO - Found 60 links on page 3
2025-05-18 06:41:24,571 - INFO - Scraping page 5...
2025-05-18 06:41:24,731 - INFO - Found 60 links on page 2
2025-05-18 06:41:24,731 - INFO - Scraping page 6...
2025-05-18 06:41:27,839 - INFO - Found 60 links on page 4
2025-05-18 06:41:27,839 - INFO - Scraping page 7...
2025-05-18 06:41:28,330 - INFO - Found 60 links on page 6
2025-05-18 06:41:28,330 - INFO - Scraping page 8...
2025-05-18 06:41:28,609 - INFO - Found 60 links on page 5
2025-05-18 06:41:28,609 - INFO - Scraping page 9...
2025-05-18 06:41:32,122 - INFO - Found 60 links on page 8
2025-05-18 06:41:32,132 - INFO - Scraping page 10...
2025-05-18 06:41:32,262 - INFO - Found 60 links on page 7
2025-05-18 06:41:32,262 - INFO - Scraping page 11...
2025-05-18 06:41:32,598 - INFO - Found 60 links on page 9
2025-05-18 06:41:32,598 - INFO - Scraping page 12...
2025-05-18 06:41:35,680 - INFO - Found 60 links on page 10
2025-05-18 06:41:35,680 - INFO - Scraping page 13...
2025-05-18 06:41:35,976 - INFO - Found 60 links on page 11
2025-05-18 06:41:35,977 - INFO - Scraping page 14...
2025-05-18 06:41:36,956 - INFO - Found 60 links on page 12
2025-05-18 06:41:36,956 - INFO - Scraping page 15...
2025-05-18 06:41:39,308 - INFO - Found 60 links on page 13
2025-05-18 06:41:39,308 - INFO - Scraping page 16...
2025-05-18 06:41:39,668 - INFO - Found 60 links on page 14
2025-05-18 06:41:39,669 - INFO - Scraping page 17...
2025-05-18 06:41:40,438 - INFO - Found 60 links on page 15
2025-05-18 06:41:40,438 - INFO - Scraping page 18...
2025-05-18 06:41:43,135 - INFO - Found 60 links on page 16
2025-05-18 06:41:43,135 - INFO - Scraping page 19...
2025-05-18 06:41:43,485 - INFO - Found 60 links on page 17
2025-05-18 06:41:43,485 - INFO - Scraping page 20...
2025-05-18 06:41:44,009 - INFO - Found 60 links on page 18
2025-05-18 06:41:44,009 - INFO - Scraping page 21...
2025-05-18 06:41:46,685 - INFO - Found 60 links on page 19
2025-05-18 06:41:46,685 - INFO - Scraping page 22...
2025-05-18 06:41:47,035 - INFO - Found 60 links on page 20
2025-05-18 06:41:47,035 - INFO - Scraping page 23...
2025-05-18 06:41:47,540 - INFO - Found 60 links on page 21
2025-05-18 06:41:47,540 - INFO - Scraping page 24...
2025-05-18 06:41:50,313 - INFO - Found 60 links on page 22
2025-05-18 06:41:50,314 - INFO - Scraping page 25...
2025-05-18 06:41:50,771 - INFO - Found 60 links on page 23
2025-05-18 06:41:50,771 - INFO - Scraping page 26...
2025-05-18 06:41:51,290 - INFO - Found 60 links on page 24
2025-05-18 06:41:51,290 - INFO - Scraping page 27...
2025-05-18 06:41:54,143 - INFO - Found 60 links on page 25
2025-05-18 06:41:54,143 - INFO - Scraping page 28...
2025-05-18 06:41:54,413 - INFO - Found 60 links on page 26
2025-05-18 06:41:54,413 - INFO - Scraping page 29...
2025-05-18 06:41:55,037 - INFO - Found 60 links on page 27
2025-05-18 06:41:55,037 - INFO - Scraping page 30...
2025-05-18 06:41:57,798 - INFO - Found 60 links on page 29
2025-05-18 06:41:57,798 - INFO - Scraping page 31...
2025-05-18 06:41:57,982 - INFO - Found 60 links on page 28
2025-05-18 06:41:57,982 - INFO - Scraping page 32...
2025-05-18 06:41:58,484 - INFO - Found 60 links on page 30
2025-05-18 06:41:58,485 - INFO - Scraping page 33...
2025-05-18 06:42:01,567 - INFO - Found 60 links on page 31
2025-05-18 06:42:01,567 - INFO - Scraping page 34...
2025-05-18 06:42:02,093 - INFO - Found 60 links on page 33
2025-05-18 06:42:02,103 - INFO - Scraping page 35...
2025-05-18 06:42:02,165 - INFO - Found 60 links on page 32
2025-05-18 06:42:02,165 - INFO - Scraping page 36...
2025-05-18 06:42:05,036 - INFO - Found 60 links on page 34
2025-05-18 06:42:05,036 - INFO - Scraping page 37...
2025-05-18 06:42:05,901 - INFO - Found 60 links on page 35
2025-05-18 06:42:05,901 - INFO - Scraping page 38...
2025-05-18 06:42:06,440 - INFO - Found 60 links on page 36
2025-05-18 06:42:06,440 - INFO - Scraping page 39...
2025-05-18 06:42:08,542 - INFO - Found 60 links on page 37
2025-05-18 06:42:08,543 - INFO - Scraping page 40...
2025-05-18 06:42:09,433 - INFO - Found 60 links on page 38
2025-05-18 06:42:09,433 - INFO - Scraping page 41...
2025-05-18 06:42:09,979 - INFO - Found 60 links on page 39
2025-05-18 06:42:09,979 - INFO - Scraping page 42...
2025-05-18 06:42:12,422 - INFO - Found 60 links on page 40
2025-05-18 06:42:12,422 - INFO - Scraping page 43...
2025-05-18 06:42:13,108 - INFO - Found 60 links on page 41
2025-05-18 06:42:13,108 - INFO - Scraping page 44...
2025-05-18 06:42:13,508 - INFO - Found 60 links on page 42
2025-05-18 06:42:13,508 - INFO - Scraping page 45...
2025-05-18 06:42:16,037 - INFO - Found 60 links on page 43
2025-05-18 06:42:16,038 - INFO - Scraping page 46...
2025-05-18 06:42:16,834 - INFO - Found 60 links on page 44
2025-05-18 06:42:16,834 - INFO - Scraping page 47...
2025-05-18 06:42:17,812 - INFO - Found 60 links on page 45
2025-05-18 06:42:17,812 - INFO - Scraping page 48...
2025-05-18 06:42:19,629 - INFO - Found 60 links on page 46
2025-05-18 06:42:19,629 - INFO - Scraping page 49...
2025-05-18 06:42:20,624 - INFO - Found 60 links on page 47
2025-05-18 06:42:20,624 - INFO - Scraping page 50...
2025-05-18 06:42:21,453 - INFO - Found 60 links on page 48
2025-05-18 06:42:21,454 - INFO - Scraping page 51...
2025-05-18 06:42:23,049 - INFO - Found 60 links on page 49
2025-05-18 06:42:23,049 - INFO - Scraping page 52...
2025-05-18 06:42:24,339 - INFO - Found 60 links on page 50
2025-05-18 06:42:24,339 - INFO - Scraping page 53...
2025-05-18 06:42:24,824 - INFO - Found 60 links on page 51
2025-05-18 06:42:24,824 - INFO - Scraping page 54...
2025-05-18 06:42:26,494 - INFO - Found 60 links on page 52
2025-05-18 06:42:26,495 - INFO - Scraping page 55...
2025-05-18 06:42:27,834 - INFO - Found 60 links on page 53
2025-05-18 06:42:27,834 - INFO - Scraping page 56...
2025-05-18 06:42:28,436 - INFO - Found 60 links on page 54
2025-05-18 06:42:28,437 - INFO - Scraping page 57...
2025-05-18 06:42:29,802 - INFO - Found 60 links on page 55
2025-05-18 06:42:29,803 - INFO - Scraping page 58...
2025-05-18 06:42:31,334 - INFO - Found 60 links on page 56
2025-05-18 06:42:31,334 - INFO - Scraping page 59...
2025-05-18 06:42:32,431 - INFO - Found 60 links on page 57
2025-05-18 06:42:32,431 - INFO - Scraping page 60...
2025-05-18 06:42:34,095 - INFO - Found 60 links on page 58
2025-05-18 06:42:34,095 - INFO - Scraping page 61...
2025-05-18 06:42:34,817 - INFO - Found 60 links on page 59
2025-05-18 06:42:34,817 - INFO - Scraping page 62...
2025-05-18 06:42:35,985 - INFO - Found 60 links on page 60
2025-05-18 06:42:35,986 - INFO - Scraping page 63...
2025-05-18 06:42:38,129 - INFO - Found 60 links on page 61
2025-05-18 06:42:38,129 - INFO - Scraping page 64...
2025-05-18 06:42:38,542 - INFO - Found 60 links on page 62
2025-05-18 06:42:38,542 - INFO - Scraping page 65...
2025-05-18 06:42:39,539 - INFO - Found 60 links on page 63
2025-05-18 06:42:39,539 - INFO - Scraping page 66...
2025-05-18 06:42:42,021 - INFO - Found 60 links on page 64
2025-05-18 06:42:42,021 - INFO - Scraping page 67...
2025-05-18 06:42:42,313 - INFO - Found 60 links on page 65
2025-05-18 06:42:42,314 - INFO - Scraping page 68...
2025-05-18 06:42:43,068 - INFO - Found 60 links on page 66
2025-05-18 06:42:43,068 - INFO - Scraping page 69...
2025-05-18 06:42:45,768 - INFO - Found 60 links on page 67
2025-05-18 06:42:45,773 - INFO - Scraping page 70...
2025-05-18 06:42:45,919 - INFO - Found 60 links on page 68
2025-05-18 06:42:45,919 - INFO - Scraping page 71...
2025-05-18 06:42:46,622 - INFO - Found 60 links on page 69
2025-05-18 06:42:46,622 - INFO - Scraping page 72...
2025-05-18 06:42:49,207 - INFO - Found 60 links on page 70
2025-05-18 06:42:49,207 - INFO - Scraping page 73...
2025-05-18 06:42:49,615 - INFO - Found 60 links on page 71
2025-05-18 06:42:49,615 - INFO - Scraping page 74...
2025-05-18 06:42:50,317 - INFO - Found 60 links on page 72
2025-05-18 06:42:50,317 - INFO - Scraping page 75...
2025-05-18 06:42:52,889 - INFO - Found 60 links on page 73
2025-05-18 06:42:52,889 - INFO - Scraping page 76...
2025-05-18 06:42:53,139 - INFO - Found 60 links on page 74
2025-05-18 06:42:53,139 - INFO - Scraping page 77...
2025-05-18 06:42:53,870 - INFO - Found 60 links on page 75
2025-05-18 06:42:53,870 - INFO - Scraping page 78...
2025-05-18 06:42:57,034 - INFO - Found 60 links on page 76
2025-05-18 06:42:57,034 - INFO - Scraping page 79...
2025-05-18 06:42:57,548 - INFO - Found 60 links on page 77
2025-05-18 06:42:57,554 - INFO - Scraping page 80...
2025-05-18 06:42:57,642 - INFO - Found 60 links on page 78
2025-05-18 06:42:57,642 - INFO - Scraping page 81...
2025-05-18 06:43:00,689 - INFO - Found 60 links on page 79
2025-05-18 06:43:00,690 - INFO - Scraping page 82...
2025-05-18 06:43:01,447 - INFO - Found 60 links on page 80
2025-05-18 06:43:01,452 - INFO - Scraping page 83...
2025-05-18 06:43:01,559 - INFO - Found 60 links on page 81
2025-05-18 06:43:01,559 - INFO - Scraping page 84...
2025-05-18 06:43:04,308 - INFO - Found 60 links on page 82
2025-05-18 06:43:04,309 - INFO - Scraping page 85...
2025-05-18 06:43:05,383 - INFO - Found 60 links on page 83
2025-05-18 06:43:05,383 - INFO - Scraping page 86...
2025-05-18 06:43:05,581 - INFO - Found 60 links on page 84
2025-05-18 06:43:05,581 - INFO - Scraping page 87...
2025-05-18 06:43:07,903 - INFO - Found 58 links on page 85
2025-05-18 06:43:07,904 - INFO - Scraping page 88...
2025-05-18 06:43:08,476 - INFO - Found 0 links on page 86
2025-05-18 06:43:08,476 - INFO - Scraping page 89...
2025-05-18 06:43:09,985 - INFO - Found 58 links on page 87
2025-05-18 06:43:09,985 - INFO - Scraping page 90...
2025-05-18 06:43:11,585 - INFO - Found 58 links on page 88
2025-05-18 06:43:12,238 - INFO - Found 58 links on page 89
2025-05-18 06:43:13,233 - INFO - Found 0 links on page 90
2025-05-18 06:43:13,237 - INFO - Found 151 new links to scrape out of 5272 total links
2025-05-18 06:43:13,237 - INFO - Processing batch 1/4 (50 links)
2025-05-18 06:43:18,642 - INFO - Progress: 10/50 ads processed
2025-05-18 06:43:23,546 - INFO - Progress: 20/50 ads processed
2025-05-18 06:43:28,734 - INFO - Progress: 30/50 ads processed
2025-05-18 06:43:33,871 - INFO - Progress: 40/50 ads processed
2025-05-18 06:43:39,561 - INFO - Progress: 50/50 ads processed
2025-05-18 06:43:39,583 - INFO - Created backup of existing data file at unegui_data/unegui_rental_data.csv.bak
2025-05-18 06:43:39,660 - INFO - Data saved to unegui_data/unegui_rental_data.csv: 6621 records
2025-05-18 06:43:39,876 - INFO - Cache saved with 6781 URLs
2025-05-18 06:43:39,876 - INFO - Saved batch data. Total records: 6621
2025-05-18 06:43:39,876 - INFO - Processing batch 2/4 (50 links)
2025-05-18 06:43:45,222 - INFO - Progress: 10/50 ads processed
2025-05-18 06:43:50,562 - INFO - Progress: 20/50 ads processed
2025-05-18 06:43:55,268 - INFO - Progress: 30/50 ads processed
2025-05-18 06:44:00,739 - INFO - Progress: 40/50 ads processed
2025-05-18 06:44:05,878 - INFO - Progress: 50/50 ads processed
2025-05-18 06:44:05,901 - INFO - Created backup of existing data file at unegui_data/unegui_rental_data.csv.bak
2025-05-18 06:44:05,980 - INFO - Data saved to unegui_data/unegui_rental_data.csv: 6670 records
2025-05-18 06:44:06,196 - INFO - Cache saved with 6831 URLs
2025-05-18 06:44:06,196 - INFO - Saved batch data. Total records: 6670
2025-05-18 06:44:06,196 - INFO - Processing batch 3/4 (50 links)
2025-05-18 06:44:11,449 - INFO - Progress: 10/50 ads processed
2025-05-18 06:44:16,857 - INFO - Progress: 20/50 ads processed
2025-05-18 06:44:21,373 - INFO - Progress: 30/50 ads processed
2025-05-18 06:44:26,356 - INFO - Progress: 40/50 ads processed
2025-05-18 06:44:31,557 - INFO - Progress: 50/50 ads processed
2025-05-18 06:44:31,579 - INFO - Created backup of existing data file at unegui_data/unegui_rental_data.csv.bak
2025-05-18 06:44:31,658 - INFO - Data saved to unegui_data/unegui_rental_data.csv: 6718 records
2025-05-18 06:44:31,877 - INFO - Cache saved with 6881 URLs
2025-05-18 06:44:31,877 - INFO - Saved batch data. Total records: 6718
2025-05-18 06:44:31,878 - INFO - Processing batch 4/4 (1 links)
2025-05-18 06:44:34,470 - INFO - Progress: 1/1 ads processed
2025-05-18 06:44:34,492 - INFO - Created backup of existing data file at unegui_data/unegui_rental_data.csv.bak
2025-05-18 06:44:34,570 - INFO - Data saved to unegui_data/unegui_rental_data.csv: 6719 records
2025-05-18 06:44:34,790 - INFO - Cache saved with 6882 URLs
2025-05-18 06:44:34,790 - INFO - Saved batch data. Total records: 6719
2025-05-18 06:44:34,790 - INFO - Scraping completed in 0:03:14.691913. Total ads collected: 6719
