2025-06-29 06:42:36,364 - INFO - Starting rental apartment scraper at 2025-06-29 06:42:36.364891
2025-06-29 06:42:36,506 - INFO - Loaded existing data from unegui_data/unegui_rental_data.csv: 15991 records
2025-06-29 06:42:36,682 - INFO - Loaded 15991 existing records
2025-06-29 06:42:36,685 - INFO - Scraping page 1...
2025-06-29 06:42:36,685 - INFO - Scraping page 2...
2025-06-29 06:42:36,685 - INFO - Scraping page 3...
2025-06-29 06:42:40,919 - INFO - Found 60 links on page 1
2025-06-29 06:42:40,929 - INFO - Scraping page 4...
2025-06-29 06:42:41,167 - INFO - Found 60 links on page 2
2025-06-29 06:42:41,172 - INFO - Scraping page 5...
2025-06-29 06:42:41,268 - INFO - Found 60 links on page 3
2025-06-29 06:42:41,268 - INFO - Scraping page 6...
2025-06-29 06:42:44,604 - INFO - Found 60 links on page 4
2025-06-29 06:42:44,604 - INFO - Scraping page 7...
2025-06-29 06:42:44,795 - INFO - Found 60 links on page 5
2025-06-29 06:42:44,796 - INFO - Scraping page 8...
2025-06-29 06:42:45,122 - INFO - Found 60 links on page 6
2025-06-29 06:42:45,122 - INFO - Scraping page 9...
2025-06-29 06:42:48,343 - INFO - Found 60 links on page 7
2025-06-29 06:42:48,344 - INFO - Scraping page 10...
2025-06-29 06:42:48,509 - INFO - Found 60 links on page 8
2025-06-29 06:42:48,509 - INFO - Scraping page 11...
2025-06-29 06:42:49,451 - INFO - Found 60 links on page 9
2025-06-29 06:42:49,452 - INFO - Scraping page 12...
2025-06-29 06:42:51,619 - INFO - Found 60 links on page 10
2025-06-29 06:42:51,620 - INFO - Scraping page 13...
2025-06-29 06:42:52,243 - INFO - Found 60 links on page 11
2025-06-29 06:42:52,243 - INFO - Scraping page 14...
2025-06-29 06:42:53,317 - INFO - Found 60 links on page 12
2025-06-29 06:42:53,318 - INFO - Scraping page 15...
2025-06-29 06:42:55,415 - INFO - Found 60 links on page 13
2025-06-29 06:42:55,415 - INFO - Scraping page 16...
2025-06-29 06:42:55,854 - INFO - Found 60 links on page 14
2025-06-29 06:42:55,854 - INFO - Scraping page 17...
2025-06-29 06:42:56,868 - INFO - Found 60 links on page 15
2025-06-29 06:42:56,869 - INFO - Scraping page 18...
2025-06-29 06:42:59,072 - INFO - Found 60 links on page 16
2025-06-29 06:42:59,073 - INFO - Scraping page 19...
2025-06-29 06:42:59,524 - INFO - Found 60 links on page 17
2025-06-29 06:42:59,524 - INFO - Scraping page 20...
2025-06-29 06:43:01,290 - INFO - Found 60 links on page 18
2025-06-29 06:43:01,290 - INFO - Scraping page 21...
2025-06-29 06:43:03,193 - INFO - Found 60 links on page 20
2025-06-29 06:43:03,198 - INFO - Scraping page 22...
2025-06-29 06:43:03,268 - INFO - Found 60 links on page 19
2025-06-29 06:43:03,268 - INFO - Scraping page 23...
2025-06-29 06:43:04,974 - INFO - Found 60 links on page 21
2025-06-29 06:43:04,975 - INFO - Scraping page 24...
2025-06-29 06:43:07,186 - INFO - Found 60 links on page 23
2025-06-29 06:43:07,191 - INFO - Scraping page 25...
2025-06-29 06:43:07,239 - INFO - Found 60 links on page 22
2025-06-29 06:43:07,239 - INFO - Scraping page 26...
2025-06-29 06:43:08,785 - INFO - Found 60 links on page 24
2025-06-29 06:43:08,786 - INFO - Scraping page 27...
2025-06-29 06:43:10,954 - INFO - Found 60 links on page 26
2025-06-29 06:43:10,959 - INFO - Scraping page 28...
2025-06-29 06:43:11,025 - INFO - Found 60 links on page 25
2025-06-29 06:43:11,025 - INFO - Scraping page 29...
2025-06-29 06:43:12,458 - INFO - Found 60 links on page 27
2025-06-29 06:43:12,459 - INFO - Scraping page 30...
2025-06-29 06:43:14,721 - INFO - Found 60 links on page 28
2025-06-29 06:43:14,726 - INFO - Scraping page 31...
2025-06-29 06:43:14,868 - INFO - Found 60 links on page 29
2025-06-29 06:43:14,868 - INFO - Scraping page 32...
2025-06-29 06:43:15,821 - INFO - Found 60 links on page 30
2025-06-29 06:43:15,822 - INFO - Scraping page 33...
2025-06-29 06:43:18,415 - INFO - Found 60 links on page 32
2025-06-29 06:43:18,421 - INFO - Scraping page 34...
2025-06-29 06:43:18,495 - INFO - Found 60 links on page 31
2025-06-29 06:43:18,496 - INFO - Scraping page 35...
2025-06-29 06:43:19,251 - INFO - Found 60 links on page 33
2025-06-29 06:43:19,251 - INFO - Scraping page 36...
2025-06-29 06:43:21,736 - INFO - Found 60 links on page 34
2025-06-29 06:43:21,742 - INFO - Scraping page 37...
2025-06-29 06:43:21,920 - INFO - Found 60 links on page 35
2025-06-29 06:43:21,920 - INFO - Scraping page 38...
2025-06-29 06:43:22,920 - INFO - Found 60 links on page 36
2025-06-29 06:43:22,921 - INFO - Scraping page 39...
2025-06-29 06:43:25,730 - INFO - Found 60 links on page 38
2025-06-29 06:43:25,730 - INFO - Scraping page 40...
2025-06-29 06:43:26,100 - INFO - Found 60 links on page 37
2025-06-29 06:43:26,100 - INFO - Scraping page 41...
2025-06-29 06:43:26,727 - INFO - Found 60 links on page 39
2025-06-29 06:43:26,727 - INFO - Scraping page 42...
2025-06-29 06:43:29,387 - INFO - Found 60 links on page 40
2025-06-29 06:43:29,387 - INFO - Scraping page 43...
2025-06-29 06:43:29,850 - INFO - Found 60 links on page 41
2025-06-29 06:43:29,851 - INFO - Scraping page 44...
2025-06-29 06:43:30,242 - INFO - Found 60 links on page 42
2025-06-29 06:43:30,242 - INFO - Scraping page 45...
2025-06-29 06:43:32,942 - INFO - Found 60 links on page 43
2025-06-29 06:43:32,943 - INFO - Scraping page 46...
2025-06-29 06:43:33,436 - INFO - Found 60 links on page 44
2025-06-29 06:43:33,437 - INFO - Scraping page 47...
2025-06-29 06:43:33,685 - INFO - Found 60 links on page 45
2025-06-29 06:43:33,685 - INFO - Scraping page 48...
2025-06-29 06:43:36,423 - INFO - Found 60 links on page 46
2025-06-29 06:43:36,423 - INFO - Scraping page 49...
2025-06-29 06:43:37,328 - INFO - Found 60 links on page 47
2025-06-29 06:43:37,333 - INFO - Scraping page 50...
2025-06-29 06:43:37,456 - INFO - Found 60 links on page 48
2025-06-29 06:43:37,456 - INFO - Scraping page 51...
2025-06-29 06:43:39,717 - INFO - Found 60 links on page 49
2025-06-29 06:43:39,717 - INFO - Scraping page 52...
2025-06-29 06:43:40,887 - INFO - Found 60 links on page 50
2025-06-29 06:43:40,887 - INFO - Scraping page 53...
2025-06-29 06:43:41,196 - INFO - Found 60 links on page 51
2025-06-29 06:43:41,197 - INFO - Scraping page 54...
2025-06-29 06:43:44,065 - INFO - Found 60 links on page 52
2025-06-29 06:43:44,065 - INFO - Scraping page 55...
2025-06-29 06:43:44,584 - INFO - Found 60 links on page 53
2025-06-29 06:43:44,584 - INFO - Scraping page 56...
2025-06-29 06:43:44,912 - INFO - Found 60 links on page 54
2025-06-29 06:43:44,913 - INFO - Scraping page 57...
2025-06-29 06:43:48,000 - INFO - Found 60 links on page 56
2025-06-29 06:43:48,006 - INFO - Scraping page 58...
2025-06-29 06:43:48,182 - INFO - Found 60 links on page 55
2025-06-29 06:43:48,182 - INFO - Scraping page 59...
2025-06-29 06:43:48,688 - INFO - Found 60 links on page 57
2025-06-29 06:43:48,688 - INFO - Scraping page 60...
2025-06-29 06:43:51,965 - INFO - Found 60 links on page 59
2025-06-29 06:43:51,965 - INFO - Scraping page 61...
2025-06-29 06:43:52,267 - INFO - Found 60 links on page 58
2025-06-29 06:43:52,272 - INFO - Scraping page 62...
2025-06-29 06:43:52,438 - INFO - Found 60 links on page 60
2025-06-29 06:43:52,438 - INFO - Scraping page 63...
2025-06-29 06:43:55,944 - INFO - Found 60 links on page 63
2025-06-29 06:43:55,944 - INFO - Scraping page 64...
2025-06-29 06:43:56,046 - INFO - Found 60 links on page 62
2025-06-29 06:43:56,046 - INFO - Scraping page 65...
2025-06-29 06:43:56,285 - INFO - Found 60 links on page 61
2025-06-29 06:43:56,285 - INFO - Scraping page 66...
2025-06-29 06:43:59,247 - INFO - Found 60 links on page 64
2025-06-29 06:43:59,247 - INFO - Scraping page 67...
2025-06-29 06:43:59,826 - INFO - Found 60 links on page 66
2025-06-29 06:43:59,826 - INFO - Scraping page 68...
2025-06-29 06:44:00,203 - INFO - Found 60 links on page 65
2025-06-29 06:44:00,203 - INFO - Scraping page 69...
2025-06-29 06:44:02,956 - INFO - Found 60 links on page 67
2025-06-29 06:44:02,956 - INFO - Scraping page 70...
2025-06-29 06:44:03,512 - INFO - Found 60 links on page 68
2025-06-29 06:44:03,517 - INFO - Scraping page 71...
2025-06-29 06:44:03,759 - INFO - Found 60 links on page 69
2025-06-29 06:44:03,759 - INFO - Scraping page 72...
2025-06-29 06:44:06,550 - INFO - Found 60 links on page 70
2025-06-29 06:44:06,550 - INFO - Scraping page 73...
2025-06-29 06:44:06,858 - INFO - Found 60 links on page 71
2025-06-29 06:44:06,859 - INFO - Scraping page 74...
2025-06-29 06:44:07,360 - INFO - Found 60 links on page 72
2025-06-29 06:44:07,360 - INFO - Scraping page 75...
2025-06-29 06:44:10,494 - INFO - Found 60 links on page 73
2025-06-29 06:44:10,495 - INFO - Scraping page 76...
2025-06-29 06:44:11,062 - INFO - Found 60 links on page 74
2025-06-29 06:44:11,067 - INFO - Scraping page 77...
2025-06-29 06:44:11,304 - INFO - Found 60 links on page 75
2025-06-29 06:44:11,304 - INFO - Scraping page 78...
2025-06-29 06:44:14,054 - INFO - Found 60 links on page 76
2025-06-29 06:44:14,054 - INFO - Scraping page 79...
2025-06-29 06:44:14,651 - INFO - Found 60 links on page 77
2025-06-29 06:44:14,656 - INFO - Scraping page 80...
2025-06-29 06:44:14,823 - INFO - Found 60 links on page 78
2025-06-29 06:44:14,823 - INFO - Scraping page 81...
2025-06-29 06:44:17,758 - INFO - Found 60 links on page 79
2025-06-29 06:44:17,758 - INFO - Scraping page 82...
2025-06-29 06:44:18,333 - INFO - Found 60 links on page 81
2025-06-29 06:44:18,333 - INFO - Scraping page 83...
2025-06-29 06:44:18,544 - INFO - Found 60 links on page 80
2025-06-29 06:44:18,544 - INFO - Scraping page 84...
2025-06-29 06:44:21,110 - INFO - Found 60 links on page 82
2025-06-29 06:44:21,110 - INFO - Scraping page 85...
2025-06-29 06:44:22,070 - INFO - Found 60 links on page 83
2025-06-29 06:44:22,070 - INFO - Scraping page 86...
2025-06-29 06:44:22,287 - INFO - Found 60 links on page 84
2025-06-29 06:44:22,287 - INFO - Scraping page 87...
2025-06-29 06:44:24,730 - INFO - Found 60 links on page 85
2025-06-29 06:44:24,730 - INFO - Scraping page 88...
2025-06-29 06:44:25,599 - INFO - Found 60 links on page 86
2025-06-29 06:44:25,600 - INFO - Scraping page 89...
2025-06-29 06:44:26,035 - INFO - Found 60 links on page 87
2025-06-29 06:44:26,035 - INFO - Scraping page 90...
2025-06-29 06:44:28,247 - INFO - Found 56 links on page 88
2025-06-29 06:44:29,261 - INFO - Found 56 links on page 89
2025-06-29 06:44:29,839 - INFO - Found 57 links on page 90
2025-06-29 06:44:29,843 - INFO - Found 174 new links to scrape out of 5389 total links
2025-06-29 06:44:29,843 - INFO - Processing batch 1/4 (50 links)
2025-06-29 06:44:35,836 - INFO - Progress: 10/50 ads processed
2025-06-29 06:44:40,883 - INFO - Progress: 20/50 ads processed
2025-06-29 06:44:45,945 - INFO - Progress: 30/50 ads processed
2025-06-29 06:44:50,821 - INFO - Progress: 40/50 ads processed
2025-06-29 06:44:55,758 - INFO - Progress: 50/50 ads processed
2025-06-29 06:44:55,807 - INFO - Created backup of existing data file at unegui_data/unegui_rental_data.csv.bak
2025-06-29 06:44:55,998 - INFO - Data saved to unegui_data/unegui_rental_data.csv: 16041 records
2025-06-29 06:44:56,519 - INFO - Cache saved with 16451 URLs
2025-06-29 06:44:56,519 - INFO - Saved batch data. Total records: 16041
2025-06-29 06:44:56,519 - INFO - Processing batch 2/4 (50 links)
2025-06-29 06:45:02,351 - INFO - Progress: 10/50 ads processed
2025-06-29 06:45:07,619 - INFO - Progress: 20/50 ads processed
2025-06-29 06:45:12,860 - INFO - Progress: 30/50 ads processed
2025-06-29 06:45:18,138 - INFO - Progress: 40/50 ads processed
2025-06-29 06:45:23,216 - INFO - Progress: 50/50 ads processed
2025-06-29 06:45:23,267 - INFO - Created backup of existing data file at unegui_data/unegui_rental_data.csv.bak
2025-06-29 06:45:23,474 - INFO - Data saved to unegui_data/unegui_rental_data.csv: 16089 records
2025-06-29 06:45:24,005 - INFO - Cache saved with 16501 URLs
2025-06-29 06:45:24,005 - INFO - Saved batch data. Total records: 16089
2025-06-29 06:45:24,005 - INFO - Processing batch 3/4 (50 links)
2025-06-29 06:45:29,353 - INFO - Progress: 10/50 ads processed
2025-06-29 06:45:34,308 - INFO - Progress: 20/50 ads processed
2025-06-29 06:45:39,728 - INFO - Progress: 30/50 ads processed
2025-06-29 06:45:45,005 - INFO - Progress: 40/50 ads processed
2025-06-29 06:45:50,268 - INFO - Progress: 50/50 ads processed
2025-06-29 06:45:50,318 - INFO - Created backup of existing data file at unegui_data/unegui_rental_data.csv.bak
2025-06-29 06:45:50,510 - INFO - Data saved to unegui_data/unegui_rental_data.csv: 16139 records
2025-06-29 06:45:51,041 - INFO - Cache saved with 16551 URLs
2025-06-29 06:45:51,041 - INFO - Saved batch data. Total records: 16139
2025-06-29 06:45:51,041 - INFO - Processing batch 4/4 (24 links)
2025-06-29 06:45:56,287 - INFO - Progress: 10/24 ads processed
2025-06-29 06:46:02,138 - INFO - Progress: 20/24 ads processed
2025-06-29 06:46:03,943 - INFO - Progress: 24/24 ads processed
2025-06-29 06:46:03,992 - INFO - Created backup of existing data file at unegui_data/unegui_rental_data.csv.bak
2025-06-29 06:46:04,183 - INFO - Data saved to unegui_data/unegui_rental_data.csv: 16162 records
2025-06-29 06:46:04,716 - INFO - Cache saved with 16575 URLs
2025-06-29 06:46:04,716 - INFO - Saved batch data. Total records: 16162
2025-06-29 06:46:04,716 - INFO - Scraping completed in 0:03:28.351557. Total ads collected: 16162
