2025-06-14 06:42:08,982 - INFO - Starting rental apartment scraper at 2025-06-14 06:42:08.982756
2025-06-14 06:42:09,093 - INFO - Loaded existing data from unegui_data/unegui_rental_data.csv: 12743 records
2025-06-14 06:42:09,229 - INFO - Loaded 12743 existing records
2025-06-14 06:42:09,231 - INFO - Scraping page 1...
2025-06-14 06:42:09,231 - INFO - Scraping page 2...
2025-06-14 06:42:09,232 - INFO - Scraping page 3...
2025-06-14 06:42:13,244 - INFO - Found 60 links on page 2
2025-06-14 06:42:13,244 - INFO - Scraping page 4...
2025-06-14 06:42:13,616 - INFO - Found 60 links on page 1
2025-06-14 06:42:13,621 - INFO - Scraping page 5...
2025-06-14 06:42:13,652 - INFO - Found 60 links on page 3
2025-06-14 06:42:13,652 - INFO - Scraping page 6...
2025-06-14 06:42:17,068 - INFO - Found 60 links on page 4
2025-06-14 06:42:17,068 - INFO - Scraping page 7...
2025-06-14 06:42:17,243 - INFO - Found 60 links on page 5
2025-06-14 06:42:17,243 - INFO - Scraping page 8...
2025-06-14 06:42:17,432 - INFO - Found 60 links on page 6
2025-06-14 06:42:17,432 - INFO - Scraping page 9...
2025-06-14 06:42:20,758 - INFO - Found 60 links on page 8
2025-06-14 06:42:20,758 - INFO - Scraping page 10...
2025-06-14 06:42:21,117 - INFO - Found 60 links on page 7
2025-06-14 06:42:21,123 - INFO - Scraping page 11...
2025-06-14 06:42:21,143 - INFO - Found 60 links on page 9
2025-06-14 06:42:21,143 - INFO - Scraping page 12...
2025-06-14 06:42:24,026 - INFO - Found 60 links on page 10
2025-06-14 06:42:24,026 - INFO - Scraping page 13...
2025-06-14 06:42:24,456 - INFO - Found 60 links on page 11
2025-06-14 06:42:24,456 - INFO - Scraping page 14...
2025-06-14 06:42:24,895 - INFO - Found 60 links on page 12
2025-06-14 06:42:24,895 - INFO - Scraping page 15...
2025-06-14 06:42:27,420 - INFO - Found 60 links on page 13
2025-06-14 06:42:27,420 - INFO - Scraping page 16...
2025-06-14 06:42:27,938 - INFO - Found 60 links on page 14
2025-06-14 06:42:27,938 - INFO - Scraping page 17...
2025-06-14 06:42:28,611 - INFO - Found 60 links on page 15
2025-06-14 06:42:28,611 - INFO - Scraping page 18...
2025-06-14 06:42:30,822 - INFO - Found 60 links on page 16
2025-06-14 06:42:30,822 - INFO - Scraping page 19...
2025-06-14 06:42:31,329 - INFO - Found 60 links on page 17
2025-06-14 06:42:31,329 - INFO - Scraping page 20...
2025-06-14 06:42:32,139 - INFO - Found 60 links on page 18
2025-06-14 06:42:32,139 - INFO - Scraping page 21...
2025-06-14 06:42:34,117 - INFO - Found 60 links on page 19
2025-06-14 06:42:34,117 - INFO - Scraping page 22...
2025-06-14 06:42:34,688 - INFO - Found 60 links on page 20
2025-06-14 06:42:34,688 - INFO - Scraping page 23...
2025-06-14 06:42:35,736 - INFO - Found 60 links on page 21
2025-06-14 06:42:35,736 - INFO - Scraping page 24...
2025-06-14 06:42:37,923 - INFO - Found 60 links on page 22
2025-06-14 06:42:37,924 - INFO - Scraping page 25...
2025-06-14 06:42:38,176 - INFO - Found 60 links on page 23
2025-06-14 06:42:38,176 - INFO - Scraping page 26...
2025-06-14 06:42:39,515 - INFO - Found 60 links on page 24
2025-06-14 06:42:39,515 - INFO - Scraping page 27...
2025-06-14 06:42:41,644 - INFO - Found 60 links on page 26
2025-06-14 06:42:41,644 - INFO - Scraping page 28...
2025-06-14 06:42:41,937 - INFO - Found 60 links on page 25
2025-06-14 06:42:41,937 - INFO - Scraping page 29...
2025-06-14 06:42:43,051 - INFO - Found 60 links on page 27
2025-06-14 06:42:43,051 - INFO - Scraping page 30...
2025-06-14 06:42:45,310 - INFO - Found 60 links on page 28
2025-06-14 06:42:45,310 - INFO - Scraping page 31...
2025-06-14 06:42:45,530 - INFO - Found 60 links on page 29
2025-06-14 06:42:45,530 - INFO - Scraping page 32...
2025-06-14 06:42:46,578 - INFO - Found 60 links on page 30
2025-06-14 06:42:46,578 - INFO - Scraping page 33...
2025-06-14 06:42:48,720 - INFO - Found 60 links on page 31
2025-06-14 06:42:48,720 - INFO - Scraping page 34...
2025-06-14 06:42:49,262 - INFO - Found 60 links on page 32
2025-06-14 06:42:49,263 - INFO - Scraping page 35...
2025-06-14 06:42:50,366 - INFO - Found 60 links on page 33
2025-06-14 06:42:50,366 - INFO - Scraping page 36...
2025-06-14 06:42:52,307 - INFO - Found 60 links on page 34
2025-06-14 06:42:52,308 - INFO - Scraping page 37...
2025-06-14 06:42:52,625 - INFO - Found 60 links on page 35
2025-06-14 06:42:52,625 - INFO - Scraping page 38...
2025-06-14 06:42:54,197 - INFO - Found 60 links on page 36
2025-06-14 06:42:54,197 - INFO - Scraping page 39...
2025-06-14 06:42:55,734 - INFO - Found 60 links on page 37
2025-06-14 06:42:55,735 - INFO - Scraping page 40...
2025-06-14 06:42:56,807 - INFO - Found 60 links on page 38
2025-06-14 06:42:56,807 - INFO - Scraping page 41...
2025-06-14 06:42:57,786 - INFO - Found 60 links on page 39
2025-06-14 06:42:57,786 - INFO - Scraping page 42...
2025-06-14 06:42:59,445 - INFO - Found 60 links on page 40
2025-06-14 06:42:59,446 - INFO - Scraping page 43...
2025-06-14 06:43:00,310 - INFO - Found 60 links on page 41
2025-06-14 06:43:00,310 - INFO - Scraping page 44...
2025-06-14 06:43:01,267 - INFO - Found 60 links on page 42
2025-06-14 06:43:01,267 - INFO - Scraping page 45...
2025-06-14 06:43:03,097 - INFO - Found 60 links on page 43
2025-06-14 06:43:03,098 - INFO - Scraping page 46...
2025-06-14 06:43:03,948 - INFO - Found 60 links on page 44
2025-06-14 06:43:03,949 - INFO - Scraping page 47...
2025-06-14 06:43:05,621 - INFO - Found 60 links on page 45
2025-06-14 06:43:05,621 - INFO - Scraping page 48...
2025-06-14 06:43:06,449 - INFO - Found 60 links on page 46
2025-06-14 06:43:06,449 - INFO - Scraping page 49...
2025-06-14 06:43:07,399 - INFO - Found 60 links on page 47
2025-06-14 06:43:07,399 - INFO - Scraping page 50...
2025-06-14 06:43:08,881 - INFO - Found 60 links on page 48
2025-06-14 06:43:08,882 - INFO - Scraping page 51...
2025-06-14 06:43:10,109 - INFO - Found 60 links on page 49
2025-06-14 06:43:10,109 - INFO - Scraping page 52...
2025-06-14 06:43:10,998 - INFO - Found 60 links on page 50
2025-06-14 06:43:10,998 - INFO - Scraping page 53...
2025-06-14 06:43:12,765 - INFO - Found 60 links on page 51
2025-06-14 06:43:12,765 - INFO - Scraping page 54...
2025-06-14 06:43:13,763 - INFO - Found 60 links on page 52
2025-06-14 06:43:13,764 - INFO - Scraping page 55...
2025-06-14 06:43:14,712 - INFO - Found 60 links on page 53
2025-06-14 06:43:14,712 - INFO - Scraping page 56...
2025-06-14 06:43:16,171 - INFO - Found 60 links on page 54
2025-06-14 06:43:16,172 - INFO - Scraping page 57...
2025-06-14 06:43:17,313 - INFO - Found 60 links on page 55
2025-06-14 06:43:17,313 - INFO - Scraping page 58...
2025-06-14 06:43:18,361 - INFO - Found 60 links on page 56
2025-06-14 06:43:18,361 - INFO - Scraping page 59...
2025-06-14 06:43:19,585 - INFO - Found 60 links on page 57
2025-06-14 06:43:19,585 - INFO - Scraping page 60...
2025-06-14 06:43:20,938 - INFO - Found 60 links on page 58
2025-06-14 06:43:20,938 - INFO - Scraping page 61...
2025-06-14 06:43:22,494 - INFO - Found 60 links on page 59
2025-06-14 06:43:22,494 - INFO - Scraping page 62...
2025-06-14 06:43:23,006 - INFO - Found 60 links on page 60
2025-06-14 06:43:23,006 - INFO - Scraping page 63...
2025-06-14 06:43:24,623 - INFO - Found 60 links on page 61
2025-06-14 06:43:24,623 - INFO - Scraping page 64...
2025-06-14 06:43:26,268 - INFO - Found 60 links on page 62
2025-06-14 06:43:26,268 - INFO - Scraping page 65...
2025-06-14 06:43:26,461 - INFO - Found 60 links on page 63
2025-06-14 06:43:26,461 - INFO - Scraping page 66...
2025-06-14 06:43:28,209 - INFO - Found 60 links on page 64
2025-06-14 06:43:28,209 - INFO - Scraping page 67...
2025-06-14 06:43:29,889 - INFO - Found 60 links on page 65
2025-06-14 06:43:29,889 - INFO - Scraping page 68...
2025-06-14 06:43:30,252 - INFO - Found 60 links on page 66
2025-06-14 06:43:30,252 - INFO - Scraping page 69...
2025-06-14 06:43:31,569 - INFO - Found 60 links on page 67
2025-06-14 06:43:31,569 - INFO - Scraping page 70...
2025-06-14 06:43:34,126 - INFO - Found 60 links on page 68
2025-06-14 06:43:34,131 - INFO - Scraping page 71...
2025-06-14 06:43:34,308 - INFO - Found 60 links on page 69
2025-06-14 06:43:34,308 - INFO - Scraping page 72...
2025-06-14 06:43:35,214 - INFO - Found 60 links on page 70
2025-06-14 06:43:35,214 - INFO - Scraping page 73...
2025-06-14 06:43:37,527 - INFO - Found 60 links on page 71
2025-06-14 06:43:37,528 - INFO - Scraping page 74...
2025-06-14 06:43:37,786 - INFO - Found 60 links on page 72
2025-06-14 06:43:37,786 - INFO - Scraping page 75...
2025-06-14 06:43:38,421 - INFO - Found 60 links on page 73
2025-06-14 06:43:38,421 - INFO - Scraping page 76...
2025-06-14 06:43:41,135 - INFO - Found 60 links on page 74
2025-06-14 06:43:41,136 - INFO - Scraping page 77...
2025-06-14 06:43:41,368 - INFO - Found 60 links on page 75
2025-06-14 06:43:41,368 - INFO - Scraping page 78...
2025-06-14 06:43:42,059 - INFO - Found 60 links on page 76
2025-06-14 06:43:42,059 - INFO - Scraping page 79...
2025-06-14 06:43:44,550 - INFO - Found 60 links on page 77
2025-06-14 06:43:44,550 - INFO - Scraping page 80...
2025-06-14 06:43:44,995 - INFO - Found 60 links on page 78
2025-06-14 06:43:44,995 - INFO - Scraping page 81...
2025-06-14 06:43:45,484 - INFO - Found 60 links on page 79
2025-06-14 06:43:45,484 - INFO - Scraping page 82...
2025-06-14 06:43:48,094 - INFO - Found 60 links on page 80
2025-06-14 06:43:48,094 - INFO - Scraping page 83...
2025-06-14 06:43:48,701 - INFO - Found 60 links on page 81
2025-06-14 06:43:48,701 - INFO - Scraping page 84...
2025-06-14 06:43:49,011 - INFO - Found 60 links on page 82
2025-06-14 06:43:49,011 - INFO - Scraping page 85...
2025-06-14 06:43:52,693 - INFO - Found 60 links on page 83
2025-06-14 06:43:52,699 - INFO - Scraping page 86...
2025-06-14 06:43:52,717 - INFO - Found 60 links on page 85
2025-06-14 06:43:52,717 - INFO - Scraping page 87...
2025-06-14 06:43:52,723 - INFO - Found 60 links on page 84
2025-06-14 06:43:52,723 - INFO - Scraping page 88...
2025-06-14 06:43:56,209 - INFO - Found 60 links on page 86
2025-06-14 06:43:56,209 - INFO - Scraping page 89...
2025-06-14 06:43:56,424 - INFO - Found 60 links on page 88
2025-06-14 06:43:56,424 - INFO - Scraping page 90...
2025-06-14 06:43:57,022 - INFO - Found 60 links on page 87
2025-06-14 06:43:59,355 - INFO - Found 17 links on page 90
2025-06-14 06:44:00,250 - INFO - Found 60 links on page 89
2025-06-14 06:44:00,254 - INFO - Found 213 new links to scrape out of 5357 total links
2025-06-14 06:44:00,254 - INFO - Processing batch 1/5 (50 links)
2025-06-14 06:44:06,234 - INFO - Progress: 10/50 ads processed
2025-06-14 06:44:11,424 - INFO - Progress: 20/50 ads processed
2025-06-14 06:44:16,365 - INFO - Progress: 30/50 ads processed
2025-06-14 06:44:21,762 - INFO - Progress: 40/50 ads processed
2025-06-14 06:44:27,125 - INFO - Progress: 50/50 ads processed
2025-06-14 06:44:27,164 - INFO - Created backup of existing data file at unegui_data/unegui_rental_data.csv.bak
2025-06-14 06:44:27,317 - INFO - Data saved to unegui_data/unegui_rental_data.csv: 12793 records
2025-06-14 06:44:27,741 - INFO - Cache saved with 13118 URLs
2025-06-14 06:44:27,741 - INFO - Saved batch data. Total records: 12793
2025-06-14 06:44:27,742 - INFO - Processing batch 2/5 (50 links)
2025-06-14 06:44:33,233 - INFO - Progress: 10/50 ads processed
2025-06-14 06:44:38,490 - INFO - Progress: 20/50 ads processed
2025-06-14 06:44:43,909 - INFO - Progress: 30/50 ads processed
2025-06-14 06:44:48,930 - INFO - Progress: 40/50 ads processed
2025-06-14 06:44:54,105 - INFO - Progress: 50/50 ads processed
2025-06-14 06:44:54,143 - INFO - Created backup of existing data file at unegui_data/unegui_rental_data.csv.bak
2025-06-14 06:44:54,295 - INFO - Data saved to unegui_data/unegui_rental_data.csv: 12841 records
2025-06-14 06:44:54,715 - INFO - Cache saved with 13168 URLs
2025-06-14 06:44:54,715 - INFO - Saved batch data. Total records: 12841
2025-06-14 06:44:54,715 - INFO - Processing batch 3/5 (50 links)
2025-06-14 06:45:00,003 - INFO - Progress: 10/50 ads processed
2025-06-14 06:45:05,838 - INFO - Progress: 20/50 ads processed
2025-06-14 06:45:11,205 - INFO - Progress: 30/50 ads processed
2025-06-14 06:45:15,870 - INFO - Progress: 40/50 ads processed
2025-06-14 06:45:21,261 - INFO - Progress: 50/50 ads processed
2025-06-14 06:45:21,299 - INFO - Created backup of existing data file at unegui_data/unegui_rental_data.csv.bak
2025-06-14 06:45:21,451 - INFO - Data saved to unegui_data/unegui_rental_data.csv: 12890 records
2025-06-14 06:45:21,874 - INFO - Cache saved with 13218 URLs
2025-06-14 06:45:21,874 - INFO - Saved batch data. Total records: 12890
2025-06-14 06:45:21,874 - INFO - Processing batch 4/5 (50 links)
2025-06-14 06:45:27,729 - INFO - Progress: 10/50 ads processed
2025-06-14 06:45:32,863 - INFO - Progress: 20/50 ads processed
2025-06-14 06:45:38,118 - INFO - Progress: 30/50 ads processed
2025-06-14 06:45:43,559 - INFO - Progress: 40/50 ads processed
2025-06-14 06:45:48,238 - INFO - Progress: 50/50 ads processed
2025-06-14 06:45:48,278 - INFO - Created backup of existing data file at unegui_data/unegui_rental_data.csv.bak
2025-06-14 06:45:48,433 - INFO - Data saved to unegui_data/unegui_rental_data.csv: 12939 records
2025-06-14 06:45:48,858 - INFO - Cache saved with 13268 URLs
2025-06-14 06:45:48,858 - INFO - Saved batch data. Total records: 12939
2025-06-14 06:45:48,858 - INFO - Processing batch 5/5 (13 links)
2025-06-14 06:45:53,977 - INFO - Progress: 10/13 ads processed
2025-06-14 06:45:56,622 - INFO - Progress: 13/13 ads processed
2025-06-14 06:45:56,660 - INFO - Created backup of existing data file at unegui_data/unegui_rental_data.csv.bak
2025-06-14 06:45:56,813 - INFO - Data saved to unegui_data/unegui_rental_data.csv: 12952 records
2025-06-14 06:45:57,232 - INFO - Cache saved with 13281 URLs
2025-06-14 06:45:57,232 - INFO - Saved batch data. Total records: 12952
2025-06-14 06:45:57,232 - INFO - Scraping completed in 0:03:48.249434. Total ads collected: 12952
