2025-06-16 06:47:32,365 - INFO - Starting rental apartment scraper at 2025-06-16 06:47:32.365188
2025-06-16 06:47:32,481 - INFO - Loaded existing data from unegui_data/unegui_rental_data.csv: 13128 records
2025-06-16 06:47:32,620 - INFO - Loaded 13128 existing records
2025-06-16 06:47:32,623 - INFO - Scraping page 1...
2025-06-16 06:47:32,623 - INFO - Scraping page 2...
2025-06-16 06:47:32,623 - INFO - Scraping page 3...
2025-06-16 06:47:37,197 - INFO - Found 60 links on page 1
2025-06-16 06:47:37,202 - INFO - Scraping page 4...
2025-06-16 06:47:37,557 - INFO - Found 60 links on page 3
2025-06-16 06:47:37,562 - INFO - Scraping page 5...
2025-06-16 06:47:37,575 - INFO - Found 60 links on page 2
2025-06-16 06:47:37,575 - INFO - Scraping page 6...
2025-06-16 06:47:40,588 - INFO - Found 60 links on page 4
2025-06-16 06:47:40,588 - INFO - Scraping page 7...
2025-06-16 06:47:41,320 - INFO - Found 60 links on page 6
2025-06-16 06:47:41,326 - INFO - Scraping page 8...
2025-06-16 06:47:41,503 - INFO - Found 60 links on page 5
2025-06-16 06:47:41,503 - INFO - Scraping page 9...
2025-06-16 06:47:44,433 - INFO - Found 60 links on page 7
2025-06-16 06:47:44,433 - INFO - Scraping page 10...
2025-06-16 06:47:44,868 - INFO - Found 60 links on page 8
2025-06-16 06:47:44,868 - INFO - Scraping page 11...
2025-06-16 06:47:45,174 - INFO - Found 60 links on page 9
2025-06-16 06:47:45,174 - INFO - Scraping page 12...
2025-06-16 06:47:48,217 - INFO - Found 60 links on page 10
2025-06-16 06:47:48,218 - INFO - Scraping page 13...
2025-06-16 06:47:48,495 - INFO - Found 60 links on page 11
2025-06-16 06:47:48,495 - INFO - Scraping page 14...
2025-06-16 06:47:48,676 - INFO - Found 60 links on page 12
2025-06-16 06:47:48,676 - INFO - Scraping page 15...
2025-06-16 06:47:51,793 - INFO - Found 60 links on page 13
2025-06-16 06:47:51,793 - INFO - Scraping page 16...
2025-06-16 06:47:52,086 - INFO - Found 60 links on page 14
2025-06-16 06:47:52,092 - INFO - Scraping page 17...
2025-06-16 06:47:52,279 - INFO - Found 60 links on page 15
2025-06-16 06:47:52,279 - INFO - Scraping page 18...
2025-06-16 06:47:55,490 - INFO - Found 60 links on page 16
2025-06-16 06:47:55,490 - INFO - Scraping page 19...
2025-06-16 06:47:55,753 - INFO - Found 60 links on page 17
2025-06-16 06:47:55,754 - INFO - Scraping page 20...
2025-06-16 06:47:55,972 - INFO - Found 60 links on page 18
2025-06-16 06:47:55,972 - INFO - Scraping page 21...
2025-06-16 06:47:59,028 - INFO - Found 60 links on page 19
2025-06-16 06:47:59,028 - INFO - Scraping page 22...
2025-06-16 06:47:59,576 - INFO - Found 60 links on page 20
2025-06-16 06:47:59,576 - INFO - Scraping page 23...
2025-06-16 06:47:59,763 - INFO - Found 60 links on page 21
2025-06-16 06:47:59,764 - INFO - Scraping page 24...
2025-06-16 06:48:02,572 - INFO - Found 60 links on page 22
2025-06-16 06:48:02,572 - INFO - Scraping page 25...
2025-06-16 06:48:03,533 - INFO - Found 60 links on page 24
2025-06-16 06:48:03,538 - INFO - Scraping page 26...
2025-06-16 06:48:03,606 - INFO - Found 60 links on page 23
2025-06-16 06:48:03,606 - INFO - Scraping page 27...
2025-06-16 06:48:07,240 - INFO - Found 60 links on page 27
2025-06-16 06:48:07,240 - INFO - Scraping page 28...
2025-06-16 06:48:07,487 - INFO - Found 60 links on page 26
2025-06-16 06:48:07,497 - INFO - Scraping page 29...
2025-06-16 06:48:07,578 - INFO - Found 60 links on page 25
2025-06-16 06:48:07,578 - INFO - Scraping page 30...
2025-06-16 06:48:11,159 - INFO - Found 60 links on page 29
2025-06-16 06:48:11,165 - INFO - Scraping page 31...
2025-06-16 06:48:11,407 - INFO - Found 60 links on page 28
2025-06-16 06:48:11,412 - INFO - Scraping page 32...
2025-06-16 06:48:11,541 - INFO - Found 60 links on page 30
2025-06-16 06:48:11,542 - INFO - Scraping page 33...
2025-06-16 06:48:13,774 - WARNING - Request failed for https://www.unegui.mn/l-hdlh/l-hdlh-treesllne/oron-suuts/?page=31: 502 Server Error: Bad Gateway for url: https://www.unegui.mn/l-hdlh/l-hdlh-treesllne/oron-suuts/?page=31. Retrying in 1.00 seconds...
2025-06-16 06:48:14,972 - INFO - Found 60 links on page 32
2025-06-16 06:48:14,973 - INFO - Scraping page 34...
2025-06-16 06:48:15,218 - INFO - Found 60 links on page 33
2025-06-16 06:48:15,218 - INFO - Scraping page 35...
2025-06-16 06:48:18,341 - INFO - Found 60 links on page 31
2025-06-16 06:48:18,341 - INFO - Scraping page 36...
2025-06-16 06:48:18,690 - INFO - Found 60 links on page 35
2025-06-16 06:48:18,691 - INFO - Scraping page 37...
2025-06-16 06:48:18,901 - INFO - Found 60 links on page 34
2025-06-16 06:48:18,901 - INFO - Scraping page 38...
2025-06-16 06:48:22,147 - INFO - Found 60 links on page 36
2025-06-16 06:48:22,147 - INFO - Scraping page 39...
2025-06-16 06:48:22,342 - INFO - Found 60 links on page 37
2025-06-16 06:48:22,342 - INFO - Scraping page 40...
2025-06-16 06:48:22,767 - INFO - Found 60 links on page 38
2025-06-16 06:48:22,768 - INFO - Scraping page 41...
2025-06-16 06:48:26,257 - INFO - Found 60 links on page 40
2025-06-16 06:48:26,262 - INFO - Scraping page 42...
2025-06-16 06:48:26,389 - INFO - Found 60 links on page 39
2025-06-16 06:48:26,395 - INFO - Scraping page 43...
2025-06-16 06:48:26,623 - INFO - Found 60 links on page 41
2025-06-16 06:48:26,624 - INFO - Scraping page 44...
2025-06-16 06:48:29,665 - INFO - Found 60 links on page 43
2025-06-16 06:48:29,666 - INFO - Scraping page 45...
2025-06-16 06:48:30,048 - INFO - Found 60 links on page 44
2025-06-16 06:48:30,058 - INFO - Scraping page 46...
2025-06-16 06:48:30,147 - INFO - Found 60 links on page 42
2025-06-16 06:48:30,147 - INFO - Scraping page 47...
2025-06-16 06:48:33,045 - INFO - Found 60 links on page 45
2025-06-16 06:48:33,045 - INFO - Scraping page 48...
2025-06-16 06:48:33,517 - INFO - Found 60 links on page 46
2025-06-16 06:48:33,517 - INFO - Scraping page 49...
2025-06-16 06:48:33,699 - INFO - Found 60 links on page 47
2025-06-16 06:48:33,699 - INFO - Scraping page 50...
2025-06-16 06:48:36,486 - INFO - Found 60 links on page 48
2025-06-16 06:48:36,486 - INFO - Scraping page 51...
2025-06-16 06:48:36,775 - INFO - Found 60 links on page 49
2025-06-16 06:48:36,775 - INFO - Scraping page 52...
2025-06-16 06:48:38,198 - INFO - Found 60 links on page 50
2025-06-16 06:48:38,198 - INFO - Scraping page 53...
2025-06-16 06:48:39,855 - INFO - Found 60 links on page 51
2025-06-16 06:48:39,855 - INFO - Scraping page 54...
2025-06-16 06:48:41,245 - INFO - Found 60 links on page 52
2025-06-16 06:48:41,245 - INFO - Scraping page 55...
2025-06-16 06:48:42,053 - INFO - Found 60 links on page 53
2025-06-16 06:48:42,053 - INFO - Scraping page 56...
2025-06-16 06:48:43,303 - INFO - Found 60 links on page 54
2025-06-16 06:48:43,303 - INFO - Scraping page 57...
2025-06-16 06:48:45,688 - INFO - Found 60 links on page 55
2025-06-16 06:48:45,688 - INFO - Scraping page 58...
2025-06-16 06:48:45,973 - INFO - Found 60 links on page 56
2025-06-16 06:48:45,974 - INFO - Scraping page 59...
2025-06-16 06:48:46,432 - INFO - Found 60 links on page 57
2025-06-16 06:48:46,432 - INFO - Scraping page 60...
2025-06-16 06:48:49,373 - INFO - Found 60 links on page 58
2025-06-16 06:48:49,373 - INFO - Scraping page 61...
2025-06-16 06:48:49,567 - INFO - Found 60 links on page 59
2025-06-16 06:48:49,567 - INFO - Scraping page 62...
2025-06-16 06:48:50,683 - INFO - Found 60 links on page 60
2025-06-16 06:48:50,683 - INFO - Scraping page 63...
2025-06-16 06:48:52,990 - INFO - Found 60 links on page 61
2025-06-16 06:48:52,990 - INFO - Scraping page 64...
2025-06-16 06:48:54,464 - INFO - Found 60 links on page 63
2025-06-16 06:48:54,464 - INFO - Scraping page 65...
2025-06-16 06:48:54,753 - INFO - Found 60 links on page 62
2025-06-16 06:48:54,753 - INFO - Scraping page 66...
2025-06-16 06:48:56,271 - INFO - Found 60 links on page 64
2025-06-16 06:48:56,272 - INFO - Scraping page 67...
2025-06-16 06:48:58,228 - INFO - Found 60 links on page 65
2025-06-16 06:48:58,228 - INFO - Scraping page 68...
2025-06-16 06:48:58,475 - INFO - Found 60 links on page 66
2025-06-16 06:48:58,476 - INFO - Scraping page 69...
2025-06-16 06:48:59,668 - INFO - Found 60 links on page 67
2025-06-16 06:48:59,668 - INFO - Scraping page 70...
2025-06-16 06:49:02,050 - INFO - Found 60 links on page 69
2025-06-16 06:49:02,055 - INFO - Scraping page 71...
2025-06-16 06:49:02,169 - INFO - Found 60 links on page 68
2025-06-16 06:49:02,169 - INFO - Scraping page 72...
2025-06-16 06:49:02,809 - INFO - Found 60 links on page 70
2025-06-16 06:49:02,810 - INFO - Scraping page 73...
2025-06-16 06:49:05,897 - INFO - Found 60 links on page 71
2025-06-16 06:49:05,897 - INFO - Scraping page 74...
2025-06-16 06:49:06,077 - INFO - Found 60 links on page 72
2025-06-16 06:49:06,077 - INFO - Scraping page 75...
2025-06-16 06:49:06,483 - INFO - Found 60 links on page 73
2025-06-16 06:49:06,483 - INFO - Scraping page 76...
2025-06-16 06:49:09,777 - INFO - Found 60 links on page 74
2025-06-16 06:49:09,782 - INFO - Scraping page 77...
2025-06-16 06:49:09,946 - INFO - Found 60 links on page 75
2025-06-16 06:49:09,951 - INFO - Scraping page 78...
2025-06-16 06:49:10,125 - INFO - Found 60 links on page 76
2025-06-16 06:49:10,125 - INFO - Scraping page 79...
2025-06-16 06:49:13,627 - INFO - Found 60 links on page 77
2025-06-16 06:49:13,642 - INFO - Scraping page 80...
2025-06-16 06:49:13,824 - INFO - Found 60 links on page 78
2025-06-16 06:49:13,830 - INFO - Scraping page 81...
2025-06-16 06:49:13,951 - INFO - Found 60 links on page 79
2025-06-16 06:49:13,951 - INFO - Scraping page 82...
2025-06-16 06:49:17,590 - INFO - Found 60 links on page 82
2025-06-16 06:49:17,595 - INFO - Scraping page 83...
2025-06-16 06:49:17,658 - INFO - Found 60 links on page 80
2025-06-16 06:49:17,664 - INFO - Scraping page 84...
2025-06-16 06:49:17,826 - INFO - Found 60 links on page 81
2025-06-16 06:49:17,826 - INFO - Scraping page 85...
2025-06-16 06:49:21,424 - INFO - Found 60 links on page 84
2025-06-16 06:49:21,430 - INFO - Scraping page 86...
2025-06-16 06:49:21,689 - INFO - Found 60 links on page 83
2025-06-16 06:49:21,695 - INFO - Scraping page 87...
2025-06-16 06:49:21,874 - INFO - Found 60 links on page 85
2025-06-16 06:49:21,874 - INFO - Scraping page 88...
2025-06-16 06:49:24,951 - INFO - Found 60 links on page 86
2025-06-16 06:49:24,951 - INFO - Scraping page 89...
2025-06-16 06:49:25,316 - INFO - Found 60 links on page 87
2025-06-16 06:49:25,317 - INFO - Scraping page 90...
2025-06-16 06:49:25,614 - INFO - Found 60 links on page 88
2025-06-16 06:49:28,700 - INFO - Found 60 links on page 89
2025-06-16 06:49:29,924 - INFO - Found 60 links on page 90
2025-06-16 06:49:29,928 - INFO - Found 266 new links to scrape out of 5400 total links
2025-06-16 06:49:29,928 - INFO - Processing batch 1/6 (50 links)
2025-06-16 06:49:35,941 - INFO - Progress: 10/50 ads processed
2025-06-16 06:49:40,691 - INFO - Progress: 20/50 ads processed
2025-06-16 06:49:46,485 - INFO - Progress: 30/50 ads processed
2025-06-16 06:49:51,774 - INFO - Progress: 40/50 ads processed
2025-06-16 06:49:56,623 - INFO - Progress: 50/50 ads processed
2025-06-16 06:49:56,663 - INFO - Created backup of existing data file at unegui_data/unegui_rental_data.csv.bak
2025-06-16 06:49:56,821 - INFO - Data saved to unegui_data/unegui_rental_data.csv: 13177 records
2025-06-16 06:49:57,251 - INFO - Cache saved with 13512 URLs
2025-06-16 06:49:57,252 - INFO - Saved batch data. Total records: 13177
2025-06-16 06:49:57,252 - INFO - Processing batch 2/6 (50 links)
2025-06-16 06:50:02,349 - INFO - Progress: 10/50 ads processed
2025-06-16 06:50:08,087 - INFO - Progress: 20/50 ads processed
2025-06-16 06:50:12,908 - INFO - Progress: 30/50 ads processed
2025-06-16 06:50:18,121 - INFO - Progress: 40/50 ads processed
2025-06-16 06:50:23,822 - INFO - Progress: 50/50 ads processed
2025-06-16 06:50:23,861 - INFO - Created backup of existing data file at unegui_data/unegui_rental_data.csv.bak
2025-06-16 06:50:24,017 - INFO - Data saved to unegui_data/unegui_rental_data.csv: 13227 records
2025-06-16 06:50:24,454 - INFO - Cache saved with 13562 URLs
2025-06-16 06:50:24,454 - INFO - Saved batch data. Total records: 13227
2025-06-16 06:50:24,454 - INFO - Processing batch 3/6 (50 links)
2025-06-16 06:50:29,694 - INFO - Progress: 10/50 ads processed
2025-06-16 06:50:34,828 - INFO - Progress: 20/50 ads processed
2025-06-16 06:50:39,852 - INFO - Progress: 30/50 ads processed
2025-06-16 06:50:44,939 - INFO - Progress: 40/50 ads processed
2025-06-16 06:50:50,339 - INFO - Progress: 50/50 ads processed
2025-06-16 06:50:50,379 - INFO - Created backup of existing data file at unegui_data/unegui_rental_data.csv.bak
2025-06-16 06:50:50,536 - INFO - Data saved to unegui_data/unegui_rental_data.csv: 13277 records
2025-06-16 06:50:50,972 - INFO - Cache saved with 13612 URLs
2025-06-16 06:50:50,972 - INFO - Saved batch data. Total records: 13277
2025-06-16 06:50:50,972 - INFO - Processing batch 4/6 (50 links)
2025-06-16 06:50:56,482 - INFO - Progress: 10/50 ads processed
2025-06-16 06:51:01,620 - INFO - Progress: 20/50 ads processed
2025-06-16 06:51:06,633 - INFO - Progress: 30/50 ads processed
2025-06-16 06:51:12,064 - INFO - Progress: 40/50 ads processed
2025-06-16 06:51:16,809 - INFO - Progress: 50/50 ads processed
2025-06-16 06:51:16,851 - INFO - Created backup of existing data file at unegui_data/unegui_rental_data.csv.bak
2025-06-16 06:51:17,013 - INFO - Data saved to unegui_data/unegui_rental_data.csv: 13327 records
2025-06-16 06:51:17,453 - INFO - Cache saved with 13662 URLs
2025-06-16 06:51:17,453 - INFO - Saved batch data. Total records: 13327
2025-06-16 06:51:17,453 - INFO - Processing batch 5/6 (50 links)
2025-06-16 06:51:22,469 - INFO - Progress: 10/50 ads processed
2025-06-16 06:51:27,824 - INFO - Progress: 20/50 ads processed
2025-06-16 06:51:33,664 - INFO - Progress: 30/50 ads processed
2025-06-16 06:51:38,847 - INFO - Progress: 40/50 ads processed
2025-06-16 06:51:43,607 - INFO - Progress: 50/50 ads processed
2025-06-16 06:51:43,648 - INFO - Created backup of existing data file at unegui_data/unegui_rental_data.csv.bak
2025-06-16 06:51:43,810 - INFO - Data saved to unegui_data/unegui_rental_data.csv: 13376 records
2025-06-16 06:51:44,244 - INFO - Cache saved with 13712 URLs
2025-06-16 06:51:44,244 - INFO - Saved batch data. Total records: 13376
2025-06-16 06:51:44,244 - INFO - Processing batch 6/6 (16 links)
2025-06-16 06:51:49,430 - INFO - Progress: 10/16 ads processed
2025-06-16 06:51:54,278 - INFO - Progress: 16/16 ads processed
2025-06-16 06:51:54,321 - INFO - Created backup of existing data file at unegui_data/unegui_rental_data.csv.bak
2025-06-16 06:51:54,483 - INFO - Data saved to unegui_data/unegui_rental_data.csv: 13392 records
2025-06-16 06:51:54,920 - INFO - Cache saved with 13728 URLs
2025-06-16 06:51:54,920 - INFO - Saved batch data. Total records: 13392
2025-06-16 06:51:54,920 - INFO - Scraping completed in 0:04:22.555660. Total ads collected: 13392
