2025-06-08 06:42:18,196 - INFO - Starting rental apartment scraper at 2025-06-08 06:42:18.196675
2025-06-08 06:42:18,292 - INFO - Loaded existing data from unegui_data/unegui_rental_data.csv: 11320 records
2025-06-08 06:42:18,410 - INFO - Loaded 11320 existing records
2025-06-08 06:42:18,411 - INFO - Scraping page 1...
2025-06-08 06:42:18,411 - INFO - Scraping page 2...
2025-06-08 06:42:18,412 - INFO - Scraping page 3...
2025-06-08 06:42:22,609 - INFO - Found 60 links on page 1
2025-06-08 06:42:22,609 - INFO - Scraping page 4...
2025-06-08 06:42:22,967 - INFO - Found 60 links on page 2
2025-06-08 06:42:22,967 - INFO - Scraping page 5...
2025-06-08 06:42:23,011 - INFO - Found 60 links on page 3
2025-06-08 06:42:23,011 - INFO - Scraping page 6...
2025-06-08 06:42:26,063 - INFO - Found 60 links on page 4
2025-06-08 06:42:26,063 - INFO - Scraping page 7...
2025-06-08 06:42:26,552 - INFO - Found 60 links on page 5
2025-06-08 06:42:26,553 - INFO - Scraping page 8...
2025-06-08 06:42:26,754 - INFO - Found 60 links on page 6
2025-06-08 06:42:26,755 - INFO - Scraping page 9...
2025-06-08 06:42:29,578 - INFO - Found 60 links on page 7
2025-06-08 06:42:29,578 - INFO - Scraping page 10...
2025-06-08 06:42:29,967 - INFO - Found 60 links on page 8
2025-06-08 06:42:29,967 - INFO - Scraping page 11...
2025-06-08 06:42:30,152 - INFO - Found 60 links on page 9
2025-06-08 06:42:30,152 - INFO - Scraping page 12...
2025-06-08 06:42:33,138 - INFO - Found 60 links on page 10
2025-06-08 06:42:33,138 - INFO - Scraping page 13...
2025-06-08 06:42:33,556 - INFO - Found 60 links on page 11
2025-06-08 06:42:33,562 - INFO - Scraping page 14...
2025-06-08 06:42:33,646 - INFO - Found 60 links on page 12
2025-06-08 06:42:33,646 - INFO - Scraping page 15...
2025-06-08 06:42:36,543 - INFO - Found 60 links on page 13
2025-06-08 06:42:36,543 - INFO - Scraping page 16...
2025-06-08 06:42:36,935 - INFO - Found 60 links on page 14
2025-06-08 06:42:36,936 - INFO - Scraping page 17...
2025-06-08 06:42:37,947 - INFO - Found 60 links on page 15
2025-06-08 06:42:37,948 - INFO - Scraping page 18...
2025-06-08 06:42:40,385 - INFO - Found 60 links on page 16
2025-06-08 06:42:40,385 - INFO - Scraping page 19...
2025-06-08 06:42:40,575 - INFO - Found 60 links on page 17
2025-06-08 06:42:40,576 - INFO - Scraping page 20...
2025-06-08 06:42:41,377 - INFO - Found 60 links on page 18
2025-06-08 06:42:41,377 - INFO - Scraping page 21...
2025-06-08 06:42:44,224 - INFO - Found 60 links on page 20
2025-06-08 06:42:44,224 - INFO - Scraping page 22...
2025-06-08 06:42:44,338 - INFO - Found 60 links on page 19
2025-06-08 06:42:44,339 - INFO - Scraping page 23...
2025-06-08 06:42:44,941 - INFO - Found 60 links on page 21
2025-06-08 06:42:44,941 - INFO - Scraping page 24...
2025-06-08 06:42:47,997 - INFO - Found 60 links on page 22
2025-06-08 06:42:47,997 - INFO - Scraping page 25...
2025-06-08 06:42:48,612 - INFO - Found 60 links on page 23
2025-06-08 06:42:48,617 - INFO - Scraping page 26...
2025-06-08 06:42:48,687 - INFO - Found 60 links on page 24
2025-06-08 06:42:48,687 - INFO - Scraping page 27...
2025-06-08 06:42:51,814 - INFO - Found 60 links on page 25
2025-06-08 06:42:51,814 - INFO - Scraping page 28...
2025-06-08 06:42:52,846 - INFO - Found 60 links on page 26
2025-06-08 06:42:52,851 - INFO - Scraping page 29...
2025-06-08 06:42:53,000 - INFO - Found 60 links on page 27
2025-06-08 06:42:53,000 - INFO - Scraping page 30...
2025-06-08 06:42:55,358 - INFO - Found 60 links on page 28
2025-06-08 06:42:55,358 - INFO - Scraping page 31...
2025-06-08 06:42:56,415 - INFO - Found 60 links on page 30
2025-06-08 06:42:56,421 - INFO - Scraping page 32...
2025-06-08 06:42:56,556 - INFO - Found 60 links on page 29
2025-06-08 06:42:56,556 - INFO - Scraping page 33...
2025-06-08 06:42:58,652 - INFO - Found 60 links on page 31
2025-06-08 06:42:58,653 - INFO - Scraping page 34...
2025-06-08 06:43:00,064 - INFO - Found 60 links on page 32
2025-06-08 06:43:00,064 - INFO - Scraping page 35...
2025-06-08 06:43:00,442 - INFO - Found 60 links on page 33
2025-06-08 06:43:00,442 - INFO - Scraping page 36...
2025-06-08 06:43:02,398 - INFO - Found 60 links on page 34
2025-06-08 06:43:02,399 - INFO - Scraping page 37...
2025-06-08 06:43:03,762 - INFO - Found 60 links on page 35
2025-06-08 06:43:03,763 - INFO - Scraping page 38...
2025-06-08 06:43:04,260 - INFO - Found 60 links on page 36
2025-06-08 06:43:04,260 - INFO - Scraping page 39...
2025-06-08 06:43:05,735 - INFO - Found 60 links on page 37
2025-06-08 06:43:05,735 - INFO - Scraping page 40...
2025-06-08 06:43:07,608 - INFO - Found 60 links on page 38
2025-06-08 06:43:07,609 - INFO - Scraping page 41...
2025-06-08 06:43:07,979 - INFO - Found 60 links on page 39
2025-06-08 06:43:07,979 - INFO - Scraping page 42...
2025-06-08 06:43:09,668 - INFO - Found 60 links on page 40
2025-06-08 06:43:09,668 - INFO - Scraping page 43...
2025-06-08 06:43:10,992 - INFO - Found 60 links on page 41
2025-06-08 06:43:10,992 - INFO - Scraping page 44...
2025-06-08 06:43:11,353 - INFO - Found 60 links on page 42
2025-06-08 06:43:11,354 - INFO - Scraping page 45...
2025-06-08 06:43:13,034 - INFO - Found 60 links on page 43
2025-06-08 06:43:13,034 - INFO - Scraping page 46...
2025-06-08 06:43:14,694 - INFO - Found 60 links on page 44
2025-06-08 06:43:14,704 - INFO - Scraping page 47...
2025-06-08 06:43:14,902 - INFO - Found 60 links on page 45
2025-06-08 06:43:14,902 - INFO - Scraping page 48...
2025-06-08 06:43:16,720 - INFO - Found 60 links on page 46
2025-06-08 06:43:16,720 - INFO - Scraping page 49...
2025-06-08 06:43:18,176 - INFO - Found 60 links on page 47
2025-06-08 06:43:18,176 - INFO - Scraping page 50...
2025-06-08 06:43:18,518 - INFO - Found 60 links on page 48
2025-06-08 06:43:18,518 - INFO - Scraping page 51...
2025-06-08 06:43:20,705 - INFO - Found 60 links on page 49
2025-06-08 06:43:20,705 - INFO - Scraping page 52...
2025-06-08 06:43:21,814 - INFO - Found 60 links on page 50
2025-06-08 06:43:21,814 - INFO - Scraping page 53...
2025-06-08 06:43:22,149 - INFO - Found 60 links on page 51
2025-06-08 06:43:22,149 - INFO - Scraping page 54...
2025-06-08 06:43:24,342 - INFO - Found 60 links on page 52
2025-06-08 06:43:24,343 - INFO - Scraping page 55...
2025-06-08 06:43:25,421 - INFO - Found 60 links on page 53
2025-06-08 06:43:25,421 - INFO - Scraping page 56...
2025-06-08 06:43:26,402 - INFO - Found 60 links on page 54
2025-06-08 06:43:26,402 - INFO - Scraping page 57...
2025-06-08 06:43:28,044 - INFO - Found 60 links on page 55
2025-06-08 06:43:28,044 - INFO - Scraping page 58...
2025-06-08 06:43:29,103 - INFO - Found 60 links on page 56
2025-06-08 06:43:29,103 - INFO - Scraping page 59...
2025-06-08 06:43:30,092 - INFO - Found 60 links on page 57
2025-06-08 06:43:30,092 - INFO - Scraping page 60...
2025-06-08 06:43:31,323 - INFO - Found 60 links on page 58
2025-06-08 06:43:31,323 - INFO - Scraping page 61...
2025-06-08 06:43:32,469 - INFO - Found 60 links on page 59
2025-06-08 06:43:32,469 - INFO - Scraping page 62...
2025-06-08 06:43:33,528 - INFO - Found 60 links on page 60
2025-06-08 06:43:33,528 - INFO - Scraping page 63...
2025-06-08 06:43:34,843 - INFO - Found 60 links on page 61
2025-06-08 06:43:34,843 - INFO - Scraping page 64...
2025-06-08 06:43:36,707 - INFO - Found 60 links on page 62
2025-06-08 06:43:36,707 - INFO - Scraping page 65...
2025-06-08 06:43:36,996 - INFO - Found 60 links on page 63
2025-06-08 06:43:36,997 - INFO - Scraping page 66...
2025-06-08 06:43:38,256 - INFO - Found 60 links on page 64
2025-06-08 06:43:38,256 - INFO - Scraping page 67...
2025-06-08 06:43:40,105 - INFO - Found 60 links on page 65
2025-06-08 06:43:40,105 - INFO - Scraping page 68...
2025-06-08 06:43:41,349 - INFO - Found 60 links on page 66
2025-06-08 06:43:41,349 - INFO - Scraping page 69...
2025-06-08 06:43:41,998 - INFO - Found 60 links on page 67
2025-06-08 06:43:41,998 - INFO - Scraping page 70...
2025-06-08 06:43:44,223 - INFO - Found 60 links on page 68
2025-06-08 06:43:44,223 - INFO - Scraping page 71...
2025-06-08 06:43:44,537 - INFO - Found 60 links on page 69
2025-06-08 06:43:44,537 - INFO - Scraping page 72...
2025-06-08 06:43:45,906 - INFO - Found 60 links on page 70
2025-06-08 06:43:45,906 - INFO - Scraping page 73...
2025-06-08 06:43:48,141 - INFO - Found 60 links on page 72
2025-06-08 06:43:48,146 - INFO - Scraping page 74...
2025-06-08 06:43:48,174 - INFO - Found 60 links on page 71
2025-06-08 06:43:48,174 - INFO - Scraping page 75...
2025-06-08 06:43:49,380 - INFO - Found 60 links on page 73
2025-06-08 06:43:49,380 - INFO - Scraping page 76...
2025-06-08 06:43:51,467 - INFO - Found 60 links on page 75
2025-06-08 06:43:51,467 - INFO - Scraping page 77...
2025-06-08 06:43:51,772 - INFO - Found 60 links on page 74
2025-06-08 06:43:51,773 - INFO - Scraping page 78...
2025-06-08 06:43:52,663 - INFO - Found 60 links on page 76
2025-06-08 06:43:52,664 - INFO - Scraping page 79...
2025-06-08 06:43:54,980 - INFO - Found 60 links on page 77
2025-06-08 06:43:54,990 - INFO - Scraping page 80...
2025-06-08 06:43:55,146 - INFO - Found 60 links on page 78
2025-06-08 06:43:55,146 - INFO - Scraping page 81...
2025-06-08 06:43:56,036 - INFO - Found 60 links on page 79
2025-06-08 06:43:56,036 - INFO - Scraping page 82...
2025-06-08 06:43:58,589 - INFO - Found 60 links on page 81
2025-06-08 06:43:58,589 - INFO - Scraping page 83...
2025-06-08 06:43:58,821 - INFO - Found 60 links on page 80
2025-06-08 06:43:58,822 - INFO - Scraping page 84...
2025-06-08 06:43:59,833 - INFO - Found 60 links on page 82
2025-06-08 06:43:59,833 - INFO - Scraping page 85...
2025-06-08 06:44:01,856 - INFO - Found 60 links on page 83
2025-06-08 06:44:01,856 - INFO - Scraping page 86...
2025-06-08 06:44:03,057 - INFO - Found 60 links on page 84
2025-06-08 06:44:03,057 - INFO - Scraping page 87...
2025-06-08 06:44:03,238 - INFO - Found 60 links on page 85
2025-06-08 06:44:03,238 - INFO - Scraping page 88...
2025-06-08 06:44:05,335 - INFO - Found 60 links on page 86
2025-06-08 06:44:05,335 - INFO - Scraping page 89...
2025-06-08 06:44:06,956 - INFO - Found 60 links on page 87
2025-06-08 06:44:06,968 - INFO - Scraping page 90...
2025-06-08 06:44:07,043 - INFO - Found 60 links on page 88
2025-06-08 06:44:08,344 - INFO - Found 27 links on page 89
2025-06-08 06:44:10,375 - INFO - Found 27 links on page 90
2025-06-08 06:44:10,379 - INFO - Found 152 new links to scrape out of 5334 total links
2025-06-08 06:44:10,379 - INFO - Processing batch 1/4 (50 links)
2025-06-08 06:44:16,076 - INFO - Progress: 10/50 ads processed
2025-06-08 06:44:20,806 - INFO - Progress: 20/50 ads processed
2025-06-08 06:44:25,910 - INFO - Progress: 30/50 ads processed
2025-06-08 06:44:31,100 - INFO - Progress: 40/50 ads processed
2025-06-08 06:44:36,005 - INFO - Progress: 50/50 ads processed
2025-06-08 06:44:36,040 - INFO - Created backup of existing data file at unegui_data/unegui_rental_data.csv.bak
2025-06-08 06:44:36,173 - INFO - Data saved to unegui_data/unegui_rental_data.csv: 11370 records
2025-06-08 06:44:36,552 - INFO - Cache saved with 11663 URLs
2025-06-08 06:44:36,553 - INFO - Saved batch data. Total records: 11370
2025-06-08 06:44:36,553 - INFO - Processing batch 2/4 (50 links)
2025-06-08 06:44:42,191 - INFO - Progress: 10/50 ads processed
2025-06-08 06:44:47,199 - INFO - Progress: 20/50 ads processed
2025-06-08 06:44:52,483 - INFO - Progress: 30/50 ads processed
2025-06-08 06:44:57,276 - INFO - Progress: 40/50 ads processed
2025-06-08 06:45:02,254 - INFO - Progress: 50/50 ads processed
2025-06-08 06:45:02,289 - INFO - Created backup of existing data file at unegui_data/unegui_rental_data.csv.bak
2025-06-08 06:45:02,423 - INFO - Data saved to unegui_data/unegui_rental_data.csv: 11419 records
2025-06-08 06:45:02,799 - INFO - Cache saved with 11713 URLs
2025-06-08 06:45:02,799 - INFO - Saved batch data. Total records: 11419
2025-06-08 06:45:02,799 - INFO - Processing batch 3/4 (50 links)
2025-06-08 06:45:08,460 - INFO - Progress: 10/50 ads processed
2025-06-08 06:45:13,562 - INFO - Progress: 20/50 ads processed
2025-06-08 06:45:18,560 - INFO - Progress: 30/50 ads processed
2025-06-08 06:45:23,916 - INFO - Progress: 40/50 ads processed
2025-06-08 06:45:28,952 - INFO - Progress: 50/50 ads processed
2025-06-08 06:45:28,987 - INFO - Created backup of existing data file at unegui_data/unegui_rental_data.csv.bak
2025-06-08 06:45:29,122 - INFO - Data saved to unegui_data/unegui_rental_data.csv: 11468 records
2025-06-08 06:45:29,503 - INFO - Cache saved with 11763 URLs
2025-06-08 06:45:29,504 - INFO - Saved batch data. Total records: 11468
2025-06-08 06:45:29,504 - INFO - Processing batch 4/4 (2 links)
2025-06-08 06:45:32,125 - INFO - Progress: 2/2 ads processed
2025-06-08 06:45:32,159 - INFO - Created backup of existing data file at unegui_data/unegui_rental_data.csv.bak
2025-06-08 06:45:32,293 - INFO - Data saved to unegui_data/unegui_rental_data.csv: 11470 records
2025-06-08 06:45:32,674 - INFO - Cache saved with 11765 URLs
2025-06-08 06:45:32,674 - INFO - Saved batch data. Total records: 11470
2025-06-08 06:45:32,674 - INFO - Scraping completed in 0:03:14.477886. Total ads collected: 11470
