2025-06-22 06:42:14,110 - INFO - Starting rental apartment scraper at 2025-06-22 06:42:14.110488
2025-06-22 06:42:14,240 - INFO - Loaded existing data from unegui_data/unegui_rental_data.csv: 14578 records
2025-06-22 06:42:14,394 - INFO - Loaded 14578 existing records
2025-06-22 06:42:14,395 - INFO - Scraping page 1...
2025-06-22 06:42:14,396 - INFO - Scraping page 2...
2025-06-22 06:42:14,396 - INFO - Scraping page 3...
2025-06-22 06:42:17,695 - INFO - Found 60 links on page 2
2025-06-22 06:42:17,696 - INFO - Scraping page 4...
2025-06-22 06:42:18,485 - INFO - Found 60 links on page 3
2025-06-22 06:42:18,485 - INFO - Scraping page 5...
2025-06-22 06:42:18,710 - INFO - Found 60 links on page 1
2025-06-22 06:42:18,710 - INFO - Scraping page 6...
2025-06-22 06:42:21,582 - INFO - Found 60 links on page 4
2025-06-22 06:42:21,582 - INFO - Scraping page 7...
2025-06-22 06:42:21,840 - INFO - Found 60 links on page 5
2025-06-22 06:42:21,840 - INFO - Scraping page 8...
2025-06-22 06:42:22,244 - INFO - Found 60 links on page 6
2025-06-22 06:42:22,244 - INFO - Scraping page 9...
2025-06-22 06:42:24,911 - INFO - Found 60 links on page 7
2025-06-22 06:42:24,911 - INFO - Scraping page 10...
2025-06-22 06:42:25,152 - INFO - Found 60 links on page 8
2025-06-22 06:42:25,153 - INFO - Scraping page 11...
2025-06-22 06:42:25,883 - INFO - Found 60 links on page 9
2025-06-22 06:42:25,883 - INFO - Scraping page 12...
2025-06-22 06:42:28,450 - INFO - Found 60 links on page 10
2025-06-22 06:42:28,450 - INFO - Scraping page 13...
2025-06-22 06:42:28,976 - INFO - Found 60 links on page 11
2025-06-22 06:42:28,976 - INFO - Scraping page 14...
2025-06-22 06:42:29,250 - INFO - Found 60 links on page 12
2025-06-22 06:42:29,251 - INFO - Scraping page 15...
2025-06-22 06:42:31,787 - INFO - Found 60 links on page 13
2025-06-22 06:42:31,787 - INFO - Scraping page 16...
2025-06-22 06:42:32,597 - INFO - Found 60 links on page 15
2025-06-22 06:42:32,607 - INFO - Scraping page 17...
2025-06-22 06:42:32,713 - INFO - Found 60 links on page 14
2025-06-22 06:42:32,713 - INFO - Scraping page 18...
2025-06-22 06:42:35,474 - INFO - Found 60 links on page 16
2025-06-22 06:42:35,474 - INFO - Scraping page 19...
2025-06-22 06:42:36,101 - INFO - Found 60 links on page 17
2025-06-22 06:42:36,101 - INFO - Scraping page 20...
2025-06-22 06:42:36,418 - INFO - Found 60 links on page 18
2025-06-22 06:42:36,418 - INFO - Scraping page 21...
2025-06-22 06:42:38,971 - INFO - Found 60 links on page 19
2025-06-22 06:42:38,971 - INFO - Scraping page 22...
2025-06-22 06:42:39,932 - INFO - Found 60 links on page 21
2025-06-22 06:42:39,937 - INFO - Scraping page 23...
2025-06-22 06:42:40,023 - INFO - Found 60 links on page 20
2025-06-22 06:42:40,023 - INFO - Scraping page 24...
2025-06-22 06:42:42,447 - INFO - Found 60 links on page 22
2025-06-22 06:42:42,447 - INFO - Scraping page 25...
2025-06-22 06:42:43,523 - INFO - Found 60 links on page 24
2025-06-22 06:42:43,529 - INFO - Scraping page 26...
2025-06-22 06:42:43,695 - INFO - Found 60 links on page 23
2025-06-22 06:42:43,695 - INFO - Scraping page 27...
2025-06-22 06:42:46,085 - INFO - Found 60 links on page 25
2025-06-22 06:42:46,086 - INFO - Scraping page 28...
2025-06-22 06:42:47,042 - INFO - Found 60 links on page 26
2025-06-22 06:42:47,042 - INFO - Scraping page 29...
2025-06-22 06:42:47,229 - INFO - Found 60 links on page 27
2025-06-22 06:42:47,229 - INFO - Scraping page 30...
2025-06-22 06:42:49,340 - INFO - Found 60 links on page 28
2025-06-22 06:42:49,340 - INFO - Scraping page 31...
2025-06-22 06:42:50,673 - INFO - Found 60 links on page 29
2025-06-22 06:42:50,673 - INFO - Scraping page 32...
2025-06-22 06:42:50,937 - INFO - Found 60 links on page 30
2025-06-22 06:42:50,937 - INFO - Scraping page 33...
2025-06-22 06:42:52,613 - INFO - Found 60 links on page 31
2025-06-22 06:42:52,613 - INFO - Scraping page 34...
2025-06-22 06:42:54,510 - INFO - Found 60 links on page 32
2025-06-22 06:42:54,515 - INFO - Scraping page 35...
2025-06-22 06:42:54,635 - INFO - Found 60 links on page 33
2025-06-22 06:42:54,635 - INFO - Scraping page 36...
2025-06-22 06:42:57,120 - INFO - Found 60 links on page 34
2025-06-22 06:42:57,120 - INFO - Scraping page 37...
2025-06-22 06:42:57,753 - INFO - Found 60 links on page 35
2025-06-22 06:42:57,753 - INFO - Scraping page 38...
2025-06-22 06:42:58,107 - INFO - Found 60 links on page 36
2025-06-22 06:42:58,107 - INFO - Scraping page 39...
2025-06-22 06:43:00,659 - INFO - Found 60 links on page 37
2025-06-22 06:43:00,659 - INFO - Scraping page 40...
2025-06-22 06:43:01,374 - INFO - Found 60 links on page 38
2025-06-22 06:43:01,374 - INFO - Scraping page 41...
2025-06-22 06:43:02,007 - INFO - Found 60 links on page 39
2025-06-22 06:43:02,008 - INFO - Scraping page 42...
2025-06-22 06:43:05,030 - INFO - Found 60 links on page 41
2025-06-22 06:43:05,035 - INFO - Scraping page 43...
2025-06-22 06:43:05,136 - INFO - Found 60 links on page 40
2025-06-22 06:43:05,137 - INFO - Scraping page 44...
2025-06-22 06:43:05,577 - INFO - Found 60 links on page 42
2025-06-22 06:43:05,577 - INFO - Scraping page 45...
2025-06-22 06:43:08,643 - INFO - Found 60 links on page 44
2025-06-22 06:43:08,648 - INFO - Scraping page 46...
2025-06-22 06:43:08,798 - INFO - Found 60 links on page 43
2025-06-22 06:43:08,798 - INFO - Scraping page 47...
2025-06-22 06:43:09,318 - INFO - Found 60 links on page 45
2025-06-22 06:43:09,318 - INFO - Scraping page 48...
2025-06-22 06:43:12,883 - INFO - Found 60 links on page 47
2025-06-22 06:43:12,894 - INFO - Scraping page 49...
2025-06-22 06:43:13,014 - INFO - Found 60 links on page 46
2025-06-22 06:43:13,014 - INFO - Scraping page 50...
2025-06-22 06:43:13,506 - INFO - Found 60 links on page 48
2025-06-22 06:43:13,506 - INFO - Scraping page 51...
2025-06-22 06:43:16,235 - INFO - Found 60 links on page 49
2025-06-22 06:43:16,235 - INFO - Scraping page 52...
2025-06-22 06:43:16,526 - INFO - Found 60 links on page 50
2025-06-22 06:43:16,526 - INFO - Scraping page 53...
2025-06-22 06:43:17,169 - INFO - Found 60 links on page 51
2025-06-22 06:43:17,169 - INFO - Scraping page 54...
2025-06-22 06:43:19,741 - INFO - Found 60 links on page 52
2025-06-22 06:43:19,741 - INFO - Scraping page 55...
2025-06-22 06:43:20,259 - INFO - Found 60 links on page 53
2025-06-22 06:43:20,260 - INFO - Scraping page 56...
2025-06-22 06:43:20,660 - INFO - Found 60 links on page 54
2025-06-22 06:43:20,660 - INFO - Scraping page 57...
2025-06-22 06:43:22,976 - INFO - Found 60 links on page 55
2025-06-22 06:43:22,977 - INFO - Scraping page 58...
2025-06-22 06:43:24,386 - INFO - Found 60 links on page 56
2025-06-22 06:43:24,386 - INFO - Scraping page 59...
2025-06-22 06:43:24,857 - INFO - Found 60 links on page 57
2025-06-22 06:43:24,858 - INFO - Scraping page 60...
2025-06-22 06:43:26,623 - INFO - Found 60 links on page 58
2025-06-22 06:43:26,624 - INFO - Scraping page 61...
2025-06-22 06:43:27,688 - INFO - Found 60 links on page 59
2025-06-22 06:43:27,688 - INFO - Scraping page 62...
2025-06-22 06:43:28,299 - INFO - Found 60 links on page 60
2025-06-22 06:43:28,299 - INFO - Scraping page 63...
2025-06-22 06:43:30,518 - INFO - Found 60 links on page 61
2025-06-22 06:43:30,518 - INFO - Scraping page 64...
2025-06-22 06:43:31,538 - INFO - Found 60 links on page 63
2025-06-22 06:43:31,538 - INFO - Scraping page 65...
2025-06-22 06:43:31,941 - INFO - Found 60 links on page 62
2025-06-22 06:43:31,941 - INFO - Scraping page 66...
2025-06-22 06:43:34,807 - INFO - Found 60 links on page 64
2025-06-22 06:43:34,807 - INFO - Scraping page 67...
2025-06-22 06:43:35,230 - INFO - Found 60 links on page 66
2025-06-22 06:43:35,231 - INFO - Scraping page 68...
2025-06-22 06:43:35,590 - INFO - Found 60 links on page 65
2025-06-22 06:43:35,590 - INFO - Scraping page 69...
2025-06-22 06:43:38,201 - INFO - Found 60 links on page 67
2025-06-22 06:43:38,201 - INFO - Scraping page 70...
2025-06-22 06:43:38,784 - INFO - Found 60 links on page 68
2025-06-22 06:43:38,784 - INFO - Scraping page 71...
2025-06-22 06:43:38,964 - INFO - Found 60 links on page 69
2025-06-22 06:43:38,965 - INFO - Scraping page 72...
2025-06-22 06:43:41,991 - INFO - Found 60 links on page 70
2025-06-22 06:43:41,991 - INFO - Scraping page 73...
2025-06-22 06:43:42,562 - INFO - Found 60 links on page 71
2025-06-22 06:43:42,567 - INFO - Scraping page 74...
2025-06-22 06:43:42,622 - INFO - Found 60 links on page 72
2025-06-22 06:43:42,622 - INFO - Scraping page 75...
2025-06-22 06:43:45,406 - INFO - Found 60 links on page 73
2025-06-22 06:43:45,406 - INFO - Scraping page 76...
2025-06-22 06:43:45,909 - INFO - Found 60 links on page 74
2025-06-22 06:43:45,919 - INFO - Scraping page 77...
2025-06-22 06:43:46,067 - INFO - Found 60 links on page 75
2025-06-22 06:43:46,067 - INFO - Scraping page 78...
2025-06-22 06:43:49,149 - INFO - Found 60 links on page 76
2025-06-22 06:43:49,150 - INFO - Scraping page 79...
2025-06-22 06:43:49,443 - INFO - Found 60 links on page 78
2025-06-22 06:43:49,443 - INFO - Scraping page 80...
2025-06-22 06:43:49,683 - INFO - Found 60 links on page 77
2025-06-22 06:43:49,683 - INFO - Scraping page 81...
2025-06-22 06:43:52,683 - INFO - Found 60 links on page 79
2025-06-22 06:43:52,683 - INFO - Scraping page 82...
2025-06-22 06:43:53,089 - INFO - Found 60 links on page 80
2025-06-22 06:43:53,089 - INFO - Scraping page 83...
2025-06-22 06:43:53,414 - INFO - Found 60 links on page 81
2025-06-22 06:43:53,414 - INFO - Scraping page 84...
2025-06-22 06:43:56,116 - INFO - Found 60 links on page 82
2025-06-22 06:43:56,116 - INFO - Scraping page 85...
2025-06-22 06:43:56,628 - INFO - Found 60 links on page 83
2025-06-22 06:43:56,628 - INFO - Scraping page 86...
2025-06-22 06:43:57,365 - INFO - Found 60 links on page 84
2025-06-22 06:43:57,365 - INFO - Scraping page 87...
2025-06-22 06:43:59,666 - INFO - Found 60 links on page 85
2025-06-22 06:43:59,667 - INFO - Scraping page 88...
2025-06-22 06:44:00,499 - INFO - Found 60 links on page 86
2025-06-22 06:44:00,499 - INFO - Scraping page 89...
2025-06-22 06:44:01,053 - INFO - Found 60 links on page 87
2025-06-22 06:44:01,053 - INFO - Scraping page 90...
2025-06-22 06:44:03,167 - INFO - Found 60 links on page 88
2025-06-22 06:44:03,804 - INFO - Found 60 links on page 89
2025-06-22 06:44:04,248 - INFO - Found 22 links on page 90
2025-06-22 06:44:04,252 - INFO - Found 128 new links to scrape out of 5362 total links
2025-06-22 06:44:04,253 - INFO - Processing batch 1/3 (50 links)
2025-06-22 06:44:10,033 - INFO - Progress: 10/50 ads processed
2025-06-22 06:44:14,964 - INFO - Progress: 20/50 ads processed
2025-06-22 06:44:19,742 - INFO - Progress: 30/50 ads processed
2025-06-22 06:44:24,993 - INFO - Progress: 40/50 ads processed
2025-06-22 06:44:29,622 - INFO - Progress: 50/50 ads processed
2025-06-22 06:44:29,665 - INFO - Created backup of existing data file at unegui_data/unegui_rental_data.csv.bak
2025-06-22 06:44:29,836 - INFO - Data saved to unegui_data/unegui_rental_data.csv: 14626 records
2025-06-22 06:44:30,317 - INFO - Cache saved with 14998 URLs
2025-06-22 06:44:30,317 - INFO - Saved batch data. Total records: 14626
2025-06-22 06:44:30,318 - INFO - Processing batch 2/3 (50 links)
2025-06-22 06:44:35,501 - INFO - Progress: 10/50 ads processed
2025-06-22 06:44:40,186 - INFO - Progress: 20/50 ads processed
2025-06-22 06:44:46,544 - INFO - Progress: 30/50 ads processed
2025-06-22 06:44:51,796 - INFO - Progress: 40/50 ads processed
2025-06-22 06:44:56,576 - INFO - Progress: 50/50 ads processed
2025-06-22 06:44:56,620 - INFO - Created backup of existing data file at unegui_data/unegui_rental_data.csv.bak
2025-06-22 06:44:56,792 - INFO - Data saved to unegui_data/unegui_rental_data.csv: 14675 records
2025-06-22 06:44:57,283 - INFO - Cache saved with 15048 URLs
2025-06-22 06:44:57,283 - INFO - Saved batch data. Total records: 14675
2025-06-22 06:44:57,283 - INFO - Processing batch 3/3 (28 links)
2025-06-22 06:45:02,891 - INFO - Progress: 10/28 ads processed
2025-06-22 06:45:07,781 - INFO - Progress: 20/28 ads processed
2025-06-22 06:45:12,267 - INFO - Progress: 28/28 ads processed
2025-06-22 06:45:12,310 - INFO - Created backup of existing data file at unegui_data/unegui_rental_data.csv.bak
2025-06-22 06:45:12,482 - INFO - Data saved to unegui_data/unegui_rental_data.csv: 14702 records
2025-06-22 06:45:12,974 - INFO - Cache saved with 15076 URLs
2025-06-22 06:45:12,974 - INFO - Saved batch data. Total records: 14702
2025-06-22 06:45:12,974 - INFO - Scraping completed in 0:02:58.864315. Total ads collected: 14702
