2025-06-15 06:41:20,694 - INFO - Starting rental apartment scraper at 2025-06-15 06:41:20.694633
2025-06-15 06:41:20,809 - INFO - Loaded existing data from unegui_data/unegui_rental_data.csv: 12952 records
2025-06-15 06:41:20,947 - INFO - Loaded 12952 existing records
2025-06-15 06:41:20,950 - INFO - Scraping page 1...
2025-06-15 06:41:20,950 - INFO - Scraping page 2...
2025-06-15 06:41:20,951 - INFO - Scraping page 3...
2025-06-15 06:41:24,426 - INFO - Found 60 links on page 2
2025-06-15 06:41:24,427 - INFO - Scraping page 4...
2025-06-15 06:41:24,905 - INFO - Found 60 links on page 3
2025-06-15 06:41:24,905 - INFO - Scraping page 5...
2025-06-15 06:41:25,138 - INFO - Found 60 links on page 1
2025-06-15 06:41:25,138 - INFO - Scraping page 6...
2025-06-15 06:41:28,108 - INFO - Found 60 links on page 4
2025-06-15 06:41:28,108 - INFO - Scraping page 7...
2025-06-15 06:41:28,624 - INFO - Found 60 links on page 5
2025-06-15 06:41:28,624 - INFO - Scraping page 8...
2025-06-15 06:41:29,248 - INFO - Found 60 links on page 6
2025-06-15 06:41:29,248 - INFO - Scraping page 9...
2025-06-15 06:41:31,642 - INFO - Found 60 links on page 7
2025-06-15 06:41:31,642 - INFO - Scraping page 10...
2025-06-15 06:41:32,468 - INFO - Found 60 links on page 8
2025-06-15 06:41:32,468 - INFO - Scraping page 11...
2025-06-15 06:41:32,659 - INFO - Found 60 links on page 9
2025-06-15 06:41:32,659 - INFO - Scraping page 12...
2025-06-15 06:41:35,504 - INFO - Found 60 links on page 10
2025-06-15 06:41:35,504 - INFO - Scraping page 13...
2025-06-15 06:41:36,299 - INFO - Found 60 links on page 11
2025-06-15 06:41:36,309 - INFO - Scraping page 14...
2025-06-15 06:41:36,351 - INFO - Found 60 links on page 12
2025-06-15 06:41:36,351 - INFO - Scraping page 15...
2025-06-15 06:41:39,446 - INFO - Found 60 links on page 13
2025-06-15 06:41:39,446 - INFO - Scraping page 16...
2025-06-15 06:41:39,701 - INFO - Found 60 links on page 14
2025-06-15 06:41:39,706 - INFO - Scraping page 17...
2025-06-15 06:41:39,836 - INFO - Found 60 links on page 15
2025-06-15 06:41:39,836 - INFO - Scraping page 18...
2025-06-15 06:41:42,864 - INFO - Found 60 links on page 16
2025-06-15 06:41:42,865 - INFO - Scraping page 19...
2025-06-15 06:41:43,046 - INFO - Found 60 links on page 17
2025-06-15 06:41:43,046 - INFO - Scraping page 20...
2025-06-15 06:41:43,531 - INFO - Found 60 links on page 18
2025-06-15 06:41:43,532 - INFO - Scraping page 21...
2025-06-15 06:41:46,780 - INFO - Found 60 links on page 19
2025-06-15 06:41:46,786 - INFO - Scraping page 22...
2025-06-15 06:41:46,911 - INFO - Found 60 links on page 20
2025-06-15 06:41:46,911 - INFO - Scraping page 23...
2025-06-15 06:41:48,093 - INFO - Found 60 links on page 21
2025-06-15 06:41:48,094 - INFO - Scraping page 24...
2025-06-15 06:41:50,436 - INFO - Found 60 links on page 23
2025-06-15 06:41:50,441 - INFO - Scraping page 25...
2025-06-15 06:41:50,568 - INFO - Found 60 links on page 22
2025-06-15 06:41:50,568 - INFO - Scraping page 26...
2025-06-15 06:41:51,650 - INFO - Found 60 links on page 24
2025-06-15 06:41:51,650 - INFO - Scraping page 27...
2025-06-15 06:41:53,819 - INFO - Found 60 links on page 25
2025-06-15 06:41:53,819 - INFO - Scraping page 28...
2025-06-15 06:41:54,150 - INFO - Found 60 links on page 26
2025-06-15 06:41:54,150 - INFO - Scraping page 29...
2025-06-15 06:41:55,001 - INFO - Found 60 links on page 27
2025-06-15 06:41:55,001 - INFO - Scraping page 30...
2025-06-15 06:41:57,310 - INFO - Found 60 links on page 28
2025-06-15 06:41:57,311 - INFO - Scraping page 31...
2025-06-15 06:41:58,136 - INFO - Found 60 links on page 29
2025-06-15 06:41:58,136 - INFO - Scraping page 32...
2025-06-15 06:41:58,791 - INFO - Found 60 links on page 30
2025-06-15 06:41:58,791 - INFO - Scraping page 33...
2025-06-15 06:42:00,985 - INFO - Found 60 links on page 31
2025-06-15 06:42:00,986 - INFO - Scraping page 34...
2025-06-15 06:42:01,547 - INFO - Found 60 links on page 32
2025-06-15 06:42:01,547 - INFO - Scraping page 35...
2025-06-15 06:42:02,889 - INFO - Found 60 links on page 33
2025-06-15 06:42:02,889 - INFO - Scraping page 36...
2025-06-15 06:42:04,445 - INFO - Found 60 links on page 34
2025-06-15 06:42:04,445 - INFO - Scraping page 37...
2025-06-15 06:42:05,281 - INFO - Found 60 links on page 35
2025-06-15 06:42:05,282 - INFO - Scraping page 38...
2025-06-15 06:42:06,861 - INFO - Found 60 links on page 36
2025-06-15 06:42:06,861 - INFO - Scraping page 39...
2025-06-15 06:42:08,163 - INFO - Found 60 links on page 37
2025-06-15 06:42:08,163 - INFO - Scraping page 40...
2025-06-15 06:42:08,798 - INFO - Found 60 links on page 38
2025-06-15 06:42:08,798 - INFO - Scraping page 41...
2025-06-15 06:42:10,310 - INFO - Found 60 links on page 39
2025-06-15 06:42:10,310 - INFO - Scraping page 42...
2025-06-15 06:42:11,662 - INFO - Found 60 links on page 40
2025-06-15 06:42:11,662 - INFO - Scraping page 43...
2025-06-15 06:42:12,514 - INFO - Found 60 links on page 41
2025-06-15 06:42:12,514 - INFO - Scraping page 44...
2025-06-15 06:42:14,089 - INFO - Found 60 links on page 42
2025-06-15 06:42:14,089 - INFO - Scraping page 45...
2025-06-15 06:42:15,541 - INFO - Found 60 links on page 43
2025-06-15 06:42:15,541 - INFO - Scraping page 46...
2025-06-15 06:42:16,082 - INFO - Found 60 links on page 44
2025-06-15 06:42:16,082 - INFO - Scraping page 47...
2025-06-15 06:42:17,708 - INFO - Found 60 links on page 45
2025-06-15 06:42:17,708 - INFO - Scraping page 48...
2025-06-15 06:42:19,082 - INFO - Found 60 links on page 46
2025-06-15 06:42:19,083 - INFO - Scraping page 49...
2025-06-15 06:42:19,502 - INFO - Found 60 links on page 47
2025-06-15 06:42:19,503 - INFO - Scraping page 50...
2025-06-15 06:42:21,493 - INFO - Found 60 links on page 48
2025-06-15 06:42:21,493 - INFO - Scraping page 51...
2025-06-15 06:42:22,960 - INFO - Found 60 links on page 50
2025-06-15 06:42:22,965 - INFO - Scraping page 52...
2025-06-15 06:42:23,022 - INFO - Found 60 links on page 49
2025-06-15 06:42:23,022 - INFO - Scraping page 53...
2025-06-15 06:42:25,251 - INFO - Found 60 links on page 51
2025-06-15 06:42:25,252 - INFO - Scraping page 54...
2025-06-15 06:42:26,631 - INFO - Found 60 links on page 53
2025-06-15 06:42:26,631 - INFO - Scraping page 55...
2025-06-15 06:42:27,217 - INFO - Found 60 links on page 52
2025-06-15 06:42:27,217 - INFO - Scraping page 56...
2025-06-15 06:42:28,739 - INFO - Found 60 links on page 54
2025-06-15 06:42:28,739 - INFO - Scraping page 57...
2025-06-15 06:42:30,381 - INFO - Found 60 links on page 55
2025-06-15 06:42:30,381 - INFO - Scraping page 58...
2025-06-15 06:42:30,760 - INFO - Found 60 links on page 56
2025-06-15 06:42:30,760 - INFO - Scraping page 59...
2025-06-15 06:42:32,215 - INFO - Found 60 links on page 57
2025-06-15 06:42:32,215 - INFO - Scraping page 60...
2025-06-15 06:42:33,865 - INFO - Found 60 links on page 58
2025-06-15 06:42:33,866 - INFO - Scraping page 61...
2025-06-15 06:42:34,102 - INFO - Found 60 links on page 59
2025-06-15 06:42:34,102 - INFO - Scraping page 62...
2025-06-15 06:42:35,562 - INFO - Found 60 links on page 60
2025-06-15 06:42:35,562 - INFO - Scraping page 63...
2025-06-15 06:42:37,310 - INFO - Found 60 links on page 61
2025-06-15 06:42:37,310 - INFO - Scraping page 64...
2025-06-15 06:42:37,562 - INFO - Found 60 links on page 62
2025-06-15 06:42:37,562 - INFO - Scraping page 65...
2025-06-15 06:42:39,379 - INFO - Found 60 links on page 63
2025-06-15 06:42:39,379 - INFO - Scraping page 66...
2025-06-15 06:42:40,899 - INFO - Found 60 links on page 64
2025-06-15 06:42:40,899 - INFO - Scraping page 67...
2025-06-15 06:42:41,125 - INFO - Found 60 links on page 65
2025-06-15 06:42:41,125 - INFO - Scraping page 68...
2025-06-15 06:42:43,041 - INFO - Found 60 links on page 66
2025-06-15 06:42:43,041 - INFO - Scraping page 69...
2025-06-15 06:42:44,593 - INFO - Found 60 links on page 67
2025-06-15 06:42:44,593 - INFO - Scraping page 70...
2025-06-15 06:42:44,822 - INFO - Found 60 links on page 68
2025-06-15 06:42:44,822 - INFO - Scraping page 71...
2025-06-15 06:42:47,262 - INFO - Found 60 links on page 69
2025-06-15 06:42:47,262 - INFO - Scraping page 72...
2025-06-15 06:42:48,155 - INFO - Found 60 links on page 70
2025-06-15 06:42:48,156 - INFO - Scraping page 73...
2025-06-15 06:42:49,076 - INFO - Found 60 links on page 71
2025-06-15 06:42:49,076 - INFO - Scraping page 74...
2025-06-15 06:42:50,648 - INFO - Found 60 links on page 72
2025-06-15 06:42:50,648 - INFO - Scraping page 75...
2025-06-15 06:42:51,795 - INFO - Found 60 links on page 73
2025-06-15 06:42:51,795 - INFO - Scraping page 76...
2025-06-15 06:42:52,540 - INFO - Found 60 links on page 74
2025-06-15 06:42:52,540 - INFO - Scraping page 77...
2025-06-15 06:42:54,140 - INFO - Found 60 links on page 75
2025-06-15 06:42:54,140 - INFO - Scraping page 78...
2025-06-15 06:42:55,345 - INFO - Found 60 links on page 76
2025-06-15 06:42:55,345 - INFO - Scraping page 79...
2025-06-15 06:42:55,980 - INFO - Found 60 links on page 77
2025-06-15 06:42:55,980 - INFO - Scraping page 80...
2025-06-15 06:42:57,717 - INFO - Found 60 links on page 78
2025-06-15 06:42:57,717 - INFO - Scraping page 81...
2025-06-15 06:42:59,114 - INFO - Found 60 links on page 79
2025-06-15 06:42:59,114 - INFO - Scraping page 82...
2025-06-15 06:42:59,500 - INFO - Found 60 links on page 80
2025-06-15 06:42:59,500 - INFO - Scraping page 83...
2025-06-15 06:43:00,971 - INFO - Found 60 links on page 81
2025-06-15 06:43:00,972 - INFO - Scraping page 84...
2025-06-15 06:43:02,519 - INFO - Found 60 links on page 82
2025-06-15 06:43:02,520 - INFO - Scraping page 85...
2025-06-15 06:43:02,891 - INFO - Found 60 links on page 83
2025-06-15 06:43:02,891 - INFO - Scraping page 86...
2025-06-15 06:43:04,459 - INFO - Found 60 links on page 84
2025-06-15 06:43:04,459 - INFO - Scraping page 87...
2025-06-15 06:43:05,806 - INFO - Found 60 links on page 85
2025-06-15 06:43:05,806 - INFO - Scraping page 88...
2025-06-15 06:43:06,304 - INFO - Found 60 links on page 86
2025-06-15 06:43:06,304 - INFO - Scraping page 89...
2025-06-15 06:43:08,151 - INFO - Found 60 links on page 87
2025-06-15 06:43:08,151 - INFO - Scraping page 90...
2025-06-15 06:43:09,125 - INFO - Found 60 links on page 88
2025-06-15 06:43:09,277 - INFO - Found 11 links on page 89
2025-06-15 06:43:11,524 - INFO - Found 11 links on page 90
2025-06-15 06:43:11,528 - INFO - Found 181 new links to scrape out of 5302 total links
2025-06-15 06:43:11,528 - INFO - Processing batch 1/4 (50 links)
2025-06-15 06:43:17,207 - INFO - Progress: 10/50 ads processed
2025-06-15 06:43:23,687 - INFO - Progress: 20/50 ads processed
2025-06-15 06:43:28,280 - INFO - Progress: 30/50 ads processed
2025-06-15 06:43:33,161 - INFO - Progress: 40/50 ads processed
2025-06-15 06:43:38,090 - INFO - Progress: 50/50 ads processed
2025-06-15 06:43:38,131 - INFO - Created backup of existing data file at unegui_data/unegui_rental_data.csv.bak
2025-06-15 06:43:38,284 - INFO - Data saved to unegui_data/unegui_rental_data.csv: 13001 records
2025-06-15 06:43:38,707 - INFO - Cache saved with 13331 URLs
2025-06-15 06:43:38,707 - INFO - Saved batch data. Total records: 13001
2025-06-15 06:43:38,707 - INFO - Processing batch 2/4 (50 links)
2025-06-15 06:43:44,504 - INFO - Progress: 10/50 ads processed
2025-06-15 06:43:50,187 - INFO - Progress: 20/50 ads processed
2025-06-15 06:43:55,262 - INFO - Progress: 30/50 ads processed
2025-06-15 06:44:00,161 - INFO - Progress: 40/50 ads processed
2025-06-15 06:44:05,395 - INFO - Progress: 50/50 ads processed
2025-06-15 06:44:05,436 - INFO - Created backup of existing data file at unegui_data/unegui_rental_data.csv.bak
2025-06-15 06:44:05,590 - INFO - Data saved to unegui_data/unegui_rental_data.csv: 13048 records
2025-06-15 06:44:06,016 - INFO - Cache saved with 13381 URLs
2025-06-15 06:44:06,016 - INFO - Saved batch data. Total records: 13048
2025-06-15 06:44:06,016 - INFO - Processing batch 3/4 (50 links)
2025-06-15 06:44:11,139 - INFO - Progress: 10/50 ads processed
2025-06-15 06:44:16,582 - INFO - Progress: 20/50 ads processed
2025-06-15 06:44:21,738 - INFO - Progress: 30/50 ads processed
2025-06-15 06:44:27,013 - INFO - Progress: 40/50 ads processed
2025-06-15 06:44:31,914 - INFO - Progress: 50/50 ads processed
2025-06-15 06:44:31,956 - INFO - Created backup of existing data file at unegui_data/unegui_rental_data.csv.bak
2025-06-15 06:44:32,111 - INFO - Data saved to unegui_data/unegui_rental_data.csv: 13097 records
2025-06-15 06:44:32,536 - INFO - Cache saved with 13431 URLs
2025-06-15 06:44:32,536 - INFO - Saved batch data. Total records: 13097
2025-06-15 06:44:32,536 - INFO - Processing batch 4/4 (31 links)
2025-06-15 06:44:37,839 - INFO - Progress: 10/31 ads processed
2025-06-15 06:44:43,226 - INFO - Progress: 20/31 ads processed
2025-06-15 06:44:48,433 - INFO - Progress: 30/31 ads processed
2025-06-15 06:44:49,203 - INFO - Progress: 31/31 ads processed
2025-06-15 06:44:49,244 - INFO - Created backup of existing data file at unegui_data/unegui_rental_data.csv.bak
2025-06-15 06:44:49,399 - INFO - Data saved to unegui_data/unegui_rental_data.csv: 13128 records
2025-06-15 06:44:49,831 - INFO - Cache saved with 13462 URLs
2025-06-15 06:44:49,831 - INFO - Saved batch data. Total records: 13128
2025-06-15 06:44:49,832 - INFO - Scraping completed in 0:03:29.137372. Total ads collected: 13128
