2025-06-24 06:46:51,726 - INFO - Starting rental apartment scraper at 2025-06-24 06:46:51.726605
2025-06-24 06:46:51,858 - INFO - Loaded existing data from unegui_data/unegui_rental_data.csv: 14886 records
2025-06-24 06:46:52,012 - INFO - Loaded 14886 existing records
2025-06-24 06:46:52,013 - INFO - Scraping page 1...
2025-06-24 06:46:52,014 - INFO - Scraping page 2...
2025-06-24 06:46:52,014 - INFO - Scraping page 3...
2025-06-24 06:46:55,415 - INFO - Found 60 links on page 1
2025-06-24 06:46:55,415 - INFO - Scraping page 4...
2025-06-24 06:46:56,062 - INFO - Found 60 links on page 3
2025-06-24 06:46:56,062 - INFO - Scraping page 5...
2025-06-24 06:46:56,417 - INFO - Found 60 links on page 2
2025-06-24 06:46:56,417 - INFO - Scraping page 6...
2025-06-24 06:46:58,751 - INFO - Found 60 links on page 4
2025-06-24 06:46:58,751 - INFO - Scraping page 7...
2025-06-24 06:46:59,828 - INFO - Found 60 links on page 5
2025-06-24 06:46:59,829 - INFO - Scraping page 8...
2025-06-24 06:47:00,166 - INFO - Found 60 links on page 6
2025-06-24 06:47:00,166 - INFO - Scraping page 9...
2025-06-24 06:47:02,525 - INFO - Found 60 links on page 7
2025-06-24 06:47:02,525 - INFO - Scraping page 10...
2025-06-24 06:47:03,978 - INFO - Found 60 links on page 9
2025-06-24 06:47:03,983 - INFO - Scraping page 11...
2025-06-24 06:47:04,106 - INFO - Found 60 links on page 8
2025-06-24 06:47:04,106 - INFO - Scraping page 12...
2025-06-24 06:47:05,930 - INFO - Found 60 links on page 10
2025-06-24 06:47:05,930 - INFO - Scraping page 13...
2025-06-24 06:47:07,798 - INFO - Found 60 links on page 11
2025-06-24 06:47:07,814 - INFO - Scraping page 14...
2025-06-24 06:47:07,899 - INFO - Found 60 links on page 12
2025-06-24 06:47:07,899 - INFO - Scraping page 15...
2025-06-24 06:47:09,615 - INFO - Found 60 links on page 13
2025-06-24 06:47:09,615 - INFO - Scraping page 16...
2025-06-24 06:47:11,498 - INFO - Found 60 links on page 15
2025-06-24 06:47:11,498 - INFO - Scraping page 17...
2025-06-24 06:47:12,213 - INFO - Found 60 links on page 14
2025-06-24 06:47:12,213 - INFO - Scraping page 18...
2025-06-24 06:47:13,315 - INFO - Found 60 links on page 16
2025-06-24 06:47:13,315 - INFO - Scraping page 19...
2025-06-24 06:47:15,217 - INFO - Found 60 links on page 17
2025-06-24 06:47:15,218 - INFO - Scraping page 20...
2025-06-24 06:47:15,883 - INFO - Found 60 links on page 18
2025-06-24 06:47:15,883 - INFO - Scraping page 21...
2025-06-24 06:47:17,041 - INFO - Found 60 links on page 19
2025-06-24 06:47:17,041 - INFO - Scraping page 22...
2025-06-24 06:47:18,721 - INFO - Found 60 links on page 20
2025-06-24 06:47:18,721 - INFO - Scraping page 23...
2025-06-24 06:47:19,552 - INFO - Found 60 links on page 21
2025-06-24 06:47:19,552 - INFO - Scraping page 24...
2025-06-24 06:47:20,603 - INFO - Found 60 links on page 22
2025-06-24 06:47:20,603 - INFO - Scraping page 25...
2025-06-24 06:47:22,500 - INFO - Found 60 links on page 23
2025-06-24 06:47:22,500 - INFO - Scraping page 26...
2025-06-24 06:47:24,118 - INFO - Found 60 links on page 24
2025-06-24 06:47:24,118 - INFO - Scraping page 27...
2025-06-24 06:47:24,301 - INFO - Found 60 links on page 25
2025-06-24 06:47:24,301 - INFO - Scraping page 28...
2025-06-24 06:47:26,468 - INFO - Found 60 links on page 26
2025-06-24 06:47:26,468 - INFO - Scraping page 29...
2025-06-24 06:47:27,667 - INFO - Found 60 links on page 27
2025-06-24 06:47:27,667 - INFO - Scraping page 30...
2025-06-24 06:47:28,185 - INFO - Found 60 links on page 28
2025-06-24 06:47:28,185 - INFO - Scraping page 31...
2025-06-24 06:47:29,821 - INFO - Found 60 links on page 29
2025-06-24 06:47:29,821 - INFO - Scraping page 32...
2025-06-24 06:47:31,279 - INFO - Found 60 links on page 30
2025-06-24 06:47:31,280 - INFO - Scraping page 33...
2025-06-24 06:47:32,140 - INFO - Found 60 links on page 31
2025-06-24 06:47:32,140 - INFO - Scraping page 34...
2025-06-24 06:47:33,571 - INFO - Found 60 links on page 32
2025-06-24 06:47:33,571 - INFO - Scraping page 35...
2025-06-24 06:47:34,867 - INFO - Found 60 links on page 33
2025-06-24 06:47:34,867 - INFO - Scraping page 36...
2025-06-24 06:47:36,499 - INFO - Found 60 links on page 34
2025-06-24 06:47:36,499 - INFO - Scraping page 37...
2025-06-24 06:47:36,980 - INFO - Found 60 links on page 35
2025-06-24 06:47:36,980 - INFO - Scraping page 38...
2025-06-24 06:47:39,137 - INFO - Found 60 links on page 36
2025-06-24 06:47:39,137 - INFO - Scraping page 39...
2025-06-24 06:47:40,528 - INFO - Found 60 links on page 38
2025-06-24 06:47:40,528 - INFO - Scraping page 40...
2025-06-24 06:47:40,912 - INFO - Found 60 links on page 37
2025-06-24 06:47:40,912 - INFO - Scraping page 41...
2025-06-24 06:47:42,792 - INFO - Found 60 links on page 39
2025-06-24 06:47:42,792 - INFO - Scraping page 42...
2025-06-24 06:47:44,065 - INFO - Found 60 links on page 40
2025-06-24 06:47:44,065 - INFO - Scraping page 43...
2025-06-24 06:47:44,589 - INFO - Found 60 links on page 41
2025-06-24 06:47:44,589 - INFO - Scraping page 44...
2025-06-24 06:47:46,645 - INFO - Found 60 links on page 42
2025-06-24 06:47:46,646 - INFO - Scraping page 45...
2025-06-24 06:47:47,492 - INFO - Found 60 links on page 43
2025-06-24 06:47:47,492 - INFO - Scraping page 46...
2025-06-24 06:47:48,079 - INFO - Found 60 links on page 44
2025-06-24 06:47:48,079 - INFO - Scraping page 47...
2025-06-24 06:47:50,057 - INFO - Found 60 links on page 45
2025-06-24 06:47:50,057 - INFO - Scraping page 48...
2025-06-24 06:47:51,177 - INFO - Found 60 links on page 46
2025-06-24 06:47:51,177 - INFO - Scraping page 49...
2025-06-24 06:47:52,171 - INFO - Found 60 links on page 47
2025-06-24 06:47:52,171 - INFO - Scraping page 50...
2025-06-24 06:47:54,106 - INFO - Found 60 links on page 48
2025-06-24 06:47:54,106 - INFO - Scraping page 51...
2025-06-24 06:47:54,574 - INFO - Found 60 links on page 49
2025-06-24 06:47:54,574 - INFO - Scraping page 52...
2025-06-24 06:47:55,860 - INFO - Found 60 links on page 50
2025-06-24 06:47:55,860 - INFO - Scraping page 53...
2025-06-24 06:47:57,832 - INFO - Found 60 links on page 51
2025-06-24 06:47:57,832 - INFO - Scraping page 54...
2025-06-24 06:47:58,007 - INFO - Found 60 links on page 52
2025-06-24 06:47:58,007 - INFO - Scraping page 55...
2025-06-24 06:47:59,663 - INFO - Found 60 links on page 53
2025-06-24 06:47:59,663 - INFO - Scraping page 56...
2025-06-24 06:48:01,333 - INFO - Found 60 links on page 54
2025-06-24 06:48:01,333 - INFO - Scraping page 57...
2025-06-24 06:48:02,026 - INFO - Found 60 links on page 55
2025-06-24 06:48:02,026 - INFO - Scraping page 58...
2025-06-24 06:48:03,237 - INFO - Found 60 links on page 56
2025-06-24 06:48:03,237 - INFO - Scraping page 59...
2025-06-24 06:48:04,971 - INFO - Found 60 links on page 57
2025-06-24 06:48:04,972 - INFO - Scraping page 60...
2025-06-24 06:48:06,279 - INFO - Found 60 links on page 58
2025-06-24 06:48:06,279 - INFO - Scraping page 61...
2025-06-24 06:48:06,968 - INFO - Found 60 links on page 59
2025-06-24 06:48:06,968 - INFO - Scraping page 62...
2025-06-24 06:48:08,290 - INFO - Found 60 links on page 60
2025-06-24 06:48:08,290 - INFO - Scraping page 63...
2025-06-24 06:48:09,607 - INFO - Found 60 links on page 61
2025-06-24 06:48:09,608 - INFO - Scraping page 64...
2025-06-24 06:48:10,831 - INFO - Found 60 links on page 62
2025-06-24 06:48:10,831 - INFO - Scraping page 65...
2025-06-24 06:48:11,885 - INFO - Found 60 links on page 63
2025-06-24 06:48:11,886 - INFO - Scraping page 66...
2025-06-24 06:48:13,315 - INFO - Found 60 links on page 64
2025-06-24 06:48:13,316 - INFO - Scraping page 67...
2025-06-24 06:48:15,110 - INFO - Found 60 links on page 65
2025-06-24 06:48:15,110 - INFO - Scraping page 68...
2025-06-24 06:48:15,338 - INFO - Found 60 links on page 66
2025-06-24 06:48:15,338 - INFO - Scraping page 69...
2025-06-24 06:48:16,772 - INFO - Found 60 links on page 67
2025-06-24 06:48:16,772 - INFO - Scraping page 70...
2025-06-24 06:48:18,739 - INFO - Found 60 links on page 68
2025-06-24 06:48:18,744 - INFO - Scraping page 71...
2025-06-24 06:48:18,841 - INFO - Found 60 links on page 69
2025-06-24 06:48:18,841 - INFO - Scraping page 72...
2025-06-24 06:48:20,563 - INFO - Found 60 links on page 70
2025-06-24 06:48:20,563 - INFO - Scraping page 73...
2025-06-24 06:48:22,212 - INFO - Found 60 links on page 71
2025-06-24 06:48:22,212 - INFO - Scraping page 74...
2025-06-24 06:48:22,381 - INFO - Found 60 links on page 72
2025-06-24 06:48:22,381 - INFO - Scraping page 75...
2025-06-24 06:48:24,141 - INFO - Found 60 links on page 73
2025-06-24 06:48:24,142 - INFO - Scraping page 76...
2025-06-24 06:48:25,848 - INFO - Found 60 links on page 75
2025-06-24 06:48:25,848 - INFO - Scraping page 77...
2025-06-24 06:48:26,028 - INFO - Found 60 links on page 74
2025-06-24 06:48:26,028 - INFO - Scraping page 78...
2025-06-24 06:48:27,535 - INFO - Found 60 links on page 76
2025-06-24 06:48:27,535 - INFO - Scraping page 79...
2025-06-24 06:48:29,596 - INFO - Found 60 links on page 78
2025-06-24 06:48:29,597 - INFO - Scraping page 80...
2025-06-24 06:48:29,974 - INFO - Found 60 links on page 77
2025-06-24 06:48:29,974 - INFO - Scraping page 81...
2025-06-24 06:48:31,178 - INFO - Found 60 links on page 79
2025-06-24 06:48:31,179 - INFO - Scraping page 82...
2025-06-24 06:48:33,124 - INFO - Found 60 links on page 80
2025-06-24 06:48:33,125 - INFO - Scraping page 83...
2025-06-24 06:48:33,690 - INFO - Found 60 links on page 81
2025-06-24 06:48:33,690 - INFO - Scraping page 84...
2025-06-24 06:48:34,890 - INFO - Found 60 links on page 82
2025-06-24 06:48:34,890 - INFO - Scraping page 85...
2025-06-24 06:48:36,708 - INFO - Found 60 links on page 83
2025-06-24 06:48:36,709 - INFO - Scraping page 86...
2025-06-24 06:48:37,202 - INFO - Found 60 links on page 84
2025-06-24 06:48:37,202 - INFO - Scraping page 87...
2025-06-24 06:48:38,942 - INFO - Found 60 links on page 85
2025-06-24 06:48:38,942 - INFO - Scraping page 88...
2025-06-24 06:48:40,207 - INFO - Found 60 links on page 86
2025-06-24 06:48:40,208 - INFO - Scraping page 89...
2025-06-24 06:48:41,087 - INFO - Found 60 links on page 87
2025-06-24 06:48:41,087 - INFO - Scraping page 90...
2025-06-24 06:48:42,457 - INFO - Found 60 links on page 88
2025-06-24 06:48:44,208 - INFO - Found 60 links on page 89
2025-06-24 06:48:45,014 - INFO - Found 60 links on page 90
2025-06-24 06:48:45,018 - INFO - Found 239 new links to scrape out of 5400 total links
2025-06-24 06:48:45,018 - INFO - Processing batch 1/5 (50 links)
2025-06-24 06:48:50,782 - INFO - Progress: 10/50 ads processed
2025-06-24 06:48:55,714 - INFO - Progress: 20/50 ads processed
2025-06-24 06:49:00,442 - INFO - Progress: 30/50 ads processed
2025-06-24 06:49:05,097 - INFO - Progress: 40/50 ads processed
2025-06-24 06:49:10,163 - INFO - Progress: 50/50 ads processed
2025-06-24 06:49:10,213 - INFO - Created backup of existing data file at unegui_data/unegui_rental_data.csv.bak
2025-06-24 06:49:10,392 - INFO - Data saved to unegui_data/unegui_rental_data.csv: 14936 records
2025-06-24 06:49:10,881 - INFO - Cache saved with 15316 URLs
2025-06-24 06:49:10,881 - INFO - Saved batch data. Total records: 14936
2025-06-24 06:49:10,881 - INFO - Processing batch 2/5 (50 links)
2025-06-24 06:49:16,066 - INFO - Progress: 10/50 ads processed
2025-06-24 06:49:21,767 - INFO - Progress: 20/50 ads processed
2025-06-24 06:49:26,919 - INFO - Progress: 30/50 ads processed
2025-06-24 06:49:32,116 - INFO - Progress: 40/50 ads processed
2025-06-24 06:49:36,950 - INFO - Progress: 50/50 ads processed
2025-06-24 06:49:37,000 - INFO - Created backup of existing data file at unegui_data/unegui_rental_data.csv.bak
2025-06-24 06:49:37,181 - INFO - Data saved to unegui_data/unegui_rental_data.csv: 14986 records
2025-06-24 06:49:37,665 - INFO - Cache saved with 15366 URLs
2025-06-24 06:49:37,665 - INFO - Saved batch data. Total records: 14986
2025-06-24 06:49:37,665 - INFO - Processing batch 3/5 (50 links)
2025-06-24 06:49:42,832 - INFO - Progress: 10/50 ads processed
2025-06-24 06:49:47,632 - INFO - Progress: 20/50 ads processed
2025-06-24 06:49:53,073 - INFO - Progress: 30/50 ads processed
2025-06-24 06:49:57,501 - INFO - Progress: 40/50 ads processed
2025-06-24 06:50:02,378 - INFO - Progress: 50/50 ads processed
2025-06-24 06:50:02,425 - INFO - Created backup of existing data file at unegui_data/unegui_rental_data.csv.bak
2025-06-24 06:50:02,603 - INFO - Data saved to unegui_data/unegui_rental_data.csv: 15032 records
2025-06-24 06:50:03,094 - INFO - Cache saved with 15415 URLs
2025-06-24 06:50:03,094 - INFO - Saved batch data. Total records: 15032
2025-06-24 06:50:03,094 - INFO - Processing batch 4/5 (50 links)
2025-06-24 06:50:08,206 - INFO - Progress: 10/50 ads processed
2025-06-24 06:50:13,486 - INFO - Progress: 20/50 ads processed
2025-06-24 06:50:18,742 - INFO - Progress: 30/50 ads processed
2025-06-24 06:50:23,976 - INFO - Progress: 40/50 ads processed
2025-06-24 06:50:28,803 - INFO - Progress: 50/50 ads processed
2025-06-24 06:50:28,852 - INFO - Created backup of existing data file at unegui_data/unegui_rental_data.csv.bak
2025-06-24 06:50:29,031 - INFO - Data saved to unegui_data/unegui_rental_data.csv: 15082 records
2025-06-24 06:50:29,521 - INFO - Cache saved with 15465 URLs
2025-06-24 06:50:29,521 - INFO - Saved batch data. Total records: 15082
2025-06-24 06:50:29,521 - INFO - Processing batch 5/5 (39 links)
2025-06-24 06:50:34,568 - INFO - Progress: 10/39 ads processed
2025-06-24 06:50:39,508 - INFO - Progress: 20/39 ads processed
2025-06-24 06:50:44,830 - INFO - Progress: 30/39 ads processed
2025-06-24 06:50:49,526 - INFO - Progress: 39/39 ads processed
2025-06-24 06:50:49,574 - INFO - Created backup of existing data file at unegui_data/unegui_rental_data.csv.bak
2025-06-24 06:50:49,759 - INFO - Data saved to unegui_data/unegui_rental_data.csv: 15120 records
2025-06-24 06:50:50,252 - INFO - Cache saved with 15504 URLs
2025-06-24 06:50:50,253 - INFO - Saved batch data. Total records: 15120
2025-06-24 06:50:50,253 - INFO - Scraping completed in 0:03:58.526496. Total ads collected: 15120
