2025-06-11 06:46:08,353 - INFO - Starting rental apartment scraper at 2025-06-11 06:46:08.353515
2025-06-11 06:46:08,456 - INFO - Loaded existing data from unegui_data/unegui_rental_data.csv: 11999 records
2025-06-11 06:46:08,579 - INFO - Loaded 11999 existing records
2025-06-11 06:46:08,581 - INFO - Scraping page 1...
2025-06-11 06:46:08,581 - INFO - Scraping page 2...
2025-06-11 06:46:08,581 - INFO - Scraping page 3...
2025-06-11 06:46:11,928 - INFO - Found 60 links on page 3
2025-06-11 06:46:11,929 - INFO - Scraping page 4...
2025-06-11 06:46:13,024 - INFO - Found 60 links on page 1
2025-06-11 06:46:13,030 - INFO - Scraping page 5...
2025-06-11 06:46:13,209 - INFO - Found 60 links on page 2
2025-06-11 06:46:13,209 - INFO - Scraping page 6...
2025-06-11 06:46:15,522 - INFO - Found 60 links on page 4
2025-06-11 06:46:15,522 - INFO - Scraping page 7...
2025-06-11 06:46:16,673 - INFO - Found 60 links on page 5
2025-06-11 06:46:16,674 - INFO - Scraping page 8...
2025-06-11 06:46:17,421 - INFO - Found 60 links on page 6
2025-06-11 06:46:17,421 - INFO - Scraping page 9...
2025-06-11 06:46:19,058 - INFO - Found 60 links on page 7
2025-06-11 06:46:19,058 - INFO - Scraping page 10...
2025-06-11 06:46:20,236 - INFO - Found 60 links on page 8
2025-06-11 06:46:20,236 - INFO - Scraping page 11...
2025-06-11 06:46:21,113 - INFO - Found 60 links on page 9
2025-06-11 06:46:21,113 - INFO - Scraping page 12...
2025-06-11 06:46:22,502 - INFO - Found 60 links on page 10
2025-06-11 06:46:22,502 - INFO - Scraping page 13...
2025-06-11 06:46:24,015 - INFO - Found 60 links on page 11
2025-06-11 06:46:24,016 - INFO - Scraping page 14...
2025-06-11 06:46:24,856 - INFO - Found 60 links on page 12
2025-06-11 06:46:24,857 - INFO - Scraping page 15...
2025-06-11 06:46:26,347 - INFO - Found 60 links on page 13
2025-06-11 06:46:26,348 - INFO - Scraping page 16...
2025-06-11 06:46:28,348 - INFO - Found 60 links on page 14
2025-06-11 06:46:28,348 - INFO - Scraping page 17...
2025-06-11 06:46:28,738 - INFO - Found 60 links on page 15
2025-06-11 06:46:28,738 - INFO - Scraping page 18...
2025-06-11 06:46:29,905 - INFO - Found 60 links on page 16
2025-06-11 06:46:29,905 - INFO - Scraping page 19...
2025-06-11 06:46:31,973 - INFO - Found 60 links on page 17
2025-06-11 06:46:31,973 - INFO - Scraping page 20...
2025-06-11 06:46:32,231 - INFO - Found 60 links on page 18
2025-06-11 06:46:32,231 - INFO - Scraping page 21...
2025-06-11 06:46:33,766 - INFO - Found 60 links on page 19
2025-06-11 06:46:33,767 - INFO - Scraping page 22...
2025-06-11 06:46:35,758 - INFO - Found 60 links on page 21
2025-06-11 06:46:35,764 - INFO - Scraping page 23...
2025-06-11 06:46:35,839 - INFO - Found 60 links on page 20
2025-06-11 06:46:35,839 - INFO - Scraping page 24...
2025-06-11 06:46:37,315 - INFO - Found 60 links on page 22
2025-06-11 06:46:37,315 - INFO - Scraping page 25...
2025-06-11 06:46:39,667 - INFO - Found 60 links on page 23
2025-06-11 06:46:39,673 - INFO - Scraping page 26...
2025-06-11 06:46:39,749 - INFO - Found 60 links on page 24
2025-06-11 06:46:39,749 - INFO - Scraping page 27...
2025-06-11 06:46:40,974 - INFO - Found 60 links on page 25
2025-06-11 06:46:40,974 - INFO - Scraping page 28...
2025-06-11 06:46:43,224 - INFO - Found 60 links on page 26
2025-06-11 06:46:43,225 - INFO - Scraping page 29...
2025-06-11 06:46:43,415 - INFO - Found 60 links on page 27
2025-06-11 06:46:43,415 - INFO - Scraping page 30...
2025-06-11 06:46:44,721 - INFO - Found 60 links on page 28
2025-06-11 06:46:44,722 - INFO - Scraping page 31...
2025-06-11 06:46:47,039 - INFO - Found 60 links on page 29
2025-06-11 06:46:47,050 - INFO - Scraping page 32...
2025-06-11 06:46:47,179 - INFO - Found 60 links on page 30
2025-06-11 06:46:47,179 - INFO - Scraping page 33...
2025-06-11 06:46:48,438 - INFO - Found 60 links on page 31
2025-06-11 06:46:48,439 - INFO - Scraping page 34...
2025-06-11 06:46:51,122 - INFO - Found 60 links on page 32
2025-06-11 06:46:51,127 - INFO - Scraping page 35...
2025-06-11 06:46:51,194 - INFO - Found 60 links on page 33
2025-06-11 06:46:51,194 - INFO - Scraping page 36...
2025-06-11 06:46:51,755 - INFO - Found 60 links on page 34
2025-06-11 06:46:51,756 - INFO - Scraping page 37...
2025-06-11 06:46:54,521 - INFO - Found 60 links on page 35
2025-06-11 06:46:54,522 - INFO - Scraping page 38...
2025-06-11 06:46:55,116 - INFO - Found 60 links on page 36
2025-06-11 06:46:55,126 - INFO - Scraping page 39...
2025-06-11 06:46:55,277 - INFO - Found 60 links on page 37
2025-06-11 06:46:55,277 - INFO - Scraping page 40...
2025-06-11 06:46:58,502 - INFO - Found 60 links on page 38
2025-06-11 06:46:58,502 - INFO - Scraping page 41...
2025-06-11 06:46:58,913 - INFO - Found 60 links on page 40
2025-06-11 06:46:58,919 - INFO - Scraping page 42...
2025-06-11 06:46:59,022 - INFO - Found 60 links on page 39
2025-06-11 06:46:59,023 - INFO - Scraping page 43...
2025-06-11 06:47:02,457 - INFO - Found 60 links on page 42
2025-06-11 06:47:02,462 - INFO - Scraping page 44...
2025-06-11 06:47:02,669 - INFO - Found 60 links on page 43
2025-06-11 06:47:02,674 - INFO - Scraping page 45...
2025-06-11 06:47:02,759 - INFO - Found 60 links on page 41
2025-06-11 06:47:02,759 - INFO - Scraping page 46...
2025-06-11 06:47:06,271 - INFO - Found 60 links on page 44
2025-06-11 06:47:06,276 - INFO - Scraping page 47...
2025-06-11 06:47:06,558 - INFO - Found 60 links on page 45
2025-06-11 06:47:06,568 - INFO - Found 60 links on page 46
2025-06-11 06:47:06,568 - INFO - Scraping page 48...
2025-06-11 06:47:06,569 - INFO - Scraping page 49...
2025-06-11 06:47:09,718 - INFO - Found 60 links on page 47
2025-06-11 06:47:09,718 - INFO - Scraping page 50...
2025-06-11 06:47:10,040 - INFO - Found 60 links on page 48
2025-06-11 06:47:10,040 - INFO - Scraping page 51...
2025-06-11 06:47:10,247 - INFO - Found 60 links on page 49
2025-06-11 06:47:10,248 - INFO - Scraping page 52...
2025-06-11 06:47:13,249 - INFO - Found 60 links on page 50
2025-06-11 06:47:13,249 - INFO - Scraping page 53...
2025-06-11 06:47:13,750 - INFO - Found 60 links on page 52
2025-06-11 06:47:13,760 - INFO - Scraping page 54...
2025-06-11 06:47:13,876 - INFO - Found 60 links on page 51
2025-06-11 06:47:13,877 - INFO - Scraping page 55...
2025-06-11 06:47:17,247 - INFO - Found 60 links on page 54
2025-06-11 06:47:17,247 - INFO - Scraping page 56...
2025-06-11 06:47:17,689 - INFO - Found 60 links on page 53
2025-06-11 06:47:17,694 - INFO - Scraping page 57...
2025-06-11 06:47:17,747 - INFO - Found 60 links on page 55
2025-06-11 06:47:17,747 - INFO - Scraping page 58...
2025-06-11 06:47:20,586 - INFO - Found 60 links on page 56
2025-06-11 06:47:20,586 - INFO - Scraping page 59...
2025-06-11 06:47:21,148 - INFO - Found 60 links on page 57
2025-06-11 06:47:21,148 - INFO - Scraping page 60...
2025-06-11 06:47:21,572 - INFO - Found 60 links on page 58
2025-06-11 06:47:21,572 - INFO - Scraping page 61...
2025-06-11 06:47:24,268 - INFO - Found 60 links on page 59
2025-06-11 06:47:24,268 - INFO - Scraping page 62...
2025-06-11 06:47:24,583 - INFO - Found 60 links on page 60
2025-06-11 06:47:24,583 - INFO - Scraping page 63...
2025-06-11 06:47:25,802 - INFO - Found 60 links on page 61
2025-06-11 06:47:25,802 - INFO - Scraping page 64...
2025-06-11 06:47:27,824 - INFO - Found 60 links on page 63
2025-06-11 06:47:27,824 - INFO - Scraping page 65...
2025-06-11 06:47:28,246 - INFO - Found 60 links on page 62
2025-06-11 06:47:28,246 - INFO - Scraping page 66...
2025-06-11 06:47:29,788 - INFO - Found 60 links on page 64
2025-06-11 06:47:29,788 - INFO - Scraping page 67...
2025-06-11 06:47:31,100 - INFO - Found 60 links on page 65
2025-06-11 06:47:31,100 - INFO - Scraping page 68...
2025-06-11 06:47:32,076 - INFO - Found 60 links on page 66
2025-06-11 06:47:32,077 - INFO - Scraping page 69...
2025-06-11 06:47:33,438 - INFO - Found 60 links on page 67
2025-06-11 06:47:33,438 - INFO - Scraping page 70...
2025-06-11 06:47:34,797 - INFO - Found 60 links on page 68
2025-06-11 06:47:34,797 - INFO - Scraping page 71...
2025-06-11 06:47:35,521 - INFO - Found 60 links on page 69
2025-06-11 06:47:35,521 - INFO - Scraping page 72...
2025-06-11 06:47:36,772 - INFO - Found 60 links on page 70
2025-06-11 06:47:36,772 - INFO - Scraping page 73...
2025-06-11 06:47:38,204 - INFO - Found 60 links on page 71
2025-06-11 06:47:38,204 - INFO - Scraping page 74...
2025-06-11 06:47:39,181 - INFO - Found 60 links on page 72
2025-06-11 06:47:39,181 - INFO - Scraping page 75...
2025-06-11 06:47:40,405 - INFO - Found 60 links on page 73
2025-06-11 06:47:40,405 - INFO - Scraping page 76...
2025-06-11 06:47:42,538 - INFO - Found 60 links on page 74
2025-06-11 06:47:42,538 - INFO - Scraping page 77...
2025-06-11 06:47:42,791 - INFO - Found 60 links on page 75
2025-06-11 06:47:42,791 - INFO - Scraping page 78...
2025-06-11 06:47:44,592 - INFO - Found 60 links on page 76
2025-06-11 06:47:44,592 - INFO - Scraping page 79...
2025-06-11 06:47:46,556 - INFO - Found 60 links on page 77
2025-06-11 06:47:46,561 - INFO - Scraping page 80...
2025-06-11 06:47:46,616 - INFO - Found 60 links on page 78
2025-06-11 06:47:46,616 - INFO - Scraping page 81...
2025-06-11 06:47:48,003 - INFO - Found 60 links on page 79
2025-06-11 06:47:48,004 - INFO - Scraping page 82...
2025-06-11 06:47:50,225 - INFO - Found 60 links on page 81
2025-06-11 06:47:50,225 - INFO - Scraping page 83...
2025-06-11 06:47:50,415 - INFO - Found 60 links on page 80
2025-06-11 06:47:50,415 - INFO - Scraping page 84...
2025-06-11 06:47:51,388 - INFO - Found 60 links on page 82
2025-06-11 06:47:51,388 - INFO - Scraping page 85...
2025-06-11 06:47:53,845 - INFO - Found 60 links on page 83
2025-06-11 06:47:53,851 - INFO - Scraping page 86...
2025-06-11 06:47:53,992 - INFO - Found 60 links on page 84
2025-06-11 06:47:53,992 - INFO - Scraping page 87...
2025-06-11 06:47:54,828 - INFO - Found 60 links on page 85
2025-06-11 06:47:54,828 - INFO - Scraping page 88...
2025-06-11 06:47:57,550 - INFO - Found 60 links on page 86
2025-06-11 06:47:57,550 - INFO - Scraping page 89...
2025-06-11 06:47:57,727 - INFO - Found 60 links on page 87
2025-06-11 06:47:57,727 - INFO - Scraping page 90...
2025-06-11 06:47:58,342 - INFO - Found 60 links on page 88
2025-06-11 06:48:01,196 - INFO - Found 60 links on page 89
2025-06-11 06:48:01,375 - INFO - Found 60 links on page 90
2025-06-11 06:48:01,379 - INFO - Found 265 new links to scrape out of 5400 total links
2025-06-11 06:48:01,379 - INFO - Processing batch 1/6 (50 links)
2025-06-11 06:48:06,978 - INFO - Progress: 10/50 ads processed
2025-06-11 06:48:11,913 - INFO - Progress: 20/50 ads processed
2025-06-11 06:48:17,112 - INFO - Progress: 30/50 ads processed
2025-06-11 06:48:21,920 - INFO - Progress: 40/50 ads processed
2025-06-11 06:48:26,788 - INFO - Progress: 50/50 ads processed
2025-06-11 06:48:26,824 - INFO - Created backup of existing data file at unegui_data/unegui_rental_data.csv.bak
2025-06-11 06:48:26,967 - INFO - Data saved to unegui_data/unegui_rental_data.csv: 12045 records
2025-06-11 06:48:27,360 - INFO - Cache saved with 12356 URLs
2025-06-11 06:48:27,360 - INFO - Saved batch data. Total records: 12045
2025-06-11 06:48:27,360 - INFO - Processing batch 2/6 (50 links)
2025-06-11 06:48:33,278 - INFO - Progress: 10/50 ads processed
2025-06-11 06:48:39,011 - INFO - Progress: 20/50 ads processed
2025-06-11 06:48:44,224 - INFO - Progress: 30/50 ads processed
2025-06-11 06:48:48,896 - INFO - Progress: 40/50 ads processed
2025-06-11 06:48:53,722 - INFO - Progress: 50/50 ads processed
2025-06-11 06:48:53,761 - INFO - Created backup of existing data file at unegui_data/unegui_rental_data.csv.bak
2025-06-11 06:48:53,910 - INFO - Data saved to unegui_data/unegui_rental_data.csv: 12092 records
2025-06-11 06:48:54,307 - INFO - Cache saved with 12406 URLs
2025-06-11 06:48:54,307 - INFO - Saved batch data. Total records: 12092
2025-06-11 06:48:54,307 - INFO - Processing batch 3/6 (50 links)
2025-06-11 06:48:59,713 - INFO - Progress: 10/50 ads processed
2025-06-11 06:49:04,745 - INFO - Progress: 20/50 ads processed
2025-06-11 06:49:10,224 - INFO - Progress: 30/50 ads processed
2025-06-11 06:49:15,146 - INFO - Progress: 40/50 ads processed
2025-06-11 06:49:20,046 - INFO - Progress: 50/50 ads processed
2025-06-11 06:49:20,085 - INFO - Created backup of existing data file at unegui_data/unegui_rental_data.csv.bak
2025-06-11 06:49:20,233 - INFO - Data saved to unegui_data/unegui_rental_data.csv: 12141 records
2025-06-11 06:49:20,630 - INFO - Cache saved with 12456 URLs
2025-06-11 06:49:20,631 - INFO - Saved batch data. Total records: 12141
2025-06-11 06:49:20,631 - INFO - Processing batch 4/6 (50 links)
2025-06-11 06:49:26,209 - INFO - Progress: 10/50 ads processed
2025-06-11 06:49:31,653 - INFO - Progress: 20/50 ads processed
2025-06-11 06:49:37,264 - INFO - Progress: 30/50 ads processed
2025-06-11 06:49:42,263 - INFO - Progress: 40/50 ads processed
2025-06-11 06:49:47,445 - INFO - Progress: 50/50 ads processed
2025-06-11 06:49:47,486 - INFO - Created backup of existing data file at unegui_data/unegui_rental_data.csv.bak
2025-06-11 06:49:47,637 - INFO - Data saved to unegui_data/unegui_rental_data.csv: 12189 records
2025-06-11 06:49:48,036 - INFO - Cache saved with 12506 URLs
2025-06-11 06:49:48,036 - INFO - Saved batch data. Total records: 12189
2025-06-11 06:49:48,036 - INFO - Processing batch 5/6 (50 links)
2025-06-11 06:49:53,729 - INFO - Progress: 10/50 ads processed
2025-06-11 06:49:58,873 - INFO - Progress: 20/50 ads processed
2025-06-11 06:50:03,804 - INFO - Progress: 30/50 ads processed
2025-06-11 06:50:08,517 - INFO - Progress: 40/50 ads processed
2025-06-11 06:50:13,895 - INFO - Progress: 50/50 ads processed
2025-06-11 06:50:13,935 - INFO - Created backup of existing data file at unegui_data/unegui_rental_data.csv.bak
2025-06-11 06:50:14,085 - INFO - Data saved to unegui_data/unegui_rental_data.csv: 12238 records
2025-06-11 06:50:14,483 - INFO - Cache saved with 12556 URLs
2025-06-11 06:50:14,483 - INFO - Saved batch data. Total records: 12238
2025-06-11 06:50:14,483 - INFO - Processing batch 6/6 (15 links)
2025-06-11 06:50:19,894 - INFO - Progress: 10/15 ads processed
2025-06-11 06:50:22,387 - INFO - Progress: 15/15 ads processed
2025-06-11 06:50:22,427 - INFO - Created backup of existing data file at unegui_data/unegui_rental_data.csv.bak
2025-06-11 06:50:22,578 - INFO - Data saved to unegui_data/unegui_rental_data.csv: 12253 records
2025-06-11 06:50:22,978 - INFO - Cache saved with 12571 URLs
2025-06-11 06:50:22,979 - INFO - Saved batch data. Total records: 12253
2025-06-11 06:50:22,979 - INFO - Scraping completed in 0:04:14.625610. Total ads collected: 12253
