2025-06-06 06:46:12,140 - INFO - Starting rental apartment scraper at 2025-06-06 06:46:12.140720
2025-06-06 06:46:12,238 - INFO - Loaded existing data from unegui_data/unegui_rental_data.csv: 10857 records
2025-06-06 06:46:12,359 - INFO - Loaded 10857 existing records
2025-06-06 06:46:12,361 - INFO - Scraping page 1...
2025-06-06 06:46:12,362 - INFO - Scraping page 2...
2025-06-06 06:46:12,362 - INFO - Scraping page 3...
2025-06-06 06:46:16,300 - INFO - Found 60 links on page 1
2025-06-06 06:46:16,305 - INFO - Scraping page 4...
2025-06-06 06:46:16,494 - INFO - Found 60 links on page 2
2025-06-06 06:46:16,495 - INFO - Scraping page 5...
2025-06-06 06:46:16,684 - INFO - Found 60 links on page 3
2025-06-06 06:46:16,685 - INFO - Scraping page 6...
2025-06-06 06:46:19,797 - INFO - Found 60 links on page 4
2025-06-06 06:46:19,797 - INFO - Scraping page 7...
2025-06-06 06:46:20,281 - INFO - Found 60 links on page 5
2025-06-06 06:46:20,286 - INFO - Scraping page 8...
2025-06-06 06:46:20,451 - INFO - Found 60 links on page 6
2025-06-06 06:46:20,451 - INFO - Scraping page 9...
2025-06-06 06:46:23,609 - INFO - Found 60 links on page 7
2025-06-06 06:46:23,610 - INFO - Scraping page 10...
2025-06-06 06:46:23,881 - INFO - Found 60 links on page 8
2025-06-06 06:46:23,887 - INFO - Scraping page 11...
2025-06-06 06:46:24,002 - INFO - Found 60 links on page 9
2025-06-06 06:46:24,002 - INFO - Scraping page 12...
2025-06-06 06:46:27,328 - INFO - Found 60 links on page 10
2025-06-06 06:46:27,328 - INFO - Scraping page 13...
2025-06-06 06:46:27,509 - INFO - Found 60 links on page 11
2025-06-06 06:46:27,509 - INFO - Scraping page 14...
2025-06-06 06:46:27,881 - INFO - Found 60 links on page 12
2025-06-06 06:46:27,881 - INFO - Scraping page 15...
2025-06-06 06:46:31,207 - INFO - Found 60 links on page 14
2025-06-06 06:46:31,208 - INFO - Scraping page 16...
2025-06-06 06:46:31,594 - INFO - Found 60 links on page 13
2025-06-06 06:46:31,599 - INFO - Scraping page 17...
2025-06-06 06:46:31,812 - INFO - Found 60 links on page 15
2025-06-06 06:46:31,812 - INFO - Scraping page 18...
2025-06-06 06:46:34,815 - INFO - Found 60 links on page 16
2025-06-06 06:46:34,820 - INFO - Scraping page 19...
2025-06-06 06:46:34,980 - INFO - Found 60 links on page 17
2025-06-06 06:46:34,981 - INFO - Scraping page 20...
2025-06-06 06:46:35,536 - INFO - Found 60 links on page 18
2025-06-06 06:46:35,536 - INFO - Scraping page 21...
2025-06-06 06:46:38,406 - INFO - Found 60 links on page 19
2025-06-06 06:46:38,406 - INFO - Scraping page 22...
2025-06-06 06:46:38,724 - INFO - Found 60 links on page 20
2025-06-06 06:46:38,725 - INFO - Scraping page 23...
2025-06-06 06:46:38,920 - INFO - Found 60 links on page 21
2025-06-06 06:46:38,920 - INFO - Scraping page 24...
2025-06-06 06:46:41,968 - INFO - Found 60 links on page 22
2025-06-06 06:46:41,968 - INFO - Scraping page 25...
2025-06-06 06:46:42,537 - INFO - Found 60 links on page 24
2025-06-06 06:46:42,537 - INFO - Scraping page 26...
2025-06-06 06:46:42,910 - INFO - Found 60 links on page 23
2025-06-06 06:46:42,911 - INFO - Scraping page 27...
2025-06-06 06:46:45,683 - INFO - Found 60 links on page 25
2025-06-06 06:46:45,683 - INFO - Scraping page 28...
2025-06-06 06:46:46,052 - INFO - Found 60 links on page 26
2025-06-06 06:46:46,052 - INFO - Scraping page 29...
2025-06-06 06:46:46,359 - INFO - Found 60 links on page 27
2025-06-06 06:46:46,359 - INFO - Scraping page 30...
2025-06-06 06:46:49,288 - INFO - Found 60 links on page 28
2025-06-06 06:46:49,288 - INFO - Scraping page 31...
2025-06-06 06:46:49,547 - INFO - Found 60 links on page 29
2025-06-06 06:46:49,547 - INFO - Scraping page 32...
2025-06-06 06:46:50,264 - INFO - Found 60 links on page 30
2025-06-06 06:46:50,264 - INFO - Scraping page 33...
2025-06-06 06:46:52,853 - INFO - Found 60 links on page 32
2025-06-06 06:46:52,853 - INFO - Scraping page 34...
2025-06-06 06:46:53,417 - INFO - Found 60 links on page 31
2025-06-06 06:46:53,417 - INFO - Scraping page 35...
2025-06-06 06:46:54,393 - INFO - Found 60 links on page 33
2025-06-06 06:46:54,394 - INFO - Scraping page 36...
2025-06-06 06:46:56,371 - INFO - Found 60 links on page 34
2025-06-06 06:46:56,371 - INFO - Scraping page 37...
2025-06-06 06:46:57,123 - INFO - Found 60 links on page 35
2025-06-06 06:46:57,123 - INFO - Scraping page 38...
2025-06-06 06:46:57,852 - INFO - Found 60 links on page 36
2025-06-06 06:46:57,852 - INFO - Scraping page 39...
2025-06-06 06:46:59,775 - INFO - Found 60 links on page 37
2025-06-06 06:46:59,775 - INFO - Scraping page 40...
2025-06-06 06:47:00,794 - INFO - Found 60 links on page 38
2025-06-06 06:47:00,794 - INFO - Scraping page 41...
2025-06-06 06:47:01,373 - INFO - Found 60 links on page 39
2025-06-06 06:47:01,373 - INFO - Scraping page 42...
2025-06-06 06:47:03,480 - INFO - Found 60 links on page 40
2025-06-06 06:47:03,480 - INFO - Scraping page 43...
2025-06-06 06:47:04,482 - INFO - Found 60 links on page 41
2025-06-06 06:47:04,482 - INFO - Scraping page 44...
2025-06-06 06:47:04,753 - INFO - Found 60 links on page 42
2025-06-06 06:47:04,753 - INFO - Scraping page 45...
2025-06-06 06:47:06,912 - INFO - Found 60 links on page 43
2025-06-06 06:47:06,912 - INFO - Scraping page 46...
2025-06-06 06:47:07,975 - INFO - Found 60 links on page 44
2025-06-06 06:47:07,975 - INFO - Scraping page 47...
2025-06-06 06:47:08,263 - INFO - Found 60 links on page 45
2025-06-06 06:47:08,264 - INFO - Scraping page 48...
2025-06-06 06:47:10,350 - INFO - Found 60 links on page 46
2025-06-06 06:47:10,351 - INFO - Scraping page 49...
2025-06-06 06:47:11,650 - INFO - Found 60 links on page 47
2025-06-06 06:47:11,651 - INFO - Scraping page 50...
2025-06-06 06:47:12,055 - INFO - Found 60 links on page 48
2025-06-06 06:47:12,055 - INFO - Scraping page 51...
2025-06-06 06:47:13,830 - INFO - Found 60 links on page 49
2025-06-06 06:47:13,830 - INFO - Scraping page 52...
2025-06-06 06:47:15,289 - INFO - Found 60 links on page 50
2025-06-06 06:47:15,289 - INFO - Scraping page 53...
2025-06-06 06:47:15,536 - INFO - Found 60 links on page 51
2025-06-06 06:47:15,537 - INFO - Scraping page 54...
2025-06-06 06:47:17,383 - INFO - Found 60 links on page 52
2025-06-06 06:47:17,383 - INFO - Scraping page 55...
2025-06-06 06:47:18,932 - INFO - Found 60 links on page 53
2025-06-06 06:47:18,932 - INFO - Scraping page 56...
2025-06-06 06:47:20,236 - INFO - Found 60 links on page 54
2025-06-06 06:47:20,236 - INFO - Scraping page 57...
2025-06-06 06:47:20,769 - INFO - Found 60 links on page 55
2025-06-06 06:47:20,769 - INFO - Scraping page 58...
2025-06-06 06:47:22,352 - INFO - Found 60 links on page 56
2025-06-06 06:47:22,352 - INFO - Scraping page 59...
2025-06-06 06:47:23,843 - INFO - Found 60 links on page 57
2025-06-06 06:47:23,843 - INFO - Scraping page 60...
2025-06-06 06:47:24,725 - INFO - Found 60 links on page 58
2025-06-06 06:47:24,725 - INFO - Scraping page 61...
2025-06-06 06:47:26,611 - INFO - Found 60 links on page 59
2025-06-06 06:47:26,611 - INFO - Scraping page 62...
2025-06-06 06:47:27,477 - INFO - Found 60 links on page 60
2025-06-06 06:47:27,478 - INFO - Scraping page 63...
2025-06-06 06:47:28,385 - INFO - Found 60 links on page 61
2025-06-06 06:47:28,385 - INFO - Scraping page 64...
2025-06-06 06:47:30,184 - INFO - Found 60 links on page 62
2025-06-06 06:47:30,185 - INFO - Scraping page 65...
2025-06-06 06:47:31,532 - INFO - Found 60 links on page 63
2025-06-06 06:47:31,533 - INFO - Scraping page 66...
2025-06-06 06:47:31,845 - INFO - Found 60 links on page 64
2025-06-06 06:47:31,845 - INFO - Scraping page 67...
2025-06-06 06:47:33,811 - INFO - Found 60 links on page 65
2025-06-06 06:47:33,811 - INFO - Scraping page 68...
2025-06-06 06:47:34,927 - INFO - Found 60 links on page 66
2025-06-06 06:47:34,927 - INFO - Scraping page 69...
2025-06-06 06:47:35,413 - INFO - Found 60 links on page 67
2025-06-06 06:47:35,413 - INFO - Scraping page 70...
2025-06-06 06:47:37,394 - INFO - Found 60 links on page 68
2025-06-06 06:47:37,395 - INFO - Scraping page 71...
2025-06-06 06:47:38,523 - INFO - Found 60 links on page 69
2025-06-06 06:47:38,523 - INFO - Scraping page 72...
2025-06-06 06:47:39,554 - INFO - Found 60 links on page 70
2025-06-06 06:47:39,555 - INFO - Scraping page 73...
2025-06-06 06:47:40,687 - INFO - Found 60 links on page 71
2025-06-06 06:47:40,687 - INFO - Scraping page 74...
2025-06-06 06:47:42,162 - INFO - Found 60 links on page 72
2025-06-06 06:47:42,162 - INFO - Scraping page 75...
2025-06-06 06:47:42,963 - INFO - Found 60 links on page 73
2025-06-06 06:47:42,963 - INFO - Scraping page 76...
2025-06-06 06:47:44,383 - INFO - Found 60 links on page 74
2025-06-06 06:47:44,383 - INFO - Scraping page 77...
2025-06-06 06:47:45,589 - INFO - Found 60 links on page 75
2025-06-06 06:47:45,589 - INFO - Scraping page 78...
2025-06-06 06:47:46,368 - INFO - Found 60 links on page 76
2025-06-06 06:47:46,368 - INFO - Scraping page 79...
2025-06-06 06:47:48,426 - INFO - Found 60 links on page 77
2025-06-06 06:47:48,426 - INFO - Scraping page 80...
2025-06-06 06:47:48,996 - INFO - Found 60 links on page 78
2025-06-06 06:47:48,997 - INFO - Scraping page 81...
2025-06-06 06:47:49,988 - INFO - Found 60 links on page 79
2025-06-06 06:47:49,988 - INFO - Scraping page 82...
2025-06-06 06:47:51,819 - INFO - Found 60 links on page 80
2025-06-06 06:47:51,820 - INFO - Scraping page 83...
2025-06-06 06:47:52,551 - INFO - Found 60 links on page 81
2025-06-06 06:47:52,551 - INFO - Scraping page 84...
2025-06-06 06:47:53,348 - INFO - Found 60 links on page 82
2025-06-06 06:47:53,349 - INFO - Scraping page 85...
2025-06-06 06:47:55,498 - INFO - Found 60 links on page 83
2025-06-06 06:47:55,498 - INFO - Scraping page 86...
2025-06-06 06:47:56,067 - INFO - Found 60 links on page 84
2025-06-06 06:47:56,067 - INFO - Scraping page 87...
2025-06-06 06:47:56,914 - INFO - Found 60 links on page 85
2025-06-06 06:47:56,914 - INFO - Scraping page 88...
2025-06-06 06:47:58,908 - INFO - Found 60 links on page 86
2025-06-06 06:47:58,908 - INFO - Scraping page 89...
2025-06-06 06:47:59,788 - INFO - Found 60 links on page 87
2025-06-06 06:47:59,788 - INFO - Scraping page 90...
2025-06-06 06:48:00,228 - INFO - Found 60 links on page 88
2025-06-06 06:48:02,955 - INFO - Found 60 links on page 89
2025-06-06 06:48:03,359 - INFO - Found 60 links on page 90
2025-06-06 06:48:03,364 - INFO - Found 278 new links to scrape out of 5400 total links
2025-06-06 06:48:03,364 - INFO - Processing batch 1/6 (50 links)
2025-06-06 06:48:09,095 - INFO - Progress: 10/50 ads processed
2025-06-06 06:48:13,993 - INFO - Progress: 20/50 ads processed
2025-06-06 06:48:19,117 - INFO - Progress: 30/50 ads processed
2025-06-06 06:48:24,150 - INFO - Progress: 40/50 ads processed
2025-06-06 06:48:29,494 - INFO - Progress: 50/50 ads processed
2025-06-06 06:48:29,528 - INFO - Created backup of existing data file at unegui_data/unegui_rental_data.csv.bak
2025-06-06 06:48:29,658 - INFO - Data saved to unegui_data/unegui_rental_data.csv: 10907 records
2025-06-06 06:48:30,017 - INFO - Cache saved with 11186 URLs
2025-06-06 06:48:30,017 - INFO - Saved batch data. Total records: 10907
2025-06-06 06:48:30,017 - INFO - Processing batch 2/6 (50 links)
2025-06-06 06:48:35,325 - INFO - Progress: 10/50 ads processed
2025-06-06 06:48:40,372 - INFO - Progress: 20/50 ads processed
2025-06-06 06:48:45,908 - INFO - Progress: 30/50 ads processed
2025-06-06 06:48:51,019 - INFO - Progress: 40/50 ads processed
2025-06-06 06:48:56,268 - INFO - Progress: 50/50 ads processed
2025-06-06 06:48:56,304 - INFO - Created backup of existing data file at unegui_data/unegui_rental_data.csv.bak
2025-06-06 06:48:56,436 - INFO - Data saved to unegui_data/unegui_rental_data.csv: 10957 records
2025-06-06 06:48:56,796 - INFO - Cache saved with 11236 URLs
2025-06-06 06:48:56,796 - INFO - Saved batch data. Total records: 10957
2025-06-06 06:48:56,796 - INFO - Processing batch 3/6 (50 links)
2025-06-06 06:49:01,815 - INFO - Progress: 10/50 ads processed
2025-06-06 06:49:06,661 - INFO - Progress: 20/50 ads processed
2025-06-06 06:49:11,898 - INFO - Progress: 30/50 ads processed
2025-06-06 06:49:16,767 - INFO - Progress: 40/50 ads processed
2025-06-06 06:49:21,944 - INFO - Progress: 50/50 ads processed
2025-06-06 06:49:21,981 - INFO - Created backup of existing data file at unegui_data/unegui_rental_data.csv.bak
2025-06-06 06:49:22,117 - INFO - Data saved to unegui_data/unegui_rental_data.csv: 11007 records
2025-06-06 06:49:22,480 - INFO - Cache saved with 11286 URLs
2025-06-06 06:49:22,480 - INFO - Saved batch data. Total records: 11007
2025-06-06 06:49:22,480 - INFO - Processing batch 4/6 (50 links)
2025-06-06 06:49:28,272 - INFO - Progress: 10/50 ads processed
2025-06-06 06:49:33,066 - INFO - Progress: 20/50 ads processed
2025-06-06 06:49:38,336 - INFO - Progress: 30/50 ads processed
2025-06-06 06:49:43,171 - INFO - Progress: 40/50 ads processed
2025-06-06 06:49:48,219 - INFO - Progress: 50/50 ads processed
2025-06-06 06:49:48,254 - INFO - Created backup of existing data file at unegui_data/unegui_rental_data.csv.bak
2025-06-06 06:49:48,384 - INFO - Data saved to unegui_data/unegui_rental_data.csv: 11054 records
2025-06-06 06:49:48,748 - INFO - Cache saved with 11336 URLs
2025-06-06 06:49:48,749 - INFO - Saved batch data. Total records: 11054
2025-06-06 06:49:48,749 - INFO - Processing batch 5/6 (50 links)
2025-06-06 06:49:54,749 - INFO - Progress: 10/50 ads processed
2025-06-06 06:50:00,222 - INFO - Progress: 20/50 ads processed
2025-06-06 06:50:05,186 - INFO - Progress: 30/50 ads processed
2025-06-06 06:50:09,844 - INFO - Progress: 40/50 ads processed
2025-06-06 06:50:14,718 - INFO - Progress: 50/50 ads processed
2025-06-06 06:50:14,752 - INFO - Created backup of existing data file at unegui_data/unegui_rental_data.csv.bak
2025-06-06 06:50:14,886 - INFO - Data saved to unegui_data/unegui_rental_data.csv: 11101 records
2025-06-06 06:50:15,249 - INFO - Cache saved with 11386 URLs
2025-06-06 06:50:15,249 - INFO - Saved batch data. Total records: 11101
2025-06-06 06:50:15,249 - INFO - Processing batch 6/6 (28 links)
2025-06-06 06:50:20,577 - INFO - Progress: 10/28 ads processed
2025-06-06 06:50:25,689 - INFO - Progress: 20/28 ads processed
2025-06-06 06:50:30,208 - INFO - Progress: 28/28 ads processed
2025-06-06 06:50:30,244 - INFO - Created backup of existing data file at unegui_data/unegui_rental_data.csv.bak
2025-06-06 06:50:30,379 - INFO - Data saved to unegui_data/unegui_rental_data.csv: 11129 records
2025-06-06 06:50:30,746 - INFO - Cache saved with 11414 URLs
2025-06-06 06:50:30,746 - INFO - Saved batch data. Total records: 11129
2025-06-06 06:50:30,746 - INFO - Scraping completed in 0:04:18.606123. Total ads collected: 11129
