2025-06-19 06:46:29,408 - INFO - Starting rental apartment scraper at 2025-06-19 06:46:29.408893
2025-06-19 06:46:29,532 - INFO - Loaded existing data from unegui_data/unegui_rental_data.csv: 13936 records
2025-06-19 06:46:29,679 - INFO - Loaded 13936 existing records
2025-06-19 06:46:29,682 - INFO - Scraping page 1...
2025-06-19 06:46:29,682 - INFO - Scraping page 2...
2025-06-19 06:46:29,682 - INFO - Scraping page 3...
2025-06-19 06:46:33,678 - INFO - Found 60 links on page 1
2025-06-19 06:46:33,678 - INFO - Scraping page 4...
2025-06-19 06:46:34,739 - INFO - Found 60 links on page 3
2025-06-19 06:46:34,745 - INFO - Scraping page 5...
2025-06-19 06:46:34,906 - INFO - Found 60 links on page 2
2025-06-19 06:46:34,906 - INFO - Scraping page 6...
2025-06-19 06:46:37,070 - INFO - Found 60 links on page 4
2025-06-19 06:46:37,070 - INFO - Scraping page 7...
2025-06-19 06:46:38,159 - INFO - Found 60 links on page 5
2025-06-19 06:46:38,159 - INFO - Scraping page 8...
2025-06-19 06:46:38,412 - INFO - Found 60 links on page 6
2025-06-19 06:46:38,412 - INFO - Scraping page 9...
2025-06-19 06:46:40,818 - INFO - Found 60 links on page 7
2025-06-19 06:46:40,818 - INFO - Scraping page 10...
2025-06-19 06:46:41,950 - INFO - Found 60 links on page 8
2025-06-19 06:46:41,950 - INFO - Scraping page 11...
2025-06-19 06:46:42,280 - INFO - Found 60 links on page 9
2025-06-19 06:46:42,280 - INFO - Scraping page 12...
2025-06-19 06:46:44,483 - INFO - Found 60 links on page 10
2025-06-19 06:46:44,483 - INFO - Scraping page 13...
2025-06-19 06:46:45,404 - INFO - Found 60 links on page 11
2025-06-19 06:46:45,405 - INFO - Scraping page 14...
2025-06-19 06:46:46,063 - INFO - Found 60 links on page 12
2025-06-19 06:46:46,064 - INFO - Scraping page 15...
2025-06-19 06:46:48,060 - INFO - Found 60 links on page 13
2025-06-19 06:46:48,060 - INFO - Scraping page 16...
2025-06-19 06:46:48,825 - INFO - Found 60 links on page 14
2025-06-19 06:46:48,825 - INFO - Scraping page 17...
2025-06-19 06:46:50,639 - INFO - Found 60 links on page 15
2025-06-19 06:46:50,639 - INFO - Scraping page 18...
2025-06-19 06:46:51,778 - INFO - Found 60 links on page 16
2025-06-19 06:46:51,779 - INFO - Scraping page 19...
2025-06-19 06:46:52,291 - INFO - Found 60 links on page 17
2025-06-19 06:46:52,291 - INFO - Scraping page 20...
2025-06-19 06:46:54,934 - INFO - Found 60 links on page 18
2025-06-19 06:46:54,934 - INFO - Scraping page 21...
2025-06-19 06:46:55,339 - INFO - Found 60 links on page 19
2025-06-19 06:46:55,339 - INFO - Scraping page 22...
2025-06-19 06:46:55,990 - INFO - Found 60 links on page 20
2025-06-19 06:46:55,990 - INFO - Scraping page 23...
2025-06-19 06:46:58,215 - INFO - Found 60 links on page 21
2025-06-19 06:46:58,215 - INFO - Scraping page 24...
2025-06-19 06:46:58,799 - INFO - Found 60 links on page 22
2025-06-19 06:46:58,799 - INFO - Scraping page 25...
2025-06-19 06:46:59,501 - INFO - Found 60 links on page 23
2025-06-19 06:46:59,501 - INFO - Scraping page 26...
2025-06-19 06:47:01,535 - INFO - Found 60 links on page 24
2025-06-19 06:47:01,535 - INFO - Scraping page 27...
2025-06-19 06:47:02,317 - INFO - Found 60 links on page 25
2025-06-19 06:47:02,317 - INFO - Scraping page 28...
2025-06-19 06:47:02,968 - INFO - Found 60 links on page 26
2025-06-19 06:47:02,968 - INFO - Scraping page 29...
2025-06-19 06:47:04,962 - INFO - Found 60 links on page 27
2025-06-19 06:47:04,962 - INFO - Scraping page 30...
2025-06-19 06:47:05,903 - INFO - Found 60 links on page 28
2025-06-19 06:47:05,903 - INFO - Scraping page 31...
2025-06-19 06:47:06,492 - INFO - Found 60 links on page 29
2025-06-19 06:47:06,492 - INFO - Scraping page 32...
2025-06-19 06:47:09,384 - INFO - Found 60 links on page 31
2025-06-19 06:47:09,390 - INFO - Scraping page 33...
2025-06-19 06:47:09,493 - INFO - Found 60 links on page 30
2025-06-19 06:47:09,493 - INFO - Scraping page 34...
2025-06-19 06:47:10,235 - INFO - Found 60 links on page 32
2025-06-19 06:47:10,235 - INFO - Scraping page 35...
2025-06-19 06:47:13,052 - INFO - Found 60 links on page 33
2025-06-19 06:47:13,052 - INFO - Scraping page 36...
2025-06-19 06:47:13,238 - INFO - Found 60 links on page 34
2025-06-19 06:47:13,238 - INFO - Scraping page 37...
2025-06-19 06:47:13,807 - INFO - Found 60 links on page 35
2025-06-19 06:47:13,807 - INFO - Scraping page 38...
2025-06-19 06:47:16,935 - INFO - Found 60 links on page 36
2025-06-19 06:47:16,946 - INFO - Scraping page 39...
2025-06-19 06:47:17,043 - INFO - Found 60 links on page 37
2025-06-19 06:47:17,044 - INFO - Scraping page 40...
2025-06-19 06:47:17,219 - INFO - Found 60 links on page 38
2025-06-19 06:47:17,219 - INFO - Scraping page 41...
2025-06-19 06:47:20,688 - INFO - Found 60 links on page 40
2025-06-19 06:47:20,688 - INFO - Scraping page 42...
2025-06-19 06:47:20,911 - INFO - Found 60 links on page 41
2025-06-19 06:47:20,916 - INFO - Scraping page 43...
2025-06-19 06:47:20,998 - INFO - Found 60 links on page 39
2025-06-19 06:47:20,998 - INFO - Scraping page 44...
2025-06-19 06:47:24,402 - INFO - Found 60 links on page 42
2025-06-19 06:47:24,402 - INFO - Scraping page 45...
2025-06-19 06:47:24,601 - INFO - Found 60 links on page 43
2025-06-19 06:47:24,602 - INFO - Scraping page 46...
2025-06-19 06:47:25,046 - INFO - Found 60 links on page 44
2025-06-19 06:47:25,046 - INFO - Scraping page 47...
2025-06-19 06:47:27,908 - INFO - Found 60 links on page 45
2025-06-19 06:47:27,908 - INFO - Scraping page 48...
2025-06-19 06:47:28,480 - INFO - Found 60 links on page 47
2025-06-19 06:47:28,491 - INFO - Scraping page 49...
2025-06-19 06:47:28,691 - INFO - Found 60 links on page 46
2025-06-19 06:47:28,692 - INFO - Scraping page 50...
2025-06-19 06:47:31,340 - INFO - Found 60 links on page 48
2025-06-19 06:47:31,341 - INFO - Scraping page 51...
2025-06-19 06:47:32,262 - INFO - Found 60 links on page 49
2025-06-19 06:47:32,267 - INFO - Scraping page 52...
2025-06-19 06:47:32,354 - INFO - Found 60 links on page 50
2025-06-19 06:47:32,354 - INFO - Scraping page 53...
2025-06-19 06:47:35,670 - INFO - Found 60 links on page 51
2025-06-19 06:47:35,670 - INFO - Scraping page 54...
2025-06-19 06:47:35,920 - INFO - Found 60 links on page 52
2025-06-19 06:47:35,920 - INFO - Scraping page 55...
2025-06-19 06:47:36,095 - INFO - Found 60 links on page 53
2025-06-19 06:47:36,095 - INFO - Scraping page 56...
2025-06-19 06:47:39,496 - INFO - Found 60 links on page 55
2025-06-19 06:47:39,496 - INFO - Scraping page 57...
2025-06-19 06:47:39,856 - INFO - Found 60 links on page 54
2025-06-19 06:47:39,861 - INFO - Scraping page 58...
2025-06-19 06:47:39,897 - INFO - Found 60 links on page 56
2025-06-19 06:47:39,897 - INFO - Scraping page 59...
2025-06-19 06:47:43,132 - INFO - Found 60 links on page 57
2025-06-19 06:47:43,143 - INFO - Scraping page 60...
2025-06-19 06:47:43,527 - INFO - Found 60 links on page 58
2025-06-19 06:47:43,532 - INFO - Scraping page 61...
2025-06-19 06:47:43,552 - INFO - Found 60 links on page 59
2025-06-19 06:47:43,552 - INFO - Scraping page 62...
2025-06-19 06:47:46,920 - INFO - Found 60 links on page 60
2025-06-19 06:47:46,920 - INFO - Scraping page 63...
2025-06-19 06:47:47,743 - INFO - Found 60 links on page 61
2025-06-19 06:47:47,743 - INFO - Scraping page 64...
2025-06-19 06:47:47,930 - INFO - Found 60 links on page 62
2025-06-19 06:47:47,931 - INFO - Scraping page 65...
2025-06-19 06:47:50,515 - INFO - Found 60 links on page 63
2025-06-19 06:47:50,516 - INFO - Scraping page 66...
2025-06-19 06:47:51,418 - INFO - Found 60 links on page 65
2025-06-19 06:47:51,418 - INFO - Scraping page 67...
2025-06-19 06:47:52,630 - INFO - Found 60 links on page 64
2025-06-19 06:47:52,630 - INFO - Scraping page 68...
2025-06-19 06:47:54,332 - INFO - Found 60 links on page 66
2025-06-19 06:47:54,332 - INFO - Scraping page 69...
2025-06-19 06:47:55,336 - INFO - Found 60 links on page 67
2025-06-19 06:47:55,336 - INFO - Scraping page 70...
2025-06-19 06:47:56,130 - INFO - Found 60 links on page 68
2025-06-19 06:47:56,130 - INFO - Scraping page 71...
2025-06-19 06:47:58,271 - INFO - Found 60 links on page 69
2025-06-19 06:47:58,271 - INFO - Scraping page 72...
2025-06-19 06:47:59,577 - INFO - Found 60 links on page 70
2025-06-19 06:47:59,577 - INFO - Scraping page 73...
2025-06-19 06:47:59,961 - INFO - Found 60 links on page 71
2025-06-19 06:47:59,961 - INFO - Scraping page 74...
2025-06-19 06:48:01,879 - INFO - Found 60 links on page 72
2025-06-19 06:48:01,880 - INFO - Scraping page 75...
2025-06-19 06:48:02,956 - INFO - Found 60 links on page 73
2025-06-19 06:48:02,956 - INFO - Scraping page 76...
2025-06-19 06:48:03,895 - INFO - Found 60 links on page 74
2025-06-19 06:48:03,896 - INFO - Scraping page 77...
2025-06-19 06:48:05,325 - INFO - Found 60 links on page 75
2025-06-19 06:48:05,325 - INFO - Scraping page 78...
2025-06-19 06:48:07,111 - INFO - Found 60 links on page 76
2025-06-19 06:48:07,111 - INFO - Scraping page 79...
2025-06-19 06:48:07,497 - INFO - Found 60 links on page 77
2025-06-19 06:48:07,497 - INFO - Scraping page 80...
2025-06-19 06:48:08,778 - INFO - Found 60 links on page 78
2025-06-19 06:48:08,778 - INFO - Scraping page 81...
2025-06-19 06:48:11,035 - INFO - Found 60 links on page 80
2025-06-19 06:48:11,035 - INFO - Scraping page 82...
2025-06-19 06:48:11,279 - INFO - Found 60 links on page 79
2025-06-19 06:48:11,279 - INFO - Scraping page 83...
2025-06-19 06:48:12,320 - INFO - Found 60 links on page 81
2025-06-19 06:48:12,320 - INFO - Scraping page 84...
2025-06-19 06:48:15,182 - INFO - Found 60 links on page 83
2025-06-19 06:48:15,183 - INFO - Scraping page 85...
2025-06-19 06:48:15,632 - INFO - Found 60 links on page 82
2025-06-19 06:48:15,632 - INFO - Scraping page 86...
2025-06-19 06:48:16,209 - INFO - Found 60 links on page 84
2025-06-19 06:48:16,210 - INFO - Scraping page 87...
2025-06-19 06:48:18,847 - INFO - Found 60 links on page 85
2025-06-19 06:48:18,847 - INFO - Scraping page 88...
2025-06-19 06:48:19,200 - INFO - Found 60 links on page 86
2025-06-19 06:48:19,200 - INFO - Scraping page 89...
2025-06-19 06:48:19,997 - INFO - Found 60 links on page 87
2025-06-19 06:48:19,997 - INFO - Scraping page 90...
2025-06-19 06:48:22,281 - INFO - Found 60 links on page 88
2025-06-19 06:48:22,945 - INFO - Found 60 links on page 89
2025-06-19 06:48:23,704 - INFO - Found 60 links on page 90
2025-06-19 06:48:23,708 - INFO - Found 239 new links to scrape out of 5400 total links
2025-06-19 06:48:23,708 - INFO - Processing batch 1/5 (50 links)
2025-06-19 06:48:29,532 - INFO - Progress: 10/50 ads processed
2025-06-19 06:48:35,627 - INFO - Progress: 20/50 ads processed
2025-06-19 06:48:40,470 - INFO - Progress: 30/50 ads processed
2025-06-19 06:48:45,161 - INFO - Progress: 40/50 ads processed
2025-06-19 06:48:49,899 - INFO - Progress: 50/50 ads processed
2025-06-19 06:48:49,941 - INFO - Created backup of existing data file at unegui_data/unegui_rental_data.csv.bak
2025-06-19 06:48:50,104 - INFO - Data saved to unegui_data/unegui_rental_data.csv: 13986 records
2025-06-19 06:48:50,556 - INFO - Cache saved with 14336 URLs
2025-06-19 06:48:50,556 - INFO - Saved batch data. Total records: 13986
2025-06-19 06:48:50,556 - INFO - Processing batch 2/5 (50 links)
2025-06-19 06:48:55,767 - INFO - Progress: 10/50 ads processed
2025-06-19 06:49:00,955 - INFO - Progress: 20/50 ads processed
2025-06-19 06:49:06,042 - INFO - Progress: 30/50 ads processed
2025-06-19 06:49:11,150 - INFO - Progress: 40/50 ads processed
2025-06-19 06:49:16,467 - INFO - Progress: 50/50 ads processed
2025-06-19 06:49:16,509 - INFO - Created backup of existing data file at unegui_data/unegui_rental_data.csv.bak
2025-06-19 06:49:16,675 - INFO - Data saved to unegui_data/unegui_rental_data.csv: 14035 records
2025-06-19 06:49:17,135 - INFO - Cache saved with 14386 URLs
2025-06-19 06:49:17,135 - INFO - Saved batch data. Total records: 14035
2025-06-19 06:49:17,135 - INFO - Processing batch 3/5 (50 links)
2025-06-19 06:49:22,923 - INFO - Progress: 10/50 ads processed
2025-06-19 06:49:27,812 - INFO - Progress: 20/50 ads processed
2025-06-19 06:49:32,743 - INFO - Progress: 30/50 ads processed
2025-06-19 06:49:37,808 - INFO - Progress: 40/50 ads processed
2025-06-19 06:49:42,981 - INFO - Progress: 50/50 ads processed
2025-06-19 06:49:43,023 - INFO - Created backup of existing data file at unegui_data/unegui_rental_data.csv.bak
2025-06-19 06:49:43,189 - INFO - Data saved to unegui_data/unegui_rental_data.csv: 14084 records
2025-06-19 06:49:43,649 - INFO - Cache saved with 14436 URLs
2025-06-19 06:49:43,650 - INFO - Saved batch data. Total records: 14084
2025-06-19 06:49:43,650 - INFO - Processing batch 4/5 (50 links)
2025-06-19 06:49:48,884 - INFO - Progress: 10/50 ads processed
2025-06-19 06:49:54,235 - INFO - Progress: 20/50 ads processed
2025-06-19 06:49:59,198 - INFO - Progress: 30/50 ads processed
2025-06-19 06:50:04,227 - INFO - Progress: 40/50 ads processed
2025-06-19 06:50:09,530 - INFO - Progress: 50/50 ads processed
2025-06-19 06:50:09,573 - INFO - Created backup of existing data file at unegui_data/unegui_rental_data.csv.bak
2025-06-19 06:50:09,740 - INFO - Data saved to unegui_data/unegui_rental_data.csv: 14133 records
2025-06-19 06:50:10,203 - INFO - Cache saved with 14486 URLs
2025-06-19 06:50:10,203 - INFO - Saved batch data. Total records: 14133
2025-06-19 06:50:10,203 - INFO - Processing batch 5/5 (39 links)
2025-06-19 06:50:16,190 - INFO - Progress: 10/39 ads processed
2025-06-19 06:50:21,889 - INFO - Progress: 20/39 ads processed
2025-06-19 06:50:26,881 - INFO - Progress: 30/39 ads processed
2025-06-19 06:50:31,030 - INFO - Progress: 39/39 ads processed
2025-06-19 06:50:31,073 - INFO - Created backup of existing data file at unegui_data/unegui_rental_data.csv.bak
2025-06-19 06:50:31,241 - INFO - Data saved to unegui_data/unegui_rental_data.csv: 14172 records
2025-06-19 06:50:31,706 - INFO - Cache saved with 14525 URLs
2025-06-19 06:50:31,706 - INFO - Saved batch data. Total records: 14172
2025-06-19 06:50:31,706 - INFO - Scraping completed in 0:04:02.297973. Total ads collected: 14172
