2025-05-22 06:45:15,954 - INFO - Starting rental apartment scraper at 2025-05-22 06:45:15.954194
2025-05-22 06:45:16,023 - INFO - Loaded existing data from unegui_data/unegui_rental_data.csv: 7506 records
2025-05-22 06:45:16,102 - INFO - Loaded 7506 existing records
2025-05-22 06:45:16,103 - INFO - Scraping page 1...
2025-05-22 06:45:16,103 - INFO - Scraping page 2...
2025-05-22 06:45:16,103 - INFO - Scraping page 3...
2025-05-22 06:45:19,672 - INFO - Found 60 links on page 2
2025-05-22 06:45:19,678 - INFO - Scraping page 4...
2025-05-22 06:45:19,844 - INFO - Found 60 links on page 1
2025-05-22 06:45:19,845 - INFO - Scraping page 5...
2025-05-22 06:45:20,090 - INFO - Found 60 links on page 3
2025-05-22 06:45:20,090 - INFO - Scraping page 6...
2025-05-22 06:45:23,277 - INFO - Found 60 links on page 4
2025-05-22 06:45:23,277 - INFO - Scraping page 7...
2025-05-22 06:45:23,835 - INFO - Found 60 links on page 6
2025-05-22 06:45:23,841 - INFO - Scraping page 8...
2025-05-22 06:45:23,956 - INFO - Found 60 links on page 5
2025-05-22 06:45:23,956 - INFO - Scraping page 9...
2025-05-22 06:45:27,578 - INFO - Found 60 links on page 7
2025-05-22 06:45:27,593 - INFO - Scraping page 10...
2025-05-22 06:45:27,750 - INFO - Found 60 links on page 8
2025-05-22 06:45:27,756 - INFO - Scraping page 11...
2025-05-22 06:45:27,976 - INFO - Found 60 links on page 9
2025-05-22 06:45:27,976 - INFO - Scraping page 12...
2025-05-22 06:45:31,711 - INFO - Found 60 links on page 12
2025-05-22 06:45:31,711 - INFO - Scraping page 13...
2025-05-22 06:45:32,216 - INFO - Found 60 links on page 11
2025-05-22 06:45:32,278 - INFO - Scraping page 14...
2025-05-22 06:45:32,378 - INFO - Found 60 links on page 10
2025-05-22 06:45:32,378 - INFO - Scraping page 15...
2025-05-22 06:45:35,218 - INFO - Found 60 links on page 13
2025-05-22 06:45:35,218 - INFO - Scraping page 16...
2025-05-22 06:45:36,298 - INFO - Found 60 links on page 15
2025-05-22 06:45:36,304 - INFO - Scraping page 17...
2025-05-22 06:45:36,372 - INFO - Found 60 links on page 14
2025-05-22 06:45:36,372 - INFO - Scraping page 18...
2025-05-22 06:45:38,573 - INFO - Found 60 links on page 16
2025-05-22 06:45:38,574 - INFO - Scraping page 19...
2025-05-22 06:45:40,232 - INFO - Found 60 links on page 18
2025-05-22 06:45:40,237 - INFO - Scraping page 20...
2025-05-22 06:45:40,319 - INFO - Found 60 links on page 17
2025-05-22 06:45:40,320 - INFO - Scraping page 21...
2025-05-22 06:45:42,216 - INFO - Found 60 links on page 19
2025-05-22 06:45:42,216 - INFO - Scraping page 22...
2025-05-22 06:45:43,740 - INFO - Found 60 links on page 21
2025-05-22 06:45:43,740 - INFO - Scraping page 23...
2025-05-22 06:45:44,052 - INFO - Found 60 links on page 20
2025-05-22 06:45:44,052 - INFO - Scraping page 24...
2025-05-22 06:45:45,684 - INFO - Found 60 links on page 22
2025-05-22 06:45:45,685 - INFO - Scraping page 25...
2025-05-22 06:45:47,282 - INFO - Found 60 links on page 23
2025-05-22 06:45:47,282 - INFO - Scraping page 26...
2025-05-22 06:45:47,764 - INFO - Found 60 links on page 24
2025-05-22 06:45:47,764 - INFO - Scraping page 27...
2025-05-22 06:45:49,377 - INFO - Found 60 links on page 25
2025-05-22 06:45:49,377 - INFO - Scraping page 28...
2025-05-22 06:45:51,123 - INFO - Found 60 links on page 26
2025-05-22 06:45:51,123 - INFO - Scraping page 29...
2025-05-22 06:45:51,720 - INFO - Found 60 links on page 27
2025-05-22 06:45:51,720 - INFO - Scraping page 30...
2025-05-22 06:45:53,186 - INFO - Found 60 links on page 28
2025-05-22 06:45:53,186 - INFO - Scraping page 31...
2025-05-22 06:45:54,828 - INFO - Found 60 links on page 29
2025-05-22 06:45:54,828 - INFO - Scraping page 32...
2025-05-22 06:45:55,700 - INFO - Found 60 links on page 30
2025-05-22 06:45:55,701 - INFO - Scraping page 33...
2025-05-22 06:45:56,939 - INFO - Found 60 links on page 31
2025-05-22 06:45:56,940 - INFO - Scraping page 34...
2025-05-22 06:45:58,231 - INFO - Found 60 links on page 32
2025-05-22 06:45:58,231 - INFO - Scraping page 35...
2025-05-22 06:45:59,166 - INFO - Found 60 links on page 33
2025-05-22 06:45:59,166 - INFO - Scraping page 36...
2025-05-22 06:46:00,546 - INFO - Found 60 links on page 34
2025-05-22 06:46:00,546 - INFO - Scraping page 37...
2025-05-22 06:46:02,024 - INFO - Found 60 links on page 35
2025-05-22 06:46:02,024 - INFO - Scraping page 38...
2025-05-22 06:46:02,676 - INFO - Found 60 links on page 36
2025-05-22 06:46:02,677 - INFO - Scraping page 39...
2025-05-22 06:46:04,623 - INFO - Found 60 links on page 37
2025-05-22 06:46:04,623 - INFO - Scraping page 40...
2025-05-22 06:46:05,714 - INFO - Found 60 links on page 38
2025-05-22 06:46:05,714 - INFO - Scraping page 41...
2025-05-22 06:46:06,507 - INFO - Found 60 links on page 39
2025-05-22 06:46:06,507 - INFO - Scraping page 42...
2025-05-22 06:46:08,104 - INFO - Found 60 links on page 40
2025-05-22 06:46:08,104 - INFO - Scraping page 43...
2025-05-22 06:46:09,887 - INFO - Found 60 links on page 41
2025-05-22 06:46:09,887 - INFO - Scraping page 44...
2025-05-22 06:46:10,233 - INFO - Found 60 links on page 42
2025-05-22 06:46:10,233 - INFO - Scraping page 45...
2025-05-22 06:46:12,294 - INFO - Found 60 links on page 43
2025-05-22 06:46:12,295 - INFO - Scraping page 46...
2025-05-22 06:46:13,451 - INFO - Found 60 links on page 44
2025-05-22 06:46:13,451 - INFO - Scraping page 47...
2025-05-22 06:46:13,952 - INFO - Found 60 links on page 45
2025-05-22 06:46:13,953 - INFO - Scraping page 48...
2025-05-22 06:46:16,373 - INFO - Found 60 links on page 46
2025-05-22 06:46:16,374 - INFO - Scraping page 49...
2025-05-22 06:46:17,178 - INFO - Found 60 links on page 47
2025-05-22 06:46:17,178 - INFO - Scraping page 50...
2025-05-22 06:46:18,107 - INFO - Found 60 links on page 48
2025-05-22 06:46:18,107 - INFO - Scraping page 51...
2025-05-22 06:46:19,910 - INFO - Found 60 links on page 49
2025-05-22 06:46:19,910 - INFO - Scraping page 52...
2025-05-22 06:46:21,015 - INFO - Found 60 links on page 50
2025-05-22 06:46:21,015 - INFO - Scraping page 53...
2025-05-22 06:46:21,695 - INFO - Found 60 links on page 51
2025-05-22 06:46:21,695 - INFO - Scraping page 54...
2025-05-22 06:46:23,503 - INFO - Found 60 links on page 52
2025-05-22 06:46:23,503 - INFO - Scraping page 55...
2025-05-22 06:46:25,121 - INFO - Found 60 links on page 54
2025-05-22 06:46:25,121 - INFO - Scraping page 56...
2025-05-22 06:46:25,387 - INFO - Found 60 links on page 53
2025-05-22 06:46:25,387 - INFO - Scraping page 57...
2025-05-22 06:46:27,390 - INFO - Found 60 links on page 55
2025-05-22 06:46:27,390 - INFO - Scraping page 58...
2025-05-22 06:46:28,558 - INFO - Found 60 links on page 56
2025-05-22 06:46:28,558 - INFO - Scraping page 59...
2025-05-22 06:46:29,278 - INFO - Found 60 links on page 57
2025-05-22 06:46:29,279 - INFO - Scraping page 60...
2025-05-22 06:46:31,286 - INFO - Found 60 links on page 58
2025-05-22 06:46:31,286 - INFO - Scraping page 61...
2025-05-22 06:46:32,130 - INFO - Found 60 links on page 59
2025-05-22 06:46:32,130 - INFO - Scraping page 62...
2025-05-22 06:46:33,059 - INFO - Found 60 links on page 60
2025-05-22 06:46:33,060 - INFO - Scraping page 63...
2025-05-22 06:46:35,048 - INFO - Found 60 links on page 61
2025-05-22 06:46:35,048 - INFO - Scraping page 64...
2025-05-22 06:46:36,209 - INFO - Found 60 links on page 62
2025-05-22 06:46:36,209 - INFO - Scraping page 65...
2025-05-22 06:46:37,025 - INFO - Found 60 links on page 63
2025-05-22 06:46:37,026 - INFO - Scraping page 66...
2025-05-22 06:46:38,490 - INFO - Found 60 links on page 64
2025-05-22 06:46:38,491 - INFO - Scraping page 67...
2025-05-22 06:46:39,661 - INFO - Found 60 links on page 65
2025-05-22 06:46:39,661 - INFO - Scraping page 68...
2025-05-22 06:46:40,501 - INFO - Found 60 links on page 66
2025-05-22 06:46:40,502 - INFO - Scraping page 69...
2025-05-22 06:46:42,665 - INFO - Found 60 links on page 67
2025-05-22 06:46:42,665 - INFO - Scraping page 70...
2025-05-22 06:46:43,923 - INFO - Found 60 links on page 68
2025-05-22 06:46:43,923 - INFO - Scraping page 71...
2025-05-22 06:46:44,195 - INFO - Found 60 links on page 69
2025-05-22 06:46:44,195 - INFO - Scraping page 72...
2025-05-22 06:46:46,270 - INFO - Found 60 links on page 70
2025-05-22 06:46:46,270 - INFO - Scraping page 73...
2025-05-22 06:46:47,658 - INFO - Found 60 links on page 71
2025-05-22 06:46:47,658 - INFO - Scraping page 74...
2025-05-22 06:46:48,107 - INFO - Found 60 links on page 72
2025-05-22 06:46:48,107 - INFO - Scraping page 75...
2025-05-22 06:46:49,758 - INFO - Found 60 links on page 73
2025-05-22 06:46:49,758 - INFO - Scraping page 76...
2025-05-22 06:46:51,774 - INFO - Found 60 links on page 75
2025-05-22 06:46:51,774 - INFO - Scraping page 77...
2025-05-22 06:46:52,565 - INFO - Found 60 links on page 74
2025-05-22 06:46:52,565 - INFO - Scraping page 78...
2025-05-22 06:46:53,013 - INFO - Found 60 links on page 76
2025-05-22 06:46:53,013 - INFO - Scraping page 79...
2025-05-22 06:46:55,035 - INFO - Found 60 links on page 77
2025-05-22 06:46:55,035 - INFO - Scraping page 80...
2025-05-22 06:46:56,260 - INFO - Found 60 links on page 78
2025-05-22 06:46:56,260 - INFO - Scraping page 81...
2025-05-22 06:46:56,878 - INFO - Found 60 links on page 79
2025-05-22 06:46:56,878 - INFO - Scraping page 82...
2025-05-22 06:46:58,640 - INFO - Found 60 links on page 80
2025-05-22 06:46:58,641 - INFO - Scraping page 83...
2025-05-22 06:47:00,019 - INFO - Found 60 links on page 81
2025-05-22 06:47:00,020 - INFO - Scraping page 84...
2025-05-22 06:47:01,060 - INFO - Found 60 links on page 82
2025-05-22 06:47:01,060 - INFO - Scraping page 85...
2025-05-22 06:47:02,341 - INFO - Found 60 links on page 83
2025-05-22 06:47:02,341 - INFO - Scraping page 86...
2025-05-22 06:47:03,464 - INFO - Found 60 links on page 84
2025-05-22 06:47:03,464 - INFO - Scraping page 87...
2025-05-22 06:47:05,422 - INFO - Found 60 links on page 85
2025-05-22 06:47:05,422 - INFO - Scraping page 88...
2025-05-22 06:47:06,029 - INFO - Found 60 links on page 86
2025-05-22 06:47:06,030 - INFO - Scraping page 89...
2025-05-22 06:47:07,145 - INFO - Found 60 links on page 87
2025-05-22 06:47:07,145 - INFO - Scraping page 90...
2025-05-22 06:47:09,259 - INFO - Found 60 links on page 88
2025-05-22 06:47:10,384 - INFO - Found 60 links on page 89
2025-05-22 06:47:10,472 - INFO - Found 12 links on page 90
2025-05-22 06:47:10,476 - INFO - Found 277 new links to scrape out of 5352 total links
2025-05-22 06:47:10,476 - INFO - Processing batch 1/6 (50 links)
2025-05-22 06:47:15,642 - INFO - Progress: 10/50 ads processed
2025-05-22 06:47:20,505 - INFO - Progress: 20/50 ads processed
2025-05-22 06:47:25,836 - INFO - Progress: 30/50 ads processed
2025-05-22 06:47:30,815 - INFO - Progress: 40/50 ads processed
2025-05-22 06:47:35,640 - INFO - Progress: 50/50 ads processed
2025-05-22 06:47:35,665 - INFO - Created backup of existing data file at unegui_data/unegui_rental_data.csv.bak
2025-05-22 06:47:35,754 - INFO - Data saved to unegui_data/unegui_rental_data.csv: 7555 records
2025-05-22 06:47:35,998 - INFO - Cache saved with 7742 URLs
2025-05-22 06:47:35,998 - INFO - Saved batch data. Total records: 7555
2025-05-22 06:47:35,999 - INFO - Processing batch 2/6 (50 links)
2025-05-22 06:47:41,580 - INFO - Progress: 10/50 ads processed
2025-05-22 06:47:47,007 - INFO - Progress: 20/50 ads processed
2025-05-22 06:47:52,380 - INFO - Progress: 30/50 ads processed
2025-05-22 06:47:57,874 - INFO - Progress: 40/50 ads processed
2025-05-22 06:48:03,263 - INFO - Progress: 50/50 ads processed
2025-05-22 06:48:03,291 - INFO - Created backup of existing data file at unegui_data/unegui_rental_data.csv.bak
2025-05-22 06:48:03,381 - INFO - Data saved to unegui_data/unegui_rental_data.csv: 7604 records
2025-05-22 06:48:03,629 - INFO - Cache saved with 7792 URLs
2025-05-22 06:48:03,629 - INFO - Saved batch data. Total records: 7604
2025-05-22 06:48:03,629 - INFO - Processing batch 3/6 (50 links)
2025-05-22 06:48:09,103 - INFO - Progress: 10/50 ads processed
2025-05-22 06:48:13,931 - INFO - Progress: 20/50 ads processed
2025-05-22 06:48:18,926 - INFO - Progress: 30/50 ads processed
2025-05-22 06:48:24,255 - INFO - Progress: 40/50 ads processed
2025-05-22 06:48:29,793 - INFO - Progress: 50/50 ads processed
2025-05-22 06:48:29,819 - INFO - Created backup of existing data file at unegui_data/unegui_rental_data.csv.bak
2025-05-22 06:48:29,912 - INFO - Data saved to unegui_data/unegui_rental_data.csv: 7654 records
2025-05-22 06:48:30,160 - INFO - Cache saved with 7842 URLs
2025-05-22 06:48:30,160 - INFO - Saved batch data. Total records: 7654
2025-05-22 06:48:30,160 - INFO - Processing batch 4/6 (50 links)
2025-05-22 06:48:35,438 - INFO - Progress: 10/50 ads processed
2025-05-22 06:48:40,797 - INFO - Progress: 20/50 ads processed
2025-05-22 06:48:46,584 - INFO - Progress: 30/50 ads processed
2025-05-22 06:48:52,081 - INFO - Progress: 40/50 ads processed
2025-05-22 06:48:57,230 - INFO - Progress: 50/50 ads processed
2025-05-22 06:48:57,258 - INFO - Created backup of existing data file at unegui_data/unegui_rental_data.csv.bak
2025-05-22 06:48:57,354 - INFO - Data saved to unegui_data/unegui_rental_data.csv: 7704 records
2025-05-22 06:48:57,606 - INFO - Cache saved with 7892 URLs
2025-05-22 06:48:57,606 - INFO - Saved batch data. Total records: 7704
2025-05-22 06:48:57,606 - INFO - Processing batch 5/6 (50 links)
2025-05-22 06:49:03,025 - INFO - Progress: 10/50 ads processed
2025-05-22 06:49:08,264 - INFO - Progress: 20/50 ads processed
2025-05-22 06:49:13,367 - INFO - Progress: 30/50 ads processed
2025-05-22 06:49:18,633 - INFO - Progress: 40/50 ads processed
2025-05-22 06:49:23,393 - INFO - Progress: 50/50 ads processed
2025-05-22 06:49:23,420 - INFO - Created backup of existing data file at unegui_data/unegui_rental_data.csv.bak
2025-05-22 06:49:23,518 - INFO - Data saved to unegui_data/unegui_rental_data.csv: 7754 records
2025-05-22 06:49:23,773 - INFO - Cache saved with 7942 URLs
2025-05-22 06:49:23,774 - INFO - Saved batch data. Total records: 7754
2025-05-22 06:49:23,774 - INFO - Processing batch 6/6 (27 links)
2025-05-22 06:49:29,075 - INFO - Progress: 10/27 ads processed
2025-05-22 06:49:34,494 - INFO - Progress: 20/27 ads processed
2025-05-22 06:49:38,218 - INFO - Progress: 27/27 ads processed
2025-05-22 06:49:38,245 - INFO - Created backup of existing data file at unegui_data/unegui_rental_data.csv.bak
2025-05-22 06:49:38,342 - INFO - Data saved to unegui_data/unegui_rental_data.csv: 7780 records
2025-05-22 06:49:38,597 - INFO - Cache saved with 7969 URLs
2025-05-22 06:49:38,598 - INFO - Saved batch data. Total records: 7780
2025-05-22 06:49:38,598 - INFO - Scraping completed in 0:04:22.643928. Total ads collected: 7780
