2025-05-19 06:45:42,349 - INFO - Starting rental apartment scraper at 2025-05-19 06:45:42.349686
2025-05-19 06:45:42,413 - INFO - Loaded existing data from unegui_data/unegui_rental_data.csv: 6719 records
2025-05-19 06:45:42,487 - INFO - Loaded 6719 existing records
2025-05-19 06:45:42,488 - INFO - Scraping page 1...
2025-05-19 06:45:42,489 - INFO - Scraping page 2...
2025-05-19 06:45:42,489 - INFO - Scraping page 3...
2025-05-19 06:45:46,917 - INFO - Found 60 links on page 2
2025-05-19 06:45:46,917 - INFO - Scraping page 4...
2025-05-19 06:45:47,112 - INFO - Found 60 links on page 1
2025-05-19 06:45:47,112 - INFO - Scraping page 5...
2025-05-19 06:45:47,770 - INFO - Found 60 links on page 3
2025-05-19 06:45:47,771 - INFO - Scraping page 6...
2025-05-19 06:45:50,417 - INFO - Found 60 links on page 4
2025-05-19 06:45:50,417 - INFO - Scraping page 7...
2025-05-19 06:45:50,896 - INFO - Found 60 links on page 5
2025-05-19 06:45:50,896 - INFO - Scraping page 8...
2025-05-19 06:45:52,429 - INFO - Found 60 links on page 6
2025-05-19 06:45:52,429 - INFO - Scraping page 9...
2025-05-19 06:45:54,061 - INFO - Found 60 links on page 7
2025-05-19 06:45:54,061 - INFO - Scraping page 10...
2025-05-19 06:45:54,344 - INFO - Found 60 links on page 8
2025-05-19 06:45:54,344 - INFO - Scraping page 11...
2025-05-19 06:45:56,066 - INFO - Found 60 links on page 9
2025-05-19 06:45:56,067 - INFO - Scraping page 12...
2025-05-19 06:45:57,970 - INFO - Found 60 links on page 10
2025-05-19 06:45:57,976 - INFO - Scraping page 13...
2025-05-19 06:45:58,146 - INFO - Found 60 links on page 11
2025-05-19 06:45:58,146 - INFO - Scraping page 14...
2025-05-19 06:45:59,558 - INFO - Found 60 links on page 12
2025-05-19 06:45:59,558 - INFO - Scraping page 15...
2025-05-19 06:46:01,653 - INFO - Found 60 links on page 14
2025-05-19 06:46:01,653 - INFO - Scraping page 16...
2025-05-19 06:46:02,124 - INFO - Found 60 links on page 13
2025-05-19 06:46:02,124 - INFO - Scraping page 17...
2025-05-19 06:46:03,029 - INFO - Found 60 links on page 15
2025-05-19 06:46:03,029 - INFO - Scraping page 18...
2025-05-19 06:46:05,458 - INFO - Found 60 links on page 16
2025-05-19 06:46:05,458 - INFO - Scraping page 19...
2025-05-19 06:46:05,802 - INFO - Found 60 links on page 17
2025-05-19 06:46:05,802 - INFO - Scraping page 20...
2025-05-19 06:46:07,096 - INFO - Found 60 links on page 18
2025-05-19 06:46:07,097 - INFO - Scraping page 21...
2025-05-19 06:46:09,079 - INFO - Found 60 links on page 19
2025-05-19 06:46:09,080 - INFO - Scraping page 22...
2025-05-19 06:46:09,324 - INFO - Found 60 links on page 20
2025-05-19 06:46:09,324 - INFO - Scraping page 23...
2025-05-19 06:46:10,458 - INFO - Found 60 links on page 21
2025-05-19 06:46:10,458 - INFO - Scraping page 24...
2025-05-19 06:46:12,909 - INFO - Found 60 links on page 22
2025-05-19 06:46:12,910 - INFO - Scraping page 25...
2025-05-19 06:46:13,133 - INFO - Found 60 links on page 23
2025-05-19 06:46:13,133 - INFO - Scraping page 26...
2025-05-19 06:46:13,928 - INFO - Found 60 links on page 24
2025-05-19 06:46:13,928 - INFO - Scraping page 27...
2025-05-19 06:46:17,468 - INFO - Found 60 links on page 25
2025-05-19 06:46:17,474 - INFO - Scraping page 28...
2025-05-19 06:46:17,650 - INFO - Found 60 links on page 26
2025-05-19 06:46:17,651 - INFO - Scraping page 29...
2025-05-19 06:46:17,832 - INFO - Found 60 links on page 27
2025-05-19 06:46:17,832 - INFO - Scraping page 30...
2025-05-19 06:46:21,488 - INFO - Found 60 links on page 28
2025-05-19 06:46:21,493 - INFO - Scraping page 31...
2025-05-19 06:46:21,649 - INFO - Found 60 links on page 30
2025-05-19 06:46:21,649 - INFO - Scraping page 32...
2025-05-19 06:46:22,046 - INFO - Found 60 links on page 29
2025-05-19 06:46:22,046 - INFO - Scraping page 33...
2025-05-19 06:46:25,161 - INFO - Found 60 links on page 32
2025-05-19 06:46:25,161 - INFO - Scraping page 34...
2025-05-19 06:46:25,511 - INFO - Found 60 links on page 31
2025-05-19 06:46:25,511 - INFO - Scraping page 35...
2025-05-19 06:46:25,759 - INFO - Found 60 links on page 33
2025-05-19 06:46:25,759 - INFO - Scraping page 36...
2025-05-19 06:46:29,008 - INFO - Found 60 links on page 34
2025-05-19 06:46:29,008 - INFO - Scraping page 37...
2025-05-19 06:46:29,434 - INFO - Found 60 links on page 35
2025-05-19 06:46:29,434 - INFO - Scraping page 38...
2025-05-19 06:46:30,038 - INFO - Found 60 links on page 36
2025-05-19 06:46:30,039 - INFO - Scraping page 39...
2025-05-19 06:46:32,962 - INFO - Found 60 links on page 38
2025-05-19 06:46:32,967 - INFO - Scraping page 40...
2025-05-19 06:46:33,131 - INFO - Found 60 links on page 37
2025-05-19 06:46:33,131 - INFO - Scraping page 41...
2025-05-19 06:46:33,993 - INFO - Found 60 links on page 39
2025-05-19 06:46:33,993 - INFO - Scraping page 42...
2025-05-19 06:46:36,604 - INFO - Found 60 links on page 41
2025-05-19 06:46:36,605 - INFO - Scraping page 43...
2025-05-19 06:46:37,047 - INFO - Found 60 links on page 40
2025-05-19 06:46:37,047 - INFO - Scraping page 44...
2025-05-19 06:46:37,638 - INFO - Found 60 links on page 42
2025-05-19 06:46:37,638 - INFO - Scraping page 45...
2025-05-19 06:46:40,184 - INFO - Found 60 links on page 43
2025-05-19 06:46:40,185 - INFO - Scraping page 46...
2025-05-19 06:46:41,138 - INFO - Found 60 links on page 44
2025-05-19 06:46:41,143 - INFO - Scraping page 47...
2025-05-19 06:46:41,210 - INFO - Found 60 links on page 45
2025-05-19 06:46:41,210 - INFO - Scraping page 48...
2025-05-19 06:46:44,033 - INFO - Found 60 links on page 46
2025-05-19 06:46:44,033 - INFO - Scraping page 49...
2025-05-19 06:46:44,780 - INFO - Found 60 links on page 48
2025-05-19 06:46:44,786 - INFO - Scraping page 50...
2025-05-19 06:46:44,947 - INFO - Found 60 links on page 47
2025-05-19 06:46:44,947 - INFO - Scraping page 51...
2025-05-19 06:46:47,782 - INFO - Found 60 links on page 49
2025-05-19 06:46:47,782 - INFO - Scraping page 52...
2025-05-19 06:46:48,531 - INFO - Found 60 links on page 50
2025-05-19 06:46:48,531 - INFO - Scraping page 53...
2025-05-19 06:46:49,055 - INFO - Found 60 links on page 51
2025-05-19 06:46:49,055 - INFO - Scraping page 54...
2025-05-19 06:46:51,155 - INFO - Found 60 links on page 52
2025-05-19 06:46:51,155 - INFO - Scraping page 55...
2025-05-19 06:46:52,143 - INFO - Found 60 links on page 53
2025-05-19 06:46:52,143 - INFO - Scraping page 56...
2025-05-19 06:46:53,359 - INFO - Found 60 links on page 54
2025-05-19 06:46:53,359 - INFO - Scraping page 57...
2025-05-19 06:46:54,802 - INFO - Found 60 links on page 55
2025-05-19 06:46:54,802 - INFO - Scraping page 58...
2025-05-19 06:46:55,946 - INFO - Found 60 links on page 56
2025-05-19 06:46:55,946 - INFO - Scraping page 59...
2025-05-19 06:46:56,996 - INFO - Found 60 links on page 57
2025-05-19 06:46:56,996 - INFO - Scraping page 60...
2025-05-19 06:46:58,431 - INFO - Found 60 links on page 58
2025-05-19 06:46:58,431 - INFO - Scraping page 61...
2025-05-19 06:46:59,402 - INFO - Found 60 links on page 59
2025-05-19 06:46:59,402 - INFO - Scraping page 62...
2025-05-19 06:47:01,089 - INFO - Found 60 links on page 60
2025-05-19 06:47:01,089 - INFO - Scraping page 63...
2025-05-19 06:47:02,547 - INFO - Found 60 links on page 61
2025-05-19 06:47:02,548 - INFO - Scraping page 64...
2025-05-19 06:47:02,999 - INFO - Found 60 links on page 62
2025-05-19 06:47:02,999 - INFO - Scraping page 65...
2025-05-19 06:47:04,865 - INFO - Found 60 links on page 63
2025-05-19 06:47:04,865 - INFO - Scraping page 66...
2025-05-19 06:47:06,698 - INFO - Found 60 links on page 65
2025-05-19 06:47:06,708 - INFO - Scraping page 67...
2025-05-19 06:47:06,823 - INFO - Found 60 links on page 64
2025-05-19 06:47:06,823 - INFO - Scraping page 68...
2025-05-19 06:47:08,701 - INFO - Found 60 links on page 66
2025-05-19 06:47:08,701 - INFO - Scraping page 69...
2025-05-19 06:47:10,360 - INFO - Found 60 links on page 67
2025-05-19 06:47:10,365 - INFO - Scraping page 70...
2025-05-19 06:47:10,545 - INFO - Found 60 links on page 68
2025-05-19 06:47:10,545 - INFO - Scraping page 71...
2025-05-19 06:47:12,253 - INFO - Found 60 links on page 69
2025-05-19 06:47:12,253 - INFO - Scraping page 72...
2025-05-19 06:47:14,077 - INFO - Found 60 links on page 70
2025-05-19 06:47:14,077 - INFO - Scraping page 73...
2025-05-19 06:47:14,317 - INFO - Found 60 links on page 71
2025-05-19 06:47:14,317 - INFO - Scraping page 74...
2025-05-19 06:47:15,940 - INFO - Found 60 links on page 72
2025-05-19 06:47:15,940 - INFO - Scraping page 75...
2025-05-19 06:47:18,251 - INFO - Found 60 links on page 73
2025-05-19 06:47:18,252 - INFO - Scraping page 76...
2025-05-19 06:47:18,813 - INFO - Found 60 links on page 74
2025-05-19 06:47:18,813 - INFO - Scraping page 77...
2025-05-19 06:47:19,424 - INFO - Found 60 links on page 75
2025-05-19 06:47:19,424 - INFO - Scraping page 78...
2025-05-19 06:47:21,937 - INFO - Found 60 links on page 76
2025-05-19 06:47:21,937 - INFO - Scraping page 79...
2025-05-19 06:47:22,461 - INFO - Found 60 links on page 77
2025-05-19 06:47:22,462 - INFO - Scraping page 80...
2025-05-19 06:47:23,195 - INFO - Found 60 links on page 78
2025-05-19 06:47:23,195 - INFO - Scraping page 81...
2025-05-19 06:47:25,666 - INFO - Found 60 links on page 79
2025-05-19 06:47:25,666 - INFO - Scraping page 82...
2025-05-19 06:47:26,230 - INFO - Found 60 links on page 80
2025-05-19 06:47:26,230 - INFO - Scraping page 83...
2025-05-19 06:47:26,959 - INFO - Found 60 links on page 81
2025-05-19 06:47:26,959 - INFO - Scraping page 84...
2025-05-19 06:47:29,373 - INFO - Found 60 links on page 82
2025-05-19 06:47:29,374 - INFO - Scraping page 85...
2025-05-19 06:47:30,011 - INFO - Found 60 links on page 83
2025-05-19 06:47:30,011 - INFO - Scraping page 86...
2025-05-19 06:47:30,343 - INFO - Found 60 links on page 84
2025-05-19 06:47:30,343 - INFO - Scraping page 87...
2025-05-19 06:47:32,833 - INFO - Found 2 links on page 86
2025-05-19 06:47:32,843 - INFO - Scraping page 88...
2025-05-19 06:47:32,905 - INFO - Found 60 links on page 85
2025-05-19 06:47:32,905 - INFO - Scraping page 89...
2025-05-19 06:47:34,207 - INFO - Found 60 links on page 87
2025-05-19 06:47:34,207 - INFO - Scraping page 90...
2025-05-19 06:47:36,709 - INFO - Found 60 links on page 88
2025-05-19 06:47:36,911 - INFO - Found 60 links on page 89
2025-05-19 06:47:37,455 - INFO - Found 1 links on page 90
2025-05-19 06:47:37,458 - INFO - Found 207 new links to scrape out of 5283 total links
2025-05-19 06:47:37,459 - INFO - Processing batch 1/5 (50 links)
2025-05-19 06:47:43,045 - INFO - Progress: 10/50 ads processed
2025-05-19 06:47:47,954 - INFO - Progress: 20/50 ads processed
2025-05-19 06:47:52,948 - INFO - Progress: 30/50 ads processed
2025-05-19 06:47:57,919 - INFO - Progress: 40/50 ads processed
2025-05-19 06:48:02,941 - INFO - Progress: 50/50 ads processed
2025-05-19 06:48:02,964 - INFO - Created backup of existing data file at unegui_data/unegui_rental_data.csv.bak
2025-05-19 06:48:03,044 - INFO - Data saved to unegui_data/unegui_rental_data.csv: 6768 records
2025-05-19 06:48:03,261 - INFO - Cache saved with 6932 URLs
2025-05-19 06:48:03,261 - INFO - Saved batch data. Total records: 6768
2025-05-19 06:48:03,261 - INFO - Processing batch 2/5 (50 links)
2025-05-19 06:48:08,942 - INFO - Progress: 10/50 ads processed
2025-05-19 06:48:13,919 - INFO - Progress: 20/50 ads processed
2025-05-19 06:48:19,170 - INFO - Progress: 30/50 ads processed
2025-05-19 06:48:24,746 - INFO - Progress: 40/50 ads processed
2025-05-19 06:48:29,775 - INFO - Progress: 50/50 ads processed
2025-05-19 06:48:29,798 - INFO - Created backup of existing data file at unegui_data/unegui_rental_data.csv.bak
2025-05-19 06:48:29,879 - INFO - Data saved to unegui_data/unegui_rental_data.csv: 6815 records
2025-05-19 06:48:30,103 - INFO - Cache saved with 6982 URLs
2025-05-19 06:48:30,103 - INFO - Saved batch data. Total records: 6815
2025-05-19 06:48:30,104 - INFO - Processing batch 3/5 (50 links)
2025-05-19 06:48:35,619 - INFO - Progress: 10/50 ads processed
2025-05-19 06:48:40,714 - INFO - Progress: 20/50 ads processed
2025-05-19 06:48:45,763 - INFO - Progress: 30/50 ads processed
2025-05-19 06:48:50,949 - INFO - Progress: 40/50 ads processed
2025-05-19 06:48:56,421 - INFO - Progress: 50/50 ads processed
2025-05-19 06:48:56,444 - INFO - Created backup of existing data file at unegui_data/unegui_rental_data.csv.bak
2025-05-19 06:48:56,525 - INFO - Data saved to unegui_data/unegui_rental_data.csv: 6864 records
2025-05-19 06:48:56,747 - INFO - Cache saved with 7032 URLs
2025-05-19 06:48:56,747 - INFO - Saved batch data. Total records: 6864
2025-05-19 06:48:56,747 - INFO - Processing batch 4/5 (50 links)
2025-05-19 06:49:03,877 - INFO - Progress: 10/50 ads processed
2025-05-19 06:49:09,053 - INFO - Progress: 20/50 ads processed
2025-05-19 06:49:14,016 - INFO - Progress: 30/50 ads processed
2025-05-19 06:49:19,127 - INFO - Progress: 40/50 ads processed
2025-05-19 06:49:24,413 - INFO - Progress: 50/50 ads processed
2025-05-19 06:49:24,437 - INFO - Created backup of existing data file at unegui_data/unegui_rental_data.csv.bak
2025-05-19 06:49:24,520 - INFO - Data saved to unegui_data/unegui_rental_data.csv: 6911 records
2025-05-19 06:49:24,745 - INFO - Cache saved with 7082 URLs
2025-05-19 06:49:24,745 - INFO - Saved batch data. Total records: 6911
2025-05-19 06:49:24,745 - INFO - Processing batch 5/5 (7 links)
2025-05-19 06:49:30,056 - INFO - Progress: 7/7 ads processed
2025-05-19 06:49:30,080 - INFO - Created backup of existing data file at unegui_data/unegui_rental_data.csv.bak
2025-05-19 06:49:30,163 - INFO - Data saved to unegui_data/unegui_rental_data.csv: 6918 records
2025-05-19 06:49:30,396 - INFO - Cache saved with 7089 URLs
2025-05-19 06:49:30,396 - INFO - Saved batch data. Total records: 6918
2025-05-19 06:49:30,396 - INFO - Scraping completed in 0:03:48.047226. Total ads collected: 6918
