2025-05-28 06:44:51,473 - INFO - Starting rental apartment scraper at 2025-05-28 06:44:51.473715
2025-05-28 06:44:51,553 - INFO - Loaded existing data from unegui_data/unegui_rental_data.csv: 8780 records
2025-05-28 06:44:51,650 - INFO - Loaded 8780 existing records
2025-05-28 06:44:51,652 - INFO - Scraping page 1...
2025-05-28 06:44:51,652 - INFO - Scraping page 2...
2025-05-28 06:44:51,652 - INFO - Scraping page 3...
2025-05-28 06:44:55,458 - INFO - Found 60 links on page 2
2025-05-28 06:44:55,458 - INFO - Scraping page 4...
2025-05-28 06:44:55,744 - INFO - Found 60 links on page 3
2025-05-28 06:44:55,744 - INFO - Scraping page 5...
2025-05-28 06:44:55,934 - INFO - Found 60 links on page 1
2025-05-28 06:44:55,935 - INFO - Scraping page 6...
2025-05-28 06:44:59,365 - INFO - Found 60 links on page 5
2025-05-28 06:44:59,365 - INFO - Scraping page 7...
2025-05-28 06:44:59,649 - INFO - Found 60 links on page 6
2025-05-28 06:44:59,664 - INFO - Scraping page 8...
2025-05-28 06:44:59,786 - INFO - Found 60 links on page 4
2025-05-28 06:44:59,786 - INFO - Scraping page 9...
2025-05-28 06:45:03,017 - INFO - Found 60 links on page 7
2025-05-28 06:45:03,017 - INFO - Scraping page 10...
2025-05-28 06:45:03,366 - INFO - Found 60 links on page 8
2025-05-28 06:45:03,377 - INFO - Scraping page 11...
2025-05-28 06:45:03,462 - INFO - Found 60 links on page 9
2025-05-28 06:45:03,462 - INFO - Scraping page 12...
2025-05-28 06:45:06,598 - INFO - Found 60 links on page 10
2025-05-28 06:45:06,599 - INFO - Scraping page 13...
2025-05-28 06:45:06,958 - INFO - Found 60 links on page 12
2025-05-28 06:45:06,958 - INFO - Scraping page 14...
2025-05-28 06:45:07,154 - INFO - Found 60 links on page 11
2025-05-28 06:45:07,155 - INFO - Scraping page 15...
2025-05-28 06:45:10,185 - INFO - Found 60 links on page 13
2025-05-28 06:45:10,185 - INFO - Scraping page 16...
2025-05-28 06:45:10,589 - INFO - Found 60 links on page 14
2025-05-28 06:45:10,599 - INFO - Scraping page 17...
2025-05-28 06:45:10,764 - INFO - Found 60 links on page 15
2025-05-28 06:45:10,764 - INFO - Scraping page 18...
2025-05-28 06:45:14,028 - INFO - Found 60 links on page 16
2025-05-28 06:45:14,028 - INFO - Scraping page 19...
2025-05-28 06:45:14,531 - INFO - Found 60 links on page 17
2025-05-28 06:45:14,532 - INFO - Scraping page 20...
2025-05-28 06:45:14,851 - INFO - Found 60 links on page 18
2025-05-28 06:45:14,851 - INFO - Scraping page 21...
2025-05-28 06:45:17,773 - INFO - Found 60 links on page 20
2025-05-28 06:45:17,773 - INFO - Scraping page 22...
2025-05-28 06:45:18,377 - INFO - Found 60 links on page 19
2025-05-28 06:45:18,377 - INFO - Scraping page 23...
2025-05-28 06:45:19,063 - INFO - Found 60 links on page 21
2025-05-28 06:45:19,063 - INFO - Scraping page 24...
2025-05-28 06:45:21,673 - INFO - Found 60 links on page 22
2025-05-28 06:45:21,674 - INFO - Scraping page 25...
2025-05-28 06:45:21,978 - INFO - Found 60 links on page 23
2025-05-28 06:45:21,978 - INFO - Scraping page 26...
2025-05-28 06:45:22,485 - INFO - Found 60 links on page 24
2025-05-28 06:45:22,486 - INFO - Scraping page 27...
2025-05-28 06:45:25,052 - INFO - Found 60 links on page 25
2025-05-28 06:45:25,053 - INFO - Scraping page 28...
2025-05-28 06:45:25,604 - INFO - Found 60 links on page 26
2025-05-28 06:45:25,604 - INFO - Scraping page 29...
2025-05-28 06:45:26,171 - INFO - Found 60 links on page 27
2025-05-28 06:45:26,171 - INFO - Scraping page 30...
2025-05-28 06:45:28,814 - INFO - Found 60 links on page 28
2025-05-28 06:45:28,815 - INFO - Scraping page 31...
2025-05-28 06:45:29,252 - INFO - Found 60 links on page 29
2025-05-28 06:45:29,253 - INFO - Scraping page 32...
2025-05-28 06:45:29,617 - INFO - Found 60 links on page 30
2025-05-28 06:45:29,617 - INFO - Scraping page 33...
2025-05-28 06:45:32,260 - INFO - Found 60 links on page 31
2025-05-28 06:45:32,261 - INFO - Scraping page 34...
2025-05-28 06:45:32,978 - INFO - Found 60 links on page 32
2025-05-28 06:45:32,978 - INFO - Scraping page 35...
2025-05-28 06:45:33,265 - INFO - Found 60 links on page 33
2025-05-28 06:45:33,265 - INFO - Scraping page 36...
2025-05-28 06:45:35,862 - INFO - Found 60 links on page 34
2025-05-28 06:45:35,862 - INFO - Scraping page 37...
2025-05-28 06:45:36,673 - INFO - Found 60 links on page 35
2025-05-28 06:45:36,674 - INFO - Scraping page 38...
2025-05-28 06:45:37,620 - INFO - Found 60 links on page 36
2025-05-28 06:45:37,620 - INFO - Scraping page 39...
2025-05-28 06:45:39,700 - INFO - Found 60 links on page 37
2025-05-28 06:45:39,701 - INFO - Scraping page 40...
2025-05-28 06:45:40,101 - INFO - Found 60 links on page 38
2025-05-28 06:45:40,101 - INFO - Scraping page 41...
2025-05-28 06:45:41,132 - INFO - Found 60 links on page 39
2025-05-28 06:45:41,132 - INFO - Scraping page 42...
2025-05-28 06:45:43,536 - INFO - Found 60 links on page 40
2025-05-28 06:45:43,536 - INFO - Scraping page 43...
2025-05-28 06:45:44,078 - INFO - Found 60 links on page 41
2025-05-28 06:45:44,078 - INFO - Scraping page 44...
2025-05-28 06:45:44,735 - INFO - Found 60 links on page 42
2025-05-28 06:45:44,736 - INFO - Scraping page 45...
2025-05-28 06:45:47,326 - INFO - Found 60 links on page 43
2025-05-28 06:45:47,326 - INFO - Scraping page 46...
2025-05-28 06:45:47,966 - INFO - Found 60 links on page 44
2025-05-28 06:45:47,966 - INFO - Scraping page 47...
2025-05-28 06:45:48,284 - INFO - Found 60 links on page 45
2025-05-28 06:45:48,285 - INFO - Scraping page 48...
2025-05-28 06:45:50,820 - INFO - Found 60 links on page 46
2025-05-28 06:45:50,820 - INFO - Scraping page 49...
2025-05-28 06:45:51,950 - INFO - Found 60 links on page 48
2025-05-28 06:45:51,960 - INFO - Scraping page 50...
2025-05-28 06:45:52,012 - INFO - Found 60 links on page 47
2025-05-28 06:45:52,012 - INFO - Scraping page 51...
2025-05-28 06:45:54,157 - INFO - Found 60 links on page 49
2025-05-28 06:45:54,157 - INFO - Scraping page 52...
2025-05-28 06:45:55,721 - INFO - Found 60 links on page 51
2025-05-28 06:45:55,721 - INFO - Scraping page 53...
2025-05-28 06:45:55,902 - INFO - Found 60 links on page 50
2025-05-28 06:45:55,902 - INFO - Scraping page 54...
2025-05-28 06:45:57,678 - INFO - Found 60 links on page 52
2025-05-28 06:45:57,678 - INFO - Scraping page 55...
2025-05-28 06:45:59,352 - INFO - Found 60 links on page 53
2025-05-28 06:45:59,352 - INFO - Scraping page 56...
2025-05-28 06:45:59,561 - INFO - Found 60 links on page 54
2025-05-28 06:45:59,561 - INFO - Scraping page 57...
2025-05-28 06:46:01,724 - INFO - Found 60 links on page 55
2025-05-28 06:46:01,724 - INFO - Scraping page 58...
2025-05-28 06:46:03,080 - INFO - Found 60 links on page 57
2025-05-28 06:46:03,080 - INFO - Scraping page 59...
2025-05-28 06:46:03,437 - INFO - Found 60 links on page 56
2025-05-28 06:46:03,437 - INFO - Scraping page 60...
2025-05-28 06:46:05,973 - INFO - Found 60 links on page 58
2025-05-28 06:46:05,973 - INFO - Scraping page 61...
2025-05-28 06:46:06,906 - INFO - Found 60 links on page 60
2025-05-28 06:46:06,907 - INFO - Scraping page 62...
2025-05-28 06:46:07,121 - INFO - Found 60 links on page 59
2025-05-28 06:46:07,121 - INFO - Scraping page 63...
2025-05-28 06:46:09,575 - INFO - Found 60 links on page 61
2025-05-28 06:46:09,575 - INFO - Scraping page 64...
2025-05-28 06:46:10,767 - INFO - Found 60 links on page 63
2025-05-28 06:46:10,767 - INFO - Scraping page 65...
2025-05-28 06:46:10,956 - INFO - Found 60 links on page 62
2025-05-28 06:46:10,956 - INFO - Scraping page 66...
2025-05-28 06:46:13,102 - INFO - Found 60 links on page 64
2025-05-28 06:46:13,102 - INFO - Scraping page 67...
2025-05-28 06:46:14,079 - INFO - Found 60 links on page 65
2025-05-28 06:46:14,079 - INFO - Scraping page 68...
2025-05-28 06:46:14,493 - INFO - Found 60 links on page 66
2025-05-28 06:46:14,493 - INFO - Scraping page 69...
2025-05-28 06:46:17,295 - INFO - Found 60 links on page 67
2025-05-28 06:46:17,296 - INFO - Scraping page 70...
2025-05-28 06:46:17,475 - INFO - Found 60 links on page 68
2025-05-28 06:46:17,476 - INFO - Scraping page 71...
2025-05-28 06:46:17,889 - INFO - Found 60 links on page 69
2025-05-28 06:46:17,889 - INFO - Scraping page 72...
2025-05-28 06:46:21,079 - INFO - Found 60 links on page 71
2025-05-28 06:46:21,090 - INFO - Scraping page 73...
2025-05-28 06:46:21,174 - INFO - Found 60 links on page 70
2025-05-28 06:46:21,174 - INFO - Scraping page 74...
2025-05-28 06:46:21,854 - INFO - Found 60 links on page 72
2025-05-28 06:46:21,854 - INFO - Scraping page 75...
2025-05-28 06:46:24,526 - INFO - Found 60 links on page 73
2025-05-28 06:46:24,526 - INFO - Scraping page 76...
2025-05-28 06:46:24,828 - INFO - Found 60 links on page 74
2025-05-28 06:46:24,828 - INFO - Scraping page 77...
2025-05-28 06:46:25,582 - INFO - Found 60 links on page 75
2025-05-28 06:46:25,582 - INFO - Scraping page 78...
2025-05-28 06:46:28,493 - INFO - Found 60 links on page 76
2025-05-28 06:46:28,498 - INFO - Scraping page 79...
2025-05-28 06:46:28,549 - INFO - Found 60 links on page 77
2025-05-28 06:46:28,549 - INFO - Scraping page 80...
2025-05-28 06:46:29,191 - INFO - Found 60 links on page 78
2025-05-28 06:46:29,191 - INFO - Scraping page 81...
2025-05-28 06:46:32,250 - INFO - Found 60 links on page 80
2025-05-28 06:46:32,251 - INFO - Scraping page 82...
2025-05-28 06:46:32,986 - INFO - Found 60 links on page 79
2025-05-28 06:46:32,986 - INFO - Scraping page 83...
2025-05-28 06:46:33,537 - INFO - Found 60 links on page 81
2025-05-28 06:46:33,537 - INFO - Scraping page 84...
2025-05-28 06:46:35,654 - INFO - Found 60 links on page 82
2025-05-28 06:46:35,654 - INFO - Scraping page 85...
2025-05-28 06:46:37,334 - INFO - Found 60 links on page 83
2025-05-28 06:46:37,339 - INFO - Scraping page 86...
2025-05-28 06:46:37,465 - INFO - Found 60 links on page 84
2025-05-28 06:46:37,465 - INFO - Scraping page 87...
2025-05-28 06:46:39,314 - INFO - Found 60 links on page 85
2025-05-28 06:46:39,314 - INFO - Scraping page 88...
2025-05-28 06:46:40,890 - INFO - Found 60 links on page 86
2025-05-28 06:46:40,891 - INFO - Scraping page 89...
2025-05-28 06:46:41,169 - INFO - Found 60 links on page 87
2025-05-28 06:46:41,169 - INFO - Scraping page 90...
2025-05-28 06:46:42,842 - INFO - Found 60 links on page 88
2025-05-28 06:46:44,035 - INFO - Found 11 links on page 90
2025-05-28 06:46:44,362 - INFO - Found 60 links on page 89
2025-05-28 06:46:44,366 - INFO - Found 272 new links to scrape out of 5351 total links
2025-05-28 06:46:44,366 - INFO - Processing batch 1/6 (50 links)
2025-05-28 06:46:50,263 - INFO - Progress: 10/50 ads processed
2025-05-28 06:46:55,282 - INFO - Progress: 20/50 ads processed
2025-05-28 06:47:00,316 - INFO - Progress: 30/50 ads processed
2025-05-28 06:47:05,406 - INFO - Progress: 40/50 ads processed
2025-05-28 06:47:10,076 - INFO - Progress: 50/50 ads processed
2025-05-28 06:47:10,104 - INFO - Created backup of existing data file at unegui_data/unegui_rental_data.csv.bak
2025-05-28 06:47:10,206 - INFO - Data saved to unegui_data/unegui_rental_data.csv: 8830 records
2025-05-28 06:47:10,492 - INFO - Cache saved with 9044 URLs
2025-05-28 06:47:10,492 - INFO - Saved batch data. Total records: 8830
2025-05-28 06:47:10,492 - INFO - Processing batch 2/6 (50 links)
2025-05-28 06:47:15,779 - INFO - Progress: 10/50 ads processed
2025-05-28 06:47:20,900 - INFO - Progress: 20/50 ads processed
2025-05-28 06:47:26,243 - INFO - Progress: 30/50 ads processed
2025-05-28 06:47:31,535 - INFO - Progress: 40/50 ads processed
2025-05-28 06:47:36,382 - INFO - Progress: 50/50 ads processed
2025-05-28 06:47:36,410 - INFO - Created backup of existing data file at unegui_data/unegui_rental_data.csv.bak
2025-05-28 06:47:36,514 - INFO - Data saved to unegui_data/unegui_rental_data.csv: 8879 records
2025-05-28 06:47:36,800 - INFO - Cache saved with 9094 URLs
2025-05-28 06:47:36,800 - INFO - Saved batch data. Total records: 8879
2025-05-28 06:47:36,800 - INFO - Processing batch 3/6 (50 links)
2025-05-28 06:47:42,106 - INFO - Progress: 10/50 ads processed
2025-05-28 06:47:47,807 - INFO - Progress: 20/50 ads processed
2025-05-28 06:47:52,592 - INFO - Progress: 30/50 ads processed
2025-05-28 06:47:57,577 - INFO - Progress: 40/50 ads processed
2025-05-28 06:48:02,869 - INFO - Progress: 50/50 ads processed
2025-05-28 06:48:02,898 - INFO - Created backup of existing data file at unegui_data/unegui_rental_data.csv.bak
2025-05-28 06:48:03,002 - INFO - Data saved to unegui_data/unegui_rental_data.csv: 8927 records
2025-05-28 06:48:03,298 - INFO - Cache saved with 9144 URLs
2025-05-28 06:48:03,298 - INFO - Saved batch data. Total records: 8927
2025-05-28 06:48:03,298 - INFO - Processing batch 4/6 (50 links)
2025-05-28 06:48:08,627 - INFO - Progress: 10/50 ads processed
2025-05-28 06:48:14,083 - INFO - Progress: 20/50 ads processed
2025-05-28 06:48:18,929 - INFO - Progress: 30/50 ads processed
2025-05-28 06:48:24,492 - INFO - Progress: 40/50 ads processed
2025-05-28 06:48:29,707 - INFO - Progress: 50/50 ads processed
2025-05-28 06:48:29,737 - INFO - Created backup of existing data file at unegui_data/unegui_rental_data.csv.bak
2025-05-28 06:48:29,844 - INFO - Data saved to unegui_data/unegui_rental_data.csv: 8976 records
2025-05-28 06:48:30,138 - INFO - Cache saved with 9194 URLs
2025-05-28 06:48:30,138 - INFO - Saved batch data. Total records: 8976
2025-05-28 06:48:30,138 - INFO - Processing batch 5/6 (50 links)
2025-05-28 06:48:35,799 - INFO - Progress: 10/50 ads processed
2025-05-28 06:48:41,058 - INFO - Progress: 20/50 ads processed
2025-05-28 06:48:46,049 - INFO - Progress: 30/50 ads processed
2025-05-28 06:48:50,815 - INFO - Progress: 40/50 ads processed
2025-05-28 06:48:55,901 - INFO - Progress: 50/50 ads processed
2025-05-28 06:48:55,930 - INFO - Created backup of existing data file at unegui_data/unegui_rental_data.csv.bak
2025-05-28 06:48:56,035 - INFO - Data saved to unegui_data/unegui_rental_data.csv: 9024 records
2025-05-28 06:48:56,330 - INFO - Cache saved with 9244 URLs
2025-05-28 06:48:56,331 - INFO - Saved batch data. Total records: 9024
2025-05-28 06:48:56,331 - INFO - Processing batch 6/6 (22 links)
2025-05-28 06:49:01,771 - INFO - Progress: 10/22 ads processed
2025-05-28 06:49:06,897 - INFO - Progress: 20/22 ads processed
2025-05-28 06:49:09,137 - INFO - Progress: 22/22 ads processed
2025-05-28 06:49:09,166 - INFO - Created backup of existing data file at unegui_data/unegui_rental_data.csv.bak
2025-05-28 06:49:09,272 - INFO - Data saved to unegui_data/unegui_rental_data.csv: 9046 records
2025-05-28 06:49:09,566 - INFO - Cache saved with 9266 URLs
2025-05-28 06:49:09,566 - INFO - Saved batch data. Total records: 9046
2025-05-28 06:49:09,566 - INFO - Scraping completed in 0:04:18.092551. Total ads collected: 9046
