2025-05-26 06:45:13,466 - INFO - Starting rental apartment scraper at 2025-05-26 06:45:13.466839
2025-05-26 06:45:13,543 - INFO - Loaded existing data from unegui_data/unegui_rental_data.csv: 8300 records
2025-05-26 06:45:13,635 - INFO - Loaded 8300 existing records
2025-05-26 06:45:13,636 - INFO - Scraping page 1...
2025-05-26 06:45:13,636 - INFO - Scraping page 2...
2025-05-26 06:45:13,637 - INFO - Scraping page 3...
2025-05-26 06:45:17,706 - INFO - Found 60 links on page 1
2025-05-26 06:45:17,712 - INFO - Scraping page 4...
2025-05-26 06:45:17,856 - INFO - Found 60 links on page 2
2025-05-26 06:45:17,856 - INFO - Scraping page 5...
2025-05-26 06:45:17,960 - INFO - Found 60 links on page 3
2025-05-26 06:45:17,960 - INFO - Scraping page 6...
2025-05-26 06:45:21,190 - INFO - Found 60 links on page 5
2025-05-26 06:45:21,190 - INFO - Scraping page 7...
2025-05-26 06:45:21,414 - INFO - Found 60 links on page 4
2025-05-26 06:45:21,415 - INFO - Scraping page 8...
2025-05-26 06:45:21,791 - INFO - Found 60 links on page 6
2025-05-26 06:45:21,791 - INFO - Scraping page 9...
2025-05-26 06:45:24,941 - INFO - Found 60 links on page 7
2025-05-26 06:45:24,942 - INFO - Scraping page 10...
2025-05-26 06:45:25,299 - INFO - Found 60 links on page 8
2025-05-26 06:45:25,300 - INFO - Scraping page 11...
2025-05-26 06:45:25,495 - INFO - Found 60 links on page 9
2025-05-26 06:45:25,495 - INFO - Scraping page 12...
2025-05-26 06:45:28,457 - INFO - Found 60 links on page 10
2025-05-26 06:45:28,457 - INFO - Scraping page 13...
2025-05-26 06:45:29,054 - INFO - Found 60 links on page 11
2025-05-26 06:45:29,064 - INFO - Scraping page 14...
2025-05-26 06:45:29,234 - INFO - Found 60 links on page 12
2025-05-26 06:45:29,234 - INFO - Scraping page 15...
2025-05-26 06:45:31,829 - INFO - Found 60 links on page 13
2025-05-26 06:45:31,829 - INFO - Scraping page 16...
2025-05-26 06:45:32,716 - INFO - Found 60 links on page 14
2025-05-26 06:45:32,717 - INFO - Scraping page 17...
2025-05-26 06:45:32,907 - INFO - Found 60 links on page 15
2025-05-26 06:45:32,907 - INFO - Scraping page 18...
2025-05-26 06:45:35,871 - INFO - Found 60 links on page 16
2025-05-26 06:45:35,872 - INFO - Scraping page 19...
2025-05-26 06:45:36,055 - INFO - Found 60 links on page 17
2025-05-26 06:45:36,055 - INFO - Scraping page 20...
2025-05-26 06:45:36,598 - INFO - Found 60 links on page 18
2025-05-26 06:45:36,599 - INFO - Scraping page 21...
2025-05-26 06:45:39,615 - INFO - Found 60 links on page 20
2025-05-26 06:45:39,615 - INFO - Scraping page 22...
2025-05-26 06:45:39,919 - INFO - Found 60 links on page 21
2025-05-26 06:45:39,924 - INFO - Scraping page 23...
2025-05-26 06:45:40,131 - INFO - Found 60 links on page 19
2025-05-26 06:45:40,132 - INFO - Scraping page 24...
2025-05-26 06:45:43,098 - INFO - Found 60 links on page 22
2025-05-26 06:45:43,098 - INFO - Scraping page 25...
2025-05-26 06:45:43,499 - INFO - Found 60 links on page 23
2025-05-26 06:45:43,499 - INFO - Scraping page 26...
2025-05-26 06:45:43,728 - INFO - Found 60 links on page 24
2025-05-26 06:45:43,729 - INFO - Scraping page 27...
2025-05-26 06:45:46,586 - INFO - Found 60 links on page 25
2025-05-26 06:45:46,586 - INFO - Scraping page 28...
2025-05-26 06:45:46,921 - INFO - Found 60 links on page 27
2025-05-26 06:45:46,922 - INFO - Scraping page 29...
2025-05-26 06:45:47,250 - INFO - Found 60 links on page 26
2025-05-26 06:45:47,250 - INFO - Scraping page 30...
2025-05-26 06:45:50,169 - INFO - Found 60 links on page 28
2025-05-26 06:45:50,169 - INFO - Scraping page 31...
2025-05-26 06:45:50,792 - INFO - Found 60 links on page 29
2025-05-26 06:45:50,793 - INFO - Scraping page 32...
2025-05-26 06:45:50,979 - INFO - Found 60 links on page 30
2025-05-26 06:45:50,979 - INFO - Scraping page 33...
2025-05-26 06:45:53,681 - INFO - Found 60 links on page 31
2025-05-26 06:45:53,681 - INFO - Scraping page 34...
2025-05-26 06:45:53,918 - INFO - Found 60 links on page 32
2025-05-26 06:45:53,919 - INFO - Scraping page 35...
2025-05-26 06:45:54,735 - INFO - Found 60 links on page 33
2025-05-26 06:45:54,735 - INFO - Scraping page 36...
2025-05-26 06:45:57,241 - INFO - Found 60 links on page 34
2025-05-26 06:45:57,241 - INFO - Scraping page 37...
2025-05-26 06:45:57,425 - INFO - Found 60 links on page 35
2025-05-26 06:45:57,425 - INFO - Scraping page 38...
2025-05-26 06:45:58,120 - INFO - Found 60 links on page 36
2025-05-26 06:45:58,120 - INFO - Scraping page 39...
2025-05-26 06:46:00,739 - INFO - Found 60 links on page 37
2025-05-26 06:46:00,740 - INFO - Scraping page 40...
2025-05-26 06:46:01,409 - INFO - Found 60 links on page 38
2025-05-26 06:46:01,410 - INFO - Scraping page 41...
2025-05-26 06:46:02,224 - INFO - Found 60 links on page 39
2025-05-26 06:46:02,224 - INFO - Scraping page 42...
2025-05-26 06:46:04,970 - INFO - Found 60 links on page 40
2025-05-26 06:46:04,970 - INFO - Scraping page 43...
2025-05-26 06:46:05,381 - INFO - Found 60 links on page 41
2025-05-26 06:46:05,381 - INFO - Scraping page 44...
2025-05-26 06:46:05,614 - INFO - Found 60 links on page 42
2025-05-26 06:46:05,614 - INFO - Scraping page 45...
2025-05-26 06:46:08,657 - INFO - Found 60 links on page 43
2025-05-26 06:46:08,657 - INFO - Scraping page 46...
2025-05-26 06:46:08,863 - INFO - Found 60 links on page 44
2025-05-26 06:46:08,863 - INFO - Scraping page 47...
2025-05-26 06:46:09,361 - INFO - Found 60 links on page 45
2025-05-26 06:46:09,361 - INFO - Scraping page 48...
2025-05-26 06:46:12,678 - INFO - Found 60 links on page 47
2025-05-26 06:46:12,678 - INFO - Scraping page 49...
2025-05-26 06:46:13,024 - INFO - Found 60 links on page 46
2025-05-26 06:46:13,034 - INFO - Scraping page 50...
2025-05-26 06:46:13,098 - INFO - Found 60 links on page 48
2025-05-26 06:46:13,098 - INFO - Scraping page 51...
2025-05-26 06:46:15,989 - INFO - Found 60 links on page 49
2025-05-26 06:46:15,990 - INFO - Scraping page 52...
2025-05-26 06:46:16,248 - INFO - Found 60 links on page 51
2025-05-26 06:46:16,248 - INFO - Scraping page 53...
2025-05-26 06:46:16,426 - INFO - Found 60 links on page 50
2025-05-26 06:46:16,426 - INFO - Scraping page 54...
2025-05-26 06:46:19,300 - INFO - Found 60 links on page 52
2025-05-26 06:46:19,300 - INFO - Scraping page 55...
2025-05-26 06:46:20,032 - INFO - Found 60 links on page 53
2025-05-26 06:46:20,032 - INFO - Scraping page 56...
2025-05-26 06:46:20,216 - INFO - Found 60 links on page 54
2025-05-26 06:46:20,216 - INFO - Scraping page 57...
2025-05-26 06:46:22,699 - INFO - Found 60 links on page 55
2025-05-26 06:46:22,700 - INFO - Scraping page 58...
2025-05-26 06:46:23,493 - INFO - Found 60 links on page 57
2025-05-26 06:46:23,493 - INFO - Scraping page 59...
2025-05-26 06:46:23,729 - INFO - Found 60 links on page 56
2025-05-26 06:46:23,730 - INFO - Scraping page 60...
2025-05-26 06:46:26,231 - INFO - Found 60 links on page 58
2025-05-26 06:46:26,231 - INFO - Scraping page 61...
2025-05-26 06:46:27,011 - INFO - Found 60 links on page 59
2025-05-26 06:46:27,011 - INFO - Scraping page 62...
2025-05-26 06:46:27,804 - INFO - Found 60 links on page 60
2025-05-26 06:46:27,804 - INFO - Scraping page 63...
2025-05-26 06:46:29,606 - INFO - Found 60 links on page 61
2025-05-26 06:46:29,606 - INFO - Scraping page 64...
2025-05-26 06:46:31,581 - INFO - Found 60 links on page 62
2025-05-26 06:46:31,581 - INFO - Scraping page 65...
2025-05-26 06:46:31,755 - INFO - Found 60 links on page 63
2025-05-26 06:46:31,755 - INFO - Scraping page 66...
2025-05-26 06:46:33,262 - INFO - Found 60 links on page 64
2025-05-26 06:46:33,263 - INFO - Scraping page 67...
2025-05-26 06:46:35,450 - INFO - Found 60 links on page 66
2025-05-26 06:46:35,450 - INFO - Scraping page 68...
2025-05-26 06:46:35,991 - INFO - Found 60 links on page 65
2025-05-26 06:46:35,991 - INFO - Scraping page 69...
2025-05-26 06:46:36,789 - INFO - Found 60 links on page 67
2025-05-26 06:46:36,789 - INFO - Scraping page 70...
2025-05-26 06:46:38,664 - INFO - Found 60 links on page 68
2025-05-26 06:46:38,664 - INFO - Scraping page 71...
2025-05-26 06:46:39,674 - INFO - Found 60 links on page 69
2025-05-26 06:46:39,674 - INFO - Scraping page 72...
2025-05-26 06:46:40,338 - INFO - Found 60 links on page 70
2025-05-26 06:46:40,338 - INFO - Scraping page 73...
2025-05-26 06:46:42,004 - INFO - Found 60 links on page 71
2025-05-26 06:46:42,005 - INFO - Scraping page 74...
2025-05-26 06:46:43,247 - INFO - Found 60 links on page 72
2025-05-26 06:46:43,247 - INFO - Scraping page 75...
2025-05-26 06:46:43,495 - INFO - Found 60 links on page 73
2025-05-26 06:46:43,495 - INFO - Scraping page 76...
2025-05-26 06:46:45,508 - INFO - Found 60 links on page 74
2025-05-26 06:46:45,508 - INFO - Scraping page 77...
2025-05-26 06:46:46,805 - INFO - Found 60 links on page 76
2025-05-26 06:46:46,805 - INFO - Scraping page 78...
2025-05-26 06:46:47,544 - INFO - Found 60 links on page 75
2025-05-26 06:46:47,544 - INFO - Scraping page 79...
2025-05-26 06:46:49,264 - INFO - Found 60 links on page 77
2025-05-26 06:46:49,264 - INFO - Scraping page 80...
2025-05-26 06:46:50,422 - INFO - Found 60 links on page 78
2025-05-26 06:46:50,422 - INFO - Scraping page 81...
2025-05-26 06:46:51,105 - INFO - Found 60 links on page 79
2025-05-26 06:46:51,105 - INFO - Scraping page 82...
2025-05-26 06:46:52,781 - INFO - Found 60 links on page 80
2025-05-26 06:46:52,781 - INFO - Scraping page 83...
2025-05-26 06:46:53,816 - INFO - Found 60 links on page 81
2025-05-26 06:46:53,816 - INFO - Scraping page 84...
2025-05-26 06:46:54,573 - INFO - Found 60 links on page 82
2025-05-26 06:46:54,575 - INFO - Scraping page 85...
2025-05-26 06:46:56,356 - INFO - Found 60 links on page 83
2025-05-26 06:46:56,357 - INFO - Scraping page 86...
2025-05-26 06:46:57,406 - INFO - Found 60 links on page 84
2025-05-26 06:46:57,407 - INFO - Scraping page 87...
2025-05-26 06:46:57,765 - INFO - Found 60 links on page 85
2025-05-26 06:46:57,765 - INFO - Scraping page 88...
2025-05-26 06:47:00,096 - INFO - Found 60 links on page 86
2025-05-26 06:47:00,096 - INFO - Scraping page 89...
2025-05-26 06:47:00,541 - INFO - Found 10 links on page 87
2025-05-26 06:47:00,541 - INFO - Scraping page 90...
2025-05-26 06:47:01,192 - INFO - Found 10 links on page 88
2025-05-26 06:47:03,306 - INFO - Found 10 links on page 89
2025-05-26 06:47:03,597 - INFO - Found 10 links on page 90
2025-05-26 06:47:03,602 - INFO - Found 220 new links to scrape out of 5200 total links
2025-05-26 06:47:03,602 - INFO - Processing batch 1/5 (50 links)
2025-05-26 06:47:09,489 - INFO - Progress: 10/50 ads processed
2025-05-26 06:47:14,323 - INFO - Progress: 20/50 ads processed
2025-05-26 06:47:19,197 - INFO - Progress: 30/50 ads processed
2025-05-26 06:47:23,860 - INFO - Progress: 40/50 ads processed
2025-05-26 06:47:29,723 - INFO - Progress: 50/50 ads processed
2025-05-26 06:47:29,750 - INFO - Created backup of existing data file at unegui_data/unegui_rental_data.csv.bak
2025-05-26 06:47:29,848 - INFO - Data saved to unegui_data/unegui_rental_data.csv: 8350 records
2025-05-26 06:47:30,119 - INFO - Cache saved with 8547 URLs
2025-05-26 06:47:30,120 - INFO - Saved batch data. Total records: 8350
2025-05-26 06:47:30,120 - INFO - Processing batch 2/5 (50 links)
2025-05-26 06:47:35,126 - INFO - Progress: 10/50 ads processed
2025-05-26 06:47:40,147 - INFO - Progress: 20/50 ads processed
2025-05-26 06:47:44,953 - INFO - Progress: 30/50 ads processed
2025-05-26 06:47:50,347 - INFO - Progress: 40/50 ads processed
2025-05-26 06:47:54,637 - INFO - Progress: 50/50 ads processed
2025-05-26 06:47:54,665 - INFO - Created backup of existing data file at unegui_data/unegui_rental_data.csv.bak
2025-05-26 06:47:54,765 - INFO - Data saved to unegui_data/unegui_rental_data.csv: 8400 records
2025-05-26 06:47:55,041 - INFO - Cache saved with 8597 URLs
2025-05-26 06:47:55,041 - INFO - Saved batch data. Total records: 8400
2025-05-26 06:47:55,041 - INFO - Processing batch 3/5 (50 links)
2025-05-26 06:48:00,171 - INFO - Progress: 10/50 ads processed
2025-05-26 06:48:05,262 - INFO - Progress: 20/50 ads processed
2025-05-26 06:48:11,034 - INFO - Progress: 30/50 ads processed
2025-05-26 06:48:15,824 - INFO - Progress: 40/50 ads processed
2025-05-26 06:48:21,151 - INFO - Progress: 50/50 ads processed
2025-05-26 06:48:21,177 - INFO - Created backup of existing data file at unegui_data/unegui_rental_data.csv.bak
2025-05-26 06:48:21,275 - INFO - Data saved to unegui_data/unegui_rental_data.csv: 8446 records
2025-05-26 06:48:21,552 - INFO - Cache saved with 8647 URLs
2025-05-26 06:48:21,552 - INFO - Saved batch data. Total records: 8446
2025-05-26 06:48:21,552 - INFO - Processing batch 4/5 (50 links)
2025-05-26 06:48:26,747 - INFO - Progress: 10/50 ads processed
2025-05-26 06:48:31,697 - INFO - Progress: 20/50 ads processed
2025-05-26 06:48:36,737 - INFO - Progress: 30/50 ads processed
2025-05-26 06:48:42,213 - INFO - Progress: 40/50 ads processed
2025-05-26 06:48:46,898 - INFO - Progress: 50/50 ads processed
2025-05-26 06:48:46,926 - INFO - Created backup of existing data file at unegui_data/unegui_rental_data.csv.bak
2025-05-26 06:48:47,024 - INFO - Data saved to unegui_data/unegui_rental_data.csv: 8495 records
2025-05-26 06:48:47,307 - INFO - Cache saved with 8697 URLs
2025-05-26 06:48:47,307 - INFO - Saved batch data. Total records: 8495
2025-05-26 06:48:47,308 - INFO - Processing batch 5/5 (20 links)
2025-05-26 06:48:52,523 - INFO - Progress: 10/20 ads processed
2025-05-26 06:48:57,322 - INFO - Progress: 20/20 ads processed
2025-05-26 06:48:57,350 - INFO - Created backup of existing data file at unegui_data/unegui_rental_data.csv.bak
2025-05-26 06:48:57,451 - INFO - Data saved to unegui_data/unegui_rental_data.csv: 8515 records
2025-05-26 06:48:57,731 - INFO - Cache saved with 8717 URLs
2025-05-26 06:48:57,731 - INFO - Saved batch data. Total records: 8515
2025-05-26 06:48:57,731 - INFO - Scraping completed in 0:03:44.264446. Total ads collected: 8515
