2025-06-13 06:46:04,446 - INFO - Starting rental apartment scraper at 2025-06-13 06:46:04.446304
2025-06-13 06:46:04,555 - INFO - Loaded existing data from unegui_data/unegui_rental_data.csv: 12488 records
2025-06-13 06:46:04,689 - INFO - Loaded 12488 existing records
2025-06-13 06:46:04,691 - INFO - Scraping page 1...
2025-06-13 06:46:04,692 - INFO - Scraping page 2...
2025-06-13 06:46:04,692 - INFO - Scraping page 3...
2025-06-13 06:46:08,221 - INFO - Found 60 links on page 3
2025-06-13 06:46:08,221 - INFO - Scraping page 4...
2025-06-13 06:46:09,039 - INFO - Found 60 links on page 1
2025-06-13 06:46:09,044 - INFO - Scraping page 5...
2025-06-13 06:46:09,074 - INFO - Found 60 links on page 2
2025-06-13 06:46:09,075 - INFO - Scraping page 6...
2025-06-13 06:46:11,866 - INFO - Found 60 links on page 4
2025-06-13 06:46:11,866 - INFO - Scraping page 7...
2025-06-13 06:46:12,619 - INFO - Found 60 links on page 5
2025-06-13 06:46:12,619 - INFO - Scraping page 8...
2025-06-13 06:46:13,030 - INFO - Found 60 links on page 6
2025-06-13 06:46:13,031 - INFO - Scraping page 9...
2025-06-13 06:46:15,677 - INFO - Found 60 links on page 7
2025-06-13 06:46:15,678 - INFO - Scraping page 10...
2025-06-13 06:46:16,074 - INFO - Found 60 links on page 8
2025-06-13 06:46:16,075 - INFO - Scraping page 11...
2025-06-13 06:46:16,806 - INFO - Found 60 links on page 9
2025-06-13 06:46:16,807 - INFO - Scraping page 12...
2025-06-13 06:46:19,205 - INFO - Found 60 links on page 10
2025-06-13 06:46:19,205 - INFO - Scraping page 13...
2025-06-13 06:46:19,479 - INFO - Found 60 links on page 11
2025-06-13 06:46:19,479 - INFO - Scraping page 14...
2025-06-13 06:46:20,355 - INFO - Found 60 links on page 12
2025-06-13 06:46:20,355 - INFO - Scraping page 15...
2025-06-13 06:46:22,965 - INFO - Found 60 links on page 13
2025-06-13 06:46:22,975 - INFO - Scraping page 16...
2025-06-13 06:46:23,075 - INFO - Found 60 links on page 14
2025-06-13 06:46:23,076 - INFO - Scraping page 17...
2025-06-13 06:46:23,830 - INFO - Found 60 links on page 15
2025-06-13 06:46:23,830 - INFO - Scraping page 18...
2025-06-13 06:46:26,473 - INFO - Found 60 links on page 16
2025-06-13 06:46:26,474 - INFO - Scraping page 19...
2025-06-13 06:46:27,167 - INFO - Found 60 links on page 17
2025-06-13 06:46:27,168 - INFO - Scraping page 20...
2025-06-13 06:46:27,448 - INFO - Found 60 links on page 18
2025-06-13 06:46:27,448 - INFO - Scraping page 21...
2025-06-13 06:46:30,010 - INFO - Found 60 links on page 19
2025-06-13 06:46:30,010 - INFO - Scraping page 22...
2025-06-13 06:46:30,560 - INFO - Found 60 links on page 20
2025-06-13 06:46:30,560 - INFO - Scraping page 23...
2025-06-13 06:46:31,064 - INFO - Found 60 links on page 21
2025-06-13 06:46:31,064 - INFO - Scraping page 24...
2025-06-13 06:46:33,677 - INFO - Found 60 links on page 22
2025-06-13 06:46:33,677 - INFO - Scraping page 25...
2025-06-13 06:46:34,120 - INFO - Found 60 links on page 23
2025-06-13 06:46:34,120 - INFO - Scraping page 26...
2025-06-13 06:46:34,518 - INFO - Found 60 links on page 24
2025-06-13 06:46:34,519 - INFO - Scraping page 27...
2025-06-13 06:46:37,637 - INFO - Found 60 links on page 25
2025-06-13 06:46:37,637 - INFO - Scraping page 28...
2025-06-13 06:46:37,946 - INFO - Found 60 links on page 26
2025-06-13 06:46:37,947 - INFO - Scraping page 29...
2025-06-13 06:46:38,162 - INFO - Found 60 links on page 27
2025-06-13 06:46:38,162 - INFO - Scraping page 30...
2025-06-13 06:46:41,730 - INFO - Found 60 links on page 29
2025-06-13 06:46:41,730 - INFO - Scraping page 31...
2025-06-13 06:46:41,916 - INFO - Found 60 links on page 28
2025-06-13 06:46:41,916 - INFO - Scraping page 32...
2025-06-13 06:46:42,568 - INFO - Found 60 links on page 30
2025-06-13 06:46:42,569 - INFO - Scraping page 33...
2025-06-13 06:46:45,849 - INFO - Found 60 links on page 32
2025-06-13 06:46:45,849 - INFO - Scraping page 34...
2025-06-13 06:46:46,220 - INFO - Found 60 links on page 33
2025-06-13 06:46:46,231 - INFO - Scraping page 35...
2025-06-13 06:46:46,280 - INFO - Found 60 links on page 31
2025-06-13 06:46:46,280 - INFO - Scraping page 36...
2025-06-13 06:46:49,563 - INFO - Found 60 links on page 34
2025-06-13 06:46:49,568 - INFO - Scraping page 37...
2025-06-13 06:46:49,771 - INFO - Found 60 links on page 35
2025-06-13 06:46:49,781 - INFO - Scraping page 38...
2025-06-13 06:46:49,929 - INFO - Found 60 links on page 36
2025-06-13 06:46:49,929 - INFO - Scraping page 39...
2025-06-13 06:46:53,205 - INFO - Found 60 links on page 37
2025-06-13 06:46:53,211 - INFO - Scraping page 40...
2025-06-13 06:46:53,324 - INFO - Found 60 links on page 39
2025-06-13 06:46:53,324 - INFO - Scraping page 41...
2025-06-13 06:46:53,926 - INFO - Found 60 links on page 38
2025-06-13 06:46:53,926 - INFO - Scraping page 42...
2025-06-13 06:46:56,740 - INFO - Found 60 links on page 40
2025-06-13 06:46:56,740 - INFO - Scraping page 43...
2025-06-13 06:46:56,904 - INFO - Found 60 links on page 41
2025-06-13 06:46:56,904 - INFO - Scraping page 44...
2025-06-13 06:46:57,916 - INFO - Found 60 links on page 42
2025-06-13 06:46:57,916 - INFO - Scraping page 45...
2025-06-13 06:47:00,234 - INFO - Found 60 links on page 44
2025-06-13 06:47:00,234 - INFO - Scraping page 46...
2025-06-13 06:47:00,485 - INFO - Found 60 links on page 43
2025-06-13 06:47:00,485 - INFO - Scraping page 47...
2025-06-13 06:47:01,212 - INFO - Found 60 links on page 45
2025-06-13 06:47:01,213 - INFO - Scraping page 48...
2025-06-13 06:47:03,801 - INFO - Found 60 links on page 46
2025-06-13 06:47:03,801 - INFO - Scraping page 49...
2025-06-13 06:47:04,244 - INFO - Found 60 links on page 47
2025-06-13 06:47:04,244 - INFO - Scraping page 50...
2025-06-13 06:47:04,545 - INFO - Found 60 links on page 48
2025-06-13 06:47:04,545 - INFO - Scraping page 51...
2025-06-13 06:47:07,180 - INFO - Found 60 links on page 49
2025-06-13 06:47:07,181 - INFO - Scraping page 52...
2025-06-13 06:47:07,864 - INFO - Found 60 links on page 50
2025-06-13 06:47:07,875 - INFO - Scraping page 53...
2025-06-13 06:47:07,987 - INFO - Found 60 links on page 51
2025-06-13 06:47:07,988 - INFO - Scraping page 54...
2025-06-13 06:47:10,594 - INFO - Found 60 links on page 52
2025-06-13 06:47:10,594 - INFO - Scraping page 55...
2025-06-13 06:47:11,882 - INFO - Found 60 links on page 53
2025-06-13 06:47:11,887 - INFO - Scraping page 56...
2025-06-13 06:47:11,963 - INFO - Found 60 links on page 54
2025-06-13 06:47:11,963 - INFO - Scraping page 57...
2025-06-13 06:47:14,466 - INFO - Found 60 links on page 55
2025-06-13 06:47:14,466 - INFO - Scraping page 58...
2025-06-13 06:47:15,269 - INFO - Found 60 links on page 56
2025-06-13 06:47:15,269 - INFO - Scraping page 59...
2025-06-13 06:47:15,868 - INFO - Found 60 links on page 57
2025-06-13 06:47:15,868 - INFO - Scraping page 60...
2025-06-13 06:47:18,133 - INFO - Found 60 links on page 58
2025-06-13 06:47:18,133 - INFO - Scraping page 61...
2025-06-13 06:47:18,860 - INFO - Found 60 links on page 59
2025-06-13 06:47:18,860 - INFO - Scraping page 62...
2025-06-13 06:47:19,994 - INFO - Found 60 links on page 60
2025-06-13 06:47:19,994 - INFO - Scraping page 63...
2025-06-13 06:47:21,654 - INFO - Found 60 links on page 61
2025-06-13 06:47:21,654 - INFO - Scraping page 64...
2025-06-13 06:47:22,960 - INFO - Found 60 links on page 62
2025-06-13 06:47:22,960 - INFO - Scraping page 65...
2025-06-13 06:47:23,580 - INFO - Found 60 links on page 63
2025-06-13 06:47:23,581 - INFO - Scraping page 66...
2025-06-13 06:47:25,214 - INFO - Found 60 links on page 64
2025-06-13 06:47:25,214 - INFO - Scraping page 67...
2025-06-13 06:47:26,441 - INFO - Found 60 links on page 65
2025-06-13 06:47:26,442 - INFO - Scraping page 68...
2025-06-13 06:47:26,972 - INFO - Found 60 links on page 66
2025-06-13 06:47:26,973 - INFO - Scraping page 69...
2025-06-13 06:47:28,588 - INFO - Found 60 links on page 67
2025-06-13 06:47:28,588 - INFO - Scraping page 70...
2025-06-13 06:47:29,813 - INFO - Found 60 links on page 68
2025-06-13 06:47:29,813 - INFO - Scraping page 71...
2025-06-13 06:47:30,448 - INFO - Found 60 links on page 69
2025-06-13 06:47:30,448 - INFO - Scraping page 72...
2025-06-13 06:47:32,131 - INFO - Found 60 links on page 70
2025-06-13 06:47:32,131 - INFO - Scraping page 73...
2025-06-13 06:47:33,481 - INFO - Found 60 links on page 71
2025-06-13 06:47:33,481 - INFO - Scraping page 74...
2025-06-13 06:47:34,304 - INFO - Found 60 links on page 72
2025-06-13 06:47:34,304 - INFO - Scraping page 75...
2025-06-13 06:47:35,574 - INFO - Found 60 links on page 73
2025-06-13 06:47:35,575 - INFO - Scraping page 76...
2025-06-13 06:47:37,091 - INFO - Found 60 links on page 74
2025-06-13 06:47:37,092 - INFO - Scraping page 77...
2025-06-13 06:47:38,434 - INFO - Found 60 links on page 75
2025-06-13 06:47:38,434 - INFO - Scraping page 78...
2025-06-13 06:47:38,920 - INFO - Found 60 links on page 76
2025-06-13 06:47:38,920 - INFO - Scraping page 79...
2025-06-13 06:47:40,578 - INFO - Found 60 links on page 77
2025-06-13 06:47:40,578 - INFO - Scraping page 80...
2025-06-13 06:47:42,226 - INFO - Found 60 links on page 78
2025-06-13 06:47:42,231 - INFO - Scraping page 81...
2025-06-13 06:47:42,378 - INFO - Found 60 links on page 79
2025-06-13 06:47:42,378 - INFO - Scraping page 82...
2025-06-13 06:47:44,224 - INFO - Found 60 links on page 80
2025-06-13 06:47:44,224 - INFO - Scraping page 83...
2025-06-13 06:47:45,540 - INFO - Found 60 links on page 81
2025-06-13 06:47:45,540 - INFO - Scraping page 84...
2025-06-13 06:47:45,787 - INFO - Found 60 links on page 82
2025-06-13 06:47:45,788 - INFO - Scraping page 85...
2025-06-13 06:47:47,875 - INFO - Found 60 links on page 83
2025-06-13 06:47:47,875 - INFO - Scraping page 86...
2025-06-13 06:47:49,552 - INFO - Found 60 links on page 84
2025-06-13 06:47:49,553 - INFO - Scraping page 87...
2025-06-13 06:47:49,930 - INFO - Found 60 links on page 85
2025-06-13 06:47:49,931 - INFO - Scraping page 88...
2025-06-13 06:47:51,367 - INFO - Found 60 links on page 86
2025-06-13 06:47:51,368 - INFO - Scraping page 89...
2025-06-13 06:47:53,588 - INFO - Found 60 links on page 88
2025-06-13 06:47:53,588 - INFO - Scraping page 90...
2025-06-13 06:47:53,848 - INFO - Found 60 links on page 87
2025-06-13 06:47:55,011 - INFO - Found 60 links on page 89
2025-06-13 06:47:57,679 - INFO - Found 60 links on page 90
2025-06-13 06:47:57,683 - INFO - Found 257 new links to scrape out of 5400 total links
2025-06-13 06:47:57,683 - INFO - Processing batch 1/6 (50 links)
2025-06-13 06:48:03,147 - INFO - Progress: 10/50 ads processed
2025-06-13 06:48:08,097 - INFO - Progress: 20/50 ads processed
2025-06-13 06:48:13,304 - INFO - Progress: 30/50 ads processed
2025-06-13 06:48:18,742 - INFO - Progress: 40/50 ads processed
2025-06-13 06:48:23,572 - INFO - Progress: 50/50 ads processed
2025-06-13 06:48:23,613 - INFO - Created backup of existing data file at unegui_data/unegui_rental_data.csv.bak
2025-06-13 06:48:23,762 - INFO - Data saved to unegui_data/unegui_rental_data.csv: 12537 records
2025-06-13 06:48:24,169 - INFO - Cache saved with 12861 URLs
2025-06-13 06:48:24,170 - INFO - Saved batch data. Total records: 12537
2025-06-13 06:48:24,170 - INFO - Processing batch 2/6 (50 links)
2025-06-13 06:48:29,639 - INFO - Progress: 10/50 ads processed
2025-06-13 06:48:34,405 - INFO - Progress: 20/50 ads processed
2025-06-13 06:48:39,604 - INFO - Progress: 30/50 ads processed
2025-06-13 06:48:44,921 - INFO - Progress: 40/50 ads processed
2025-06-13 06:48:49,508 - INFO - Progress: 50/50 ads processed
2025-06-13 06:48:49,548 - INFO - Created backup of existing data file at unegui_data/unegui_rental_data.csv.bak
2025-06-13 06:48:49,698 - INFO - Data saved to unegui_data/unegui_rental_data.csv: 12587 records
2025-06-13 06:48:50,107 - INFO - Cache saved with 12911 URLs
2025-06-13 06:48:50,107 - INFO - Saved batch data. Total records: 12587
2025-06-13 06:48:50,107 - INFO - Processing batch 3/6 (50 links)
2025-06-13 06:48:55,736 - INFO - Progress: 10/50 ads processed
2025-06-13 06:49:00,507 - INFO - Progress: 20/50 ads processed
2025-06-13 06:49:05,876 - INFO - Progress: 30/50 ads processed
2025-06-13 06:49:11,181 - INFO - Progress: 40/50 ads processed
2025-06-13 06:49:15,775 - INFO - Progress: 50/50 ads processed
2025-06-13 06:49:15,814 - INFO - Created backup of existing data file at unegui_data/unegui_rental_data.csv.bak
2025-06-13 06:49:15,964 - INFO - Data saved to unegui_data/unegui_rental_data.csv: 12637 records
2025-06-13 06:49:16,372 - INFO - Cache saved with 12961 URLs
2025-06-13 06:49:16,372 - INFO - Saved batch data. Total records: 12637
2025-06-13 06:49:16,372 - INFO - Processing batch 4/6 (50 links)
2025-06-13 06:49:21,352 - INFO - Progress: 10/50 ads processed
2025-06-13 06:49:26,461 - INFO - Progress: 20/50 ads processed
2025-06-13 06:49:31,707 - INFO - Progress: 30/50 ads processed
2025-06-13 06:49:36,805 - INFO - Progress: 40/50 ads processed
2025-06-13 06:49:41,623 - INFO - Progress: 50/50 ads processed
2025-06-13 06:49:41,662 - INFO - Created backup of existing data file at unegui_data/unegui_rental_data.csv.bak
2025-06-13 06:49:41,811 - INFO - Data saved to unegui_data/unegui_rental_data.csv: 12686 records
2025-06-13 06:49:42,222 - INFO - Cache saved with 13011 URLs
2025-06-13 06:49:42,222 - INFO - Saved batch data. Total records: 12686
2025-06-13 06:49:42,222 - INFO - Processing batch 5/6 (50 links)
2025-06-13 06:49:47,558 - INFO - Progress: 10/50 ads processed
2025-06-13 06:49:52,922 - INFO - Progress: 20/50 ads processed
2025-06-13 06:49:58,843 - INFO - Progress: 30/50 ads processed
2025-06-13 06:50:03,792 - INFO - Progress: 40/50 ads processed
2025-06-13 06:50:08,471 - INFO - Progress: 50/50 ads processed
2025-06-13 06:50:08,513 - INFO - Created backup of existing data file at unegui_data/unegui_rental_data.csv.bak
2025-06-13 06:50:08,668 - INFO - Data saved to unegui_data/unegui_rental_data.csv: 12736 records
2025-06-13 06:50:09,093 - INFO - Cache saved with 13061 URLs
2025-06-13 06:50:09,093 - INFO - Saved batch data. Total records: 12736
2025-06-13 06:50:09,093 - INFO - Processing batch 6/6 (7 links)
2025-06-13 06:50:14,609 - INFO - Progress: 7/7 ads processed
2025-06-13 06:50:14,649 - INFO - Created backup of existing data file at unegui_data/unegui_rental_data.csv.bak
2025-06-13 06:50:14,799 - INFO - Data saved to unegui_data/unegui_rental_data.csv: 12743 records
2025-06-13 06:50:15,217 - INFO - Cache saved with 13068 URLs
2025-06-13 06:50:15,217 - INFO - Saved batch data. Total records: 12743
2025-06-13 06:50:15,217 - INFO - Scraping completed in 0:04:10.771046. Total ads collected: 12743
