2025-05-13 06:45:34,952 - INFO - Starting rental apartment scraper at 2025-05-13 06:45:34.952624
2025-05-13 06:45:35,000 - INFO - Loaded existing data from unegui_data/unegui_rental_data.csv: 5245 records
2025-05-13 06:45:35,055 - INFO - Loaded 5245 existing records
2025-05-13 06:45:35,056 - INFO - Scraping page 1...
2025-05-13 06:45:35,056 - INFO - Scraping page 2...
2025-05-13 06:45:35,056 - INFO - Scraping page 3...
2025-05-13 06:45:39,919 - INFO - Found 60 links on page 3
2025-05-13 06:45:39,940 - INFO - Scraping page 4...
2025-05-13 06:45:40,236 - INFO - Found 60 links on page 2
2025-05-13 06:45:40,241 - INFO - Scraping page 5...
2025-05-13 06:45:40,291 - INFO - Found 60 links on page 1
2025-05-13 06:45:40,292 - INFO - Scraping page 6...
2025-05-13 06:45:43,533 - INFO - Found 60 links on page 4
2025-05-13 06:45:43,534 - INFO - Scraping page 7...
2025-05-13 06:45:44,091 - INFO - Found 60 links on page 5
2025-05-13 06:45:44,091 - INFO - Scraping page 8...
2025-05-13 06:45:44,845 - INFO - Found 60 links on page 6
2025-05-13 06:45:44,845 - INFO - Scraping page 9...
2025-05-13 06:45:47,439 - INFO - Found 60 links on page 7
2025-05-13 06:45:47,439 - INFO - Scraping page 10...
2025-05-13 06:45:48,014 - INFO - Found 60 links on page 8
2025-05-13 06:45:48,014 - INFO - Scraping page 11...
2025-05-13 06:45:48,731 - INFO - Found 60 links on page 9
2025-05-13 06:45:48,731 - INFO - Scraping page 12...
2025-05-13 06:45:51,422 - INFO - Found 60 links on page 10
2025-05-13 06:45:51,423 - INFO - Scraping page 13...
2025-05-13 06:45:51,825 - INFO - Found 60 links on page 11
2025-05-13 06:45:51,826 - INFO - Scraping page 14...
2025-05-13 06:45:52,660 - INFO - Found 60 links on page 12
2025-05-13 06:45:52,660 - INFO - Scraping page 15...
2025-05-13 06:45:55,199 - INFO - Found 60 links on page 13
2025-05-13 06:45:55,199 - INFO - Scraping page 16...
2025-05-13 06:45:56,175 - INFO - Found 60 links on page 14
2025-05-13 06:45:56,175 - INFO - Scraping page 17...
2025-05-13 06:45:56,471 - INFO - Found 60 links on page 15
2025-05-13 06:45:56,471 - INFO - Scraping page 18...
2025-05-13 06:45:58,934 - INFO - Found 60 links on page 16
2025-05-13 06:45:58,934 - INFO - Scraping page 19...
2025-05-13 06:46:00,115 - INFO - Found 60 links on page 17
2025-05-13 06:46:00,125 - INFO - Scraping page 20...
2025-05-13 06:46:00,239 - INFO - Found 60 links on page 18
2025-05-13 06:46:00,239 - INFO - Scraping page 21...
2025-05-13 06:46:03,401 - INFO - Found 60 links on page 19
2025-05-13 06:46:03,401 - INFO - Scraping page 22...
2025-05-13 06:46:03,899 - INFO - Found 60 links on page 20
2025-05-13 06:46:03,899 - INFO - Scraping page 23...
2025-05-13 06:46:04,079 - INFO - Found 60 links on page 21
2025-05-13 06:46:04,079 - INFO - Scraping page 24...
2025-05-13 06:46:07,096 - INFO - Found 60 links on page 22
2025-05-13 06:46:07,096 - INFO - Scraping page 25...
2025-05-13 06:46:07,466 - INFO - Found 60 links on page 23
2025-05-13 06:46:07,466 - INFO - Scraping page 26...
2025-05-13 06:46:07,857 - INFO - Found 60 links on page 24
2025-05-13 06:46:07,857 - INFO - Scraping page 27...
2025-05-13 06:46:10,575 - INFO - Found 60 links on page 25
2025-05-13 06:46:10,575 - INFO - Scraping page 28...
2025-05-13 06:46:10,990 - INFO - Found 60 links on page 26
2025-05-13 06:46:10,990 - INFO - Scraping page 29...
2025-05-13 06:46:11,651 - INFO - Found 60 links on page 27
2025-05-13 06:46:11,651 - INFO - Scraping page 30...
2025-05-13 06:46:14,468 - INFO - Found 60 links on page 28
2025-05-13 06:46:14,468 - INFO - Scraping page 31...
2025-05-13 06:46:14,856 - INFO - Found 60 links on page 29
2025-05-13 06:46:14,856 - INFO - Scraping page 32...
2025-05-13 06:46:15,192 - INFO - Found 60 links on page 30
2025-05-13 06:46:15,192 - INFO - Scraping page 33...
2025-05-13 06:46:18,098 - INFO - Found 60 links on page 31
2025-05-13 06:46:18,099 - INFO - Scraping page 34...
2025-05-13 06:46:18,790 - INFO - Found 60 links on page 32
2025-05-13 06:46:18,796 - INFO - Scraping page 35...
2025-05-13 06:46:18,931 - INFO - Found 60 links on page 33
2025-05-13 06:46:18,931 - INFO - Scraping page 36...
2025-05-13 06:46:22,182 - INFO - Found 60 links on page 34
2025-05-13 06:46:22,182 - INFO - Scraping page 37...
2025-05-13 06:46:22,531 - INFO - Found 60 links on page 35
2025-05-13 06:46:22,537 - INFO - Scraping page 38...
2025-05-13 06:46:22,705 - INFO - Found 60 links on page 36
2025-05-13 06:46:22,705 - INFO - Scraping page 39...
2025-05-13 06:46:25,706 - INFO - Found 60 links on page 37
2025-05-13 06:46:25,707 - INFO - Scraping page 40...
2025-05-13 06:46:26,254 - INFO - Found 60 links on page 38
2025-05-13 06:46:26,254 - INFO - Scraping page 41...
2025-05-13 06:46:27,420 - INFO - Found 60 links on page 39
2025-05-13 06:46:27,420 - INFO - Scraping page 42...
2025-05-13 06:46:29,400 - INFO - Found 60 links on page 40
2025-05-13 06:46:29,401 - INFO - Scraping page 43...
2025-05-13 06:46:30,010 - INFO - Found 60 links on page 41
2025-05-13 06:46:30,011 - INFO - Scraping page 44...
2025-05-13 06:46:30,918 - INFO - Found 60 links on page 42
2025-05-13 06:46:30,919 - INFO - Scraping page 45...
2025-05-13 06:46:32,643 - INFO - Found 60 links on page 43
2025-05-13 06:46:32,643 - INFO - Scraping page 46...
2025-05-13 06:46:33,795 - INFO - Found 60 links on page 44
2025-05-13 06:46:33,796 - INFO - Scraping page 47...
2025-05-13 06:46:34,381 - INFO - Found 60 links on page 45
2025-05-13 06:46:34,382 - INFO - Scraping page 48...
2025-05-13 06:46:36,633 - INFO - Found 60 links on page 46
2025-05-13 06:46:36,633 - INFO - Scraping page 49...
2025-05-13 06:46:37,447 - INFO - Found 60 links on page 47
2025-05-13 06:46:37,447 - INFO - Scraping page 50...
2025-05-13 06:46:38,584 - INFO - Found 60 links on page 48
2025-05-13 06:46:38,584 - INFO - Scraping page 51...
2025-05-13 06:46:40,707 - INFO - Found 60 links on page 49
2025-05-13 06:46:40,708 - INFO - Scraping page 52...
2025-05-13 06:46:40,884 - INFO - Found 60 links on page 50
2025-05-13 06:46:40,884 - INFO - Scraping page 53...
2025-05-13 06:46:41,997 - INFO - Found 60 links on page 51
2025-05-13 06:46:41,997 - INFO - Scraping page 54...
2025-05-13 06:46:44,471 - INFO - Found 60 links on page 52
2025-05-13 06:46:44,481 - INFO - Scraping page 55...
2025-05-13 06:46:44,537 - INFO - Found 60 links on page 53
2025-05-13 06:46:44,537 - INFO - Scraping page 56...
2025-05-13 06:46:45,979 - INFO - Found 60 links on page 54
2025-05-13 06:46:45,979 - INFO - Scraping page 57...
2025-05-13 06:46:48,058 - INFO - Found 60 links on page 55
2025-05-13 06:46:48,058 - INFO - Scraping page 58...
2025-05-13 06:46:48,629 - INFO - Found 60 links on page 56
2025-05-13 06:46:48,629 - INFO - Scraping page 59...
2025-05-13 06:46:49,658 - INFO - Found 60 links on page 57
2025-05-13 06:46:49,658 - INFO - Scraping page 60...
2025-05-13 06:46:52,330 - INFO - Found 60 links on page 59
2025-05-13 06:46:52,330 - INFO - Scraping page 61...
2025-05-13 06:46:53,332 - INFO - Found 60 links on page 58
2025-05-13 06:46:53,332 - INFO - Scraping page 62...
2025-05-13 06:46:53,553 - INFO - Found 60 links on page 60
2025-05-13 06:46:53,554 - INFO - Scraping page 63...
2025-05-13 06:46:56,392 - INFO - Found 60 links on page 61
2025-05-13 06:46:56,392 - INFO - Scraping page 64...
2025-05-13 06:46:57,164 - INFO - Found 60 links on page 62
2025-05-13 06:46:57,169 - INFO - Scraping page 65...
2025-05-13 06:46:57,276 - INFO - Found 60 links on page 63
2025-05-13 06:46:57,276 - INFO - Scraping page 66...
2025-05-13 06:47:00,628 - INFO - Found 60 links on page 65
2025-05-13 06:47:00,628 - INFO - Scraping page 67...
2025-05-13 06:47:00,964 - INFO - Found 60 links on page 64
2025-05-13 06:47:00,965 - INFO - Scraping page 68...
2025-05-13 06:47:01,128 - INFO - Found 60 links on page 66
2025-05-13 06:47:01,129 - INFO - Scraping page 69...
2025-05-13 06:47:04,742 - INFO - Found 60 links on page 68
2025-05-13 06:47:04,747 - INFO - Scraping page 70...
2025-05-13 06:47:04,951 - INFO - Found 60 links on page 69
2025-05-13 06:47:04,951 - INFO - Scraping page 71...
2025-05-13 06:47:05,239 - INFO - Found 60 links on page 67
2025-05-13 06:47:05,239 - INFO - Scraping page 72...
2025-05-13 06:47:08,167 - INFO - Found 60 links on page 70
2025-05-13 06:47:08,167 - INFO - Scraping page 73...
2025-05-13 06:47:08,455 - INFO - Found 60 links on page 71
2025-05-13 06:47:08,455 - INFO - Scraping page 74...
2025-05-13 06:47:08,639 - INFO - Found 60 links on page 72
2025-05-13 06:47:08,639 - INFO - Scraping page 75...
2025-05-13 06:47:11,632 - INFO - Found 60 links on page 73
2025-05-13 06:47:11,632 - INFO - Scraping page 76...
2025-05-13 06:47:11,941 - INFO - Found 60 links on page 74
2025-05-13 06:47:11,942 - INFO - Scraping page 77...
2025-05-13 06:47:12,782 - INFO - Found 60 links on page 75
2025-05-13 06:47:12,782 - INFO - Scraping page 78...
2025-05-13 06:47:15,591 - INFO - Found 60 links on page 77
2025-05-13 06:47:15,592 - INFO - Scraping page 79...
2025-05-13 06:47:15,826 - INFO - Found 60 links on page 76
2025-05-13 06:47:15,826 - INFO - Scraping page 80...
2025-05-13 06:47:16,100 - INFO - Found 60 links on page 78
2025-05-13 06:47:16,100 - INFO - Scraping page 81...
2025-05-13 06:47:19,136 - INFO - Found 60 links on page 79
2025-05-13 06:47:19,136 - INFO - Scraping page 82...
2025-05-13 06:47:19,363 - INFO - Found 60 links on page 80
2025-05-13 06:47:19,363 - INFO - Scraping page 83...
2025-05-13 06:47:19,930 - INFO - Found 60 links on page 81
2025-05-13 06:47:19,930 - INFO - Scraping page 84...
2025-05-13 06:47:22,966 - INFO - Found 60 links on page 82
2025-05-13 06:47:22,971 - INFO - Scraping page 85...
2025-05-13 06:47:23,102 - INFO - Found 60 links on page 83
2025-05-13 06:47:23,102 - INFO - Scraping page 86...
2025-05-13 06:47:23,788 - INFO - Found 60 links on page 84
2025-05-13 06:47:23,788 - INFO - Scraping page 87...
2025-05-13 06:47:26,550 - INFO - Found 60 links on page 85
2025-05-13 06:47:26,550 - INFO - Scraping page 88...
2025-05-13 06:47:26,736 - INFO - Found 60 links on page 86
2025-05-13 06:47:26,736 - INFO - Scraping page 89...
2025-05-13 06:47:27,300 - INFO - Found 50 links on page 87
2025-05-13 06:47:27,300 - INFO - Scraping page 90...
2025-05-13 06:47:30,295 - INFO - Found 50 links on page 88
2025-05-13 06:47:30,976 - INFO - Found 50 links on page 90
2025-05-13 06:47:31,224 - INFO - Found 50 links on page 89
2025-05-13 06:47:31,228 - INFO - Found 333 new links to scrape out of 5360 total links
2025-05-13 06:47:31,228 - INFO - Processing batch 1/7 (50 links)
2025-05-13 06:47:36,510 - INFO - Progress: 10/50 ads processed
2025-05-13 06:47:41,425 - INFO - Progress: 20/50 ads processed
2025-05-13 06:47:46,631 - INFO - Progress: 30/50 ads processed
2025-05-13 06:47:51,729 - INFO - Progress: 40/50 ads processed
2025-05-13 06:47:57,267 - INFO - Progress: 50/50 ads processed
2025-05-13 06:47:57,286 - INFO - Created backup of existing data file at unegui_data/unegui_rental_data.csv.bak
2025-05-13 06:47:57,347 - INFO - Data saved to unegui_data/unegui_rental_data.csv: 5294 records
2025-05-13 06:47:57,518 - INFO - Cache saved with 5418 URLs
2025-05-13 06:47:57,518 - INFO - Saved batch data. Total records: 5294
2025-05-13 06:47:57,518 - INFO - Processing batch 2/7 (50 links)
2025-05-13 06:48:02,604 - INFO - Progress: 10/50 ads processed
2025-05-13 06:48:08,273 - INFO - Progress: 20/50 ads processed
2025-05-13 06:48:13,381 - INFO - Progress: 30/50 ads processed
2025-05-13 06:48:18,340 - INFO - Progress: 40/50 ads processed
2025-05-13 06:48:23,345 - INFO - Progress: 50/50 ads processed
2025-05-13 06:48:23,364 - INFO - Created backup of existing data file at unegui_data/unegui_rental_data.csv.bak
2025-05-13 06:48:23,425 - INFO - Data saved to unegui_data/unegui_rental_data.csv: 5342 records
2025-05-13 06:48:23,596 - INFO - Cache saved with 5468 URLs
2025-05-13 06:48:23,596 - INFO - Saved batch data. Total records: 5342
2025-05-13 06:48:23,596 - INFO - Processing batch 3/7 (50 links)
2025-05-13 06:48:29,026 - INFO - Progress: 10/50 ads processed
2025-05-13 06:48:34,315 - INFO - Progress: 20/50 ads processed
2025-05-13 06:48:39,526 - INFO - Progress: 30/50 ads processed
2025-05-13 06:48:44,954 - INFO - Progress: 40/50 ads processed
2025-05-13 06:48:50,116 - INFO - Progress: 50/50 ads processed
2025-05-13 06:48:50,134 - INFO - Created backup of existing data file at unegui_data/unegui_rental_data.csv.bak
2025-05-13 06:48:50,195 - INFO - Data saved to unegui_data/unegui_rental_data.csv: 5389 records
2025-05-13 06:48:50,367 - INFO - Cache saved with 5518 URLs
2025-05-13 06:48:50,367 - INFO - Saved batch data. Total records: 5389
2025-05-13 06:48:50,367 - INFO - Processing batch 4/7 (50 links)
2025-05-13 06:48:56,402 - INFO - Progress: 10/50 ads processed
2025-05-13 06:49:01,345 - INFO - Progress: 20/50 ads processed
2025-05-13 06:49:06,355 - INFO - Progress: 30/50 ads processed
2025-05-13 06:49:12,180 - INFO - Progress: 40/50 ads processed
2025-05-13 06:49:16,946 - INFO - Progress: 50/50 ads processed
2025-05-13 06:49:16,964 - INFO - Created backup of existing data file at unegui_data/unegui_rental_data.csv.bak
2025-05-13 06:49:17,029 - INFO - Data saved to unegui_data/unegui_rental_data.csv: 5438 records
2025-05-13 06:49:17,209 - INFO - Cache saved with 5568 URLs
2025-05-13 06:49:17,209 - INFO - Saved batch data. Total records: 5438
2025-05-13 06:49:17,209 - INFO - Processing batch 5/7 (50 links)
2025-05-13 06:49:22,571 - INFO - Progress: 10/50 ads processed
2025-05-13 06:49:27,862 - INFO - Progress: 20/50 ads processed
2025-05-13 06:49:32,869 - INFO - Progress: 30/50 ads processed
2025-05-13 06:49:37,874 - INFO - Progress: 40/50 ads processed
2025-05-13 06:49:42,940 - INFO - Progress: 50/50 ads processed
2025-05-13 06:49:42,959 - INFO - Created backup of existing data file at unegui_data/unegui_rental_data.csv.bak
2025-05-13 06:49:43,025 - INFO - Data saved to unegui_data/unegui_rental_data.csv: 5486 records
2025-05-13 06:49:43,206 - INFO - Cache saved with 5618 URLs
2025-05-13 06:49:43,206 - INFO - Saved batch data. Total records: 5486
2025-05-13 06:49:43,206 - INFO - Processing batch 6/7 (50 links)
2025-05-13 06:49:49,233 - INFO - Progress: 10/50 ads processed
2025-05-13 06:49:54,740 - INFO - Progress: 20/50 ads processed
2025-05-13 06:49:59,520 - INFO - Progress: 30/50 ads processed
2025-05-13 06:50:04,157 - INFO - Progress: 40/50 ads processed
2025-05-13 06:50:09,710 - INFO - Progress: 50/50 ads processed
2025-05-13 06:50:09,730 - INFO - Created backup of existing data file at unegui_data/unegui_rental_data.csv.bak
2025-05-13 06:50:09,795 - INFO - Data saved to unegui_data/unegui_rental_data.csv: 5536 records
2025-05-13 06:50:09,976 - INFO - Cache saved with 5668 URLs
2025-05-13 06:50:09,976 - INFO - Saved batch data. Total records: 5536
2025-05-13 06:50:09,976 - INFO - Processing batch 7/7 (33 links)
2025-05-13 06:50:15,335 - INFO - Progress: 10/33 ads processed
2025-05-13 06:50:20,861 - INFO - Progress: 20/33 ads processed
2025-05-13 06:50:26,064 - INFO - Progress: 30/33 ads processed
2025-05-13 06:50:27,857 - INFO - Progress: 33/33 ads processed
2025-05-13 06:50:27,877 - INFO - Created backup of existing data file at unegui_data/unegui_rental_data.csv.bak
2025-05-13 06:50:27,944 - INFO - Data saved to unegui_data/unegui_rental_data.csv: 5567 records
2025-05-13 06:50:28,126 - INFO - Cache saved with 5701 URLs
2025-05-13 06:50:28,126 - INFO - Saved batch data. Total records: 5567
2025-05-13 06:50:28,126 - INFO - Scraping completed in 0:04:53.173823. Total ads collected: 5567
