2025-05-16 06:43:02,351 - INFO - Starting rental apartment scraper at 2025-05-16 06:43:02.351208
2025-05-16 06:43:02,407 - INFO - Loaded existing data from unegui_data/unegui_rental_data.csv: 6307 records
2025-05-16 06:43:02,474 - INFO - Loaded 6307 existing records
2025-05-16 06:43:02,475 - INFO - Scraping page 1...
2025-05-16 06:43:02,476 - INFO - Scraping page 2...
2025-05-16 06:43:02,476 - INFO - Scraping page 3...
2025-05-16 06:43:06,367 - INFO - Found 60 links on page 2
2025-05-16 06:43:06,367 - INFO - Scraping page 4...
2025-05-16 06:43:06,835 - INFO - Found 60 links on page 1
2025-05-16 06:43:06,835 - INFO - Scraping page 5...
2025-05-16 06:43:07,027 - INFO - Found 60 links on page 3
2025-05-16 06:43:07,027 - INFO - Scraping page 6...
2025-05-16 06:43:10,039 - INFO - Found 60 links on page 4
2025-05-16 06:43:10,039 - INFO - Scraping page 7...
2025-05-16 06:43:10,504 - INFO - Found 60 links on page 5
2025-05-16 06:43:10,505 - INFO - Scraping page 8...
2025-05-16 06:43:11,073 - INFO - Found 60 links on page 6
2025-05-16 06:43:11,073 - INFO - Scraping page 9...
2025-05-16 06:43:13,848 - INFO - Found 60 links on page 8
2025-05-16 06:43:13,854 - INFO - Scraping page 10...
2025-05-16 06:43:14,002 - INFO - Found 60 links on page 7
2025-05-16 06:43:14,002 - INFO - Scraping page 11...
2025-05-16 06:43:14,788 - INFO - Found 60 links on page 9
2025-05-16 06:43:14,789 - INFO - Scraping page 12...
2025-05-16 06:43:17,441 - INFO - Found 60 links on page 11
2025-05-16 06:43:17,441 - INFO - Scraping page 13...
2025-05-16 06:43:17,830 - INFO - Found 60 links on page 10
2025-05-16 06:43:17,830 - INFO - Scraping page 14...
2025-05-16 06:43:18,549 - INFO - Found 60 links on page 12
2025-05-16 06:43:18,549 - INFO - Scraping page 15...
2025-05-16 06:43:20,913 - INFO - Found 60 links on page 13
2025-05-16 06:43:20,913 - INFO - Scraping page 16...
2025-05-16 06:43:21,730 - INFO - Found 60 links on page 14
2025-05-16 06:43:21,731 - INFO - Scraping page 17...
2025-05-16 06:43:22,222 - INFO - Found 60 links on page 15
2025-05-16 06:43:22,222 - INFO - Scraping page 18...
2025-05-16 06:43:24,681 - INFO - Found 60 links on page 16
2025-05-16 06:43:24,681 - INFO - Scraping page 19...
2025-05-16 06:43:26,021 - INFO - Found 60 links on page 17
2025-05-16 06:43:26,021 - INFO - Scraping page 20...
2025-05-16 06:43:26,212 - INFO - Found 60 links on page 18
2025-05-16 06:43:26,212 - INFO - Scraping page 21...
2025-05-16 06:43:28,343 - INFO - Found 60 links on page 19
2025-05-16 06:43:28,343 - INFO - Scraping page 22...
2025-05-16 06:43:29,383 - INFO - Found 60 links on page 20
2025-05-16 06:43:29,383 - INFO - Scraping page 23...
2025-05-16 06:43:29,684 - INFO - Found 60 links on page 21
2025-05-16 06:43:29,684 - INFO - Scraping page 24...
2025-05-16 06:43:31,721 - INFO - Found 60 links on page 22
2025-05-16 06:43:31,721 - INFO - Scraping page 25...
2025-05-16 06:43:33,153 - INFO - Found 60 links on page 23
2025-05-16 06:43:33,164 - INFO - Scraping page 26...
2025-05-16 06:43:33,229 - INFO - Found 60 links on page 24
2025-05-16 06:43:33,229 - INFO - Scraping page 27...
2025-05-16 06:43:35,295 - INFO - Found 60 links on page 25
2025-05-16 06:43:35,296 - INFO - Scraping page 28...
2025-05-16 06:43:36,827 - INFO - Found 60 links on page 27
2025-05-16 06:43:36,827 - INFO - Scraping page 29...
2025-05-16 06:43:37,589 - INFO - Found 60 links on page 26
2025-05-16 06:43:37,589 - INFO - Scraping page 30...
2025-05-16 06:43:38,586 - INFO - Found 60 links on page 28
2025-05-16 06:43:38,586 - INFO - Scraping page 31...
2025-05-16 06:43:40,416 - INFO - Found 60 links on page 29
2025-05-16 06:43:40,416 - INFO - Scraping page 32...
2025-05-16 06:43:41,222 - INFO - Found 60 links on page 30
2025-05-16 06:43:41,222 - INFO - Scraping page 33...
2025-05-16 06:43:42,064 - INFO - Found 60 links on page 31
2025-05-16 06:43:42,064 - INFO - Scraping page 34...
2025-05-16 06:43:44,093 - INFO - Found 60 links on page 32
2025-05-16 06:43:44,093 - INFO - Scraping page 35...
2025-05-16 06:43:45,164 - INFO - Found 60 links on page 33
2025-05-16 06:43:45,164 - INFO - Scraping page 36...
2025-05-16 06:43:46,072 - INFO - Found 60 links on page 34
2025-05-16 06:43:46,072 - INFO - Scraping page 37...
2025-05-16 06:43:47,843 - INFO - Found 60 links on page 35
2025-05-16 06:43:47,843 - INFO - Scraping page 38...
2025-05-16 06:43:48,876 - INFO - Found 60 links on page 36
2025-05-16 06:43:48,876 - INFO - Scraping page 39...
2025-05-16 06:43:49,702 - INFO - Found 60 links on page 37
2025-05-16 06:43:49,702 - INFO - Scraping page 40...
2025-05-16 06:43:51,568 - INFO - Found 60 links on page 38
2025-05-16 06:43:51,568 - INFO - Scraping page 41...
2025-05-16 06:43:52,173 - INFO - Found 60 links on page 39
2025-05-16 06:43:52,174 - INFO - Scraping page 42...
2025-05-16 06:43:53,839 - INFO - Found 60 links on page 40
2025-05-16 06:43:53,839 - INFO - Scraping page 43...
2025-05-16 06:43:55,479 - INFO - Found 60 links on page 42
2025-05-16 06:43:55,484 - INFO - Scraping page 44...
2025-05-16 06:43:55,570 - INFO - Found 60 links on page 41
2025-05-16 06:43:55,570 - INFO - Scraping page 45...
2025-05-16 06:43:57,342 - INFO - Found 60 links on page 43
2025-05-16 06:43:57,342 - INFO - Scraping page 46...
2025-05-16 06:43:58,839 - INFO - Found 60 links on page 44
2025-05-16 06:43:58,839 - INFO - Scraping page 47...
2025-05-16 06:43:59,088 - INFO - Found 60 links on page 45
2025-05-16 06:43:59,089 - INFO - Scraping page 48...
2025-05-16 06:44:00,854 - INFO - Found 60 links on page 46
2025-05-16 06:44:00,854 - INFO - Scraping page 49...
2025-05-16 06:44:02,863 - INFO - Found 60 links on page 48
2025-05-16 06:44:02,863 - INFO - Scraping page 50...
2025-05-16 06:44:03,057 - INFO - Found 60 links on page 47
2025-05-16 06:44:03,057 - INFO - Scraping page 51...
2025-05-16 06:44:04,959 - INFO - Found 60 links on page 49
2025-05-16 06:44:04,959 - INFO - Scraping page 52...
2025-05-16 06:44:06,495 - INFO - Found 60 links on page 50
2025-05-16 06:44:06,496 - INFO - Scraping page 53...
2025-05-16 06:44:06,852 - INFO - Found 60 links on page 51
2025-05-16 06:44:06,852 - INFO - Scraping page 54...
2025-05-16 06:44:08,507 - INFO - Found 60 links on page 52
2025-05-16 06:44:08,507 - INFO - Scraping page 55...
2025-05-16 06:44:10,188 - INFO - Found 60 links on page 53
2025-05-16 06:44:10,188 - INFO - Scraping page 56...
2025-05-16 06:44:10,444 - INFO - Found 60 links on page 54
2025-05-16 06:44:10,444 - INFO - Scraping page 57...
2025-05-16 06:44:12,261 - INFO - Found 60 links on page 55
2025-05-16 06:44:12,261 - INFO - Scraping page 58...
2025-05-16 06:44:13,810 - INFO - Found 60 links on page 57
2025-05-16 06:44:13,811 - INFO - Scraping page 59...
2025-05-16 06:44:14,228 - INFO - Found 60 links on page 56
2025-05-16 06:44:14,229 - INFO - Scraping page 60...
2025-05-16 06:44:15,975 - INFO - Found 60 links on page 58
2025-05-16 06:44:15,975 - INFO - Scraping page 61...
2025-05-16 06:44:17,871 - INFO - Found 60 links on page 60
2025-05-16 06:44:17,871 - INFO - Scraping page 62...
2025-05-16 06:44:18,766 - INFO - Found 60 links on page 59
2025-05-16 06:44:18,766 - INFO - Scraping page 63...
2025-05-16 06:44:19,271 - INFO - Found 60 links on page 61
2025-05-16 06:44:19,271 - INFO - Scraping page 64...
2025-05-16 06:44:21,371 - INFO - Found 60 links on page 62
2025-05-16 06:44:21,371 - INFO - Scraping page 65...
2025-05-16 06:44:21,894 - INFO - Found 60 links on page 63
2025-05-16 06:44:21,895 - INFO - Scraping page 66...
2025-05-16 06:44:22,510 - INFO - Found 60 links on page 64
2025-05-16 06:44:22,510 - INFO - Scraping page 67...
2025-05-16 06:44:25,020 - INFO - Found 60 links on page 65
2025-05-16 06:44:25,020 - INFO - Scraping page 68...
2025-05-16 06:44:25,270 - INFO - Found 60 links on page 66
2025-05-16 06:44:25,271 - INFO - Scraping page 69...
2025-05-16 06:44:25,765 - INFO - Found 60 links on page 67
2025-05-16 06:44:25,765 - INFO - Scraping page 70...
2025-05-16 06:44:28,785 - INFO - Found 60 links on page 68
2025-05-16 06:44:28,785 - INFO - Scraping page 71...
2025-05-16 06:44:28,978 - INFO - Found 60 links on page 69
2025-05-16 06:44:28,983 - INFO - Scraping page 72...
2025-05-16 06:44:29,072 - INFO - Found 60 links on page 70
2025-05-16 06:44:29,072 - INFO - Scraping page 73...
2025-05-16 06:44:32,742 - INFO - Found 60 links on page 73
2025-05-16 06:44:32,742 - INFO - Scraping page 74...
2025-05-16 06:44:33,035 - INFO - Found 60 links on page 71
2025-05-16 06:44:33,040 - INFO - Scraping page 75...
2025-05-16 06:44:33,106 - INFO - Found 60 links on page 72
2025-05-16 06:44:33,106 - INFO - Scraping page 76...
2025-05-16 06:44:36,077 - INFO - Found 60 links on page 74
2025-05-16 06:44:36,077 - INFO - Scraping page 77...
2025-05-16 06:44:36,873 - INFO - Found 60 links on page 75
2025-05-16 06:44:36,874 - INFO - Scraping page 78...
2025-05-16 06:44:37,135 - INFO - Found 60 links on page 76
2025-05-16 06:44:37,135 - INFO - Scraping page 79...
2025-05-16 06:44:39,342 - INFO - Found 60 links on page 77
2025-05-16 06:44:39,342 - INFO - Scraping page 80...
2025-05-16 06:44:40,331 - INFO - Found 60 links on page 78
2025-05-16 06:44:40,332 - INFO - Scraping page 81...
2025-05-16 06:44:40,825 - INFO - Found 60 links on page 79
2025-05-16 06:44:40,825 - INFO - Scraping page 82...
2025-05-16 06:44:43,000 - INFO - Found 60 links on page 80
2025-05-16 06:44:43,000 - INFO - Scraping page 83...
2025-05-16 06:44:43,740 - INFO - Found 60 links on page 81
2025-05-16 06:44:43,740 - INFO - Scraping page 84...
2025-05-16 06:44:44,212 - INFO - Found 60 links on page 82
2025-05-16 06:44:44,212 - INFO - Scraping page 85...
2025-05-16 06:44:46,496 - INFO - Found 60 links on page 83
2025-05-16 06:44:46,496 - INFO - Scraping page 86...
2025-05-16 06:44:47,134 - INFO - Found 60 links on page 84
2025-05-16 06:44:47,135 - INFO - Scraping page 87...
2025-05-16 06:44:48,420 - INFO - Found 60 links on page 85
2025-05-16 06:44:48,420 - INFO - Scraping page 88...
2025-05-16 06:44:50,185 - INFO - Found 60 links on page 86
2025-05-16 06:44:50,186 - INFO - Scraping page 89...
2025-05-16 06:44:50,581 - INFO - Found 60 links on page 87
2025-05-16 06:44:50,582 - INFO - Scraping page 90...
2025-05-16 06:44:51,954 - INFO - Found 60 links on page 88
2025-05-16 06:44:53,246 - INFO - Found 9 links on page 89
2025-05-16 06:44:53,945 - INFO - Found 9 links on page 90
2025-05-16 06:44:53,949 - INFO - Found 107 new links to scrape out of 5298 total links
2025-05-16 06:44:53,949 - INFO - Processing batch 1/3 (50 links)
2025-05-16 06:44:59,974 - INFO - Progress: 10/50 ads processed
2025-05-16 06:45:05,102 - INFO - Progress: 20/50 ads processed
2025-05-16 06:45:10,291 - INFO - Progress: 30/50 ads processed
2025-05-16 06:45:14,942 - INFO - Progress: 40/50 ads processed
2025-05-16 06:45:19,804 - INFO - Progress: 50/50 ads processed
2025-05-16 06:45:19,824 - INFO - Created backup of existing data file at unegui_data/unegui_rental_data.csv.bak
2025-05-16 06:45:19,899 - INFO - Data saved to unegui_data/unegui_rental_data.csv: 6357 records
2025-05-16 06:45:20,102 - INFO - Cache saved with 6507 URLs
2025-05-16 06:45:20,102 - INFO - Saved batch data. Total records: 6357
2025-05-16 06:45:20,102 - INFO - Processing batch 2/3 (50 links)
2025-05-16 06:45:25,586 - INFO - Progress: 10/50 ads processed
2025-05-16 06:45:30,509 - INFO - Progress: 20/50 ads processed
2025-05-16 06:45:35,234 - INFO - Progress: 30/50 ads processed
2025-05-16 06:45:40,072 - INFO - Progress: 40/50 ads processed
2025-05-16 06:45:45,141 - INFO - Progress: 50/50 ads processed
2025-05-16 06:45:45,161 - INFO - Created backup of existing data file at unegui_data/unegui_rental_data.csv.bak
2025-05-16 06:45:45,236 - INFO - Data saved to unegui_data/unegui_rental_data.csv: 6405 records
2025-05-16 06:45:45,442 - INFO - Cache saved with 6557 URLs
2025-05-16 06:45:45,443 - INFO - Saved batch data. Total records: 6405
2025-05-16 06:45:45,443 - INFO - Processing batch 3/3 (7 links)
2025-05-16 06:45:50,314 - INFO - Progress: 7/7 ads processed
2025-05-16 06:45:50,334 - INFO - Created backup of existing data file at unegui_data/unegui_rental_data.csv.bak
2025-05-16 06:45:50,409 - INFO - Data saved to unegui_data/unegui_rental_data.csv: 6412 records
2025-05-16 06:45:50,612 - INFO - Cache saved with 6564 URLs
2025-05-16 06:45:50,612 - INFO - Saved batch data. Total records: 6412
2025-05-16 06:45:50,612 - INFO - Scraping completed in 0:02:48.261074. Total ads collected: 6412
