2025-05-23 06:43:11,326 - INFO - Starting rental apartment scraper at 2025-05-23 06:43:11.326908
2025-05-23 06:43:11,400 - INFO - Loaded existing data from unegui_data/unegui_rental_data.csv: 7780 records
2025-05-23 06:43:11,489 - INFO - Loaded 7780 existing records
2025-05-23 06:43:11,490 - INFO - Scraping page 1...
2025-05-23 06:43:11,491 - INFO - Scraping page 2...
2025-05-23 06:43:11,491 - INFO - Scraping page 3...
2025-05-23 06:43:15,604 - INFO - Found 60 links on page 1
2025-05-23 06:43:15,604 - INFO - Scraping page 4...
2025-05-23 06:43:15,859 - INFO - Found 60 links on page 3
2025-05-23 06:43:15,864 - INFO - Scraping page 5...
2025-05-23 06:43:16,014 - INFO - Found 60 links on page 2
2025-05-23 06:43:16,014 - INFO - Scraping page 6...
2025-05-23 06:43:18,998 - INFO - Found 60 links on page 4
2025-05-23 06:43:18,998 - INFO - Scraping page 7...
2025-05-23 06:43:19,447 - INFO - Found 60 links on page 6
2025-05-23 06:43:19,447 - INFO - Scraping page 8...
2025-05-23 06:43:19,641 - INFO - Found 60 links on page 5
2025-05-23 06:43:19,641 - INFO - Scraping page 9...
2025-05-23 06:43:22,363 - INFO - Found 60 links on page 7
2025-05-23 06:43:22,363 - INFO - Scraping page 10...
2025-05-23 06:43:23,032 - INFO - Found 60 links on page 8
2025-05-23 06:43:23,032 - INFO - Scraping page 11...
2025-05-23 06:43:23,569 - INFO - Found 60 links on page 9
2025-05-23 06:43:23,569 - INFO - Scraping page 12...
2025-05-23 06:43:26,069 - INFO - Found 60 links on page 10
2025-05-23 06:43:26,069 - INFO - Scraping page 13...
2025-05-23 06:43:27,288 - INFO - Found 60 links on page 12
2025-05-23 06:43:27,298 - INFO - Scraping page 14...
2025-05-23 06:43:27,398 - INFO - Found 60 links on page 11
2025-05-23 06:43:27,398 - INFO - Scraping page 15...
2025-05-23 06:43:29,731 - INFO - Found 60 links on page 13
2025-05-23 06:43:29,731 - INFO - Scraping page 16...
2025-05-23 06:43:30,628 - INFO - Found 60 links on page 15
2025-05-23 06:43:30,628 - INFO - Scraping page 17...
2025-05-23 06:43:31,347 - INFO - Found 60 links on page 14
2025-05-23 06:43:31,347 - INFO - Scraping page 18...
2025-05-23 06:43:33,354 - INFO - Found 60 links on page 16
2025-05-23 06:43:33,354 - INFO - Scraping page 19...
2025-05-23 06:43:34,132 - INFO - Found 60 links on page 17
2025-05-23 06:43:34,133 - INFO - Scraping page 20...
2025-05-23 06:43:34,665 - INFO - Found 60 links on page 18
2025-05-23 06:43:34,665 - INFO - Scraping page 21...
2025-05-23 06:43:36,617 - INFO - Found 60 links on page 19
2025-05-23 06:43:36,617 - INFO - Scraping page 22...
2025-05-23 06:43:37,723 - INFO - Found 60 links on page 20
2025-05-23 06:43:37,723 - INFO - Scraping page 23...
2025-05-23 06:43:38,611 - INFO - Found 60 links on page 21
2025-05-23 06:43:38,611 - INFO - Scraping page 24...
2025-05-23 06:43:40,242 - INFO - Found 60 links on page 22
2025-05-23 06:43:40,242 - INFO - Scraping page 25...
2025-05-23 06:43:41,281 - INFO - Found 60 links on page 23
2025-05-23 06:43:41,282 - INFO - Scraping page 26...
2025-05-23 06:43:41,883 - INFO - Found 60 links on page 24
2025-05-23 06:43:41,884 - INFO - Scraping page 27...
2025-05-23 06:43:43,767 - INFO - Found 60 links on page 25
2025-05-23 06:43:43,768 - INFO - Scraping page 28...
2025-05-23 06:43:44,592 - INFO - Found 60 links on page 26
2025-05-23 06:43:44,592 - INFO - Scraping page 29...
2025-05-23 06:43:45,212 - INFO - Found 60 links on page 27
2025-05-23 06:43:45,213 - INFO - Scraping page 30...
2025-05-23 06:43:47,207 - INFO - Found 60 links on page 28
2025-05-23 06:43:47,207 - INFO - Scraping page 31...
2025-05-23 06:43:48,340 - INFO - Found 60 links on page 29
2025-05-23 06:43:48,341 - INFO - Scraping page 32...
2025-05-23 06:43:48,627 - INFO - Found 60 links on page 30
2025-05-23 06:43:48,628 - INFO - Scraping page 33...
2025-05-23 06:43:51,274 - INFO - Found 60 links on page 31
2025-05-23 06:43:51,274 - INFO - Scraping page 34...
2025-05-23 06:43:51,816 - INFO - Found 60 links on page 32
2025-05-23 06:43:51,816 - INFO - Scraping page 35...
2025-05-23 06:43:52,388 - INFO - Found 60 links on page 33
2025-05-23 06:43:52,388 - INFO - Scraping page 36...
2025-05-23 06:43:55,392 - INFO - Found 60 links on page 34
2025-05-23 06:43:55,392 - INFO - Scraping page 37...
2025-05-23 06:43:55,875 - INFO - Found 60 links on page 35
2025-05-23 06:43:55,875 - INFO - Scraping page 38...
2025-05-23 06:43:56,392 - INFO - Found 60 links on page 36
2025-05-23 06:43:56,392 - INFO - Scraping page 39...
2025-05-23 06:43:59,311 - INFO - Found 60 links on page 37
2025-05-23 06:43:59,317 - INFO - Scraping page 40...
2025-05-23 06:43:59,464 - INFO - Found 60 links on page 38
2025-05-23 06:43:59,464 - INFO - Scraping page 41...
2025-05-23 06:43:59,896 - INFO - Found 60 links on page 39
2025-05-23 06:43:59,896 - INFO - Scraping page 42...
2025-05-23 06:44:03,206 - INFO - Found 60 links on page 41
2025-05-23 06:44:03,222 - INFO - Scraping page 43...
2025-05-23 06:44:03,285 - INFO - Found 60 links on page 40
2025-05-23 06:44:03,285 - INFO - Scraping page 44...
2025-05-23 06:44:03,594 - INFO - Found 60 links on page 42
2025-05-23 06:44:03,594 - INFO - Scraping page 45...
2025-05-23 06:44:06,962 - INFO - Found 60 links on page 44
2025-05-23 06:44:06,967 - INFO - Scraping page 46...
2025-05-23 06:44:07,022 - INFO - Found 60 links on page 43
2025-05-23 06:44:07,023 - INFO - Scraping page 47...
2025-05-23 06:44:07,267 - INFO - Found 60 links on page 45
2025-05-23 06:44:07,267 - INFO - Scraping page 48...
2025-05-23 06:44:10,286 - INFO - Found 60 links on page 46
2025-05-23 06:44:10,287 - INFO - Scraping page 49...
2025-05-23 06:44:10,521 - INFO - Found 60 links on page 47
2025-05-23 06:44:10,521 - INFO - Scraping page 50...
2025-05-23 06:44:11,443 - INFO - Found 60 links on page 48
2025-05-23 06:44:11,443 - INFO - Scraping page 51...
2025-05-23 06:44:14,024 - INFO - Found 60 links on page 50
2025-05-23 06:44:14,024 - INFO - Scraping page 52...
2025-05-23 06:44:14,531 - INFO - Found 60 links on page 49
2025-05-23 06:44:14,531 - INFO - Scraping page 53...
2025-05-23 06:44:14,717 - INFO - Found 60 links on page 51
2025-05-23 06:44:14,717 - INFO - Scraping page 54...
2025-05-23 06:44:17,352 - INFO - Found 60 links on page 52
2025-05-23 06:44:17,353 - INFO - Scraping page 55...
2025-05-23 06:44:18,136 - INFO - Found 60 links on page 53
2025-05-23 06:44:18,136 - INFO - Scraping page 56...
2025-05-23 06:44:18,395 - INFO - Found 60 links on page 54
2025-05-23 06:44:18,396 - INFO - Scraping page 57...
2025-05-23 06:44:21,369 - INFO - Found 60 links on page 55
2025-05-23 06:44:21,369 - INFO - Scraping page 58...
2025-05-23 06:44:21,756 - INFO - Found 60 links on page 56
2025-05-23 06:44:21,757 - INFO - Scraping page 59...
2025-05-23 06:44:22,013 - INFO - Found 60 links on page 57
2025-05-23 06:44:22,014 - INFO - Scraping page 60...
2025-05-23 06:44:24,670 - INFO - Found 60 links on page 58
2025-05-23 06:44:24,670 - INFO - Scraping page 61...
2025-05-23 06:44:25,459 - INFO - Found 60 links on page 59
2025-05-23 06:44:25,459 - INFO - Scraping page 62...
2025-05-23 06:44:26,232 - INFO - Found 60 links on page 60
2025-05-23 06:44:26,232 - INFO - Scraping page 63...
2025-05-23 06:44:28,299 - INFO - Found 60 links on page 61
2025-05-23 06:44:28,300 - INFO - Scraping page 64...
2025-05-23 06:44:29,377 - INFO - Found 60 links on page 62
2025-05-23 06:44:29,377 - INFO - Scraping page 65...
2025-05-23 06:44:30,324 - INFO - Found 60 links on page 63
2025-05-23 06:44:30,324 - INFO - Scraping page 66...
2025-05-23 06:44:32,075 - INFO - Found 60 links on page 64
2025-05-23 06:44:32,075 - INFO - Scraping page 67...
2025-05-23 06:44:33,328 - INFO - Found 60 links on page 65
2025-05-23 06:44:33,328 - INFO - Scraping page 68...
2025-05-23 06:44:33,635 - INFO - Found 60 links on page 66
2025-05-23 06:44:33,635 - INFO - Scraping page 69...
2025-05-23 06:44:35,800 - INFO - Found 60 links on page 67
2025-05-23 06:44:35,800 - INFO - Scraping page 70...
2025-05-23 06:44:36,852 - INFO - Found 60 links on page 69
2025-05-23 06:44:36,858 - INFO - Scraping page 71...
2025-05-23 06:44:37,060 - INFO - Found 60 links on page 68
2025-05-23 06:44:37,060 - INFO - Scraping page 72...
2025-05-23 06:44:39,569 - INFO - Found 60 links on page 70
2025-05-23 06:44:39,569 - INFO - Scraping page 73...
2025-05-23 06:44:40,618 - INFO - Found 60 links on page 72
2025-05-23 06:44:40,623 - INFO - Scraping page 74...
2025-05-23 06:44:40,789 - INFO - Found 60 links on page 71
2025-05-23 06:44:40,789 - INFO - Scraping page 75...
2025-05-23 06:44:43,021 - INFO - Found 60 links on page 73
2025-05-23 06:44:43,021 - INFO - Scraping page 76...
2025-05-23 06:44:44,001 - INFO - Found 60 links on page 74
2025-05-23 06:44:44,002 - INFO - Scraping page 77...
2025-05-23 06:44:45,089 - INFO - Found 60 links on page 75
2025-05-23 06:44:45,089 - INFO - Scraping page 78...
2025-05-23 06:44:46,420 - INFO - Found 60 links on page 76
2025-05-23 06:44:46,420 - INFO - Scraping page 79...
2025-05-23 06:44:47,724 - INFO - Found 60 links on page 77
2025-05-23 06:44:47,724 - INFO - Scraping page 80...
2025-05-23 06:44:48,866 - INFO - Found 60 links on page 78
2025-05-23 06:44:48,866 - INFO - Scraping page 81...
2025-05-23 06:44:50,140 - INFO - Found 60 links on page 79
2025-05-23 06:44:50,140 - INFO - Scraping page 82...
2025-05-23 06:44:51,573 - INFO - Found 60 links on page 80
2025-05-23 06:44:51,574 - INFO - Scraping page 83...
2025-05-23 06:44:52,542 - INFO - Found 60 links on page 81
2025-05-23 06:44:52,542 - INFO - Scraping page 84...
2025-05-23 06:44:53,419 - INFO - Found 60 links on page 82
2025-05-23 06:44:53,419 - INFO - Scraping page 85...
2025-05-23 06:44:55,617 - INFO - Found 60 links on page 83
2025-05-23 06:44:55,617 - INFO - Scraping page 86...
2025-05-23 06:44:56,288 - INFO - Found 60 links on page 84
2025-05-23 06:44:56,288 - INFO - Scraping page 87...
2025-05-23 06:44:56,915 - INFO - Found 60 links on page 85
2025-05-23 06:44:56,915 - INFO - Scraping page 88...
2025-05-23 06:44:59,572 - INFO - Found 60 links on page 86
2025-05-23 06:44:59,572 - INFO - Scraping page 89...
2025-05-23 06:44:59,749 - INFO - Found 60 links on page 87
2025-05-23 06:44:59,750 - INFO - Scraping page 90...
2025-05-23 06:45:00,200 - INFO - Found 60 links on page 88
2025-05-23 06:45:02,916 - INFO - Found 48 links on page 89
2025-05-23 06:45:03,241 - INFO - Found 48 links on page 90
2025-05-23 06:45:03,245 - INFO - Found 232 new links to scrape out of 5376 total links
2025-05-23 06:45:03,245 - INFO - Processing batch 1/5 (50 links)
2025-05-23 06:45:08,688 - INFO - Progress: 10/50 ads processed
2025-05-23 06:45:13,831 - INFO - Progress: 20/50 ads processed
2025-05-23 06:45:18,581 - INFO - Progress: 30/50 ads processed
2025-05-23 06:45:23,907 - INFO - Progress: 40/50 ads processed
2025-05-23 06:45:29,194 - INFO - Progress: 50/50 ads processed
2025-05-23 06:45:29,221 - INFO - Created backup of existing data file at unegui_data/unegui_rental_data.csv.bak
2025-05-23 06:45:29,315 - INFO - Data saved to unegui_data/unegui_rental_data.csv: 7829 records
2025-05-23 06:45:29,570 - INFO - Cache saved with 8019 URLs
2025-05-23 06:45:29,570 - INFO - Saved batch data. Total records: 7829
2025-05-23 06:45:29,570 - INFO - Processing batch 2/5 (50 links)
2025-05-23 06:45:35,096 - INFO - Progress: 10/50 ads processed
2025-05-23 06:45:39,738 - INFO - Progress: 20/50 ads processed
2025-05-23 06:45:44,916 - INFO - Progress: 30/50 ads processed
2025-05-23 06:45:49,734 - INFO - Progress: 40/50 ads processed
2025-05-23 06:45:55,186 - INFO - Progress: 50/50 ads processed
2025-05-23 06:45:55,212 - INFO - Created backup of existing data file at unegui_data/unegui_rental_data.csv.bak
2025-05-23 06:45:55,305 - INFO - Data saved to unegui_data/unegui_rental_data.csv: 7879 records
2025-05-23 06:45:55,561 - INFO - Cache saved with 8069 URLs
2025-05-23 06:45:55,561 - INFO - Saved batch data. Total records: 7879
2025-05-23 06:45:55,561 - INFO - Processing batch 3/5 (50 links)
2025-05-23 06:46:01,025 - INFO - Progress: 10/50 ads processed
2025-05-23 06:46:06,481 - INFO - Progress: 20/50 ads processed
2025-05-23 06:46:11,599 - INFO - Progress: 30/50 ads processed
2025-05-23 06:46:17,172 - INFO - Progress: 40/50 ads processed
2025-05-23 06:46:21,956 - INFO - Progress: 50/50 ads processed
2025-05-23 06:46:21,983 - INFO - Created backup of existing data file at unegui_data/unegui_rental_data.csv.bak
2025-05-23 06:46:22,078 - INFO - Data saved to unegui_data/unegui_rental_data.csv: 7929 records
2025-05-23 06:46:22,339 - INFO - Cache saved with 8119 URLs
2025-05-23 06:46:22,339 - INFO - Saved batch data. Total records: 7929
2025-05-23 06:46:22,340 - INFO - Processing batch 4/5 (50 links)
2025-05-23 06:46:27,777 - INFO - Progress: 10/50 ads processed
2025-05-23 06:46:32,723 - INFO - Progress: 20/50 ads processed
2025-05-23 06:46:37,547 - INFO - Progress: 30/50 ads processed
2025-05-23 06:46:42,995 - INFO - Progress: 40/50 ads processed
2025-05-23 06:46:48,431 - INFO - Progress: 50/50 ads processed
2025-05-23 06:46:48,457 - INFO - Created backup of existing data file at unegui_data/unegui_rental_data.csv.bak
2025-05-23 06:46:48,551 - INFO - Data saved to unegui_data/unegui_rental_data.csv: 7978 records
2025-05-23 06:46:48,812 - INFO - Cache saved with 8169 URLs
2025-05-23 06:46:48,812 - INFO - Saved batch data. Total records: 7978
2025-05-23 06:46:48,812 - INFO - Processing batch 5/5 (32 links)
2025-05-23 06:46:54,106 - INFO - Progress: 10/32 ads processed
2025-05-23 06:46:59,709 - INFO - Progress: 20/32 ads processed
2025-05-23 06:47:04,640 - INFO - Progress: 30/32 ads processed
2025-05-23 06:47:06,006 - INFO - Progress: 32/32 ads processed
2025-05-23 06:47:06,034 - INFO - Created backup of existing data file at unegui_data/unegui_rental_data.csv.bak
2025-05-23 06:47:06,129 - INFO - Data saved to unegui_data/unegui_rental_data.csv: 8008 records
2025-05-23 06:47:06,391 - INFO - Cache saved with 8201 URLs
2025-05-23 06:47:06,391 - INFO - Saved batch data. Total records: 8008
2025-05-23 06:47:06,391 - INFO - Scraping completed in 0:03:55.064859. Total ads collected: 8008
