2025-06-04 06:45:55,774 - INFO - Starting rental apartment scraper at 2025-06-04 06:45:55.774018
2025-06-04 06:45:55,863 - INFO - Loaded existing data from unegui_data/unegui_rental_data.csv: 10323 records
2025-06-04 06:45:55,972 - INFO - Loaded 10323 existing records
2025-06-04 06:45:55,974 - INFO - Scraping page 1...
2025-06-04 06:45:55,974 - INFO - Scraping page 2...
2025-06-04 06:45:55,974 - INFO - Scraping page 3...
2025-06-04 06:46:00,128 - INFO - Found 60 links on page 1
2025-06-04 06:46:00,128 - INFO - Scraping page 4...
2025-06-04 06:46:00,452 - INFO - Found 60 links on page 3
2025-06-04 06:46:00,458 - INFO - Scraping page 5...
2025-06-04 06:46:00,543 - INFO - Found 60 links on page 2
2025-06-04 06:46:00,544 - INFO - Scraping page 6...
2025-06-04 06:46:03,460 - INFO - Found 60 links on page 4
2025-06-04 06:46:03,460 - INFO - Scraping page 7...
2025-06-04 06:46:04,256 - INFO - Found 60 links on page 6
2025-06-04 06:46:04,267 - INFO - Scraping page 8...
2025-06-04 06:46:04,348 - INFO - Found 60 links on page 5
2025-06-04 06:46:04,348 - INFO - Scraping page 9...
2025-06-04 06:46:07,176 - INFO - Found 60 links on page 7
2025-06-04 06:46:07,176 - INFO - Scraping page 10...
2025-06-04 06:46:07,593 - INFO - Found 60 links on page 9
2025-06-04 06:46:07,593 - INFO - Scraping page 11...
2025-06-04 06:46:08,068 - INFO - Found 60 links on page 8
2025-06-04 06:46:08,068 - INFO - Scraping page 12...
2025-06-04 06:46:10,605 - INFO - Found 60 links on page 10
2025-06-04 06:46:10,606 - INFO - Scraping page 13...
2025-06-04 06:46:11,335 - INFO - Found 60 links on page 11
2025-06-04 06:46:11,335 - INFO - Scraping page 14...
2025-06-04 06:46:11,518 - INFO - Found 60 links on page 12
2025-06-04 06:46:11,518 - INFO - Scraping page 15...
2025-06-04 06:46:14,251 - INFO - Found 60 links on page 13
2025-06-04 06:46:14,251 - INFO - Scraping page 16...
2025-06-04 06:46:14,958 - INFO - Found 60 links on page 14
2025-06-04 06:46:14,963 - INFO - Scraping page 17...
2025-06-04 06:46:15,193 - INFO - Found 60 links on page 15
2025-06-04 06:46:15,193 - INFO - Scraping page 18...
2025-06-04 06:46:17,705 - INFO - Found 60 links on page 16
2025-06-04 06:46:17,705 - INFO - Scraping page 19...
2025-06-04 06:46:18,591 - INFO - Found 60 links on page 18
2025-06-04 06:46:18,601 - INFO - Scraping page 20...
2025-06-04 06:46:18,799 - INFO - Found 60 links on page 17
2025-06-04 06:46:18,800 - INFO - Scraping page 21...
2025-06-04 06:46:20,884 - INFO - Found 60 links on page 19
2025-06-04 06:46:20,884 - INFO - Scraping page 22...
2025-06-04 06:46:22,577 - INFO - Found 60 links on page 20
2025-06-04 06:46:22,587 - INFO - Scraping page 23...
2025-06-04 06:46:22,674 - INFO - Found 60 links on page 21
2025-06-04 06:46:22,675 - INFO - Scraping page 24...
2025-06-04 06:46:24,351 - INFO - Found 60 links on page 22
2025-06-04 06:46:24,352 - INFO - Scraping page 25...
2025-06-04 06:46:26,038 - INFO - Found 60 links on page 23
2025-06-04 06:46:26,038 - INFO - Scraping page 26...
2025-06-04 06:46:26,965 - INFO - Found 60 links on page 24
2025-06-04 06:46:26,965 - INFO - Scraping page 27...
2025-06-04 06:46:28,294 - INFO - Found 60 links on page 25
2025-06-04 06:46:28,294 - INFO - Scraping page 28...
2025-06-04 06:46:30,202 - INFO - Found 60 links on page 27
2025-06-04 06:46:30,207 - INFO - Scraping page 29...
2025-06-04 06:46:30,370 - INFO - Found 60 links on page 26
2025-06-04 06:46:30,371 - INFO - Scraping page 30...
2025-06-04 06:46:32,062 - INFO - Found 60 links on page 28
2025-06-04 06:46:32,063 - INFO - Scraping page 31...
2025-06-04 06:46:33,817 - INFO - Found 60 links on page 30
2025-06-04 06:46:33,822 - INFO - Scraping page 32...
2025-06-04 06:46:33,941 - INFO - Found 60 links on page 29
2025-06-04 06:46:33,941 - INFO - Scraping page 33...
2025-06-04 06:46:35,343 - INFO - Found 60 links on page 31
2025-06-04 06:46:35,343 - INFO - Scraping page 34...
2025-06-04 06:46:37,162 - INFO - Found 60 links on page 32
2025-06-04 06:46:37,162 - INFO - Scraping page 35...
2025-06-04 06:46:37,442 - INFO - Found 60 links on page 33
2025-06-04 06:46:37,442 - INFO - Scraping page 36...
2025-06-04 06:46:38,952 - INFO - Found 60 links on page 34
2025-06-04 06:46:38,952 - INFO - Scraping page 37...
2025-06-04 06:46:40,561 - INFO - Found 60 links on page 35
2025-06-04 06:46:40,561 - INFO - Scraping page 38...
2025-06-04 06:46:40,894 - INFO - Found 60 links on page 36
2025-06-04 06:46:40,894 - INFO - Scraping page 39...
2025-06-04 06:46:42,500 - INFO - Found 60 links on page 37
2025-06-04 06:46:42,501 - INFO - Scraping page 40...
2025-06-04 06:46:43,895 - INFO - Found 60 links on page 38
2025-06-04 06:46:43,895 - INFO - Scraping page 41...
2025-06-04 06:46:44,355 - INFO - Found 60 links on page 39
2025-06-04 06:46:44,355 - INFO - Scraping page 42...
2025-06-04 06:46:46,042 - INFO - Found 60 links on page 40
2025-06-04 06:46:46,042 - INFO - Scraping page 43...
2025-06-04 06:46:47,170 - INFO - Found 60 links on page 41
2025-06-04 06:46:47,170 - INFO - Scraping page 44...
2025-06-04 06:46:47,807 - INFO - Found 60 links on page 42
2025-06-04 06:46:47,807 - INFO - Scraping page 45...
2025-06-04 06:46:49,571 - INFO - Found 60 links on page 43
2025-06-04 06:46:49,571 - INFO - Scraping page 46...
2025-06-04 06:46:51,003 - INFO - Found 60 links on page 44
2025-06-04 06:46:51,003 - INFO - Scraping page 47...
2025-06-04 06:46:51,435 - INFO - Found 60 links on page 45
2025-06-04 06:46:51,435 - INFO - Scraping page 48...
2025-06-04 06:46:53,480 - INFO - Found 60 links on page 46
2025-06-04 06:46:53,480 - INFO - Scraping page 49...
2025-06-04 06:46:55,125 - INFO - Found 60 links on page 47
2025-06-04 06:46:55,131 - INFO - Scraping page 50...
2025-06-04 06:46:55,280 - INFO - Found 60 links on page 48
2025-06-04 06:46:55,280 - INFO - Scraping page 51...
2025-06-04 06:46:57,007 - INFO - Found 60 links on page 49
2025-06-04 06:46:57,007 - INFO - Scraping page 52...
2025-06-04 06:46:58,820 - INFO - Found 60 links on page 50
2025-06-04 06:46:58,821 - INFO - Scraping page 53...
2025-06-04 06:46:59,065 - INFO - Found 60 links on page 51
2025-06-04 06:46:59,065 - INFO - Scraping page 54...
2025-06-04 06:47:00,245 - INFO - Found 60 links on page 52
2025-06-04 06:47:00,246 - INFO - Scraping page 55...
2025-06-04 06:47:02,276 - INFO - Found 60 links on page 53
2025-06-04 06:47:02,276 - INFO - Scraping page 56...
2025-06-04 06:47:02,872 - INFO - Found 60 links on page 54
2025-06-04 06:47:02,873 - INFO - Scraping page 57...
2025-06-04 06:47:04,428 - INFO - Found 60 links on page 55
2025-06-04 06:47:04,428 - INFO - Scraping page 58...
2025-06-04 06:47:05,868 - INFO - Found 60 links on page 56
2025-06-04 06:47:05,869 - INFO - Scraping page 59...
2025-06-04 06:47:06,420 - INFO - Found 60 links on page 57
2025-06-04 06:47:06,421 - INFO - Scraping page 60...
2025-06-04 06:47:08,403 - INFO - Found 60 links on page 58
2025-06-04 06:47:08,404 - INFO - Scraping page 61...
2025-06-04 06:47:09,293 - INFO - Found 60 links on page 59
2025-06-04 06:47:09,293 - INFO - Scraping page 62...
2025-06-04 06:47:09,886 - INFO - Found 60 links on page 60
2025-06-04 06:47:09,886 - INFO - Scraping page 63...
2025-06-04 06:47:11,823 - INFO - Found 60 links on page 61
2025-06-04 06:47:11,823 - INFO - Scraping page 64...
2025-06-04 06:47:13,657 - INFO - Found 60 links on page 63
2025-06-04 06:47:13,667 - INFO - Scraping page 65...
2025-06-04 06:47:13,761 - INFO - Found 60 links on page 62
2025-06-04 06:47:13,761 - INFO - Scraping page 66...
2025-06-04 06:47:15,275 - INFO - Found 60 links on page 64
2025-06-04 06:47:15,275 - INFO - Scraping page 67...
2025-06-04 06:47:17,457 - INFO - Found 60 links on page 66
2025-06-04 06:47:17,457 - INFO - Scraping page 68...
2025-06-04 06:47:17,850 - INFO - Found 60 links on page 65
2025-06-04 06:47:17,850 - INFO - Scraping page 69...
2025-06-04 06:47:19,264 - INFO - Found 60 links on page 67
2025-06-04 06:47:19,264 - INFO - Scraping page 70...
2025-06-04 06:47:21,098 - INFO - Found 60 links on page 68
2025-06-04 06:47:21,098 - INFO - Scraping page 71...
2025-06-04 06:47:21,455 - INFO - Found 60 links on page 69
2025-06-04 06:47:21,456 - INFO - Scraping page 72...
2025-06-04 06:47:22,833 - INFO - Found 60 links on page 70
2025-06-04 06:47:22,833 - INFO - Scraping page 73...
2025-06-04 06:47:25,258 - INFO - Found 60 links on page 71
2025-06-04 06:47:25,258 - INFO - Scraping page 74...
2025-06-04 06:47:25,832 - INFO - Found 60 links on page 72
2025-06-04 06:47:25,833 - INFO - Scraping page 75...
2025-06-04 06:47:26,722 - INFO - Found 60 links on page 73
2025-06-04 06:47:26,722 - INFO - Scraping page 76...
2025-06-04 06:47:28,895 - INFO - Found 60 links on page 74
2025-06-04 06:47:28,895 - INFO - Scraping page 77...
2025-06-04 06:47:29,945 - INFO - Found 60 links on page 75
2025-06-04 06:47:29,945 - INFO - Scraping page 78...
2025-06-04 06:47:30,569 - INFO - Found 60 links on page 76
2025-06-04 06:47:30,569 - INFO - Scraping page 79...
2025-06-04 06:47:33,494 - INFO - Found 60 links on page 77
2025-06-04 06:47:33,494 - INFO - Scraping page 80...
2025-06-04 06:47:33,787 - INFO - Found 60 links on page 78
2025-06-04 06:47:33,787 - INFO - Scraping page 81...
2025-06-04 06:47:34,408 - INFO - Found 60 links on page 79
2025-06-04 06:47:34,408 - INFO - Scraping page 82...
2025-06-04 06:47:37,169 - INFO - Found 60 links on page 80
2025-06-04 06:47:37,169 - INFO - Scraping page 83...
2025-06-04 06:47:37,685 - INFO - Found 60 links on page 81
2025-06-04 06:47:37,685 - INFO - Scraping page 84...
2025-06-04 06:47:38,017 - INFO - Found 60 links on page 82
2025-06-04 06:47:38,018 - INFO - Scraping page 85...
2025-06-04 06:47:40,571 - INFO - Found 60 links on page 83
2025-06-04 06:47:40,572 - INFO - Scraping page 86...
2025-06-04 06:47:41,145 - INFO - Found 60 links on page 84
2025-06-04 06:47:41,145 - INFO - Scraping page 87...
2025-06-04 06:47:41,878 - INFO - Found 60 links on page 85
2025-06-04 06:47:41,879 - INFO - Scraping page 88...
2025-06-04 06:47:44,019 - INFO - Found 60 links on page 86
2025-06-04 06:47:44,020 - INFO - Scraping page 89...
2025-06-04 06:47:44,825 - INFO - Found 60 links on page 87
2025-06-04 06:47:44,825 - INFO - Scraping page 90...
2025-06-04 06:47:45,569 - INFO - Found 60 links on page 88
2025-06-04 06:47:48,505 - INFO - Found 60 links on page 90
2025-06-04 06:47:48,592 - INFO - Found 60 links on page 89
2025-06-04 06:47:48,596 - INFO - Found 282 new links to scrape out of 5400 total links
2025-06-04 06:47:48,596 - INFO - Processing batch 1/6 (50 links)
2025-06-04 06:47:54,493 - INFO - Progress: 10/50 ads processed
2025-06-04 06:47:59,529 - INFO - Progress: 20/50 ads processed
2025-06-04 06:48:04,656 - INFO - Progress: 30/50 ads processed
2025-06-04 06:48:09,376 - INFO - Progress: 40/50 ads processed
2025-06-04 06:48:14,192 - INFO - Progress: 50/50 ads processed
2025-06-04 06:48:14,226 - INFO - Created backup of existing data file at unegui_data/unegui_rental_data.csv.bak
2025-06-04 06:48:14,357 - INFO - Data saved to unegui_data/unegui_rental_data.csv: 10372 records
2025-06-04 06:48:14,690 - INFO - Cache saved with 10637 URLs
2025-06-04 06:48:14,690 - INFO - Saved batch data. Total records: 10372
2025-06-04 06:48:14,691 - INFO - Processing batch 2/6 (50 links)
2025-06-04 06:48:19,998 - INFO - Progress: 10/50 ads processed
2025-06-04 06:48:25,445 - INFO - Progress: 20/50 ads processed
2025-06-04 06:48:30,458 - INFO - Progress: 30/50 ads processed
2025-06-04 06:48:35,427 - INFO - Progress: 40/50 ads processed
2025-06-04 06:48:40,448 - INFO - Progress: 50/50 ads processed
2025-06-04 06:48:40,481 - INFO - Created backup of existing data file at unegui_data/unegui_rental_data.csv.bak
2025-06-04 06:48:40,603 - INFO - Data saved to unegui_data/unegui_rental_data.csv: 10420 records
2025-06-04 06:48:40,940 - INFO - Cache saved with 10687 URLs
2025-06-04 06:48:40,940 - INFO - Saved batch data. Total records: 10420
2025-06-04 06:48:40,940 - INFO - Processing batch 3/6 (50 links)
2025-06-04 06:48:46,092 - INFO - Progress: 10/50 ads processed
2025-06-04 06:48:51,554 - INFO - Progress: 20/50 ads processed
2025-06-04 06:48:56,676 - INFO - Progress: 30/50 ads processed
2025-06-04 06:49:01,458 - INFO - Progress: 40/50 ads processed
2025-06-04 06:49:06,187 - INFO - Progress: 50/50 ads processed
2025-06-04 06:49:06,221 - INFO - Created backup of existing data file at unegui_data/unegui_rental_data.csv.bak
2025-06-04 06:49:06,346 - INFO - Data saved to unegui_data/unegui_rental_data.csv: 10470 records
2025-06-04 06:49:06,688 - INFO - Cache saved with 10737 URLs
2025-06-04 06:49:06,688 - INFO - Saved batch data. Total records: 10470
2025-06-04 06:49:06,689 - INFO - Processing batch 4/6 (50 links)
2025-06-04 06:49:12,159 - INFO - Progress: 10/50 ads processed
2025-06-04 06:49:16,849 - INFO - Progress: 20/50 ads processed
2025-06-04 06:49:22,328 - INFO - Progress: 30/50 ads processed
2025-06-04 06:49:27,165 - INFO - Progress: 40/50 ads processed
2025-06-04 06:49:32,653 - INFO - Progress: 50/50 ads processed
2025-06-04 06:49:32,687 - INFO - Created backup of existing data file at unegui_data/unegui_rental_data.csv.bak
2025-06-04 06:49:32,810 - INFO - Data saved to unegui_data/unegui_rental_data.csv: 10519 records
2025-06-04 06:49:33,151 - INFO - Cache saved with 10787 URLs
2025-06-04 06:49:33,151 - INFO - Saved batch data. Total records: 10519
2025-06-04 06:49:33,151 - INFO - Processing batch 5/6 (50 links)
2025-06-04 06:49:38,634 - INFO - Progress: 10/50 ads processed
2025-06-04 06:49:43,223 - INFO - Progress: 20/50 ads processed
2025-06-04 06:49:48,307 - INFO - Progress: 30/50 ads processed
2025-06-04 06:49:53,855 - INFO - Progress: 40/50 ads processed
2025-06-04 06:49:58,521 - INFO - Progress: 50/50 ads processed
2025-06-04 06:49:58,557 - INFO - Created backup of existing data file at unegui_data/unegui_rental_data.csv.bak
2025-06-04 06:49:58,686 - INFO - Data saved to unegui_data/unegui_rental_data.csv: 10569 records
2025-06-04 06:49:59,033 - INFO - Cache saved with 10837 URLs
2025-06-04 06:49:59,033 - INFO - Saved batch data. Total records: 10569
2025-06-04 06:49:59,033 - INFO - Processing batch 6/6 (32 links)
2025-06-04 06:50:04,319 - INFO - Progress: 10/32 ads processed
2025-06-04 06:50:09,306 - INFO - Progress: 20/32 ads processed
2025-06-04 06:50:14,603 - INFO - Progress: 30/32 ads processed
2025-06-04 06:50:16,884 - INFO - Progress: 32/32 ads processed
2025-06-04 06:50:16,919 - INFO - Created backup of existing data file at unegui_data/unegui_rental_data.csv.bak
2025-06-04 06:50:17,045 - INFO - Data saved to unegui_data/unegui_rental_data.csv: 10600 records
2025-06-04 06:50:17,381 - INFO - Cache saved with 10869 URLs
2025-06-04 06:50:17,381 - INFO - Saved batch data. Total records: 10600
2025-06-04 06:50:17,382 - INFO - Scraping completed in 0:04:21.607985. Total ads collected: 10600
