2025-06-05 06:47:18,526 - INFO - Starting rental apartment scraper at 2025-06-05 06:47:18.525987
2025-06-05 06:47:18,618 - INFO - Loaded existing data from unegui_data/unegui_rental_data.csv: 10600 records
2025-06-05 06:47:18,733 - INFO - Loaded 10600 existing records
2025-06-05 06:47:18,735 - INFO - Scraping page 1...
2025-06-05 06:47:18,736 - INFO - Scraping page 2...
2025-06-05 06:47:18,736 - INFO - Scraping page 3...
2025-06-05 06:47:22,422 - INFO - Found 60 links on page 3
2025-06-05 06:47:22,422 - INFO - Scraping page 4...
2025-06-05 06:47:23,083 - INFO - Found 60 links on page 1
2025-06-05 06:47:23,084 - INFO - Scraping page 5...
2025-06-05 06:47:23,270 - INFO - Found 60 links on page 2
2025-06-05 06:47:23,270 - INFO - Scraping page 6...
2025-06-05 06:47:26,068 - INFO - Found 60 links on page 4
2025-06-05 06:47:26,068 - INFO - Scraping page 7...
2025-06-05 06:47:26,611 - INFO - Found 60 links on page 5
2025-06-05 06:47:26,611 - INFO - Scraping page 8...
2025-06-05 06:47:26,797 - INFO - Found 60 links on page 6
2025-06-05 06:47:26,797 - INFO - Scraping page 9...
2025-06-05 06:47:29,564 - INFO - Found 60 links on page 7
2025-06-05 06:47:29,564 - INFO - Scraping page 10...
2025-06-05 06:47:30,225 - INFO - Found 60 links on page 9
2025-06-05 06:47:30,226 - INFO - Scraping page 11...
2025-06-05 06:47:30,885 - INFO - Found 60 links on page 8
2025-06-05 06:47:30,885 - INFO - Scraping page 12...
2025-06-05 06:47:33,571 - INFO - Found 60 links on page 10
2025-06-05 06:47:33,571 - INFO - Scraping page 13...
2025-06-05 06:47:34,250 - INFO - Found 60 links on page 11
2025-06-05 06:47:34,250 - INFO - Scraping page 14...
2025-06-05 06:47:34,627 - INFO - Found 60 links on page 12
2025-06-05 06:47:34,627 - INFO - Scraping page 15...
2025-06-05 06:47:37,325 - INFO - Found 60 links on page 13
2025-06-05 06:47:37,325 - INFO - Scraping page 16...
2025-06-05 06:47:38,018 - INFO - Found 60 links on page 14
2025-06-05 06:47:38,018 - INFO - Scraping page 17...
2025-06-05 06:47:38,377 - INFO - Found 60 links on page 15
2025-06-05 06:47:38,377 - INFO - Scraping page 18...
2025-06-05 06:47:41,084 - INFO - Found 60 links on page 16
2025-06-05 06:47:41,084 - INFO - Scraping page 19...
2025-06-05 06:47:41,859 - INFO - Found 60 links on page 17
2025-06-05 06:47:41,860 - INFO - Scraping page 20...
2025-06-05 06:47:42,104 - INFO - Found 60 links on page 18
2025-06-05 06:47:42,104 - INFO - Scraping page 21...
2025-06-05 06:47:44,880 - INFO - Found 60 links on page 19
2025-06-05 06:47:44,880 - INFO - Scraping page 22...
2025-06-05 06:47:45,294 - INFO - Found 60 links on page 20
2025-06-05 06:47:45,294 - INFO - Scraping page 23...
2025-06-05 06:47:45,841 - INFO - Found 60 links on page 21
2025-06-05 06:47:45,841 - INFO - Scraping page 24...
2025-06-05 06:47:48,427 - INFO - Found 60 links on page 22
2025-06-05 06:47:48,427 - INFO - Scraping page 25...
2025-06-05 06:47:49,009 - INFO - Found 60 links on page 23
2025-06-05 06:47:49,010 - INFO - Scraping page 26...
2025-06-05 06:47:49,356 - INFO - Found 60 links on page 24
2025-06-05 06:47:49,356 - INFO - Scraping page 27...
2025-06-05 06:47:53,015 - INFO - Found 60 links on page 25
2025-06-05 06:47:53,047 - INFO - Scraping page 28...
2025-06-05 06:47:53,097 - INFO - Found 60 links on page 26
2025-06-05 06:47:53,107 - INFO - Scraping page 29...
2025-06-05 06:47:53,194 - INFO - Found 60 links on page 27
2025-06-05 06:47:53,194 - INFO - Scraping page 30...
2025-06-05 06:47:56,502 - INFO - Found 60 links on page 29
2025-06-05 06:47:56,503 - INFO - Scraping page 31...
2025-06-05 06:47:56,800 - INFO - Found 60 links on page 28
2025-06-05 06:47:56,801 - INFO - Scraping page 32...
2025-06-05 06:47:57,150 - INFO - Found 60 links on page 30
2025-06-05 06:47:57,150 - INFO - Scraping page 33...
2025-06-05 06:47:59,970 - INFO - Found 60 links on page 31
2025-06-05 06:47:59,970 - INFO - Scraping page 34...
2025-06-05 06:48:00,639 - INFO - Found 60 links on page 32
2025-06-05 06:48:00,639 - INFO - Scraping page 35...
2025-06-05 06:48:01,958 - INFO - Found 60 links on page 33
2025-06-05 06:48:01,959 - INFO - Scraping page 36...
2025-06-05 06:48:03,682 - INFO - Found 60 links on page 34
2025-06-05 06:48:03,682 - INFO - Scraping page 37...
2025-06-05 06:48:04,178 - INFO - Found 60 links on page 35
2025-06-05 06:48:04,178 - INFO - Scraping page 38...
2025-06-05 06:48:06,928 - INFO - Found 60 links on page 36
2025-06-05 06:48:06,928 - INFO - Scraping page 39...
2025-06-05 06:48:07,554 - INFO - Found 60 links on page 37
2025-06-05 06:48:07,554 - INFO - Scraping page 40...
2025-06-05 06:48:07,735 - INFO - Found 60 links on page 38
2025-06-05 06:48:07,735 - INFO - Scraping page 41...
2025-06-05 06:48:10,510 - INFO - Found 60 links on page 39
2025-06-05 06:48:10,510 - INFO - Scraping page 42...
2025-06-05 06:48:11,011 - INFO - Found 60 links on page 40
2025-06-05 06:48:11,011 - INFO - Scraping page 43...
2025-06-05 06:48:11,399 - INFO - Found 60 links on page 41
2025-06-05 06:48:11,399 - INFO - Scraping page 44...
2025-06-05 06:48:13,928 - INFO - Found 60 links on page 42
2025-06-05 06:48:13,929 - INFO - Scraping page 45...
2025-06-05 06:48:14,983 - INFO - Found 60 links on page 44
2025-06-05 06:48:14,983 - INFO - Scraping page 46...
2025-06-05 06:48:15,425 - INFO - Found 60 links on page 43
2025-06-05 06:48:15,425 - INFO - Scraping page 47...
2025-06-05 06:48:18,279 - INFO - Found 60 links on page 45
2025-06-05 06:48:18,279 - INFO - Scraping page 48...
2025-06-05 06:48:18,768 - INFO - Found 60 links on page 46
2025-06-05 06:48:18,769 - INFO - Scraping page 49...
2025-06-05 06:48:19,233 - INFO - Found 60 links on page 47
2025-06-05 06:48:19,233 - INFO - Scraping page 50...
2025-06-05 06:48:22,162 - INFO - Found 60 links on page 48
2025-06-05 06:48:22,163 - INFO - Scraping page 51...
2025-06-05 06:48:22,683 - INFO - Found 60 links on page 50
2025-06-05 06:48:22,683 - INFO - Scraping page 52...
2025-06-05 06:48:23,213 - INFO - Found 60 links on page 49
2025-06-05 06:48:23,213 - INFO - Scraping page 53...
2025-06-05 06:48:26,110 - INFO - Found 60 links on page 51
2025-06-05 06:48:26,120 - INFO - Scraping page 54...
2025-06-05 06:48:26,253 - INFO - Found 60 links on page 52
2025-06-05 06:48:26,254 - INFO - Scraping page 55...
2025-06-05 06:48:26,865 - INFO - Found 60 links on page 53
2025-06-05 06:48:26,865 - INFO - Scraping page 56...
2025-06-05 06:48:30,172 - INFO - Found 60 links on page 55
2025-06-05 06:48:30,172 - INFO - Scraping page 57...
2025-06-05 06:48:30,696 - INFO - Found 60 links on page 54
2025-06-05 06:48:30,696 - INFO - Scraping page 58...
2025-06-05 06:48:31,311 - INFO - Found 60 links on page 56
2025-06-05 06:48:31,311 - INFO - Scraping page 59...
2025-06-05 06:48:33,958 - INFO - Found 60 links on page 57
2025-06-05 06:48:33,959 - INFO - Scraping page 60...
2025-06-05 06:48:34,870 - INFO - Found 60 links on page 59
2025-06-05 06:48:34,870 - INFO - Scraping page 61...
2025-06-05 06:48:35,185 - INFO - Found 60 links on page 58
2025-06-05 06:48:35,185 - INFO - Scraping page 62...
2025-06-05 06:48:37,376 - INFO - Found 60 links on page 60
2025-06-05 06:48:37,376 - INFO - Scraping page 63...
2025-06-05 06:48:38,764 - INFO - Found 60 links on page 62
2025-06-05 06:48:38,765 - INFO - Scraping page 64...
2025-06-05 06:48:39,218 - INFO - Found 60 links on page 61
2025-06-05 06:48:39,219 - INFO - Scraping page 65...
2025-06-05 06:48:40,906 - INFO - Found 60 links on page 63
2025-06-05 06:48:40,907 - INFO - Scraping page 66...
2025-06-05 06:48:42,299 - INFO - Found 60 links on page 64
2025-06-05 06:48:42,299 - INFO - Scraping page 67...
2025-06-05 06:48:43,173 - INFO - Found 60 links on page 65
2025-06-05 06:48:43,174 - INFO - Scraping page 68...
2025-06-05 06:48:44,601 - INFO - Found 60 links on page 66
2025-06-05 06:48:44,601 - INFO - Scraping page 69...
2025-06-05 06:48:45,677 - INFO - Found 60 links on page 67
2025-06-05 06:48:45,677 - INFO - Scraping page 70...
2025-06-05 06:48:46,855 - INFO - Found 60 links on page 68
2025-06-05 06:48:46,855 - INFO - Scraping page 71...
2025-06-05 06:48:48,840 - INFO - Found 60 links on page 69
2025-06-05 06:48:48,841 - INFO - Scraping page 72...
2025-06-05 06:48:49,642 - INFO - Found 60 links on page 70
2025-06-05 06:48:49,642 - INFO - Scraping page 73...
2025-06-05 06:48:50,467 - INFO - Found 60 links on page 71
2025-06-05 06:48:50,468 - INFO - Scraping page 74...
2025-06-05 06:48:52,546 - INFO - Found 60 links on page 72
2025-06-05 06:48:52,546 - INFO - Scraping page 75...
2025-06-05 06:48:53,089 - INFO - Found 60 links on page 73
2025-06-05 06:48:53,089 - INFO - Scraping page 76...
2025-06-05 06:48:53,944 - INFO - Found 60 links on page 74
2025-06-05 06:48:53,944 - INFO - Scraping page 77...
2025-06-05 06:48:56,008 - INFO - Found 60 links on page 75
2025-06-05 06:48:56,008 - INFO - Scraping page 78...
2025-06-05 06:48:56,792 - INFO - Found 60 links on page 76
2025-06-05 06:48:56,792 - INFO - Scraping page 79...
2025-06-05 06:48:57,443 - INFO - Found 60 links on page 77
2025-06-05 06:48:57,443 - INFO - Scraping page 80...
2025-06-05 06:48:59,531 - INFO - Found 60 links on page 78
2025-06-05 06:48:59,531 - INFO - Scraping page 81...
2025-06-05 06:49:00,553 - INFO - Found 60 links on page 79
2025-06-05 06:49:00,553 - INFO - Scraping page 82...
2025-06-05 06:49:01,409 - INFO - Found 60 links on page 80
2025-06-05 06:49:01,409 - INFO - Scraping page 83...
2025-06-05 06:49:03,202 - INFO - Found 60 links on page 81
2025-06-05 06:49:03,202 - INFO - Scraping page 84...
2025-06-05 06:49:04,724 - INFO - Found 60 links on page 82
2025-06-05 06:49:04,724 - INFO - Scraping page 85...
2025-06-05 06:49:04,985 - INFO - Found 60 links on page 83
2025-06-05 06:49:04,985 - INFO - Scraping page 86...
2025-06-05 06:49:06,835 - INFO - Found 60 links on page 84
2025-06-05 06:49:06,836 - INFO - Scraping page 87...
2025-06-05 06:49:08,068 - INFO - Found 60 links on page 85
2025-06-05 06:49:08,068 - INFO - Scraping page 88...
2025-06-05 06:49:08,508 - INFO - Found 60 links on page 86
2025-06-05 06:49:08,508 - INFO - Scraping page 89...
2025-06-05 06:49:10,353 - INFO - Found 60 links on page 87
2025-06-05 06:49:10,353 - INFO - Scraping page 90...
2025-06-05 06:49:12,219 - INFO - Found 60 links on page 89
2025-06-05 06:49:12,472 - INFO - Found 60 links on page 88
2025-06-05 06:49:13,783 - INFO - Found 48 links on page 90
2025-06-05 06:49:13,787 - INFO - Found 267 new links to scrape out of 5388 total links
2025-06-05 06:49:13,787 - INFO - Processing batch 1/6 (50 links)
2025-06-05 06:49:19,990 - INFO - Progress: 10/50 ads processed
2025-06-05 06:49:24,906 - INFO - Progress: 20/50 ads processed
2025-06-05 06:49:29,937 - INFO - Progress: 30/50 ads processed
2025-06-05 06:49:35,380 - INFO - Progress: 40/50 ads processed
2025-06-05 06:49:40,374 - INFO - Progress: 50/50 ads processed
2025-06-05 06:49:40,409 - INFO - Created backup of existing data file at unegui_data/unegui_rental_data.csv.bak
2025-06-05 06:49:40,539 - INFO - Data saved to unegui_data/unegui_rental_data.csv: 10650 records
2025-06-05 06:49:40,892 - INFO - Cache saved with 10919 URLs
2025-06-05 06:49:40,892 - INFO - Saved batch data. Total records: 10650
2025-06-05 06:49:40,892 - INFO - Processing batch 2/6 (50 links)
2025-06-05 06:49:46,727 - INFO - Progress: 10/50 ads processed
2025-06-05 06:49:52,038 - INFO - Progress: 20/50 ads processed
2025-06-05 06:49:57,033 - INFO - Progress: 30/50 ads processed
2025-06-05 06:50:02,347 - INFO - Progress: 40/50 ads processed
2025-06-05 06:50:07,397 - INFO - Progress: 50/50 ads processed
2025-06-05 06:50:07,433 - INFO - Created backup of existing data file at unegui_data/unegui_rental_data.csv.bak
2025-06-05 06:50:07,562 - INFO - Data saved to unegui_data/unegui_rental_data.csv: 10697 records
2025-06-05 06:50:07,916 - INFO - Cache saved with 10969 URLs
2025-06-05 06:50:07,917 - INFO - Saved batch data. Total records: 10697
2025-06-05 06:50:07,917 - INFO - Processing batch 3/6 (50 links)
2025-06-05 06:50:13,167 - INFO - Progress: 10/50 ads processed
2025-06-05 06:50:19,074 - INFO - Progress: 20/50 ads processed
2025-06-05 06:50:23,718 - INFO - Progress: 30/50 ads processed
2025-06-05 06:50:28,763 - INFO - Progress: 40/50 ads processed
2025-06-05 06:50:34,138 - INFO - Progress: 50/50 ads processed
2025-06-05 06:50:34,173 - INFO - Created backup of existing data file at unegui_data/unegui_rental_data.csv.bak
2025-06-05 06:50:34,304 - INFO - Data saved to unegui_data/unegui_rental_data.csv: 10743 records
2025-06-05 06:50:34,659 - INFO - Cache saved with 11019 URLs
2025-06-05 06:50:34,659 - INFO - Saved batch data. Total records: 10743
2025-06-05 06:50:34,659 - INFO - Processing batch 4/6 (50 links)
2025-06-05 06:50:40,179 - INFO - Progress: 10/50 ads processed
2025-06-05 06:50:45,503 - INFO - Progress: 20/50 ads processed
2025-06-05 06:50:50,923 - INFO - Progress: 30/50 ads processed
2025-06-05 06:50:55,784 - INFO - Progress: 40/50 ads processed
2025-06-05 06:51:00,741 - INFO - Progress: 50/50 ads processed
2025-06-05 06:51:00,776 - INFO - Created backup of existing data file at unegui_data/unegui_rental_data.csv.bak
2025-06-05 06:51:00,906 - INFO - Data saved to unegui_data/unegui_rental_data.csv: 10790 records
2025-06-05 06:51:01,262 - INFO - Cache saved with 11069 URLs
2025-06-05 06:51:01,262 - INFO - Saved batch data. Total records: 10790
2025-06-05 06:51:01,262 - INFO - Processing batch 5/6 (50 links)
2025-06-05 06:51:07,188 - INFO - Progress: 10/50 ads processed
2025-06-05 06:51:12,112 - INFO - Progress: 20/50 ads processed
2025-06-05 06:51:16,871 - INFO - Progress: 30/50 ads processed
2025-06-05 06:51:22,607 - INFO - Progress: 40/50 ads processed
2025-06-05 06:51:27,836 - INFO - Progress: 50/50 ads processed
2025-06-05 06:51:27,871 - INFO - Created backup of existing data file at unegui_data/unegui_rental_data.csv.bak
2025-06-05 06:51:28,003 - INFO - Data saved to unegui_data/unegui_rental_data.csv: 10840 records
2025-06-05 06:51:28,355 - INFO - Cache saved with 11119 URLs
2025-06-05 06:51:28,355 - INFO - Saved batch data. Total records: 10840
2025-06-05 06:51:28,355 - INFO - Processing batch 6/6 (17 links)
2025-06-05 06:51:34,052 - INFO - Progress: 10/17 ads processed
2025-06-05 06:51:38,450 - INFO - Progress: 17/17 ads processed
2025-06-05 06:51:38,485 - INFO - Created backup of existing data file at unegui_data/unegui_rental_data.csv.bak
2025-06-05 06:51:38,617 - INFO - Data saved to unegui_data/unegui_rental_data.csv: 10857 records
2025-06-05 06:51:38,978 - INFO - Cache saved with 11136 URLs
2025-06-05 06:51:38,978 - INFO - Saved batch data. Total records: 10857
2025-06-05 06:51:38,978 - INFO - Scraping completed in 0:04:20.452454. Total ads collected: 10857
