2025-06-27 06:46:01,314 - INFO - Starting rental apartment scraper at 2025-06-27 06:46:01.314054
2025-06-27 06:46:01,447 - INFO - Loaded existing data from unegui_data/unegui_rental_data.csv: 15606 records
2025-06-27 06:46:01,614 - INFO - Loaded 15606 existing records
2025-06-27 06:46:01,616 - INFO - Scraping page 1...
2025-06-27 06:46:01,616 - INFO - Scraping page 2...
2025-06-27 06:46:01,617 - INFO - Scraping page 3...
2025-06-27 06:46:05,153 - INFO - Found 60 links on page 2
2025-06-27 06:46:05,153 - INFO - Scraping page 4...
2025-06-27 06:46:05,807 - INFO - Found 60 links on page 1
2025-06-27 06:46:05,807 - INFO - Scraping page 5...
2025-06-27 06:46:06,281 - INFO - Found 60 links on page 3
2025-06-27 06:46:06,281 - INFO - Scraping page 6...
2025-06-27 06:46:08,964 - INFO - Found 60 links on page 4
2025-06-27 06:46:08,964 - INFO - Scraping page 7...
2025-06-27 06:46:09,248 - INFO - Found 60 links on page 5
2025-06-27 06:46:09,249 - INFO - Scraping page 8...
2025-06-27 06:46:10,065 - INFO - Found 60 links on page 6
2025-06-27 06:46:10,065 - INFO - Scraping page 9...
2025-06-27 06:46:12,489 - INFO - Found 60 links on page 7
2025-06-27 06:46:12,489 - INFO - Scraping page 10...
2025-06-27 06:46:13,123 - INFO - Found 60 links on page 8
2025-06-27 06:46:13,124 - INFO - Scraping page 11...
2025-06-27 06:46:14,188 - INFO - Found 60 links on page 9
2025-06-27 06:46:14,188 - INFO - Scraping page 12...
2025-06-27 06:46:16,469 - INFO - Found 60 links on page 10
2025-06-27 06:46:16,470 - INFO - Scraping page 13...
2025-06-27 06:46:16,681 - INFO - Found 60 links on page 11
2025-06-27 06:46:16,682 - INFO - Scraping page 14...
2025-06-27 06:46:17,596 - INFO - Found 60 links on page 12
2025-06-27 06:46:17,596 - INFO - Scraping page 15...
2025-06-27 06:46:20,275 - INFO - Found 60 links on page 14
2025-06-27 06:46:20,280 - INFO - Scraping page 16...
2025-06-27 06:46:20,404 - INFO - Found 60 links on page 13
2025-06-27 06:46:20,404 - INFO - Scraping page 17...
2025-06-27 06:46:21,218 - INFO - Found 60 links on page 15
2025-06-27 06:46:21,219 - INFO - Scraping page 18...
2025-06-27 06:46:23,796 - INFO - Found 60 links on page 17
2025-06-27 06:46:23,796 - INFO - Scraping page 19...
2025-06-27 06:46:24,829 - INFO - Found 60 links on page 16
2025-06-27 06:46:24,840 - INFO - Scraping page 20...
2025-06-27 06:46:24,992 - INFO - Found 60 links on page 18
2025-06-27 06:46:24,992 - INFO - Scraping page 21...
2025-06-27 06:46:27,298 - INFO - Found 60 links on page 19
2025-06-27 06:46:27,298 - INFO - Scraping page 22...
2025-06-27 06:46:28,479 - INFO - Found 60 links on page 20
2025-06-27 06:46:28,479 - INFO - Scraping page 23...
2025-06-27 06:46:28,722 - INFO - Found 60 links on page 21
2025-06-27 06:46:28,722 - INFO - Scraping page 24...
2025-06-27 06:46:30,803 - INFO - Found 60 links on page 22
2025-06-27 06:46:30,803 - INFO - Scraping page 25...
2025-06-27 06:46:31,908 - INFO - Found 60 links on page 23
2025-06-27 06:46:31,909 - INFO - Scraping page 26...
2025-06-27 06:46:32,482 - INFO - Found 60 links on page 24
2025-06-27 06:46:32,482 - INFO - Scraping page 27...
2025-06-27 06:46:34,069 - INFO - Found 60 links on page 25
2025-06-27 06:46:34,069 - INFO - Scraping page 28...
2025-06-27 06:46:35,761 - INFO - Found 60 links on page 26
2025-06-27 06:46:35,761 - INFO - Scraping page 29...
2025-06-27 06:46:36,368 - INFO - Found 60 links on page 27
2025-06-27 06:46:36,369 - INFO - Scraping page 30...
2025-06-27 06:46:37,371 - INFO - Found 60 links on page 28
2025-06-27 06:46:37,371 - INFO - Scraping page 31...
2025-06-27 06:46:39,188 - INFO - Found 60 links on page 29
2025-06-27 06:46:39,188 - INFO - Scraping page 32...
2025-06-27 06:46:40,167 - INFO - Found 60 links on page 30
2025-06-27 06:46:40,167 - INFO - Scraping page 33...
2025-06-27 06:46:41,173 - INFO - Found 60 links on page 31
2025-06-27 06:46:41,173 - INFO - Scraping page 34...
2025-06-27 06:46:42,926 - INFO - Found 60 links on page 32
2025-06-27 06:46:42,926 - INFO - Scraping page 35...
2025-06-27 06:46:44,382 - INFO - Found 60 links on page 33
2025-06-27 06:46:44,382 - INFO - Scraping page 36...
2025-06-27 06:46:44,839 - INFO - Found 60 links on page 34
2025-06-27 06:46:44,839 - INFO - Scraping page 37...
2025-06-27 06:46:46,721 - INFO - Found 60 links on page 35
2025-06-27 06:46:46,721 - INFO - Scraping page 38...
2025-06-27 06:46:48,119 - INFO - Found 60 links on page 36
2025-06-27 06:46:48,120 - INFO - Scraping page 39...
2025-06-27 06:46:48,906 - INFO - Found 60 links on page 37
2025-06-27 06:46:48,906 - INFO - Scraping page 40...
2025-06-27 06:46:50,419 - INFO - Found 60 links on page 38
2025-06-27 06:46:50,419 - INFO - Scraping page 41...
2025-06-27 06:46:51,862 - INFO - Found 60 links on page 39
2025-06-27 06:46:51,862 - INFO - Scraping page 42...
2025-06-27 06:46:52,396 - INFO - Found 60 links on page 40
2025-06-27 06:46:52,397 - INFO - Scraping page 43...
2025-06-27 06:46:54,374 - INFO - Found 60 links on page 41
2025-06-27 06:46:54,374 - INFO - Scraping page 44...
2025-06-27 06:46:55,717 - INFO - Found 60 links on page 42
2025-06-27 06:46:55,717 - INFO - Scraping page 45...
2025-06-27 06:46:56,146 - INFO - Found 60 links on page 43
2025-06-27 06:46:56,146 - INFO - Scraping page 46...
2025-06-27 06:46:57,936 - INFO - Found 60 links on page 44
2025-06-27 06:46:57,936 - INFO - Scraping page 47...
2025-06-27 06:46:59,643 - INFO - Found 60 links on page 46
2025-06-27 06:46:59,648 - INFO - Scraping page 48...
2025-06-27 06:46:59,718 - INFO - Found 60 links on page 45
2025-06-27 06:46:59,718 - INFO - Scraping page 49...
2025-06-27 06:47:01,443 - INFO - Found 60 links on page 47
2025-06-27 06:47:01,443 - INFO - Scraping page 50...
2025-06-27 06:47:03,381 - INFO - Found 60 links on page 49
2025-06-27 06:47:03,386 - INFO - Scraping page 51...
2025-06-27 06:47:03,502 - INFO - Found 60 links on page 48
2025-06-27 06:47:03,502 - INFO - Scraping page 52...
2025-06-27 06:47:06,309 - INFO - Found 60 links on page 50
2025-06-27 06:47:06,309 - INFO - Scraping page 53...
2025-06-27 06:47:06,897 - INFO - Found 60 links on page 51
2025-06-27 06:47:06,903 - INFO - Scraping page 54...
2025-06-27 06:47:07,089 - INFO - Found 60 links on page 52
2025-06-27 06:47:07,089 - INFO - Scraping page 55...
2025-06-27 06:47:10,435 - INFO - Found 60 links on page 53
2025-06-27 06:47:10,436 - INFO - Scraping page 56...
2025-06-27 06:47:10,621 - INFO - Found 60 links on page 54
2025-06-27 06:47:10,622 - INFO - Scraping page 57...
2025-06-27 06:47:11,017 - INFO - Found 60 links on page 55
2025-06-27 06:47:11,017 - INFO - Scraping page 58...
2025-06-27 06:47:14,271 - INFO - Found 60 links on page 57
2025-06-27 06:47:14,271 - INFO - Scraping page 59...
2025-06-27 06:47:14,785 - INFO - Found 60 links on page 58
2025-06-27 06:47:14,785 - INFO - Scraping page 60...
2025-06-27 06:47:15,205 - INFO - Found 60 links on page 56
2025-06-27 06:47:15,205 - INFO - Scraping page 61...
2025-06-27 06:47:17,969 - INFO - Found 60 links on page 59
2025-06-27 06:47:17,969 - INFO - Scraping page 62...
2025-06-27 06:47:18,147 - INFO - Found 60 links on page 60
2025-06-27 06:47:18,148 - INFO - Scraping page 63...
2025-06-27 06:47:18,464 - INFO - Found 60 links on page 61
2025-06-27 06:47:18,464 - INFO - Scraping page 64...
2025-06-27 06:47:21,433 - INFO - Found 60 links on page 62
2025-06-27 06:47:21,433 - INFO - Scraping page 65...
2025-06-27 06:47:21,849 - INFO - Found 60 links on page 63
2025-06-27 06:47:21,849 - INFO - Scraping page 66...
2025-06-27 06:47:22,183 - INFO - Found 60 links on page 64
2025-06-27 06:47:22,183 - INFO - Scraping page 67...
2025-06-27 06:47:24,894 - INFO - Found 60 links on page 65
2025-06-27 06:47:24,894 - INFO - Scraping page 68...
2025-06-27 06:47:25,326 - INFO - Found 60 links on page 66
2025-06-27 06:47:25,326 - INFO - Scraping page 69...
2025-06-27 06:47:25,644 - INFO - Found 60 links on page 67
2025-06-27 06:47:25,644 - INFO - Scraping page 70...
2025-06-27 06:47:28,343 - INFO - Found 60 links on page 68
2025-06-27 06:47:28,343 - INFO - Scraping page 71...
2025-06-27 06:47:28,975 - INFO - Found 60 links on page 70
2025-06-27 06:47:28,975 - INFO - Scraping page 72...
2025-06-27 06:47:29,340 - INFO - Found 60 links on page 69
2025-06-27 06:47:29,340 - INFO - Scraping page 73...
2025-06-27 06:47:31,962 - INFO - Found 60 links on page 71
2025-06-27 06:47:31,963 - INFO - Scraping page 74...
2025-06-27 06:47:32,928 - INFO - Found 60 links on page 73
2025-06-27 06:47:32,928 - INFO - Scraping page 75...
2025-06-27 06:47:33,168 - INFO - Found 60 links on page 72
2025-06-27 06:47:33,168 - INFO - Scraping page 76...
2025-06-27 06:47:35,925 - INFO - Found 60 links on page 74
2025-06-27 06:47:35,925 - INFO - Scraping page 77...
2025-06-27 06:47:36,525 - INFO - Found 60 links on page 76
2025-06-27 06:47:36,526 - INFO - Scraping page 78...
2025-06-27 06:47:37,074 - INFO - Found 60 links on page 75
2025-06-27 06:47:37,074 - INFO - Scraping page 79...
2025-06-27 06:47:39,481 - INFO - Found 60 links on page 77
2025-06-27 06:47:39,481 - INFO - Scraping page 80...
2025-06-27 06:47:40,002 - INFO - Found 60 links on page 78
2025-06-27 06:47:40,002 - INFO - Scraping page 81...
2025-06-27 06:47:41,248 - INFO - Found 60 links on page 79
2025-06-27 06:47:41,249 - INFO - Scraping page 82...
2025-06-27 06:47:43,048 - INFO - Found 60 links on page 80
2025-06-27 06:47:43,048 - INFO - Scraping page 83...
2025-06-27 06:47:43,702 - INFO - Found 60 links on page 81
2025-06-27 06:47:43,702 - INFO - Scraping page 84...
2025-06-27 06:47:44,846 - INFO - Found 60 links on page 82
2025-06-27 06:47:44,846 - INFO - Scraping page 85...
2025-06-27 06:47:46,485 - INFO - Found 60 links on page 83
2025-06-27 06:47:46,485 - INFO - Scraping page 86...
2025-06-27 06:47:47,323 - INFO - Found 60 links on page 84
2025-06-27 06:47:47,323 - INFO - Scraping page 87...
2025-06-27 06:47:48,835 - INFO - Found 60 links on page 85
2025-06-27 06:47:48,835 - INFO - Scraping page 88...
2025-06-27 06:47:50,145 - INFO - Found 60 links on page 86
2025-06-27 06:47:50,145 - INFO - Scraping page 89...
2025-06-27 06:47:51,484 - INFO - Found 60 links on page 87
2025-06-27 06:47:51,484 - INFO - Scraping page 90...
2025-06-27 06:47:52,668 - INFO - Found 60 links on page 88
2025-06-27 06:47:53,806 - INFO - Found 60 links on page 89
2025-06-27 06:47:55,439 - INFO - Found 60 links on page 90
2025-06-27 06:47:55,443 - INFO - Found 244 new links to scrape out of 5400 total links
2025-06-27 06:47:55,443 - INFO - Processing batch 1/5 (50 links)
2025-06-27 06:48:01,156 - INFO - Progress: 10/50 ads processed
2025-06-27 06:48:05,847 - INFO - Progress: 20/50 ads processed
2025-06-27 06:48:10,937 - INFO - Progress: 30/50 ads processed
2025-06-27 06:48:15,890 - INFO - Progress: 40/50 ads processed
2025-06-27 06:48:20,661 - INFO - Progress: 50/50 ads processed
2025-06-27 06:48:20,709 - INFO - Created backup of existing data file at unegui_data/unegui_rental_data.csv.bak
2025-06-27 06:48:20,890 - INFO - Data saved to unegui_data/unegui_rental_data.csv: 15656 records
2025-06-27 06:48:21,398 - INFO - Cache saved with 16051 URLs
2025-06-27 06:48:21,398 - INFO - Saved batch data. Total records: 15656
2025-06-27 06:48:21,398 - INFO - Processing batch 2/5 (50 links)
2025-06-27 06:48:27,201 - INFO - Progress: 10/50 ads processed
2025-06-27 06:48:32,672 - INFO - Progress: 20/50 ads processed
2025-06-27 06:48:37,667 - INFO - Progress: 30/50 ads processed
2025-06-27 06:48:43,105 - INFO - Progress: 40/50 ads processed
2025-06-27 06:48:48,248 - INFO - Progress: 50/50 ads processed
2025-06-27 06:48:48,296 - INFO - Created backup of existing data file at unegui_data/unegui_rental_data.csv.bak
2025-06-27 06:48:48,479 - INFO - Data saved to unegui_data/unegui_rental_data.csv: 15704 records
2025-06-27 06:48:48,987 - INFO - Cache saved with 16101 URLs
2025-06-27 06:48:48,987 - INFO - Saved batch data. Total records: 15704
2025-06-27 06:48:48,987 - INFO - Processing batch 3/5 (50 links)
2025-06-27 06:48:54,464 - INFO - Progress: 10/50 ads processed
2025-06-27 06:48:59,375 - INFO - Progress: 20/50 ads processed
2025-06-27 06:49:04,452 - INFO - Progress: 30/50 ads processed
2025-06-27 06:49:09,918 - INFO - Progress: 40/50 ads processed
2025-06-27 06:49:14,918 - INFO - Progress: 50/50 ads processed
2025-06-27 06:49:14,965 - INFO - Created backup of existing data file at unegui_data/unegui_rental_data.csv.bak
2025-06-27 06:49:15,148 - INFO - Data saved to unegui_data/unegui_rental_data.csv: 15754 records
2025-06-27 06:49:15,660 - INFO - Cache saved with 16151 URLs
2025-06-27 06:49:15,660 - INFO - Saved batch data. Total records: 15754
2025-06-27 06:49:15,660 - INFO - Processing batch 4/5 (50 links)
2025-06-27 06:49:21,210 - INFO - Progress: 10/50 ads processed
2025-06-27 06:49:26,314 - INFO - Progress: 20/50 ads processed
2025-06-27 06:49:31,060 - INFO - Progress: 30/50 ads processed
2025-06-27 06:49:36,201 - INFO - Progress: 40/50 ads processed
2025-06-27 06:49:41,643 - INFO - Progress: 50/50 ads processed
2025-06-27 06:49:41,692 - INFO - Created backup of existing data file at unegui_data/unegui_rental_data.csv.bak
2025-06-27 06:49:41,874 - INFO - Data saved to unegui_data/unegui_rental_data.csv: 15802 records
2025-06-27 06:49:42,379 - INFO - Cache saved with 16201 URLs
2025-06-27 06:49:42,379 - INFO - Saved batch data. Total records: 15802
2025-06-27 06:49:42,379 - INFO - Processing batch 5/5 (44 links)
2025-06-27 06:49:47,859 - INFO - Progress: 10/44 ads processed
2025-06-27 06:49:53,046 - INFO - Progress: 20/44 ads processed
2025-06-27 06:49:57,948 - INFO - Progress: 30/44 ads processed
2025-06-27 06:50:03,112 - INFO - Progress: 40/44 ads processed
2025-06-27 06:50:05,598 - INFO - Progress: 44/44 ads processed
2025-06-27 06:50:05,646 - INFO - Created backup of existing data file at unegui_data/unegui_rental_data.csv.bak
2025-06-27 06:50:05,830 - INFO - Data saved to unegui_data/unegui_rental_data.csv: 15846 records
2025-06-27 06:50:06,338 - INFO - Cache saved with 16245 URLs
2025-06-27 06:50:06,338 - INFO - Saved batch data. Total records: 15846
2025-06-27 06:50:06,338 - INFO - Scraping completed in 0:04:05.024512. Total ads collected: 15846
