2025-05-31 06:40:20,086 - INFO - Starting rental apartment scraper at 2025-05-31 06:40:20.086818
2025-05-31 06:40:20,167 - INFO - Loaded existing data from unegui_data/unegui_rental_data.csv: 9487 records
2025-05-31 06:40:20,267 - INFO - Loaded 9487 existing records
2025-05-31 06:40:20,268 - INFO - Scraping page 1...
2025-05-31 06:40:20,268 - INFO - Scraping page 2...
2025-05-31 06:40:20,268 - INFO - Scraping page 3...
2025-05-31 06:40:23,737 - INFO - Found 60 links on page 2
2025-05-31 06:40:23,737 - INFO - Scraping page 4...
2025-05-31 06:40:24,172 - INFO - Found 60 links on page 3
2025-05-31 06:40:24,172 - INFO - Scraping page 5...
2025-05-31 06:40:24,392 - INFO - Found 60 links on page 1
2025-05-31 06:40:24,392 - INFO - Scraping page 6...
2025-05-31 06:40:27,367 - INFO - Found 60 links on page 4
2025-05-31 06:40:27,367 - INFO - Scraping page 7...
2025-05-31 06:40:27,716 - INFO - Found 60 links on page 5
2025-05-31 06:40:27,716 - INFO - Scraping page 8...
2025-05-31 06:40:27,990 - INFO - Found 60 links on page 6
2025-05-31 06:40:27,990 - INFO - Scraping page 9...
2025-05-31 06:40:30,678 - INFO - Found 60 links on page 7
2025-05-31 06:40:30,678 - INFO - Scraping page 10...
2025-05-31 06:40:31,187 - INFO - Found 60 links on page 8
2025-05-31 06:40:31,188 - INFO - Scraping page 11...
2025-05-31 06:40:31,416 - INFO - Found 60 links on page 9
2025-05-31 06:40:31,416 - INFO - Scraping page 12...
2025-05-31 06:40:34,175 - INFO - Found 60 links on page 10
2025-05-31 06:40:34,175 - INFO - Scraping page 13...
2025-05-31 06:40:35,399 - INFO - Found 60 links on page 11
2025-05-31 06:40:35,399 - INFO - Scraping page 14...
2025-05-31 06:40:35,574 - INFO - Found 60 links on page 12
2025-05-31 06:40:35,574 - INFO - Scraping page 15...
2025-05-31 06:40:37,363 - INFO - Found 60 links on page 13
2025-05-31 06:40:37,363 - INFO - Scraping page 16...
2025-05-31 06:40:39,155 - INFO - Found 60 links on page 15
2025-05-31 06:40:39,165 - INFO - Scraping page 17...
2025-05-31 06:40:39,289 - INFO - Found 60 links on page 14
2025-05-31 06:40:39,290 - INFO - Scraping page 18...
2025-05-31 06:40:41,711 - INFO - Found 60 links on page 16
2025-05-31 06:40:41,711 - INFO - Scraping page 19...
2025-05-31 06:40:42,634 - INFO - Found 60 links on page 18
2025-05-31 06:40:42,634 - INFO - Scraping page 20...
2025-05-31 06:40:42,691 - INFO - Found 60 links on page 17
2025-05-31 06:40:42,692 - INFO - Scraping page 21...
2025-05-31 06:40:45,341 - INFO - Found 60 links on page 19
2025-05-31 06:40:45,341 - INFO - Scraping page 22...
2025-05-31 06:40:46,366 - INFO - Found 60 links on page 20
2025-05-31 06:40:46,366 - INFO - Scraping page 23...
2025-05-31 06:40:46,934 - INFO - Found 60 links on page 21
2025-05-31 06:40:46,934 - INFO - Scraping page 24...
2025-05-31 06:40:49,000 - INFO - Found 60 links on page 22
2025-05-31 06:40:49,000 - INFO - Scraping page 25...
2025-05-31 06:40:50,499 - INFO - Found 60 links on page 23
2025-05-31 06:40:50,510 - INFO - Scraping page 26...
2025-05-31 06:40:50,585 - INFO - Found 60 links on page 24
2025-05-31 06:40:50,585 - INFO - Scraping page 27...
2025-05-31 06:40:52,387 - INFO - Found 60 links on page 25
2025-05-31 06:40:52,387 - INFO - Scraping page 28...
2025-05-31 06:40:54,013 - INFO - Found 60 links on page 27
2025-05-31 06:40:54,013 - INFO - Scraping page 29...
2025-05-31 06:40:54,292 - INFO - Found 60 links on page 26
2025-05-31 06:40:54,293 - INFO - Scraping page 30...
2025-05-31 06:40:55,940 - INFO - Found 60 links on page 28
2025-05-31 06:40:55,940 - INFO - Scraping page 31...
2025-05-31 06:40:57,745 - INFO - Found 60 links on page 29
2025-05-31 06:40:57,745 - INFO - Scraping page 32...
2025-05-31 06:40:58,002 - INFO - Found 60 links on page 30
2025-05-31 06:40:58,002 - INFO - Scraping page 33...
2025-05-31 06:40:59,614 - INFO - Found 60 links on page 31
2025-05-31 06:40:59,614 - INFO - Scraping page 34...
2025-05-31 06:41:01,701 - INFO - Found 60 links on page 33
2025-05-31 06:41:01,706 - INFO - Scraping page 35...
2025-05-31 06:41:01,875 - INFO - Found 60 links on page 32
2025-05-31 06:41:01,875 - INFO - Scraping page 36...
2025-05-31 06:41:03,743 - INFO - Found 60 links on page 34
2025-05-31 06:41:03,743 - INFO - Scraping page 37...
2025-05-31 06:41:05,247 - INFO - Found 60 links on page 35
2025-05-31 06:41:05,247 - INFO - Scraping page 38...
2025-05-31 06:41:05,426 - INFO - Found 60 links on page 36
2025-05-31 06:41:05,426 - INFO - Scraping page 39...
2025-05-31 06:41:07,443 - INFO - Found 60 links on page 37
2025-05-31 06:41:07,443 - INFO - Scraping page 40...
2025-05-31 06:41:08,644 - INFO - Found 60 links on page 38
2025-05-31 06:41:08,644 - INFO - Scraping page 41...
2025-05-31 06:41:09,215 - INFO - Found 60 links on page 39
2025-05-31 06:41:09,216 - INFO - Scraping page 42...
2025-05-31 06:41:10,921 - INFO - Found 60 links on page 40
2025-05-31 06:41:10,921 - INFO - Scraping page 43...
2025-05-31 06:41:12,474 - INFO - Found 60 links on page 41
2025-05-31 06:41:12,474 - INFO - Scraping page 44...
2025-05-31 06:41:13,401 - INFO - Found 60 links on page 42
2025-05-31 06:41:13,401 - INFO - Scraping page 45...
2025-05-31 06:41:14,260 - INFO - Found 60 links on page 43
2025-05-31 06:41:14,260 - INFO - Scraping page 46...
2025-05-31 06:41:15,986 - INFO - Found 60 links on page 44
2025-05-31 06:41:15,986 - INFO - Scraping page 47...
2025-05-31 06:41:16,699 - INFO - Found 60 links on page 45
2025-05-31 06:41:16,699 - INFO - Scraping page 48...
2025-05-31 06:41:18,063 - INFO - Found 60 links on page 46
2025-05-31 06:41:18,063 - INFO - Scraping page 49...
2025-05-31 06:41:19,643 - INFO - Found 60 links on page 47
2025-05-31 06:41:19,643 - INFO - Scraping page 50...
2025-05-31 06:41:20,437 - INFO - Found 60 links on page 48
2025-05-31 06:41:20,437 - INFO - Scraping page 51...
2025-05-31 06:41:22,116 - INFO - Found 60 links on page 49
2025-05-31 06:41:22,116 - INFO - Scraping page 52...
2025-05-31 06:41:23,836 - INFO - Found 60 links on page 50
2025-05-31 06:41:23,836 - INFO - Scraping page 53...
2025-05-31 06:41:24,375 - INFO - Found 60 links on page 51
2025-05-31 06:41:24,376 - INFO - Scraping page 54...
2025-05-31 06:41:26,179 - INFO - Found 60 links on page 52
2025-05-31 06:41:26,179 - INFO - Scraping page 55...
2025-05-31 06:41:27,466 - INFO - Found 60 links on page 53
2025-05-31 06:41:27,467 - INFO - Scraping page 56...
2025-05-31 06:41:28,017 - INFO - Found 60 links on page 54
2025-05-31 06:41:28,018 - INFO - Scraping page 57...
2025-05-31 06:41:29,764 - INFO - Found 60 links on page 55
2025-05-31 06:41:29,764 - INFO - Scraping page 58...
2025-05-31 06:41:30,927 - INFO - Found 60 links on page 56
2025-05-31 06:41:30,927 - INFO - Scraping page 59...
2025-05-31 06:41:31,746 - INFO - Found 60 links on page 57
2025-05-31 06:41:31,747 - INFO - Scraping page 60...
2025-05-31 06:41:33,511 - INFO - Found 60 links on page 58
2025-05-31 06:41:33,511 - INFO - Scraping page 61...
2025-05-31 06:41:34,358 - INFO - Found 60 links on page 59
2025-05-31 06:41:34,358 - INFO - Scraping page 62...
2025-05-31 06:41:35,776 - INFO - Found 60 links on page 60
2025-05-31 06:41:35,776 - INFO - Scraping page 63...
2025-05-31 06:41:36,805 - INFO - Found 60 links on page 61
2025-05-31 06:41:36,806 - INFO - Scraping page 64...
2025-05-31 06:41:38,051 - INFO - Found 60 links on page 62
2025-05-31 06:41:38,051 - INFO - Scraping page 65...
2025-05-31 06:41:39,225 - INFO - Found 60 links on page 63
2025-05-31 06:41:39,225 - INFO - Scraping page 66...
2025-05-31 06:41:40,149 - INFO - Found 60 links on page 64
2025-05-31 06:41:40,149 - INFO - Scraping page 67...
2025-05-31 06:41:41,522 - INFO - Found 60 links on page 65
2025-05-31 06:41:41,523 - INFO - Scraping page 68...
2025-05-31 06:41:42,937 - INFO - Found 60 links on page 66
2025-05-31 06:41:42,937 - INFO - Scraping page 69...
2025-05-31 06:41:43,688 - INFO - Found 60 links on page 67
2025-05-31 06:41:43,688 - INFO - Scraping page 70...
2025-05-31 06:41:44,955 - INFO - Found 60 links on page 68
2025-05-31 06:41:44,955 - INFO - Scraping page 71...
2025-05-31 06:41:46,328 - INFO - Found 60 links on page 69
2025-05-31 06:41:46,329 - INFO - Scraping page 72...
2025-05-31 06:41:47,157 - INFO - Found 60 links on page 70
2025-05-31 06:41:47,157 - INFO - Scraping page 73...
2025-05-31 06:41:48,707 - INFO - Found 60 links on page 71
2025-05-31 06:41:48,707 - INFO - Scraping page 74...
2025-05-31 06:41:49,759 - INFO - Found 60 links on page 72
2025-05-31 06:41:49,759 - INFO - Scraping page 75...
2025-05-31 06:41:50,819 - INFO - Found 60 links on page 73
2025-05-31 06:41:50,819 - INFO - Scraping page 76...
2025-05-31 06:41:52,305 - INFO - Found 60 links on page 74
2025-05-31 06:41:52,305 - INFO - Scraping page 77...
2025-05-31 06:41:53,292 - INFO - Found 60 links on page 75
2025-05-31 06:41:53,293 - INFO - Scraping page 78...
2025-05-31 06:41:54,487 - INFO - Found 60 links on page 76
2025-05-31 06:41:54,487 - INFO - Scraping page 79...
2025-05-31 06:41:55,986 - INFO - Found 60 links on page 77
2025-05-31 06:41:55,986 - INFO - Scraping page 80...
2025-05-31 06:41:56,974 - INFO - Found 60 links on page 78
2025-05-31 06:41:56,974 - INFO - Scraping page 81...
2025-05-31 06:41:58,577 - INFO - Found 60 links on page 79
2025-05-31 06:41:58,577 - INFO - Scraping page 82...
2025-05-31 06:41:59,752 - INFO - Found 60 links on page 80
2025-05-31 06:41:59,752 - INFO - Scraping page 83...
2025-05-31 06:42:00,319 - INFO - Found 60 links on page 81
2025-05-31 06:42:00,319 - INFO - Scraping page 84...
2025-05-31 06:42:02,068 - INFO - Found 60 links on page 82
2025-05-31 06:42:02,069 - INFO - Scraping page 85...
2025-05-31 06:42:03,215 - INFO - Found 60 links on page 83
2025-05-31 06:42:03,215 - INFO - Scraping page 86...
2025-05-31 06:42:03,746 - INFO - Found 60 links on page 84
2025-05-31 06:42:03,746 - INFO - Scraping page 87...
2025-05-31 06:42:05,393 - INFO - Found 60 links on page 85
2025-05-31 06:42:05,393 - INFO - Scraping page 88...
2025-05-31 06:42:06,880 - INFO - Found 60 links on page 86
2025-05-31 06:42:06,880 - INFO - Scraping page 89...
2025-05-31 06:42:07,223 - INFO - Found 60 links on page 87
2025-05-31 06:42:07,224 - INFO - Scraping page 90...
2025-05-31 06:42:09,509 - INFO - Found 60 links on page 88
2025-05-31 06:42:10,530 - INFO - Found 5 links on page 90
2025-05-31 06:42:11,219 - INFO - Found 60 links on page 89
2025-05-31 06:42:11,223 - INFO - Found 227 new links to scrape out of 5345 total links
2025-05-31 06:42:11,223 - INFO - Processing batch 1/5 (50 links)
2025-05-31 06:42:17,154 - INFO - Progress: 10/50 ads processed
2025-05-31 06:42:22,054 - INFO - Progress: 20/50 ads processed
2025-05-31 06:42:26,690 - INFO - Progress: 30/50 ads processed
2025-05-31 06:42:31,884 - INFO - Progress: 40/50 ads processed
2025-05-31 06:42:36,599 - INFO - Progress: 50/50 ads processed
2025-05-31 06:42:36,627 - INFO - Created backup of existing data file at unegui_data/unegui_rental_data.csv.bak
2025-05-31 06:42:36,737 - INFO - Data saved to unegui_data/unegui_rental_data.csv: 9532 records
2025-05-31 06:42:37,043 - INFO - Cache saved with 9769 URLs
2025-05-31 06:42:37,043 - INFO - Saved batch data. Total records: 9532
2025-05-31 06:42:37,044 - INFO - Processing batch 2/5 (50 links)
2025-05-31 06:42:42,086 - INFO - Progress: 10/50 ads processed
2025-05-31 06:42:47,119 - INFO - Progress: 20/50 ads processed
2025-05-31 06:42:52,585 - INFO - Progress: 30/50 ads processed
2025-05-31 06:42:57,965 - INFO - Progress: 40/50 ads processed
2025-05-31 06:43:02,562 - INFO - Progress: 50/50 ads processed
2025-05-31 06:43:02,591 - INFO - Created backup of existing data file at unegui_data/unegui_rental_data.csv.bak
2025-05-31 06:43:02,701 - INFO - Data saved to unegui_data/unegui_rental_data.csv: 9579 records
2025-05-31 06:43:03,008 - INFO - Cache saved with 9819 URLs
2025-05-31 06:43:03,008 - INFO - Saved batch data. Total records: 9579
2025-05-31 06:43:03,008 - INFO - Processing batch 3/5 (50 links)
2025-05-31 06:43:08,318 - INFO - Progress: 10/50 ads processed
2025-05-31 06:43:12,929 - INFO - Progress: 20/50 ads processed
2025-05-31 06:43:18,210 - INFO - Progress: 30/50 ads processed
2025-05-31 06:43:23,387 - INFO - Progress: 40/50 ads processed
2025-05-31 06:43:28,324 - INFO - Progress: 50/50 ads processed
2025-05-31 06:43:28,353 - INFO - Created backup of existing data file at unegui_data/unegui_rental_data.csv.bak
2025-05-31 06:43:28,463 - INFO - Data saved to unegui_data/unegui_rental_data.csv: 9628 records
2025-05-31 06:43:28,774 - INFO - Cache saved with 9869 URLs
2025-05-31 06:43:28,775 - INFO - Saved batch data. Total records: 9628
2025-05-31 06:43:28,775 - INFO - Processing batch 4/5 (50 links)
2025-05-31 06:43:34,261 - INFO - Progress: 10/50 ads processed
2025-05-31 06:43:39,957 - INFO - Progress: 20/50 ads processed
2025-05-31 06:43:45,368 - INFO - Progress: 30/50 ads processed
2025-05-31 06:43:50,483 - INFO - Progress: 40/50 ads processed
2025-05-31 06:43:55,398 - INFO - Progress: 50/50 ads processed
2025-05-31 06:43:55,428 - INFO - Created backup of existing data file at unegui_data/unegui_rental_data.csv.bak
2025-05-31 06:43:55,539 - INFO - Data saved to unegui_data/unegui_rental_data.csv: 9676 records
2025-05-31 06:43:55,856 - INFO - Cache saved with 9919 URLs
2025-05-31 06:43:55,857 - INFO - Saved batch data. Total records: 9676
2025-05-31 06:43:55,857 - INFO - Processing batch 5/5 (27 links)
2025-05-31 06:44:01,470 - INFO - Progress: 10/27 ads processed
2025-05-31 06:44:06,661 - INFO - Progress: 20/27 ads processed
2025-05-31 06:44:10,537 - INFO - Progress: 27/27 ads processed
2025-05-31 06:44:10,567 - INFO - Created backup of existing data file at unegui_data/unegui_rental_data.csv.bak
2025-05-31 06:44:10,678 - INFO - Data saved to unegui_data/unegui_rental_data.csv: 9702 records
2025-05-31 06:44:10,994 - INFO - Cache saved with 9946 URLs
2025-05-31 06:44:10,994 - INFO - Saved batch data. Total records: 9702
2025-05-31 06:44:10,994 - INFO - Scraping completed in 0:03:50.907619. Total ads collected: 9702
