2025-06-02 06:45:44,576 - INFO - Starting rental apartment scraper at 2025-06-02 06:45:44.576456
2025-06-02 06:45:44,678 - INFO - Loaded existing data from unegui_data/unegui_rental_data.csv: 9802 records
2025-06-02 06:45:44,785 - INFO - Loaded 9802 existing records
2025-06-02 06:45:44,786 - INFO - Scraping page 1...
2025-06-02 06:45:44,787 - INFO - Scraping page 2...
2025-06-02 06:45:44,787 - INFO - Scraping page 3...
2025-06-02 06:45:48,690 - INFO - Found 60 links on page 2
2025-06-02 06:45:48,691 - INFO - Scraping page 4...
2025-06-02 06:45:49,141 - INFO - Found 60 links on page 3
2025-06-02 06:45:49,141 - INFO - Scraping page 5...
2025-06-02 06:45:49,737 - INFO - Found 60 links on page 1
2025-06-02 06:45:49,737 - INFO - Scraping page 6...
2025-06-02 06:45:52,115 - INFO - Found 60 links on page 4
2025-06-02 06:45:52,115 - INFO - Scraping page 7...
2025-06-02 06:45:52,592 - INFO - Found 60 links on page 5
2025-06-02 06:45:52,592 - INFO - Scraping page 8...
2025-06-02 06:45:53,260 - INFO - Found 60 links on page 6
2025-06-02 06:45:53,261 - INFO - Scraping page 9...
2025-06-02 06:45:55,463 - INFO - Found 60 links on page 7
2025-06-02 06:45:55,463 - INFO - Scraping page 10...
2025-06-02 06:45:56,189 - INFO - Found 60 links on page 8
2025-06-02 06:45:56,189 - INFO - Scraping page 11...
2025-06-02 06:45:57,078 - INFO - Found 60 links on page 9
2025-06-02 06:45:57,078 - INFO - Scraping page 12...
2025-06-02 06:45:58,903 - INFO - Found 60 links on page 10
2025-06-02 06:45:58,903 - INFO - Scraping page 13...
2025-06-02 06:45:59,579 - INFO - Found 60 links on page 11
2025-06-02 06:45:59,579 - INFO - Scraping page 14...
2025-06-02 06:46:00,902 - INFO - Found 60 links on page 12
2025-06-02 06:46:00,902 - INFO - Scraping page 15...
2025-06-02 06:46:02,374 - INFO - Found 60 links on page 13
2025-06-02 06:46:02,374 - INFO - Scraping page 16...
2025-06-02 06:46:02,986 - INFO - Found 60 links on page 14
2025-06-02 06:46:02,986 - INFO - Scraping page 17...
2025-06-02 06:46:04,785 - INFO - Found 60 links on page 15
2025-06-02 06:46:04,785 - INFO - Scraping page 18...
2025-06-02 06:46:05,907 - INFO - Found 60 links on page 16
2025-06-02 06:46:05,907 - INFO - Scraping page 19...
2025-06-02 06:46:06,562 - INFO - Found 60 links on page 17
2025-06-02 06:46:06,562 - INFO - Scraping page 20...
2025-06-02 06:46:08,347 - INFO - Found 60 links on page 18
2025-06-02 06:46:08,347 - INFO - Scraping page 21...
2025-06-02 06:46:09,299 - INFO - Found 60 links on page 19
2025-06-02 06:46:09,299 - INFO - Scraping page 22...
2025-06-02 06:46:10,624 - INFO - Found 60 links on page 20
2025-06-02 06:46:10,624 - INFO - Scraping page 23...
2025-06-02 06:46:12,030 - INFO - Found 60 links on page 21
2025-06-02 06:46:12,031 - INFO - Scraping page 24...
2025-06-02 06:46:13,045 - INFO - Found 60 links on page 22
2025-06-02 06:46:13,046 - INFO - Scraping page 25...
2025-06-02 06:46:14,045 - INFO - Found 60 links on page 23
2025-06-02 06:46:14,045 - INFO - Scraping page 26...
2025-06-02 06:46:15,735 - INFO - Found 60 links on page 24
2025-06-02 06:46:15,735 - INFO - Scraping page 27...
2025-06-02 06:46:16,729 - INFO - Found 60 links on page 25
2025-06-02 06:46:16,729 - INFO - Scraping page 28...
2025-06-02 06:46:17,928 - INFO - Found 60 links on page 26
2025-06-02 06:46:17,928 - INFO - Scraping page 29...
2025-06-02 06:46:19,641 - INFO - Found 60 links on page 27
2025-06-02 06:46:19,641 - INFO - Scraping page 30...
2025-06-02 06:46:20,949 - INFO - Found 60 links on page 28
2025-06-02 06:46:20,949 - INFO - Scraping page 31...
2025-06-02 06:46:21,645 - INFO - Found 60 links on page 29
2025-06-02 06:46:21,645 - INFO - Scraping page 32...
2025-06-02 06:46:23,361 - INFO - Found 60 links on page 30
2025-06-02 06:46:23,361 - INFO - Scraping page 33...
2025-06-02 06:46:24,771 - INFO - Found 60 links on page 31
2025-06-02 06:46:24,771 - INFO - Scraping page 34...
2025-06-02 06:46:25,407 - INFO - Found 60 links on page 32
2025-06-02 06:46:25,407 - INFO - Scraping page 35...
2025-06-02 06:46:27,150 - INFO - Found 60 links on page 33
2025-06-02 06:46:27,150 - INFO - Scraping page 36...
2025-06-02 06:46:28,640 - INFO - Found 60 links on page 34
2025-06-02 06:46:28,640 - INFO - Scraping page 37...
2025-06-02 06:46:29,485 - INFO - Found 60 links on page 35
2025-06-02 06:46:29,485 - INFO - Scraping page 38...
2025-06-02 06:46:30,698 - INFO - Found 60 links on page 36
2025-06-02 06:46:30,698 - INFO - Scraping page 39...
2025-06-02 06:46:32,666 - INFO - Found 60 links on page 37
2025-06-02 06:46:32,667 - INFO - Scraping page 40...
2025-06-02 06:46:33,443 - INFO - Found 60 links on page 38
2025-06-02 06:46:33,443 - INFO - Scraping page 41...
2025-06-02 06:46:34,318 - INFO - Found 60 links on page 39
2025-06-02 06:46:34,318 - INFO - Scraping page 42...
2025-06-02 06:46:36,558 - INFO - Found 60 links on page 40
2025-06-02 06:46:36,558 - INFO - Scraping page 43...
2025-06-02 06:46:37,238 - INFO - Found 60 links on page 41
2025-06-02 06:46:37,238 - INFO - Scraping page 44...
2025-06-02 06:46:38,183 - INFO - Found 60 links on page 42
2025-06-02 06:46:38,184 - INFO - Scraping page 45...
2025-06-02 06:46:39,952 - INFO - Found 60 links on page 43
2025-06-02 06:46:39,952 - INFO - Scraping page 46...
2025-06-02 06:46:40,700 - INFO - Found 60 links on page 44
2025-06-02 06:46:40,700 - INFO - Scraping page 47...
2025-06-02 06:46:42,140 - INFO - Found 60 links on page 45
2025-06-02 06:46:42,140 - INFO - Scraping page 48...
2025-06-02 06:46:44,143 - INFO - Found 60 links on page 47
2025-06-02 06:46:44,143 - INFO - Scraping page 49...
2025-06-02 06:46:44,315 - INFO - Found 60 links on page 46
2025-06-02 06:46:44,315 - INFO - Scraping page 50...
2025-06-02 06:46:45,581 - INFO - Found 60 links on page 48
2025-06-02 06:46:45,581 - INFO - Scraping page 51...
2025-06-02 06:46:47,637 - INFO - Found 60 links on page 49
2025-06-02 06:46:47,637 - INFO - Scraping page 52...
2025-06-02 06:46:48,627 - INFO - Found 60 links on page 50
2025-06-02 06:46:48,628 - INFO - Scraping page 53...
2025-06-02 06:46:49,645 - INFO - Found 60 links on page 51
2025-06-02 06:46:49,645 - INFO - Scraping page 54...
2025-06-02 06:46:51,225 - INFO - Found 60 links on page 52
2025-06-02 06:46:51,225 - INFO - Scraping page 55...
2025-06-02 06:46:52,370 - INFO - Found 60 links on page 53
2025-06-02 06:46:52,370 - INFO - Scraping page 56...
2025-06-02 06:46:53,426 - INFO - Found 60 links on page 54
2025-06-02 06:46:53,426 - INFO - Scraping page 57...
2025-06-02 06:46:54,906 - INFO - Found 60 links on page 55
2025-06-02 06:46:54,907 - INFO - Scraping page 58...
2025-06-02 06:46:56,503 - INFO - Found 60 links on page 56
2025-06-02 06:46:56,503 - INFO - Scraping page 59...
2025-06-02 06:46:56,944 - INFO - Found 60 links on page 57
2025-06-02 06:46:56,944 - INFO - Scraping page 60...
2025-06-02 06:46:58,423 - INFO - Found 60 links on page 58
2025-06-02 06:46:58,424 - INFO - Scraping page 61...
2025-06-02 06:47:00,097 - INFO - Found 60 links on page 59
2025-06-02 06:47:00,097 - INFO - Scraping page 62...
2025-06-02 06:47:00,543 - INFO - Found 60 links on page 60
2025-06-02 06:47:00,543 - INFO - Scraping page 63...
2025-06-02 06:47:02,164 - INFO - Found 60 links on page 61
2025-06-02 06:47:02,164 - INFO - Scraping page 64...
2025-06-02 06:47:03,589 - INFO - Found 60 links on page 62
2025-06-02 06:47:03,589 - INFO - Scraping page 65...
2025-06-02 06:47:04,360 - INFO - Found 60 links on page 63
2025-06-02 06:47:04,360 - INFO - Scraping page 66...
2025-06-02 06:47:06,011 - INFO - Found 60 links on page 64
2025-06-02 06:47:06,011 - INFO - Scraping page 67...
2025-06-02 06:47:07,808 - INFO - Found 60 links on page 65
2025-06-02 06:47:07,808 - INFO - Scraping page 68...
2025-06-02 06:47:09,194 - INFO - Found 60 links on page 66
2025-06-02 06:47:09,194 - INFO - Scraping page 69...
2025-06-02 06:47:09,964 - INFO - Found 60 links on page 67
2025-06-02 06:47:09,964 - INFO - Scraping page 70...
2025-06-02 06:47:11,551 - INFO - Found 60 links on page 68
2025-06-02 06:47:11,552 - INFO - Scraping page 71...
2025-06-02 06:47:12,576 - INFO - Found 60 links on page 69
2025-06-02 06:47:12,576 - INFO - Scraping page 72...
2025-06-02 06:47:13,676 - INFO - Found 60 links on page 70
2025-06-02 06:47:13,676 - INFO - Scraping page 73...
2025-06-02 06:47:15,488 - INFO - Found 60 links on page 71
2025-06-02 06:47:15,488 - INFO - Scraping page 74...
2025-06-02 06:47:16,969 - INFO - Found 60 links on page 72
2025-06-02 06:47:16,969 - INFO - Scraping page 75...
2025-06-02 06:47:18,010 - INFO - Found 60 links on page 73
2025-06-02 06:47:18,010 - INFO - Scraping page 76...
2025-06-02 06:47:19,236 - INFO - Found 60 links on page 74
2025-06-02 06:47:19,236 - INFO - Scraping page 77...
2025-06-02 06:47:20,695 - INFO - Found 60 links on page 75
2025-06-02 06:47:20,695 - INFO - Scraping page 78...
2025-06-02 06:47:23,188 - INFO - Found 60 links on page 76
2025-06-02 06:47:23,194 - INFO - Scraping page 79...
2025-06-02 06:47:23,297 - INFO - Found 60 links on page 77
2025-06-02 06:47:23,297 - INFO - Scraping page 80...
2025-06-02 06:47:24,873 - INFO - Found 60 links on page 78
2025-06-02 06:47:24,873 - INFO - Scraping page 81...
2025-06-02 06:47:27,006 - INFO - Found 60 links on page 80
2025-06-02 06:47:27,011 - INFO - Scraping page 82...
2025-06-02 06:47:27,153 - INFO - Found 60 links on page 79
2025-06-02 06:47:27,153 - INFO - Scraping page 83...
2025-06-02 06:47:28,471 - INFO - Found 60 links on page 81
2025-06-02 06:47:28,471 - INFO - Scraping page 84...
2025-06-02 06:47:30,612 - INFO - Found 60 links on page 82
2025-06-02 06:47:30,612 - INFO - Scraping page 85...
2025-06-02 06:47:30,666 - INFO - Found 60 links on page 83
2025-06-02 06:47:30,666 - INFO - Scraping page 86...
2025-06-02 06:47:32,322 - INFO - Found 60 links on page 84
2025-06-02 06:47:32,322 - INFO - Scraping page 87...
2025-06-02 06:47:34,096 - INFO - Found 60 links on page 86
2025-06-02 06:47:34,096 - INFO - Scraping page 88...
2025-06-02 06:47:34,313 - INFO - Found 60 links on page 85
2025-06-02 06:47:34,313 - INFO - Scraping page 89...
2025-06-02 06:47:35,853 - INFO - Found 60 links on page 87
2025-06-02 06:47:35,853 - INFO - Scraping page 90...
2025-06-02 06:47:37,838 - INFO - Found 60 links on page 88
2025-06-02 06:47:38,629 - INFO - Found 60 links on page 89
2025-06-02 06:47:39,823 - INFO - Found 60 links on page 90
2025-06-02 06:47:39,826 - INFO - Found 224 new links to scrape out of 5400 total links
2025-06-02 06:47:39,826 - INFO - Processing batch 1/5 (50 links)
2025-06-02 06:47:45,666 - INFO - Progress: 10/50 ads processed
2025-06-02 06:47:50,238 - INFO - Progress: 20/50 ads processed
2025-06-02 06:47:55,274 - INFO - Progress: 30/50 ads processed
2025-06-02 06:48:00,385 - INFO - Progress: 40/50 ads processed
2025-06-02 06:48:05,556 - INFO - Progress: 50/50 ads processed
2025-06-02 06:48:05,585 - INFO - Created backup of existing data file at unegui_data/unegui_rental_data.csv.bak
2025-06-02 06:48:05,698 - INFO - Data saved to unegui_data/unegui_rental_data.csv: 9849 records
2025-06-02 06:48:06,019 - INFO - Cache saved with 10100 URLs
2025-06-02 06:48:06,019 - INFO - Saved batch data. Total records: 9849
2025-06-02 06:48:06,019 - INFO - Processing batch 2/5 (50 links)
2025-06-02 06:48:11,295 - INFO - Progress: 10/50 ads processed
2025-06-02 06:48:16,313 - INFO - Progress: 20/50 ads processed
2025-06-02 06:48:21,632 - INFO - Progress: 30/50 ads processed
2025-06-02 06:48:26,989 - INFO - Progress: 40/50 ads processed
2025-06-02 06:48:32,044 - INFO - Progress: 50/50 ads processed
2025-06-02 06:48:32,074 - INFO - Created backup of existing data file at unegui_data/unegui_rental_data.csv.bak
2025-06-02 06:48:32,188 - INFO - Data saved to unegui_data/unegui_rental_data.csv: 9898 records
2025-06-02 06:48:32,511 - INFO - Cache saved with 10150 URLs
2025-06-02 06:48:32,511 - INFO - Saved batch data. Total records: 9898
2025-06-02 06:48:32,511 - INFO - Processing batch 3/5 (50 links)
2025-06-02 06:48:37,830 - INFO - Progress: 10/50 ads processed
2025-06-02 06:48:42,822 - INFO - Progress: 20/50 ads processed
2025-06-02 06:48:48,298 - INFO - Progress: 30/50 ads processed
2025-06-02 06:48:53,391 - INFO - Progress: 40/50 ads processed
2025-06-02 06:48:58,366 - INFO - Progress: 50/50 ads processed
2025-06-02 06:48:58,396 - INFO - Created backup of existing data file at unegui_data/unegui_rental_data.csv.bak
2025-06-02 06:48:58,511 - INFO - Data saved to unegui_data/unegui_rental_data.csv: 9948 records
2025-06-02 06:48:58,841 - INFO - Cache saved with 10200 URLs
2025-06-02 06:48:58,841 - INFO - Saved batch data. Total records: 9948
2025-06-02 06:48:58,841 - INFO - Processing batch 4/5 (50 links)
2025-06-02 06:49:04,052 - INFO - Progress: 10/50 ads processed
2025-06-02 06:49:09,412 - INFO - Progress: 20/50 ads processed
2025-06-02 06:49:14,322 - INFO - Progress: 30/50 ads processed
2025-06-02 06:49:19,242 - INFO - Progress: 40/50 ads processed
2025-06-02 06:49:24,122 - INFO - Progress: 50/50 ads processed
2025-06-02 06:49:24,153 - INFO - Created backup of existing data file at unegui_data/unegui_rental_data.csv.bak
2025-06-02 06:49:24,268 - INFO - Data saved to unegui_data/unegui_rental_data.csv: 9996 records
2025-06-02 06:49:24,597 - INFO - Cache saved with 10250 URLs
2025-06-02 06:49:24,597 - INFO - Saved batch data. Total records: 9996
2025-06-02 06:49:24,597 - INFO - Processing batch 5/5 (24 links)
2025-06-02 06:49:30,385 - INFO - Progress: 10/24 ads processed
2025-06-02 06:49:35,092 - INFO - Progress: 20/24 ads processed
2025-06-02 06:49:37,425 - INFO - Progress: 24/24 ads processed
2025-06-02 06:49:37,455 - INFO - Created backup of existing data file at unegui_data/unegui_rental_data.csv.bak
2025-06-02 06:49:37,571 - INFO - Data saved to unegui_data/unegui_rental_data.csv: 10020 records
2025-06-02 06:49:37,898 - INFO - Cache saved with 10274 URLs
2025-06-02 06:49:37,898 - INFO - Saved batch data. Total records: 10020
2025-06-02 06:49:37,898 - INFO - Scraping completed in 0:03:53.322379. Total ads collected: 10020
