2025-06-12 06:45:36,530 - INFO - Starting rental apartment scraper at 2025-06-12 06:45:36.530693
2025-06-12 06:45:36,634 - INFO - Loaded existing data from unegui_data/unegui_rental_data.csv: 12253 records
2025-06-12 06:45:36,762 - INFO - Loaded 12253 existing records
2025-06-12 06:45:36,764 - INFO - Scraping page 1...
2025-06-12 06:45:36,764 - INFO - Scraping page 2...
2025-06-12 06:45:36,765 - INFO - Scraping page 3...
2025-06-12 06:45:40,389 - INFO - Found 60 links on page 2
2025-06-12 06:45:40,389 - INFO - Scraping page 4...
2025-06-12 06:45:40,589 - INFO - Found 60 links on page 1
2025-06-12 06:45:40,595 - INFO - Scraping page 5...
2025-06-12 06:45:40,764 - INFO - Found 60 links on page 3
2025-06-12 06:45:40,764 - INFO - Scraping page 6...
2025-06-12 06:45:43,870 - INFO - Found 60 links on page 4
2025-06-12 06:45:43,870 - INFO - Scraping page 7...
2025-06-12 06:45:44,060 - INFO - Found 60 links on page 5
2025-06-12 06:45:44,060 - INFO - Scraping page 8...
2025-06-12 06:45:44,494 - INFO - Found 60 links on page 6
2025-06-12 06:45:44,494 - INFO - Scraping page 9...
2025-06-12 06:45:48,214 - INFO - Found 60 links on page 9
2025-06-12 06:45:48,214 - INFO - Scraping page 10...
2025-06-12 06:45:48,336 - INFO - Found 60 links on page 7
2025-06-12 06:45:48,342 - INFO - Scraping page 11...
2025-06-12 06:45:48,555 - INFO - Found 60 links on page 8
2025-06-12 06:45:48,555 - INFO - Scraping page 12...
2025-06-12 06:45:51,890 - INFO - Found 60 links on page 10
2025-06-12 06:45:51,890 - INFO - Scraping page 13...
2025-06-12 06:45:52,117 - INFO - Found 60 links on page 12
2025-06-12 06:45:52,117 - INFO - Scraping page 14...
2025-06-12 06:45:52,992 - INFO - Found 60 links on page 11
2025-06-12 06:45:52,992 - INFO - Scraping page 15...
2025-06-12 06:45:55,424 - INFO - Found 60 links on page 13
2025-06-12 06:45:55,425 - INFO - Scraping page 16...
2025-06-12 06:45:55,772 - INFO - Found 60 links on page 14
2025-06-12 06:45:55,772 - INFO - Scraping page 17...
2025-06-12 06:45:56,091 - INFO - Found 60 links on page 15
2025-06-12 06:45:56,091 - INFO - Scraping page 18...
2025-06-12 06:45:58,904 - INFO - Found 60 links on page 16
2025-06-12 06:45:58,904 - INFO - Scraping page 19...
2025-06-12 06:45:59,628 - INFO - Found 60 links on page 17
2025-06-12 06:45:59,629 - INFO - Scraping page 20...
2025-06-12 06:46:00,334 - INFO - Found 60 links on page 18
2025-06-12 06:46:00,334 - INFO - Scraping page 21...
2025-06-12 06:46:03,178 - INFO - Found 60 links on page 19
2025-06-12 06:46:03,179 - INFO - Scraping page 22...
2025-06-12 06:46:03,517 - INFO - Found 60 links on page 20
2025-06-12 06:46:03,517 - INFO - Scraping page 23...
2025-06-12 06:46:03,709 - INFO - Found 60 links on page 21
2025-06-12 06:46:03,709 - INFO - Scraping page 24...
2025-06-12 06:46:06,720 - INFO - Found 60 links on page 22
2025-06-12 06:46:06,720 - INFO - Scraping page 25...
2025-06-12 06:46:06,905 - INFO - Found 60 links on page 23
2025-06-12 06:46:06,905 - INFO - Scraping page 26...
2025-06-12 06:46:08,212 - INFO - Found 60 links on page 24
2025-06-12 06:46:08,212 - INFO - Scraping page 27...
2025-06-12 06:46:10,406 - INFO - Found 60 links on page 25
2025-06-12 06:46:10,406 - INFO - Scraping page 28...
2025-06-12 06:46:10,852 - INFO - Found 60 links on page 26
2025-06-12 06:46:10,852 - INFO - Scraping page 29...
2025-06-12 06:46:13,402 - INFO - Found 60 links on page 27
2025-06-12 06:46:13,402 - INFO - Scraping page 30...
2025-06-12 06:46:13,677 - INFO - Found 60 links on page 28
2025-06-12 06:46:13,677 - INFO - Scraping page 31...
2025-06-12 06:46:14,569 - INFO - Found 60 links on page 29
2025-06-12 06:46:14,570 - INFO - Scraping page 32...
2025-06-12 06:46:17,564 - INFO - Found 60 links on page 31
2025-06-12 06:46:17,564 - INFO - Scraping page 33...
2025-06-12 06:46:17,768 - INFO - Found 60 links on page 30
2025-06-12 06:46:17,778 - INFO - Scraping page 34...
2025-06-12 06:46:17,932 - INFO - Found 60 links on page 32
2025-06-12 06:46:17,933 - INFO - Scraping page 35...
2025-06-12 06:46:21,374 - INFO - Found 60 links on page 34
2025-06-12 06:46:21,375 - INFO - Scraping page 36...
2025-06-12 06:46:21,576 - INFO - Found 60 links on page 33
2025-06-12 06:46:21,576 - INFO - Scraping page 37...
2025-06-12 06:46:21,785 - INFO - Found 60 links on page 35
2025-06-12 06:46:21,785 - INFO - Scraping page 38...
2025-06-12 06:46:24,858 - INFO - Found 60 links on page 36
2025-06-12 06:46:24,859 - INFO - Scraping page 39...
2025-06-12 06:46:25,035 - INFO - Found 60 links on page 38
2025-06-12 06:46:25,035 - INFO - Scraping page 40...
2025-06-12 06:46:25,237 - INFO - Found 60 links on page 37
2025-06-12 06:46:25,237 - INFO - Scraping page 41...
2025-06-12 06:46:28,465 - INFO - Found 60 links on page 39
2025-06-12 06:46:28,475 - INFO - Scraping page 42...
2025-06-12 06:46:28,591 - INFO - Found 60 links on page 40
2025-06-12 06:46:28,591 - INFO - Scraping page 43...
2025-06-12 06:46:28,815 - INFO - Found 60 links on page 41
2025-06-12 06:46:28,815 - INFO - Scraping page 44...
2025-06-12 06:46:32,068 - INFO - Found 60 links on page 42
2025-06-12 06:46:32,068 - INFO - Scraping page 45...
2025-06-12 06:46:32,285 - INFO - Found 60 links on page 43
2025-06-12 06:46:32,285 - INFO - Scraping page 46...
2025-06-12 06:46:32,601 - INFO - Found 60 links on page 44
2025-06-12 06:46:32,601 - INFO - Scraping page 47...
2025-06-12 06:46:35,679 - INFO - Found 60 links on page 45
2025-06-12 06:46:35,679 - INFO - Scraping page 48...
2025-06-12 06:46:36,204 - INFO - Found 60 links on page 47
2025-06-12 06:46:36,204 - INFO - Scraping page 49...
2025-06-12 06:46:36,466 - INFO - Found 60 links on page 46
2025-06-12 06:46:36,466 - INFO - Scraping page 50...
2025-06-12 06:46:39,491 - INFO - Found 60 links on page 48
2025-06-12 06:46:39,491 - INFO - Scraping page 51...
2025-06-12 06:46:39,809 - INFO - Found 60 links on page 49
2025-06-12 06:46:39,809 - INFO - Scraping page 52...
2025-06-12 06:46:40,798 - INFO - Found 60 links on page 50
2025-06-12 06:46:40,798 - INFO - Scraping page 53...
2025-06-12 06:46:43,291 - INFO - Found 60 links on page 51
2025-06-12 06:46:43,291 - INFO - Scraping page 54...
2025-06-12 06:46:43,532 - INFO - Found 60 links on page 52
2025-06-12 06:46:43,532 - INFO - Scraping page 55...
2025-06-12 06:46:44,009 - INFO - Found 60 links on page 53
2025-06-12 06:46:44,009 - INFO - Scraping page 56...
2025-06-12 06:46:47,001 - INFO - Found 60 links on page 54
2025-06-12 06:46:47,001 - INFO - Scraping page 57...
2025-06-12 06:46:47,394 - INFO - Found 60 links on page 55
2025-06-12 06:46:47,394 - INFO - Scraping page 58...
2025-06-12 06:46:48,382 - INFO - Found 60 links on page 56
2025-06-12 06:46:48,382 - INFO - Scraping page 59...
2025-06-12 06:46:50,669 - INFO - Found 60 links on page 57
2025-06-12 06:46:50,670 - INFO - Scraping page 60...
2025-06-12 06:46:51,020 - INFO - Found 60 links on page 58
2025-06-12 06:46:51,021 - INFO - Scraping page 61...
2025-06-12 06:46:52,070 - INFO - Found 60 links on page 59
2025-06-12 06:46:52,070 - INFO - Scraping page 62...
2025-06-12 06:46:54,638 - INFO - Found 60 links on page 61
2025-06-12 06:46:54,648 - INFO - Scraping page 63...
2025-06-12 06:46:54,726 - INFO - Found 60 links on page 60
2025-06-12 06:46:54,726 - INFO - Scraping page 64...
2025-06-12 06:46:55,835 - INFO - Found 60 links on page 62
2025-06-12 06:46:55,836 - INFO - Scraping page 65...
2025-06-12 06:46:58,276 - INFO - Found 60 links on page 63
2025-06-12 06:46:58,276 - INFO - Scraping page 66...
2025-06-12 06:46:59,230 - INFO - Found 60 links on page 65
2025-06-12 06:46:59,235 - INFO - Scraping page 67...
2025-06-12 06:46:59,391 - INFO - Found 60 links on page 64
2025-06-12 06:46:59,391 - INFO - Scraping page 68...
2025-06-12 06:47:02,194 - INFO - Found 60 links on page 66
2025-06-12 06:47:02,194 - INFO - Scraping page 69...
2025-06-12 06:47:03,130 - INFO - Found 60 links on page 67
2025-06-12 06:47:03,130 - INFO - Scraping page 70...
2025-06-12 06:47:03,419 - INFO - Found 60 links on page 68
2025-06-12 06:47:03,419 - INFO - Scraping page 71...
2025-06-12 06:47:05,879 - INFO - Found 60 links on page 69
2025-06-12 06:47:05,879 - INFO - Scraping page 72...
2025-06-12 06:47:06,527 - INFO - Found 60 links on page 70
2025-06-12 06:47:06,527 - INFO - Scraping page 73...
2025-06-12 06:47:07,049 - INFO - Found 60 links on page 71
2025-06-12 06:47:07,050 - INFO - Scraping page 74...
2025-06-12 06:47:09,292 - INFO - Found 60 links on page 72
2025-06-12 06:47:09,293 - INFO - Scraping page 75...
2025-06-12 06:47:10,401 - INFO - Found 60 links on page 73
2025-06-12 06:47:10,401 - INFO - Scraping page 76...
2025-06-12 06:47:10,656 - INFO - Found 60 links on page 74
2025-06-12 06:47:10,656 - INFO - Scraping page 77...
2025-06-12 06:47:12,972 - INFO - Found 60 links on page 75
2025-06-12 06:47:12,973 - INFO - Scraping page 78...
2025-06-12 06:47:14,328 - INFO - Found 60 links on page 76
2025-06-12 06:47:14,333 - INFO - Scraping page 79...
2025-06-12 06:47:14,486 - INFO - Found 60 links on page 77
2025-06-12 06:47:14,486 - INFO - Scraping page 80...
2025-06-12 06:47:16,644 - INFO - Found 60 links on page 78
2025-06-12 06:47:16,644 - INFO - Scraping page 81...
2025-06-12 06:47:17,946 - INFO - Found 60 links on page 80
2025-06-12 06:47:17,946 - INFO - Scraping page 82...
2025-06-12 06:47:18,216 - INFO - Found 60 links on page 79
2025-06-12 06:47:18,216 - INFO - Scraping page 83...
2025-06-12 06:47:20,145 - INFO - Found 60 links on page 81
2025-06-12 06:47:20,145 - INFO - Scraping page 84...
2025-06-12 06:47:21,328 - INFO - Found 60 links on page 82
2025-06-12 06:47:21,328 - INFO - Scraping page 85...
2025-06-12 06:47:21,673 - INFO - Found 60 links on page 83
2025-06-12 06:47:21,673 - INFO - Scraping page 86...
2025-06-12 06:47:24,385 - INFO - Found 60 links on page 84
2025-06-12 06:47:24,386 - INFO - Scraping page 87...
2025-06-12 06:47:24,589 - INFO - Found 60 links on page 85
2025-06-12 06:47:24,589 - INFO - Scraping page 88...
2025-06-12 06:47:25,338 - INFO - Found 60 links on page 86
2025-06-12 06:47:25,338 - INFO - Scraping page 89...
2025-06-12 06:47:28,311 - INFO - Found 60 links on page 88
2025-06-12 06:47:28,316 - INFO - Scraping page 90...
2025-06-12 06:47:28,464 - INFO - Found 60 links on page 87
2025-06-12 06:47:28,706 - INFO - Found 60 links on page 89
2025-06-12 06:47:31,993 - INFO - Found 60 links on page 90
2025-06-12 06:47:31,997 - INFO - Found 240 new links to scrape out of 5400 total links
2025-06-12 06:47:31,997 - INFO - Processing batch 1/5 (50 links)
2025-06-12 06:47:37,985 - INFO - Progress: 10/50 ads processed
2025-06-12 06:47:43,175 - INFO - Progress: 20/50 ads processed
2025-06-12 06:47:48,041 - INFO - Progress: 30/50 ads processed
2025-06-12 06:47:53,175 - INFO - Progress: 40/50 ads processed
2025-06-12 06:47:58,202 - INFO - Progress: 50/50 ads processed
2025-06-12 06:47:58,238 - INFO - Created backup of existing data file at unegui_data/unegui_rental_data.csv.bak
2025-06-12 06:47:58,381 - INFO - Data saved to unegui_data/unegui_rental_data.csv: 12300 records
2025-06-12 06:47:58,780 - INFO - Cache saved with 12621 URLs
2025-06-12 06:47:58,780 - INFO - Saved batch data. Total records: 12300
2025-06-12 06:47:58,780 - INFO - Processing batch 2/5 (50 links)
2025-06-12 06:48:04,300 - INFO - Progress: 10/50 ads processed
2025-06-12 06:48:10,293 - INFO - Progress: 20/50 ads processed
2025-06-12 06:48:15,233 - INFO - Progress: 30/50 ads processed
2025-06-12 06:48:20,859 - INFO - Progress: 40/50 ads processed
2025-06-12 06:48:25,953 - INFO - Progress: 50/50 ads processed
2025-06-12 06:48:25,991 - INFO - Created backup of existing data file at unegui_data/unegui_rental_data.csv.bak
2025-06-12 06:48:26,137 - INFO - Data saved to unegui_data/unegui_rental_data.csv: 12350 records
2025-06-12 06:48:26,547 - INFO - Cache saved with 12671 URLs
2025-06-12 06:48:26,547 - INFO - Saved batch data. Total records: 12350
2025-06-12 06:48:26,547 - INFO - Processing batch 3/5 (50 links)
2025-06-12 06:48:31,886 - INFO - Progress: 10/50 ads processed
2025-06-12 06:48:37,044 - INFO - Progress: 20/50 ads processed
2025-06-12 06:48:42,703 - INFO - Progress: 30/50 ads processed
2025-06-12 06:48:47,701 - INFO - Progress: 40/50 ads processed
2025-06-12 06:48:52,905 - INFO - Progress: 50/50 ads processed
2025-06-12 06:48:52,942 - INFO - Created backup of existing data file at unegui_data/unegui_rental_data.csv.bak
2025-06-12 06:48:53,088 - INFO - Data saved to unegui_data/unegui_rental_data.csv: 12400 records
2025-06-12 06:48:53,490 - INFO - Cache saved with 12721 URLs
2025-06-12 06:48:53,491 - INFO - Saved batch data. Total records: 12400
2025-06-12 06:48:53,491 - INFO - Processing batch 4/5 (50 links)
2025-06-12 06:48:58,887 - INFO - Progress: 10/50 ads processed
2025-06-12 06:49:04,272 - INFO - Progress: 20/50 ads processed
2025-06-12 06:49:09,266 - INFO - Progress: 30/50 ads processed
2025-06-12 06:49:14,190 - INFO - Progress: 40/50 ads processed
2025-06-12 06:49:19,264 - INFO - Progress: 50/50 ads processed
2025-06-12 06:49:19,302 - INFO - Created backup of existing data file at unegui_data/unegui_rental_data.csv.bak
2025-06-12 06:49:19,447 - INFO - Data saved to unegui_data/unegui_rental_data.csv: 12449 records
2025-06-12 06:49:19,855 - INFO - Cache saved with 12771 URLs
2025-06-12 06:49:19,855 - INFO - Saved batch data. Total records: 12449
2025-06-12 06:49:19,855 - INFO - Processing batch 5/5 (40 links)
2025-06-12 06:49:25,385 - INFO - Progress: 10/40 ads processed
2025-06-12 06:49:31,022 - INFO - Progress: 20/40 ads processed
2025-06-12 06:49:36,355 - INFO - Progress: 30/40 ads processed
2025-06-12 06:49:41,563 - INFO - Progress: 40/40 ads processed
2025-06-12 06:49:41,600 - INFO - Created backup of existing data file at unegui_data/unegui_rental_data.csv.bak
2025-06-12 06:49:41,746 - INFO - Data saved to unegui_data/unegui_rental_data.csv: 12488 records
2025-06-12 06:49:42,149 - INFO - Cache saved with 12811 URLs
2025-06-12 06:49:42,149 - INFO - Saved batch data. Total records: 12488
2025-06-12 06:49:42,149 - INFO - Scraping completed in 0:04:05.618761. Total ads collected: 12488
