2025-05-14 06:45:26,565 - INFO - Starting rental apartment scraper at 2025-05-14 06:45:26.565266
2025-05-14 06:45:26,615 - INFO - Loaded existing data from unegui_data/unegui_rental_data.csv: 5591 records
2025-05-14 06:45:26,675 - INFO - Loaded 5591 existing records
2025-05-14 06:45:26,676 - INFO - Scraping page 1...
2025-05-14 06:45:26,676 - INFO - Scraping page 2...
2025-05-14 06:45:26,677 - INFO - Scraping page 3...
2025-05-14 06:45:30,355 - INFO - Found 60 links on page 1
2025-05-14 06:45:30,356 - INFO - Scraping page 4...
2025-05-14 06:45:30,578 - INFO - Found 60 links on page 3
2025-05-14 06:45:30,578 - INFO - Scraping page 5...
2025-05-14 06:45:30,858 - INFO - Found 60 links on page 2
2025-05-14 06:45:30,858 - INFO - Scraping page 6...
2025-05-14 06:45:34,298 - INFO - Found 60 links on page 4
2025-05-14 06:45:34,298 - INFO - Scraping page 7...
2025-05-14 06:45:34,613 - INFO - Found 60 links on page 6
2025-05-14 06:45:34,623 - INFO - Scraping page 8...
2025-05-14 06:45:34,804 - INFO - Found 60 links on page 5
2025-05-14 06:45:34,804 - INFO - Scraping page 9...
2025-05-14 06:45:37,853 - INFO - Found 60 links on page 7
2025-05-14 06:45:37,853 - INFO - Scraping page 10...
2025-05-14 06:45:38,535 - INFO - Found 60 links on page 8
2025-05-14 06:45:38,536 - INFO - Scraping page 11...
2025-05-14 06:45:38,782 - INFO - Found 60 links on page 9
2025-05-14 06:45:38,782 - INFO - Scraping page 12...
2025-05-14 06:45:41,699 - INFO - Found 60 links on page 10
2025-05-14 06:45:41,700 - INFO - Scraping page 13...
2025-05-14 06:45:41,969 - INFO - Found 60 links on page 11
2025-05-14 06:45:41,969 - INFO - Scraping page 14...
2025-05-14 06:45:43,158 - INFO - Found 60 links on page 12
2025-05-14 06:45:43,159 - INFO - Scraping page 15...
2025-05-14 06:45:45,093 - INFO - Found 60 links on page 13
2025-05-14 06:45:45,093 - INFO - Scraping page 16...
2025-05-14 06:45:45,544 - INFO - Found 60 links on page 14
2025-05-14 06:45:45,544 - INFO - Scraping page 17...
2025-05-14 06:45:46,715 - INFO - Found 60 links on page 15
2025-05-14 06:45:46,715 - INFO - Scraping page 18...
2025-05-14 06:45:48,785 - INFO - Found 60 links on page 16
2025-05-14 06:45:48,785 - INFO - Scraping page 19...
2025-05-14 06:45:48,991 - INFO - Found 60 links on page 17
2025-05-14 06:45:48,991 - INFO - Scraping page 20...
2025-05-14 06:45:50,515 - INFO - Found 60 links on page 18
2025-05-14 06:45:50,515 - INFO - Scraping page 21...
2025-05-14 06:45:52,540 - INFO - Found 60 links on page 19
2025-05-14 06:45:52,540 - INFO - Scraping page 22...
2025-05-14 06:45:52,921 - INFO - Found 60 links on page 20
2025-05-14 06:45:52,922 - INFO - Scraping page 23...
2025-05-14 06:45:54,168 - INFO - Found 60 links on page 21
2025-05-14 06:45:54,168 - INFO - Scraping page 24...
2025-05-14 06:45:56,144 - INFO - Found 60 links on page 22
2025-05-14 06:45:56,149 - INFO - Scraping page 25...
2025-05-14 06:45:56,377 - INFO - Found 60 links on page 23
2025-05-14 06:45:56,377 - INFO - Scraping page 26...
2025-05-14 06:45:58,031 - INFO - Found 60 links on page 24
2025-05-14 06:45:58,031 - INFO - Scraping page 27...
2025-05-14 06:46:00,049 - INFO - Found 60 links on page 25
2025-05-14 06:46:00,049 - INFO - Scraping page 28...
2025-05-14 06:46:00,707 - INFO - Found 60 links on page 26
2025-05-14 06:46:00,707 - INFO - Scraping page 29...
2025-05-14 06:46:01,525 - INFO - Found 60 links on page 27
2025-05-14 06:46:01,525 - INFO - Scraping page 30...
2025-05-14 06:46:03,852 - INFO - Found 60 links on page 28
2025-05-14 06:46:03,853 - INFO - Scraping page 31...
2025-05-14 06:46:05,166 - INFO - Found 60 links on page 30
2025-05-14 06:46:05,167 - INFO - Scraping page 32...
2025-05-14 06:46:05,369 - INFO - Found 60 links on page 29
2025-05-14 06:46:05,370 - INFO - Scraping page 33...
2025-05-14 06:46:08,295 - INFO - Found 60 links on page 31
2025-05-14 06:46:08,296 - INFO - Scraping page 34...
2025-05-14 06:46:08,931 - INFO - Found 60 links on page 32
2025-05-14 06:46:08,931 - INFO - Scraping page 35...
2025-05-14 06:46:09,889 - INFO - Found 60 links on page 33
2025-05-14 06:46:09,889 - INFO - Scraping page 36...
2025-05-14 06:46:12,448 - INFO - Found 60 links on page 34
2025-05-14 06:46:12,448 - INFO - Scraping page 37...
2025-05-14 06:46:12,641 - INFO - Found 60 links on page 35
2025-05-14 06:46:12,641 - INFO - Scraping page 38...
2025-05-14 06:46:14,066 - INFO - Found 60 links on page 36
2025-05-14 06:46:14,066 - INFO - Scraping page 39...
2025-05-14 06:46:16,113 - INFO - Found 60 links on page 37
2025-05-14 06:46:16,113 - INFO - Scraping page 40...
2025-05-14 06:46:16,415 - INFO - Found 60 links on page 38
2025-05-14 06:46:16,415 - INFO - Scraping page 41...
2025-05-14 06:46:18,265 - INFO - Found 60 links on page 39
2025-05-14 06:46:18,265 - INFO - Scraping page 42...
2025-05-14 06:46:19,567 - INFO - Found 60 links on page 40
2025-05-14 06:46:19,567 - INFO - Scraping page 43...
2025-05-14 06:46:20,215 - INFO - Found 60 links on page 41
2025-05-14 06:46:20,216 - INFO - Scraping page 44...
2025-05-14 06:46:21,858 - INFO - Found 60 links on page 42
2025-05-14 06:46:21,858 - INFO - Scraping page 45...
2025-05-14 06:46:23,750 - INFO - Found 60 links on page 43
2025-05-14 06:46:23,755 - INFO - Scraping page 46...
2025-05-14 06:46:23,864 - INFO - Found 60 links on page 44
2025-05-14 06:46:23,864 - INFO - Scraping page 47...
2025-05-14 06:46:26,909 - INFO - Found 60 links on page 45
2025-05-14 06:46:26,909 - INFO - Scraping page 48...
2025-05-14 06:46:27,551 - INFO - Found 60 links on page 47
2025-05-14 06:46:27,551 - INFO - Scraping page 49...
2025-05-14 06:46:27,848 - INFO - Found 60 links on page 46
2025-05-14 06:46:27,848 - INFO - Scraping page 50...
2025-05-14 06:46:31,003 - INFO - Found 60 links on page 48
2025-05-14 06:46:31,004 - INFO - Scraping page 51...
2025-05-14 06:46:31,776 - INFO - Found 60 links on page 50
2025-05-14 06:46:31,776 - INFO - Scraping page 52...
2025-05-14 06:46:32,073 - INFO - Found 60 links on page 49
2025-05-14 06:46:32,073 - INFO - Scraping page 53...
2025-05-14 06:46:35,561 - INFO - Found 60 links on page 51
2025-05-14 06:46:35,561 - INFO - Scraping page 54...
2025-05-14 06:46:36,150 - INFO - Found 60 links on page 52
2025-05-14 06:46:36,150 - INFO - Scraping page 55...
2025-05-14 06:46:36,766 - INFO - Found 60 links on page 53
2025-05-14 06:46:36,766 - INFO - Scraping page 56...
2025-05-14 06:46:39,449 - INFO - Found 60 links on page 54
2025-05-14 06:46:39,449 - INFO - Scraping page 57...
2025-05-14 06:46:40,357 - INFO - Found 60 links on page 55
2025-05-14 06:46:40,357 - INFO - Scraping page 58...
2025-05-14 06:46:40,668 - INFO - Found 60 links on page 56
2025-05-14 06:46:40,668 - INFO - Scraping page 59...
2025-05-14 06:46:45,078 - INFO - Found 60 links on page 57
2025-05-14 06:46:45,078 - INFO - Scraping page 60...
2025-05-14 06:46:45,442 - INFO - Found 60 links on page 59
2025-05-14 06:46:45,447 - INFO - Scraping page 61...
2025-05-14 06:46:45,500 - INFO - Found 60 links on page 58
2025-05-14 06:46:45,500 - INFO - Scraping page 62...
2025-05-14 06:46:49,286 - INFO - Found 60 links on page 60
2025-05-14 06:46:49,286 - INFO - Scraping page 63...
2025-05-14 06:46:49,771 - INFO - Found 60 links on page 62
2025-05-14 06:46:49,771 - INFO - Scraping page 64...
2025-05-14 06:46:52,223 - INFO - Found 60 links on page 61
2025-05-14 06:46:52,223 - INFO - Scraping page 65...
2025-05-14 06:46:53,085 - INFO - Found 60 links on page 63
2025-05-14 06:46:53,085 - INFO - Scraping page 66...
2025-05-14 06:46:53,653 - INFO - Found 60 links on page 64
2025-05-14 06:46:53,653 - INFO - Scraping page 67...
2025-05-14 06:46:55,678 - INFO - Found 60 links on page 65
2025-05-14 06:46:55,678 - INFO - Scraping page 68...
2025-05-14 06:46:57,132 - INFO - Found 60 links on page 66
2025-05-14 06:46:57,133 - INFO - Scraping page 69...
2025-05-14 06:46:59,243 - INFO - Found 60 links on page 67
2025-05-14 06:46:59,243 - INFO - Scraping page 70...
2025-05-14 06:47:00,581 - INFO - Found 60 links on page 68
2025-05-14 06:47:00,581 - INFO - Scraping page 71...
2025-05-14 06:47:01,459 - INFO - Found 60 links on page 69
2025-05-14 06:47:01,460 - INFO - Scraping page 72...
2025-05-14 06:47:02,968 - INFO - Found 60 links on page 70
2025-05-14 06:47:02,968 - INFO - Scraping page 73...
2025-05-14 06:47:03,934 - INFO - Found 60 links on page 71
2025-05-14 06:47:03,934 - INFO - Scraping page 74...
2025-05-14 06:47:08,339 - INFO - Found 60 links on page 72
2025-05-14 06:47:08,339 - INFO - Scraping page 75...
2025-05-14 06:47:08,663 - INFO - Found 60 links on page 73
2025-05-14 06:47:08,663 - INFO - Scraping page 76...
2025-05-14 06:47:09,262 - INFO - Found 60 links on page 74
2025-05-14 06:47:09,262 - INFO - Scraping page 77...
2025-05-14 06:47:12,120 - INFO - Found 60 links on page 75
2025-05-14 06:47:12,120 - INFO - Scraping page 78...
2025-05-14 06:47:12,383 - INFO - Found 60 links on page 76
2025-05-14 06:47:12,383 - INFO - Scraping page 79...
2025-05-14 06:47:14,892 - INFO - Found 60 links on page 77
2025-05-14 06:47:14,892 - INFO - Scraping page 80...
2025-05-14 06:47:17,217 - INFO - Found 60 links on page 79
2025-05-14 06:47:17,217 - INFO - Scraping page 81...
2025-05-14 06:47:17,541 - INFO - Found 60 links on page 78
2025-05-14 06:47:17,541 - INFO - Scraping page 82...
2025-05-14 06:47:18,484 - INFO - Found 60 links on page 80
2025-05-14 06:47:18,484 - INFO - Scraping page 83...
2025-05-14 06:47:22,872 - INFO - Found 60 links on page 81
2025-05-14 06:47:22,872 - INFO - Scraping page 84...
2025-05-14 06:47:23,169 - INFO - Found 60 links on page 82
2025-05-14 06:47:23,169 - INFO - Scraping page 85...
2025-05-14 06:47:24,491 - INFO - Found 60 links on page 83
2025-05-14 06:47:24,492 - INFO - Scraping page 86...
2025-05-14 06:47:26,529 - INFO - Found 60 links on page 84
2025-05-14 06:47:26,534 - INFO - Scraping page 87...
2025-05-14 06:47:26,672 - INFO - Found 60 links on page 85
2025-05-14 06:47:26,673 - INFO - Scraping page 88...
2025-05-14 06:47:28,905 - INFO - Found 60 links on page 86
2025-05-14 06:47:28,906 - INFO - Scraping page 89...
2025-05-14 06:47:32,080 - INFO - Found 44 links on page 88
2025-05-14 06:47:32,085 - INFO - Scraping page 90...
2025-05-14 06:47:32,311 - INFO - Found 60 links on page 87
2025-05-14 06:47:32,831 - INFO - Found 44 links on page 89
2025-05-14 06:47:38,102 - INFO - Found 44 links on page 90
2025-05-14 06:47:38,105 - INFO - Found 287 new links to scrape out of 5352 total links
2025-05-14 06:47:38,106 - INFO - Processing batch 1/6 (50 links)
2025-05-14 06:47:45,502 - INFO - Progress: 10/50 ads processed
2025-05-14 06:47:50,972 - INFO - Progress: 20/50 ads processed
2025-05-14 06:47:57,674 - INFO - Progress: 30/50 ads processed
2025-05-14 06:48:03,586 - INFO - Progress: 40/50 ads processed
2025-05-14 06:48:09,782 - INFO - Progress: 50/50 ads processed
2025-05-14 06:48:09,801 - INFO - Created backup of existing data file at unegui_data/unegui_rental_data.csv.bak
2025-05-14 06:48:09,868 - INFO - Data saved to unegui_data/unegui_rental_data.csv: 5639 records
2025-05-14 06:48:10,050 - INFO - Cache saved with 5776 URLs
2025-05-14 06:48:10,050 - INFO - Saved batch data. Total records: 5639
2025-05-14 06:48:10,050 - INFO - Processing batch 2/6 (50 links)
2025-05-14 06:48:15,783 - INFO - Progress: 10/50 ads processed
2025-05-14 06:48:22,606 - INFO - Progress: 20/50 ads processed
2025-05-14 06:48:30,099 - INFO - Progress: 30/50 ads processed
2025-05-14 06:48:36,213 - INFO - Progress: 40/50 ads processed
2025-05-14 06:48:41,039 - INFO - Progress: 50/50 ads processed
2025-05-14 06:48:41,059 - INFO - Created backup of existing data file at unegui_data/unegui_rental_data.csv.bak
2025-05-14 06:48:41,125 - INFO - Data saved to unegui_data/unegui_rental_data.csv: 5689 records
2025-05-14 06:48:41,310 - INFO - Cache saved with 5826 URLs
2025-05-14 06:48:41,310 - INFO - Saved batch data. Total records: 5689
2025-05-14 06:48:41,310 - INFO - Processing batch 3/6 (50 links)
2025-05-14 06:48:46,684 - INFO - Progress: 10/50 ads processed
2025-05-14 06:48:51,893 - INFO - Progress: 20/50 ads processed
2025-05-14 06:48:57,077 - INFO - Progress: 30/50 ads processed
2025-05-14 06:49:03,491 - INFO - Progress: 40/50 ads processed
2025-05-14 06:49:09,497 - INFO - Progress: 50/50 ads processed
2025-05-14 06:49:09,517 - INFO - Created backup of existing data file at unegui_data/unegui_rental_data.csv.bak
2025-05-14 06:49:09,585 - INFO - Data saved to unegui_data/unegui_rental_data.csv: 5738 records
2025-05-14 06:49:09,770 - INFO - Cache saved with 5876 URLs
2025-05-14 06:49:09,770 - INFO - Saved batch data. Total records: 5738
2025-05-14 06:49:09,770 - INFO - Processing batch 4/6 (50 links)
2025-05-14 06:49:15,024 - INFO - Progress: 10/50 ads processed
2025-05-14 06:49:20,907 - INFO - Progress: 20/50 ads processed
2025-05-14 06:49:26,450 - INFO - Progress: 30/50 ads processed
2025-05-14 06:49:31,416 - INFO - Progress: 40/50 ads processed
2025-05-14 06:49:36,571 - INFO - Progress: 50/50 ads processed
2025-05-14 06:49:36,591 - INFO - Created backup of existing data file at unegui_data/unegui_rental_data.csv.bak
2025-05-14 06:49:36,661 - INFO - Data saved to unegui_data/unegui_rental_data.csv: 5782 records
2025-05-14 06:49:36,849 - INFO - Cache saved with 5926 URLs
2025-05-14 06:49:36,849 - INFO - Saved batch data. Total records: 5782
2025-05-14 06:49:36,849 - INFO - Processing batch 5/6 (50 links)
2025-05-14 06:49:42,095 - INFO - Progress: 10/50 ads processed
2025-05-14 06:49:47,162 - INFO - Progress: 20/50 ads processed
2025-05-14 06:49:52,505 - INFO - Progress: 30/50 ads processed
2025-05-14 06:49:58,281 - INFO - Progress: 40/50 ads processed
2025-05-14 06:50:03,293 - INFO - Progress: 50/50 ads processed
2025-05-14 06:50:03,312 - INFO - Created backup of existing data file at unegui_data/unegui_rental_data.csv.bak
2025-05-14 06:50:03,380 - INFO - Data saved to unegui_data/unegui_rental_data.csv: 5832 records
2025-05-14 06:50:03,573 - INFO - Cache saved with 5976 URLs
2025-05-14 06:50:03,573 - INFO - Saved batch data. Total records: 5832
2025-05-14 06:50:03,573 - INFO - Processing batch 6/6 (37 links)
2025-05-14 06:50:09,448 - INFO - Progress: 10/37 ads processed
2025-05-14 06:50:15,338 - INFO - Progress: 20/37 ads processed
2025-05-14 06:50:20,148 - INFO - Progress: 30/37 ads processed
2025-05-14 06:50:26,356 - INFO - Progress: 37/37 ads processed
2025-05-14 06:50:26,376 - INFO - Created backup of existing data file at unegui_data/unegui_rental_data.csv.bak
2025-05-14 06:50:26,445 - INFO - Data saved to unegui_data/unegui_rental_data.csv: 5868 records
2025-05-14 06:50:26,633 - INFO - Cache saved with 6013 URLs
2025-05-14 06:50:26,633 - INFO - Saved batch data. Total records: 5868
2025-05-14 06:50:26,633 - INFO - Scraping completed in 0:05:00.068396. Total ads collected: 5868
2025-05-14 18:27:07,491 - INFO - Starting rental apartment scraper at 2025-05-14 18:27:07.491640
2025-05-14 18:27:07,544 - INFO - Loaded existing data from unegui_data/unegui_rental_data.csv: 5868 records
2025-05-14 18:27:07,603 - INFO - Loaded 5868 existing records
2025-05-14 18:27:07,604 - INFO - Scraping page 1...
2025-05-14 18:27:07,604 - INFO - Scraping page 2...
2025-05-14 18:27:07,605 - INFO - Scraping page 3...
2025-05-14 18:27:10,897 - INFO - Found 60 links on page 3
2025-05-14 18:27:10,897 - INFO - Scraping page 4...
2025-05-14 18:27:11,087 - INFO - Found 60 links on page 2
2025-05-14 18:27:11,087 - INFO - Scraping page 5...
2025-05-14 18:27:12,222 - INFO - Found 60 links on page 1
2025-05-14 18:27:12,222 - INFO - Scraping page 6...
2025-05-14 18:27:14,255 - INFO - Found 60 links on page 4
2025-05-14 18:27:14,255 - INFO - Scraping page 7...
2025-05-14 18:27:14,611 - INFO - Found 60 links on page 5
2025-05-14 18:27:14,611 - INFO - Scraping page 8...
2025-05-14 18:27:15,958 - INFO - Found 60 links on page 6
2025-05-14 18:27:15,959 - INFO - Scraping page 9...
2025-05-14 18:27:17,624 - INFO - Found 60 links on page 7
2025-05-14 18:27:17,624 - INFO - Scraping page 10...
2025-05-14 18:27:18,080 - INFO - Found 60 links on page 8
2025-05-14 18:27:18,080 - INFO - Scraping page 11...
2025-05-14 18:27:19,628 - INFO - Found 60 links on page 9
2025-05-14 18:27:19,628 - INFO - Scraping page 12...
2025-05-14 18:27:21,315 - INFO - Found 60 links on page 10
2025-05-14 18:27:21,315 - INFO - Scraping page 13...
2025-05-14 18:27:21,628 - INFO - Found 60 links on page 11
2025-05-14 18:27:21,629 - INFO - Scraping page 14...
2025-05-14 18:27:22,963 - INFO - Found 60 links on page 12
2025-05-14 18:27:22,964 - INFO - Scraping page 15...
2025-05-14 18:27:24,569 - INFO - Found 60 links on page 13
2025-05-14 18:27:24,569 - INFO - Scraping page 16...
2025-05-14 18:27:25,624 - INFO - Found 60 links on page 14
2025-05-14 18:27:25,624 - INFO - Scraping page 17...
2025-05-14 18:27:25,923 - INFO - Found 60 links on page 15
2025-05-14 18:27:25,923 - INFO - Scraping page 18...
2025-05-14 18:27:28,092 - INFO - Found 60 links on page 16
2025-05-14 18:27:28,092 - INFO - Scraping page 19...
2025-05-14 18:27:28,849 - INFO - Found 60 links on page 17
2025-05-14 18:27:28,849 - INFO - Scraping page 20...
2025-05-14 18:27:29,321 - INFO - Found 60 links on page 18
2025-05-14 18:27:29,321 - INFO - Scraping page 21...
2025-05-14 18:27:31,484 - INFO - Found 60 links on page 19
2025-05-14 18:27:31,484 - INFO - Scraping page 22...
2025-05-14 18:27:32,349 - INFO - Found 60 links on page 20
2025-05-14 18:27:32,350 - INFO - Scraping page 23...
2025-05-14 18:27:32,871 - INFO - Found 60 links on page 21
2025-05-14 18:27:32,871 - INFO - Scraping page 24...
2025-05-14 18:27:34,633 - INFO - Found 60 links on page 22
2025-05-14 18:27:34,633 - INFO - Scraping page 25...
2025-05-14 18:27:35,700 - INFO - Found 60 links on page 23
2025-05-14 18:27:35,701 - INFO - Scraping page 26...
2025-05-14 18:27:36,698 - INFO - Found 60 links on page 24
2025-05-14 18:27:36,698 - INFO - Scraping page 27...
2025-05-14 18:27:38,041 - INFO - Found 60 links on page 25
2025-05-14 18:27:38,041 - INFO - Scraping page 28...
2025-05-14 18:27:39,356 - INFO - Found 60 links on page 26
2025-05-14 18:27:39,357 - INFO - Scraping page 29...
2025-05-14 18:27:40,114 - INFO - Found 60 links on page 27
2025-05-14 18:27:40,115 - INFO - Scraping page 30...
2025-05-14 18:27:41,400 - INFO - Found 60 links on page 28
2025-05-14 18:27:41,401 - INFO - Scraping page 31...
2025-05-14 18:27:42,652 - INFO - Found 60 links on page 29
2025-05-14 18:27:42,652 - INFO - Scraping page 32...
2025-05-14 18:27:43,831 - INFO - Found 60 links on page 30
2025-05-14 18:27:43,831 - INFO - Scraping page 33...
2025-05-14 18:27:44,768 - INFO - Found 60 links on page 31
2025-05-14 18:27:44,769 - INFO - Scraping page 34...
2025-05-14 18:27:45,921 - INFO - Found 60 links on page 32
2025-05-14 18:27:45,921 - INFO - Scraping page 35...
2025-05-14 18:27:47,362 - INFO - Found 60 links on page 33
2025-05-14 18:27:47,362 - INFO - Scraping page 36...
2025-05-14 18:27:48,276 - INFO - Found 60 links on page 34
2025-05-14 18:27:48,276 - INFO - Scraping page 37...
2025-05-14 18:27:49,541 - INFO - Found 60 links on page 35
2025-05-14 18:27:49,541 - INFO - Scraping page 38...
2025-05-14 18:27:50,728 - INFO - Found 60 links on page 36
2025-05-14 18:27:50,728 - INFO - Scraping page 39...
2025-05-14 18:27:51,608 - INFO - Found 60 links on page 37
2025-05-14 18:27:51,608 - INFO - Scraping page 40...
2025-05-14 18:27:53,086 - INFO - Found 60 links on page 38
2025-05-14 18:27:53,086 - INFO - Scraping page 41...
2025-05-14 18:27:54,363 - INFO - Found 60 links on page 39
2025-05-14 18:27:54,364 - INFO - Scraping page 42...
2025-05-14 18:27:55,894 - INFO - Found 60 links on page 40
2025-05-14 18:27:55,894 - INFO - Scraping page 43...
2025-05-14 18:27:56,425 - INFO - Found 60 links on page 41
2025-05-14 18:27:56,426 - INFO - Scraping page 44...
2025-05-14 18:27:57,885 - INFO - Found 60 links on page 42
2025-05-14 18:27:57,886 - INFO - Scraping page 45...
2025-05-14 18:27:59,282 - INFO - Found 60 links on page 43
2025-05-14 18:27:59,282 - INFO - Scraping page 46...
2025-05-14 18:27:59,828 - INFO - Found 60 links on page 44
2025-05-14 18:27:59,828 - INFO - Scraping page 47...
2025-05-14 18:28:01,110 - INFO - Found 60 links on page 45
2025-05-14 18:28:01,110 - INFO - Scraping page 48...
2025-05-14 18:28:02,564 - INFO - Found 60 links on page 46
2025-05-14 18:28:02,564 - INFO - Scraping page 49...
2025-05-14 18:28:03,273 - INFO - Found 60 links on page 47
2025-05-14 18:28:03,273 - INFO - Scraping page 50...
2025-05-14 18:28:04,737 - INFO - Found 60 links on page 48
2025-05-14 18:28:04,737 - INFO - Scraping page 51...
2025-05-14 18:28:05,672 - INFO - Found 60 links on page 49
2025-05-14 18:28:05,672 - INFO - Scraping page 52...
2025-05-14 18:28:06,651 - INFO - Found 60 links on page 50
2025-05-14 18:28:06,651 - INFO - Scraping page 53...
2025-05-14 18:28:08,054 - INFO - Found 60 links on page 51
2025-05-14 18:28:08,055 - INFO - Scraping page 54...
2025-05-14 18:28:08,988 - INFO - Found 60 links on page 52
2025-05-14 18:28:08,988 - INFO - Scraping page 55...
2025-05-14 18:28:09,881 - INFO - Found 60 links on page 53
2025-05-14 18:28:09,881 - INFO - Scraping page 56...
2025-05-14 18:28:11,659 - INFO - Found 60 links on page 54
2025-05-14 18:28:11,659 - INFO - Scraping page 57...
2025-05-14 18:28:12,345 - INFO - Found 60 links on page 55
2025-05-14 18:28:12,345 - INFO - Scraping page 58...
2025-05-14 18:28:13,140 - INFO - Found 60 links on page 56
2025-05-14 18:28:13,140 - INFO - Scraping page 59...
2025-05-14 18:28:15,102 - INFO - Found 60 links on page 57
2025-05-14 18:28:15,102 - INFO - Scraping page 60...
2025-05-14 18:28:15,804 - INFO - Found 60 links on page 58
2025-05-14 18:28:15,804 - INFO - Scraping page 61...
2025-05-14 18:28:16,784 - INFO - Found 60 links on page 59
2025-05-14 18:28:16,784 - INFO - Scraping page 62...
2025-05-14 18:28:18,740 - INFO - Found 60 links on page 60
2025-05-14 18:28:18,740 - INFO - Scraping page 63...
2025-05-14 18:28:19,747 - INFO - Found 60 links on page 61
2025-05-14 18:28:19,747 - INFO - Scraping page 64...
2025-05-14 18:28:20,452 - INFO - Found 60 links on page 62
2025-05-14 18:28:20,453 - INFO - Scraping page 65...
2025-05-14 18:28:22,220 - INFO - Found 60 links on page 63
2025-05-14 18:28:22,220 - INFO - Scraping page 66...
2025-05-14 18:28:23,365 - INFO - Found 60 links on page 64
2025-05-14 18:28:23,365 - INFO - Scraping page 67...
2025-05-14 18:28:23,606 - INFO - Found 60 links on page 65
2025-05-14 18:28:23,606 - INFO - Scraping page 68...
2025-05-14 18:28:25,538 - INFO - Found 60 links on page 66
2025-05-14 18:28:25,538 - INFO - Scraping page 69...
2025-05-14 18:28:26,571 - INFO - Found 60 links on page 67
2025-05-14 18:28:26,571 - INFO - Scraping page 70...
2025-05-14 18:28:26,894 - INFO - Found 60 links on page 68
2025-05-14 18:28:26,895 - INFO - Scraping page 71...
2025-05-14 18:28:29,001 - INFO - Found 60 links on page 69
2025-05-14 18:28:29,001 - INFO - Scraping page 72...
2025-05-14 18:28:29,927 - INFO - Found 60 links on page 70
2025-05-14 18:28:29,927 - INFO - Scraping page 73...
2025-05-14 18:28:30,969 - INFO - Found 60 links on page 71
2025-05-14 18:28:30,969 - INFO - Scraping page 74...
2025-05-14 18:28:32,553 - INFO - Found 60 links on page 72
2025-05-14 18:28:32,553 - INFO - Scraping page 75...
2025-05-14 18:28:33,815 - INFO - Found 60 links on page 73
2025-05-14 18:28:33,815 - INFO - Scraping page 76...
2025-05-14 18:28:34,037 - INFO - Found 60 links on page 74
2025-05-14 18:28:34,037 - INFO - Scraping page 77...
2025-05-14 18:28:36,128 - INFO - Found 60 links on page 75
2025-05-14 18:28:36,128 - INFO - Scraping page 78...
2025-05-14 18:28:37,259 - INFO - Found 60 links on page 76
2025-05-14 18:28:37,260 - INFO - Scraping page 79...
2025-05-14 18:28:37,599 - INFO - Found 60 links on page 77
2025-05-14 18:28:37,599 - INFO - Scraping page 80...
2025-05-14 18:28:39,305 - INFO - Found 60 links on page 78
2025-05-14 18:28:39,306 - INFO - Scraping page 81...
2025-05-14 18:28:40,704 - INFO - Found 60 links on page 79
2025-05-14 18:28:40,704 - INFO - Scraping page 82...
2025-05-14 18:28:40,870 - INFO - Found 60 links on page 80
2025-05-14 18:28:40,870 - INFO - Scraping page 83...
2025-05-14 18:28:42,934 - INFO - Found 60 links on page 81
2025-05-14 18:28:42,934 - INFO - Scraping page 84...
2025-05-14 18:28:44,004 - INFO - Found 60 links on page 83
2025-05-14 18:28:44,004 - INFO - Scraping page 85...
2025-05-14 18:28:44,282 - INFO - Found 60 links on page 82
2025-05-14 18:28:44,282 - INFO - Scraping page 86...
2025-05-14 18:28:46,447 - INFO - Found 60 links on page 84
2025-05-14 18:28:46,448 - INFO - Scraping page 87...
2025-05-14 18:28:47,381 - INFO - Found 60 links on page 85
2025-05-14 18:28:47,381 - INFO - Scraping page 88...
2025-05-14 18:28:47,743 - INFO - Found 60 links on page 86
2025-05-14 18:28:47,743 - INFO - Scraping page 89...
2025-05-14 18:28:50,443 - INFO - Found 60 links on page 87
2025-05-14 18:28:50,443 - INFO - Scraping page 90...
2025-05-14 18:28:51,130 - INFO - Found 60 links on page 88
2025-05-14 18:28:51,560 - INFO - Found 40 links on page 89
2025-05-14 18:28:55,115 - INFO - Found 40 links on page 90
2025-05-14 18:28:55,118 - INFO - Found 133 new links to scrape out of 5360 total links
2025-05-14 18:28:55,118 - INFO - Processing batch 1/3 (50 links)
2025-05-14 18:29:00,470 - INFO - Progress: 10/50 ads processed
2025-05-14 18:29:05,670 - INFO - Progress: 20/50 ads processed
2025-05-14 18:29:10,742 - INFO - Progress: 30/50 ads processed
2025-05-14 18:29:16,026 - INFO - Progress: 40/50 ads processed
2025-05-14 18:29:20,593 - INFO - Progress: 50/50 ads processed
2025-05-14 18:29:20,612 - INFO - Created backup of existing data file at unegui_data/unegui_rental_data.csv.bak
2025-05-14 18:29:20,682 - INFO - Data saved to unegui_data/unegui_rental_data.csv: 5918 records
2025-05-14 18:29:20,873 - INFO - Cache saved with 6063 URLs
2025-05-14 18:29:20,873 - INFO - Saved batch data. Total records: 5918
2025-05-14 18:29:20,873 - INFO - Processing batch 2/3 (50 links)
2025-05-14 18:29:26,225 - INFO - Progress: 10/50 ads processed
2025-05-14 18:29:31,127 - INFO - Progress: 20/50 ads processed
2025-05-14 18:29:36,357 - INFO - Progress: 30/50 ads processed
2025-05-14 18:29:41,157 - INFO - Progress: 40/50 ads processed
2025-05-14 18:29:46,842 - INFO - Progress: 50/50 ads processed
2025-05-14 18:29:46,861 - INFO - Created backup of existing data file at unegui_data/unegui_rental_data.csv.bak
2025-05-14 18:29:46,931 - INFO - Data saved to unegui_data/unegui_rental_data.csv: 5968 records
2025-05-14 18:29:47,121 - INFO - Cache saved with 6113 URLs
2025-05-14 18:29:47,121 - INFO - Saved batch data. Total records: 5968
2025-05-14 18:29:47,121 - INFO - Processing batch 3/3 (33 links)
2025-05-14 18:29:52,574 - INFO - Progress: 10/33 ads processed
2025-05-14 18:29:57,630 - INFO - Progress: 20/33 ads processed
2025-05-14 18:30:02,622 - INFO - Progress: 30/33 ads processed
2025-05-14 18:30:04,938 - INFO - Progress: 33/33 ads processed
2025-05-14 18:30:04,958 - INFO - Created backup of existing data file at unegui_data/unegui_rental_data.csv.bak
2025-05-14 18:30:05,029 - INFO - Data saved to unegui_data/unegui_rental_data.csv: 6001 records
2025-05-14 18:30:05,226 - INFO - Cache saved with 6146 URLs
2025-05-14 18:30:05,226 - INFO - Saved batch data. Total records: 6001
2025-05-14 18:30:05,226 - INFO - Scraping completed in 0:02:57.734654. Total ads collected: 6001
