2025-06-07 06:41:48,165 - INFO - Starting rental apartment scraper at 2025-06-07 06:41:48.165889
2025-06-07 06:41:48,261 - INFO - Loaded existing data from unegui_data/unegui_rental_data.csv: 11129 records
2025-06-07 06:41:48,378 - INFO - Loaded 11129 existing records
2025-06-07 06:41:48,379 - INFO - Scraping page 1...
2025-06-07 06:41:48,380 - INFO - Scraping page 2...
2025-06-07 06:41:48,380 - INFO - Scraping page 3...
2025-06-07 06:41:52,786 - INFO - Found 60 links on page 3
2025-06-07 06:41:52,792 - INFO - Scraping page 4...
2025-06-07 06:41:52,825 - INFO - Found 60 links on page 1
2025-06-07 06:41:52,830 - INFO - Scraping page 5...
2025-06-07 06:41:52,958 - INFO - Found 60 links on page 2
2025-06-07 06:41:52,959 - INFO - Scraping page 6...
2025-06-07 06:41:56,372 - INFO - Found 60 links on page 6
2025-06-07 06:41:56,387 - INFO - Scraping page 7...
2025-06-07 06:41:56,733 - INFO - Found 60 links on page 5
2025-06-07 06:41:56,738 - INFO - Scraping page 8...
2025-06-07 06:41:56,796 - INFO - Found 60 links on page 4
2025-06-07 06:41:56,797 - INFO - Scraping page 9...
2025-06-07 06:42:00,271 - INFO - Found 60 links on page 7
2025-06-07 06:42:00,276 - INFO - Scraping page 10...
2025-06-07 06:42:00,376 - INFO - Found 60 links on page 9
2025-06-07 06:42:00,377 - INFO - Scraping page 11...
2025-06-07 06:42:00,767 - INFO - Found 60 links on page 8
2025-06-07 06:42:00,768 - INFO - Scraping page 12...
2025-06-07 06:42:03,620 - INFO - Found 60 links on page 10
2025-06-07 06:42:03,620 - INFO - Scraping page 13...
2025-06-07 06:42:03,980 - INFO - Found 60 links on page 11
2025-06-07 06:42:03,980 - INFO - Scraping page 14...
2025-06-07 06:42:04,455 - INFO - Found 60 links on page 12
2025-06-07 06:42:04,455 - INFO - Scraping page 15...
2025-06-07 06:42:07,493 - INFO - Found 60 links on page 13
2025-06-07 06:42:07,498 - INFO - Scraping page 16...
2025-06-07 06:42:07,581 - INFO - Found 60 links on page 14
2025-06-07 06:42:07,581 - INFO - Scraping page 17...
2025-06-07 06:42:07,763 - INFO - Found 60 links on page 15
2025-06-07 06:42:07,763 - INFO - Scraping page 18...
2025-06-07 06:42:10,967 - INFO - Found 60 links on page 17
2025-06-07 06:42:10,967 - INFO - Scraping page 19...
2025-06-07 06:42:11,156 - INFO - Found 60 links on page 16
2025-06-07 06:42:11,156 - INFO - Scraping page 20...
2025-06-07 06:42:11,396 - INFO - Found 60 links on page 18
2025-06-07 06:42:11,396 - INFO - Scraping page 21...
2025-06-07 06:42:14,392 - INFO - Found 60 links on page 19
2025-06-07 06:42:14,392 - INFO - Scraping page 22...
2025-06-07 06:42:14,916 - INFO - Found 60 links on page 21
2025-06-07 06:42:14,921 - INFO - Scraping page 23...
2025-06-07 06:42:15,127 - INFO - Found 60 links on page 20
2025-06-07 06:42:15,127 - INFO - Scraping page 24...
2025-06-07 06:42:18,100 - INFO - Found 60 links on page 22
2025-06-07 06:42:18,100 - INFO - Scraping page 25...
2025-06-07 06:42:18,391 - INFO - Found 60 links on page 23
2025-06-07 06:42:18,391 - INFO - Scraping page 26...
2025-06-07 06:42:18,776 - INFO - Found 60 links on page 24
2025-06-07 06:42:18,776 - INFO - Scraping page 27...
2025-06-07 06:42:21,745 - INFO - Found 60 links on page 25
2025-06-07 06:42:21,745 - INFO - Scraping page 28...
2025-06-07 06:42:22,187 - INFO - Found 60 links on page 26
2025-06-07 06:42:22,187 - INFO - Scraping page 29...
2025-06-07 06:42:22,373 - INFO - Found 60 links on page 27
2025-06-07 06:42:22,374 - INFO - Scraping page 30...
2025-06-07 06:42:25,409 - INFO - Found 60 links on page 28
2025-06-07 06:42:25,409 - INFO - Scraping page 31...
2025-06-07 06:42:25,722 - INFO - Found 60 links on page 29
2025-06-07 06:42:25,722 - INFO - Scraping page 32...
2025-06-07 06:42:25,977 - INFO - Found 60 links on page 30
2025-06-07 06:42:25,978 - INFO - Scraping page 33...
2025-06-07 06:42:29,149 - INFO - Found 60 links on page 32
2025-06-07 06:42:29,154 - INFO - Scraping page 34...
2025-06-07 06:42:29,484 - INFO - Found 60 links on page 31
2025-06-07 06:42:29,489 - INFO - Scraping page 35...
2025-06-07 06:42:29,600 - INFO - Found 60 links on page 33
2025-06-07 06:42:29,601 - INFO - Scraping page 36...
2025-06-07 06:42:32,815 - INFO - Found 60 links on page 34
2025-06-07 06:42:32,815 - INFO - Scraping page 37...
2025-06-07 06:42:33,056 - INFO - Found 60 links on page 35
2025-06-07 06:42:33,056 - INFO - Scraping page 38...
2025-06-07 06:42:33,380 - INFO - Found 60 links on page 36
2025-06-07 06:42:33,380 - INFO - Scraping page 39...
2025-06-07 06:42:36,624 - INFO - Found 60 links on page 38
2025-06-07 06:42:36,630 - INFO - Scraping page 40...
2025-06-07 06:42:36,781 - INFO - Found 60 links on page 37
2025-06-07 06:42:36,781 - INFO - Scraping page 41...
2025-06-07 06:42:37,714 - INFO - Found 60 links on page 39
2025-06-07 06:42:37,715 - INFO - Scraping page 42...
2025-06-07 06:42:40,128 - INFO - Found 60 links on page 40
2025-06-07 06:42:40,128 - INFO - Scraping page 43...
2025-06-07 06:42:40,365 - INFO - Found 60 links on page 41
2025-06-07 06:42:40,365 - INFO - Scraping page 44...
2025-06-07 06:42:41,344 - INFO - Found 60 links on page 42
2025-06-07 06:42:41,345 - INFO - Scraping page 45...
2025-06-07 06:42:44,051 - INFO - Found 60 links on page 44
2025-06-07 06:42:44,056 - INFO - Scraping page 46...
2025-06-07 06:42:44,113 - INFO - Found 60 links on page 43
2025-06-07 06:42:44,113 - INFO - Scraping page 47...
2025-06-07 06:42:44,929 - INFO - Found 60 links on page 45
2025-06-07 06:42:44,929 - INFO - Scraping page 48...
2025-06-07 06:42:47,849 - INFO - Found 60 links on page 47
2025-06-07 06:42:47,849 - INFO - Scraping page 49...
2025-06-07 06:42:48,253 - INFO - Found 60 links on page 46
2025-06-07 06:42:48,253 - INFO - Scraping page 50...
2025-06-07 06:42:48,491 - INFO - Found 60 links on page 48
2025-06-07 06:42:48,492 - INFO - Scraping page 51...
2025-06-07 06:42:51,562 - INFO - Found 60 links on page 49
2025-06-07 06:42:51,567 - INFO - Scraping page 52...
2025-06-07 06:42:51,717 - INFO - Found 60 links on page 50
2025-06-07 06:42:51,718 - INFO - Scraping page 53...
2025-06-07 06:42:51,974 - INFO - Found 60 links on page 51
2025-06-07 06:42:51,975 - INFO - Scraping page 54...
2025-06-07 06:42:55,333 - INFO - Found 60 links on page 52
2025-06-07 06:42:55,333 - INFO - Scraping page 55...
2025-06-07 06:42:55,854 - INFO - Found 60 links on page 53
2025-06-07 06:42:55,865 - INFO - Scraping page 56...
2025-06-07 06:42:55,960 - INFO - Found 60 links on page 54
2025-06-07 06:42:55,960 - INFO - Scraping page 57...
2025-06-07 06:42:59,100 - INFO - Found 60 links on page 55
2025-06-07 06:42:59,100 - INFO - Scraping page 58...
2025-06-07 06:42:59,354 - INFO - Found 60 links on page 57
2025-06-07 06:42:59,354 - INFO - Scraping page 59...
2025-06-07 06:42:59,528 - INFO - Found 60 links on page 56
2025-06-07 06:42:59,528 - INFO - Scraping page 60...
2025-06-07 06:43:02,350 - INFO - Found 60 links on page 58
2025-06-07 06:43:02,350 - INFO - Scraping page 61...
2025-06-07 06:43:03,025 - INFO - Found 60 links on page 60
2025-06-07 06:43:03,031 - INFO - Scraping page 62...
2025-06-07 06:43:03,162 - INFO - Found 60 links on page 59
2025-06-07 06:43:03,162 - INFO - Scraping page 63...
2025-06-07 06:43:06,533 - INFO - Found 60 links on page 61
2025-06-07 06:43:06,533 - INFO - Scraping page 64...
2025-06-07 06:43:07,260 - INFO - Found 60 links on page 62
2025-06-07 06:43:07,260 - INFO - Scraping page 65...
2025-06-07 06:43:07,479 - INFO - Found 60 links on page 63
2025-06-07 06:43:07,479 - INFO - Scraping page 66...
2025-06-07 06:43:10,800 - INFO - Found 60 links on page 64
2025-06-07 06:43:10,810 - INFO - Scraping page 67...
2025-06-07 06:43:10,896 - INFO - Found 60 links on page 65
2025-06-07 06:43:10,896 - INFO - Scraping page 68...
2025-06-07 06:43:11,529 - INFO - Found 60 links on page 66
2025-06-07 06:43:11,529 - INFO - Scraping page 69...
2025-06-07 06:43:14,238 - INFO - Found 60 links on page 67
2025-06-07 06:43:14,238 - INFO - Scraping page 70...
2025-06-07 06:43:14,509 - INFO - Found 60 links on page 68
2025-06-07 06:43:14,510 - INFO - Scraping page 71...
2025-06-07 06:43:15,282 - INFO - Found 60 links on page 69
2025-06-07 06:43:15,282 - INFO - Scraping page 72...
2025-06-07 06:43:18,498 - INFO - Found 60 links on page 71
2025-06-07 06:43:18,503 - INFO - Scraping page 73...
2025-06-07 06:43:18,642 - INFO - Found 60 links on page 70
2025-06-07 06:43:18,642 - INFO - Scraping page 74...
2025-06-07 06:43:18,875 - INFO - Found 60 links on page 72
2025-06-07 06:43:18,876 - INFO - Scraping page 75...
2025-06-07 06:43:22,181 - INFO - Found 60 links on page 73
2025-06-07 06:43:22,192 - INFO - Scraping page 76...
2025-06-07 06:43:22,311 - INFO - Found 60 links on page 74
2025-06-07 06:43:22,311 - INFO - Scraping page 77...
2025-06-07 06:43:22,578 - INFO - Found 60 links on page 75
2025-06-07 06:43:22,579 - INFO - Scraping page 78...
2025-06-07 06:43:25,941 - INFO - Found 60 links on page 76
2025-06-07 06:43:25,947 - INFO - Scraping page 79...
2025-06-07 06:43:26,044 - INFO - Found 60 links on page 77
2025-06-07 06:43:26,044 - INFO - Scraping page 80...
2025-06-07 06:43:26,292 - INFO - Found 60 links on page 78
2025-06-07 06:43:26,292 - INFO - Scraping page 81...
2025-06-07 06:43:29,362 - INFO - Found 60 links on page 79
2025-06-07 06:43:29,362 - INFO - Scraping page 82...
2025-06-07 06:43:29,703 - INFO - Found 60 links on page 81
2025-06-07 06:43:29,709 - INFO - Scraping page 83...
2025-06-07 06:43:29,839 - INFO - Found 60 links on page 80
2025-06-07 06:43:29,840 - INFO - Scraping page 84...
2025-06-07 06:43:32,961 - INFO - Found 60 links on page 82
2025-06-07 06:43:32,961 - INFO - Scraping page 85...
2025-06-07 06:43:33,204 - INFO - Found 60 links on page 83
2025-06-07 06:43:33,204 - INFO - Scraping page 86...
2025-06-07 06:43:33,584 - INFO - Found 60 links on page 84
2025-06-07 06:43:33,584 - INFO - Scraping page 87...
2025-06-07 06:43:36,469 - INFO - Found 60 links on page 85
2025-06-07 06:43:36,470 - INFO - Scraping page 88...
2025-06-07 06:43:36,740 - INFO - Found 60 links on page 86
2025-06-07 06:43:36,740 - INFO - Scraping page 89...
2025-06-07 06:43:37,509 - INFO - Found 60 links on page 87
2025-06-07 06:43:37,509 - INFO - Scraping page 90...
2025-06-07 06:43:40,286 - INFO - Found 60 links on page 89
2025-06-07 06:43:40,633 - INFO - Found 60 links on page 88
2025-06-07 06:43:41,035 - INFO - Found 48 links on page 90
2025-06-07 06:43:41,039 - INFO - Found 199 new links to scrape out of 5388 total links
2025-06-07 06:43:41,039 - INFO - Processing batch 1/4 (50 links)
2025-06-07 06:43:47,388 - INFO - Progress: 10/50 ads processed
2025-06-07 06:43:52,385 - INFO - Progress: 20/50 ads processed
2025-06-07 06:43:57,236 - INFO - Progress: 30/50 ads processed
2025-06-07 06:44:02,957 - INFO - Progress: 40/50 ads processed
2025-06-07 06:44:07,805 - INFO - Progress: 50/50 ads processed
2025-06-07 06:44:07,839 - INFO - Created backup of existing data file at unegui_data/unegui_rental_data.csv.bak
2025-06-07 06:44:07,972 - INFO - Data saved to unegui_data/unegui_rental_data.csv: 11179 records
2025-06-07 06:44:08,332 - INFO - Cache saved with 11464 URLs
2025-06-07 06:44:08,332 - INFO - Saved batch data. Total records: 11179
2025-06-07 06:44:08,332 - INFO - Processing batch 2/4 (50 links)
2025-06-07 06:44:13,552 - INFO - Progress: 10/50 ads processed
2025-06-07 06:44:18,603 - INFO - Progress: 20/50 ads processed
2025-06-07 06:44:23,834 - INFO - Progress: 30/50 ads processed
2025-06-07 06:44:29,095 - INFO - Progress: 40/50 ads processed
2025-06-07 06:44:34,342 - INFO - Progress: 50/50 ads processed
2025-06-07 06:44:34,377 - INFO - Created backup of existing data file at unegui_data/unegui_rental_data.csv.bak
2025-06-07 06:44:34,509 - INFO - Data saved to unegui_data/unegui_rental_data.csv: 11228 records
2025-06-07 06:44:34,872 - INFO - Cache saved with 11514 URLs
2025-06-07 06:44:34,872 - INFO - Saved batch data. Total records: 11228
2025-06-07 06:44:34,872 - INFO - Processing batch 3/4 (50 links)
2025-06-07 06:44:40,200 - INFO - Progress: 10/50 ads processed
2025-06-07 06:44:45,398 - INFO - Progress: 20/50 ads processed
2025-06-07 06:44:50,920 - INFO - Progress: 30/50 ads processed
2025-06-07 06:44:56,298 - INFO - Progress: 40/50 ads processed
2025-06-07 06:45:01,590 - INFO - Progress: 50/50 ads processed
2025-06-07 06:45:01,627 - INFO - Created backup of existing data file at unegui_data/unegui_rental_data.csv.bak
2025-06-07 06:45:01,762 - INFO - Data saved to unegui_data/unegui_rental_data.csv: 11275 records
2025-06-07 06:45:02,128 - INFO - Cache saved with 11564 URLs
2025-06-07 06:45:02,128 - INFO - Saved batch data. Total records: 11275
2025-06-07 06:45:02,128 - INFO - Processing batch 4/4 (49 links)
2025-06-07 06:45:07,454 - INFO - Progress: 10/49 ads processed
2025-06-07 06:45:12,582 - INFO - Progress: 20/49 ads processed
2025-06-07 06:45:18,050 - INFO - Progress: 30/49 ads processed
2025-06-07 06:45:23,085 - INFO - Progress: 40/49 ads processed
2025-06-07 06:45:27,649 - INFO - Progress: 49/49 ads processed
2025-06-07 06:45:27,684 - INFO - Created backup of existing data file at unegui_data/unegui_rental_data.csv.bak
2025-06-07 06:45:27,817 - INFO - Data saved to unegui_data/unegui_rental_data.csv: 11320 records
2025-06-07 06:45:28,220 - INFO - Cache saved with 11613 URLs
2025-06-07 06:45:28,220 - INFO - Saved batch data. Total records: 11320
2025-06-07 06:45:28,220 - INFO - Scraping completed in 0:03:40.055033. Total ads collected: 11320
