2025-06-28 06:41:29,843 - INFO - Starting rental apartment scraper at 2025-06-28 06:41:29.843598
2025-06-28 06:41:29,982 - INFO - Loaded existing data from unegui_data/unegui_rental_data.csv: 15846 records
2025-06-28 06:41:30,153 - INFO - Loaded 15846 existing records
2025-06-28 06:41:30,155 - INFO - Scraping page 1...
2025-06-28 06:41:30,155 - INFO - Scraping page 2...
2025-06-28 06:41:30,155 - INFO - Scraping page 3...
2025-06-28 06:41:33,689 - INFO - Found 60 links on page 1
2025-06-28 06:41:33,689 - INFO - Scraping page 4...
2025-06-28 06:41:33,953 - INFO - Found 60 links on page 2
2025-06-28 06:41:33,953 - INFO - Scraping page 5...
2025-06-28 06:41:34,470 - INFO - Found 60 links on page 3
2025-06-28 06:41:34,470 - INFO - Scraping page 6...
2025-06-28 06:41:37,448 - INFO - Found 60 links on page 5
2025-06-28 06:41:37,448 - INFO - Scraping page 7...
2025-06-28 06:41:37,676 - INFO - Found 60 links on page 4
2025-06-28 06:41:37,676 - INFO - Scraping page 8...
2025-06-28 06:41:37,931 - INFO - Found 60 links on page 6
2025-06-28 06:41:37,931 - INFO - Scraping page 9...
2025-06-28 06:41:41,169 - INFO - Found 60 links on page 9
2025-06-28 06:41:41,169 - INFO - Scraping page 10...
2025-06-28 06:41:41,406 - INFO - Found 60 links on page 8
2025-06-28 06:41:41,470 - INFO - Scraping page 11...
2025-06-28 06:41:41,592 - INFO - Found 60 links on page 7
2025-06-28 06:41:41,592 - INFO - Scraping page 12...
2025-06-28 06:41:44,459 - INFO - Found 60 links on page 10
2025-06-28 06:41:44,459 - INFO - Scraping page 13...
2025-06-28 06:41:44,902 - INFO - Found 60 links on page 12
2025-06-28 06:41:44,902 - INFO - Scraping page 14...
2025-06-28 06:41:45,165 - INFO - Found 60 links on page 11
2025-06-28 06:41:45,165 - INFO - Scraping page 15...
2025-06-28 06:41:47,984 - INFO - Found 60 links on page 13
2025-06-28 06:41:47,984 - INFO - Scraping page 16...
2025-06-28 06:41:48,232 - INFO - Found 60 links on page 14
2025-06-28 06:41:48,232 - INFO - Scraping page 17...
2025-06-28 06:41:48,602 - INFO - Found 60 links on page 15
2025-06-28 06:41:48,602 - INFO - Scraping page 18...
2025-06-28 06:41:51,449 - INFO - Found 60 links on page 17
2025-06-28 06:41:51,450 - INFO - Scraping page 19...
2025-06-28 06:41:51,711 - INFO - Found 60 links on page 16
2025-06-28 06:41:51,711 - INFO - Scraping page 20...
2025-06-28 06:41:52,364 - INFO - Found 60 links on page 18
2025-06-28 06:41:52,364 - INFO - Scraping page 21...
2025-06-28 06:41:55,036 - INFO - Found 60 links on page 19
2025-06-28 06:41:55,037 - INFO - Scraping page 22...
2025-06-28 06:41:55,443 - INFO - Found 60 links on page 20
2025-06-28 06:41:55,443 - INFO - Scraping page 23...
2025-06-28 06:41:55,994 - INFO - Found 60 links on page 21
2025-06-28 06:41:55,995 - INFO - Scraping page 24...
2025-06-28 06:41:58,746 - INFO - Found 60 links on page 22
2025-06-28 06:41:58,747 - INFO - Scraping page 25...
2025-06-28 06:41:59,119 - INFO - Found 60 links on page 23
2025-06-28 06:41:59,119 - INFO - Scraping page 26...
2025-06-28 06:41:59,313 - INFO - Found 60 links on page 24
2025-06-28 06:41:59,314 - INFO - Scraping page 27...
2025-06-28 06:42:02,365 - INFO - Found 60 links on page 26
2025-06-28 06:42:02,365 - INFO - Scraping page 28...
2025-06-28 06:42:02,700 - INFO - Found 60 links on page 27
2025-06-28 06:42:02,710 - INFO - Scraping page 29...
2025-06-28 06:42:02,789 - INFO - Found 60 links on page 25
2025-06-28 06:42:02,789 - INFO - Scraping page 30...
2025-06-28 06:42:05,890 - INFO - Found 60 links on page 28
2025-06-28 06:42:05,890 - INFO - Scraping page 31...
2025-06-28 06:42:06,288 - INFO - Found 60 links on page 29
2025-06-28 06:42:06,294 - INFO - Scraping page 32...
2025-06-28 06:42:06,535 - INFO - Found 60 links on page 30
2025-06-28 06:42:06,535 - INFO - Scraping page 33...
2025-06-28 06:42:09,250 - INFO - Found 60 links on page 31
2025-06-28 06:42:09,250 - INFO - Scraping page 34...
2025-06-28 06:42:09,983 - INFO - Found 60 links on page 33
2025-06-28 06:42:09,983 - INFO - Scraping page 35...
2025-06-28 06:42:10,418 - INFO - Found 60 links on page 32
2025-06-28 06:42:10,418 - INFO - Scraping page 36...
2025-06-28 06:42:13,218 - INFO - Found 60 links on page 34
2025-06-28 06:42:13,218 - INFO - Scraping page 37...
2025-06-28 06:42:13,629 - INFO - Found 60 links on page 35
2025-06-28 06:42:13,630 - INFO - Scraping page 38...
2025-06-28 06:42:13,997 - INFO - Found 60 links on page 36
2025-06-28 06:42:13,997 - INFO - Scraping page 39...
2025-06-28 06:42:16,552 - INFO - Found 60 links on page 37
2025-06-28 06:42:16,552 - INFO - Scraping page 40...
2025-06-28 06:42:17,309 - INFO - Found 60 links on page 38
2025-06-28 06:42:17,314 - INFO - Scraping page 41...
2025-06-28 06:42:17,494 - INFO - Found 60 links on page 39
2025-06-28 06:42:17,495 - INFO - Scraping page 42...
2025-06-28 06:42:20,749 - INFO - Found 60 links on page 41
2025-06-28 06:42:20,755 - INFO - Scraping page 43...
2025-06-28 06:42:20,779 - INFO - Found 60 links on page 40
2025-06-28 06:42:20,779 - INFO - Scraping page 44...
2025-06-28 06:42:21,098 - INFO - Found 60 links on page 42
2025-06-28 06:42:21,098 - INFO - Scraping page 45...
2025-06-28 06:42:24,106 - INFO - Found 60 links on page 44
2025-06-28 06:42:24,116 - INFO - Scraping page 46...
2025-06-28 06:42:24,344 - INFO - Found 60 links on page 43
2025-06-28 06:42:24,344 - INFO - Scraping page 47...
2025-06-28 06:42:24,533 - INFO - Found 60 links on page 45
2025-06-28 06:42:24,533 - INFO - Scraping page 48...
2025-06-28 06:42:27,585 - INFO - Found 60 links on page 46
2025-06-28 06:42:27,586 - INFO - Scraping page 49...
2025-06-28 06:42:27,832 - INFO - Found 60 links on page 48
2025-06-28 06:42:27,832 - INFO - Scraping page 50...
2025-06-28 06:42:28,126 - INFO - Found 60 links on page 47
2025-06-28 06:42:28,126 - INFO - Scraping page 51...
2025-06-28 06:42:30,957 - INFO - Found 60 links on page 49
2025-06-28 06:42:30,957 - INFO - Scraping page 52...
2025-06-28 06:42:31,142 - INFO - Found 60 links on page 50
2025-06-28 06:42:31,142 - INFO - Scraping page 53...
2025-06-28 06:42:31,562 - INFO - Found 60 links on page 51
2025-06-28 06:42:31,563 - INFO - Scraping page 54...
2025-06-28 06:42:34,640 - INFO - Found 60 links on page 52
2025-06-28 06:42:34,650 - INFO - Scraping page 55...
2025-06-28 06:42:34,782 - INFO - Found 60 links on page 53
2025-06-28 06:42:34,782 - INFO - Scraping page 56...
2025-06-28 06:42:34,992 - INFO - Found 60 links on page 54
2025-06-28 06:42:34,992 - INFO - Scraping page 57...
2025-06-28 06:42:38,689 - INFO - Found 60 links on page 55
2025-06-28 06:42:38,690 - INFO - Scraping page 58...
2025-06-28 06:42:38,803 - INFO - Found 60 links on page 57
2025-06-28 06:42:38,808 - INFO - Scraping page 59...
2025-06-28 06:42:39,001 - INFO - Found 60 links on page 56
2025-06-28 06:42:39,002 - INFO - Scraping page 60...
2025-06-28 06:42:41,911 - INFO - Found 60 links on page 58
2025-06-28 06:42:41,911 - INFO - Scraping page 61...
2025-06-28 06:42:42,159 - INFO - Found 60 links on page 59
2025-06-28 06:42:42,159 - INFO - Scraping page 62...
2025-06-28 06:42:42,599 - INFO - Found 60 links on page 60
2025-06-28 06:42:42,600 - INFO - Scraping page 63...
2025-06-28 06:42:45,424 - INFO - Found 60 links on page 62
2025-06-28 06:42:45,424 - INFO - Scraping page 64...
2025-06-28 06:42:46,428 - INFO - Found 60 links on page 63
2025-06-28 06:42:46,428 - INFO - Scraping page 65...
2025-06-28 06:42:46,688 - INFO - Found 60 links on page 61
2025-06-28 06:42:46,688 - INFO - Scraping page 66...
2025-06-28 06:42:48,890 - INFO - Found 60 links on page 64
2025-06-28 06:42:48,891 - INFO - Scraping page 67...
2025-06-28 06:42:49,973 - INFO - Found 60 links on page 65
2025-06-28 06:42:49,974 - INFO - Scraping page 68...
2025-06-28 06:42:50,518 - INFO - Found 60 links on page 66
2025-06-28 06:42:50,518 - INFO - Scraping page 69...
2025-06-28 06:42:52,843 - INFO - Found 60 links on page 67
2025-06-28 06:42:52,843 - INFO - Scraping page 70...
2025-06-28 06:42:53,463 - INFO - Found 60 links on page 68
2025-06-28 06:42:53,463 - INFO - Scraping page 71...
2025-06-28 06:42:53,966 - INFO - Found 60 links on page 69
2025-06-28 06:42:53,966 - INFO - Scraping page 72...
2025-06-28 06:42:56,268 - INFO - Found 60 links on page 70
2025-06-28 06:42:56,268 - INFO - Scraping page 73...
2025-06-28 06:42:56,725 - INFO - Found 60 links on page 71
2025-06-28 06:42:56,725 - INFO - Scraping page 74...
2025-06-28 06:42:58,029 - INFO - Found 60 links on page 72
2025-06-28 06:42:58,029 - INFO - Scraping page 75...
2025-06-28 06:42:59,420 - INFO - Found 60 links on page 73
2025-06-28 06:42:59,421 - INFO - Scraping page 76...
2025-06-28 06:43:00,227 - INFO - Found 60 links on page 74
2025-06-28 06:43:00,228 - INFO - Scraping page 77...
2025-06-28 06:43:01,289 - INFO - Found 60 links on page 75
2025-06-28 06:43:01,289 - INFO - Scraping page 78...
2025-06-28 06:43:03,061 - INFO - Found 60 links on page 76
2025-06-28 06:43:03,061 - INFO - Scraping page 79...
2025-06-28 06:43:03,643 - INFO - Found 60 links on page 77
2025-06-28 06:43:03,644 - INFO - Scraping page 80...
2025-06-28 06:43:04,503 - INFO - Found 60 links on page 78
2025-06-28 06:43:04,504 - INFO - Scraping page 81...
2025-06-28 06:43:06,519 - INFO - Found 60 links on page 79
2025-06-28 06:43:06,520 - INFO - Scraping page 82...
2025-06-28 06:43:06,878 - INFO - Found 60 links on page 80
2025-06-28 06:43:06,878 - INFO - Scraping page 83...
2025-06-28 06:43:08,074 - INFO - Found 60 links on page 81
2025-06-28 06:43:08,075 - INFO - Scraping page 84...
2025-06-28 06:43:10,203 - INFO - Found 60 links on page 83
2025-06-28 06:43:10,208 - INFO - Scraping page 85...
2025-06-28 06:43:10,366 - INFO - Found 60 links on page 82
2025-06-28 06:43:10,366 - INFO - Scraping page 86...
2025-06-28 06:43:11,534 - INFO - Found 60 links on page 84
2025-06-28 06:43:11,534 - INFO - Scraping page 87...
2025-06-28 06:43:13,618 - INFO - Found 60 links on page 85
2025-06-28 06:43:13,618 - INFO - Scraping page 88...
2025-06-28 06:43:13,798 - INFO - Found 60 links on page 86
2025-06-28 06:43:13,798 - INFO - Scraping page 89...
2025-06-28 06:43:14,633 - INFO - Found 60 links on page 87
2025-06-28 06:43:14,633 - INFO - Scraping page 90...
2025-06-28 06:43:16,995 - INFO - Found 60 links on page 88
2025-06-28 06:43:17,128 - INFO - Found 39 links on page 89
2025-06-28 06:43:18,114 - INFO - Found 39 links on page 90
2025-06-28 06:43:18,118 - INFO - Found 156 new links to scrape out of 5358 total links
2025-06-28 06:43:18,118 - INFO - Processing batch 1/4 (50 links)
2025-06-28 06:43:23,843 - INFO - Progress: 10/50 ads processed
2025-06-28 06:43:28,628 - INFO - Progress: 20/50 ads processed
2025-06-28 06:43:33,778 - INFO - Progress: 30/50 ads processed
2025-06-28 06:43:38,535 - INFO - Progress: 40/50 ads processed
2025-06-28 06:43:43,417 - INFO - Progress: 50/50 ads processed
2025-06-28 06:43:43,464 - INFO - Created backup of existing data file at unegui_data/unegui_rental_data.csv.bak
2025-06-28 06:43:43,650 - INFO - Data saved to unegui_data/unegui_rental_data.csv: 15889 records
2025-06-28 06:43:44,159 - INFO - Cache saved with 16295 URLs
2025-06-28 06:43:44,159 - INFO - Saved batch data. Total records: 15889
2025-06-28 06:43:44,159 - INFO - Processing batch 2/4 (50 links)
2025-06-28 06:43:49,547 - INFO - Progress: 10/50 ads processed
2025-06-28 06:43:55,119 - INFO - Progress: 20/50 ads processed
2025-06-28 06:43:59,670 - INFO - Progress: 30/50 ads processed
2025-06-28 06:44:05,023 - INFO - Progress: 40/50 ads processed
2025-06-28 06:44:09,891 - INFO - Progress: 50/50 ads processed
2025-06-28 06:44:09,939 - INFO - Created backup of existing data file at unegui_data/unegui_rental_data.csv.bak
2025-06-28 06:44:10,125 - INFO - Data saved to unegui_data/unegui_rental_data.csv: 15936 records
2025-06-28 06:44:10,643 - INFO - Cache saved with 16345 URLs
2025-06-28 06:44:10,643 - INFO - Saved batch data. Total records: 15936
2025-06-28 06:44:10,643 - INFO - Processing batch 3/4 (50 links)
2025-06-28 06:44:15,735 - INFO - Progress: 10/50 ads processed
2025-06-28 06:44:20,761 - INFO - Progress: 20/50 ads processed
2025-06-28 06:44:25,312 - INFO - Progress: 30/50 ads processed
2025-06-28 06:44:30,133 - INFO - Progress: 40/50 ads processed
2025-06-28 06:44:35,022 - INFO - Progress: 50/50 ads processed
2025-06-28 06:44:35,069 - INFO - Created backup of existing data file at unegui_data/unegui_rental_data.csv.bak
2025-06-28 06:44:35,259 - INFO - Data saved to unegui_data/unegui_rental_data.csv: 15985 records
2025-06-28 06:44:35,787 - INFO - Cache saved with 16395 URLs
2025-06-28 06:44:35,787 - INFO - Saved batch data. Total records: 15985
2025-06-28 06:44:35,787 - INFO - Processing batch 4/4 (6 links)
2025-06-28 06:44:40,321 - INFO - Progress: 6/6 ads processed
2025-06-28 06:44:40,368 - INFO - Created backup of existing data file at unegui_data/unegui_rental_data.csv.bak
2025-06-28 06:44:40,554 - INFO - Data saved to unegui_data/unegui_rental_data.csv: 15991 records
2025-06-28 06:44:41,070 - INFO - Cache saved with 16401 URLs
2025-06-28 06:44:41,070 - INFO - Saved batch data. Total records: 15991
2025-06-28 06:44:41,070 - INFO - Scraping completed in 0:03:11.227099. Total ads collected: 15991
