2025-05-12 06:42:58,816 - INFO - Starting rental apartment scraper at 2025-05-12 06:42:58.816317
2025-05-12 06:42:58,863 - INFO - Loaded existing data from unegui_data/unegui_rental_data.csv: 5019 records
2025-05-12 06:42:58,917 - INFO - Loaded 5019 existing records
2025-05-12 06:42:58,918 - INFO - Scraping page 1...
2025-05-12 06:42:58,918 - INFO - Scraping page 2...
2025-05-12 06:42:58,918 - INFO - Scraping page 3...
2025-05-12 06:43:02,564 - INFO - Found 60 links on page 2
2025-05-12 06:43:02,565 - INFO - Scraping page 4...
2025-05-12 06:43:02,794 - INFO - Found 60 links on page 1
2025-05-12 06:43:02,794 - INFO - Scraping page 5...
2025-05-12 06:43:02,995 - INFO - Found 60 links on page 3
2025-05-12 06:43:02,995 - INFO - Scraping page 6...
2025-05-12 06:43:06,251 - INFO - Found 60 links on page 4
2025-05-12 06:43:06,251 - INFO - Scraping page 7...
2025-05-12 06:43:06,781 - INFO - Found 60 links on page 6
2025-05-12 06:43:06,781 - INFO - Scraping page 8...
2025-05-12 06:43:07,190 - INFO - Found 60 links on page 5
2025-05-12 06:43:07,191 - INFO - Scraping page 9...
2025-05-12 06:43:10,138 - INFO - Found 60 links on page 7
2025-05-12 06:43:10,138 - INFO - Scraping page 10...
2025-05-12 06:43:11,402 - INFO - Found 60 links on page 8
2025-05-12 06:43:11,403 - INFO - Scraping page 11...
2025-05-12 06:43:12,851 - INFO - Found 60 links on page 9
2025-05-12 06:43:12,851 - INFO - Scraping page 12...
2025-05-12 06:43:13,970 - INFO - Found 60 links on page 10
2025-05-12 06:43:13,971 - INFO - Scraping page 13...
2025-05-12 06:43:15,930 - INFO - Found 60 links on page 11
2025-05-12 06:43:15,930 - INFO - Scraping page 14...
2025-05-12 06:43:16,561 - INFO - Found 60 links on page 12
2025-05-12 06:43:16,561 - INFO - Scraping page 15...
2025-05-12 06:43:17,608 - INFO - Found 60 links on page 13
2025-05-12 06:43:17,608 - INFO - Scraping page 16...
2025-05-12 06:43:19,599 - INFO - Found 60 links on page 14
2025-05-12 06:43:19,599 - INFO - Scraping page 17...
2025-05-12 06:43:20,031 - INFO - Found 60 links on page 15
2025-05-12 06:43:20,032 - INFO - Scraping page 18...
2025-05-12 06:43:21,481 - INFO - Found 60 links on page 16
2025-05-12 06:43:21,481 - INFO - Scraping page 19...
2025-05-12 06:43:23,496 - INFO - Found 60 links on page 17
2025-05-12 06:43:23,496 - INFO - Scraping page 20...
2025-05-12 06:43:24,421 - INFO - Found 60 links on page 18
2025-05-12 06:43:24,421 - INFO - Scraping page 21...
2025-05-12 06:43:25,529 - INFO - Found 60 links on page 19
2025-05-12 06:43:25,530 - INFO - Scraping page 22...
2025-05-12 06:43:27,640 - INFO - Found 60 links on page 20
2025-05-12 06:43:27,641 - INFO - Scraping page 23...
2025-05-12 06:43:28,319 - INFO - Found 60 links on page 21
2025-05-12 06:43:28,319 - INFO - Scraping page 24...
2025-05-12 06:43:29,241 - INFO - Found 60 links on page 22
2025-05-12 06:43:29,241 - INFO - Scraping page 25...
2025-05-12 06:43:31,371 - INFO - Found 60 links on page 23
2025-05-12 06:43:31,372 - INFO - Scraping page 26...
2025-05-12 06:43:31,986 - INFO - Found 60 links on page 24
2025-05-12 06:43:31,986 - INFO - Scraping page 27...
2025-05-12 06:43:33,025 - INFO - Found 60 links on page 25
2025-05-12 06:43:33,025 - INFO - Scraping page 28...
2025-05-12 06:43:35,058 - INFO - Found 60 links on page 26
2025-05-12 06:43:35,059 - INFO - Scraping page 29...
2025-05-12 06:43:35,759 - INFO - Found 60 links on page 27
2025-05-12 06:43:35,759 - INFO - Scraping page 30...
2025-05-12 06:43:36,682 - INFO - Found 60 links on page 28
2025-05-12 06:43:36,682 - INFO - Scraping page 31...
2025-05-12 06:43:38,896 - INFO - Found 60 links on page 29
2025-05-12 06:43:38,896 - INFO - Scraping page 32...
2025-05-12 06:43:39,466 - INFO - Found 60 links on page 30
2025-05-12 06:43:39,466 - INFO - Scraping page 33...
2025-05-12 06:43:40,950 - INFO - Found 60 links on page 31
2025-05-12 06:43:40,950 - INFO - Scraping page 34...
2025-05-12 06:43:42,420 - INFO - Found 60 links on page 32
2025-05-12 06:43:42,420 - INFO - Scraping page 35...
2025-05-12 06:43:43,036 - INFO - Found 60 links on page 33
2025-05-12 06:43:43,036 - INFO - Scraping page 36...
2025-05-12 06:43:44,750 - INFO - Found 60 links on page 34
2025-05-12 06:43:44,750 - INFO - Scraping page 37...
2025-05-12 06:43:46,246 - INFO - Found 60 links on page 35
2025-05-12 06:43:46,246 - INFO - Scraping page 38...
2025-05-12 06:43:46,881 - INFO - Found 60 links on page 36
2025-05-12 06:43:46,881 - INFO - Scraping page 39...
2025-05-12 06:43:48,661 - INFO - Found 60 links on page 37
2025-05-12 06:43:48,661 - INFO - Scraping page 40...
2025-05-12 06:43:49,963 - INFO - Found 60 links on page 38
2025-05-12 06:43:49,963 - INFO - Scraping page 41...
2025-05-12 06:43:50,469 - INFO - Found 60 links on page 39
2025-05-12 06:43:50,469 - INFO - Scraping page 42...
2025-05-12 06:43:52,499 - INFO - Found 60 links on page 40
2025-05-12 06:43:52,499 - INFO - Scraping page 43...
2025-05-12 06:43:53,954 - INFO - Found 60 links on page 41
2025-05-12 06:43:53,955 - INFO - Scraping page 44...
2025-05-12 06:43:54,410 - INFO - Found 60 links on page 42
2025-05-12 06:43:54,410 - INFO - Scraping page 45...
2025-05-12 06:43:56,283 - INFO - Found 60 links on page 43
2025-05-12 06:43:56,285 - INFO - Scraping page 46...
2025-05-12 06:43:57,731 - INFO - Found 60 links on page 44
2025-05-12 06:43:57,731 - INFO - Scraping page 47...
2025-05-12 06:43:58,936 - INFO - Found 60 links on page 45
2025-05-12 06:43:58,936 - INFO - Scraping page 48...
2025-05-12 06:44:00,205 - INFO - Found 60 links on page 46
2025-05-12 06:44:00,206 - INFO - Scraping page 49...
2025-05-12 06:44:01,937 - INFO - Found 60 links on page 47
2025-05-12 06:44:01,938 - INFO - Scraping page 50...
2025-05-12 06:44:02,421 - INFO - Found 60 links on page 48
2025-05-12 06:44:02,421 - INFO - Scraping page 51...
2025-05-12 06:44:03,739 - INFO - Found 60 links on page 49
2025-05-12 06:44:03,739 - INFO - Scraping page 52...
2025-05-12 06:44:05,724 - INFO - Found 60 links on page 50
2025-05-12 06:44:05,724 - INFO - Scraping page 53...
2025-05-12 06:44:06,667 - INFO - Found 60 links on page 51
2025-05-12 06:44:06,667 - INFO - Scraping page 54...
2025-05-12 06:44:07,692 - INFO - Found 60 links on page 52
2025-05-12 06:44:07,692 - INFO - Scraping page 55...
2025-05-12 06:44:09,869 - INFO - Found 60 links on page 53
2025-05-12 06:44:09,869 - INFO - Scraping page 56...
2025-05-12 06:44:10,509 - INFO - Found 60 links on page 54
2025-05-12 06:44:10,510 - INFO - Scraping page 57...
2025-05-12 06:44:11,432 - INFO - Found 60 links on page 55
2025-05-12 06:44:11,433 - INFO - Scraping page 58...
2025-05-12 06:44:13,552 - INFO - Found 60 links on page 56
2025-05-12 06:44:13,552 - INFO - Scraping page 59...
2025-05-12 06:44:14,845 - INFO - Found 60 links on page 57
2025-05-12 06:44:14,855 - INFO - Scraping page 60...
2025-05-12 06:44:15,013 - INFO - Found 60 links on page 58
2025-05-12 06:44:15,014 - INFO - Scraping page 61...
2025-05-12 06:44:17,388 - INFO - Found 60 links on page 59
2025-05-12 06:44:17,389 - INFO - Scraping page 62...
2025-05-12 06:44:18,364 - INFO - Found 60 links on page 60
2025-05-12 06:44:18,364 - INFO - Scraping page 63...
2025-05-12 06:44:20,082 - INFO - Found 60 links on page 61
2025-05-12 06:44:20,082 - INFO - Scraping page 64...
2025-05-12 06:44:21,105 - INFO - Found 60 links on page 62
2025-05-12 06:44:21,105 - INFO - Scraping page 65...
2025-05-12 06:44:21,925 - INFO - Found 60 links on page 63
2025-05-12 06:44:21,925 - INFO - Scraping page 66...
2025-05-12 06:44:23,653 - INFO - Found 60 links on page 64
2025-05-12 06:44:23,653 - INFO - Scraping page 67...
2025-05-12 06:44:24,738 - INFO - Found 60 links on page 65
2025-05-12 06:44:24,738 - INFO - Scraping page 68...
2025-05-12 06:44:25,636 - INFO - Found 60 links on page 66
2025-05-12 06:44:25,636 - INFO - Scraping page 69...
2025-05-12 06:44:27,786 - INFO - Found 60 links on page 67
2025-05-12 06:44:27,786 - INFO - Scraping page 70...
2025-05-12 06:44:28,213 - INFO - Found 60 links on page 68
2025-05-12 06:44:28,213 - INFO - Scraping page 71...
2025-05-12 06:44:29,199 - INFO - Found 60 links on page 69
2025-05-12 06:44:29,199 - INFO - Scraping page 72...
2025-05-12 06:44:31,598 - INFO - Found 60 links on page 70
2025-05-12 06:44:31,599 - INFO - Scraping page 73...
2025-05-12 06:44:31,834 - INFO - Found 60 links on page 71
2025-05-12 06:44:31,834 - INFO - Scraping page 74...
2025-05-12 06:44:32,907 - INFO - Found 60 links on page 72
2025-05-12 06:44:32,907 - INFO - Scraping page 75...
2025-05-12 06:44:35,403 - INFO - Found 60 links on page 74
2025-05-12 06:44:35,403 - INFO - Scraping page 76...
2025-05-12 06:44:36,027 - INFO - Found 60 links on page 73
2025-05-12 06:44:36,027 - INFO - Scraping page 77...
2025-05-12 06:44:36,598 - INFO - Found 60 links on page 75
2025-05-12 06:44:36,598 - INFO - Scraping page 78...
2025-05-12 06:44:39,175 - INFO - Found 60 links on page 76
2025-05-12 06:44:39,175 - INFO - Scraping page 79...
2025-05-12 06:44:39,617 - INFO - Found 60 links on page 77
2025-05-12 06:44:39,618 - INFO - Scraping page 80...
2025-05-12 06:44:40,399 - INFO - Found 60 links on page 78
2025-05-12 06:44:40,399 - INFO - Scraping page 81...
2025-05-12 06:44:43,029 - INFO - Found 60 links on page 80
2025-05-12 06:44:43,029 - INFO - Scraping page 82...
2025-05-12 06:44:43,270 - INFO - Found 60 links on page 79
2025-05-12 06:44:43,271 - INFO - Scraping page 83...
2025-05-12 06:44:44,571 - INFO - Found 60 links on page 81
2025-05-12 06:44:44,571 - INFO - Scraping page 84...
2025-05-12 06:44:47,083 - INFO - Found 60 links on page 82
2025-05-12 06:44:47,088 - INFO - Scraping page 85...
2025-05-12 06:44:47,239 - INFO - Found 60 links on page 83
2025-05-12 06:44:47,239 - INFO - Scraping page 86...
2025-05-12 06:44:48,469 - INFO - Found 60 links on page 84
2025-05-12 06:44:48,470 - INFO - Scraping page 87...
2025-05-12 06:44:50,530 - INFO - Found 55 links on page 85
2025-05-12 06:44:50,531 - INFO - Scraping page 88...
2025-05-12 06:44:51,006 - INFO - Found 55 links on page 86
2025-05-12 06:44:51,006 - INFO - Scraping page 89...
2025-05-12 06:44:52,167 - INFO - Found 55 links on page 87
2025-05-12 06:44:52,167 - INFO - Scraping page 90...
2025-05-12 06:44:54,184 - INFO - Found 55 links on page 88
2025-05-12 06:44:54,847 - INFO - Found 55 links on page 89
2025-05-12 06:44:56,256 - INFO - Found 55 links on page 90
2025-05-12 06:44:56,260 - INFO - Found 221 new links to scrape out of 5370 total links
2025-05-12 06:44:56,260 - INFO - Processing batch 1/5 (50 links)
2025-05-12 06:45:02,156 - INFO - Progress: 10/50 ads processed
2025-05-12 06:45:07,266 - INFO - Progress: 20/50 ads processed
2025-05-12 06:45:13,196 - INFO - Progress: 30/50 ads processed
2025-05-12 06:45:18,968 - INFO - Progress: 40/50 ads processed
2025-05-12 06:45:24,497 - INFO - Progress: 50/50 ads processed
2025-05-12 06:45:24,515 - INFO - Created backup of existing data file at unegui_data/unegui_rental_data.csv.bak
2025-05-12 06:45:24,574 - INFO - Data saved to unegui_data/unegui_rental_data.csv: 5068 records
2025-05-12 06:45:24,739 - INFO - Cache saved with 5188 URLs
2025-05-12 06:45:24,739 - INFO - Saved batch data. Total records: 5068
2025-05-12 06:45:24,739 - INFO - Processing batch 2/5 (50 links)
2025-05-12 06:45:30,503 - INFO - Progress: 10/50 ads processed
2025-05-12 06:45:35,267 - INFO - Progress: 20/50 ads processed
2025-05-12 06:45:40,921 - INFO - Progress: 30/50 ads processed
2025-05-12 06:45:46,523 - INFO - Progress: 40/50 ads processed
2025-05-12 06:45:51,355 - INFO - Progress: 50/50 ads processed
2025-05-12 06:45:51,373 - INFO - Created backup of existing data file at unegui_data/unegui_rental_data.csv.bak
2025-05-12 06:45:51,432 - INFO - Data saved to unegui_data/unegui_rental_data.csv: 5118 records
2025-05-12 06:45:51,598 - INFO - Cache saved with 5238 URLs
2025-05-12 06:45:51,598 - INFO - Saved batch data. Total records: 5118
2025-05-12 06:45:51,598 - INFO - Processing batch 3/5 (50 links)
2025-05-12 06:45:57,025 - INFO - Progress: 10/50 ads processed
2025-05-12 06:46:02,807 - INFO - Progress: 20/50 ads processed
2025-05-12 06:46:07,820 - INFO - Progress: 30/50 ads processed
2025-05-12 06:46:13,342 - INFO - Progress: 40/50 ads processed
2025-05-12 06:46:18,659 - INFO - Progress: 50/50 ads processed
2025-05-12 06:46:18,676 - INFO - Created backup of existing data file at unegui_data/unegui_rental_data.csv.bak
2025-05-12 06:46:18,736 - INFO - Data saved to unegui_data/unegui_rental_data.csv: 5166 records
2025-05-12 06:46:18,917 - INFO - Cache saved with 5288 URLs
2025-05-12 06:46:18,917 - INFO - Saved batch data. Total records: 5166
2025-05-12 06:46:18,917 - INFO - Processing batch 4/5 (50 links)
2025-05-12 06:46:24,311 - INFO - Progress: 10/50 ads processed
2025-05-12 06:46:30,142 - INFO - Progress: 20/50 ads processed
2025-05-12 06:46:35,045 - INFO - Progress: 30/50 ads processed
2025-05-12 06:46:40,288 - INFO - Progress: 40/50 ads processed
2025-05-12 06:46:45,480 - INFO - Progress: 50/50 ads processed
2025-05-12 06:46:45,497 - INFO - Created backup of existing data file at unegui_data/unegui_rental_data.csv.bak
2025-05-12 06:46:45,558 - INFO - Data saved to unegui_data/unegui_rental_data.csv: 5216 records
2025-05-12 06:46:45,726 - INFO - Cache saved with 5338 URLs
2025-05-12 06:46:45,726 - INFO - Saved batch data. Total records: 5216
2025-05-12 06:46:45,726 - INFO - Processing batch 5/5 (21 links)
2025-05-12 06:46:51,301 - INFO - Progress: 10/21 ads processed
2025-05-12 06:46:57,363 - INFO - Progress: 20/21 ads processed
2025-05-12 06:46:58,326 - INFO - Progress: 21/21 ads processed
2025-05-12 06:46:58,344 - INFO - Created backup of existing data file at unegui_data/unegui_rental_data.csv.bak
2025-05-12 06:46:58,404 - INFO - Data saved to unegui_data/unegui_rental_data.csv: 5236 records
2025-05-12 06:46:58,573 - INFO - Cache saved with 5359 URLs
2025-05-12 06:46:58,573 - INFO - Saved batch data. Total records: 5236
2025-05-12 06:46:58,573 - INFO - Scraping completed in 0:03:59.757498. Total ads collected: 5236
