2025-05-24 06:39:27,223 - INFO - Starting rental apartment scraper at 2025-05-24 06:39:27.223300
2025-05-24 06:39:27,296 - INFO - Loaded existing data from unegui_data/unegui_rental_data.csv: 8008 records
2025-05-24 06:39:27,383 - INFO - Loaded 8008 existing records
2025-05-24 06:39:27,385 - INFO - Scraping page 1...
2025-05-24 06:39:27,385 - INFO - Scraping page 2...
2025-05-24 06:39:27,385 - INFO - Scraping page 3...
2025-05-24 06:39:31,094 - INFO - Found 60 links on page 1
2025-05-24 06:39:31,099 - INFO - Scraping page 4...
2025-05-24 06:39:31,422 - INFO - Found 60 links on page 2
2025-05-24 06:39:31,427 - INFO - Scraping page 5...
2025-05-24 06:39:31,447 - INFO - Found 60 links on page 3
2025-05-24 06:39:31,447 - INFO - Scraping page 6...
2025-05-24 06:39:34,453 - INFO - Found 60 links on page 4
2025-05-24 06:39:34,454 - INFO - Scraping page 7...
2025-05-24 06:39:34,919 - INFO - Found 60 links on page 5
2025-05-24 06:39:34,919 - INFO - Scraping page 8...
2025-05-24 06:39:35,106 - INFO - Found 60 links on page 6
2025-05-24 06:39:35,106 - INFO - Scraping page 9...
2025-05-24 06:39:38,121 - INFO - Found 60 links on page 7
2025-05-24 06:39:38,121 - INFO - Scraping page 10...
2025-05-24 06:39:38,327 - INFO - Found 60 links on page 8
2025-05-24 06:39:38,328 - INFO - Scraping page 11...
2025-05-24 06:39:38,637 - INFO - Found 60 links on page 9
2025-05-24 06:39:38,637 - INFO - Scraping page 12...
2025-05-24 06:39:41,910 - INFO - Found 60 links on page 10
2025-05-24 06:39:41,911 - INFO - Scraping page 13...
2025-05-24 06:39:42,202 - INFO - Found 60 links on page 11
2025-05-24 06:39:42,207 - INFO - Scraping page 14...
2025-05-24 06:39:42,373 - INFO - Found 60 links on page 12
2025-05-24 06:39:42,373 - INFO - Scraping page 15...
2025-05-24 06:39:45,554 - INFO - Found 60 links on page 13
2025-05-24 06:39:45,555 - INFO - Scraping page 16...
2025-05-24 06:39:46,000 - INFO - Found 60 links on page 14
2025-05-24 06:39:46,005 - INFO - Scraping page 17...
2025-05-24 06:39:46,176 - INFO - Found 60 links on page 15
2025-05-24 06:39:46,176 - INFO - Scraping page 18...
2025-05-24 06:39:49,061 - INFO - Found 60 links on page 16
2025-05-24 06:39:49,061 - INFO - Scraping page 19...
2025-05-24 06:39:49,605 - INFO - Found 60 links on page 18
2025-05-24 06:39:49,605 - INFO - Scraping page 20...
2025-05-24 06:39:49,784 - INFO - Found 60 links on page 17
2025-05-24 06:39:49,784 - INFO - Scraping page 21...
2025-05-24 06:39:52,498 - INFO - Found 60 links on page 19
2025-05-24 06:39:52,498 - INFO - Scraping page 22...
2025-05-24 06:39:53,287 - INFO - Found 60 links on page 20
2025-05-24 06:39:53,297 - INFO - Scraping page 23...
2025-05-24 06:39:53,347 - INFO - Found 60 links on page 21
2025-05-24 06:39:53,347 - INFO - Scraping page 24...
2025-05-24 06:39:56,161 - INFO - Found 60 links on page 22
2025-05-24 06:39:56,161 - INFO - Scraping page 25...
2025-05-24 06:39:56,620 - INFO - Found 60 links on page 24
2025-05-24 06:39:56,621 - INFO - Scraping page 26...
2025-05-24 06:39:56,972 - INFO - Found 60 links on page 23
2025-05-24 06:39:56,972 - INFO - Scraping page 27...
2025-05-24 06:39:59,836 - INFO - Found 60 links on page 25
2025-05-24 06:39:59,836 - INFO - Scraping page 28...
2025-05-24 06:40:00,285 - INFO - Found 60 links on page 26
2025-05-24 06:40:00,285 - INFO - Scraping page 29...
2025-05-24 06:40:00,699 - INFO - Found 60 links on page 27
2025-05-24 06:40:00,699 - INFO - Scraping page 30...
2025-05-24 06:40:03,357 - INFO - Found 60 links on page 28
2025-05-24 06:40:03,357 - INFO - Scraping page 31...
2025-05-24 06:40:03,857 - INFO - Found 60 links on page 29
2025-05-24 06:40:03,857 - INFO - Scraping page 32...
2025-05-24 06:40:04,213 - INFO - Found 60 links on page 30
2025-05-24 06:40:04,213 - INFO - Scraping page 33...
2025-05-24 06:40:06,875 - INFO - Found 60 links on page 31
2025-05-24 06:40:06,876 - INFO - Scraping page 34...
2025-05-24 06:40:07,490 - INFO - Found 60 links on page 32
2025-05-24 06:40:07,490 - INFO - Scraping page 35...
2025-05-24 06:40:07,993 - INFO - Found 60 links on page 33
2025-05-24 06:40:07,994 - INFO - Scraping page 36...
2025-05-24 06:40:10,629 - INFO - Found 60 links on page 34
2025-05-24 06:40:10,629 - INFO - Scraping page 37...
2025-05-24 06:40:11,264 - INFO - Found 60 links on page 35
2025-05-24 06:40:11,265 - INFO - Scraping page 38...
2025-05-24 06:40:11,728 - INFO - Found 60 links on page 36
2025-05-24 06:40:11,728 - INFO - Scraping page 39...
2025-05-24 06:40:14,186 - INFO - Found 60 links on page 37
2025-05-24 06:40:14,187 - INFO - Scraping page 40...
2025-05-24 06:40:15,000 - INFO - Found 60 links on page 38
2025-05-24 06:40:15,000 - INFO - Scraping page 41...
2025-05-24 06:40:15,192 - INFO - Found 60 links on page 39
2025-05-24 06:40:15,192 - INFO - Scraping page 42...
2025-05-24 06:40:17,493 - INFO - Found 60 links on page 40
2025-05-24 06:40:17,493 - INFO - Scraping page 43...
2025-05-24 06:40:18,450 - INFO - Found 60 links on page 41
2025-05-24 06:40:18,450 - INFO - Scraping page 44...
2025-05-24 06:40:18,898 - INFO - Found 60 links on page 42
2025-05-24 06:40:18,898 - INFO - Scraping page 45...
2025-05-24 06:40:21,279 - INFO - Found 60 links on page 43
2025-05-24 06:40:21,279 - INFO - Scraping page 46...
2025-05-24 06:40:22,106 - INFO - Found 60 links on page 44
2025-05-24 06:40:22,106 - INFO - Scraping page 47...
2025-05-24 06:40:22,550 - INFO - Found 60 links on page 45
2025-05-24 06:40:22,550 - INFO - Scraping page 48...
2025-05-24 06:40:24,722 - INFO - Found 60 links on page 46
2025-05-24 06:40:24,723 - INFO - Scraping page 49...
2025-05-24 06:40:25,948 - INFO - Found 60 links on page 47
2025-05-24 06:40:25,953 - INFO - Scraping page 50...
2025-05-24 06:40:26,033 - INFO - Found 60 links on page 48
2025-05-24 06:40:26,033 - INFO - Scraping page 51...
2025-05-24 06:40:28,308 - INFO - Found 60 links on page 49
2025-05-24 06:40:28,308 - INFO - Scraping page 52...
2025-05-24 06:40:29,274 - INFO - Found 60 links on page 50
2025-05-24 06:40:29,274 - INFO - Scraping page 53...
2025-05-24 06:40:30,478 - INFO - Found 60 links on page 51
2025-05-24 06:40:30,478 - INFO - Scraping page 54...
2025-05-24 06:40:31,634 - INFO - Found 60 links on page 52
2025-05-24 06:40:31,634 - INFO - Scraping page 55...
2025-05-24 06:40:32,686 - INFO - Found 60 links on page 53
2025-05-24 06:40:32,686 - INFO - Scraping page 56...
2025-05-24 06:40:34,168 - INFO - Found 60 links on page 54
2025-05-24 06:40:34,169 - INFO - Scraping page 57...
2025-05-24 06:40:35,053 - INFO - Found 60 links on page 55
2025-05-24 06:40:35,053 - INFO - Scraping page 58...
2025-05-24 06:40:36,600 - INFO - Found 60 links on page 56
2025-05-24 06:40:36,601 - INFO - Scraping page 59...
2025-05-24 06:40:37,985 - INFO - Found 60 links on page 57
2025-05-24 06:40:37,985 - INFO - Scraping page 60...
2025-05-24 06:40:38,476 - INFO - Found 60 links on page 58
2025-05-24 06:40:38,476 - INFO - Scraping page 61...
2025-05-24 06:40:40,168 - INFO - Found 60 links on page 59
2025-05-24 06:40:40,169 - INFO - Scraping page 62...
2025-05-24 06:40:41,565 - INFO - Found 60 links on page 60
2025-05-24 06:40:41,565 - INFO - Scraping page 63...
2025-05-24 06:40:41,860 - INFO - Found 60 links on page 61
2025-05-24 06:40:41,861 - INFO - Scraping page 64...
2025-05-24 06:40:43,887 - INFO - Found 60 links on page 62
2025-05-24 06:40:43,888 - INFO - Scraping page 65...
2025-05-24 06:40:45,293 - INFO - Found 60 links on page 63
2025-05-24 06:40:45,303 - INFO - Scraping page 66...
2025-05-24 06:40:45,437 - INFO - Found 60 links on page 64
2025-05-24 06:40:45,437 - INFO - Scraping page 67...
2025-05-24 06:40:47,250 - INFO - Found 60 links on page 65
2025-05-24 06:40:47,250 - INFO - Scraping page 68...
2025-05-24 06:40:49,101 - INFO - Found 60 links on page 67
2025-05-24 06:40:49,101 - INFO - Scraping page 69...
2025-05-24 06:40:49,467 - INFO - Found 60 links on page 66
2025-05-24 06:40:49,467 - INFO - Scraping page 70...
2025-05-24 06:40:51,394 - INFO - Found 60 links on page 68
2025-05-24 06:40:51,395 - INFO - Scraping page 71...
2025-05-24 06:40:52,447 - INFO - Found 60 links on page 69
2025-05-24 06:40:52,448 - INFO - Scraping page 72...
2025-05-24 06:40:52,623 - INFO - Found 60 links on page 70
2025-05-24 06:40:52,623 - INFO - Scraping page 73...
2025-05-24 06:40:55,153 - INFO - Found 60 links on page 71
2025-05-24 06:40:55,153 - INFO - Scraping page 74...
2025-05-24 06:40:55,898 - INFO - Found 60 links on page 73
2025-05-24 06:40:55,903 - INFO - Scraping page 75...
2025-05-24 06:40:56,028 - INFO - Found 60 links on page 72
2025-05-24 06:40:56,028 - INFO - Scraping page 76...
2025-05-24 06:40:58,335 - INFO - Found 60 links on page 74
2025-05-24 06:40:58,336 - INFO - Scraping page 77...
2025-05-24 06:40:59,265 - INFO - Found 60 links on page 76
2025-05-24 06:40:59,265 - INFO - Scraping page 78...
2025-05-24 06:41:00,018 - INFO - Found 60 links on page 75
2025-05-24 06:41:00,018 - INFO - Scraping page 79...
2025-05-24 06:41:01,664 - INFO - Found 60 links on page 77
2025-05-24 06:41:01,665 - INFO - Scraping page 80...
2025-05-24 06:41:02,776 - INFO - Found 60 links on page 78
2025-05-24 06:41:02,777 - INFO - Scraping page 81...
2025-05-24 06:41:03,834 - INFO - Found 60 links on page 79
2025-05-24 06:41:03,834 - INFO - Scraping page 82...
2025-05-24 06:41:05,163 - INFO - Found 60 links on page 80
2025-05-24 06:41:05,163 - INFO - Scraping page 83...
2025-05-24 06:41:06,377 - INFO - Found 60 links on page 81
2025-05-24 06:41:06,377 - INFO - Scraping page 84...
2025-05-24 06:41:07,175 - INFO - Found 60 links on page 82
2025-05-24 06:41:07,175 - INFO - Scraping page 85...
2025-05-24 06:41:08,779 - INFO - Found 60 links on page 83
2025-05-24 06:41:08,780 - INFO - Scraping page 86...
2025-05-24 06:41:09,734 - INFO - Found 60 links on page 84
2025-05-24 06:41:09,734 - INFO - Scraping page 87...
2025-05-24 06:41:10,424 - INFO - Found 60 links on page 85
2025-05-24 06:41:10,424 - INFO - Scraping page 88...
2025-05-24 06:41:12,352 - INFO - Found 60 links on page 86
2025-05-24 06:41:12,353 - INFO - Scraping page 89...
2025-05-24 06:41:12,947 - INFO - Found 60 links on page 87
2025-05-24 06:41:12,948 - INFO - Scraping page 90...
2025-05-24 06:41:13,615 - INFO - Found 35 links on page 88
2025-05-24 06:41:16,145 - INFO - Found 35 links on page 89
2025-05-24 06:41:16,396 - INFO - Found 35 links on page 90
2025-05-24 06:41:16,400 - INFO - Found 169 new links to scrape out of 5325 total links
2025-05-24 06:41:16,400 - INFO - Processing batch 1/4 (50 links)
2025-05-24 06:41:22,309 - INFO - Progress: 10/50 ads processed
2025-05-24 06:41:27,015 - INFO - Progress: 20/50 ads processed
2025-05-24 06:41:32,378 - INFO - Progress: 30/50 ads processed
2025-05-24 06:41:37,009 - INFO - Progress: 40/50 ads processed
2025-05-24 06:41:42,018 - INFO - Progress: 50/50 ads processed
2025-05-24 06:41:42,044 - INFO - Created backup of existing data file at unegui_data/unegui_rental_data.csv.bak
2025-05-24 06:41:42,138 - INFO - Data saved to unegui_data/unegui_rental_data.csv: 8056 records
2025-05-24 06:41:42,395 - INFO - Cache saved with 8251 URLs
2025-05-24 06:41:42,395 - INFO - Saved batch data. Total records: 8056
2025-05-24 06:41:42,396 - INFO - Processing batch 2/4 (50 links)
2025-05-24 06:41:47,579 - INFO - Progress: 10/50 ads processed
2025-05-24 06:41:53,350 - INFO - Progress: 20/50 ads processed
2025-05-24 06:41:58,015 - INFO - Progress: 30/50 ads processed
2025-05-24 06:42:03,343 - INFO - Progress: 40/50 ads processed
2025-05-24 06:42:08,131 - INFO - Progress: 50/50 ads processed
2025-05-24 06:42:08,158 - INFO - Created backup of existing data file at unegui_data/unegui_rental_data.csv.bak
2025-05-24 06:42:08,255 - INFO - Data saved to unegui_data/unegui_rental_data.csv: 8106 records
2025-05-24 06:42:08,516 - INFO - Cache saved with 8301 URLs
2025-05-24 06:42:08,517 - INFO - Saved batch data. Total records: 8106
2025-05-24 06:42:08,517 - INFO - Processing batch 3/4 (50 links)
2025-05-24 06:42:13,507 - INFO - Progress: 10/50 ads processed
2025-05-24 06:42:19,156 - INFO - Progress: 20/50 ads processed
2025-05-24 06:42:24,286 - INFO - Progress: 30/50 ads processed
2025-05-24 06:42:29,480 - INFO - Progress: 40/50 ads processed
2025-05-24 06:42:35,070 - INFO - Progress: 50/50 ads processed
2025-05-24 06:42:35,095 - INFO - Created backup of existing data file at unegui_data/unegui_rental_data.csv.bak
2025-05-24 06:42:35,191 - INFO - Data saved to unegui_data/unegui_rental_data.csv: 8156 records
2025-05-24 06:42:35,452 - INFO - Cache saved with 8351 URLs
2025-05-24 06:42:35,452 - INFO - Saved batch data. Total records: 8156
2025-05-24 06:42:35,452 - INFO - Processing batch 4/4 (19 links)
2025-05-24 06:42:40,381 - INFO - Progress: 10/19 ads processed
2025-05-24 06:42:45,794 - INFO - Progress: 19/19 ads processed
2025-05-24 06:42:45,820 - INFO - Created backup of existing data file at unegui_data/unegui_rental_data.csv.bak
2025-05-24 06:42:45,916 - INFO - Data saved to unegui_data/unegui_rental_data.csv: 8175 records
2025-05-24 06:42:46,179 - INFO - Cache saved with 8370 URLs
2025-05-24 06:42:46,179 - INFO - Saved batch data. Total records: 8175
2025-05-24 06:42:46,179 - INFO - Scraping completed in 0:03:18.955936. Total ads collected: 8175
