2025-06-18 06:46:45,041 - INFO - Starting rental apartment scraper at 2025-06-18 06:46:45.041675
2025-06-18 06:46:45,166 - INFO - Loaded existing data from unegui_data/unegui_rental_data.csv: 13656 records
2025-06-18 06:46:45,311 - INFO - Loaded 13656 existing records
2025-06-18 06:46:45,312 - INFO - Scraping page 1...
2025-06-18 06:46:45,313 - INFO - Scraping page 2...
2025-06-18 06:46:45,313 - INFO - Scraping page 3...
2025-06-18 06:46:49,750 - INFO - Found 60 links on page 3
2025-06-18 06:46:49,750 - INFO - Scraping page 4...
2025-06-18 06:46:49,940 - INFO - Found 60 links on page 1
2025-06-18 06:46:49,940 - INFO - Scraping page 5...
2025-06-18 06:46:50,206 - INFO - Found 60 links on page 2
2025-06-18 06:46:50,206 - INFO - Scraping page 6...
2025-06-18 06:46:53,086 - INFO - Found 60 links on page 4
2025-06-18 06:46:53,086 - INFO - Scraping page 7...
2025-06-18 06:46:53,527 - INFO - Found 60 links on page 5
2025-06-18 06:46:53,527 - INFO - Scraping page 8...
2025-06-18 06:46:53,786 - INFO - Found 60 links on page 6
2025-06-18 06:46:53,786 - INFO - Scraping page 9...
2025-06-18 06:46:56,518 - INFO - Found 60 links on page 7
2025-06-18 06:46:56,518 - INFO - Scraping page 10...
2025-06-18 06:46:57,444 - INFO - Found 60 links on page 8
2025-06-18 06:46:57,444 - INFO - Scraping page 11...
2025-06-18 06:46:57,969 - INFO - Found 60 links on page 9
2025-06-18 06:46:57,969 - INFO - Scraping page 12...
2025-06-18 06:47:00,107 - INFO - Found 60 links on page 10
2025-06-18 06:47:00,107 - INFO - Scraping page 13...
2025-06-18 06:47:00,881 - INFO - Found 60 links on page 11
2025-06-18 06:47:00,882 - INFO - Scraping page 14...
2025-06-18 06:47:01,484 - INFO - Found 60 links on page 12
2025-06-18 06:47:01,484 - INFO - Scraping page 15...
2025-06-18 06:47:04,032 - INFO - Found 60 links on page 13
2025-06-18 06:47:04,032 - INFO - Scraping page 16...
2025-06-18 06:47:04,723 - INFO - Found 60 links on page 14
2025-06-18 06:47:04,723 - INFO - Scraping page 17...
2025-06-18 06:47:05,906 - INFO - Found 60 links on page 15
2025-06-18 06:47:05,906 - INFO - Scraping page 18...
2025-06-18 06:47:07,602 - INFO - Found 60 links on page 16
2025-06-18 06:47:07,602 - INFO - Scraping page 19...
2025-06-18 06:47:08,211 - INFO - Found 60 links on page 17
2025-06-18 06:47:08,211 - INFO - Scraping page 20...
2025-06-18 06:47:09,325 - INFO - Found 60 links on page 18
2025-06-18 06:47:09,325 - INFO - Scraping page 21...
2025-06-18 06:47:11,916 - INFO - Found 60 links on page 19
2025-06-18 06:47:11,916 - INFO - Scraping page 22...
2025-06-18 06:47:12,579 - INFO - Found 60 links on page 20
2025-06-18 06:47:12,580 - INFO - Scraping page 23...
2025-06-18 06:47:12,804 - INFO - Found 60 links on page 21
2025-06-18 06:47:12,804 - INFO - Scraping page 24...
2025-06-18 06:47:15,386 - INFO - Found 60 links on page 22
2025-06-18 06:47:15,386 - INFO - Scraping page 25...
2025-06-18 06:47:16,017 - INFO - Found 60 links on page 23
2025-06-18 06:47:16,017 - INFO - Scraping page 26...
2025-06-18 06:47:16,645 - INFO - Found 60 links on page 24
2025-06-18 06:47:16,645 - INFO - Scraping page 27...
2025-06-18 06:47:19,277 - INFO - Found 60 links on page 25
2025-06-18 06:47:19,278 - INFO - Scraping page 28...
2025-06-18 06:47:19,679 - INFO - Found 60 links on page 26
2025-06-18 06:47:19,679 - INFO - Scraping page 29...
2025-06-18 06:47:20,472 - INFO - Found 60 links on page 27
2025-06-18 06:47:20,472 - INFO - Scraping page 30...
2025-06-18 06:47:23,219 - INFO - Found 60 links on page 28
2025-06-18 06:47:23,220 - INFO - Scraping page 31...
2025-06-18 06:47:24,201 - INFO - Found 60 links on page 29
2025-06-18 06:47:24,211 - INFO - Scraping page 32...
2025-06-18 06:47:24,250 - INFO - Found 60 links on page 30
2025-06-18 06:47:24,250 - INFO - Scraping page 33...
2025-06-18 06:47:26,937 - INFO - Found 60 links on page 31
2025-06-18 06:47:26,937 - INFO - Scraping page 34...
2025-06-18 06:47:27,829 - INFO - Found 60 links on page 32
2025-06-18 06:47:27,829 - INFO - Scraping page 35...
2025-06-18 06:47:28,171 - INFO - Found 60 links on page 33
2025-06-18 06:47:28,171 - INFO - Scraping page 36...
2025-06-18 06:47:30,424 - INFO - Found 60 links on page 34
2025-06-18 06:47:30,424 - INFO - Scraping page 37...
2025-06-18 06:47:31,505 - INFO - Found 60 links on page 35
2025-06-18 06:47:31,506 - INFO - Scraping page 38...
2025-06-18 06:47:31,826 - INFO - Found 60 links on page 36
2025-06-18 06:47:31,826 - INFO - Scraping page 39...
2025-06-18 06:47:34,237 - INFO - Found 60 links on page 37
2025-06-18 06:47:34,237 - INFO - Scraping page 40...
2025-06-18 06:47:35,205 - INFO - Found 60 links on page 39
2025-06-18 06:47:35,205 - INFO - Scraping page 41...
2025-06-18 06:47:35,404 - INFO - Found 60 links on page 38
2025-06-18 06:47:35,405 - INFO - Scraping page 42...
2025-06-18 06:47:37,865 - INFO - Found 60 links on page 40
2025-06-18 06:47:37,866 - INFO - Scraping page 43...
2025-06-18 06:47:38,740 - INFO - Found 60 links on page 41
2025-06-18 06:47:38,740 - INFO - Scraping page 44...
2025-06-18 06:47:39,362 - INFO - Found 60 links on page 42
2025-06-18 06:47:39,362 - INFO - Scraping page 45...
2025-06-18 06:47:41,827 - INFO - Found 60 links on page 43
2025-06-18 06:47:41,827 - INFO - Scraping page 46...
2025-06-18 06:47:43,236 - INFO - Found 60 links on page 45
2025-06-18 06:47:43,242 - INFO - Scraping page 47...
2025-06-18 06:47:43,336 - INFO - Found 60 links on page 44
2025-06-18 06:47:43,336 - INFO - Scraping page 48...
2025-06-18 06:47:45,459 - INFO - Found 60 links on page 46
2025-06-18 06:47:45,460 - INFO - Scraping page 49...
2025-06-18 06:47:46,735 - INFO - Found 60 links on page 48
2025-06-18 06:47:46,735 - INFO - Scraping page 50...
2025-06-18 06:47:46,921 - INFO - Found 60 links on page 47
2025-06-18 06:47:46,921 - INFO - Scraping page 51...
2025-06-18 06:47:49,025 - INFO - Found 60 links on page 49
2025-06-18 06:47:49,025 - INFO - Scraping page 52...
2025-06-18 06:47:50,459 - INFO - Found 60 links on page 51
2025-06-18 06:47:50,465 - INFO - Scraping page 53...
2025-06-18 06:47:50,555 - INFO - Found 60 links on page 50
2025-06-18 06:47:50,555 - INFO - Scraping page 54...
2025-06-18 06:47:52,664 - INFO - Found 60 links on page 52
2025-06-18 06:47:52,664 - INFO - Scraping page 55...
2025-06-18 06:47:54,097 - INFO - Found 60 links on page 53
2025-06-18 06:47:54,097 - INFO - Scraping page 56...
2025-06-18 06:47:54,908 - INFO - Found 60 links on page 54
2025-06-18 06:47:54,909 - INFO - Scraping page 57...
2025-06-18 06:47:56,239 - INFO - Found 60 links on page 55
2025-06-18 06:47:56,239 - INFO - Scraping page 58...
2025-06-18 06:47:58,094 - INFO - Found 60 links on page 56
2025-06-18 06:47:58,094 - INFO - Scraping page 59...
2025-06-18 06:47:58,650 - INFO - Found 60 links on page 57
2025-06-18 06:47:58,650 - INFO - Scraping page 60...
2025-06-18 06:47:59,542 - INFO - Found 60 links on page 58
2025-06-18 06:47:59,542 - INFO - Scraping page 61...
2025-06-18 06:48:01,834 - INFO - Found 60 links on page 59
2025-06-18 06:48:01,834 - INFO - Scraping page 62...
2025-06-18 06:48:02,732 - INFO - Found 60 links on page 60
2025-06-18 06:48:02,732 - INFO - Scraping page 63...
2025-06-18 06:48:03,944 - INFO - Found 60 links on page 61
2025-06-18 06:48:03,944 - INFO - Scraping page 64...
2025-06-18 06:48:05,616 - INFO - Found 60 links on page 62
2025-06-18 06:48:05,616 - INFO - Scraping page 65...
2025-06-18 06:48:06,640 - INFO - Found 60 links on page 63
2025-06-18 06:48:06,641 - INFO - Scraping page 66...
2025-06-18 06:48:07,507 - INFO - Found 60 links on page 64
2025-06-18 06:48:07,507 - INFO - Scraping page 67...
2025-06-18 06:48:09,442 - INFO - Found 60 links on page 65
2025-06-18 06:48:09,442 - INFO - Scraping page 68...
2025-06-18 06:48:10,387 - INFO - Found 60 links on page 66
2025-06-18 06:48:10,388 - INFO - Scraping page 69...
2025-06-18 06:48:11,124 - INFO - Found 60 links on page 67
2025-06-18 06:48:11,124 - INFO - Scraping page 70...
2025-06-18 06:48:13,072 - INFO - Found 60 links on page 68
2025-06-18 06:48:13,072 - INFO - Scraping page 71...
2025-06-18 06:48:13,818 - INFO - Found 60 links on page 69
2025-06-18 06:48:13,818 - INFO - Scraping page 72...
2025-06-18 06:48:15,374 - INFO - Found 60 links on page 70
2025-06-18 06:48:15,374 - INFO - Scraping page 73...
2025-06-18 06:48:17,120 - INFO - Found 60 links on page 72
2025-06-18 06:48:17,120 - INFO - Scraping page 74...
2025-06-18 06:48:17,287 - INFO - Found 60 links on page 71
2025-06-18 06:48:17,287 - INFO - Scraping page 75...
2025-06-18 06:48:19,534 - INFO - Found 60 links on page 73
2025-06-18 06:48:19,535 - INFO - Scraping page 76...
2025-06-18 06:48:20,535 - INFO - Found 60 links on page 74
2025-06-18 06:48:20,535 - INFO - Scraping page 77...
2025-06-18 06:48:20,970 - INFO - Found 60 links on page 75
2025-06-18 06:48:20,970 - INFO - Scraping page 78...
2025-06-18 06:48:23,161 - INFO - Found 60 links on page 76
2025-06-18 06:48:23,161 - INFO - Scraping page 79...
2025-06-18 06:48:23,962 - INFO - Found 60 links on page 77
2025-06-18 06:48:23,963 - INFO - Scraping page 80...
2025-06-18 06:48:24,723 - INFO - Found 60 links on page 78
2025-06-18 06:48:24,724 - INFO - Scraping page 81...
2025-06-18 06:48:26,748 - INFO - Found 60 links on page 79
2025-06-18 06:48:26,748 - INFO - Scraping page 82...
2025-06-18 06:48:27,981 - INFO - Found 60 links on page 80
2025-06-18 06:48:27,981 - INFO - Scraping page 83...
2025-06-18 06:48:28,213 - INFO - Found 60 links on page 81
2025-06-18 06:48:28,213 - INFO - Scraping page 84...
2025-06-18 06:48:30,632 - INFO - Found 60 links on page 82
2025-06-18 06:48:30,632 - INFO - Scraping page 85...
2025-06-18 06:48:31,332 - INFO - Found 60 links on page 83
2025-06-18 06:48:31,332 - INFO - Scraping page 86...
2025-06-18 06:48:31,933 - INFO - Found 60 links on page 84
2025-06-18 06:48:31,933 - INFO - Scraping page 87...
2025-06-18 06:48:34,347 - INFO - Found 60 links on page 85
2025-06-18 06:48:34,347 - INFO - Scraping page 88...
2025-06-18 06:48:34,811 - INFO - Found 60 links on page 86
2025-06-18 06:48:34,811 - INFO - Scraping page 89...
2025-06-18 06:48:35,668 - INFO - Found 60 links on page 87
2025-06-18 06:48:35,668 - INFO - Scraping page 90...
2025-06-18 06:48:38,269 - INFO - Found 60 links on page 89
2025-06-18 06:48:38,581 - INFO - Found 60 links on page 88
2025-06-18 06:48:39,359 - INFO - Found 60 links on page 90
2025-06-18 06:48:39,363 - INFO - Found 287 new links to scrape out of 5400 total links
2025-06-18 06:48:39,363 - INFO - Processing batch 1/6 (50 links)
2025-06-18 06:48:45,105 - INFO - Progress: 10/50 ads processed
2025-06-18 06:48:49,918 - INFO - Progress: 20/50 ads processed
2025-06-18 06:48:55,231 - INFO - Progress: 30/50 ads processed
2025-06-18 06:49:01,007 - INFO - Progress: 40/50 ads processed
2025-06-18 06:49:05,940 - INFO - Progress: 50/50 ads processed
2025-06-18 06:49:05,980 - INFO - Created backup of existing data file at unegui_data/unegui_rental_data.csv.bak
2025-06-18 06:49:06,142 - INFO - Data saved to unegui_data/unegui_rental_data.csv: 13706 records
2025-06-18 06:49:06,582 - INFO - Cache saved with 14049 URLs
2025-06-18 06:49:06,583 - INFO - Saved batch data. Total records: 13706
2025-06-18 06:49:06,583 - INFO - Processing batch 2/6 (50 links)
2025-06-18 06:49:12,195 - INFO - Progress: 10/50 ads processed
2025-06-18 06:49:18,355 - INFO - Progress: 20/50 ads processed
2025-06-18 06:49:23,329 - INFO - Progress: 30/50 ads processed
2025-06-18 06:49:28,620 - INFO - Progress: 40/50 ads processed
2025-06-18 06:49:33,471 - INFO - Progress: 50/50 ads processed
2025-06-18 06:49:33,512 - INFO - Created backup of existing data file at unegui_data/unegui_rental_data.csv.bak
2025-06-18 06:49:33,672 - INFO - Data saved to unegui_data/unegui_rental_data.csv: 13754 records
2025-06-18 06:49:34,120 - INFO - Cache saved with 14099 URLs
2025-06-18 06:49:34,120 - INFO - Saved batch data. Total records: 13754
2025-06-18 06:49:34,120 - INFO - Processing batch 3/6 (50 links)
2025-06-18 06:49:39,222 - INFO - Progress: 10/50 ads processed
2025-06-18 06:49:45,046 - INFO - Progress: 20/50 ads processed
2025-06-18 06:49:50,009 - INFO - Progress: 30/50 ads processed
2025-06-18 06:49:55,157 - INFO - Progress: 40/50 ads processed
2025-06-18 06:50:00,313 - INFO - Progress: 50/50 ads processed
2025-06-18 06:50:00,354 - INFO - Created backup of existing data file at unegui_data/unegui_rental_data.csv.bak
2025-06-18 06:50:00,515 - INFO - Data saved to unegui_data/unegui_rental_data.csv: 13802 records
2025-06-18 06:50:00,961 - INFO - Cache saved with 14149 URLs
2025-06-18 06:50:00,961 - INFO - Saved batch data. Total records: 13802
2025-06-18 06:50:00,961 - INFO - Processing batch 4/6 (50 links)
2025-06-18 06:50:06,477 - INFO - Progress: 10/50 ads processed
2025-06-18 06:50:11,737 - INFO - Progress: 20/50 ads processed
2025-06-18 06:50:17,106 - INFO - Progress: 30/50 ads processed
2025-06-18 06:50:22,432 - INFO - Progress: 40/50 ads processed
2025-06-18 06:50:27,567 - INFO - Progress: 50/50 ads processed
2025-06-18 06:50:27,607 - INFO - Created backup of existing data file at unegui_data/unegui_rental_data.csv.bak
2025-06-18 06:50:27,768 - INFO - Data saved to unegui_data/unegui_rental_data.csv: 13852 records
2025-06-18 06:50:28,218 - INFO - Cache saved with 14199 URLs
2025-06-18 06:50:28,218 - INFO - Saved batch data. Total records: 13852
2025-06-18 06:50:28,218 - INFO - Processing batch 5/6 (50 links)
2025-06-18 06:50:33,446 - INFO - Progress: 10/50 ads processed
2025-06-18 06:50:38,640 - INFO - Progress: 20/50 ads processed
2025-06-18 06:50:43,852 - INFO - Progress: 30/50 ads processed
2025-06-18 06:50:49,077 - INFO - Progress: 40/50 ads processed
2025-06-18 06:50:54,374 - INFO - Progress: 50/50 ads processed
2025-06-18 06:50:54,416 - INFO - Created backup of existing data file at unegui_data/unegui_rental_data.csv.bak
2025-06-18 06:50:54,580 - INFO - Data saved to unegui_data/unegui_rental_data.csv: 13901 records
2025-06-18 06:50:55,033 - INFO - Cache saved with 14249 URLs
2025-06-18 06:50:55,033 - INFO - Saved batch data. Total records: 13901
2025-06-18 06:50:55,033 - INFO - Processing batch 6/6 (37 links)
2025-06-18 06:51:00,225 - INFO - Progress: 10/37 ads processed
2025-06-18 06:51:05,289 - INFO - Progress: 20/37 ads processed
2025-06-18 06:51:10,177 - INFO - Progress: 30/37 ads processed
2025-06-18 06:51:15,168 - INFO - Progress: 37/37 ads processed
2025-06-18 06:51:15,210 - INFO - Created backup of existing data file at unegui_data/unegui_rental_data.csv.bak
2025-06-18 06:51:15,372 - INFO - Data saved to unegui_data/unegui_rental_data.csv: 13936 records
2025-06-18 06:51:15,825 - INFO - Cache saved with 14286 URLs
2025-06-18 06:51:15,826 - INFO - Saved batch data. Total records: 13936
2025-06-18 06:51:15,826 - INFO - Scraping completed in 0:04:30.784386. Total ads collected: 13936
