2025-06-17 06:46:51,571 - INFO - Starting rental apartment scraper at 2025-06-17 06:46:51.571372
2025-06-17 06:46:51,686 - INFO - Loaded existing data from unegui_data/unegui_rental_data.csv: 13392 records
2025-06-17 06:46:51,869 - INFO - Loaded 13392 existing records
2025-06-17 06:46:51,871 - INFO - Scraping page 1...
2025-06-17 06:46:51,871 - INFO - Scraping page 2...
2025-06-17 06:46:51,872 - INFO - Scraping page 3...
2025-06-17 06:46:56,119 - INFO - Found 60 links on page 2
2025-06-17 06:46:56,120 - INFO - Scraping page 4...
2025-06-17 06:46:56,357 - INFO - Found 60 links on page 1
2025-06-17 06:46:56,368 - INFO - Scraping page 5...
2025-06-17 06:46:56,544 - INFO - Found 60 links on page 3
2025-06-17 06:46:56,544 - INFO - Scraping page 6...
2025-06-17 06:46:59,509 - INFO - Found 60 links on page 4
2025-06-17 06:46:59,509 - INFO - Scraping page 7...
2025-06-17 06:46:59,790 - INFO - Found 60 links on page 6
2025-06-17 06:46:59,790 - INFO - Scraping page 8...
2025-06-17 06:47:00,268 - INFO - Found 60 links on page 5
2025-06-17 06:47:00,268 - INFO - Scraping page 9...
2025-06-17 06:47:03,286 - INFO - Found 60 links on page 7
2025-06-17 06:47:03,286 - INFO - Scraping page 10...
2025-06-17 06:47:03,600 - INFO - Found 60 links on page 8
2025-06-17 06:47:03,600 - INFO - Scraping page 11...
2025-06-17 06:47:03,786 - INFO - Found 60 links on page 9
2025-06-17 06:47:03,786 - INFO - Scraping page 12...
2025-06-17 06:47:06,936 - INFO - Found 60 links on page 10
2025-06-17 06:47:06,936 - INFO - Scraping page 13...
2025-06-17 06:47:07,218 - INFO - Found 60 links on page 11
2025-06-17 06:47:07,218 - INFO - Scraping page 14...
2025-06-17 06:47:07,493 - INFO - Found 60 links on page 12
2025-06-17 06:47:07,493 - INFO - Scraping page 15...
2025-06-17 06:47:10,902 - INFO - Found 60 links on page 13
2025-06-17 06:47:10,903 - INFO - Scraping page 16...
2025-06-17 06:47:11,095 - INFO - Found 60 links on page 14
2025-06-17 06:47:11,096 - INFO - Scraping page 17...
2025-06-17 06:47:11,276 - INFO - Found 60 links on page 15
2025-06-17 06:47:11,277 - INFO - Scraping page 18...
2025-06-17 06:47:14,426 - INFO - Found 60 links on page 16
2025-06-17 06:47:14,426 - INFO - Scraping page 19...
2025-06-17 06:47:14,617 - INFO - Found 60 links on page 17
2025-06-17 06:47:14,617 - INFO - Scraping page 20...
2025-06-17 06:47:15,085 - INFO - Found 60 links on page 18
2025-06-17 06:47:15,086 - INFO - Scraping page 21...
2025-06-17 06:47:18,245 - INFO - Found 60 links on page 19
2025-06-17 06:47:18,250 - INFO - Scraping page 22...
2025-06-17 06:47:18,444 - INFO - Found 60 links on page 20
2025-06-17 06:47:18,449 - INFO - Scraping page 23...
2025-06-17 06:47:18,602 - INFO - Found 60 links on page 21
2025-06-17 06:47:18,603 - INFO - Scraping page 24...
2025-06-17 06:47:22,140 - INFO - Found 60 links on page 22
2025-06-17 06:47:22,140 - INFO - Scraping page 25...
2025-06-17 06:47:22,468 - INFO - Found 60 links on page 23
2025-06-17 06:47:22,473 - INFO - Scraping page 26...
2025-06-17 06:47:22,566 - INFO - Found 60 links on page 24
2025-06-17 06:47:22,566 - INFO - Scraping page 27...
2025-06-17 06:47:25,556 - INFO - Found 60 links on page 25
2025-06-17 06:47:25,556 - INFO - Scraping page 28...
2025-06-17 06:47:25,942 - INFO - Found 60 links on page 26
2025-06-17 06:47:25,942 - INFO - Scraping page 29...
2025-06-17 06:47:26,259 - INFO - Found 60 links on page 27
2025-06-17 06:47:26,260 - INFO - Scraping page 30...
2025-06-17 06:47:29,239 - INFO - Found 60 links on page 28
2025-06-17 06:47:29,250 - INFO - Scraping page 31...
2025-06-17 06:47:29,454 - INFO - Found 60 links on page 29
2025-06-17 06:47:29,454 - INFO - Scraping page 32...
2025-06-17 06:47:29,630 - INFO - Found 60 links on page 30
2025-06-17 06:47:29,630 - INFO - Scraping page 33...
2025-06-17 06:47:32,860 - INFO - Found 60 links on page 31
2025-06-17 06:47:32,860 - INFO - Scraping page 34...
2025-06-17 06:47:33,126 - INFO - Found 60 links on page 32
2025-06-17 06:47:33,126 - INFO - Scraping page 35...
2025-06-17 06:47:33,341 - INFO - Found 60 links on page 33
2025-06-17 06:47:33,341 - INFO - Scraping page 36...
2025-06-17 06:47:36,632 - INFO - Found 60 links on page 35
2025-06-17 06:47:36,637 - INFO - Scraping page 37...
2025-06-17 06:47:36,910 - INFO - Found 60 links on page 34
2025-06-17 06:47:36,915 - INFO - Scraping page 38...
2025-06-17 06:47:37,026 - INFO - Found 60 links on page 36
2025-06-17 06:47:37,026 - INFO - Scraping page 39...
2025-06-17 06:47:40,231 - INFO - Found 60 links on page 37
2025-06-17 06:47:40,231 - INFO - Scraping page 40...
2025-06-17 06:47:40,411 - INFO - Found 60 links on page 38
2025-06-17 06:47:40,411 - INFO - Scraping page 41...
2025-06-17 06:47:41,625 - INFO - Found 60 links on page 39
2025-06-17 06:47:41,625 - INFO - Scraping page 42...
2025-06-17 06:47:43,969 - INFO - Found 60 links on page 40
2025-06-17 06:47:43,974 - INFO - Scraping page 43...
2025-06-17 06:47:44,145 - INFO - Found 60 links on page 41
2025-06-17 06:47:44,146 - INFO - Scraping page 44...
2025-06-17 06:47:45,101 - INFO - Found 60 links on page 42
2025-06-17 06:47:45,101 - INFO - Scraping page 45...
2025-06-17 06:47:47,603 - INFO - Found 60 links on page 43
2025-06-17 06:47:47,603 - INFO - Scraping page 46...
2025-06-17 06:47:47,840 - INFO - Found 60 links on page 44
2025-06-17 06:47:47,840 - INFO - Scraping page 47...
2025-06-17 06:47:48,908 - INFO - Found 60 links on page 45
2025-06-17 06:47:48,908 - INFO - Scraping page 48...
2025-06-17 06:47:51,418 - INFO - Found 60 links on page 47
2025-06-17 06:47:51,418 - INFO - Scraping page 49...
2025-06-17 06:47:51,593 - INFO - Found 60 links on page 46
2025-06-17 06:47:51,593 - INFO - Scraping page 50...
2025-06-17 06:47:52,398 - INFO - Found 60 links on page 48
2025-06-17 06:47:52,398 - INFO - Scraping page 51...
2025-06-17 06:47:54,796 - INFO - Found 60 links on page 49
2025-06-17 06:47:54,796 - INFO - Scraping page 52...
2025-06-17 06:47:55,089 - INFO - Found 60 links on page 50
2025-06-17 06:47:55,089 - INFO - Scraping page 53...
2025-06-17 06:47:56,424 - INFO - Found 60 links on page 51
2025-06-17 06:47:56,424 - INFO - Scraping page 54...
2025-06-17 06:47:58,159 - INFO - Found 60 links on page 52
2025-06-17 06:47:58,160 - INFO - Scraping page 55...
2025-06-17 06:47:58,440 - INFO - Found 60 links on page 53
2025-06-17 06:47:58,441 - INFO - Scraping page 56...
2025-06-17 06:48:00,542 - INFO - Found 60 links on page 54
2025-06-17 06:48:00,542 - INFO - Scraping page 57...
2025-06-17 06:48:01,895 - INFO - Found 60 links on page 55
2025-06-17 06:48:01,895 - INFO - Scraping page 58...
2025-06-17 06:48:02,150 - INFO - Found 60 links on page 56
2025-06-17 06:48:02,151 - INFO - Scraping page 59...
2025-06-17 06:48:04,378 - INFO - Found 60 links on page 57
2025-06-17 06:48:04,378 - INFO - Scraping page 60...
2025-06-17 06:48:05,902 - INFO - Found 60 links on page 59
2025-06-17 06:48:05,912 - INFO - Scraping page 61...
2025-06-17 06:48:06,047 - INFO - Found 60 links on page 58
2025-06-17 06:48:06,047 - INFO - Scraping page 62...
2025-06-17 06:48:08,629 - INFO - Found 60 links on page 60
2025-06-17 06:48:08,630 - INFO - Scraping page 63...
2025-06-17 06:48:10,086 - INFO - Found 60 links on page 62
2025-06-17 06:48:10,087 - INFO - Scraping page 64...
2025-06-17 06:48:10,335 - INFO - Found 60 links on page 61
2025-06-17 06:48:10,335 - INFO - Scraping page 65...
2025-06-17 06:48:12,119 - INFO - Found 60 links on page 63
2025-06-17 06:48:12,119 - INFO - Scraping page 66...
2025-06-17 06:48:13,984 - INFO - Found 60 links on page 64
2025-06-17 06:48:13,984 - INFO - Scraping page 67...
2025-06-17 06:48:14,248 - INFO - Found 60 links on page 65
2025-06-17 06:48:14,248 - INFO - Scraping page 68...
2025-06-17 06:48:15,483 - INFO - Found 60 links on page 66
2025-06-17 06:48:15,484 - INFO - Scraping page 69...
2025-06-17 06:48:17,621 - INFO - Found 60 links on page 67
2025-06-17 06:48:17,622 - INFO - Scraping page 70...
2025-06-17 06:48:17,791 - INFO - Found 60 links on page 68
2025-06-17 06:48:17,791 - INFO - Scraping page 71...
2025-06-17 06:48:19,260 - INFO - Found 60 links on page 69
2025-06-17 06:48:19,260 - INFO - Scraping page 72...
2025-06-17 06:48:21,293 - INFO - Found 60 links on page 70
2025-06-17 06:48:21,293 - INFO - Scraping page 73...
2025-06-17 06:48:21,816 - INFO - Found 60 links on page 71
2025-06-17 06:48:21,816 - INFO - Scraping page 74...
2025-06-17 06:48:23,052 - INFO - Found 60 links on page 72
2025-06-17 06:48:23,052 - INFO - Scraping page 75...
2025-06-17 06:48:24,954 - INFO - Found 60 links on page 73
2025-06-17 06:48:24,955 - INFO - Scraping page 76...
2025-06-17 06:48:25,301 - INFO - Found 60 links on page 74
2025-06-17 06:48:25,301 - INFO - Scraping page 77...
2025-06-17 06:48:26,548 - INFO - Found 60 links on page 75
2025-06-17 06:48:26,548 - INFO - Scraping page 78...
2025-06-17 06:48:28,910 - INFO - Found 60 links on page 76
2025-06-17 06:48:28,920 - INFO - Scraping page 79...
2025-06-17 06:48:28,990 - INFO - Found 60 links on page 77
2025-06-17 06:48:28,990 - INFO - Scraping page 80...
2025-06-17 06:48:29,731 - INFO - Found 60 links on page 78
2025-06-17 06:48:29,731 - INFO - Scraping page 81...
2025-06-17 06:48:32,470 - INFO - Found 60 links on page 80
2025-06-17 06:48:32,470 - INFO - Scraping page 82...
2025-06-17 06:48:33,055 - INFO - Found 60 links on page 79
2025-06-17 06:48:33,055 - INFO - Scraping page 83...
2025-06-17 06:48:33,265 - INFO - Found 60 links on page 81
2025-06-17 06:48:33,265 - INFO - Scraping page 84...
2025-06-17 06:48:35,827 - INFO - Found 60 links on page 82
2025-06-17 06:48:35,827 - INFO - Scraping page 85...
2025-06-17 06:48:36,169 - INFO - Found 60 links on page 83
2025-06-17 06:48:36,169 - INFO - Scraping page 86...
2025-06-17 06:48:36,788 - INFO - Found 60 links on page 84
2025-06-17 06:48:36,788 - INFO - Scraping page 87...
2025-06-17 06:48:39,680 - INFO - Found 60 links on page 85
2025-06-17 06:48:39,681 - INFO - Scraping page 88...
2025-06-17 06:48:40,051 - INFO - Found 60 links on page 86
2025-06-17 06:48:40,052 - INFO - Scraping page 89...
2025-06-17 06:48:40,332 - INFO - Found 60 links on page 87
2025-06-17 06:48:40,332 - INFO - Scraping page 90...
2025-06-17 06:48:43,881 - INFO - Found 60 links on page 90
2025-06-17 06:48:44,051 - INFO - Found 60 links on page 88
2025-06-17 06:48:44,308 - INFO - Found 60 links on page 89
2025-06-17 06:48:44,312 - INFO - Found 271 new links to scrape out of 5400 total links
2025-06-17 06:48:44,312 - INFO - Processing batch 1/6 (50 links)
2025-06-17 06:48:50,203 - INFO - Progress: 10/50 ads processed
2025-06-17 06:48:55,339 - INFO - Progress: 20/50 ads processed
2025-06-17 06:49:01,095 - INFO - Progress: 30/50 ads processed
2025-06-17 06:49:05,962 - INFO - Progress: 40/50 ads processed
2025-06-17 06:49:11,033 - INFO - Progress: 50/50 ads processed
2025-06-17 06:49:11,075 - INFO - Created backup of existing data file at unegui_data/unegui_rental_data.csv.bak
2025-06-17 06:49:11,233 - INFO - Data saved to unegui_data/unegui_rental_data.csv: 13440 records
2025-06-17 06:49:11,669 - INFO - Cache saved with 13778 URLs
2025-06-17 06:49:11,669 - INFO - Saved batch data. Total records: 13440
2025-06-17 06:49:11,669 - INFO - Processing batch 2/6 (50 links)
2025-06-17 06:49:17,316 - INFO - Progress: 10/50 ads processed
2025-06-17 06:49:22,322 - INFO - Progress: 20/50 ads processed
2025-06-17 06:49:27,676 - INFO - Progress: 30/50 ads processed
2025-06-17 06:49:32,852 - INFO - Progress: 40/50 ads processed
2025-06-17 06:49:37,594 - INFO - Progress: 50/50 ads processed
2025-06-17 06:49:37,635 - INFO - Created backup of existing data file at unegui_data/unegui_rental_data.csv.bak
2025-06-17 06:49:37,793 - INFO - Data saved to unegui_data/unegui_rental_data.csv: 13489 records
2025-06-17 06:49:38,226 - INFO - Cache saved with 13828 URLs
2025-06-17 06:49:38,226 - INFO - Saved batch data. Total records: 13489
2025-06-17 06:49:38,226 - INFO - Processing batch 3/6 (50 links)
2025-06-17 06:49:43,437 - INFO - Progress: 10/50 ads processed
2025-06-17 06:49:48,481 - INFO - Progress: 20/50 ads processed
2025-06-17 06:49:53,549 - INFO - Progress: 30/50 ads processed
2025-06-17 06:49:59,106 - INFO - Progress: 40/50 ads processed
2025-06-17 06:50:03,837 - INFO - Progress: 50/50 ads processed
2025-06-17 06:50:03,880 - INFO - Created backup of existing data file at unegui_data/unegui_rental_data.csv.bak
2025-06-17 06:50:04,037 - INFO - Data saved to unegui_data/unegui_rental_data.csv: 13537 records
2025-06-17 06:50:04,473 - INFO - Cache saved with 13878 URLs
2025-06-17 06:50:04,474 - INFO - Saved batch data. Total records: 13537
2025-06-17 06:50:04,474 - INFO - Processing batch 4/6 (50 links)
2025-06-17 06:50:11,113 - INFO - Progress: 10/50 ads processed
2025-06-17 06:50:15,967 - INFO - Progress: 20/50 ads processed
2025-06-17 06:50:21,206 - INFO - Progress: 30/50 ads processed
2025-06-17 06:50:25,831 - INFO - Progress: 40/50 ads processed
2025-06-17 06:50:31,469 - INFO - Progress: 50/50 ads processed
2025-06-17 06:50:31,518 - INFO - Created backup of existing data file at unegui_data/unegui_rental_data.csv.bak
2025-06-17 06:50:31,677 - INFO - Data saved to unegui_data/unegui_rental_data.csv: 13587 records
2025-06-17 06:50:32,138 - INFO - Cache saved with 13928 URLs
2025-06-17 06:50:32,138 - INFO - Saved batch data. Total records: 13587
2025-06-17 06:50:32,138 - INFO - Processing batch 5/6 (50 links)
2025-06-17 06:50:37,498 - INFO - Progress: 10/50 ads processed
2025-06-17 06:50:42,668 - INFO - Progress: 20/50 ads processed
2025-06-17 06:50:47,973 - INFO - Progress: 30/50 ads processed
2025-06-17 06:50:53,153 - INFO - Progress: 40/50 ads processed
2025-06-17 06:50:58,413 - INFO - Progress: 50/50 ads processed
2025-06-17 06:50:58,455 - INFO - Created backup of existing data file at unegui_data/unegui_rental_data.csv.bak
2025-06-17 06:50:58,615 - INFO - Data saved to unegui_data/unegui_rental_data.csv: 13635 records
2025-06-17 06:50:59,059 - INFO - Cache saved with 13978 URLs
2025-06-17 06:50:59,059 - INFO - Saved batch data. Total records: 13635
2025-06-17 06:50:59,059 - INFO - Processing batch 6/6 (21 links)
2025-06-17 06:51:04,544 - INFO - Progress: 10/21 ads processed
2025-06-17 06:51:09,891 - INFO - Progress: 20/21 ads processed
2025-06-17 06:51:11,301 - INFO - Progress: 21/21 ads processed
2025-06-17 06:51:11,342 - INFO - Created backup of existing data file at unegui_data/unegui_rental_data.csv.bak
2025-06-17 06:51:11,501 - INFO - Data saved to unegui_data/unegui_rental_data.csv: 13656 records
2025-06-17 06:51:11,948 - INFO - Cache saved with 13999 URLs
2025-06-17 06:51:11,948 - INFO - Saved batch data. Total records: 13656
2025-06-17 06:51:11,948 - INFO - Scraping completed in 0:04:20.377530. Total ads collected: 13656
