2025-05-15 06:44:01,668 - INFO - Starting rental apartment scraper at 2025-05-15 06:44:01.668389
2025-05-15 06:44:01,722 - INFO - Loaded existing data from unegui_data/unegui_rental_data.csv: 6001 records
2025-05-15 06:44:01,785 - INFO - Loaded 6001 existing records
2025-05-15 06:44:01,786 - INFO - Scraping page 1...
2025-05-15 06:44:01,786 - INFO - Scraping page 2...
2025-05-15 06:44:01,786 - INFO - Scraping page 3...
2025-05-15 06:44:06,342 - INFO - Found 60 links on page 2
2025-05-15 06:44:06,347 - INFO - Scraping page 4...
2025-05-15 06:44:06,632 - INFO - Found 60 links on page 1
2025-05-15 06:44:06,638 - INFO - Scraping page 5...
2025-05-15 06:44:06,736 - INFO - Found 60 links on page 3
2025-05-15 06:44:06,736 - INFO - Scraping page 6...
2025-05-15 06:44:09,884 - INFO - Found 60 links on page 4
2025-05-15 06:44:09,885 - INFO - Scraping page 7...
2025-05-15 06:44:10,913 - INFO - Found 60 links on page 6
2025-05-15 06:44:10,918 - INFO - Scraping page 8...
2025-05-15 06:44:10,993 - INFO - Found 60 links on page 5
2025-05-15 06:44:10,993 - INFO - Scraping page 9...
2025-05-15 06:44:14,385 - INFO - Found 60 links on page 7
2025-05-15 06:44:14,385 - INFO - Scraping page 10...
2025-05-15 06:44:14,708 - INFO - Found 60 links on page 8
2025-05-15 06:44:14,708 - INFO - Scraping page 11...
2025-05-15 06:44:14,810 - INFO - Found 60 links on page 9
2025-05-15 06:44:14,811 - INFO - Scraping page 12...
2025-05-15 06:44:19,076 - INFO - Found 60 links on page 10
2025-05-15 06:44:19,081 - INFO - Scraping page 13...
2025-05-15 06:44:19,084 - INFO - Found 60 links on page 12
2025-05-15 06:44:19,084 - INFO - Scraping page 14...
2025-05-15 06:44:19,242 - INFO - Found 60 links on page 11
2025-05-15 06:44:19,242 - INFO - Scraping page 15...
2025-05-15 06:44:22,953 - INFO - Found 60 links on page 13
2025-05-15 06:44:22,958 - INFO - Scraping page 16...
2025-05-15 06:44:23,092 - INFO - Found 60 links on page 14
2025-05-15 06:44:23,097 - INFO - Scraping page 17...
2025-05-15 06:44:23,224 - INFO - Found 60 links on page 15
2025-05-15 06:44:23,224 - INFO - Scraping page 18...
2025-05-15 06:44:26,886 - INFO - Found 60 links on page 16
2025-05-15 06:44:26,892 - INFO - Scraping page 19...
2025-05-15 06:44:27,147 - INFO - Found 60 links on page 17
2025-05-15 06:44:27,147 - INFO - Scraping page 20...
2025-05-15 06:44:27,272 - INFO - Found 60 links on page 18
2025-05-15 06:44:27,272 - INFO - Scraping page 21...
2025-05-15 06:44:30,741 - INFO - Found 60 links on page 19
2025-05-15 06:44:30,741 - INFO - Scraping page 22...
2025-05-15 06:44:31,194 - INFO - Found 60 links on page 20
2025-05-15 06:44:31,194 - INFO - Scraping page 23...
2025-05-15 06:44:32,109 - INFO - Found 60 links on page 21
2025-05-15 06:44:32,109 - INFO - Scraping page 24...
2025-05-15 06:44:34,697 - INFO - Found 60 links on page 22
2025-05-15 06:44:34,707 - INFO - Scraping page 25...
2025-05-15 06:44:34,862 - INFO - Found 60 links on page 23
2025-05-15 06:44:34,862 - INFO - Scraping page 26...
2025-05-15 06:44:35,801 - INFO - Found 60 links on page 24
2025-05-15 06:44:35,801 - INFO - Scraping page 27...
2025-05-15 06:44:38,491 - INFO - Found 60 links on page 25
2025-05-15 06:44:38,501 - INFO - Scraping page 28...
2025-05-15 06:44:38,701 - INFO - Found 60 links on page 26
2025-05-15 06:44:38,701 - INFO - Scraping page 29...
2025-05-15 06:44:39,230 - INFO - Found 60 links on page 27
2025-05-15 06:44:39,231 - INFO - Scraping page 30...
2025-05-15 06:44:42,384 - INFO - Found 60 links on page 29
2025-05-15 06:44:42,442 - INFO - Scraping page 31...
2025-05-15 06:44:42,545 - INFO - Found 60 links on page 28
2025-05-15 06:44:42,545 - INFO - Scraping page 32...
2025-05-15 06:44:42,759 - INFO - Found 60 links on page 30
2025-05-15 06:44:42,759 - INFO - Scraping page 33...
2025-05-15 06:44:46,528 - INFO - Found 60 links on page 32
2025-05-15 06:44:46,544 - INFO - Scraping page 34...
2025-05-15 06:44:46,790 - INFO - Found 60 links on page 31
2025-05-15 06:44:46,795 - INFO - Scraping page 35...
2025-05-15 06:44:46,846 - INFO - Found 60 links on page 33
2025-05-15 06:44:46,846 - INFO - Scraping page 36...
2025-05-15 06:44:50,378 - INFO - Found 60 links on page 34
2025-05-15 06:44:50,378 - INFO - Scraping page 37...
2025-05-15 06:44:50,561 - INFO - Found 60 links on page 36
2025-05-15 06:44:50,561 - INFO - Scraping page 38...
2025-05-15 06:44:50,735 - INFO - Found 60 links on page 35
2025-05-15 06:44:50,735 - INFO - Scraping page 39...
2025-05-15 06:44:54,279 - INFO - Found 60 links on page 37
2025-05-15 06:44:54,284 - INFO - Scraping page 40...
2025-05-15 06:44:54,525 - INFO - Found 60 links on page 38
2025-05-15 06:44:54,531 - INFO - Scraping page 41...
2025-05-15 06:44:54,606 - INFO - Found 60 links on page 39
2025-05-15 06:44:54,607 - INFO - Scraping page 42...
2025-05-15 06:44:58,168 - INFO - Found 60 links on page 41
2025-05-15 06:44:58,168 - INFO - Scraping page 43...
2025-05-15 06:44:58,430 - INFO - Found 60 links on page 40
2025-05-15 06:44:58,430 - INFO - Scraping page 44...
2025-05-15 06:44:59,062 - INFO - Found 60 links on page 42
2025-05-15 06:44:59,062 - INFO - Scraping page 45...
2025-05-15 06:45:01,727 - INFO - Found 60 links on page 43
2025-05-15 06:45:01,727 - INFO - Scraping page 46...
2025-05-15 06:45:02,249 - INFO - Found 60 links on page 44
2025-05-15 06:45:02,250 - INFO - Scraping page 47...
2025-05-15 06:45:02,824 - INFO - Found 60 links on page 45
2025-05-15 06:45:02,824 - INFO - Scraping page 48...
2025-05-15 06:45:05,354 - INFO - Found 60 links on page 46
2025-05-15 06:45:05,355 - INFO - Scraping page 49...
2025-05-15 06:45:05,708 - INFO - Found 60 links on page 47
2025-05-15 06:45:05,708 - INFO - Scraping page 50...
2025-05-15 06:45:06,427 - INFO - Found 60 links on page 48
2025-05-15 06:45:06,427 - INFO - Scraping page 51...
2025-05-15 06:45:08,758 - INFO - Found 60 links on page 49
2025-05-15 06:45:08,758 - INFO - Scraping page 52...
2025-05-15 06:45:09,656 - INFO - Found 60 links on page 50
2025-05-15 06:45:09,656 - INFO - Scraping page 53...
2025-05-15 06:45:10,082 - INFO - Found 60 links on page 51
2025-05-15 06:45:10,082 - INFO - Scraping page 54...
2025-05-15 06:45:12,306 - INFO - Found 60 links on page 52
2025-05-15 06:45:12,306 - INFO - Scraping page 55...
2025-05-15 06:45:13,137 - INFO - Found 60 links on page 53
2025-05-15 06:45:13,138 - INFO - Scraping page 56...
2025-05-15 06:45:13,848 - INFO - Found 60 links on page 54
2025-05-15 06:45:13,848 - INFO - Scraping page 57...
2025-05-15 06:45:16,163 - INFO - Found 60 links on page 55
2025-05-15 06:45:16,163 - INFO - Scraping page 58...
2025-05-15 06:45:16,601 - INFO - Found 60 links on page 56
2025-05-15 06:45:16,601 - INFO - Scraping page 59...
2025-05-15 06:45:18,002 - INFO - Found 60 links on page 57
2025-05-15 06:45:18,002 - INFO - Scraping page 60...
2025-05-15 06:45:19,529 - INFO - Found 60 links on page 58
2025-05-15 06:45:19,529 - INFO - Scraping page 61...
2025-05-15 06:45:20,236 - INFO - Found 60 links on page 59
2025-05-15 06:45:20,236 - INFO - Scraping page 62...
2025-05-15 06:45:22,268 - INFO - Found 60 links on page 60
2025-05-15 06:45:22,268 - INFO - Scraping page 63...
2025-05-15 06:45:23,849 - INFO - Found 60 links on page 62
2025-05-15 06:45:23,855 - INFO - Scraping page 64...
2025-05-15 06:45:23,938 - INFO - Found 60 links on page 61
2025-05-15 06:45:23,938 - INFO - Scraping page 65...
2025-05-15 06:45:25,987 - INFO - Found 60 links on page 63
2025-05-15 06:45:25,987 - INFO - Scraping page 66...
2025-05-15 06:45:27,512 - INFO - Found 60 links on page 65
2025-05-15 06:45:27,513 - INFO - Scraping page 67...
2025-05-15 06:45:27,912 - INFO - Found 60 links on page 64
2025-05-15 06:45:27,912 - INFO - Scraping page 68...
2025-05-15 06:45:29,498 - INFO - Found 60 links on page 66
2025-05-15 06:45:29,499 - INFO - Scraping page 69...
2025-05-15 06:45:31,408 - INFO - Found 60 links on page 67
2025-05-15 06:45:31,408 - INFO - Scraping page 70...
2025-05-15 06:45:31,582 - INFO - Found 60 links on page 68
2025-05-15 06:45:31,583 - INFO - Scraping page 71...
2025-05-15 06:45:33,038 - INFO - Found 60 links on page 69
2025-05-15 06:45:33,038 - INFO - Scraping page 72...
2025-05-15 06:45:34,928 - INFO - Found 60 links on page 70
2025-05-15 06:45:34,929 - INFO - Scraping page 73...
2025-05-15 06:45:35,188 - INFO - Found 60 links on page 71
2025-05-15 06:45:35,188 - INFO - Scraping page 74...
2025-05-15 06:45:36,732 - INFO - Found 60 links on page 72
2025-05-15 06:45:36,733 - INFO - Scraping page 75...
2025-05-15 06:45:38,625 - INFO - Found 60 links on page 73
2025-05-15 06:45:38,625 - INFO - Scraping page 76...
2025-05-15 06:45:38,816 - INFO - Found 60 links on page 74
2025-05-15 06:45:38,816 - INFO - Scraping page 77...
2025-05-15 06:45:40,505 - INFO - Found 60 links on page 75
2025-05-15 06:45:40,505 - INFO - Scraping page 78...
2025-05-15 06:45:42,231 - INFO - Found 60 links on page 76
2025-05-15 06:45:42,236 - INFO - Scraping page 79...
2025-05-15 06:45:42,372 - INFO - Found 60 links on page 77
2025-05-15 06:45:42,372 - INFO - Scraping page 80...
2025-05-15 06:45:44,292 - INFO - Found 60 links on page 78
2025-05-15 06:45:44,293 - INFO - Scraping page 81...
2025-05-15 06:45:45,868 - INFO - Found 60 links on page 80
2025-05-15 06:45:45,868 - INFO - Scraping page 82...
2025-05-15 06:45:46,079 - INFO - Found 60 links on page 79
2025-05-15 06:45:46,080 - INFO - Scraping page 83...
2025-05-15 06:45:47,919 - INFO - Found 60 links on page 81
2025-05-15 06:45:47,919 - INFO - Scraping page 84...
2025-05-15 06:45:49,686 - INFO - Found 60 links on page 83
2025-05-15 06:45:49,692 - INFO - Scraping page 85...
2025-05-15 06:45:49,819 - INFO - Found 60 links on page 82
2025-05-15 06:45:49,819 - INFO - Scraping page 86...
2025-05-15 06:45:52,117 - INFO - Found 60 links on page 84
2025-05-15 06:45:52,117 - INFO - Scraping page 87...
2025-05-15 06:45:53,641 - INFO - Found 60 links on page 86
2025-05-15 06:45:53,651 - INFO - Scraping page 88...
2025-05-15 06:45:53,780 - INFO - Found 60 links on page 85
2025-05-15 06:45:53,780 - INFO - Scraping page 89...
2025-05-15 06:45:56,710 - INFO - Found 60 links on page 87
2025-05-15 06:45:56,710 - INFO - Scraping page 90...
2025-05-15 06:45:57,143 - INFO - Found 50 links on page 88
2025-05-15 06:45:57,609 - INFO - Found 50 links on page 89
2025-05-15 06:46:01,070 - INFO - Found 50 links on page 90
2025-05-15 06:46:01,074 - INFO - Found 170 new links to scrape out of 5370 total links
2025-05-15 06:46:01,074 - INFO - Processing batch 1/4 (50 links)
2025-05-15 06:46:06,807 - INFO - Progress: 10/50 ads processed
2025-05-15 06:46:11,742 - INFO - Progress: 20/50 ads processed
2025-05-15 06:46:17,697 - INFO - Progress: 30/50 ads processed
2025-05-15 06:46:22,376 - INFO - Progress: 40/50 ads processed
2025-05-15 06:46:27,443 - INFO - Progress: 50/50 ads processed
2025-05-15 06:46:27,463 - INFO - Created backup of existing data file at unegui_data/unegui_rental_data.csv.bak
2025-05-15 06:46:27,533 - INFO - Data saved to unegui_data/unegui_rental_data.csv: 6051 records
2025-05-15 06:46:27,729 - INFO - Cache saved with 6196 URLs
2025-05-15 06:46:27,729 - INFO - Saved batch data. Total records: 6051
2025-05-15 06:46:27,729 - INFO - Processing batch 2/4 (50 links)
2025-05-15 06:46:33,871 - INFO - Progress: 10/50 ads processed
2025-05-15 06:46:38,847 - INFO - Progress: 20/50 ads processed
2025-05-15 06:46:43,619 - INFO - Progress: 30/50 ads processed
2025-05-15 06:46:49,389 - INFO - Progress: 40/50 ads processed
2025-05-15 06:46:55,055 - INFO - Progress: 50/50 ads processed
2025-05-15 06:46:55,076 - INFO - Created backup of existing data file at unegui_data/unegui_rental_data.csv.bak
2025-05-15 06:46:55,146 - INFO - Data saved to unegui_data/unegui_rental_data.csv: 6098 records
2025-05-15 06:46:55,343 - INFO - Cache saved with 6246 URLs
2025-05-15 06:46:55,343 - INFO - Saved batch data. Total records: 6098
2025-05-15 06:46:55,343 - INFO - Processing batch 3/4 (50 links)
2025-05-15 06:47:00,827 - INFO - Progress: 10/50 ads processed
2025-05-15 06:47:05,866 - INFO - Progress: 20/50 ads processed
2025-05-15 06:47:10,884 - INFO - Progress: 30/50 ads processed
2025-05-15 06:47:16,095 - INFO - Progress: 40/50 ads processed
2025-05-15 06:47:21,228 - INFO - Progress: 50/50 ads processed
2025-05-15 06:47:21,248 - INFO - Created backup of existing data file at unegui_data/unegui_rental_data.csv.bak
2025-05-15 06:47:21,319 - INFO - Data saved to unegui_data/unegui_rental_data.csv: 6147 records
2025-05-15 06:47:21,517 - INFO - Cache saved with 6296 URLs
2025-05-15 06:47:21,517 - INFO - Saved batch data. Total records: 6147
2025-05-15 06:47:21,517 - INFO - Processing batch 4/4 (20 links)
2025-05-15 06:47:26,775 - INFO - Progress: 10/20 ads processed
2025-05-15 06:47:32,224 - INFO - Progress: 20/20 ads processed
2025-05-15 06:47:32,245 - INFO - Created backup of existing data file at unegui_data/unegui_rental_data.csv.bak
2025-05-15 06:47:32,316 - INFO - Data saved to unegui_data/unegui_rental_data.csv: 6167 records
2025-05-15 06:47:32,520 - INFO - Cache saved with 6316 URLs
2025-05-15 06:47:32,520 - INFO - Saved batch data. Total records: 6167
2025-05-15 06:47:32,520 - INFO - Scraping completed in 0:03:30.852094. Total ads collected: 6167
