2025-05-21 06:46:07,271 - INFO - Starting rental apartment scraper at 2025-05-21 06:46:07.271537
2025-05-21 06:46:07,339 - INFO - Loaded existing data from unegui_data/unegui_rental_data.csv: 7217 records
2025-05-21 06:46:07,419 - INFO - Loaded 7217 existing records
2025-05-21 06:46:07,420 - INFO - Scraping page 1...
2025-05-21 06:46:07,421 - INFO - Scraping page 2...
2025-05-21 06:46:07,421 - INFO - Scraping page 3...
2025-05-21 06:46:11,725 - INFO - Found 60 links on page 2
2025-05-21 06:46:11,726 - INFO - Scraping page 4...
2025-05-21 06:46:12,049 - INFO - Found 60 links on page 1
2025-05-21 06:46:12,060 - INFO - Scraping page 5...
2025-05-21 06:46:12,120 - INFO - Found 60 links on page 3
2025-05-21 06:46:12,120 - INFO - Scraping page 6...
2025-05-21 06:46:16,041 - INFO - Found 60 links on page 5
2025-05-21 06:46:16,042 - INFO - Scraping page 7...
2025-05-21 06:46:16,241 - INFO - Found 60 links on page 4
2025-05-21 06:46:16,242 - INFO - Scraping page 8...
2025-05-21 06:46:16,430 - INFO - Found 60 links on page 6
2025-05-21 06:46:16,430 - INFO - Scraping page 9...
2025-05-21 06:46:19,732 - INFO - Found 60 links on page 7
2025-05-21 06:46:19,733 - INFO - Scraping page 10...
2025-05-21 06:46:19,925 - INFO - Found 60 links on page 8
2025-05-21 06:46:19,926 - INFO - Scraping page 11...
2025-05-21 06:46:20,346 - INFO - Found 60 links on page 9
2025-05-21 06:46:20,346 - INFO - Scraping page 12...
2025-05-21 06:46:23,553 - INFO - Found 60 links on page 10
2025-05-21 06:46:23,553 - INFO - Scraping page 13...
2025-05-21 06:46:24,198 - INFO - Found 60 links on page 12
2025-05-21 06:46:24,199 - INFO - Scraping page 14...
2025-05-21 06:46:24,491 - INFO - Found 60 links on page 11
2025-05-21 06:46:24,491 - INFO - Scraping page 15...
2025-05-21 06:46:27,864 - INFO - Found 60 links on page 13
2025-05-21 06:46:27,864 - INFO - Scraping page 16...
2025-05-21 06:46:28,074 - INFO - Found 60 links on page 14
2025-05-21 06:46:28,075 - INFO - Scraping page 17...
2025-05-21 06:46:28,351 - INFO - Found 60 links on page 15
2025-05-21 06:46:28,351 - INFO - Scraping page 18...
2025-05-21 06:46:31,606 - INFO - Found 60 links on page 16
2025-05-21 06:46:31,606 - INFO - Scraping page 19...
2025-05-21 06:46:32,009 - INFO - Found 60 links on page 17
2025-05-21 06:46:32,020 - INFO - Scraping page 20...
2025-05-21 06:46:32,097 - INFO - Found 60 links on page 18
2025-05-21 06:46:32,097 - INFO - Scraping page 21...
2025-05-21 06:46:35,722 - INFO - Found 60 links on page 19
2025-05-21 06:46:35,732 - INFO - Scraping page 22...
2025-05-21 06:46:35,854 - INFO - Found 60 links on page 20
2025-05-21 06:46:35,859 - INFO - Scraping page 23...
2025-05-21 06:46:35,993 - INFO - Found 60 links on page 21
2025-05-21 06:46:35,993 - INFO - Scraping page 24...
2025-05-21 06:46:39,487 - INFO - Found 60 links on page 23
2025-05-21 06:46:39,487 - INFO - Scraping page 25...
2025-05-21 06:46:39,900 - INFO - Found 60 links on page 24
2025-05-21 06:46:39,905 - INFO - Scraping page 26...
2025-05-21 06:46:39,955 - INFO - Found 60 links on page 22
2025-05-21 06:46:39,956 - INFO - Scraping page 27...
2025-05-21 06:46:43,432 - INFO - Found 60 links on page 25
2025-05-21 06:46:43,432 - INFO - Scraping page 28...
2025-05-21 06:46:43,639 - INFO - Found 60 links on page 26
2025-05-21 06:46:43,639 - INFO - Scraping page 29...
2025-05-21 06:46:43,984 - INFO - Found 60 links on page 27
2025-05-21 06:46:43,984 - INFO - Scraping page 30...
2025-05-21 06:46:47,612 - INFO - Found 60 links on page 28
2025-05-21 06:46:47,617 - INFO - Scraping page 31...
2025-05-21 06:46:47,714 - INFO - Found 60 links on page 29
2025-05-21 06:46:47,719 - INFO - Scraping page 32...
2025-05-21 06:46:47,807 - INFO - Found 60 links on page 30
2025-05-21 06:46:47,808 - INFO - Scraping page 33...
2025-05-21 06:46:51,461 - INFO - Found 60 links on page 31
2025-05-21 06:46:51,507 - INFO - Scraping page 34...
2025-05-21 06:46:51,836 - INFO - Found 60 links on page 32
2025-05-21 06:46:51,836 - INFO - Found 60 links on page 33
2025-05-21 06:46:51,836 - INFO - Scraping page 35...
2025-05-21 06:46:51,836 - INFO - Scraping page 36...
2025-05-21 06:46:55,374 - INFO - Found 60 links on page 34
2025-05-21 06:46:55,374 - INFO - Scraping page 37...
2025-05-21 06:46:55,762 - INFO - Found 60 links on page 35
2025-05-21 06:46:55,767 - INFO - Scraping page 38...
2025-05-21 06:46:55,843 - INFO - Found 60 links on page 36
2025-05-21 06:46:55,844 - INFO - Scraping page 39...
2025-05-21 06:46:59,118 - INFO - Found 60 links on page 37
2025-05-21 06:46:59,119 - INFO - Scraping page 40...
2025-05-21 06:46:59,370 - INFO - Found 60 links on page 39
2025-05-21 06:46:59,370 - INFO - Scraping page 41...
2025-05-21 06:46:59,675 - INFO - Found 60 links on page 38
2025-05-21 06:46:59,675 - INFO - Scraping page 42...
2025-05-21 06:47:02,806 - INFO - Found 60 links on page 40
2025-05-21 06:47:02,806 - INFO - Scraping page 43...
2025-05-21 06:47:03,214 - INFO - Found 60 links on page 41
2025-05-21 06:47:03,225 - INFO - Scraping page 44...
2025-05-21 06:47:03,289 - INFO - Found 60 links on page 42
2025-05-21 06:47:03,290 - INFO - Scraping page 45...
2025-05-21 06:47:06,715 - INFO - Found 60 links on page 43
2025-05-21 06:47:06,716 - INFO - Scraping page 46...
2025-05-21 06:47:07,104 - INFO - Found 60 links on page 44
2025-05-21 06:47:07,109 - INFO - Scraping page 47...
2025-05-21 06:47:07,181 - INFO - Found 60 links on page 45
2025-05-21 06:47:07,181 - INFO - Scraping page 48...
2025-05-21 06:47:10,290 - INFO - Found 60 links on page 46
2025-05-21 06:47:10,290 - INFO - Scraping page 49...
2025-05-21 06:47:10,585 - INFO - Found 60 links on page 47
2025-05-21 06:47:10,585 - INFO - Scraping page 50...
2025-05-21 06:47:11,747 - INFO - Found 60 links on page 48
2025-05-21 06:47:11,747 - INFO - Scraping page 51...
2025-05-21 06:47:14,371 - INFO - Found 60 links on page 50
2025-05-21 06:47:14,376 - INFO - Scraping page 52...
2025-05-21 06:47:14,532 - INFO - Found 60 links on page 49
2025-05-21 06:47:14,533 - INFO - Scraping page 53...
2025-05-21 06:47:15,284 - INFO - Found 60 links on page 51
2025-05-21 06:47:15,285 - INFO - Scraping page 54...
2025-05-21 06:47:18,016 - INFO - Found 60 links on page 52
2025-05-21 06:47:18,016 - INFO - Scraping page 55...
2025-05-21 06:47:18,208 - INFO - Found 60 links on page 53
2025-05-21 06:47:18,209 - INFO - Scraping page 56...
2025-05-21 06:47:18,821 - INFO - Found 60 links on page 54
2025-05-21 06:47:18,821 - INFO - Scraping page 57...
2025-05-21 06:47:21,455 - INFO - Found 60 links on page 55
2025-05-21 06:47:21,455 - INFO - Scraping page 58...
2025-05-21 06:47:22,137 - INFO - Found 60 links on page 56
2025-05-21 06:47:22,138 - INFO - Scraping page 59...
2025-05-21 06:47:23,262 - INFO - Found 60 links on page 57
2025-05-21 06:47:23,262 - INFO - Scraping page 60...
2025-05-21 06:47:24,851 - INFO - Found 60 links on page 58
2025-05-21 06:47:24,852 - INFO - Scraping page 61...
2025-05-21 06:47:25,753 - INFO - Found 60 links on page 59
2025-05-21 06:47:25,754 - INFO - Scraping page 62...
2025-05-21 06:47:27,627 - INFO - Found 60 links on page 60
2025-05-21 06:47:27,627 - INFO - Scraping page 63...
2025-05-21 06:47:28,340 - INFO - Found 60 links on page 61
2025-05-21 06:47:28,340 - INFO - Scraping page 64...
2025-05-21 06:47:29,343 - INFO - Found 60 links on page 62
2025-05-21 06:47:29,343 - INFO - Scraping page 65...
2025-05-21 06:47:31,361 - INFO - Found 60 links on page 63
2025-05-21 06:47:31,361 - INFO - Scraping page 66...
2025-05-21 06:47:32,697 - INFO - Found 60 links on page 64
2025-05-21 06:47:32,697 - INFO - Scraping page 67...
2025-05-21 06:47:33,158 - INFO - Found 60 links on page 65
2025-05-21 06:47:33,158 - INFO - Scraping page 68...
2025-05-21 06:47:35,241 - INFO - Found 60 links on page 66
2025-05-21 06:47:35,242 - INFO - Scraping page 69...
2025-05-21 06:47:36,749 - INFO - Found 60 links on page 68
2025-05-21 06:47:36,750 - INFO - Scraping page 70...
2025-05-21 06:47:37,025 - INFO - Found 60 links on page 67
2025-05-21 06:47:37,025 - INFO - Scraping page 71...
2025-05-21 06:47:38,426 - INFO - Found 60 links on page 69
2025-05-21 06:47:38,426 - INFO - Scraping page 72...
2025-05-21 06:47:40,531 - INFO - Found 60 links on page 71
2025-05-21 06:47:40,532 - INFO - Scraping page 73...
2025-05-21 06:47:40,823 - INFO - Found 60 links on page 70
2025-05-21 06:47:40,823 - INFO - Scraping page 74...
2025-05-21 06:47:41,890 - INFO - Found 60 links on page 72
2025-05-21 06:47:41,890 - INFO - Scraping page 75...
2025-05-21 06:47:43,844 - INFO - Found 60 links on page 73
2025-05-21 06:47:43,844 - INFO - Scraping page 76...
2025-05-21 06:47:44,159 - INFO - Found 60 links on page 74
2025-05-21 06:47:44,159 - INFO - Scraping page 77...
2025-05-21 06:47:45,149 - INFO - Found 60 links on page 75
2025-05-21 06:47:45,149 - INFO - Scraping page 78...
2025-05-21 06:47:47,125 - INFO - Found 60 links on page 76
2025-05-21 06:47:47,125 - INFO - Scraping page 79...
2025-05-21 06:47:47,424 - INFO - Found 60 links on page 77
2025-05-21 06:47:47,424 - INFO - Scraping page 80...
2025-05-21 06:47:48,689 - INFO - Found 60 links on page 78
2025-05-21 06:47:48,689 - INFO - Scraping page 81...
2025-05-21 06:47:50,954 - INFO - Found 60 links on page 80
2025-05-21 06:47:50,959 - INFO - Scraping page 82...
2025-05-21 06:47:51,100 - INFO - Found 60 links on page 79
2025-05-21 06:47:51,100 - INFO - Scraping page 83...
2025-05-21 06:47:51,928 - INFO - Found 60 links on page 81
2025-05-21 06:47:51,928 - INFO - Scraping page 84...
2025-05-21 06:47:54,753 - INFO - Found 60 links on page 83
2025-05-21 06:47:54,753 - INFO - Scraping page 85...
2025-05-21 06:47:54,914 - INFO - Found 60 links on page 82
2025-05-21 06:47:54,915 - INFO - Scraping page 86...
2025-05-21 06:47:55,347 - INFO - Found 60 links on page 84
2025-05-21 06:47:55,348 - INFO - Scraping page 87...
2025-05-21 06:47:58,308 - INFO - Found 60 links on page 85
2025-05-21 06:47:58,308 - INFO - Scraping page 88...
2025-05-21 06:47:59,210 - INFO - Found 60 links on page 87
2025-05-21 06:47:59,210 - INFO - Scraping page 89...
2025-05-21 06:47:59,424 - INFO - Found 60 links on page 86
2025-05-21 06:47:59,425 - INFO - Scraping page 90...
2025-05-21 06:48:01,966 - INFO - Found 60 links on page 88
2025-05-21 06:48:02,134 - INFO - Found 21 links on page 89
2025-05-21 06:48:02,968 - INFO - Found 21 links on page 90
2025-05-21 06:48:02,972 - INFO - Found 296 new links to scrape out of 5322 total links
2025-05-21 06:48:02,973 - INFO - Processing batch 1/6 (50 links)
2025-05-21 06:48:08,812 - INFO - Progress: 10/50 ads processed
2025-05-21 06:48:14,231 - INFO - Progress: 20/50 ads processed
2025-05-21 06:48:19,286 - INFO - Progress: 30/50 ads processed
2025-05-21 06:48:24,251 - INFO - Progress: 40/50 ads processed
2025-05-21 06:48:29,317 - INFO - Progress: 50/50 ads processed
2025-05-21 06:48:29,343 - INFO - Created backup of existing data file at unegui_data/unegui_rental_data.csv.bak
2025-05-21 06:48:29,432 - INFO - Data saved to unegui_data/unegui_rental_data.csv: 7266 records
2025-05-21 06:48:29,671 - INFO - Cache saved with 7446 URLs
2025-05-21 06:48:29,671 - INFO - Saved batch data. Total records: 7266
2025-05-21 06:48:29,671 - INFO - Processing batch 2/6 (50 links)
2025-05-21 06:48:35,119 - INFO - Progress: 10/50 ads processed
2025-05-21 06:48:41,016 - INFO - Progress: 20/50 ads processed
2025-05-21 06:48:46,503 - INFO - Progress: 30/50 ads processed
2025-05-21 06:48:51,676 - INFO - Progress: 40/50 ads processed
2025-05-21 06:48:56,448 - INFO - Progress: 50/50 ads processed
2025-05-21 06:48:56,474 - INFO - Created backup of existing data file at unegui_data/unegui_rental_data.csv.bak
2025-05-21 06:48:56,563 - INFO - Data saved to unegui_data/unegui_rental_data.csv: 7315 records
2025-05-21 06:48:56,803 - INFO - Cache saved with 7496 URLs
2025-05-21 06:48:56,803 - INFO - Saved batch data. Total records: 7315
2025-05-21 06:48:56,803 - INFO - Processing batch 3/6 (50 links)
2025-05-21 06:49:02,016 - INFO - Progress: 10/50 ads processed
2025-05-21 06:49:07,154 - INFO - Progress: 20/50 ads processed
2025-05-21 06:49:12,925 - INFO - Progress: 30/50 ads processed
2025-05-21 06:49:18,064 - INFO - Progress: 40/50 ads processed
2025-05-21 06:49:23,468 - INFO - Progress: 50/50 ads processed
2025-05-21 06:49:23,493 - INFO - Created backup of existing data file at unegui_data/unegui_rental_data.csv.bak
2025-05-21 06:49:23,581 - INFO - Data saved to unegui_data/unegui_rental_data.csv: 7364 records
2025-05-21 06:49:23,823 - INFO - Cache saved with 7546 URLs
2025-05-21 06:49:23,823 - INFO - Saved batch data. Total records: 7364
2025-05-21 06:49:23,823 - INFO - Processing batch 4/6 (50 links)
2025-05-21 06:49:29,170 - INFO - Progress: 10/50 ads processed
2025-05-21 06:49:34,309 - INFO - Progress: 20/50 ads processed
2025-05-21 06:49:39,694 - INFO - Progress: 30/50 ads processed
2025-05-21 06:49:44,722 - INFO - Progress: 40/50 ads processed
2025-05-21 06:49:50,472 - INFO - Progress: 50/50 ads processed
2025-05-21 06:49:50,497 - INFO - Created backup of existing data file at unegui_data/unegui_rental_data.csv.bak
2025-05-21 06:49:50,588 - INFO - Data saved to unegui_data/unegui_rental_data.csv: 7414 records
2025-05-21 06:49:50,834 - INFO - Cache saved with 7596 URLs
2025-05-21 06:49:50,835 - INFO - Saved batch data. Total records: 7414
2025-05-21 06:49:50,835 - INFO - Processing batch 5/6 (50 links)
2025-05-21 06:49:56,093 - INFO - Progress: 10/50 ads processed
2025-05-21 06:50:01,559 - INFO - Progress: 20/50 ads processed
2025-05-21 06:50:06,681 - INFO - Progress: 30/50 ads processed
2025-05-21 06:50:11,450 - INFO - Progress: 40/50 ads processed
2025-05-21 06:50:16,534 - INFO - Progress: 50/50 ads processed
2025-05-21 06:50:16,560 - INFO - Created backup of existing data file at unegui_data/unegui_rental_data.csv.bak
2025-05-21 06:50:16,651 - INFO - Data saved to unegui_data/unegui_rental_data.csv: 7463 records
2025-05-21 06:50:16,896 - INFO - Cache saved with 7646 URLs
2025-05-21 06:50:16,896 - INFO - Saved batch data. Total records: 7463
2025-05-21 06:50:16,897 - INFO - Processing batch 6/6 (46 links)
2025-05-21 06:50:22,185 - INFO - Progress: 10/46 ads processed
2025-05-21 06:50:27,172 - INFO - Progress: 20/46 ads processed
2025-05-21 06:50:32,371 - INFO - Progress: 30/46 ads processed
2025-05-21 06:50:38,179 - INFO - Progress: 40/46 ads processed
2025-05-21 06:50:41,607 - INFO - Progress: 46/46 ads processed
2025-05-21 06:50:41,633 - INFO - Created backup of existing data file at unegui_data/unegui_rental_data.csv.bak
2025-05-21 06:50:41,726 - INFO - Data saved to unegui_data/unegui_rental_data.csv: 7506 records
2025-05-21 06:50:41,972 - INFO - Cache saved with 7692 URLs
2025-05-21 06:50:41,972 - INFO - Saved batch data. Total records: 7506
2025-05-21 06:50:41,973 - INFO - Scraping completed in 0:04:34.701477. Total ads collected: 7506
