2025-06-10 06:46:41,236 - INFO - Starting rental apartment scraper at 2025-06-10 06:46:41.236536
2025-06-10 06:46:41,339 - INFO - Loaded existing data from unegui_data/unegui_rental_data.csv: 11704 records
2025-06-10 06:46:41,509 - INFO - Loaded 11704 existing records
2025-06-10 06:46:41,511 - INFO - Scraping page 1...
2025-06-10 06:46:41,511 - INFO - Scraping page 2...
2025-06-10 06:46:41,511 - INFO - Scraping page 3...
2025-06-10 06:46:45,102 - INFO - Found 60 links on page 1
2025-06-10 06:46:45,102 - INFO - Scraping page 4...
2025-06-10 06:46:45,510 - INFO - Found 60 links on page 2
2025-06-10 06:46:45,510 - INFO - Scraping page 5...
2025-06-10 06:46:45,812 - INFO - Found 60 links on page 3
2025-06-10 06:46:45,812 - INFO - Scraping page 6...
2025-06-10 06:46:48,863 - INFO - Found 60 links on page 4
2025-06-10 06:46:48,863 - INFO - Scraping page 7...
2025-06-10 06:46:49,052 - INFO - Found 60 links on page 5
2025-06-10 06:46:49,052 - INFO - Scraping page 8...
2025-06-10 06:46:49,662 - INFO - Found 60 links on page 6
2025-06-10 06:46:49,662 - INFO - Scraping page 9...
2025-06-10 06:46:52,831 - INFO - Found 60 links on page 7
2025-06-10 06:46:52,832 - INFO - Scraping page 10...
2025-06-10 06:46:53,464 - INFO - Found 60 links on page 9
2025-06-10 06:46:53,464 - INFO - Scraping page 11...
2025-06-10 06:46:53,845 - INFO - Found 60 links on page 8
2025-06-10 06:46:53,845 - INFO - Scraping page 12...
2025-06-10 06:46:56,336 - INFO - Found 60 links on page 10
2025-06-10 06:46:56,336 - INFO - Scraping page 13...
2025-06-10 06:46:57,408 - INFO - Found 60 links on page 11
2025-06-10 06:46:57,408 - INFO - Scraping page 14...
2025-06-10 06:46:57,789 - INFO - Found 60 links on page 12
2025-06-10 06:46:57,789 - INFO - Scraping page 15...
2025-06-10 06:46:59,794 - INFO - Found 60 links on page 13
2025-06-10 06:46:59,794 - INFO - Scraping page 16...
2025-06-10 06:47:01,145 - INFO - Found 60 links on page 14
2025-06-10 06:47:01,145 - INFO - Scraping page 17...
2025-06-10 06:47:01,465 - INFO - Found 60 links on page 15
2025-06-10 06:47:01,466 - INFO - Scraping page 18...
2025-06-10 06:47:03,645 - INFO - Found 60 links on page 16
2025-06-10 06:47:03,645 - INFO - Scraping page 19...
2025-06-10 06:47:04,687 - INFO - Found 60 links on page 17
2025-06-10 06:47:04,687 - INFO - Scraping page 20...
2025-06-10 06:47:04,912 - INFO - Found 60 links on page 18
2025-06-10 06:47:04,913 - INFO - Scraping page 21...
2025-06-10 06:47:07,268 - INFO - Found 60 links on page 19
2025-06-10 06:47:07,268 - INFO - Scraping page 22...
2025-06-10 06:47:08,475 - INFO - Found 60 links on page 20
2025-06-10 06:47:08,480 - INFO - Scraping page 23...
2025-06-10 06:47:08,669 - INFO - Found 60 links on page 21
2025-06-10 06:47:08,669 - INFO - Scraping page 24...
2025-06-10 06:47:10,699 - INFO - Found 60 links on page 22
2025-06-10 06:47:10,699 - INFO - Scraping page 25...
2025-06-10 06:47:11,787 - INFO - Found 60 links on page 23
2025-06-10 06:47:11,787 - INFO - Scraping page 26...
2025-06-10 06:47:12,113 - INFO - Found 60 links on page 24
2025-06-10 06:47:12,113 - INFO - Scraping page 27...
2025-06-10 06:47:14,502 - INFO - Found 60 links on page 25
2025-06-10 06:47:14,502 - INFO - Scraping page 28...
2025-06-10 06:47:15,755 - INFO - Found 60 links on page 26
2025-06-10 06:47:15,760 - INFO - Scraping page 29...
2025-06-10 06:47:15,827 - INFO - Found 60 links on page 27
2025-06-10 06:47:15,827 - INFO - Scraping page 30...
2025-06-10 06:47:17,977 - INFO - Found 60 links on page 28
2025-06-10 06:47:17,978 - INFO - Scraping page 31...
2025-06-10 06:47:19,304 - INFO - Found 60 links on page 30
2025-06-10 06:47:19,390 - INFO - Scraping page 32...
2025-06-10 06:47:19,563 - INFO - Found 60 links on page 29
2025-06-10 06:47:19,563 - INFO - Scraping page 33...
2025-06-10 06:47:22,092 - INFO - Found 60 links on page 31
2025-06-10 06:47:22,092 - INFO - Scraping page 34...
2025-06-10 06:47:23,324 - INFO - Found 60 links on page 33
2025-06-10 06:47:23,329 - INFO - Scraping page 35...
2025-06-10 06:47:23,445 - INFO - Found 60 links on page 32
2025-06-10 06:47:23,445 - INFO - Scraping page 36...
2025-06-10 06:47:25,662 - INFO - Found 60 links on page 34
2025-06-10 06:47:25,662 - INFO - Scraping page 37...
2025-06-10 06:47:26,879 - INFO - Found 60 links on page 36
2025-06-10 06:47:26,879 - INFO - Scraping page 38...
2025-06-10 06:47:27,176 - INFO - Found 60 links on page 35
2025-06-10 06:47:27,177 - INFO - Scraping page 39...
2025-06-10 06:47:29,891 - INFO - Found 60 links on page 37
2025-06-10 06:47:29,891 - INFO - Scraping page 40...
2025-06-10 06:47:30,719 - INFO - Found 60 links on page 38
2025-06-10 06:47:30,720 - INFO - Scraping page 41...
2025-06-10 06:47:31,391 - INFO - Found 60 links on page 39
2025-06-10 06:47:31,391 - INFO - Scraping page 42...
2025-06-10 06:47:33,771 - INFO - Found 60 links on page 40
2025-06-10 06:47:33,771 - INFO - Scraping page 43...
2025-06-10 06:47:35,793 - INFO - Found 60 links on page 42
2025-06-10 06:47:35,798 - INFO - Scraping page 44...
2025-06-10 06:47:35,823 - INFO - Found 60 links on page 41
2025-06-10 06:47:35,823 - INFO - Scraping page 45...
2025-06-10 06:47:37,383 - INFO - Found 60 links on page 43
2025-06-10 06:47:37,383 - INFO - Scraping page 46...
2025-06-10 06:47:39,549 - INFO - Found 60 links on page 45
2025-06-10 06:47:39,555 - INFO - Scraping page 47...
2025-06-10 06:47:39,646 - INFO - Found 60 links on page 44
2025-06-10 06:47:39,646 - INFO - Scraping page 48...
2025-06-10 06:47:40,722 - INFO - Found 60 links on page 46
2025-06-10 06:47:40,722 - INFO - Scraping page 49...
2025-06-10 06:47:42,910 - INFO - Found 60 links on page 47
2025-06-10 06:47:42,910 - INFO - Scraping page 50...
2025-06-10 06:47:43,275 - INFO - Found 60 links on page 48
2025-06-10 06:47:43,275 - INFO - Scraping page 51...
2025-06-10 06:47:44,389 - INFO - Found 60 links on page 49
2025-06-10 06:47:44,389 - INFO - Scraping page 52...
2025-06-10 06:47:46,529 - INFO - Found 60 links on page 50
2025-06-10 06:47:46,530 - INFO - Scraping page 53...
2025-06-10 06:47:47,012 - INFO - Found 60 links on page 51
2025-06-10 06:47:47,012 - INFO - Scraping page 54...
2025-06-10 06:47:48,493 - INFO - Found 60 links on page 52
2025-06-10 06:47:48,493 - INFO - Scraping page 55...
2025-06-10 06:47:50,110 - INFO - Found 60 links on page 53
2025-06-10 06:47:50,110 - INFO - Scraping page 56...
2025-06-10 06:47:50,675 - INFO - Found 60 links on page 54
2025-06-10 06:47:50,675 - INFO - Scraping page 57...
2025-06-10 06:47:52,280 - INFO - Found 60 links on page 55
2025-06-10 06:47:52,280 - INFO - Scraping page 58...
2025-06-10 06:47:53,778 - INFO - Found 60 links on page 56
2025-06-10 06:47:53,779 - INFO - Scraping page 59...
2025-06-10 06:47:54,418 - INFO - Found 60 links on page 57
2025-06-10 06:47:54,418 - INFO - Scraping page 60...
2025-06-10 06:47:55,803 - INFO - Found 60 links on page 58
2025-06-10 06:47:55,803 - INFO - Scraping page 61...
2025-06-10 06:47:57,241 - INFO - Found 60 links on page 59
2025-06-10 06:47:57,241 - INFO - Scraping page 62...
2025-06-10 06:47:57,918 - INFO - Found 60 links on page 60
2025-06-10 06:47:57,918 - INFO - Scraping page 63...
2025-06-10 06:47:59,481 - INFO - Found 60 links on page 61
2025-06-10 06:47:59,481 - INFO - Scraping page 64...
2025-06-10 06:48:01,019 - INFO - Found 60 links on page 62
2025-06-10 06:48:01,019 - INFO - Scraping page 65...
2025-06-10 06:48:01,574 - INFO - Found 60 links on page 63
2025-06-10 06:48:01,575 - INFO - Scraping page 66...
2025-06-10 06:48:02,910 - INFO - Found 60 links on page 64
2025-06-10 06:48:02,910 - INFO - Scraping page 67...
2025-06-10 06:48:04,776 - INFO - Found 60 links on page 65
2025-06-10 06:48:04,776 - INFO - Scraping page 68...
2025-06-10 06:48:06,010 - INFO - Found 60 links on page 66
2025-06-10 06:48:06,010 - INFO - Scraping page 69...
2025-06-10 06:48:06,308 - INFO - Found 60 links on page 67
2025-06-10 06:48:06,309 - INFO - Scraping page 70...
2025-06-10 06:48:08,342 - INFO - Found 60 links on page 68
2025-06-10 06:48:08,343 - INFO - Scraping page 71...
2025-06-10 06:48:10,023 - INFO - Found 60 links on page 69
2025-06-10 06:48:10,029 - INFO - Scraping page 72...
2025-06-10 06:48:10,086 - INFO - Found 60 links on page 70
2025-06-10 06:48:10,086 - INFO - Scraping page 73...
2025-06-10 06:48:12,015 - INFO - Found 60 links on page 71
2025-06-10 06:48:12,015 - INFO - Scraping page 74...
2025-06-10 06:48:13,509 - INFO - Found 60 links on page 72
2025-06-10 06:48:13,509 - INFO - Scraping page 75...
2025-06-10 06:48:13,759 - INFO - Found 60 links on page 73
2025-06-10 06:48:13,759 - INFO - Scraping page 76...
2025-06-10 06:48:15,818 - INFO - Found 60 links on page 74
2025-06-10 06:48:15,819 - INFO - Scraping page 77...
2025-06-10 06:48:17,413 - INFO - Found 60 links on page 75
2025-06-10 06:48:17,419 - INFO - Scraping page 78...
2025-06-10 06:48:17,668 - INFO - Found 60 links on page 76
2025-06-10 06:48:17,668 - INFO - Scraping page 79...
2025-06-10 06:48:19,293 - INFO - Found 60 links on page 77
2025-06-10 06:48:19,293 - INFO - Scraping page 80...
2025-06-10 06:48:20,855 - INFO - Found 60 links on page 78
2025-06-10 06:48:20,855 - INFO - Scraping page 81...
2025-06-10 06:48:21,508 - INFO - Found 60 links on page 79
2025-06-10 06:48:21,508 - INFO - Scraping page 82...
2025-06-10 06:48:23,017 - INFO - Found 60 links on page 80
2025-06-10 06:48:23,017 - INFO - Scraping page 83...
2025-06-10 06:48:24,154 - INFO - Found 60 links on page 81
2025-06-10 06:48:24,154 - INFO - Scraping page 84...
2025-06-10 06:48:25,279 - INFO - Found 60 links on page 82
2025-06-10 06:48:25,280 - INFO - Scraping page 85...
2025-06-10 06:48:26,673 - INFO - Found 60 links on page 83
2025-06-10 06:48:26,673 - INFO - Scraping page 86...
2025-06-10 06:48:28,027 - INFO - Found 60 links on page 84
2025-06-10 06:48:28,028 - INFO - Scraping page 87...
2025-06-10 06:48:29,144 - INFO - Found 60 links on page 85
2025-06-10 06:48:29,145 - INFO - Scraping page 88...
2025-06-10 06:48:30,299 - INFO - Found 60 links on page 86
2025-06-10 06:48:30,299 - INFO - Scraping page 89...
2025-06-10 06:48:31,813 - INFO - Found 60 links on page 87
2025-06-10 06:48:31,813 - INFO - Scraping page 90...
2025-06-10 06:48:32,676 - INFO - Found 60 links on page 88
2025-06-10 06:48:34,841 - INFO - Found 60 links on page 89
2025-06-10 06:48:35,260 - INFO - Found 27 links on page 90
2025-06-10 06:48:35,263 - INFO - Found 302 new links to scrape out of 5367 total links
2025-06-10 06:48:35,263 - INFO - Processing batch 1/7 (50 links)
2025-06-10 06:48:41,650 - INFO - Progress: 10/50 ads processed
2025-06-10 06:48:47,196 - INFO - Progress: 20/50 ads processed
2025-06-10 06:48:52,199 - INFO - Progress: 30/50 ads processed
2025-06-10 06:48:57,198 - INFO - Progress: 40/50 ads processed
2025-06-10 06:49:02,088 - INFO - Progress: 50/50 ads processed
2025-06-10 06:49:02,127 - INFO - Created backup of existing data file at unegui_data/unegui_rental_data.csv.bak
2025-06-10 06:49:02,268 - INFO - Data saved to unegui_data/unegui_rental_data.csv: 11751 records
2025-06-10 06:49:02,655 - INFO - Cache saved with 12054 URLs
2025-06-10 06:49:02,655 - INFO - Saved batch data. Total records: 11751
2025-06-10 06:49:02,656 - INFO - Processing batch 2/7 (50 links)
2025-06-10 06:49:08,270 - INFO - Progress: 10/50 ads processed
2025-06-10 06:49:13,350 - INFO - Progress: 20/50 ads processed
2025-06-10 06:49:18,506 - INFO - Progress: 30/50 ads processed
2025-06-10 06:49:23,629 - INFO - Progress: 40/50 ads processed
2025-06-10 06:49:28,969 - INFO - Progress: 50/50 ads processed
2025-06-10 06:49:29,007 - INFO - Created backup of existing data file at unegui_data/unegui_rental_data.csv.bak
2025-06-10 06:49:29,152 - INFO - Data saved to unegui_data/unegui_rental_data.csv: 11801 records
2025-06-10 06:49:29,541 - INFO - Cache saved with 12104 URLs
2025-06-10 06:49:29,541 - INFO - Saved batch data. Total records: 11801
2025-06-10 06:49:29,541 - INFO - Processing batch 3/7 (50 links)
2025-06-10 06:49:35,559 - INFO - Progress: 10/50 ads processed
2025-06-10 06:49:40,996 - INFO - Progress: 20/50 ads processed
2025-06-10 06:49:46,236 - INFO - Progress: 30/50 ads processed
2025-06-10 06:49:51,252 - INFO - Progress: 40/50 ads processed
2025-06-10 06:49:56,408 - INFO - Progress: 50/50 ads processed
2025-06-10 06:49:56,445 - INFO - Created backup of existing data file at unegui_data/unegui_rental_data.csv.bak
2025-06-10 06:49:56,587 - INFO - Data saved to unegui_data/unegui_rental_data.csv: 11850 records
2025-06-10 06:49:56,972 - INFO - Cache saved with 12154 URLs
2025-06-10 06:49:56,972 - INFO - Saved batch data. Total records: 11850
2025-06-10 06:49:56,972 - INFO - Processing batch 4/7 (50 links)
2025-06-10 06:50:02,370 - INFO - Progress: 10/50 ads processed
2025-06-10 06:50:08,118 - INFO - Progress: 20/50 ads processed
2025-06-10 06:50:13,798 - INFO - Progress: 30/50 ads processed
2025-06-10 06:50:18,650 - INFO - Progress: 40/50 ads processed
2025-06-10 06:50:24,008 - INFO - Progress: 50/50 ads processed
2025-06-10 06:50:24,046 - INFO - Created backup of existing data file at unegui_data/unegui_rental_data.csv.bak
2025-06-10 06:50:24,189 - INFO - Data saved to unegui_data/unegui_rental_data.csv: 11899 records
2025-06-10 06:50:24,580 - INFO - Cache saved with 12204 URLs
2025-06-10 06:50:24,580 - INFO - Saved batch data. Total records: 11899
2025-06-10 06:50:24,580 - INFO - Processing batch 5/7 (50 links)
2025-06-10 06:50:29,661 - INFO - Progress: 10/50 ads processed
2025-06-10 06:50:35,483 - INFO - Progress: 20/50 ads processed
2025-06-10 06:50:40,528 - INFO - Progress: 30/50 ads processed
2025-06-10 06:50:45,831 - INFO - Progress: 40/50 ads processed
2025-06-10 06:50:50,771 - INFO - Progress: 50/50 ads processed
2025-06-10 06:50:50,808 - INFO - Created backup of existing data file at unegui_data/unegui_rental_data.csv.bak
2025-06-10 06:50:50,952 - INFO - Data saved to unegui_data/unegui_rental_data.csv: 11948 records
2025-06-10 06:50:51,344 - INFO - Cache saved with 12254 URLs
2025-06-10 06:50:51,344 - INFO - Saved batch data. Total records: 11948
2025-06-10 06:50:51,344 - INFO - Processing batch 6/7 (50 links)
2025-06-10 06:50:57,033 - INFO - Progress: 10/50 ads processed
2025-06-10 06:51:02,350 - INFO - Progress: 20/50 ads processed
2025-06-10 06:51:07,822 - INFO - Progress: 30/50 ads processed
2025-06-10 06:51:13,208 - INFO - Progress: 40/50 ads processed
2025-06-10 06:51:18,429 - INFO - Progress: 50/50 ads processed
2025-06-10 06:51:18,467 - INFO - Created backup of existing data file at unegui_data/unegui_rental_data.csv.bak
2025-06-10 06:51:18,610 - INFO - Data saved to unegui_data/unegui_rental_data.csv: 11997 records
2025-06-10 06:51:19,002 - INFO - Cache saved with 12304 URLs
2025-06-10 06:51:19,002 - INFO - Saved batch data. Total records: 11997
2025-06-10 06:51:19,003 - INFO - Processing batch 7/7 (2 links)
2025-06-10 06:51:21,689 - INFO - Progress: 2/2 ads processed
2025-06-10 06:51:21,729 - INFO - Created backup of existing data file at unegui_data/unegui_rental_data.csv.bak
2025-06-10 06:51:21,876 - INFO - Data saved to unegui_data/unegui_rental_data.csv: 11999 records
2025-06-10 06:51:22,269 - INFO - Cache saved with 12306 URLs
2025-06-10 06:51:22,269 - INFO - Saved batch data. Total records: 11999
2025-06-10 06:51:22,269 - INFO - Scraping completed in 0:04:41.033423. Total ads collected: 11999
