2025-05-25 06:39:46,808 - INFO - Starting rental apartment scraper at 2025-05-25 06:39:46.808259
2025-05-25 06:39:46,881 - INFO - Loaded existing data from unegui_data/unegui_rental_data.csv: 8175 records
2025-05-25 06:39:46,966 - INFO - Loaded 8175 existing records
2025-05-25 06:39:46,967 - INFO - Scraping page 1...
2025-05-25 06:39:46,967 - INFO - Scraping page 2...
2025-05-25 06:39:46,968 - INFO - Scraping page 3...
2025-05-25 06:39:51,073 - INFO - Found 60 links on page 2
2025-05-25 06:39:51,084 - INFO - Scraping page 4...
2025-05-25 06:39:51,279 - INFO - Found 60 links on page 3
2025-05-25 06:39:51,290 - INFO - Scraping page 5...
2025-05-25 06:39:51,435 - INFO - Found 60 links on page 1
2025-05-25 06:39:51,435 - INFO - Scraping page 6...
2025-05-25 06:39:54,781 - INFO - Found 60 links on page 6
2025-05-25 06:39:54,786 - INFO - Scraping page 7...
2025-05-25 06:39:54,918 - INFO - Found 60 links on page 4
2025-05-25 06:39:54,918 - INFO - Scraping page 8...
2025-05-25 06:39:55,201 - INFO - Found 60 links on page 5
2025-05-25 06:39:55,201 - INFO - Scraping page 9...
2025-05-25 06:39:58,605 - INFO - Found 60 links on page 8
2025-05-25 06:39:58,610 - INFO - Scraping page 10...
2025-05-25 06:39:58,697 - INFO - Found 60 links on page 7
2025-05-25 06:39:58,697 - INFO - Scraping page 11...
2025-05-25 06:39:59,087 - INFO - Found 60 links on page 9
2025-05-25 06:39:59,088 - INFO - Scraping page 12...
2025-05-25 06:40:02,330 - INFO - Found 60 links on page 11
2025-05-25 06:40:02,336 - INFO - Scraping page 13...
2025-05-25 06:40:02,489 - INFO - Found 60 links on page 10
2025-05-25 06:40:02,489 - INFO - Scraping page 14...
2025-05-25 06:40:03,327 - INFO - Found 60 links on page 12
2025-05-25 06:40:03,328 - INFO - Scraping page 15...
2025-05-25 06:40:05,979 - INFO - Found 60 links on page 14
2025-05-25 06:40:05,979 - INFO - Scraping page 16...
2025-05-25 06:40:06,539 - INFO - Found 60 links on page 13
2025-05-25 06:40:06,539 - INFO - Scraping page 17...
2025-05-25 06:40:06,742 - INFO - Found 60 links on page 15
2025-05-25 06:40:06,742 - INFO - Scraping page 18...
2025-05-25 06:40:09,571 - INFO - Found 60 links on page 16
2025-05-25 06:40:09,571 - INFO - Scraping page 19...
2025-05-25 06:40:10,587 - INFO - Found 60 links on page 17
2025-05-25 06:40:10,587 - INFO - Scraping page 20...
2025-05-25 06:40:10,899 - INFO - Found 60 links on page 18
2025-05-25 06:40:10,899 - INFO - Scraping page 21...
2025-05-25 06:40:13,279 - INFO - Found 60 links on page 19
2025-05-25 06:40:13,279 - INFO - Scraping page 22...
2025-05-25 06:40:14,321 - INFO - Found 60 links on page 21
2025-05-25 06:40:14,321 - INFO - Scraping page 23...
2025-05-25 06:40:14,502 - INFO - Found 60 links on page 20
2025-05-25 06:40:14,502 - INFO - Scraping page 24...
2025-05-25 06:40:16,860 - INFO - Found 60 links on page 22
2025-05-25 06:40:16,860 - INFO - Scraping page 25...
2025-05-25 06:40:18,128 - INFO - Found 60 links on page 24
2025-05-25 06:40:18,128 - INFO - Scraping page 26...
2025-05-25 06:40:18,383 - INFO - Found 60 links on page 23
2025-05-25 06:40:18,383 - INFO - Scraping page 27...
2025-05-25 06:40:20,889 - INFO - Found 60 links on page 25
2025-05-25 06:40:20,889 - INFO - Scraping page 28...
2025-05-25 06:40:21,828 - INFO - Found 60 links on page 27
2025-05-25 06:40:21,828 - INFO - Scraping page 29...
2025-05-25 06:40:22,059 - INFO - Found 60 links on page 26
2025-05-25 06:40:22,060 - INFO - Scraping page 30...
2025-05-25 06:40:24,295 - INFO - Found 60 links on page 28
2025-05-25 06:40:24,296 - INFO - Scraping page 31...
2025-05-25 06:40:25,582 - INFO - Found 60 links on page 30
2025-05-25 06:40:25,593 - INFO - Scraping page 32...
2025-05-25 06:40:25,786 - INFO - Found 60 links on page 29
2025-05-25 06:40:25,786 - INFO - Scraping page 33...
2025-05-25 06:40:27,911 - INFO - Found 60 links on page 31
2025-05-25 06:40:27,911 - INFO - Scraping page 34...
2025-05-25 06:40:29,020 - INFO - Found 60 links on page 32
2025-05-25 06:40:29,020 - INFO - Scraping page 35...
2025-05-25 06:40:29,382 - INFO - Found 60 links on page 33
2025-05-25 06:40:29,382 - INFO - Scraping page 36...
2025-05-25 06:40:31,666 - INFO - Found 60 links on page 34
2025-05-25 06:40:31,666 - INFO - Scraping page 37...
2025-05-25 06:40:32,423 - INFO - Found 60 links on page 35
2025-05-25 06:40:32,423 - INFO - Scraping page 38...
2025-05-25 06:40:32,628 - INFO - Found 60 links on page 36
2025-05-25 06:40:32,628 - INFO - Scraping page 39...
2025-05-25 06:40:35,148 - INFO - Found 60 links on page 37
2025-05-25 06:40:35,148 - INFO - Scraping page 40...
2025-05-25 06:40:36,295 - INFO - Found 60 links on page 38
2025-05-25 06:40:36,295 - INFO - Scraping page 41...
2025-05-25 06:40:36,751 - INFO - Found 60 links on page 39
2025-05-25 06:40:36,751 - INFO - Scraping page 42...
2025-05-25 06:40:38,783 - INFO - Found 60 links on page 40
2025-05-25 06:40:38,783 - INFO - Scraping page 43...
2025-05-25 06:40:40,342 - INFO - Found 60 links on page 42
2025-05-25 06:40:40,342 - INFO - Scraping page 44...
2025-05-25 06:40:40,722 - INFO - Found 60 links on page 41
2025-05-25 06:40:40,723 - INFO - Scraping page 45...
2025-05-25 06:40:42,142 - INFO - Found 60 links on page 43
2025-05-25 06:40:42,142 - INFO - Scraping page 46...
2025-05-25 06:40:43,653 - INFO - Found 60 links on page 44
2025-05-25 06:40:43,653 - INFO - Scraping page 47...
2025-05-25 06:40:44,403 - INFO - Found 60 links on page 45
2025-05-25 06:40:44,404 - INFO - Scraping page 48...
2025-05-25 06:40:45,478 - INFO - Found 60 links on page 46
2025-05-25 06:40:45,478 - INFO - Scraping page 49...
2025-05-25 06:40:47,063 - INFO - Found 60 links on page 47
2025-05-25 06:40:47,063 - INFO - Scraping page 50...
2025-05-25 06:40:48,030 - INFO - Found 60 links on page 48
2025-05-25 06:40:48,030 - INFO - Scraping page 51...
2025-05-25 06:40:49,642 - INFO - Found 60 links on page 49
2025-05-25 06:40:49,642 - INFO - Scraping page 52...
2025-05-25 06:40:50,648 - INFO - Found 60 links on page 50
2025-05-25 06:40:50,649 - INFO - Scraping page 53...
2025-05-25 06:40:51,479 - INFO - Found 60 links on page 51
2025-05-25 06:40:51,479 - INFO - Scraping page 54...
2025-05-25 06:40:53,049 - INFO - Found 60 links on page 52
2025-05-25 06:40:53,049 - INFO - Scraping page 55...
2025-05-25 06:40:54,065 - INFO - Found 60 links on page 53
2025-05-25 06:40:54,065 - INFO - Scraping page 56...
2025-05-25 06:40:55,686 - INFO - Found 60 links on page 54
2025-05-25 06:40:55,686 - INFO - Scraping page 57...
2025-05-25 06:40:57,271 - INFO - Found 60 links on page 55
2025-05-25 06:40:57,271 - INFO - Scraping page 58...
2025-05-25 06:40:58,388 - INFO - Found 60 links on page 56
2025-05-25 06:40:58,388 - INFO - Scraping page 59...
2025-05-25 06:40:59,268 - INFO - Found 60 links on page 57
2025-05-25 06:40:59,268 - INFO - Scraping page 60...
2025-05-25 06:41:00,881 - INFO - Found 60 links on page 58
2025-05-25 06:41:00,881 - INFO - Scraping page 61...
2025-05-25 06:41:02,137 - INFO - Found 60 links on page 59
2025-05-25 06:41:02,137 - INFO - Scraping page 62...
2025-05-25 06:41:03,124 - INFO - Found 60 links on page 60
2025-05-25 06:41:03,124 - INFO - Scraping page 63...
2025-05-25 06:41:04,221 - INFO - Found 60 links on page 61
2025-05-25 06:41:04,222 - INFO - Scraping page 64...
2025-05-25 06:41:06,122 - INFO - Found 60 links on page 62
2025-05-25 06:41:06,123 - INFO - Scraping page 65...
2025-05-25 06:41:06,510 - INFO - Found 60 links on page 63
2025-05-25 06:41:06,511 - INFO - Scraping page 66...
2025-05-25 06:41:07,956 - INFO - Found 60 links on page 64
2025-05-25 06:41:07,957 - INFO - Scraping page 67...
2025-05-25 06:41:09,899 - INFO - Found 60 links on page 65
2025-05-25 06:41:09,904 - INFO - Scraping page 68...
2025-05-25 06:41:10,083 - INFO - Found 60 links on page 66
2025-05-25 06:41:10,083 - INFO - Scraping page 69...
2025-05-25 06:41:11,284 - INFO - Found 60 links on page 67
2025-05-25 06:41:11,284 - INFO - Scraping page 70...
2025-05-25 06:41:13,499 - INFO - Found 60 links on page 68
2025-05-25 06:41:13,499 - INFO - Scraping page 71...
2025-05-25 06:41:13,883 - INFO - Found 60 links on page 69
2025-05-25 06:41:13,884 - INFO - Scraping page 72...
2025-05-25 06:41:14,972 - INFO - Found 60 links on page 70
2025-05-25 06:41:14,973 - INFO - Scraping page 73...
2025-05-25 06:41:17,316 - INFO - Found 60 links on page 71
2025-05-25 06:41:17,316 - INFO - Scraping page 74...
2025-05-25 06:41:17,612 - INFO - Found 60 links on page 72
2025-05-25 06:41:17,612 - INFO - Scraping page 75...
2025-05-25 06:41:18,707 - INFO - Found 60 links on page 73
2025-05-25 06:41:18,707 - INFO - Scraping page 76...
2025-05-25 06:41:20,949 - INFO - Found 60 links on page 74
2025-05-25 06:41:20,949 - INFO - Scraping page 77...
2025-05-25 06:41:21,151 - INFO - Found 60 links on page 75
2025-05-25 06:41:21,151 - INFO - Scraping page 78...
2025-05-25 06:41:22,126 - INFO - Found 60 links on page 76
2025-05-25 06:41:22,126 - INFO - Scraping page 79...
2025-05-25 06:41:25,135 - INFO - Found 60 links on page 78
2025-05-25 06:41:25,140 - INFO - Scraping page 80...
2025-05-25 06:41:25,173 - INFO - Found 60 links on page 77
2025-05-25 06:41:25,173 - INFO - Scraping page 81...
2025-05-25 06:41:25,625 - INFO - Found 60 links on page 79
2025-05-25 06:41:25,625 - INFO - Scraping page 82...
2025-05-25 06:41:28,521 - INFO - Found 60 links on page 80
2025-05-25 06:41:28,521 - INFO - Scraping page 83...
2025-05-25 06:41:29,128 - INFO - Found 60 links on page 81
2025-05-25 06:41:29,128 - INFO - Scraping page 84...
2025-05-25 06:41:29,422 - INFO - Found 60 links on page 82
2025-05-25 06:41:29,422 - INFO - Scraping page 85...
2025-05-25 06:41:31,953 - INFO - Found 60 links on page 83
2025-05-25 06:41:31,953 - INFO - Scraping page 86...
2025-05-25 06:41:32,652 - INFO - Found 60 links on page 84
2025-05-25 06:41:32,653 - INFO - Scraping page 87...
2025-05-25 06:41:32,959 - INFO - Found 60 links on page 85
2025-05-25 06:41:32,959 - INFO - Scraping page 88...
2025-05-25 06:41:35,185 - INFO - Found 40 links on page 86
2025-05-25 06:41:35,185 - INFO - Scraping page 89...
2025-05-25 06:41:36,178 - INFO - Found 40 links on page 87
2025-05-25 06:41:36,179 - INFO - Scraping page 90...
2025-05-25 06:41:36,783 - INFO - Found 40 links on page 88
2025-05-25 06:41:38,570 - INFO - Found 40 links on page 89
2025-05-25 06:41:39,887 - INFO - Found 40 links on page 90
2025-05-25 06:41:39,890 - INFO - Found 127 new links to scrape out of 5300 total links
2025-05-25 06:41:39,890 - INFO - Processing batch 1/3 (50 links)
2025-05-25 06:41:45,555 - INFO - Progress: 10/50 ads processed
2025-05-25 06:41:51,088 - INFO - Progress: 20/50 ads processed
2025-05-25 06:41:56,459 - INFO - Progress: 30/50 ads processed
2025-05-25 06:42:01,399 - INFO - Progress: 40/50 ads processed
2025-05-25 06:42:06,423 - INFO - Progress: 50/50 ads processed
2025-05-25 06:42:06,448 - INFO - Created backup of existing data file at unegui_data/unegui_rental_data.csv.bak
2025-05-25 06:42:06,544 - INFO - Data saved to unegui_data/unegui_rental_data.csv: 8224 records
2025-05-25 06:42:06,811 - INFO - Cache saved with 8420 URLs
2025-05-25 06:42:06,811 - INFO - Saved batch data. Total records: 8224
2025-05-25 06:42:06,811 - INFO - Processing batch 2/3 (50 links)
2025-05-25 06:42:12,415 - INFO - Progress: 10/50 ads processed
2025-05-25 06:42:17,171 - INFO - Progress: 20/50 ads processed
2025-05-25 06:42:22,104 - INFO - Progress: 30/50 ads processed
2025-05-25 06:42:27,293 - INFO - Progress: 40/50 ads processed
2025-05-25 06:42:32,502 - INFO - Progress: 50/50 ads processed
2025-05-25 06:42:32,528 - INFO - Created backup of existing data file at unegui_data/unegui_rental_data.csv.bak
2025-05-25 06:42:32,624 - INFO - Data saved to unegui_data/unegui_rental_data.csv: 8273 records
2025-05-25 06:42:32,892 - INFO - Cache saved with 8470 URLs
2025-05-25 06:42:32,892 - INFO - Saved batch data. Total records: 8273
2025-05-25 06:42:32,892 - INFO - Processing batch 3/3 (27 links)
2025-05-25 06:42:38,314 - INFO - Progress: 10/27 ads processed
2025-05-25 06:42:43,362 - INFO - Progress: 20/27 ads processed
2025-05-25 06:42:48,021 - INFO - Progress: 27/27 ads processed
2025-05-25 06:42:48,048 - INFO - Created backup of existing data file at unegui_data/unegui_rental_data.csv.bak
2025-05-25 06:42:48,146 - INFO - Data saved to unegui_data/unegui_rental_data.csv: 8300 records
2025-05-25 06:42:48,416 - INFO - Cache saved with 8497 URLs
2025-05-25 06:42:48,416 - INFO - Saved batch data. Total records: 8300
2025-05-25 06:42:48,416 - INFO - Scraping completed in 0:03:01.608004. Total ads collected: 8300
