2025-05-30 06:43:20,429 - INFO - Starting rental apartment scraper at 2025-05-30 06:43:20.429203
2025-05-30 06:43:20,513 - INFO - Loaded existing data from unegui_data/unegui_rental_data.csv: 9296 records
2025-05-30 06:43:20,616 - INFO - Loaded 9296 existing records
2025-05-30 06:43:20,618 - INFO - Scraping page 1...
2025-05-30 06:43:20,618 - INFO - Scraping page 2...
2025-05-30 06:43:20,618 - INFO - Scraping page 3...
2025-05-30 06:43:24,727 - INFO - Found 60 links on page 3
2025-05-30 06:43:24,728 - INFO - Scraping page 4...
2025-05-30 06:43:24,938 - INFO - Found 60 links on page 1
2025-05-30 06:43:24,949 - INFO - Scraping page 5...
2025-05-30 06:43:25,164 - INFO - Found 60 links on page 2
2025-05-30 06:43:25,164 - INFO - Scraping page 6...
2025-05-30 06:43:28,266 - INFO - Found 60 links on page 5
2025-05-30 06:43:28,266 - INFO - Scraping page 7...
2025-05-30 06:43:28,664 - INFO - Found 60 links on page 6
2025-05-30 06:43:28,664 - INFO - Scraping page 8...
2025-05-30 06:43:28,923 - INFO - Found 60 links on page 4
2025-05-30 06:43:28,923 - INFO - Scraping page 9...
2025-05-30 06:43:32,582 - INFO - Found 60 links on page 7
2025-05-30 06:43:32,582 - INFO - Scraping page 10...
2025-05-30 06:43:32,858 - INFO - Found 60 links on page 8
2025-05-30 06:43:32,859 - INFO - Scraping page 11...
2025-05-30 06:43:33,104 - INFO - Found 60 links on page 9
2025-05-30 06:43:33,105 - INFO - Scraping page 12...
2025-05-30 06:43:36,602 - INFO - Found 60 links on page 10
2025-05-30 06:43:36,607 - INFO - Scraping page 13...
2025-05-30 06:43:36,905 - INFO - Found 60 links on page 11
2025-05-30 06:43:36,910 - INFO - Scraping page 14...
2025-05-30 06:43:36,971 - INFO - Found 60 links on page 12
2025-05-30 06:43:36,971 - INFO - Scraping page 15...
2025-05-30 06:43:40,459 - INFO - Found 60 links on page 13
2025-05-30 06:43:40,464 - INFO - Scraping page 16...
2025-05-30 06:43:40,477 - INFO - Found 60 links on page 14
2025-05-30 06:43:40,478 - INFO - Scraping page 17...
2025-05-30 06:43:40,668 - INFO - Found 60 links on page 15
2025-05-30 06:43:40,668 - INFO - Scraping page 18...
2025-05-30 06:43:43,951 - INFO - Found 60 links on page 16
2025-05-30 06:43:43,952 - INFO - Scraping page 19...
2025-05-30 06:43:44,273 - INFO - Found 60 links on page 18
2025-05-30 06:43:44,283 - INFO - Scraping page 20...
2025-05-30 06:43:44,356 - INFO - Found 60 links on page 17
2025-05-30 06:43:44,356 - INFO - Scraping page 21...
2025-05-30 06:43:47,637 - INFO - Found 60 links on page 19
2025-05-30 06:43:47,637 - INFO - Scraping page 22...
2025-05-30 06:43:48,027 - INFO - Found 60 links on page 20
2025-05-30 06:43:48,037 - INFO - Scraping page 23...
2025-05-30 06:43:48,096 - INFO - Found 60 links on page 21
2025-05-30 06:43:48,097 - INFO - Scraping page 24...
2025-05-30 06:43:51,221 - INFO - Found 60 links on page 22
2025-05-30 06:43:51,221 - INFO - Scraping page 25...
2025-05-30 06:43:51,843 - INFO - Found 60 links on page 23
2025-05-30 06:43:51,920 - INFO - Scraping page 26...
2025-05-30 06:43:51,985 - INFO - Found 60 links on page 24
2025-05-30 06:43:51,985 - INFO - Scraping page 27...
2025-05-30 06:43:54,751 - INFO - Found 60 links on page 25
2025-05-30 06:43:54,752 - INFO - Scraping page 28...
2025-05-30 06:43:55,473 - INFO - Found 60 links on page 27
2025-05-30 06:43:55,473 - INFO - Scraping page 29...
2025-05-30 06:43:55,780 - INFO - Found 60 links on page 26
2025-05-30 06:43:55,780 - INFO - Scraping page 30...
2025-05-30 06:43:58,193 - INFO - Found 60 links on page 28
2025-05-30 06:43:58,193 - INFO - Scraping page 31...
2025-05-30 06:43:59,395 - INFO - Found 60 links on page 30
2025-05-30 06:43:59,406 - INFO - Scraping page 32...
2025-05-30 06:43:59,483 - INFO - Found 60 links on page 29
2025-05-30 06:43:59,483 - INFO - Scraping page 33...
2025-05-30 06:44:02,280 - INFO - Found 60 links on page 31
2025-05-30 06:44:02,280 - INFO - Scraping page 34...
2025-05-30 06:44:02,827 - INFO - Found 60 links on page 32
2025-05-30 06:44:02,827 - INFO - Scraping page 35...
2025-05-30 06:44:03,692 - INFO - Found 60 links on page 33
2025-05-30 06:44:03,693 - INFO - Scraping page 36...
2025-05-30 06:44:05,940 - INFO - Found 60 links on page 34
2025-05-30 06:44:05,940 - INFO - Scraping page 37...
2025-05-30 06:44:06,260 - INFO - Found 60 links on page 35
2025-05-30 06:44:06,260 - INFO - Scraping page 38...
2025-05-30 06:44:07,835 - INFO - Found 60 links on page 36
2025-05-30 06:44:07,835 - INFO - Scraping page 39...
2025-05-30 06:44:09,573 - INFO - Found 60 links on page 37
2025-05-30 06:44:09,573 - INFO - Scraping page 40...
2025-05-30 06:44:09,949 - INFO - Found 60 links on page 38
2025-05-30 06:44:09,950 - INFO - Scraping page 41...
2025-05-30 06:44:12,011 - INFO - Found 60 links on page 39
2025-05-30 06:44:12,012 - INFO - Scraping page 42...
2025-05-30 06:44:13,550 - INFO - Found 60 links on page 40
2025-05-30 06:44:13,560 - INFO - Scraping page 43...
2025-05-30 06:44:13,600 - INFO - Found 60 links on page 41
2025-05-30 06:44:13,601 - INFO - Scraping page 44...
2025-05-30 06:44:15,336 - INFO - Found 60 links on page 42
2025-05-30 06:44:15,336 - INFO - Scraping page 45...
2025-05-30 06:44:16,943 - INFO - Found 60 links on page 44
2025-05-30 06:44:16,944 - INFO - Scraping page 46...
2025-05-30 06:44:17,258 - INFO - Found 60 links on page 43
2025-05-30 06:44:17,258 - INFO - Scraping page 47...
2025-05-30 06:44:19,126 - INFO - Found 60 links on page 45
2025-05-30 06:44:19,127 - INFO - Scraping page 48...
2025-05-30 06:44:20,331 - INFO - Found 60 links on page 46
2025-05-30 06:44:20,331 - INFO - Scraping page 49...
2025-05-30 06:44:21,147 - INFO - Found 60 links on page 47
2025-05-30 06:44:21,147 - INFO - Scraping page 50...
2025-05-30 06:44:22,472 - INFO - Found 60 links on page 48
2025-05-30 06:44:22,472 - INFO - Scraping page 51...
2025-05-30 06:44:24,421 - INFO - Found 60 links on page 49
2025-05-30 06:44:24,421 - INFO - Scraping page 52...
2025-05-30 06:44:24,606 - INFO - Found 60 links on page 50
2025-05-30 06:44:24,606 - INFO - Scraping page 53...
2025-05-30 06:44:25,941 - INFO - Found 60 links on page 51
2025-05-30 06:44:25,941 - INFO - Scraping page 54...
2025-05-30 06:44:27,945 - INFO - Found 60 links on page 52
2025-05-30 06:44:27,945 - INFO - Scraping page 55...
2025-05-30 06:44:28,158 - INFO - Found 60 links on page 53
2025-05-30 06:44:28,158 - INFO - Scraping page 56...
2025-05-30 06:44:29,659 - INFO - Found 60 links on page 54
2025-05-30 06:44:29,659 - INFO - Scraping page 57...
2025-05-30 06:44:31,677 - INFO - Found 60 links on page 55
2025-05-30 06:44:31,677 - INFO - Scraping page 58...
2025-05-30 06:44:31,889 - INFO - Found 60 links on page 56
2025-05-30 06:44:31,890 - INFO - Scraping page 59...
2025-05-30 06:44:33,271 - INFO - Found 60 links on page 57
2025-05-30 06:44:33,271 - INFO - Scraping page 60...
2025-05-30 06:44:35,016 - INFO - Found 60 links on page 58
2025-05-30 06:44:35,016 - INFO - Scraping page 61...
2025-05-30 06:44:35,992 - INFO - Found 60 links on page 59
2025-05-30 06:44:35,992 - INFO - Scraping page 62...
2025-05-30 06:44:37,134 - INFO - Found 60 links on page 60
2025-05-30 06:44:37,134 - INFO - Scraping page 63...
2025-05-30 06:44:38,470 - INFO - Found 60 links on page 61
2025-05-30 06:44:38,470 - INFO - Scraping page 64...
2025-05-30 06:44:39,495 - INFO - Found 60 links on page 62
2025-05-30 06:44:39,495 - INFO - Scraping page 65...
2025-05-30 06:44:41,395 - INFO - Found 60 links on page 63
2025-05-30 06:44:41,396 - INFO - Scraping page 66...
2025-05-30 06:44:42,022 - INFO - Found 60 links on page 64
2025-05-30 06:44:42,022 - INFO - Scraping page 67...
2025-05-30 06:44:43,466 - INFO - Found 60 links on page 65
2025-05-30 06:44:43,467 - INFO - Scraping page 68...
2025-05-30 06:44:44,849 - INFO - Found 60 links on page 66
2025-05-30 06:44:44,850 - INFO - Scraping page 69...
2025-05-30 06:44:45,347 - INFO - Found 60 links on page 67
2025-05-30 06:44:45,347 - INFO - Scraping page 70...
2025-05-30 06:44:46,884 - INFO - Found 60 links on page 68
2025-05-30 06:44:46,884 - INFO - Scraping page 71...
2025-05-30 06:44:48,424 - INFO - Found 60 links on page 69
2025-05-30 06:44:48,424 - INFO - Scraping page 72...
2025-05-30 06:44:49,470 - INFO - Found 60 links on page 70
2025-05-30 06:44:49,470 - INFO - Scraping page 73...
2025-05-30 06:44:51,037 - INFO - Found 60 links on page 71
2025-05-30 06:44:51,037 - INFO - Scraping page 74...
2025-05-30 06:44:51,753 - INFO - Found 60 links on page 72
2025-05-30 06:44:51,754 - INFO - Scraping page 75...
2025-05-30 06:44:52,805 - INFO - Found 60 links on page 73
2025-05-30 06:44:52,805 - INFO - Scraping page 76...
2025-05-30 06:44:54,647 - INFO - Found 60 links on page 74
2025-05-30 06:44:54,647 - INFO - Scraping page 77...
2025-05-30 06:44:55,357 - INFO - Found 60 links on page 75
2025-05-30 06:44:55,357 - INFO - Scraping page 78...
2025-05-30 06:44:56,544 - INFO - Found 60 links on page 76
2025-05-30 06:44:56,545 - INFO - Scraping page 79...
2025-05-30 06:44:58,131 - INFO - Found 60 links on page 77
2025-05-30 06:44:58,131 - INFO - Scraping page 80...
2025-05-30 06:44:59,003 - INFO - Found 60 links on page 78
2025-05-30 06:44:59,004 - INFO - Scraping page 81...
2025-05-30 06:45:00,246 - INFO - Found 60 links on page 79
2025-05-30 06:45:00,246 - INFO - Scraping page 82...
2025-05-30 06:45:01,649 - INFO - Found 60 links on page 80
2025-05-30 06:45:01,649 - INFO - Scraping page 83...
2025-05-30 06:45:02,446 - INFO - Found 60 links on page 81
2025-05-30 06:45:02,446 - INFO - Scraping page 84...
2025-05-30 06:45:03,725 - INFO - Found 60 links on page 82
2025-05-30 06:45:03,725 - INFO - Scraping page 85...
2025-05-30 06:45:04,917 - INFO - Found 60 links on page 83
2025-05-30 06:45:04,917 - INFO - Scraping page 86...
2025-05-30 06:45:05,762 - INFO - Found 60 links on page 84
2025-05-30 06:45:05,762 - INFO - Scraping page 87...
2025-05-30 06:45:07,107 - INFO - Found 60 links on page 85
2025-05-30 06:45:07,108 - INFO - Scraping page 88...
2025-05-30 06:45:08,264 - INFO - Found 60 links on page 86
2025-05-30 06:45:08,264 - INFO - Scraping page 89...
2025-05-30 06:45:09,399 - INFO - Found 60 links on page 87
2025-05-30 06:45:09,399 - INFO - Scraping page 90...
2025-05-30 06:45:10,628 - INFO - Found 60 links on page 88
2025-05-30 06:45:11,673 - INFO - Found 35 links on page 89
2025-05-30 06:45:12,951 - INFO - Found 36 links on page 90
2025-05-30 06:45:12,955 - INFO - Found 197 new links to scrape out of 5351 total links
2025-05-30 06:45:12,955 - INFO - Processing batch 1/4 (50 links)
2025-05-30 06:45:18,904 - INFO - Progress: 10/50 ads processed
2025-05-30 06:45:23,458 - INFO - Progress: 20/50 ads processed
2025-05-30 06:45:28,468 - INFO - Progress: 30/50 ads processed
2025-05-30 06:45:33,750 - INFO - Progress: 40/50 ads processed
2025-05-30 06:45:38,759 - INFO - Progress: 50/50 ads processed
2025-05-30 06:45:38,791 - INFO - Created backup of existing data file at unegui_data/unegui_rental_data.csv.bak
2025-05-30 06:45:38,905 - INFO - Data saved to unegui_data/unegui_rental_data.csv: 9343 records
2025-05-30 06:45:39,208 - INFO - Cache saved with 9573 URLs
2025-05-30 06:45:39,208 - INFO - Saved batch data. Total records: 9343
2025-05-30 06:45:39,209 - INFO - Processing batch 2/4 (50 links)
2025-05-30 06:45:44,314 - INFO - Progress: 10/50 ads processed
2025-05-30 06:45:49,754 - INFO - Progress: 20/50 ads processed
2025-05-30 06:45:54,690 - INFO - Progress: 30/50 ads processed
2025-05-30 06:45:59,414 - INFO - Progress: 40/50 ads processed
2025-05-30 06:46:04,473 - INFO - Progress: 50/50 ads processed
2025-05-30 06:46:04,503 - INFO - Created backup of existing data file at unegui_data/unegui_rental_data.csv.bak
2025-05-30 06:46:04,614 - INFO - Data saved to unegui_data/unegui_rental_data.csv: 9392 records
2025-05-30 06:46:04,919 - INFO - Cache saved with 9623 URLs
2025-05-30 06:46:04,919 - INFO - Saved batch data. Total records: 9392
2025-05-30 06:46:04,919 - INFO - Processing batch 3/4 (50 links)
2025-05-30 06:46:10,569 - INFO - Progress: 10/50 ads processed
2025-05-30 06:46:15,761 - INFO - Progress: 20/50 ads processed
2025-05-30 06:46:20,779 - INFO - Progress: 30/50 ads processed
2025-05-30 06:46:26,219 - INFO - Progress: 40/50 ads processed
2025-05-30 06:46:31,184 - INFO - Progress: 50/50 ads processed
2025-05-30 06:46:31,214 - INFO - Created backup of existing data file at unegui_data/unegui_rental_data.csv.bak
2025-05-30 06:46:31,326 - INFO - Data saved to unegui_data/unegui_rental_data.csv: 9442 records
2025-05-30 06:46:31,628 - INFO - Cache saved with 9673 URLs
2025-05-30 06:46:31,628 - INFO - Saved batch data. Total records: 9442
2025-05-30 06:46:31,628 - INFO - Processing batch 4/4 (47 links)
2025-05-30 06:46:36,771 - INFO - Progress: 10/47 ads processed
2025-05-30 06:46:42,115 - INFO - Progress: 20/47 ads processed
2025-05-30 06:46:47,113 - INFO - Progress: 30/47 ads processed
2025-05-30 06:46:52,100 - INFO - Progress: 40/47 ads processed
2025-05-30 06:46:57,282 - INFO - Progress: 47/47 ads processed
2025-05-30 06:46:57,313 - INFO - Created backup of existing data file at unegui_data/unegui_rental_data.csv.bak
2025-05-30 06:46:57,431 - INFO - Data saved to unegui_data/unegui_rental_data.csv: 9487 records
2025-05-30 06:46:57,740 - INFO - Cache saved with 9719 URLs
2025-05-30 06:46:57,741 - INFO - Saved batch data. Total records: 9488
2025-05-30 06:46:57,741 - INFO - Scraping completed in 0:03:37.312029. Total ads collected: 9488
