2025-05-11 07:29:53,351 - INFO - Starting rental apartment scraper at 2025-05-11 07:29:53.351072
2025-05-11 07:29:53,354 - INFO - Loaded existing data from unegui_data/unegui_rental_data.csv: 118 records
2025-05-11 07:29:53,357 - INFO - Loaded 118 existing records
2025-05-11 07:29:53,357 - INFO - Scraping page 1...
2025-05-11 07:29:53,357 - INFO - Scraping page 2...
2025-05-11 07:29:53,357 - INFO - Scraping page 3...
2025-05-11 07:29:56,899 - INFO - Found 60 links on page 1
2025-05-11 07:29:56,910 - INFO - Scraping page 4...
2025-05-11 07:29:57,042 - INFO - Found 60 links on page 2
2025-05-11 07:29:57,042 - INFO - Scraping page 5...
2025-05-11 07:29:57,740 - INFO - Found 60 links on page 3
2025-05-11 07:29:57,740 - INFO - Scraping page 6...
2025-05-11 07:30:00,621 - INFO - Found 60 links on page 4
2025-05-11 07:30:00,621 - INFO - Scraping page 7...
2025-05-11 07:30:01,164 - INFO - Found 60 links on page 6
2025-05-11 07:30:01,164 - INFO - Scraping page 8...
2025-05-11 07:30:01,439 - INFO - Found 60 links on page 5
2025-05-11 07:30:01,439 - INFO - Scraping page 9...
2025-05-11 07:30:04,787 - INFO - Found 60 links on page 8
2025-05-11 07:30:04,787 - INFO - Scraping page 10...
2025-05-11 07:30:04,983 - INFO - Found 60 links on page 7
2025-05-11 07:30:04,983 - INFO - Scraping page 11...
2025-05-11 07:30:05,319 - INFO - Found 60 links on page 9
2025-05-11 07:30:05,319 - INFO - Scraping page 12...
2025-05-11 07:30:08,794 - INFO - Found 60 links on page 10
2025-05-11 07:30:08,799 - INFO - Scraping page 13...
2025-05-11 07:30:08,923 - INFO - Found 60 links on page 11
2025-05-11 07:30:08,934 - INFO - Scraping page 14...
2025-05-11 07:30:09,115 - INFO - Found 60 links on page 12
2025-05-11 07:30:09,115 - INFO - Scraping page 15...
2025-05-11 07:30:12,293 - INFO - Found 60 links on page 14
2025-05-11 07:30:12,293 - INFO - Scraping page 16...
2025-05-11 07:30:12,856 - INFO - Found 60 links on page 15
2025-05-11 07:30:12,857 - INFO - Scraping page 17...
2025-05-11 07:30:13,222 - INFO - Found 60 links on page 13
2025-05-11 07:30:13,222 - INFO - Scraping page 18...
2025-05-11 07:30:15,721 - INFO - Found 60 links on page 16
2025-05-11 07:30:15,721 - INFO - Scraping page 19...
2025-05-11 07:30:16,346 - INFO - Found 60 links on page 17
2025-05-11 07:30:16,346 - INFO - Scraping page 20...
2025-05-11 07:30:16,977 - INFO - Found 60 links on page 18
2025-05-11 07:30:16,978 - INFO - Scraping page 21...
2025-05-11 07:30:19,781 - INFO - Found 60 links on page 19
2025-05-11 07:30:19,781 - INFO - Scraping page 22...
2025-05-11 07:30:20,099 - INFO - Found 60 links on page 20
2025-05-11 07:30:20,099 - INFO - Scraping page 23...
2025-05-11 07:30:21,112 - INFO - Found 60 links on page 21
2025-05-11 07:30:21,113 - INFO - Scraping page 24...
2025-05-11 07:30:23,204 - INFO - Found 60 links on page 22
2025-05-11 07:30:23,204 - INFO - Scraping page 25...
2025-05-11 07:30:24,034 - INFO - Found 60 links on page 23
2025-05-11 07:30:24,034 - INFO - Scraping page 26...
2025-05-11 07:30:24,739 - INFO - Found 60 links on page 24
2025-05-11 07:30:24,739 - INFO - Scraping page 27...
2025-05-11 07:30:27,009 - INFO - Found 60 links on page 25
2025-05-11 07:30:27,010 - INFO - Scraping page 28...
2025-05-11 07:30:27,874 - INFO - Found 60 links on page 26
2025-05-11 07:30:27,874 - INFO - Scraping page 29...
2025-05-11 07:30:28,202 - INFO - Found 60 links on page 27
2025-05-11 07:30:28,202 - INFO - Scraping page 30...
2025-05-11 07:30:30,642 - INFO - Found 60 links on page 28
2025-05-11 07:30:30,643 - INFO - Scraping page 31...
2025-05-11 07:30:31,352 - INFO - Found 60 links on page 29
2025-05-11 07:30:31,352 - INFO - Scraping page 32...
2025-05-11 07:30:31,735 - INFO - Found 60 links on page 30
2025-05-11 07:30:31,735 - INFO - Scraping page 33...
2025-05-11 07:30:34,333 - INFO - Found 60 links on page 31
2025-05-11 07:30:34,333 - INFO - Scraping page 34...
2025-05-11 07:30:35,509 - INFO - Found 60 links on page 32
2025-05-11 07:30:35,509 - INFO - Scraping page 35...
2025-05-11 07:30:36,143 - INFO - Found 60 links on page 33
2025-05-11 07:30:36,143 - INFO - Scraping page 36...
2025-05-11 07:30:38,599 - INFO - Found 60 links on page 34
2025-05-11 07:30:38,599 - INFO - Scraping page 37...
2025-05-11 07:30:39,697 - INFO - Found 60 links on page 36
2025-05-11 07:30:39,697 - INFO - Scraping page 38...
2025-05-11 07:30:39,941 - INFO - Found 60 links on page 35
2025-05-11 07:30:39,941 - INFO - Scraping page 39...
2025-05-11 07:30:42,138 - INFO - Found 60 links on page 37
2025-05-11 07:30:42,138 - INFO - Scraping page 40...
2025-05-11 07:30:43,483 - INFO - Found 60 links on page 38
2025-05-11 07:30:43,483 - INFO - Scraping page 41...
2025-05-11 07:30:44,101 - INFO - Found 60 links on page 39
2025-05-11 07:30:44,102 - INFO - Scraping page 42...
2025-05-11 07:30:45,975 - INFO - Found 60 links on page 40
2025-05-11 07:30:45,975 - INFO - Scraping page 43...
2025-05-11 07:30:47,261 - INFO - Found 60 links on page 41
2025-05-11 07:30:47,261 - INFO - Scraping page 44...
2025-05-11 07:30:48,043 - INFO - Found 60 links on page 42
2025-05-11 07:30:48,043 - INFO - Scraping page 45...
2025-05-11 07:30:49,880 - INFO - Found 60 links on page 43
2025-05-11 07:30:49,880 - INFO - Scraping page 46...
2025-05-11 07:30:50,914 - INFO - Found 60 links on page 44
2025-05-11 07:30:50,914 - INFO - Scraping page 47...
2025-05-11 07:30:52,049 - INFO - Found 60 links on page 45
2025-05-11 07:30:52,050 - INFO - Scraping page 48...
2025-05-11 07:30:53,833 - INFO - Found 60 links on page 46
2025-05-11 07:30:53,833 - INFO - Scraping page 49...
2025-05-11 07:30:54,503 - INFO - Found 60 links on page 47
2025-05-11 07:30:54,503 - INFO - Scraping page 50...
2025-05-11 07:30:55,598 - INFO - Found 60 links on page 48
2025-05-11 07:30:55,598 - INFO - Scraping page 51...
2025-05-11 07:30:57,276 - INFO - Found 60 links on page 49
2025-05-11 07:30:57,277 - INFO - Scraping page 52...
2025-05-11 07:30:58,412 - INFO - Found 60 links on page 50
2025-05-11 07:30:58,412 - INFO - Scraping page 53...
2025-05-11 07:30:59,978 - INFO - Found 60 links on page 51
2025-05-11 07:30:59,978 - INFO - Scraping page 54...
2025-05-11 07:31:00,787 - INFO - Found 60 links on page 52
2025-05-11 07:31:00,787 - INFO - Scraping page 55...
2025-05-11 07:31:01,843 - INFO - Found 60 links on page 53
2025-05-11 07:31:01,843 - INFO - Scraping page 56...
2025-05-11 07:31:03,720 - INFO - Found 60 links on page 54
2025-05-11 07:31:03,720 - INFO - Scraping page 57...
2025-05-11 07:31:04,135 - INFO - Found 60 links on page 55
2025-05-11 07:31:04,135 - INFO - Scraping page 58...
2025-05-11 07:31:05,924 - INFO - Found 60 links on page 56
2025-05-11 07:31:05,924 - INFO - Scraping page 59...
2025-05-11 07:31:07,752 - INFO - Found 60 links on page 58
2025-05-11 07:31:07,757 - INFO - Scraping page 60...
2025-05-11 07:31:07,985 - INFO - Found 60 links on page 57
2025-05-11 07:31:07,986 - INFO - Scraping page 61...
2025-05-11 07:31:09,690 - INFO - Found 60 links on page 59
2025-05-11 07:31:09,690 - INFO - Scraping page 62...
2025-05-11 07:31:11,304 - INFO - Found 60 links on page 60
2025-05-11 07:31:11,304 - INFO - Scraping page 63...
2025-05-11 07:31:12,015 - INFO - Found 60 links on page 61
2025-05-11 07:31:12,015 - INFO - Scraping page 64...
2025-05-11 07:31:13,114 - INFO - Found 60 links on page 62
2025-05-11 07:31:13,114 - INFO - Scraping page 65...
2025-05-11 07:31:14,739 - INFO - Found 60 links on page 63
2025-05-11 07:31:14,740 - INFO - Scraping page 66...
2025-05-11 07:31:15,455 - INFO - Found 60 links on page 64
2025-05-11 07:31:15,455 - INFO - Scraping page 67...
2025-05-11 07:31:17,161 - INFO - Found 60 links on page 65
2025-05-11 07:31:17,162 - INFO - Scraping page 68...
2025-05-11 07:31:18,168 - INFO - Found 60 links on page 66
2025-05-11 07:31:18,168 - INFO - Scraping page 69...
2025-05-11 07:31:19,596 - INFO - Found 60 links on page 67
2025-05-11 07:31:19,596 - INFO - Scraping page 70...
2025-05-11 07:31:20,711 - INFO - Found 60 links on page 68
2025-05-11 07:31:20,711 - INFO - Scraping page 71...
2025-05-11 07:31:21,999 - INFO - Found 60 links on page 69
2025-05-11 07:31:22,000 - INFO - Scraping page 72...
2025-05-11 07:31:22,944 - INFO - Found 60 links on page 70
2025-05-11 07:31:22,944 - INFO - Scraping page 73...
2025-05-11 07:31:24,215 - INFO - Found 60 links on page 71
2025-05-11 07:31:24,216 - INFO - Scraping page 74...
2025-05-11 07:31:25,769 - INFO - Found 60 links on page 72
2025-05-11 07:31:25,769 - INFO - Scraping page 75...
2025-05-11 07:31:26,180 - INFO - Found 60 links on page 73
2025-05-11 07:31:26,180 - INFO - Scraping page 76...
2025-05-11 07:31:27,957 - INFO - Found 60 links on page 74
2025-05-11 07:31:27,957 - INFO - Scraping page 77...
2025-05-11 07:31:29,666 - INFO - Found 60 links on page 75
2025-05-11 07:31:29,666 - INFO - Scraping page 78...
2025-05-11 07:31:29,982 - INFO - Found 60 links on page 76
2025-05-11 07:31:29,982 - INFO - Scraping page 79...
2025-05-11 07:31:31,383 - INFO - Found 60 links on page 77
2025-05-11 07:31:31,383 - INFO - Scraping page 80...
2025-05-11 07:31:33,064 - INFO - Found 60 links on page 78
2025-05-11 07:31:33,065 - INFO - Scraping page 81...
2025-05-11 07:31:33,454 - INFO - Found 60 links on page 79
2025-05-11 07:31:33,454 - INFO - Scraping page 82...
2025-05-11 07:31:34,570 - INFO - Found 60 links on page 80
2025-05-11 07:31:34,570 - INFO - Scraping page 83...
2025-05-11 07:31:36,869 - INFO - Found 60 links on page 81
2025-05-11 07:31:36,870 - INFO - Scraping page 84...
2025-05-11 07:31:37,385 - INFO - Found 60 links on page 82
2025-05-11 07:31:37,385 - INFO - Scraping page 85...
2025-05-11 07:31:38,337 - INFO - Found 60 links on page 83
2025-05-11 07:31:38,337 - INFO - Scraping page 86...
2025-05-11 07:31:40,781 - INFO - Found 60 links on page 84
2025-05-11 07:31:40,782 - INFO - Scraping page 87...
2025-05-11 07:31:41,403 - INFO - Found 60 links on page 85
2025-05-11 07:31:41,403 - INFO - Scraping page 88...
2025-05-11 07:31:41,619 - INFO - Found 32 links on page 86
2025-05-11 07:31:41,620 - INFO - Scraping page 89...
2025-05-11 07:31:44,209 - INFO - Found 32 links on page 87
2025-05-11 07:31:44,209 - INFO - Scraping page 90...
2025-05-11 07:31:44,898 - INFO - Found 32 links on page 88
2025-05-11 07:31:45,190 - INFO - Found 32 links on page 89
2025-05-11 07:31:47,834 - INFO - Found 32 links on page 90
2025-05-11 07:31:47,836 - INFO - Found 5146 new links to scrape out of 5260 total links
2025-05-11 07:31:47,836 - INFO - Processing batch 1/103 (50 links)
2025-05-11 07:31:53,332 - INFO - Progress: 10/50 ads processed
2025-05-11 07:31:58,389 - INFO - Progress: 20/50 ads processed
2025-05-11 07:32:03,758 - INFO - Progress: 30/50 ads processed
2025-05-11 07:32:09,215 - INFO - Progress: 40/50 ads processed
2025-05-11 07:32:14,757 - INFO - Progress: 50/50 ads processed
2025-05-11 07:32:14,760 - INFO - Created backup of existing data file at unegui_data/unegui_rental_data.csv.bak
2025-05-11 07:32:14,763 - INFO - Data saved to unegui_data/unegui_rental_data.csv: 166 records
2025-05-11 07:32:14,768 - INFO - Cache saved with 170 URLs
2025-05-11 07:32:14,769 - INFO - Saved batch data. Total records: 166
2025-05-11 07:32:14,769 - INFO - Processing batch 2/103 (50 links)
2025-05-11 07:32:20,044 - INFO - Progress: 10/50 ads processed
2025-05-11 07:32:25,785 - INFO - Progress: 20/50 ads processed
2025-05-11 07:32:31,454 - INFO - Progress: 30/50 ads processed
2025-05-11 07:32:36,606 - INFO - Progress: 40/50 ads processed
2025-05-11 07:32:41,632 - INFO - Progress: 50/50 ads processed
2025-05-11 07:32:41,634 - INFO - Created backup of existing data file at unegui_data/unegui_rental_data.csv.bak
2025-05-11 07:32:41,638 - INFO - Data saved to unegui_data/unegui_rental_data.csv: 215 records
2025-05-11 07:32:41,645 - INFO - Cache saved with 220 URLs
2025-05-11 07:32:41,645 - INFO - Saved batch data. Total records: 215
2025-05-11 07:32:41,645 - INFO - Processing batch 3/103 (50 links)
2025-05-11 07:32:46,951 - INFO - Progress: 10/50 ads processed
2025-05-11 07:32:52,262 - INFO - Progress: 20/50 ads processed
2025-05-11 07:32:58,543 - INFO - Progress: 30/50 ads processed
2025-05-11 07:33:03,629 - INFO - Progress: 40/50 ads processed
2025-05-11 07:33:08,474 - INFO - Progress: 50/50 ads processed
2025-05-11 07:33:08,477 - INFO - Created backup of existing data file at unegui_data/unegui_rental_data.csv.bak
2025-05-11 07:33:08,481 - INFO - Data saved to unegui_data/unegui_rental_data.csv: 265 records
2025-05-11 07:33:08,490 - INFO - Cache saved with 270 URLs
2025-05-11 07:33:08,490 - INFO - Saved batch data. Total records: 265
2025-05-11 07:33:08,490 - INFO - Processing batch 4/103 (50 links)
2025-05-11 07:33:13,849 - INFO - Progress: 10/50 ads processed
2025-05-11 07:33:19,309 - INFO - Progress: 20/50 ads processed
2025-05-11 07:33:24,211 - INFO - Progress: 30/50 ads processed
2025-05-11 07:33:29,396 - INFO - Progress: 40/50 ads processed
2025-05-11 07:33:34,394 - INFO - Progress: 50/50 ads processed
2025-05-11 07:33:34,397 - INFO - Created backup of existing data file at unegui_data/unegui_rental_data.csv.bak
2025-05-11 07:33:34,404 - INFO - Data saved to unegui_data/unegui_rental_data.csv: 312 records
2025-05-11 07:33:34,415 - INFO - Cache saved with 320 URLs
2025-05-11 07:33:34,415 - INFO - Saved batch data. Total records: 312
2025-05-11 07:33:34,416 - INFO - Processing batch 5/103 (50 links)
2025-05-11 07:33:40,022 - INFO - Progress: 10/50 ads processed
2025-05-11 07:33:44,878 - INFO - Progress: 20/50 ads processed
2025-05-11 07:33:50,027 - INFO - Progress: 30/50 ads processed
2025-05-11 07:33:54,856 - INFO - Progress: 40/50 ads processed
2025-05-11 07:34:00,175 - INFO - Progress: 50/50 ads processed
2025-05-11 07:34:00,179 - INFO - Created backup of existing data file at unegui_data/unegui_rental_data.csv.bak
2025-05-11 07:34:00,184 - INFO - Data saved to unegui_data/unegui_rental_data.csv: 362 records
2025-05-11 07:34:00,196 - INFO - Cache saved with 370 URLs
2025-05-11 07:34:00,196 - INFO - Saved batch data. Total records: 362
2025-05-11 07:34:00,196 - INFO - Processing batch 6/103 (50 links)
2025-05-11 07:34:05,322 - INFO - Progress: 10/50 ads processed
2025-05-11 07:34:10,351 - INFO - Progress: 20/50 ads processed
2025-05-11 07:34:16,319 - INFO - Progress: 30/50 ads processed
2025-05-11 07:34:21,716 - INFO - Progress: 40/50 ads processed
2025-05-11 07:34:26,807 - INFO - Progress: 50/50 ads processed
2025-05-11 07:34:26,810 - INFO - Created backup of existing data file at unegui_data/unegui_rental_data.csv.bak
2025-05-11 07:34:26,816 - INFO - Data saved to unegui_data/unegui_rental_data.csv: 412 records
2025-05-11 07:34:26,830 - INFO - Cache saved with 420 URLs
2025-05-11 07:34:26,830 - INFO - Saved batch data. Total records: 412
2025-05-11 07:34:26,830 - INFO - Processing batch 7/103 (50 links)
2025-05-11 07:34:32,266 - INFO - Progress: 10/50 ads processed
2025-05-11 07:34:37,272 - INFO - Progress: 20/50 ads processed
2025-05-11 07:34:42,385 - INFO - Progress: 30/50 ads processed
2025-05-11 07:34:47,468 - INFO - Progress: 40/50 ads processed
2025-05-11 07:34:53,059 - INFO - Progress: 50/50 ads processed
2025-05-11 07:34:53,062 - INFO - Created backup of existing data file at unegui_data/unegui_rental_data.csv.bak
2025-05-11 07:34:53,069 - INFO - Data saved to unegui_data/unegui_rental_data.csv: 460 records
2025-05-11 07:34:53,084 - INFO - Cache saved with 470 URLs
2025-05-11 07:34:53,084 - INFO - Saved batch data. Total records: 460
2025-05-11 07:34:53,084 - INFO - Processing batch 8/103 (50 links)
2025-05-11 07:34:58,194 - INFO - Progress: 10/50 ads processed
2025-05-11 07:35:03,295 - INFO - Progress: 20/50 ads processed
2025-05-11 07:35:09,704 - INFO - Progress: 30/50 ads processed
2025-05-11 07:35:14,971 - INFO - Progress: 40/50 ads processed
2025-05-11 07:35:19,706 - INFO - Progress: 50/50 ads processed
2025-05-11 07:35:19,710 - INFO - Created backup of existing data file at unegui_data/unegui_rental_data.csv.bak
2025-05-11 07:35:19,717 - INFO - Data saved to unegui_data/unegui_rental_data.csv: 510 records
2025-05-11 07:35:19,734 - INFO - Cache saved with 520 URLs
2025-05-11 07:35:19,734 - INFO - Saved batch data. Total records: 510
2025-05-11 07:35:19,734 - INFO - Processing batch 9/103 (50 links)
2025-05-11 07:35:24,973 - INFO - Progress: 10/50 ads processed
2025-05-11 07:35:30,926 - INFO - Progress: 20/50 ads processed
2025-05-11 07:35:35,906 - INFO - Progress: 30/50 ads processed
2025-05-11 07:35:40,689 - INFO - Progress: 40/50 ads processed
2025-05-11 07:35:46,024 - INFO - Progress: 50/50 ads processed
2025-05-11 07:35:46,028 - INFO - Created backup of existing data file at unegui_data/unegui_rental_data.csv.bak
2025-05-11 07:35:46,036 - INFO - Data saved to unegui_data/unegui_rental_data.csv: 558 records
2025-05-11 07:35:46,054 - INFO - Cache saved with 570 URLs
2025-05-11 07:35:46,054 - INFO - Saved batch data. Total records: 558
2025-05-11 07:35:46,054 - INFO - Processing batch 10/103 (50 links)
2025-05-11 07:35:52,001 - INFO - Progress: 10/50 ads processed
2025-05-11 07:35:57,093 - INFO - Progress: 20/50 ads processed
2025-05-11 07:36:02,711 - INFO - Progress: 30/50 ads processed
2025-05-11 07:36:07,602 - INFO - Progress: 40/50 ads processed
2025-05-11 07:36:12,866 - INFO - Progress: 50/50 ads processed
2025-05-11 07:36:12,871 - INFO - Created backup of existing data file at unegui_data/unegui_rental_data.csv.bak
2025-05-11 07:36:12,879 - INFO - Data saved to unegui_data/unegui_rental_data.csv: 608 records
2025-05-11 07:36:12,900 - INFO - Cache saved with 620 URLs
2025-05-11 07:36:12,900 - INFO - Saved batch data. Total records: 608
2025-05-11 07:36:12,900 - INFO - Processing batch 11/103 (50 links)
2025-05-11 07:36:18,283 - INFO - Progress: 10/50 ads processed
2025-05-11 07:36:24,228 - INFO - Progress: 20/50 ads processed
2025-05-11 07:36:30,042 - INFO - Progress: 30/50 ads processed
2025-05-11 07:36:35,205 - INFO - Progress: 40/50 ads processed
2025-05-11 07:36:40,271 - INFO - Progress: 50/50 ads processed
2025-05-11 07:36:40,276 - INFO - Created backup of existing data file at unegui_data/unegui_rental_data.csv.bak
2025-05-11 07:36:40,284 - INFO - Data saved to unegui_data/unegui_rental_data.csv: 658 records
2025-05-11 07:36:40,306 - INFO - Cache saved with 670 URLs
2025-05-11 07:36:40,306 - INFO - Saved batch data. Total records: 658
2025-05-11 07:36:40,306 - INFO - Processing batch 12/103 (50 links)
2025-05-11 07:36:45,992 - INFO - Progress: 10/50 ads processed
2025-05-11 07:36:51,554 - INFO - Progress: 20/50 ads processed
2025-05-11 07:36:56,627 - INFO - Progress: 30/50 ads processed
2025-05-11 07:37:01,616 - INFO - Progress: 40/50 ads processed
2025-05-11 07:37:07,624 - INFO - Progress: 50/50 ads processed
2025-05-11 07:37:07,629 - INFO - Created backup of existing data file at unegui_data/unegui_rental_data.csv.bak
2025-05-11 07:37:07,638 - INFO - Data saved to unegui_data/unegui_rental_data.csv: 708 records
2025-05-11 07:37:07,661 - INFO - Cache saved with 720 URLs
2025-05-11 07:37:07,661 - INFO - Saved batch data. Total records: 708
2025-05-11 07:37:07,662 - INFO - Processing batch 13/103 (50 links)
2025-05-11 07:37:13,440 - INFO - Progress: 10/50 ads processed
2025-05-11 07:37:18,150 - INFO - Progress: 20/50 ads processed
2025-05-11 07:37:23,521 - INFO - Progress: 30/50 ads processed
2025-05-11 07:37:29,295 - INFO - Progress: 40/50 ads processed
2025-05-11 07:37:34,351 - INFO - Progress: 50/50 ads processed
2025-05-11 07:37:34,356 - INFO - Created backup of existing data file at unegui_data/unegui_rental_data.csv.bak
2025-05-11 07:37:34,366 - INFO - Data saved to unegui_data/unegui_rental_data.csv: 758 records
2025-05-11 07:37:34,390 - INFO - Cache saved with 770 URLs
2025-05-11 07:37:34,390 - INFO - Saved batch data. Total records: 758
2025-05-11 07:37:34,390 - INFO - Processing batch 14/103 (50 links)
2025-05-11 07:37:39,913 - INFO - Progress: 10/50 ads processed
2025-05-11 07:37:45,093 - INFO - Progress: 20/50 ads processed
2025-05-11 07:37:50,728 - INFO - Progress: 30/50 ads processed
2025-05-11 07:37:55,511 - INFO - Progress: 40/50 ads processed
2025-05-11 07:38:01,072 - INFO - Progress: 50/50 ads processed
2025-05-11 07:38:01,077 - INFO - Created backup of existing data file at unegui_data/unegui_rental_data.csv.bak
2025-05-11 07:38:01,088 - INFO - Data saved to unegui_data/unegui_rental_data.csv: 808 records
2025-05-11 07:38:01,114 - INFO - Cache saved with 820 URLs
2025-05-11 07:38:01,114 - INFO - Saved batch data. Total records: 808
2025-05-11 07:38:01,114 - INFO - Processing batch 15/103 (50 links)
2025-05-11 07:38:07,079 - INFO - Progress: 10/50 ads processed
2025-05-11 07:38:12,051 - INFO - Progress: 20/50 ads processed
2025-05-11 07:38:18,223 - INFO - Progress: 30/50 ads processed
2025-05-11 07:38:23,126 - INFO - Progress: 40/50 ads processed
2025-05-11 07:38:28,215 - INFO - Progress: 50/50 ads processed
2025-05-11 07:38:28,221 - INFO - Created backup of existing data file at unegui_data/unegui_rental_data.csv.bak
2025-05-11 07:38:28,232 - INFO - Data saved to unegui_data/unegui_rental_data.csv: 857 records
2025-05-11 07:38:28,260 - INFO - Cache saved with 870 URLs
2025-05-11 07:38:28,260 - INFO - Saved batch data. Total records: 857
2025-05-11 07:38:28,260 - INFO - Processing batch 16/103 (50 links)
2025-05-11 07:38:33,437 - INFO - Progress: 10/50 ads processed
2025-05-11 07:38:38,378 - INFO - Progress: 20/50 ads processed
2025-05-11 07:38:43,824 - INFO - Progress: 30/50 ads processed
2025-05-11 07:38:48,963 - INFO - Progress: 40/50 ads processed
2025-05-11 07:38:53,954 - INFO - Progress: 50/50 ads processed
2025-05-11 07:38:53,960 - INFO - Created backup of existing data file at unegui_data/unegui_rental_data.csv.bak
2025-05-11 07:38:53,971 - INFO - Data saved to unegui_data/unegui_rental_data.csv: 906 records
2025-05-11 07:38:54,001 - INFO - Cache saved with 920 URLs
2025-05-11 07:38:54,001 - INFO - Saved batch data. Total records: 906
2025-05-11 07:38:54,001 - INFO - Processing batch 17/103 (50 links)
2025-05-11 07:38:59,661 - INFO - Progress: 10/50 ads processed
2025-05-11 07:39:04,668 - INFO - Progress: 20/50 ads processed
2025-05-11 07:39:10,386 - INFO - Progress: 30/50 ads processed
2025-05-11 07:39:15,584 - INFO - Progress: 40/50 ads processed
2025-05-11 07:39:20,630 - INFO - Progress: 50/50 ads processed
2025-05-11 07:39:20,636 - INFO - Created backup of existing data file at unegui_data/unegui_rental_data.csv.bak
2025-05-11 07:39:20,649 - INFO - Data saved to unegui_data/unegui_rental_data.csv: 955 records
2025-05-11 07:39:20,680 - INFO - Cache saved with 970 URLs
2025-05-11 07:39:20,680 - INFO - Saved batch data. Total records: 955
2025-05-11 07:39:20,680 - INFO - Processing batch 18/103 (50 links)
2025-05-11 07:39:26,189 - INFO - Progress: 10/50 ads processed
2025-05-11 07:39:31,547 - INFO - Progress: 20/50 ads processed
2025-05-11 07:39:36,755 - INFO - Progress: 30/50 ads processed
2025-05-11 07:39:42,031 - INFO - Progress: 40/50 ads processed
2025-05-11 07:39:46,953 - INFO - Progress: 50/50 ads processed
2025-05-11 07:39:46,959 - INFO - Created backup of existing data file at unegui_data/unegui_rental_data.csv.bak
2025-05-11 07:39:46,972 - INFO - Data saved to unegui_data/unegui_rental_data.csv: 1005 records
2025-05-11 07:39:47,005 - INFO - Cache saved with 1020 URLs
2025-05-11 07:39:47,006 - INFO - Saved batch data. Total records: 1005
2025-05-11 07:39:47,006 - INFO - Processing batch 19/103 (50 links)
2025-05-11 07:39:53,026 - INFO - Progress: 10/50 ads processed
2025-05-11 07:39:58,229 - INFO - Progress: 20/50 ads processed
2025-05-11 07:40:03,409 - INFO - Progress: 30/50 ads processed
2025-05-11 07:40:08,346 - INFO - Progress: 40/50 ads processed
2025-05-11 07:40:13,504 - INFO - Progress: 50/50 ads processed
2025-05-11 07:40:13,511 - INFO - Created backup of existing data file at unegui_data/unegui_rental_data.csv.bak
2025-05-11 07:40:13,524 - INFO - Data saved to unegui_data/unegui_rental_data.csv: 1053 records
2025-05-11 07:40:13,559 - INFO - Cache saved with 1070 URLs
2025-05-11 07:40:13,559 - INFO - Saved batch data. Total records: 1053
2025-05-11 07:40:13,559 - INFO - Processing batch 20/103 (50 links)
2025-05-11 07:40:19,617 - INFO - Progress: 10/50 ads processed
2025-05-11 07:40:24,932 - INFO - Progress: 20/50 ads processed
2025-05-11 07:40:30,232 - INFO - Progress: 30/50 ads processed
2025-05-11 07:40:35,477 - INFO - Progress: 40/50 ads processed
2025-05-11 07:40:40,658 - INFO - Progress: 50/50 ads processed
2025-05-11 07:40:40,665 - INFO - Created backup of existing data file at unegui_data/unegui_rental_data.csv.bak
2025-05-11 07:40:40,680 - INFO - Data saved to unegui_data/unegui_rental_data.csv: 1103 records
2025-05-11 07:40:40,717 - INFO - Cache saved with 1120 URLs
2025-05-11 07:40:40,717 - INFO - Saved batch data. Total records: 1103
2025-05-11 07:40:40,718 - INFO - Processing batch 21/103 (50 links)
2025-05-11 07:40:46,352 - INFO - Progress: 10/50 ads processed
2025-05-11 07:40:52,169 - INFO - Progress: 20/50 ads processed
2025-05-11 07:40:57,142 - INFO - Progress: 30/50 ads processed
2025-05-11 07:41:02,559 - INFO - Progress: 40/50 ads processed
2025-05-11 07:41:08,160 - INFO - Progress: 50/50 ads processed
2025-05-11 07:41:08,167 - INFO - Created backup of existing data file at unegui_data/unegui_rental_data.csv.bak
2025-05-11 07:41:08,182 - INFO - Data saved to unegui_data/unegui_rental_data.csv: 1151 records
2025-05-11 07:41:08,219 - INFO - Cache saved with 1170 URLs
2025-05-11 07:41:08,219 - INFO - Saved batch data. Total records: 1151
2025-05-11 07:41:08,220 - INFO - Processing batch 22/103 (50 links)
2025-05-11 07:41:13,469 - INFO - Progress: 10/50 ads processed
2025-05-11 07:41:18,740 - INFO - Progress: 20/50 ads processed
2025-05-11 07:41:23,879 - INFO - Progress: 30/50 ads processed
2025-05-11 07:41:29,391 - INFO - Progress: 40/50 ads processed
2025-05-11 07:41:34,665 - INFO - Progress: 50/50 ads processed
2025-05-11 07:41:34,673 - INFO - Created backup of existing data file at unegui_data/unegui_rental_data.csv.bak
2025-05-11 07:41:34,689 - INFO - Data saved to unegui_data/unegui_rental_data.csv: 1201 records
2025-05-11 07:41:34,729 - INFO - Cache saved with 1220 URLs
2025-05-11 07:41:34,729 - INFO - Saved batch data. Total records: 1201
2025-05-11 07:41:34,729 - INFO - Processing batch 23/103 (50 links)
2025-05-11 07:41:40,612 - INFO - Progress: 10/50 ads processed
2025-05-11 07:41:45,648 - INFO - Progress: 20/50 ads processed
2025-05-11 07:41:51,069 - INFO - Progress: 30/50 ads processed
2025-05-11 07:41:56,213 - INFO - Progress: 40/50 ads processed
2025-05-11 07:42:01,304 - INFO - Progress: 50/50 ads processed
2025-05-11 07:42:01,312 - INFO - Created backup of existing data file at unegui_data/unegui_rental_data.csv.bak
2025-05-11 07:42:01,328 - INFO - Data saved to unegui_data/unegui_rental_data.csv: 1248 records
2025-05-11 07:42:01,369 - INFO - Cache saved with 1270 URLs
2025-05-11 07:42:01,369 - INFO - Saved batch data. Total records: 1248
2025-05-11 07:42:01,369 - INFO - Processing batch 24/103 (50 links)
2025-05-11 07:42:06,803 - INFO - Progress: 10/50 ads processed
2025-05-11 07:42:12,243 - INFO - Progress: 20/50 ads processed
2025-05-11 07:42:17,489 - INFO - Progress: 30/50 ads processed
2025-05-11 07:42:23,138 - INFO - Progress: 40/50 ads processed
2025-05-11 07:42:28,312 - INFO - Progress: 50/50 ads processed
2025-05-11 07:42:28,319 - INFO - Created backup of existing data file at unegui_data/unegui_rental_data.csv.bak
2025-05-11 07:42:28,336 - INFO - Data saved to unegui_data/unegui_rental_data.csv: 1298 records
2025-05-11 07:42:28,381 - INFO - Cache saved with 1320 URLs
2025-05-11 07:42:28,381 - INFO - Saved batch data. Total records: 1298
2025-05-11 07:42:28,381 - INFO - Processing batch 25/103 (50 links)
2025-05-11 07:42:33,806 - INFO - Progress: 10/50 ads processed
2025-05-11 07:42:39,199 - INFO - Progress: 20/50 ads processed
2025-05-11 07:42:44,377 - INFO - Progress: 30/50 ads processed
2025-05-11 07:42:49,835 - INFO - Progress: 40/50 ads processed
2025-05-11 07:42:54,587 - INFO - Progress: 50/50 ads processed
2025-05-11 07:42:54,595 - INFO - Created backup of existing data file at unegui_data/unegui_rental_data.csv.bak
2025-05-11 07:42:54,612 - INFO - Data saved to unegui_data/unegui_rental_data.csv: 1347 records
2025-05-11 07:42:54,655 - INFO - Cache saved with 1370 URLs
2025-05-11 07:42:54,656 - INFO - Saved batch data. Total records: 1347
2025-05-11 07:42:54,656 - INFO - Processing batch 26/103 (50 links)
2025-05-11 07:42:59,979 - INFO - Progress: 10/50 ads processed
2025-05-11 07:43:05,602 - INFO - Progress: 20/50 ads processed
2025-05-11 07:43:10,450 - INFO - Progress: 30/50 ads processed
2025-05-11 07:43:16,294 - INFO - Progress: 40/50 ads processed
2025-05-11 07:43:21,131 - INFO - Progress: 50/50 ads processed
2025-05-11 07:43:21,140 - INFO - Created backup of existing data file at unegui_data/unegui_rental_data.csv.bak
2025-05-11 07:43:21,157 - INFO - Data saved to unegui_data/unegui_rental_data.csv: 1395 records
2025-05-11 07:43:21,203 - INFO - Cache saved with 1420 URLs
2025-05-11 07:43:21,203 - INFO - Saved batch data. Total records: 1395
2025-05-11 07:43:21,203 - INFO - Processing batch 27/103 (50 links)
2025-05-11 07:43:26,477 - INFO - Progress: 10/50 ads processed
2025-05-11 07:43:31,859 - INFO - Progress: 20/50 ads processed
2025-05-11 07:43:36,825 - INFO - Progress: 30/50 ads processed
2025-05-11 07:43:41,841 - INFO - Progress: 40/50 ads processed
2025-05-11 07:43:47,462 - INFO - Progress: 50/50 ads processed
2025-05-11 07:43:47,470 - INFO - Created backup of existing data file at unegui_data/unegui_rental_data.csv.bak
2025-05-11 07:43:47,489 - INFO - Data saved to unegui_data/unegui_rental_data.csv: 1445 records
2025-05-11 07:43:47,536 - INFO - Cache saved with 1470 URLs
2025-05-11 07:43:47,536 - INFO - Saved batch data. Total records: 1445
2025-05-11 07:43:47,536 - INFO - Processing batch 28/103 (50 links)
2025-05-11 07:43:53,428 - INFO - Progress: 10/50 ads processed
2025-05-11 07:43:58,799 - INFO - Progress: 20/50 ads processed
2025-05-11 07:44:03,657 - INFO - Progress: 30/50 ads processed
2025-05-11 07:44:09,262 - INFO - Progress: 40/50 ads processed
2025-05-11 07:44:14,396 - INFO - Progress: 50/50 ads processed
2025-05-11 07:44:14,405 - INFO - Created backup of existing data file at unegui_data/unegui_rental_data.csv.bak
2025-05-11 07:44:14,423 - INFO - Data saved to unegui_data/unegui_rental_data.csv: 1494 records
2025-05-11 07:44:14,472 - INFO - Cache saved with 1520 URLs
2025-05-11 07:44:14,472 - INFO - Saved batch data. Total records: 1494
2025-05-11 07:44:14,472 - INFO - Processing batch 29/103 (50 links)
2025-05-11 07:44:20,045 - INFO - Progress: 10/50 ads processed
2025-05-11 07:44:25,236 - INFO - Progress: 20/50 ads processed
2025-05-11 07:44:31,150 - INFO - Progress: 30/50 ads processed
2025-05-11 07:44:36,471 - INFO - Progress: 40/50 ads processed
2025-05-11 07:44:41,600 - INFO - Progress: 50/50 ads processed
2025-05-11 07:44:41,609 - INFO - Created backup of existing data file at unegui_data/unegui_rental_data.csv.bak
2025-05-11 07:44:41,628 - INFO - Data saved to unegui_data/unegui_rental_data.csv: 1543 records
2025-05-11 07:44:41,679 - INFO - Cache saved with 1570 URLs
2025-05-11 07:44:41,679 - INFO - Saved batch data. Total records: 1543
2025-05-11 07:44:41,679 - INFO - Processing batch 30/103 (50 links)
2025-05-11 07:44:46,807 - INFO - Progress: 10/50 ads processed
2025-05-11 07:44:51,834 - INFO - Progress: 20/50 ads processed
2025-05-11 07:44:56,895 - INFO - Progress: 30/50 ads processed
2025-05-11 07:45:02,031 - INFO - Progress: 40/50 ads processed
2025-05-11 07:45:07,652 - INFO - Progress: 50/50 ads processed
2025-05-11 07:45:07,661 - INFO - Created backup of existing data file at unegui_data/unegui_rental_data.csv.bak
2025-05-11 07:45:07,681 - INFO - Data saved to unegui_data/unegui_rental_data.csv: 1590 records
2025-05-11 07:45:07,733 - INFO - Cache saved with 1620 URLs
2025-05-11 07:45:07,733 - INFO - Saved batch data. Total records: 1590
2025-05-11 07:45:07,733 - INFO - Processing batch 31/103 (50 links)
2025-05-11 07:45:13,134 - INFO - Progress: 10/50 ads processed
2025-05-11 07:45:18,693 - INFO - Progress: 20/50 ads processed
2025-05-11 07:45:24,166 - INFO - Progress: 30/50 ads processed
2025-05-11 07:45:29,244 - INFO - Progress: 40/50 ads processed
2025-05-11 07:45:34,364 - INFO - Progress: 50/50 ads processed
2025-05-11 07:45:34,373 - INFO - Created backup of existing data file at unegui_data/unegui_rental_data.csv.bak
2025-05-11 07:45:34,393 - INFO - Data saved to unegui_data/unegui_rental_data.csv: 1636 records
2025-05-11 07:45:34,447 - INFO - Cache saved with 1670 URLs
2025-05-11 07:45:34,447 - INFO - Saved batch data. Total records: 1636
2025-05-11 07:45:34,447 - INFO - Processing batch 32/103 (50 links)
2025-05-11 07:45:40,346 - INFO - Progress: 10/50 ads processed
2025-05-11 07:45:45,479 - INFO - Progress: 20/50 ads processed
2025-05-11 07:45:50,413 - INFO - Progress: 30/50 ads processed
2025-05-11 07:45:55,527 - INFO - Progress: 40/50 ads processed
2025-05-11 07:46:01,143 - INFO - Progress: 50/50 ads processed
2025-05-11 07:46:01,152 - INFO - Created backup of existing data file at unegui_data/unegui_rental_data.csv.bak
2025-05-11 07:46:01,173 - INFO - Data saved to unegui_data/unegui_rental_data.csv: 1685 records
2025-05-11 07:46:01,227 - INFO - Cache saved with 1720 URLs
2025-05-11 07:46:01,227 - INFO - Saved batch data. Total records: 1685
2025-05-11 07:46:01,227 - INFO - Processing batch 33/103 (50 links)
2025-05-11 07:46:06,640 - INFO - Progress: 10/50 ads processed
2025-05-11 07:46:12,118 - INFO - Progress: 20/50 ads processed
2025-05-11 07:46:17,981 - INFO - Progress: 30/50 ads processed
2025-05-11 07:46:23,534 - INFO - Progress: 40/50 ads processed
2025-05-11 07:46:28,845 - INFO - Progress: 50/50 ads processed
2025-05-11 07:46:28,853 - INFO - Created backup of existing data file at unegui_data/unegui_rental_data.csv.bak
2025-05-11 07:46:28,874 - INFO - Data saved to unegui_data/unegui_rental_data.csv: 1734 records
2025-05-11 07:46:28,930 - INFO - Cache saved with 1770 URLs
2025-05-11 07:46:28,930 - INFO - Saved batch data. Total records: 1734
2025-05-11 07:46:28,930 - INFO - Processing batch 34/103 (50 links)
2025-05-11 07:46:34,372 - INFO - Progress: 10/50 ads processed
2025-05-11 07:46:39,479 - INFO - Progress: 20/50 ads processed
2025-05-11 07:46:44,929 - INFO - Progress: 30/50 ads processed
2025-05-11 07:46:50,352 - INFO - Progress: 40/50 ads processed
2025-05-11 07:46:55,793 - INFO - Progress: 50/50 ads processed
2025-05-11 07:46:55,803 - INFO - Created backup of existing data file at unegui_data/unegui_rental_data.csv.bak
2025-05-11 07:46:55,825 - INFO - Data saved to unegui_data/unegui_rental_data.csv: 1779 records
2025-05-11 07:46:55,883 - INFO - Cache saved with 1820 URLs
2025-05-11 07:46:55,883 - INFO - Saved batch data. Total records: 1779
2025-05-11 07:46:55,883 - INFO - Processing batch 35/103 (50 links)
2025-05-11 07:47:01,401 - INFO - Progress: 10/50 ads processed
2025-05-11 07:47:07,322 - INFO - Progress: 20/50 ads processed
2025-05-11 07:47:12,254 - INFO - Progress: 30/50 ads processed
2025-05-11 07:47:17,883 - INFO - Progress: 40/50 ads processed
2025-05-11 07:47:23,339 - INFO - Progress: 50/50 ads processed
2025-05-11 07:47:23,348 - INFO - Created backup of existing data file at unegui_data/unegui_rental_data.csv.bak
2025-05-11 07:47:23,371 - INFO - Data saved to unegui_data/unegui_rental_data.csv: 1826 records
2025-05-11 07:47:23,432 - INFO - Cache saved with 1870 URLs
2025-05-11 07:47:23,432 - INFO - Saved batch data. Total records: 1826
2025-05-11 07:47:23,432 - INFO - Processing batch 36/103 (50 links)
2025-05-11 07:47:29,069 - INFO - Progress: 10/50 ads processed
2025-05-11 07:47:34,398 - INFO - Progress: 20/50 ads processed
2025-05-11 07:47:40,186 - INFO - Progress: 30/50 ads processed
2025-05-11 07:47:45,502 - INFO - Progress: 40/50 ads processed
2025-05-11 07:47:51,481 - INFO - Progress: 50/50 ads processed
2025-05-11 07:47:51,491 - INFO - Created backup of existing data file at unegui_data/unegui_rental_data.csv.bak
2025-05-11 07:47:51,514 - INFO - Data saved to unegui_data/unegui_rental_data.csv: 1875 records
2025-05-11 07:47:51,574 - INFO - Cache saved with 1920 URLs
2025-05-11 07:47:51,574 - INFO - Saved batch data. Total records: 1875
2025-05-11 07:47:51,574 - INFO - Processing batch 37/103 (50 links)
2025-05-11 07:47:57,214 - INFO - Progress: 10/50 ads processed
2025-05-11 07:48:03,169 - INFO - Progress: 20/50 ads processed
2025-05-11 07:48:08,674 - INFO - Progress: 30/50 ads processed
2025-05-11 07:48:14,049 - INFO - Progress: 40/50 ads processed
2025-05-11 07:48:19,410 - INFO - Progress: 50/50 ads processed
2025-05-11 07:48:19,420 - INFO - Created backup of existing data file at unegui_data/unegui_rental_data.csv.bak
2025-05-11 07:48:19,443 - INFO - Data saved to unegui_data/unegui_rental_data.csv: 1925 records
2025-05-11 07:48:19,507 - INFO - Cache saved with 1970 URLs
2025-05-11 07:48:19,507 - INFO - Saved batch data. Total records: 1925
2025-05-11 07:48:19,507 - INFO - Processing batch 38/103 (50 links)
2025-05-11 07:48:24,973 - INFO - Progress: 10/50 ads processed
2025-05-11 07:48:30,850 - INFO - Progress: 20/50 ads processed
2025-05-11 07:48:36,521 - INFO - Progress: 30/50 ads processed
2025-05-11 07:48:42,603 - INFO - Progress: 40/50 ads processed
2025-05-11 07:48:47,760 - INFO - Progress: 50/50 ads processed
2025-05-11 07:48:47,770 - INFO - Created backup of existing data file at unegui_data/unegui_rental_data.csv.bak
2025-05-11 07:48:47,794 - INFO - Data saved to unegui_data/unegui_rental_data.csv: 1974 records
2025-05-11 07:48:47,860 - INFO - Cache saved with 2020 URLs
2025-05-11 07:48:47,860 - INFO - Saved batch data. Total records: 1974
2025-05-11 07:48:47,860 - INFO - Processing batch 39/103 (50 links)
2025-05-11 07:48:53,884 - INFO - Progress: 10/50 ads processed
2025-05-11 07:48:59,368 - INFO - Progress: 20/50 ads processed
2025-05-11 07:49:04,792 - INFO - Progress: 30/50 ads processed
2025-05-11 07:49:10,302 - INFO - Progress: 40/50 ads processed
2025-05-11 07:49:15,656 - INFO - Progress: 50/50 ads processed
2025-05-11 07:49:15,666 - INFO - Created backup of existing data file at unegui_data/unegui_rental_data.csv.bak
2025-05-11 07:49:15,692 - INFO - Data saved to unegui_data/unegui_rental_data.csv: 2024 records
2025-05-11 07:49:15,761 - INFO - Cache saved with 2070 URLs
2025-05-11 07:49:15,761 - INFO - Saved batch data. Total records: 2024
2025-05-11 07:49:15,761 - INFO - Processing batch 40/103 (50 links)
2025-05-11 07:49:21,679 - INFO - Progress: 10/50 ads processed
2025-05-11 07:49:27,108 - INFO - Progress: 20/50 ads processed
2025-05-11 07:49:32,939 - INFO - Progress: 30/50 ads processed
2025-05-11 07:49:38,190 - INFO - Progress: 40/50 ads processed
2025-05-11 07:49:43,814 - INFO - Progress: 50/50 ads processed
2025-05-11 07:49:43,825 - INFO - Created backup of existing data file at unegui_data/unegui_rental_data.csv.bak
2025-05-11 07:49:43,850 - INFO - Data saved to unegui_data/unegui_rental_data.csv: 2070 records
2025-05-11 07:49:43,917 - INFO - Cache saved with 2120 URLs
2025-05-11 07:49:43,917 - INFO - Saved batch data. Total records: 2070
2025-05-11 07:49:43,917 - INFO - Processing batch 41/103 (50 links)
2025-05-11 07:49:50,217 - INFO - Progress: 10/50 ads processed
2025-05-11 07:49:55,725 - INFO - Progress: 20/50 ads processed
2025-05-11 07:50:00,909 - INFO - Progress: 30/50 ads processed
2025-05-11 07:50:06,887 - INFO - Progress: 40/50 ads processed
2025-05-11 07:50:12,126 - INFO - Progress: 50/50 ads processed
2025-05-11 07:50:12,135 - INFO - Created backup of existing data file at unegui_data/unegui_rental_data.csv.bak
2025-05-11 07:50:12,161 - INFO - Data saved to unegui_data/unegui_rental_data.csv: 2120 records
2025-05-11 07:50:12,229 - INFO - Cache saved with 2170 URLs
2025-05-11 07:50:12,229 - INFO - Saved batch data. Total records: 2120
2025-05-11 07:50:12,229 - INFO - Processing batch 42/103 (50 links)
2025-05-11 07:50:18,212 - INFO - Progress: 10/50 ads processed
2025-05-11 07:50:24,379 - INFO - Progress: 20/50 ads processed
2025-05-11 07:50:29,635 - INFO - Progress: 30/50 ads processed
2025-05-11 07:50:34,994 - INFO - Progress: 40/50 ads processed
2025-05-11 07:50:40,681 - INFO - Progress: 50/50 ads processed
2025-05-11 07:50:40,694 - INFO - Created backup of existing data file at unegui_data/unegui_rental_data.csv.bak
2025-05-11 07:50:40,724 - INFO - Data saved to unegui_data/unegui_rental_data.csv: 2170 records
2025-05-11 07:50:40,799 - INFO - Cache saved with 2220 URLs
2025-05-11 07:50:40,799 - INFO - Saved batch data. Total records: 2170
2025-05-11 07:50:40,799 - INFO - Processing batch 43/103 (50 links)
2025-05-11 07:50:46,328 - INFO - Progress: 10/50 ads processed
2025-05-11 07:50:51,787 - INFO - Progress: 20/50 ads processed
2025-05-11 07:50:57,160 - INFO - Progress: 30/50 ads processed
2025-05-11 07:51:02,411 - INFO - Progress: 40/50 ads processed
2025-05-11 07:51:08,248 - INFO - Progress: 50/50 ads processed
2025-05-11 07:51:08,260 - INFO - Created backup of existing data file at unegui_data/unegui_rental_data.csv.bak
2025-05-11 07:51:08,289 - INFO - Data saved to unegui_data/unegui_rental_data.csv: 2219 records
2025-05-11 07:51:08,365 - INFO - Cache saved with 2270 URLs
2025-05-11 07:51:08,365 - INFO - Saved batch data. Total records: 2219
2025-05-11 07:51:08,365 - INFO - Processing batch 44/103 (50 links)
2025-05-11 07:51:14,429 - INFO - Progress: 10/50 ads processed
2025-05-11 07:51:20,571 - INFO - Progress: 20/50 ads processed
2025-05-11 07:51:25,596 - INFO - Progress: 30/50 ads processed
2025-05-11 07:51:30,907 - INFO - Progress: 40/50 ads processed
2025-05-11 07:51:37,010 - INFO - Progress: 50/50 ads processed
2025-05-11 07:51:37,022 - INFO - Created backup of existing data file at unegui_data/unegui_rental_data.csv.bak
2025-05-11 07:51:37,053 - INFO - Data saved to unegui_data/unegui_rental_data.csv: 2268 records
2025-05-11 07:51:37,132 - INFO - Cache saved with 2320 URLs
2025-05-11 07:51:37,132 - INFO - Saved batch data. Total records: 2268
2025-05-11 07:51:37,132 - INFO - Processing batch 45/103 (50 links)
2025-05-11 07:51:44,067 - INFO - Progress: 10/50 ads processed
2025-05-11 07:51:49,529 - INFO - Progress: 20/50 ads processed
2025-05-11 07:51:54,697 - INFO - Progress: 30/50 ads processed
2025-05-11 07:52:00,746 - INFO - Progress: 40/50 ads processed
2025-05-11 07:52:06,128 - INFO - Progress: 50/50 ads processed
2025-05-11 07:52:06,140 - INFO - Created backup of existing data file at unegui_data/unegui_rental_data.csv.bak
2025-05-11 07:52:06,168 - INFO - Data saved to unegui_data/unegui_rental_data.csv: 2318 records
2025-05-11 07:52:06,245 - INFO - Cache saved with 2370 URLs
2025-05-11 07:52:06,245 - INFO - Saved batch data. Total records: 2318
2025-05-11 07:52:06,245 - INFO - Processing batch 46/103 (50 links)
2025-05-11 07:52:12,130 - INFO - Progress: 10/50 ads processed
2025-05-11 07:52:17,452 - INFO - Progress: 20/50 ads processed
2025-05-11 07:52:22,888 - INFO - Progress: 30/50 ads processed
2025-05-11 07:52:28,345 - INFO - Progress: 40/50 ads processed
2025-05-11 07:52:33,782 - INFO - Progress: 50/50 ads processed
2025-05-11 07:52:33,795 - INFO - Created backup of existing data file at unegui_data/unegui_rental_data.csv.bak
2025-05-11 07:52:33,828 - INFO - Data saved to unegui_data/unegui_rental_data.csv: 2367 records
2025-05-11 07:52:33,909 - INFO - Cache saved with 2420 URLs
2025-05-11 07:52:33,909 - INFO - Saved batch data. Total records: 2367
2025-05-11 07:52:33,909 - INFO - Processing batch 47/103 (50 links)
2025-05-11 07:52:39,781 - INFO - Progress: 10/50 ads processed
2025-05-11 07:52:45,704 - INFO - Progress: 20/50 ads processed
2025-05-11 07:52:51,082 - INFO - Progress: 30/50 ads processed
2025-05-11 07:52:56,796 - INFO - Progress: 40/50 ads processed
2025-05-11 07:53:02,147 - INFO - Progress: 50/50 ads processed
2025-05-11 07:53:02,160 - INFO - Created backup of existing data file at unegui_data/unegui_rental_data.csv.bak
2025-05-11 07:53:02,191 - INFO - Data saved to unegui_data/unegui_rental_data.csv: 2414 records
2025-05-11 07:53:02,273 - INFO - Cache saved with 2470 URLs
2025-05-11 07:53:02,273 - INFO - Saved batch data. Total records: 2414
2025-05-11 07:53:02,273 - INFO - Processing batch 48/103 (50 links)
2025-05-11 07:53:07,666 - INFO - Progress: 10/50 ads processed
2025-05-11 07:53:13,262 - INFO - Progress: 20/50 ads processed
2025-05-11 07:53:18,898 - INFO - Progress: 30/50 ads processed
2025-05-11 07:53:24,357 - INFO - Progress: 40/50 ads processed
2025-05-11 07:53:30,077 - INFO - Progress: 50/50 ads processed
2025-05-11 07:53:30,091 - INFO - Created backup of existing data file at unegui_data/unegui_rental_data.csv.bak
2025-05-11 07:53:30,121 - INFO - Data saved to unegui_data/unegui_rental_data.csv: 2464 records
2025-05-11 07:53:30,200 - INFO - Cache saved with 2520 URLs
2025-05-11 07:53:30,200 - INFO - Saved batch data. Total records: 2464
2025-05-11 07:53:30,200 - INFO - Processing batch 49/103 (50 links)
2025-05-11 07:53:35,779 - INFO - Progress: 10/50 ads processed
2025-05-11 07:53:41,387 - INFO - Progress: 20/50 ads processed
2025-05-11 07:53:47,063 - INFO - Progress: 30/50 ads processed
2025-05-11 07:53:52,439 - INFO - Progress: 40/50 ads processed
2025-05-11 07:53:57,823 - INFO - Progress: 50/50 ads processed
2025-05-11 07:53:57,836 - INFO - Created backup of existing data file at unegui_data/unegui_rental_data.csv.bak
2025-05-11 07:53:57,867 - INFO - Data saved to unegui_data/unegui_rental_data.csv: 2514 records
2025-05-11 07:53:57,950 - INFO - Cache saved with 2570 URLs
2025-05-11 07:53:57,950 - INFO - Saved batch data. Total records: 2514
2025-05-11 07:53:57,950 - INFO - Processing batch 50/103 (50 links)
2025-05-11 07:54:03,708 - INFO - Progress: 10/50 ads processed
2025-05-11 07:54:09,080 - INFO - Progress: 20/50 ads processed
2025-05-11 07:54:15,693 - INFO - Progress: 30/50 ads processed
2025-05-11 07:54:21,017 - INFO - Progress: 40/50 ads processed
2025-05-11 07:54:26,466 - INFO - Progress: 50/50 ads processed
2025-05-11 07:54:26,480 - INFO - Created backup of existing data file at unegui_data/unegui_rental_data.csv.bak
2025-05-11 07:54:26,514 - INFO - Data saved to unegui_data/unegui_rental_data.csv: 2564 records
2025-05-11 07:54:26,601 - INFO - Cache saved with 2620 URLs
2025-05-11 07:54:26,602 - INFO - Saved batch data. Total records: 2564
2025-05-11 07:54:26,602 - INFO - Processing batch 51/103 (50 links)
2025-05-11 07:54:32,453 - INFO - Progress: 10/50 ads processed
2025-05-11 07:54:38,083 - INFO - Progress: 20/50 ads processed
2025-05-11 07:54:43,359 - INFO - Progress: 30/50 ads processed
2025-05-11 07:54:48,983 - INFO - Progress: 40/50 ads processed
2025-05-11 07:54:54,208 - INFO - Progress: 50/50 ads processed
2025-05-11 07:54:54,222 - INFO - Created backup of existing data file at unegui_data/unegui_rental_data.csv.bak
2025-05-11 07:54:54,258 - INFO - Data saved to unegui_data/unegui_rental_data.csv: 2614 records
2025-05-11 07:54:54,347 - INFO - Cache saved with 2670 URLs
2025-05-11 07:54:54,347 - INFO - Saved batch data. Total records: 2614
2025-05-11 07:54:54,348 - INFO - Processing batch 52/103 (50 links)
2025-05-11 07:55:00,227 - INFO - Progress: 10/50 ads processed
2025-05-11 07:55:05,748 - INFO - Progress: 20/50 ads processed
2025-05-11 07:55:11,870 - INFO - Progress: 30/50 ads processed
2025-05-11 07:55:17,385 - INFO - Progress: 40/50 ads processed
2025-05-11 07:55:22,692 - INFO - Progress: 50/50 ads processed
2025-05-11 07:55:22,707 - INFO - Created backup of existing data file at unegui_data/unegui_rental_data.csv.bak
2025-05-11 07:55:22,741 - INFO - Data saved to unegui_data/unegui_rental_data.csv: 2653 records
2025-05-11 07:55:22,831 - INFO - Cache saved with 2720 URLs
2025-05-11 07:55:22,831 - INFO - Saved batch data. Total records: 2653
2025-05-11 07:55:22,831 - INFO - Processing batch 53/103 (50 links)
2025-05-11 07:55:28,255 - INFO - Progress: 10/50 ads processed
2025-05-11 07:55:33,719 - INFO - Progress: 20/50 ads processed
2025-05-11 07:55:39,084 - INFO - Progress: 30/50 ads processed
2025-05-11 07:55:44,711 - INFO - Progress: 40/50 ads processed
2025-05-11 07:55:50,477 - INFO - Progress: 50/50 ads processed
2025-05-11 07:55:50,492 - INFO - Created backup of existing data file at unegui_data/unegui_rental_data.csv.bak
2025-05-11 07:55:50,526 - INFO - Data saved to unegui_data/unegui_rental_data.csv: 2702 records
2025-05-11 07:55:50,617 - INFO - Cache saved with 2770 URLs
2025-05-11 07:55:50,617 - INFO - Saved batch data. Total records: 2702
2025-05-11 07:55:50,617 - INFO - Processing batch 54/103 (50 links)
2025-05-11 07:55:56,802 - INFO - Progress: 10/50 ads processed
2025-05-11 07:56:01,661 - INFO - Progress: 20/50 ads processed
2025-05-11 07:56:07,043 - INFO - Progress: 30/50 ads processed
2025-05-11 07:56:12,380 - INFO - Progress: 40/50 ads processed
2025-05-11 07:56:17,822 - INFO - Progress: 50/50 ads processed
2025-05-11 07:56:17,837 - INFO - Created backup of existing data file at unegui_data/unegui_rental_data.csv.bak
2025-05-11 07:56:17,870 - INFO - Data saved to unegui_data/unegui_rental_data.csv: 2751 records
2025-05-11 07:56:17,960 - INFO - Cache saved with 2820 URLs
2025-05-11 07:56:17,960 - INFO - Saved batch data. Total records: 2751
2025-05-11 07:56:17,960 - INFO - Processing batch 55/103 (50 links)
2025-05-11 07:56:24,219 - INFO - Progress: 10/50 ads processed
2025-05-11 07:56:28,965 - INFO - Progress: 20/50 ads processed
2025-05-11 07:56:34,430 - INFO - Progress: 30/50 ads processed
2025-05-11 07:56:39,854 - INFO - Progress: 40/50 ads processed
2025-05-11 07:56:45,001 - INFO - Progress: 50/50 ads processed
2025-05-11 07:56:45,016 - INFO - Created backup of existing data file at unegui_data/unegui_rental_data.csv.bak
2025-05-11 07:56:45,054 - INFO - Data saved to unegui_data/unegui_rental_data.csv: 2800 records
2025-05-11 07:56:45,147 - INFO - Cache saved with 2870 URLs
2025-05-11 07:56:45,147 - INFO - Saved batch data. Total records: 2800
2025-05-11 07:56:45,147 - INFO - Processing batch 56/103 (50 links)
2025-05-11 07:56:50,597 - INFO - Progress: 10/50 ads processed
2025-05-11 07:56:57,074 - INFO - Progress: 20/50 ads processed
2025-05-11 07:57:02,560 - INFO - Progress: 30/50 ads processed
2025-05-11 07:57:08,013 - INFO - Progress: 40/50 ads processed
2025-05-11 07:57:14,210 - INFO - Progress: 50/50 ads processed
2025-05-11 07:57:14,225 - INFO - Created backup of existing data file at unegui_data/unegui_rental_data.csv.bak
2025-05-11 07:57:14,264 - INFO - Data saved to unegui_data/unegui_rental_data.csv: 2847 records
2025-05-11 07:57:14,360 - INFO - Cache saved with 2920 URLs
2025-05-11 07:57:14,360 - INFO - Saved batch data. Total records: 2847
2025-05-11 07:57:14,360 - INFO - Processing batch 57/103 (50 links)
2025-05-11 07:57:20,156 - INFO - Progress: 10/50 ads processed
2025-05-11 07:57:25,608 - INFO - Progress: 20/50 ads processed
2025-05-11 07:57:31,186 - INFO - Progress: 30/50 ads processed
2025-05-11 07:57:37,025 - INFO - Progress: 40/50 ads processed
2025-05-11 07:57:42,669 - INFO - Progress: 50/50 ads processed
2025-05-11 07:57:42,684 - INFO - Created backup of existing data file at unegui_data/unegui_rental_data.csv.bak
2025-05-11 07:57:42,722 - INFO - Data saved to unegui_data/unegui_rental_data.csv: 2895 records
2025-05-11 07:57:42,818 - INFO - Cache saved with 2970 URLs
2025-05-11 07:57:42,818 - INFO - Saved batch data. Total records: 2895
2025-05-11 07:57:42,818 - INFO - Processing batch 58/103 (50 links)
2025-05-11 07:57:48,297 - INFO - Progress: 10/50 ads processed
2025-05-11 07:57:54,464 - INFO - Progress: 20/50 ads processed
2025-05-11 07:57:59,681 - INFO - Progress: 30/50 ads processed
2025-05-11 07:58:05,097 - INFO - Progress: 40/50 ads processed
2025-05-11 07:58:10,410 - INFO - Progress: 50/50 ads processed
2025-05-11 07:58:10,425 - INFO - Created backup of existing data file at unegui_data/unegui_rental_data.csv.bak
2025-05-11 07:58:10,460 - INFO - Data saved to unegui_data/unegui_rental_data.csv: 2944 records
2025-05-11 07:58:10,557 - INFO - Cache saved with 3020 URLs
2025-05-11 07:58:10,557 - INFO - Saved batch data. Total records: 2944
2025-05-11 07:58:10,557 - INFO - Processing batch 59/103 (50 links)
2025-05-11 07:58:16,065 - INFO - Progress: 10/50 ads processed
2025-05-11 07:58:21,429 - INFO - Progress: 20/50 ads processed
2025-05-11 07:58:27,023 - INFO - Progress: 30/50 ads processed
2025-05-11 07:58:32,704 - INFO - Progress: 40/50 ads processed
2025-05-11 07:58:38,608 - INFO - Progress: 50/50 ads processed
2025-05-11 07:58:38,624 - INFO - Created backup of existing data file at unegui_data/unegui_rental_data.csv.bak
2025-05-11 07:58:38,661 - INFO - Data saved to unegui_data/unegui_rental_data.csv: 2993 records
2025-05-11 07:58:38,760 - INFO - Cache saved with 3070 URLs
2025-05-11 07:58:38,760 - INFO - Saved batch data. Total records: 2993
2025-05-11 07:58:38,760 - INFO - Processing batch 60/103 (50 links)
2025-05-11 07:58:44,695 - INFO - Progress: 10/50 ads processed
2025-05-11 07:58:50,444 - INFO - Progress: 20/50 ads processed
2025-05-11 07:58:55,301 - INFO - Progress: 30/50 ads processed
2025-05-11 07:59:00,288 - INFO - Progress: 40/50 ads processed
2025-05-11 07:59:05,747 - INFO - Progress: 50/50 ads processed
2025-05-11 07:59:05,761 - INFO - Created backup of existing data file at unegui_data/unegui_rental_data.csv.bak
2025-05-11 07:59:05,798 - INFO - Data saved to unegui_data/unegui_rental_data.csv: 3042 records
2025-05-11 07:59:05,897 - INFO - Cache saved with 3120 URLs
2025-05-11 07:59:05,897 - INFO - Saved batch data. Total records: 3042
2025-05-11 07:59:05,897 - INFO - Processing batch 61/103 (50 links)
2025-05-11 07:59:11,594 - INFO - Progress: 10/50 ads processed
2025-05-11 07:59:17,402 - INFO - Progress: 20/50 ads processed
2025-05-11 07:59:23,358 - INFO - Progress: 30/50 ads processed
2025-05-11 07:59:28,650 - INFO - Progress: 40/50 ads processed
2025-05-11 07:59:34,617 - INFO - Progress: 50/50 ads processed
2025-05-11 07:59:34,633 - INFO - Created backup of existing data file at unegui_data/unegui_rental_data.csv.bak
2025-05-11 07:59:34,671 - INFO - Data saved to unegui_data/unegui_rental_data.csv: 3090 records
2025-05-11 07:59:34,775 - INFO - Cache saved with 3170 URLs
2025-05-11 07:59:34,776 - INFO - Saved batch data. Total records: 3090
2025-05-11 07:59:34,776 - INFO - Processing batch 62/103 (50 links)
2025-05-11 07:59:41,244 - INFO - Progress: 10/50 ads processed
2025-05-11 07:59:47,034 - INFO - Progress: 20/50 ads processed
2025-05-11 07:59:52,215 - INFO - Progress: 30/50 ads processed
2025-05-11 07:59:57,587 - INFO - Progress: 40/50 ads processed
2025-05-11 08:00:04,465 - INFO - Progress: 50/50 ads processed
2025-05-11 08:00:04,483 - INFO - Created backup of existing data file at unegui_data/unegui_rental_data.csv.bak
2025-05-11 08:00:04,532 - INFO - Data saved to unegui_data/unegui_rental_data.csv: 3138 records
2025-05-11 08:00:04,636 - INFO - Cache saved with 3220 URLs
2025-05-11 08:00:04,636 - INFO - Saved batch data. Total records: 3138
2025-05-11 08:00:04,636 - INFO - Processing batch 63/103 (50 links)
2025-05-11 08:00:10,553 - INFO - Progress: 10/50 ads processed
2025-05-11 08:00:15,623 - INFO - Progress: 20/50 ads processed
2025-05-11 08:00:21,206 - INFO - Progress: 30/50 ads processed
2025-05-11 08:00:26,651 - INFO - Progress: 40/50 ads processed
2025-05-11 08:00:32,276 - INFO - Progress: 50/50 ads processed
2025-05-11 08:00:32,291 - INFO - Created backup of existing data file at unegui_data/unegui_rental_data.csv.bak
2025-05-11 08:00:32,330 - INFO - Data saved to unegui_data/unegui_rental_data.csv: 3187 records
2025-05-11 08:00:32,439 - INFO - Cache saved with 3270 URLs
2025-05-11 08:00:32,439 - INFO - Saved batch data. Total records: 3187
2025-05-11 08:00:32,439 - INFO - Processing batch 64/103 (50 links)
2025-05-11 08:00:37,784 - INFO - Progress: 10/50 ads processed
2025-05-11 08:00:43,763 - INFO - Progress: 20/50 ads processed
2025-05-11 08:00:49,744 - INFO - Progress: 30/50 ads processed
2025-05-11 08:00:55,217 - INFO - Progress: 40/50 ads processed
2025-05-11 08:01:00,360 - INFO - Progress: 50/50 ads processed
2025-05-11 08:01:00,378 - INFO - Created backup of existing data file at unegui_data/unegui_rental_data.csv.bak
2025-05-11 08:01:00,432 - INFO - Data saved to unegui_data/unegui_rental_data.csv: 3237 records
2025-05-11 08:01:00,545 - INFO - Cache saved with 3320 URLs
2025-05-11 08:01:00,545 - INFO - Saved batch data. Total records: 3237
2025-05-11 08:01:00,545 - INFO - Processing batch 65/103 (50 links)
2025-05-11 08:01:06,629 - INFO - Progress: 10/50 ads processed
2025-05-11 08:01:12,394 - INFO - Progress: 20/50 ads processed
2025-05-11 08:01:18,080 - INFO - Progress: 30/50 ads processed
2025-05-11 08:01:23,633 - INFO - Progress: 40/50 ads processed
2025-05-11 08:01:28,825 - INFO - Progress: 50/50 ads processed
2025-05-11 08:01:28,842 - INFO - Created backup of existing data file at unegui_data/unegui_rental_data.csv.bak
2025-05-11 08:01:28,883 - INFO - Data saved to unegui_data/unegui_rental_data.csv: 3287 records
2025-05-11 08:01:28,992 - INFO - Cache saved with 3370 URLs
2025-05-11 08:01:28,992 - INFO - Saved batch data. Total records: 3287
2025-05-11 08:01:28,992 - INFO - Processing batch 66/103 (50 links)
2025-05-11 08:01:34,828 - INFO - Progress: 10/50 ads processed
2025-05-11 08:01:41,065 - INFO - Progress: 20/50 ads processed
2025-05-11 08:01:46,528 - INFO - Progress: 30/50 ads processed
2025-05-11 08:01:52,121 - INFO - Progress: 40/50 ads processed
2025-05-11 08:01:57,395 - INFO - Progress: 50/50 ads processed
2025-05-11 08:01:57,412 - INFO - Created backup of existing data file at unegui_data/unegui_rental_data.csv.bak
2025-05-11 08:01:57,455 - INFO - Data saved to unegui_data/unegui_rental_data.csv: 3336 records
2025-05-11 08:01:57,568 - INFO - Cache saved with 3420 URLs
2025-05-11 08:01:57,568 - INFO - Saved batch data. Total records: 3336
2025-05-11 08:01:57,568 - INFO - Processing batch 67/103 (50 links)
2025-05-11 08:02:03,573 - INFO - Progress: 10/50 ads processed
2025-05-11 08:02:09,593 - INFO - Progress: 20/50 ads processed
2025-05-11 08:02:15,116 - INFO - Progress: 30/50 ads processed
2025-05-11 08:02:20,161 - INFO - Progress: 40/50 ads processed
2025-05-11 08:02:25,256 - INFO - Progress: 50/50 ads processed
2025-05-11 08:02:25,274 - INFO - Created backup of existing data file at unegui_data/unegui_rental_data.csv.bak
2025-05-11 08:02:25,318 - INFO - Data saved to unegui_data/unegui_rental_data.csv: 3385 records
2025-05-11 08:02:25,429 - INFO - Cache saved with 3470 URLs
2025-05-11 08:02:25,429 - INFO - Saved batch data. Total records: 3385
2025-05-11 08:02:25,429 - INFO - Processing batch 68/103 (50 links)
2025-05-11 08:02:31,196 - INFO - Progress: 10/50 ads processed
2025-05-11 08:02:36,648 - INFO - Progress: 20/50 ads processed
2025-05-11 08:02:41,765 - INFO - Progress: 30/50 ads processed
2025-05-11 08:02:47,244 - INFO - Progress: 40/50 ads processed
2025-05-11 08:02:52,938 - INFO - Progress: 50/50 ads processed
2025-05-11 08:02:52,956 - INFO - Created backup of existing data file at unegui_data/unegui_rental_data.csv.bak
2025-05-11 08:02:52,999 - INFO - Data saved to unegui_data/unegui_rental_data.csv: 3434 records
2025-05-11 08:02:53,114 - INFO - Cache saved with 3520 URLs
2025-05-11 08:02:53,115 - INFO - Saved batch data. Total records: 3434
2025-05-11 08:02:53,115 - INFO - Processing batch 69/103 (50 links)
2025-05-11 08:02:58,961 - INFO - Progress: 10/50 ads processed
2025-05-11 08:03:04,832 - INFO - Progress: 20/50 ads processed
2025-05-11 08:03:10,311 - INFO - Progress: 30/50 ads processed
2025-05-11 08:03:15,770 - INFO - Progress: 40/50 ads processed
2025-05-11 08:03:21,503 - INFO - Progress: 50/50 ads processed
2025-05-11 08:03:21,522 - INFO - Created backup of existing data file at unegui_data/unegui_rental_data.csv.bak
2025-05-11 08:03:21,570 - INFO - Data saved to unegui_data/unegui_rental_data.csv: 3480 records
2025-05-11 08:03:21,689 - INFO - Cache saved with 3570 URLs
2025-05-11 08:03:21,689 - INFO - Saved batch data. Total records: 3480
2025-05-11 08:03:21,689 - INFO - Processing batch 70/103 (50 links)
2025-05-11 08:03:27,226 - INFO - Progress: 10/50 ads processed
2025-05-11 08:03:33,098 - INFO - Progress: 20/50 ads processed
2025-05-11 08:03:38,126 - INFO - Progress: 30/50 ads processed
2025-05-11 08:03:43,769 - INFO - Progress: 40/50 ads processed
2025-05-11 08:03:49,672 - INFO - Progress: 50/50 ads processed
2025-05-11 08:03:49,692 - INFO - Created backup of existing data file at unegui_data/unegui_rental_data.csv.bak
2025-05-11 08:03:49,740 - INFO - Data saved to unegui_data/unegui_rental_data.csv: 3529 records
2025-05-11 08:03:49,859 - INFO - Cache saved with 3620 URLs
2025-05-11 08:03:49,859 - INFO - Saved batch data. Total records: 3529
2025-05-11 08:03:49,859 - INFO - Processing batch 71/103 (50 links)
2025-05-11 08:03:56,164 - INFO - Progress: 10/50 ads processed
2025-05-11 08:04:01,415 - INFO - Progress: 20/50 ads processed
2025-05-11 08:04:07,413 - INFO - Progress: 30/50 ads processed
2025-05-11 08:04:13,145 - INFO - Progress: 40/50 ads processed
2025-05-11 08:04:18,699 - INFO - Progress: 50/50 ads processed
2025-05-11 08:04:18,717 - INFO - Created backup of existing data file at unegui_data/unegui_rental_data.csv.bak
2025-05-11 08:04:18,760 - INFO - Data saved to unegui_data/unegui_rental_data.csv: 3578 records
2025-05-11 08:04:18,877 - INFO - Cache saved with 3670 URLs
2025-05-11 08:04:18,877 - INFO - Saved batch data. Total records: 3578
2025-05-11 08:04:18,877 - INFO - Processing batch 72/103 (50 links)
2025-05-11 08:04:24,662 - INFO - Progress: 10/50 ads processed
2025-05-11 08:04:30,242 - INFO - Progress: 20/50 ads processed
2025-05-11 08:04:35,847 - INFO - Progress: 30/50 ads processed
2025-05-11 08:04:41,132 - INFO - Progress: 40/50 ads processed
2025-05-11 08:04:46,383 - INFO - Progress: 50/50 ads processed
2025-05-11 08:04:46,402 - INFO - Created backup of existing data file at unegui_data/unegui_rental_data.csv.bak
2025-05-11 08:04:46,448 - INFO - Data saved to unegui_data/unegui_rental_data.csv: 3628 records
2025-05-11 08:04:46,569 - INFO - Cache saved with 3720 URLs
2025-05-11 08:04:46,569 - INFO - Saved batch data. Total records: 3628
2025-05-11 08:04:46,569 - INFO - Processing batch 73/103 (50 links)
2025-05-11 08:04:52,784 - INFO - Progress: 10/50 ads processed
2025-05-11 08:04:58,359 - INFO - Progress: 20/50 ads processed
2025-05-11 08:05:03,503 - INFO - Progress: 30/50 ads processed
2025-05-11 08:05:09,459 - INFO - Progress: 40/50 ads processed
2025-05-11 08:05:14,739 - INFO - Progress: 50/50 ads processed
2025-05-11 08:05:14,756 - INFO - Created backup of existing data file at unegui_data/unegui_rental_data.csv.bak
2025-05-11 08:05:14,801 - INFO - Data saved to unegui_data/unegui_rental_data.csv: 3678 records
2025-05-11 08:05:14,921 - INFO - Cache saved with 3770 URLs
2025-05-11 08:05:14,921 - INFO - Saved batch data. Total records: 3678
2025-05-11 08:05:14,921 - INFO - Processing batch 74/103 (50 links)
2025-05-11 08:05:20,728 - INFO - Progress: 10/50 ads processed
2025-05-11 08:05:26,730 - INFO - Progress: 20/50 ads processed
2025-05-11 08:05:32,626 - INFO - Progress: 30/50 ads processed
2025-05-11 08:05:37,986 - INFO - Progress: 40/50 ads processed
2025-05-11 08:05:43,604 - INFO - Progress: 50/50 ads processed
2025-05-11 08:05:43,625 - INFO - Created backup of existing data file at unegui_data/unegui_rental_data.csv.bak
2025-05-11 08:05:43,672 - INFO - Data saved to unegui_data/unegui_rental_data.csv: 3727 records
2025-05-11 08:05:43,795 - INFO - Cache saved with 3820 URLs
2025-05-11 08:05:43,795 - INFO - Saved batch data. Total records: 3727
2025-05-11 08:05:43,795 - INFO - Processing batch 75/103 (50 links)
2025-05-11 08:05:49,601 - INFO - Progress: 10/50 ads processed
2025-05-11 08:05:54,886 - INFO - Progress: 20/50 ads processed
2025-05-11 08:06:00,582 - INFO - Progress: 30/50 ads processed
2025-05-11 08:06:06,054 - INFO - Progress: 40/50 ads processed
2025-05-11 08:06:11,943 - INFO - Progress: 50/50 ads processed
2025-05-11 08:06:11,962 - INFO - Created backup of existing data file at unegui_data/unegui_rental_data.csv.bak
2025-05-11 08:06:12,011 - INFO - Data saved to unegui_data/unegui_rental_data.csv: 3777 records
2025-05-11 08:06:12,138 - INFO - Cache saved with 3870 URLs
2025-05-11 08:06:12,138 - INFO - Saved batch data. Total records: 3777
2025-05-11 08:06:12,138 - INFO - Processing batch 76/103 (50 links)
2025-05-11 08:06:18,066 - INFO - Progress: 10/50 ads processed
2025-05-11 08:06:23,540 - INFO - Progress: 20/50 ads processed
2025-05-11 08:06:30,406 - INFO - Progress: 30/50 ads processed
2025-05-11 08:06:35,588 - INFO - Progress: 40/50 ads processed
2025-05-11 08:06:41,225 - INFO - Progress: 50/50 ads processed
2025-05-11 08:06:41,246 - INFO - Created backup of existing data file at unegui_data/unegui_rental_data.csv.bak
2025-05-11 08:06:41,301 - INFO - Data saved to unegui_data/unegui_rental_data.csv: 3824 records
2025-05-11 08:06:41,430 - INFO - Cache saved with 3920 URLs
2025-05-11 08:06:41,430 - INFO - Saved batch data. Total records: 3824
2025-05-11 08:06:41,430 - INFO - Processing batch 77/103 (50 links)
2025-05-11 08:06:47,162 - INFO - Progress: 10/50 ads processed
2025-05-11 08:06:52,712 - INFO - Progress: 20/50 ads processed
2025-05-11 08:06:58,598 - INFO - Progress: 30/50 ads processed
2025-05-11 08:07:03,999 - INFO - Progress: 40/50 ads processed
2025-05-11 08:07:10,286 - INFO - Progress: 50/50 ads processed
2025-05-11 08:07:10,307 - INFO - Created backup of existing data file at unegui_data/unegui_rental_data.csv.bak
2025-05-11 08:07:10,362 - INFO - Data saved to unegui_data/unegui_rental_data.csv: 3869 records
2025-05-11 08:07:10,492 - INFO - Cache saved with 3970 URLs
2025-05-11 08:07:10,492 - INFO - Saved batch data. Total records: 3869
2025-05-11 08:07:10,492 - INFO - Processing batch 78/103 (50 links)
2025-05-11 08:07:16,610 - INFO - Progress: 10/50 ads processed
2025-05-11 08:07:21,820 - INFO - Progress: 20/50 ads processed
2025-05-11 08:07:27,937 - INFO - Progress: 30/50 ads processed
2025-05-11 08:07:32,902 - INFO - Progress: 40/50 ads processed
2025-05-11 08:07:38,517 - INFO - Progress: 50/50 ads processed
2025-05-11 08:07:38,538 - INFO - Created backup of existing data file at unegui_data/unegui_rental_data.csv.bak
2025-05-11 08:07:38,593 - INFO - Data saved to unegui_data/unegui_rental_data.csv: 3919 records
2025-05-11 08:07:38,727 - INFO - Cache saved with 4020 URLs
2025-05-11 08:07:38,727 - INFO - Saved batch data. Total records: 3919
2025-05-11 08:07:38,727 - INFO - Processing batch 79/103 (50 links)
2025-05-11 08:07:44,387 - INFO - Progress: 10/50 ads processed
2025-05-11 08:07:50,034 - INFO - Progress: 20/50 ads processed
2025-05-11 08:07:55,758 - INFO - Progress: 30/50 ads processed
2025-05-11 08:08:01,069 - INFO - Progress: 40/50 ads processed
2025-05-11 08:08:06,856 - INFO - Progress: 50/50 ads processed
2025-05-11 08:08:06,877 - INFO - Created backup of existing data file at unegui_data/unegui_rental_data.csv.bak
2025-05-11 08:08:06,931 - INFO - Data saved to unegui_data/unegui_rental_data.csv: 3968 records
2025-05-11 08:08:07,066 - INFO - Cache saved with 4070 URLs
2025-05-11 08:08:07,066 - INFO - Saved batch data. Total records: 3968
2025-05-11 08:08:07,066 - INFO - Processing batch 80/103 (50 links)
2025-05-11 08:08:12,615 - INFO - Progress: 10/50 ads processed
2025-05-11 08:08:17,992 - INFO - Progress: 20/50 ads processed
2025-05-11 08:08:23,714 - INFO - Progress: 30/50 ads processed
2025-05-11 08:08:29,548 - INFO - Progress: 40/50 ads processed
2025-05-11 08:08:35,345 - INFO - Progress: 50/50 ads processed
2025-05-11 08:08:35,368 - INFO - Created backup of existing data file at unegui_data/unegui_rental_data.csv.bak
2025-05-11 08:08:35,427 - INFO - Data saved to unegui_data/unegui_rental_data.csv: 4018 records
2025-05-11 08:08:35,564 - INFO - Cache saved with 4120 URLs
2025-05-11 08:08:35,564 - INFO - Saved batch data. Total records: 4018
2025-05-11 08:08:35,564 - INFO - Processing batch 81/103 (50 links)
2025-05-11 08:08:41,491 - INFO - Progress: 10/50 ads processed
2025-05-11 08:08:46,839 - INFO - Progress: 20/50 ads processed
2025-05-11 08:08:53,112 - INFO - Progress: 30/50 ads processed
2025-05-11 08:08:58,738 - INFO - Progress: 40/50 ads processed
2025-05-11 08:09:04,500 - INFO - Progress: 50/50 ads processed
2025-05-11 08:09:04,521 - INFO - Created backup of existing data file at unegui_data/unegui_rental_data.csv.bak
2025-05-11 08:09:04,573 - INFO - Data saved to unegui_data/unegui_rental_data.csv: 4068 records
2025-05-11 08:09:04,710 - INFO - Cache saved with 4170 URLs
2025-05-11 08:09:04,710 - INFO - Saved batch data. Total records: 4068
2025-05-11 08:09:04,710 - INFO - Processing batch 82/103 (50 links)
2025-05-11 08:09:10,256 - INFO - Progress: 10/50 ads processed
2025-05-11 08:09:15,803 - INFO - Progress: 20/50 ads processed
2025-05-11 08:09:21,191 - INFO - Progress: 30/50 ads processed
2025-05-11 08:09:26,842 - INFO - Progress: 40/50 ads processed
2025-05-11 08:09:32,776 - INFO - Progress: 50/50 ads processed
2025-05-11 08:09:32,797 - INFO - Created backup of existing data file at unegui_data/unegui_rental_data.csv.bak
2025-05-11 08:09:32,849 - INFO - Data saved to unegui_data/unegui_rental_data.csv: 4118 records
2025-05-11 08:09:32,986 - INFO - Cache saved with 4220 URLs
2025-05-11 08:09:32,987 - INFO - Saved batch data. Total records: 4118
2025-05-11 08:09:32,987 - INFO - Processing batch 83/103 (50 links)
2025-05-11 08:09:38,607 - INFO - Progress: 10/50 ads processed
2025-05-11 08:09:44,799 - INFO - Progress: 20/50 ads processed
2025-05-11 08:09:50,686 - INFO - Progress: 30/50 ads processed
2025-05-11 08:09:56,743 - INFO - Progress: 40/50 ads processed
2025-05-11 08:10:02,077 - INFO - Progress: 50/50 ads processed
2025-05-11 08:10:02,101 - INFO - Created backup of existing data file at unegui_data/unegui_rental_data.csv.bak
2025-05-11 08:10:02,161 - INFO - Data saved to unegui_data/unegui_rental_data.csv: 4166 records
2025-05-11 08:10:02,305 - INFO - Cache saved with 4270 URLs
2025-05-11 08:10:02,305 - INFO - Saved batch data. Total records: 4166
2025-05-11 08:10:02,305 - INFO - Processing batch 84/103 (50 links)
2025-05-11 08:10:08,253 - INFO - Progress: 10/50 ads processed
2025-05-11 08:10:14,590 - INFO - Progress: 20/50 ads processed
2025-05-11 08:10:19,923 - INFO - Progress: 30/50 ads processed
2025-05-11 08:10:25,943 - INFO - Progress: 40/50 ads processed
2025-05-11 08:10:31,948 - INFO - Progress: 50/50 ads processed
2025-05-11 08:10:31,973 - INFO - Created backup of existing data file at unegui_data/unegui_rental_data.csv.bak
2025-05-11 08:10:32,034 - INFO - Data saved to unegui_data/unegui_rental_data.csv: 4215 records
2025-05-11 08:10:32,178 - INFO - Cache saved with 4320 URLs
2025-05-11 08:10:32,178 - INFO - Saved batch data. Total records: 4215
2025-05-11 08:10:32,178 - INFO - Processing batch 85/103 (50 links)
2025-05-11 08:10:38,287 - INFO - Progress: 10/50 ads processed
2025-05-11 08:10:43,504 - INFO - Progress: 20/50 ads processed
2025-05-11 08:10:49,952 - INFO - Progress: 30/50 ads processed
2025-05-11 08:10:55,147 - INFO - Progress: 40/50 ads processed
2025-05-11 08:11:00,303 - INFO - Progress: 50/50 ads processed
2025-05-11 08:11:00,326 - INFO - Created backup of existing data file at unegui_data/unegui_rental_data.csv.bak
2025-05-11 08:11:00,383 - INFO - Data saved to unegui_data/unegui_rental_data.csv: 4264 records
2025-05-11 08:11:00,526 - INFO - Cache saved with 4370 URLs
2025-05-11 08:11:00,527 - INFO - Saved batch data. Total records: 4264
2025-05-11 08:11:00,527 - INFO - Processing batch 86/103 (50 links)
2025-05-11 08:11:06,202 - INFO - Progress: 10/50 ads processed
2025-05-11 08:11:11,564 - INFO - Progress: 20/50 ads processed
2025-05-11 08:11:17,494 - INFO - Progress: 30/50 ads processed
2025-05-11 08:11:23,174 - INFO - Progress: 40/50 ads processed
2025-05-11 08:11:28,830 - INFO - Progress: 50/50 ads processed
2025-05-11 08:11:28,855 - INFO - Created backup of existing data file at unegui_data/unegui_rental_data.csv.bak
2025-05-11 08:11:28,908 - INFO - Data saved to unegui_data/unegui_rental_data.csv: 4313 records
2025-05-11 08:11:29,052 - INFO - Cache saved with 4420 URLs
2025-05-11 08:11:29,052 - INFO - Saved batch data. Total records: 4313
2025-05-11 08:11:29,052 - INFO - Processing batch 87/103 (50 links)
2025-05-11 08:11:34,923 - INFO - Progress: 10/50 ads processed
2025-05-11 08:11:40,315 - INFO - Progress: 20/50 ads processed
2025-05-11 08:11:46,020 - INFO - Progress: 30/50 ads processed
2025-05-11 08:11:51,140 - INFO - Progress: 40/50 ads processed
2025-05-11 08:11:56,917 - INFO - Progress: 50/50 ads processed
2025-05-11 08:11:56,942 - INFO - Created backup of existing data file at unegui_data/unegui_rental_data.csv.bak
2025-05-11 08:11:57,014 - INFO - Data saved to unegui_data/unegui_rental_data.csv: 4363 records
2025-05-11 08:11:57,165 - INFO - Cache saved with 4470 URLs
2025-05-11 08:11:57,165 - INFO - Saved batch data. Total records: 4363
2025-05-11 08:11:57,165 - INFO - Processing batch 88/103 (50 links)
2025-05-11 08:12:03,101 - INFO - Progress: 10/50 ads processed
2025-05-11 08:12:08,773 - INFO - Progress: 20/50 ads processed
2025-05-11 08:12:14,129 - INFO - Progress: 30/50 ads processed
2025-05-11 08:12:19,823 - INFO - Progress: 40/50 ads processed
2025-05-11 08:12:24,743 - INFO - Progress: 50/50 ads processed
2025-05-11 08:12:24,767 - INFO - Created backup of existing data file at unegui_data/unegui_rental_data.csv.bak
2025-05-11 08:12:24,833 - INFO - Data saved to unegui_data/unegui_rental_data.csv: 4413 records
2025-05-11 08:12:24,982 - INFO - Cache saved with 4520 URLs
2025-05-11 08:12:24,982 - INFO - Saved batch data. Total records: 4413
2025-05-11 08:12:24,982 - INFO - Processing batch 89/103 (50 links)
2025-05-11 08:12:31,977 - INFO - Progress: 10/50 ads processed
2025-05-11 08:12:37,915 - INFO - Progress: 20/50 ads processed
2025-05-11 08:12:42,918 - INFO - Progress: 30/50 ads processed
2025-05-11 08:12:48,337 - INFO - Progress: 40/50 ads processed
2025-05-11 08:12:53,960 - INFO - Progress: 50/50 ads processed
2025-05-11 08:12:53,982 - INFO - Created backup of existing data file at unegui_data/unegui_rental_data.csv.bak
2025-05-11 08:12:54,037 - INFO - Data saved to unegui_data/unegui_rental_data.csv: 4463 records
2025-05-11 08:12:54,183 - INFO - Cache saved with 4570 URLs
2025-05-11 08:12:54,183 - INFO - Saved batch data. Total records: 4463
2025-05-11 08:12:54,183 - INFO - Processing batch 90/103 (50 links)
2025-05-11 08:12:59,968 - INFO - Progress: 10/50 ads processed
2025-05-11 08:13:05,670 - INFO - Progress: 20/50 ads processed
2025-05-11 08:13:11,222 - INFO - Progress: 30/50 ads processed
2025-05-11 08:13:17,131 - INFO - Progress: 40/50 ads processed
2025-05-11 08:13:22,231 - INFO - Progress: 50/50 ads processed
2025-05-11 08:13:22,256 - INFO - Created backup of existing data file at unegui_data/unegui_rental_data.csv.bak
2025-05-11 08:13:22,321 - INFO - Data saved to unegui_data/unegui_rental_data.csv: 4513 records
2025-05-11 08:13:22,474 - INFO - Cache saved with 4620 URLs
2025-05-11 08:13:22,474 - INFO - Saved batch data. Total records: 4513
2025-05-11 08:13:22,474 - INFO - Processing batch 91/103 (50 links)
2025-05-11 08:13:28,277 - INFO - Progress: 10/50 ads processed
2025-05-11 08:13:34,305 - INFO - Progress: 20/50 ads processed
2025-05-11 08:13:40,006 - INFO - Progress: 30/50 ads processed
2025-05-11 08:13:45,200 - INFO - Progress: 40/50 ads processed
2025-05-11 08:13:50,952 - INFO - Progress: 50/50 ads processed
2025-05-11 08:13:50,974 - INFO - Created backup of existing data file at unegui_data/unegui_rental_data.csv.bak
2025-05-11 08:13:51,030 - INFO - Data saved to unegui_data/unegui_rental_data.csv: 4563 records
2025-05-11 08:13:51,181 - INFO - Cache saved with 4670 URLs
2025-05-11 08:13:51,181 - INFO - Saved batch data. Total records: 4563
2025-05-11 08:13:51,181 - INFO - Processing batch 92/103 (50 links)
2025-05-11 08:13:57,560 - INFO - Progress: 10/50 ads processed
2025-05-11 08:14:03,478 - INFO - Progress: 20/50 ads processed
2025-05-11 08:14:08,985 - INFO - Progress: 30/50 ads processed
2025-05-11 08:14:14,231 - INFO - Progress: 40/50 ads processed
2025-05-11 08:14:19,765 - INFO - Progress: 50/50 ads processed
2025-05-11 08:14:19,790 - INFO - Created backup of existing data file at unegui_data/unegui_rental_data.csv.bak
2025-05-11 08:14:19,858 - INFO - Data saved to unegui_data/unegui_rental_data.csv: 4611 records
2025-05-11 08:14:20,014 - INFO - Cache saved with 4720 URLs
2025-05-11 08:14:20,014 - INFO - Saved batch data. Total records: 4611
2025-05-11 08:14:20,014 - INFO - Processing batch 93/103 (50 links)
2025-05-11 08:14:25,984 - INFO - Progress: 10/50 ads processed
2025-05-11 08:14:31,812 - INFO - Progress: 20/50 ads processed
2025-05-11 08:14:37,205 - INFO - Progress: 30/50 ads processed
2025-05-11 08:14:42,563 - INFO - Progress: 40/50 ads processed
2025-05-11 08:14:48,470 - INFO - Progress: 50/50 ads processed
2025-05-11 08:14:48,496 - INFO - Created backup of existing data file at unegui_data/unegui_rental_data.csv.bak
2025-05-11 08:14:48,556 - INFO - Data saved to unegui_data/unegui_rental_data.csv: 4661 records
2025-05-11 08:14:48,714 - INFO - Cache saved with 4770 URLs
2025-05-11 08:14:48,714 - INFO - Saved batch data. Total records: 4661
2025-05-11 08:14:48,714 - INFO - Processing batch 94/103 (50 links)
2025-05-11 08:14:54,429 - INFO - Progress: 10/50 ads processed
2025-05-11 08:15:00,362 - INFO - Progress: 20/50 ads processed
2025-05-11 08:15:06,111 - INFO - Progress: 30/50 ads processed
2025-05-11 08:15:11,650 - INFO - Progress: 40/50 ads processed
2025-05-11 08:15:17,111 - INFO - Progress: 50/50 ads processed
2025-05-11 08:15:17,139 - INFO - Created backup of existing data file at unegui_data/unegui_rental_data.csv.bak
2025-05-11 08:15:17,215 - INFO - Data saved to unegui_data/unegui_rental_data.csv: 4710 records
2025-05-11 08:15:17,375 - INFO - Cache saved with 4820 URLs
2025-05-11 08:15:17,375 - INFO - Saved batch data. Total records: 4710
2025-05-11 08:15:17,375 - INFO - Processing batch 95/103 (50 links)
2025-05-11 08:15:23,195 - INFO - Progress: 10/50 ads processed
2025-05-11 08:15:29,900 - INFO - Progress: 20/50 ads processed
2025-05-11 08:15:35,345 - INFO - Progress: 30/50 ads processed
2025-05-11 08:15:41,182 - INFO - Progress: 40/50 ads processed
2025-05-11 08:15:46,306 - INFO - Progress: 50/50 ads processed
2025-05-11 08:15:46,329 - INFO - Created backup of existing data file at unegui_data/unegui_rental_data.csv.bak
2025-05-11 08:15:46,395 - INFO - Data saved to unegui_data/unegui_rental_data.csv: 4760 records
2025-05-11 08:15:46,555 - INFO - Cache saved with 4870 URLs
2025-05-11 08:15:46,555 - INFO - Saved batch data. Total records: 4760
2025-05-11 08:15:46,555 - INFO - Processing batch 96/103 (50 links)
2025-05-11 08:15:52,615 - INFO - Progress: 10/50 ads processed
2025-05-11 08:15:58,459 - INFO - Progress: 20/50 ads processed
2025-05-11 08:16:03,908 - INFO - Progress: 30/50 ads processed
2025-05-11 08:16:09,688 - INFO - Progress: 40/50 ads processed
2025-05-11 08:16:16,327 - INFO - Progress: 50/50 ads processed
2025-05-11 08:16:16,352 - INFO - Created backup of existing data file at unegui_data/unegui_rental_data.csv.bak
2025-05-11 08:16:16,428 - INFO - Data saved to unegui_data/unegui_rental_data.csv: 4809 records
2025-05-11 08:16:16,590 - INFO - Cache saved with 4920 URLs
2025-05-11 08:16:16,590 - INFO - Saved batch data. Total records: 4809
2025-05-11 08:16:16,590 - INFO - Processing batch 97/103 (50 links)
2025-05-11 08:16:22,397 - INFO - Progress: 10/50 ads processed
2025-05-11 08:16:28,071 - INFO - Progress: 20/50 ads processed
2025-05-11 08:16:33,392 - INFO - Progress: 30/50 ads processed
2025-05-11 08:16:38,663 - INFO - Progress: 40/50 ads processed
2025-05-11 08:16:44,364 - INFO - Progress: 50/50 ads processed
2025-05-11 08:16:44,391 - INFO - Created backup of existing data file at unegui_data/unegui_rental_data.csv.bak
2025-05-11 08:16:44,474 - INFO - Data saved to unegui_data/unegui_rental_data.csv: 4857 records
2025-05-11 08:16:44,639 - INFO - Cache saved with 4970 URLs
2025-05-11 08:16:44,639 - INFO - Saved batch data. Total records: 4857
2025-05-11 08:16:44,639 - INFO - Processing batch 98/103 (50 links)
2025-05-11 08:16:50,528 - INFO - Progress: 10/50 ads processed
2025-05-11 08:16:56,129 - INFO - Progress: 20/50 ads processed
2025-05-11 08:17:01,517 - INFO - Progress: 30/50 ads processed
2025-05-11 08:17:07,634 - INFO - Progress: 40/50 ads processed
2025-05-11 08:17:13,066 - INFO - Progress: 50/50 ads processed
2025-05-11 08:17:13,095 - INFO - Created backup of existing data file at unegui_data/unegui_rental_data.csv.bak
2025-05-11 08:17:13,168 - INFO - Data saved to unegui_data/unegui_rental_data.csv: 4904 records
2025-05-11 08:17:13,335 - INFO - Cache saved with 5020 URLs
2025-05-11 08:17:13,335 - INFO - Saved batch data. Total records: 4904
2025-05-11 08:17:13,335 - INFO - Processing batch 99/103 (50 links)
2025-05-11 08:17:18,874 - INFO - Progress: 10/50 ads processed
2025-05-11 08:17:24,581 - INFO - Progress: 20/50 ads processed
2025-05-11 08:17:29,789 - INFO - Progress: 30/50 ads processed
2025-05-11 08:17:35,022 - INFO - Progress: 40/50 ads processed
2025-05-11 08:17:40,667 - INFO - Progress: 50/50 ads processed
2025-05-11 08:17:40,693 - INFO - Created backup of existing data file at unegui_data/unegui_rental_data.csv.bak
2025-05-11 08:17:40,768 - INFO - Data saved to unegui_data/unegui_rental_data.csv: 4953 records
2025-05-11 08:17:40,939 - INFO - Cache saved with 5070 URLs
2025-05-11 08:17:40,939 - INFO - Saved batch data. Total records: 4953
2025-05-11 08:17:40,939 - INFO - Processing batch 100/103 (50 links)
2025-05-11 08:17:46,703 - INFO - Progress: 10/50 ads processed
2025-05-11 08:17:52,287 - INFO - Progress: 20/50 ads processed
2025-05-11 08:17:58,770 - INFO - Progress: 30/50 ads processed
2025-05-11 08:18:04,611 - INFO - Progress: 40/50 ads processed
2025-05-11 08:18:10,310 - INFO - Progress: 50/50 ads processed
2025-05-11 08:18:10,334 - INFO - Created backup of existing data file at unegui_data/unegui_rental_data.csv.bak
2025-05-11 08:18:10,404 - INFO - Data saved to unegui_data/unegui_rental_data.csv: 5001 records
2025-05-11 08:18:10,573 - INFO - Cache saved with 5120 URLs
2025-05-11 08:18:10,573 - INFO - Saved batch data. Total records: 5001
2025-05-11 08:18:10,573 - INFO - Processing batch 101/103 (50 links)
2025-05-11 08:18:17,015 - INFO - Progress: 10/50 ads processed
2025-05-11 08:18:19,841 - INFO - Progress: 20/50 ads processed
2025-05-11 08:18:19,841 - INFO - Progress: 30/50 ads processed
2025-05-11 08:18:19,841 - INFO - Progress: 40/50 ads processed
2025-05-11 08:18:26,179 - INFO - Progress: 50/50 ads processed
2025-05-11 08:18:26,205 - INFO - Created backup of existing data file at unegui_data/unegui_rental_data.csv.bak
2025-05-11 08:18:26,272 - INFO - Data saved to unegui_data/unegui_rental_data.csv: 5019 records
2025-05-11 08:18:26,437 - INFO - Cache saved with 5138 URLs
2025-05-11 08:18:26,437 - INFO - Saved batch data. Total records: 5037
2025-05-11 08:18:26,437 - INFO - Processing batch 102/103 (50 links)
2025-05-11 08:18:26,439 - INFO - Progress: 10/50 ads processed
2025-05-11 08:18:26,439 - INFO - Progress: 20/50 ads processed
2025-05-11 08:18:26,439 - INFO - Progress: 30/50 ads processed
2025-05-11 08:18:26,439 - INFO - Progress: 40/50 ads processed
2025-05-11 08:18:26,440 - INFO - Progress: 50/50 ads processed
2025-05-11 08:18:26,440 - INFO - Processing batch 103/103 (46 links)
2025-05-11 08:18:26,441 - INFO - Progress: 10/46 ads processed
2025-05-11 08:18:26,441 - INFO - Progress: 20/46 ads processed
2025-05-11 08:18:26,441 - INFO - Progress: 30/46 ads processed
2025-05-11 08:18:26,442 - INFO - Progress: 40/46 ads processed
2025-05-11 08:18:26,442 - INFO - Progress: 46/46 ads processed
2025-05-11 08:18:26,442 - INFO - Scraping completed in 0:48:33.091414. Total ads collected: 5037
