2025-06-21 06:41:48,807 - INFO - Starting rental apartment scraper at 2025-06-21 06:41:48.807845
2025-06-21 06:41:48,932 - INFO - Loaded existing data from unegui_data/unegui_rental_data.csv: 14379 records
2025-06-21 06:41:49,083 - INFO - Loaded 14379 existing records
2025-06-21 06:41:49,084 - INFO - Scraping page 1...
2025-06-21 06:41:49,085 - INFO - Scraping page 2...
2025-06-21 06:41:49,085 - INFO - Scraping page 3...
2025-06-21 06:41:53,126 - INFO - Found 60 links on page 2
2025-06-21 06:41:53,127 - INFO - Scraping page 4...
2025-06-21 06:41:53,363 - INFO - Found 60 links on page 3
2025-06-21 06:41:53,364 - INFO - Scraping page 5...
2025-06-21 06:41:53,716 - INFO - Found 60 links on page 1
2025-06-21 06:41:53,716 - INFO - Scraping page 6...
2025-06-21 06:41:56,420 - INFO - Found 60 links on page 4
2025-06-21 06:41:56,420 - INFO - Scraping page 7...
2025-06-21 06:41:56,936 - INFO - Found 60 links on page 5
2025-06-21 06:41:56,937 - INFO - Scraping page 8...
2025-06-21 06:41:57,227 - INFO - Found 60 links on page 6
2025-06-21 06:41:57,227 - INFO - Scraping page 9...
2025-06-21 06:42:00,154 - INFO - Found 60 links on page 7
2025-06-21 06:42:00,155 - INFO - Scraping page 10...
2025-06-21 06:42:00,418 - INFO - Found 60 links on page 8
2025-06-21 06:42:00,418 - INFO - Scraping page 11...
2025-06-21 06:42:00,676 - INFO - Found 60 links on page 9
2025-06-21 06:42:00,676 - INFO - Scraping page 12...
2025-06-21 06:42:03,642 - INFO - Found 60 links on page 10
2025-06-21 06:42:03,642 - INFO - Scraping page 13...
2025-06-21 06:42:03,885 - INFO - Found 60 links on page 11
2025-06-21 06:42:03,885 - INFO - Scraping page 14...
2025-06-21 06:42:04,124 - INFO - Found 60 links on page 12
2025-06-21 06:42:04,124 - INFO - Scraping page 15...
2025-06-21 06:42:07,274 - INFO - Found 60 links on page 13
2025-06-21 06:42:07,274 - INFO - Scraping page 16...
2025-06-21 06:42:07,792 - INFO - Found 60 links on page 15
2025-06-21 06:42:07,797 - INFO - Scraping page 17...
2025-06-21 06:42:07,851 - INFO - Found 60 links on page 14
2025-06-21 06:42:07,851 - INFO - Scraping page 18...
2025-06-21 06:42:10,762 - INFO - Found 60 links on page 16
2025-06-21 06:42:10,762 - INFO - Scraping page 19...
2025-06-21 06:42:11,195 - INFO - Found 60 links on page 18
2025-06-21 06:42:11,196 - INFO - Scraping page 20...
2025-06-21 06:42:12,152 - INFO - Found 60 links on page 17
2025-06-21 06:42:12,153 - INFO - Scraping page 21...
2025-06-21 06:42:14,442 - INFO - Found 60 links on page 19
2025-06-21 06:42:14,442 - INFO - Scraping page 22...
2025-06-21 06:42:14,634 - INFO - Found 60 links on page 20
2025-06-21 06:42:14,634 - INFO - Scraping page 23...
2025-06-21 06:42:15,623 - INFO - Found 60 links on page 21
2025-06-21 06:42:15,623 - INFO - Scraping page 24...
2025-06-21 06:42:17,844 - INFO - Found 60 links on page 22
2025-06-21 06:42:17,845 - INFO - Scraping page 25...
2025-06-21 06:42:18,324 - INFO - Found 60 links on page 23
2025-06-21 06:42:18,324 - INFO - Scraping page 26...
2025-06-21 06:42:18,875 - INFO - Found 60 links on page 24
2025-06-21 06:42:18,875 - INFO - Scraping page 27...
2025-06-21 06:42:21,393 - INFO - Found 60 links on page 25
2025-06-21 06:42:21,394 - INFO - Scraping page 28...
2025-06-21 06:42:22,066 - INFO - Found 60 links on page 26
2025-06-21 06:42:22,066 - INFO - Scraping page 29...
2025-06-21 06:42:23,090 - INFO - Found 60 links on page 27
2025-06-21 06:42:23,090 - INFO - Scraping page 30...
2025-06-21 06:42:25,084 - INFO - Found 60 links on page 28
2025-06-21 06:42:25,084 - INFO - Scraping page 31...
2025-06-21 06:42:25,605 - INFO - Found 60 links on page 29
2025-06-21 06:42:25,605 - INFO - Scraping page 32...
2025-06-21 06:42:26,984 - INFO - Found 60 links on page 30
2025-06-21 06:42:26,984 - INFO - Scraping page 33...
2025-06-21 06:42:28,585 - INFO - Found 60 links on page 31
2025-06-21 06:42:28,585 - INFO - Scraping page 34...
2025-06-21 06:42:28,902 - INFO - Found 60 links on page 32
2025-06-21 06:42:28,903 - INFO - Scraping page 35...
2025-06-21 06:42:30,525 - INFO - Found 60 links on page 33
2025-06-21 06:42:30,526 - INFO - Scraping page 36...
2025-06-21 06:42:32,066 - INFO - Found 60 links on page 34
2025-06-21 06:42:32,066 - INFO - Scraping page 37...
2025-06-21 06:42:32,326 - INFO - Found 60 links on page 35
2025-06-21 06:42:32,326 - INFO - Scraping page 38...
2025-06-21 06:42:34,055 - INFO - Found 60 links on page 36
2025-06-21 06:42:34,055 - INFO - Scraping page 39...
2025-06-21 06:42:35,431 - INFO - Found 60 links on page 37
2025-06-21 06:42:35,431 - INFO - Scraping page 40...
2025-06-21 06:42:36,570 - INFO - Found 60 links on page 38
2025-06-21 06:42:36,570 - INFO - Scraping page 41...
2025-06-21 06:42:37,372 - INFO - Found 60 links on page 39
2025-06-21 06:42:37,372 - INFO - Scraping page 42...
2025-06-21 06:42:39,038 - INFO - Found 60 links on page 40
2025-06-21 06:42:39,038 - INFO - Scraping page 43...
2025-06-21 06:42:40,940 - INFO - Found 60 links on page 42
2025-06-21 06:42:40,950 - INFO - Scraping page 44...
2025-06-21 06:42:41,009 - INFO - Found 60 links on page 41
2025-06-21 06:42:41,010 - INFO - Scraping page 45...
2025-06-21 06:42:42,595 - INFO - Found 60 links on page 43
2025-06-21 06:42:42,595 - INFO - Scraping page 46...
2025-06-21 06:42:44,556 - INFO - Found 60 links on page 44
2025-06-21 06:42:44,557 - INFO - Scraping page 47...
2025-06-21 06:42:45,842 - INFO - Found 60 links on page 45
2025-06-21 06:42:45,848 - INFO - Scraping page 48...
2025-06-21 06:42:45,958 - INFO - Found 60 links on page 46
2025-06-21 06:42:45,958 - INFO - Scraping page 49...
2025-06-21 06:42:48,270 - INFO - Found 60 links on page 47
2025-06-21 06:42:48,271 - INFO - Scraping page 50...
2025-06-21 06:42:49,333 - INFO - Found 60 links on page 48
2025-06-21 06:42:49,333 - INFO - Scraping page 51...
2025-06-21 06:42:49,843 - INFO - Found 60 links on page 49
2025-06-21 06:42:49,843 - INFO - Scraping page 52...
2025-06-21 06:42:51,778 - INFO - Found 60 links on page 50
2025-06-21 06:42:51,778 - INFO - Scraping page 53...
2025-06-21 06:42:52,829 - INFO - Found 60 links on page 51
2025-06-21 06:42:52,829 - INFO - Scraping page 54...
2025-06-21 06:42:53,841 - INFO - Found 60 links on page 52
2025-06-21 06:42:53,841 - INFO - Scraping page 55...
2025-06-21 06:42:55,490 - INFO - Found 60 links on page 53
2025-06-21 06:42:55,491 - INFO - Scraping page 56...
2025-06-21 06:42:57,141 - INFO - Found 60 links on page 54
2025-06-21 06:42:57,141 - INFO - Scraping page 57...
2025-06-21 06:42:57,581 - INFO - Found 60 links on page 55
2025-06-21 06:42:57,582 - INFO - Scraping page 58...
2025-06-21 06:42:59,188 - INFO - Found 60 links on page 56
2025-06-21 06:42:59,188 - INFO - Scraping page 59...
2025-06-21 06:43:00,471 - INFO - Found 60 links on page 57
2025-06-21 06:43:00,471 - INFO - Scraping page 60...
2025-06-21 06:43:01,713 - INFO - Found 60 links on page 58
2025-06-21 06:43:01,713 - INFO - Scraping page 61...
2025-06-21 06:43:02,790 - INFO - Found 60 links on page 59
2025-06-21 06:43:02,790 - INFO - Scraping page 62...
2025-06-21 06:43:04,090 - INFO - Found 60 links on page 60
2025-06-21 06:43:04,090 - INFO - Scraping page 63...
2025-06-21 06:43:04,992 - INFO - Found 60 links on page 61
2025-06-21 06:43:04,992 - INFO - Scraping page 64...
2025-06-21 06:43:06,243 - INFO - Found 60 links on page 62
2025-06-21 06:43:06,243 - INFO - Scraping page 65...
2025-06-21 06:43:07,536 - INFO - Found 60 links on page 63
2025-06-21 06:43:07,537 - INFO - Scraping page 66...
2025-06-21 06:43:08,650 - INFO - Found 60 links on page 64
2025-06-21 06:43:08,651 - INFO - Scraping page 67...
2025-06-21 06:43:09,552 - INFO - Found 60 links on page 65
2025-06-21 06:43:09,552 - INFO - Scraping page 68...
2025-06-21 06:43:11,424 - INFO - Found 60 links on page 66
2025-06-21 06:43:11,424 - INFO - Scraping page 69...
2025-06-21 06:43:12,132 - INFO - Found 60 links on page 67
2025-06-21 06:43:12,132 - INFO - Scraping page 70...
2025-06-21 06:43:13,067 - INFO - Found 60 links on page 68
2025-06-21 06:43:13,067 - INFO - Scraping page 71...
2025-06-21 06:43:15,145 - INFO - Found 60 links on page 69
2025-06-21 06:43:15,145 - INFO - Scraping page 72...
2025-06-21 06:43:15,494 - INFO - Found 60 links on page 70
2025-06-21 06:43:15,494 - INFO - Scraping page 73...
2025-06-21 06:43:16,452 - INFO - Found 60 links on page 71
2025-06-21 06:43:16,452 - INFO - Scraping page 74...
2025-06-21 06:43:18,808 - INFO - Found 60 links on page 73
2025-06-21 06:43:18,808 - INFO - Scraping page 75...
2025-06-21 06:43:19,299 - INFO - Found 60 links on page 72
2025-06-21 06:43:19,300 - INFO - Scraping page 76...
2025-06-21 06:43:20,029 - INFO - Found 60 links on page 74
2025-06-21 06:43:20,029 - INFO - Scraping page 77...
2025-06-21 06:43:22,279 - INFO - Found 60 links on page 75
2025-06-21 06:43:22,280 - INFO - Scraping page 78...
2025-06-21 06:43:22,894 - INFO - Found 60 links on page 76
2025-06-21 06:43:22,894 - INFO - Scraping page 79...
2025-06-21 06:43:23,705 - INFO - Found 60 links on page 77
2025-06-21 06:43:23,705 - INFO - Scraping page 80...
2025-06-21 06:43:25,581 - INFO - Found 60 links on page 78
2025-06-21 06:43:25,581 - INFO - Scraping page 81...
2025-06-21 06:43:26,183 - INFO - Found 60 links on page 79
2025-06-21 06:43:26,183 - INFO - Scraping page 82...
2025-06-21 06:43:27,300 - INFO - Found 60 links on page 80
2025-06-21 06:43:27,300 - INFO - Scraping page 83...
2025-06-21 06:43:29,567 - INFO - Found 60 links on page 81
2025-06-21 06:43:29,567 - INFO - Scraping page 84...
2025-06-21 06:43:30,365 - INFO - Found 60 links on page 82
2025-06-21 06:43:30,365 - INFO - Scraping page 85...
2025-06-21 06:43:30,675 - INFO - Found 60 links on page 83
2025-06-21 06:43:30,676 - INFO - Scraping page 86...
2025-06-21 06:43:32,988 - INFO - Found 60 links on page 84
2025-06-21 06:43:32,988 - INFO - Scraping page 87...
2025-06-21 06:43:33,818 - INFO - Found 60 links on page 85
2025-06-21 06:43:33,818 - INFO - Scraping page 88...
2025-06-21 06:43:34,041 - INFO - Found 60 links on page 86
2025-06-21 06:43:34,041 - INFO - Scraping page 89...
2025-06-21 06:43:37,031 - INFO - Found 60 links on page 87
2025-06-21 06:43:37,031 - INFO - Scraping page 90...
2025-06-21 06:43:37,313 - INFO - Found 60 links on page 89
2025-06-21 06:43:37,462 - INFO - Found 60 links on page 88
2025-06-21 06:43:40,553 - INFO - Found 60 links on page 90
2025-06-21 06:43:40,557 - INFO - Found 209 new links to scrape out of 5400 total links
2025-06-21 06:43:40,558 - INFO - Processing batch 1/5 (50 links)
2025-06-21 06:43:46,217 - INFO - Progress: 10/50 ads processed
2025-06-21 06:43:51,504 - INFO - Progress: 20/50 ads processed
2025-06-21 06:43:57,083 - INFO - Progress: 30/50 ads processed
2025-06-21 06:44:02,015 - INFO - Progress: 40/50 ads processed
2025-06-21 06:44:06,876 - INFO - Progress: 50/50 ads processed
2025-06-21 06:44:06,919 - INFO - Created backup of existing data file at unegui_data/unegui_rental_data.csv.bak
2025-06-21 06:44:07,089 - INFO - Data saved to unegui_data/unegui_rental_data.csv: 14426 records
2025-06-21 06:44:07,556 - INFO - Cache saved with 14789 URLs
2025-06-21 06:44:07,556 - INFO - Saved batch data. Total records: 14426
2025-06-21 06:44:07,556 - INFO - Processing batch 2/5 (50 links)
2025-06-21 06:44:12,929 - INFO - Progress: 10/50 ads processed
2025-06-21 06:44:18,123 - INFO - Progress: 20/50 ads processed
2025-06-21 06:44:24,343 - INFO - Progress: 30/50 ads processed
2025-06-21 06:44:29,441 - INFO - Progress: 40/50 ads processed
2025-06-21 06:44:34,176 - INFO - Progress: 50/50 ads processed
2025-06-21 06:44:34,219 - INFO - Created backup of existing data file at unegui_data/unegui_rental_data.csv.bak
2025-06-21 06:44:34,387 - INFO - Data saved to unegui_data/unegui_rental_data.csv: 14473 records
2025-06-21 06:44:34,859 - INFO - Cache saved with 14839 URLs
2025-06-21 06:44:34,859 - INFO - Saved batch data. Total records: 14473
2025-06-21 06:44:34,859 - INFO - Processing batch 3/5 (50 links)
2025-06-21 06:44:40,213 - INFO - Progress: 10/50 ads processed
2025-06-21 06:44:45,153 - INFO - Progress: 20/50 ads processed
2025-06-21 06:44:51,786 - INFO - Progress: 30/50 ads processed
2025-06-21 06:44:56,943 - INFO - Progress: 40/50 ads processed
2025-06-21 06:45:01,971 - INFO - Progress: 50/50 ads processed
2025-06-21 06:45:02,014 - INFO - Created backup of existing data file at unegui_data/unegui_rental_data.csv.bak
2025-06-21 06:45:02,182 - INFO - Data saved to unegui_data/unegui_rental_data.csv: 14521 records
2025-06-21 06:45:02,649 - INFO - Cache saved with 14889 URLs
2025-06-21 06:45:02,649 - INFO - Saved batch data. Total records: 14521
2025-06-21 06:45:02,649 - INFO - Processing batch 4/5 (50 links)
2025-06-21 06:45:07,975 - INFO - Progress: 10/50 ads processed
2025-06-21 06:45:12,892 - INFO - Progress: 20/50 ads processed
2025-06-21 06:45:17,721 - INFO - Progress: 30/50 ads processed
2025-06-21 06:45:22,722 - INFO - Progress: 40/50 ads processed
2025-06-21 06:45:27,814 - INFO - Progress: 50/50 ads processed
2025-06-21 06:45:27,857 - INFO - Created backup of existing data file at unegui_data/unegui_rental_data.csv.bak
2025-06-21 06:45:28,026 - INFO - Data saved to unegui_data/unegui_rental_data.csv: 14569 records
2025-06-21 06:45:28,504 - INFO - Cache saved with 14939 URLs
2025-06-21 06:45:28,504 - INFO - Saved batch data. Total records: 14569
2025-06-21 06:45:28,505 - INFO - Processing batch 5/5 (9 links)
2025-06-21 06:45:33,831 - INFO - Progress: 9/9 ads processed
2025-06-21 06:45:33,874 - INFO - Created backup of existing data file at unegui_data/unegui_rental_data.csv.bak
2025-06-21 06:45:34,045 - INFO - Data saved to unegui_data/unegui_rental_data.csv: 14578 records
2025-06-21 06:45:34,515 - INFO - Cache saved with 14948 URLs
2025-06-21 06:45:34,515 - INFO - Saved batch data. Total records: 14578
2025-06-21 06:45:34,515 - INFO - Scraping completed in 0:03:45.707418. Total ads collected: 14578
