2025-06-03 06:47:23,787 - INFO - Starting rental apartment scraper at 2025-06-03 06:47:23.787571
2025-06-03 06:47:23,874 - INFO - Loaded existing data from unegui_data/unegui_rental_data.csv: 10020 records
2025-06-03 06:47:23,978 - INFO - Loaded 10020 existing records
2025-06-03 06:47:23,980 - INFO - Scraping page 1...
2025-06-03 06:47:23,980 - INFO - Scraping page 2...
2025-06-03 06:47:23,980 - INFO - Scraping page 3...
2025-06-03 06:47:28,244 - INFO - Found 60 links on page 2
2025-06-03 06:47:28,249 - INFO - Scraping page 4...
2025-06-03 06:47:28,469 - INFO - Found 60 links on page 1
2025-06-03 06:47:28,479 - INFO - Scraping page 5...
2025-06-03 06:47:28,547 - INFO - Found 60 links on page 3
2025-06-03 06:47:28,547 - INFO - Scraping page 6...
2025-06-03 06:47:32,181 - INFO - Found 60 links on page 4
2025-06-03 06:47:32,182 - INFO - Scraping page 7...
2025-06-03 06:47:32,374 - INFO - Found 60 links on page 6
2025-06-03 06:47:32,374 - INFO - Scraping page 8...
2025-06-03 06:47:32,821 - INFO - Found 60 links on page 5
2025-06-03 06:47:32,821 - INFO - Scraping page 9...
2025-06-03 06:47:35,829 - INFO - Found 60 links on page 7
2025-06-03 06:47:35,829 - INFO - Scraping page 10...
2025-06-03 06:47:36,310 - INFO - Found 60 links on page 8
2025-06-03 06:47:36,310 - INFO - Scraping page 11...
2025-06-03 06:47:36,614 - INFO - Found 60 links on page 9
2025-06-03 06:47:36,614 - INFO - Scraping page 12...
2025-06-03 06:47:39,452 - INFO - Found 60 links on page 10
2025-06-03 06:47:39,452 - INFO - Scraping page 13...
2025-06-03 06:47:39,874 - INFO - Found 60 links on page 11
2025-06-03 06:47:39,874 - INFO - Scraping page 14...
2025-06-03 06:47:40,144 - INFO - Found 60 links on page 12
2025-06-03 06:47:40,144 - INFO - Scraping page 15...
2025-06-03 06:47:43,393 - INFO - Found 60 links on page 14
2025-06-03 06:47:43,399 - INFO - Scraping page 16...
2025-06-03 06:47:43,520 - INFO - Found 60 links on page 13
2025-06-03 06:47:43,521 - INFO - Scraping page 17...
2025-06-03 06:47:44,543 - INFO - Found 60 links on page 15
2025-06-03 06:47:44,543 - INFO - Scraping page 18...
2025-06-03 06:47:46,780 - INFO - Found 60 links on page 16
2025-06-03 06:47:46,780 - INFO - Scraping page 19...
2025-06-03 06:47:47,752 - INFO - Found 60 links on page 17
2025-06-03 06:47:47,752 - INFO - Scraping page 20...
2025-06-03 06:47:48,303 - INFO - Found 60 links on page 18
2025-06-03 06:47:48,303 - INFO - Scraping page 21...
2025-06-03 06:47:50,299 - INFO - Found 60 links on page 19
2025-06-03 06:47:50,299 - INFO - Scraping page 22...
2025-06-03 06:47:51,472 - INFO - Found 60 links on page 20
2025-06-03 06:47:51,472 - INFO - Scraping page 23...
2025-06-03 06:47:52,078 - INFO - Found 60 links on page 21
2025-06-03 06:47:52,078 - INFO - Scraping page 24...
2025-06-03 06:47:53,879 - INFO - Found 60 links on page 22
2025-06-03 06:47:53,879 - INFO - Scraping page 25...
2025-06-03 06:47:55,070 - INFO - Found 60 links on page 23
2025-06-03 06:47:55,070 - INFO - Scraping page 26...
2025-06-03 06:47:55,403 - INFO - Found 60 links on page 24
2025-06-03 06:47:55,403 - INFO - Scraping page 27...
2025-06-03 06:47:57,679 - INFO - Found 60 links on page 25
2025-06-03 06:47:57,679 - INFO - Scraping page 28...
2025-06-03 06:47:58,690 - INFO - Found 60 links on page 26
2025-06-03 06:47:58,690 - INFO - Scraping page 29...
2025-06-03 06:47:59,752 - INFO - Found 60 links on page 27
2025-06-03 06:47:59,752 - INFO - Scraping page 30...
2025-06-03 06:48:00,977 - INFO - Found 60 links on page 28
2025-06-03 06:48:00,977 - INFO - Scraping page 31...
2025-06-03 06:48:02,517 - INFO - Found 60 links on page 29
2025-06-03 06:48:02,517 - INFO - Scraping page 32...
2025-06-03 06:48:03,427 - INFO - Found 60 links on page 30
2025-06-03 06:48:03,427 - INFO - Scraping page 33...
2025-06-03 06:48:04,787 - INFO - Found 60 links on page 31
2025-06-03 06:48:04,787 - INFO - Scraping page 34...
2025-06-03 06:48:05,839 - INFO - Found 60 links on page 32
2025-06-03 06:48:05,839 - INFO - Scraping page 35...
2025-06-03 06:48:06,961 - INFO - Found 60 links on page 33
2025-06-03 06:48:06,961 - INFO - Scraping page 36...
2025-06-03 06:48:08,319 - INFO - Found 60 links on page 34
2025-06-03 06:48:08,319 - INFO - Scraping page 37...
2025-06-03 06:48:09,390 - INFO - Found 60 links on page 35
2025-06-03 06:48:09,390 - INFO - Scraping page 38...
2025-06-03 06:48:10,539 - INFO - Found 60 links on page 36
2025-06-03 06:48:10,539 - INFO - Scraping page 39...
2025-06-03 06:48:11,901 - INFO - Found 60 links on page 37
2025-06-03 06:48:11,901 - INFO - Scraping page 40...
2025-06-03 06:48:12,949 - INFO - Found 60 links on page 38
2025-06-03 06:48:12,950 - INFO - Scraping page 41...
2025-06-03 06:48:14,376 - INFO - Found 60 links on page 39
2025-06-03 06:48:14,376 - INFO - Scraping page 42...
2025-06-03 06:48:15,473 - INFO - Found 60 links on page 40
2025-06-03 06:48:15,473 - INFO - Scraping page 43...
2025-06-03 06:48:16,759 - INFO - Found 60 links on page 41
2025-06-03 06:48:16,759 - INFO - Scraping page 44...
2025-06-03 06:48:18,059 - INFO - Found 60 links on page 42
2025-06-03 06:48:18,059 - INFO - Scraping page 45...
2025-06-03 06:48:18,851 - INFO - Found 60 links on page 43
2025-06-03 06:48:18,851 - INFO - Scraping page 46...
2025-06-03 06:48:20,556 - INFO - Found 60 links on page 44
2025-06-03 06:48:20,556 - INFO - Scraping page 47...
2025-06-03 06:48:21,786 - INFO - Found 60 links on page 45
2025-06-03 06:48:21,787 - INFO - Scraping page 48...
2025-06-03 06:48:22,671 - INFO - Found 60 links on page 46
2025-06-03 06:48:22,671 - INFO - Scraping page 49...
2025-06-03 06:48:24,354 - INFO - Found 60 links on page 47
2025-06-03 06:48:24,355 - INFO - Scraping page 50...
2025-06-03 06:48:25,648 - INFO - Found 60 links on page 48
2025-06-03 06:48:25,649 - INFO - Scraping page 51...
2025-06-03 06:48:26,795 - INFO - Found 60 links on page 49
2025-06-03 06:48:26,796 - INFO - Scraping page 52...
2025-06-03 06:48:27,808 - INFO - Found 60 links on page 50
2025-06-03 06:48:27,808 - INFO - Scraping page 53...
2025-06-03 06:48:29,015 - INFO - Found 60 links on page 51
2025-06-03 06:48:29,016 - INFO - Scraping page 54...
2025-06-03 06:48:30,371 - INFO - Found 60 links on page 52
2025-06-03 06:48:30,372 - INFO - Scraping page 55...
2025-06-03 06:48:31,508 - INFO - Found 60 links on page 53
2025-06-03 06:48:31,508 - INFO - Scraping page 56...
2025-06-03 06:48:32,508 - INFO - Found 60 links on page 54
2025-06-03 06:48:32,509 - INFO - Scraping page 57...
2025-06-03 06:48:33,749 - INFO - Found 60 links on page 55
2025-06-03 06:48:33,749 - INFO - Scraping page 58...
2025-06-03 06:48:36,104 - INFO - Found 60 links on page 57
2025-06-03 06:48:36,104 - INFO - Scraping page 59...
2025-06-03 06:48:36,371 - INFO - Found 60 links on page 56
2025-06-03 06:48:36,371 - INFO - Scraping page 60...
2025-06-03 06:48:37,624 - INFO - Found 60 links on page 58
2025-06-03 06:48:37,624 - INFO - Scraping page 61...
2025-06-03 06:48:39,732 - INFO - Found 60 links on page 59
2025-06-03 06:48:39,732 - INFO - Scraping page 62...
2025-06-03 06:48:40,076 - INFO - Found 60 links on page 60
2025-06-03 06:48:40,077 - INFO - Scraping page 63...
2025-06-03 06:48:41,123 - INFO - Found 60 links on page 61
2025-06-03 06:48:41,123 - INFO - Scraping page 64...
2025-06-03 06:48:43,210 - INFO - Found 60 links on page 62
2025-06-03 06:48:43,211 - INFO - Scraping page 65...
2025-06-03 06:48:43,451 - INFO - Found 60 links on page 63
2025-06-03 06:48:43,451 - INFO - Scraping page 66...
2025-06-03 06:48:44,673 - INFO - Found 60 links on page 64
2025-06-03 06:48:44,673 - INFO - Scraping page 67...
2025-06-03 06:48:46,854 - INFO - Found 60 links on page 65
2025-06-03 06:48:46,854 - INFO - Scraping page 68...
2025-06-03 06:48:47,205 - INFO - Found 60 links on page 66
2025-06-03 06:48:47,205 - INFO - Scraping page 69...
2025-06-03 06:48:48,981 - INFO - Found 60 links on page 67
2025-06-03 06:48:48,981 - INFO - Scraping page 70...
2025-06-03 06:48:50,549 - INFO - Found 60 links on page 69
2025-06-03 06:48:50,549 - INFO - Scraping page 71...
2025-06-03 06:48:50,786 - INFO - Found 60 links on page 68
2025-06-03 06:48:50,787 - INFO - Scraping page 72...
2025-06-03 06:48:52,541 - INFO - Found 60 links on page 70
2025-06-03 06:48:52,541 - INFO - Scraping page 73...
2025-06-03 06:48:53,909 - INFO - Found 60 links on page 71
2025-06-03 06:48:53,909 - INFO - Scraping page 74...
2025-06-03 06:48:54,536 - INFO - Found 60 links on page 72
2025-06-03 06:48:54,536 - INFO - Scraping page 75...
2025-06-03 06:48:56,019 - INFO - Found 60 links on page 73
2025-06-03 06:48:56,019 - INFO - Scraping page 76...
2025-06-03 06:48:57,381 - INFO - Found 60 links on page 74
2025-06-03 06:48:57,381 - INFO - Scraping page 77...
2025-06-03 06:48:58,200 - INFO - Found 60 links on page 75
2025-06-03 06:48:58,201 - INFO - Scraping page 78...
2025-06-03 06:48:59,756 - INFO - Found 60 links on page 76
2025-06-03 06:48:59,756 - INFO - Scraping page 79...
2025-06-03 06:49:01,109 - INFO - Found 60 links on page 77
2025-06-03 06:49:01,109 - INFO - Scraping page 80...
2025-06-03 06:49:01,586 - INFO - Found 60 links on page 78
2025-06-03 06:49:01,586 - INFO - Scraping page 81...
2025-06-03 06:49:03,549 - INFO - Found 60 links on page 79
2025-06-03 06:49:03,550 - INFO - Scraping page 82...
2025-06-03 06:49:05,580 - INFO - Found 60 links on page 80
2025-06-03 06:49:05,586 - INFO - Scraping page 83...
2025-06-03 06:49:05,655 - INFO - Found 60 links on page 81
2025-06-03 06:49:05,656 - INFO - Scraping page 84...
2025-06-03 06:49:07,055 - INFO - Found 60 links on page 82
2025-06-03 06:49:07,056 - INFO - Scraping page 85...
2025-06-03 06:49:09,731 - INFO - Found 60 links on page 83
2025-06-03 06:49:09,731 - INFO - Scraping page 86...
2025-06-03 06:49:10,110 - INFO - Found 60 links on page 84
2025-06-03 06:49:10,110 - INFO - Scraping page 87...
2025-06-03 06:49:10,666 - INFO - Found 60 links on page 85
2025-06-03 06:49:10,666 - INFO - Scraping page 88...
2025-06-03 06:49:13,276 - INFO - Found 60 links on page 86
2025-06-03 06:49:13,276 - INFO - Scraping page 89...
2025-06-03 06:49:13,458 - INFO - Found 60 links on page 87
2025-06-03 06:49:13,458 - INFO - Scraping page 90...
2025-06-03 06:49:14,203 - INFO - Found 60 links on page 88
2025-06-03 06:49:16,605 - INFO - Found 36 links on page 89
2025-06-03 06:49:17,170 - INFO - Found 36 links on page 90
2025-06-03 06:49:17,173 - INFO - Found 313 new links to scrape out of 5352 total links
2025-06-03 06:49:17,173 - INFO - Processing batch 1/7 (50 links)
2025-06-03 06:49:22,692 - INFO - Progress: 10/50 ads processed
2025-06-03 06:49:27,730 - INFO - Progress: 20/50 ads processed
2025-06-03 06:49:32,488 - INFO - Progress: 30/50 ads processed
2025-06-03 06:49:37,600 - INFO - Progress: 40/50 ads processed
2025-06-03 06:49:42,544 - INFO - Progress: 50/50 ads processed
2025-06-03 06:49:42,574 - INFO - Created backup of existing data file at unegui_data/unegui_rental_data.csv.bak
2025-06-03 06:49:42,691 - INFO - Data saved to unegui_data/unegui_rental_data.csv: 10070 records
2025-06-03 06:49:43,019 - INFO - Cache saved with 10324 URLs
2025-06-03 06:49:43,019 - INFO - Saved batch data. Total records: 10070
2025-06-03 06:49:43,019 - INFO - Processing batch 2/7 (50 links)
2025-06-03 06:49:48,030 - INFO - Progress: 10/50 ads processed
2025-06-03 06:49:53,166 - INFO - Progress: 20/50 ads processed
2025-06-03 06:49:59,376 - INFO - Progress: 30/50 ads processed
2025-06-03 06:50:04,353 - INFO - Progress: 40/50 ads processed
2025-06-03 06:50:09,299 - INFO - Progress: 50/50 ads processed
2025-06-03 06:50:09,331 - INFO - Created backup of existing data file at unegui_data/unegui_rental_data.csv.bak
2025-06-03 06:50:09,448 - INFO - Data saved to unegui_data/unegui_rental_data.csv: 10118 records
2025-06-03 06:50:09,783 - INFO - Cache saved with 10374 URLs
2025-06-03 06:50:09,783 - INFO - Saved batch data. Total records: 10118
2025-06-03 06:50:09,783 - INFO - Processing batch 3/7 (50 links)
2025-06-03 06:50:15,030 - INFO - Progress: 10/50 ads processed
2025-06-03 06:50:20,636 - INFO - Progress: 20/50 ads processed
2025-06-03 06:50:25,903 - INFO - Progress: 30/50 ads processed
2025-06-03 06:50:31,623 - INFO - Progress: 40/50 ads processed
2025-06-03 06:50:36,476 - INFO - Progress: 50/50 ads processed
2025-06-03 06:50:36,508 - INFO - Created backup of existing data file at unegui_data/unegui_rental_data.csv.bak
2025-06-03 06:50:36,627 - INFO - Data saved to unegui_data/unegui_rental_data.csv: 10164 records
2025-06-03 06:50:36,987 - INFO - Cache saved with 10424 URLs
2025-06-03 06:50:36,987 - INFO - Saved batch data. Total records: 10164
2025-06-03 06:50:36,987 - INFO - Processing batch 4/7 (50 links)
2025-06-03 06:50:42,853 - INFO - Progress: 10/50 ads processed
2025-06-03 06:50:47,603 - INFO - Progress: 20/50 ads processed
2025-06-03 06:50:53,193 - INFO - Progress: 30/50 ads processed
2025-06-03 06:50:58,167 - INFO - Progress: 40/50 ads processed
2025-06-03 06:51:03,021 - INFO - Progress: 50/50 ads processed
2025-06-03 06:51:03,053 - INFO - Created backup of existing data file at unegui_data/unegui_rental_data.csv.bak
2025-06-03 06:51:03,175 - INFO - Data saved to unegui_data/unegui_rental_data.csv: 10213 records
2025-06-03 06:51:03,515 - INFO - Cache saved with 10474 URLs
2025-06-03 06:51:03,515 - INFO - Saved batch data. Total records: 10213
2025-06-03 06:51:03,515 - INFO - Processing batch 5/7 (50 links)
2025-06-03 06:51:09,207 - INFO - Progress: 10/50 ads processed
2025-06-03 06:51:13,989 - INFO - Progress: 20/50 ads processed
2025-06-03 06:51:19,011 - INFO - Progress: 30/50 ads processed
2025-06-03 06:51:23,979 - INFO - Progress: 40/50 ads processed
2025-06-03 06:51:28,947 - INFO - Progress: 50/50 ads processed
2025-06-03 06:51:28,981 - INFO - Created backup of existing data file at unegui_data/unegui_rental_data.csv.bak
2025-06-03 06:51:29,102 - INFO - Data saved to unegui_data/unegui_rental_data.csv: 10262 records
2025-06-03 06:51:29,440 - INFO - Cache saved with 10524 URLs
2025-06-03 06:51:29,440 - INFO - Saved batch data. Total records: 10262
2025-06-03 06:51:29,440 - INFO - Processing batch 6/7 (50 links)
2025-06-03 06:51:34,735 - INFO - Progress: 10/50 ads processed
2025-06-03 06:51:39,641 - INFO - Progress: 20/50 ads processed
2025-06-03 06:51:45,209 - INFO - Progress: 30/50 ads processed
2025-06-03 06:51:50,375 - INFO - Progress: 40/50 ads processed
2025-06-03 06:51:55,295 - INFO - Progress: 50/50 ads processed
2025-06-03 06:51:55,327 - INFO - Created backup of existing data file at unegui_data/unegui_rental_data.csv.bak
2025-06-03 06:51:55,446 - INFO - Data saved to unegui_data/unegui_rental_data.csv: 10311 records
2025-06-03 06:51:55,785 - INFO - Cache saved with 10574 URLs
2025-06-03 06:51:55,786 - INFO - Saved batch data. Total records: 10311
2025-06-03 06:51:55,786 - INFO - Processing batch 7/7 (13 links)
2025-06-03 06:52:01,106 - INFO - Progress: 10/13 ads processed
2025-06-03 06:52:03,562 - INFO - Progress: 13/13 ads processed
2025-06-03 06:52:03,594 - INFO - Created backup of existing data file at unegui_data/unegui_rental_data.csv.bak
2025-06-03 06:52:03,714 - INFO - Data saved to unegui_data/unegui_rental_data.csv: 10323 records
2025-06-03 06:52:04,053 - INFO - Cache saved with 10587 URLs
2025-06-03 06:52:04,053 - INFO - Saved batch data. Total records: 10323
2025-06-03 06:52:04,053 - INFO - Scraping completed in 0:04:40.266082. Total ads collected: 10323
