2025-06-20 06:45:18,611 - INFO - Starting rental apartment scraper at 2025-06-20 06:45:18.610969
2025-06-20 06:45:18,743 - INFO - Loaded existing data from unegui_data/unegui_rental_data.csv: 14172 records
2025-06-20 06:45:18,893 - INFO - Loaded 14172 existing records
2025-06-20 06:45:18,895 - INFO - Scraping page 1...
2025-06-20 06:45:18,895 - INFO - Scraping page 2...
2025-06-20 06:45:18,896 - INFO - Scraping page 3...
2025-06-20 06:45:22,848 - INFO - Found 60 links on page 2
2025-06-20 06:45:22,849 - INFO - Scraping page 4...
2025-06-20 06:45:23,431 - INFO - Found 60 links on page 3
2025-06-20 06:45:23,431 - INFO - Scraping page 5...
2025-06-20 06:45:23,668 - INFO - Found 60 links on page 1
2025-06-20 06:45:23,668 - INFO - Scraping page 6...
2025-06-20 06:45:26,696 - INFO - Found 60 links on page 4
2025-06-20 06:45:26,696 - INFO - Scraping page 7...
2025-06-20 06:45:27,183 - INFO - Found 60 links on page 5
2025-06-20 06:45:27,188 - INFO - Scraping page 8...
2025-06-20 06:45:27,410 - INFO - Found 60 links on page 6
2025-06-20 06:45:27,411 - INFO - Scraping page 9...
2025-06-20 06:45:30,357 - INFO - Found 60 links on page 7
2025-06-20 06:45:30,357 - INFO - Scraping page 10...
2025-06-20 06:45:30,744 - INFO - Found 60 links on page 8
2025-06-20 06:45:30,745 - INFO - Scraping page 11...
2025-06-20 06:45:30,977 - INFO - Found 60 links on page 9
2025-06-20 06:45:30,977 - INFO - Scraping page 12...
2025-06-20 06:45:34,044 - INFO - Found 60 links on page 10
2025-06-20 06:45:34,044 - INFO - Scraping page 13...
2025-06-20 06:45:34,539 - INFO - Found 60 links on page 12
2025-06-20 06:45:34,544 - INFO - Scraping page 14...
2025-06-20 06:45:34,658 - INFO - Found 60 links on page 11
2025-06-20 06:45:34,659 - INFO - Scraping page 15...
2025-06-20 06:45:37,541 - INFO - Found 60 links on page 13
2025-06-20 06:45:37,541 - INFO - Scraping page 16...
2025-06-20 06:45:38,209 - INFO - Found 60 links on page 15
2025-06-20 06:45:38,214 - INFO - Scraping page 17...
2025-06-20 06:45:38,378 - INFO - Found 60 links on page 14
2025-06-20 06:45:38,378 - INFO - Scraping page 18...
2025-06-20 06:45:40,999 - INFO - Found 60 links on page 16
2025-06-20 06:45:41,000 - INFO - Scraping page 19...
2025-06-20 06:45:41,815 - INFO - Found 60 links on page 17
2025-06-20 06:45:41,826 - INFO - Scraping page 20...
2025-06-20 06:45:41,971 - INFO - Found 60 links on page 18
2025-06-20 06:45:41,971 - INFO - Scraping page 21...
2025-06-20 06:45:44,541 - INFO - Found 60 links on page 19
2025-06-20 06:45:44,542 - INFO - Scraping page 22...
2025-06-20 06:45:45,340 - INFO - Found 60 links on page 20
2025-06-20 06:45:45,340 - INFO - Scraping page 23...
2025-06-20 06:45:46,457 - INFO - Found 60 links on page 21
2025-06-20 06:45:46,458 - INFO - Scraping page 24...
2025-06-20 06:45:48,070 - INFO - Found 60 links on page 22
2025-06-20 06:45:48,070 - INFO - Scraping page 25...
2025-06-20 06:45:48,880 - INFO - Found 60 links on page 23
2025-06-20 06:45:48,880 - INFO - Scraping page 26...
2025-06-20 06:45:49,937 - INFO - Found 60 links on page 24
2025-06-20 06:45:49,937 - INFO - Scraping page 27...
2025-06-20 06:45:51,698 - INFO - Found 60 links on page 25
2025-06-20 06:45:51,699 - INFO - Scraping page 28...
2025-06-20 06:45:52,174 - INFO - Found 60 links on page 26
2025-06-20 06:45:52,175 - INFO - Scraping page 29...
2025-06-20 06:45:53,533 - INFO - Found 60 links on page 27
2025-06-20 06:45:53,534 - INFO - Scraping page 30...
2025-06-20 06:45:55,246 - INFO - Found 60 links on page 28
2025-06-20 06:45:55,246 - INFO - Scraping page 31...
2025-06-20 06:45:55,899 - INFO - Found 60 links on page 29
2025-06-20 06:45:55,899 - INFO - Scraping page 32...
2025-06-20 06:45:57,308 - INFO - Found 60 links on page 30
2025-06-20 06:45:57,308 - INFO - Scraping page 33...
2025-06-20 06:45:58,746 - INFO - Found 60 links on page 31
2025-06-20 06:45:58,746 - INFO - Scraping page 34...
2025-06-20 06:45:59,603 - INFO - Found 60 links on page 32
2025-06-20 06:45:59,603 - INFO - Scraping page 35...
2025-06-20 06:46:01,632 - INFO - Found 60 links on page 33
2025-06-20 06:46:01,633 - INFO - Scraping page 36...
2025-06-20 06:46:02,391 - INFO - Found 60 links on page 34
2025-06-20 06:46:02,391 - INFO - Scraping page 37...
2025-06-20 06:46:03,906 - INFO - Found 60 links on page 35
2025-06-20 06:46:03,906 - INFO - Scraping page 38...
2025-06-20 06:46:05,147 - INFO - Found 60 links on page 36
2025-06-20 06:46:05,147 - INFO - Scraping page 39...
2025-06-20 06:46:05,725 - INFO - Found 60 links on page 37
2025-06-20 06:46:05,725 - INFO - Scraping page 40...
2025-06-20 06:46:07,779 - INFO - Found 60 links on page 38
2025-06-20 06:46:07,779 - INFO - Scraping page 41...
2025-06-20 06:46:08,663 - INFO - Found 60 links on page 39
2025-06-20 06:46:08,664 - INFO - Scraping page 42...
2025-06-20 06:46:09,543 - INFO - Found 60 links on page 40
2025-06-20 06:46:09,543 - INFO - Scraping page 43...
2025-06-20 06:46:11,561 - INFO - Found 60 links on page 41
2025-06-20 06:46:11,561 - INFO - Scraping page 44...
2025-06-20 06:46:12,114 - INFO - Found 60 links on page 42
2025-06-20 06:46:12,115 - INFO - Scraping page 45...
2025-06-20 06:46:13,146 - INFO - Found 60 links on page 43
2025-06-20 06:46:13,146 - INFO - Scraping page 46...
2025-06-20 06:46:15,072 - INFO - Found 60 links on page 44
2025-06-20 06:46:15,073 - INFO - Scraping page 47...
2025-06-20 06:46:15,788 - INFO - Found 60 links on page 45
2025-06-20 06:46:15,788 - INFO - Scraping page 48...
2025-06-20 06:46:16,801 - INFO - Found 60 links on page 46
2025-06-20 06:46:16,802 - INFO - Scraping page 49...
2025-06-20 06:46:18,504 - INFO - Found 60 links on page 47
2025-06-20 06:46:18,504 - INFO - Scraping page 50...
2025-06-20 06:46:19,628 - INFO - Found 60 links on page 48
2025-06-20 06:46:19,628 - INFO - Scraping page 51...
2025-06-20 06:46:20,560 - INFO - Found 60 links on page 49
2025-06-20 06:46:20,560 - INFO - Scraping page 52...
2025-06-20 06:46:22,246 - INFO - Found 60 links on page 50
2025-06-20 06:46:22,246 - INFO - Scraping page 53...
2025-06-20 06:46:23,852 - INFO - Found 60 links on page 51
2025-06-20 06:46:23,852 - INFO - Scraping page 54...
2025-06-20 06:46:24,094 - INFO - Found 60 links on page 52
2025-06-20 06:46:24,094 - INFO - Scraping page 55...
2025-06-20 06:46:25,963 - INFO - Found 60 links on page 53
2025-06-20 06:46:25,963 - INFO - Scraping page 56...
2025-06-20 06:46:27,740 - INFO - Found 60 links on page 54
2025-06-20 06:46:27,740 - INFO - Scraping page 57...
2025-06-20 06:46:29,053 - INFO - Found 60 links on page 55
2025-06-20 06:46:29,054 - INFO - Scraping page 58...
2025-06-20 06:46:29,515 - INFO - Found 60 links on page 56
2025-06-20 06:46:29,515 - INFO - Scraping page 59...
2025-06-20 06:46:31,220 - INFO - Found 60 links on page 57
2025-06-20 06:46:31,221 - INFO - Scraping page 60...
2025-06-20 06:46:32,428 - INFO - Found 60 links on page 58
2025-06-20 06:46:32,428 - INFO - Scraping page 61...
2025-06-20 06:46:32,965 - INFO - Found 60 links on page 59
2025-06-20 06:46:32,965 - INFO - Scraping page 62...
2025-06-20 06:46:34,844 - INFO - Found 60 links on page 60
2025-06-20 06:46:34,845 - INFO - Scraping page 63...
2025-06-20 06:46:36,011 - INFO - Found 60 links on page 61
2025-06-20 06:46:36,011 - INFO - Scraping page 64...
2025-06-20 06:46:36,375 - INFO - Found 60 links on page 62
2025-06-20 06:46:36,375 - INFO - Scraping page 65...
2025-06-20 06:46:38,407 - INFO - Found 60 links on page 63
2025-06-20 06:46:38,408 - INFO - Scraping page 66...
2025-06-20 06:46:39,597 - INFO - Found 60 links on page 64
2025-06-20 06:46:39,597 - INFO - Scraping page 67...
2025-06-20 06:46:40,350 - INFO - Found 60 links on page 65
2025-06-20 06:46:40,350 - INFO - Scraping page 68...
2025-06-20 06:46:41,869 - INFO - Found 60 links on page 66
2025-06-20 06:46:41,869 - INFO - Scraping page 69...
2025-06-20 06:46:43,228 - INFO - Found 60 links on page 67
2025-06-20 06:46:43,228 - INFO - Scraping page 70...
2025-06-20 06:46:44,146 - INFO - Found 60 links on page 68
2025-06-20 06:46:44,147 - INFO - Scraping page 71...
2025-06-20 06:46:45,720 - INFO - Found 60 links on page 69
2025-06-20 06:46:45,720 - INFO - Scraping page 72...
2025-06-20 06:46:47,066 - INFO - Found 60 links on page 70
2025-06-20 06:46:47,067 - INFO - Scraping page 73...
2025-06-20 06:46:47,628 - INFO - Found 60 links on page 71
2025-06-20 06:46:47,628 - INFO - Scraping page 74...
2025-06-20 06:46:49,066 - INFO - Found 60 links on page 72
2025-06-20 06:46:49,067 - INFO - Scraping page 75...
2025-06-20 06:46:50,536 - INFO - Found 60 links on page 73
2025-06-20 06:46:50,537 - INFO - Scraping page 76...
2025-06-20 06:46:51,187 - INFO - Found 60 links on page 74
2025-06-20 06:46:51,188 - INFO - Scraping page 77...
2025-06-20 06:46:52,442 - INFO - Found 60 links on page 75
2025-06-20 06:46:52,442 - INFO - Scraping page 78...
2025-06-20 06:46:54,696 - INFO - Found 60 links on page 76
2025-06-20 06:46:54,696 - INFO - Scraping page 79...
2025-06-20 06:46:54,870 - INFO - Found 60 links on page 77
2025-06-20 06:46:54,870 - INFO - Scraping page 80...
2025-06-20 06:46:56,018 - INFO - Found 60 links on page 78
2025-06-20 06:46:56,019 - INFO - Scraping page 81...
2025-06-20 06:46:58,155 - INFO - Found 60 links on page 80
2025-06-20 06:46:58,160 - INFO - Scraping page 82...
2025-06-20 06:46:58,306 - INFO - Found 60 links on page 79
2025-06-20 06:46:58,306 - INFO - Scraping page 83...
2025-06-20 06:46:59,524 - INFO - Found 60 links on page 81
2025-06-20 06:46:59,524 - INFO - Scraping page 84...
2025-06-20 06:47:01,728 - INFO - Found 60 links on page 82
2025-06-20 06:47:01,728 - INFO - Scraping page 85...
2025-06-20 06:47:01,909 - INFO - Found 60 links on page 83
2025-06-20 06:47:01,909 - INFO - Scraping page 86...
2025-06-20 06:47:03,096 - INFO - Found 60 links on page 84
2025-06-20 06:47:03,096 - INFO - Scraping page 87...
2025-06-20 06:47:05,519 - INFO - Found 60 links on page 85
2025-06-20 06:47:05,519 - INFO - Scraping page 88...
2025-06-20 06:47:05,924 - INFO - Found 60 links on page 86
2025-06-20 06:47:05,924 - INFO - Scraping page 89...
2025-06-20 06:47:06,770 - INFO - Found 60 links on page 87
2025-06-20 06:47:06,770 - INFO - Scraping page 90...
2025-06-20 06:47:09,094 - INFO - Found 60 links on page 88
2025-06-20 06:47:09,708 - INFO - Found 60 links on page 89
2025-06-20 06:47:10,436 - INFO - Found 60 links on page 90
2025-06-20 06:47:10,440 - INFO - Found 214 new links to scrape out of 5400 total links
2025-06-20 06:47:10,440 - INFO - Processing batch 1/5 (50 links)
2025-06-20 06:47:16,604 - INFO - Progress: 10/50 ads processed
2025-06-20 06:47:21,899 - INFO - Progress: 20/50 ads processed
2025-06-20 06:47:27,314 - INFO - Progress: 30/50 ads processed
2025-06-20 06:47:31,939 - INFO - Progress: 40/50 ads processed
2025-06-20 06:47:36,861 - INFO - Progress: 50/50 ads processed
2025-06-20 06:47:36,903 - INFO - Created backup of existing data file at unegui_data/unegui_rental_data.csv.bak
2025-06-20 06:47:37,070 - INFO - Data saved to unegui_data/unegui_rental_data.csv: 14220 records
2025-06-20 06:47:37,538 - INFO - Cache saved with 14575 URLs
2025-06-20 06:47:37,538 - INFO - Saved batch data. Total records: 14220
2025-06-20 06:47:37,538 - INFO - Processing batch 2/5 (50 links)
2025-06-20 06:47:43,165 - INFO - Progress: 10/50 ads processed
2025-06-20 06:47:48,349 - INFO - Progress: 20/50 ads processed
2025-06-20 06:47:53,522 - INFO - Progress: 30/50 ads processed
2025-06-20 06:47:58,679 - INFO - Progress: 40/50 ads processed
2025-06-20 06:48:03,467 - INFO - Progress: 50/50 ads processed
2025-06-20 06:48:03,510 - INFO - Created backup of existing data file at unegui_data/unegui_rental_data.csv.bak
2025-06-20 06:48:03,678 - INFO - Data saved to unegui_data/unegui_rental_data.csv: 14269 records
2025-06-20 06:48:04,145 - INFO - Cache saved with 14625 URLs
2025-06-20 06:48:04,145 - INFO - Saved batch data. Total records: 14269
2025-06-20 06:48:04,145 - INFO - Processing batch 3/5 (50 links)
2025-06-20 06:48:09,429 - INFO - Progress: 10/50 ads processed
2025-06-20 06:48:14,855 - INFO - Progress: 20/50 ads processed
2025-06-20 06:48:20,178 - INFO - Progress: 30/50 ads processed
2025-06-20 06:48:25,087 - INFO - Progress: 40/50 ads processed
2025-06-20 06:48:30,265 - INFO - Progress: 50/50 ads processed
2025-06-20 06:48:30,308 - INFO - Created backup of existing data file at unegui_data/unegui_rental_data.csv.bak
2025-06-20 06:48:30,476 - INFO - Data saved to unegui_data/unegui_rental_data.csv: 14317 records
2025-06-20 06:48:30,948 - INFO - Cache saved with 14675 URLs
2025-06-20 06:48:30,948 - INFO - Saved batch data. Total records: 14317
2025-06-20 06:48:30,948 - INFO - Processing batch 4/5 (50 links)
2025-06-20 06:48:36,680 - INFO - Progress: 10/50 ads processed
2025-06-20 06:48:41,744 - INFO - Progress: 20/50 ads processed
2025-06-20 06:48:46,627 - INFO - Progress: 30/50 ads processed
2025-06-20 06:48:51,835 - INFO - Progress: 40/50 ads processed
2025-06-20 06:48:57,149 - INFO - Progress: 50/50 ads processed
2025-06-20 06:48:57,196 - INFO - Created backup of existing data file at unegui_data/unegui_rental_data.csv.bak
2025-06-20 06:48:57,368 - INFO - Data saved to unegui_data/unegui_rental_data.csv: 14365 records
2025-06-20 06:48:57,845 - INFO - Cache saved with 14725 URLs
2025-06-20 06:48:57,845 - INFO - Saved batch data. Total records: 14365
2025-06-20 06:48:57,845 - INFO - Processing batch 5/5 (14 links)
2025-06-20 06:49:03,231 - INFO - Progress: 10/14 ads processed
2025-06-20 06:49:05,671 - INFO - Progress: 14/14 ads processed
2025-06-20 06:49:05,713 - INFO - Created backup of existing data file at unegui_data/unegui_rental_data.csv.bak
2025-06-20 06:49:05,881 - INFO - Data saved to unegui_data/unegui_rental_data.csv: 14379 records
2025-06-20 06:49:06,353 - INFO - Cache saved with 14739 URLs
2025-06-20 06:49:06,354 - INFO - Saved batch data. Total records: 14379
2025-06-20 06:49:06,354 - INFO - Scraping completed in 0:03:47.743149. Total ads collected: 14379
