2025-05-10 14:18:57,301 - INFO - Starting rental apartment scraper at 2025-05-10 14:18:57.301512
2025-05-10 14:18:57,301 - INFO - No existing data file found at unegui_data/unegui_rental_data.csv
2025-05-10 14:18:57,302 - INFO - Scraping page 1...
2025-05-10 14:18:57,302 - INFO - Scraping page 2...
2025-05-10 14:19:01,899 - INFO - Found 60 links on page 2
2025-05-10 14:19:02,056 - INFO - Found 60 links on page 1
2025-05-10 14:19:02,057 - INFO - Found 120 new links to scrape out of 120 total links
2025-05-10 14:19:02,057 - INFO - Processing batch 1/3 (50 links)
2025-05-10 14:19:07,412 - INFO - Progress: 10/50 ads processed
2025-05-10 14:19:12,384 - INFO - Progress: 20/50 ads processed
2025-05-10 14:19:17,265 - INFO - Progress: 30/50 ads processed
2025-05-10 14:19:22,795 - INFO - Progress: 40/50 ads processed
2025-05-10 14:19:27,507 - INFO - Progress: 50/50 ads processed
2025-05-10 14:19:27,510 - INFO - Data saved to unegui_data/unegui_rental_data.csv: 50 records
2025-05-10 14:19:27,511 - INFO - Cache saved with 50 URLs
2025-05-10 14:19:27,511 - INFO - Saved batch data. Total records: 50
2025-05-10 14:19:27,512 - INFO - Processing batch 2/3 (50 links)
2025-05-10 14:19:33,291 - INFO - Progress: 10/50 ads processed
2025-05-10 14:19:38,309 - INFO - Progress: 20/50 ads processed
2025-05-10 14:19:43,376 - INFO - Progress: 30/50 ads processed
2025-05-10 14:19:48,866 - INFO - Progress: 40/50 ads processed
2025-05-10 14:19:54,108 - INFO - Progress: 50/50 ads processed
2025-05-10 14:19:54,111 - INFO - Created backup of existing data file at unegui_data/unegui_rental_data.csv.bak
2025-05-10 14:19:54,113 - INFO - Data saved to unegui_data/unegui_rental_data.csv: 99 records
2025-05-10 14:19:54,116 - INFO - Cache saved with 100 URLs
2025-05-10 14:19:54,116 - INFO - Saved batch data. Total records: 99
2025-05-10 14:19:54,116 - INFO - Processing batch 3/3 (20 links)
2025-05-10 14:19:59,768 - INFO - Progress: 10/20 ads processed
2025-05-10 14:20:04,794 - INFO - Progress: 20/20 ads processed
2025-05-10 14:20:04,797 - INFO - Created backup of existing data file at unegui_data/unegui_rental_data.csv.bak
2025-05-10 14:20:04,799 - INFO - Data saved to unegui_data/unegui_rental_data.csv: 118 records
2025-05-10 14:20:04,803 - INFO - Cache saved with 120 URLs
2025-05-10 14:20:04,803 - INFO - Saved batch data. Total records: 118
2025-05-10 14:20:04,803 - INFO - Scraping completed in 0:01:07.502127. Total ads collected: 118
