2025-06-09 06:46:35,936 - INFO - Starting rental apartment scraper at 2025-06-09 06:46:35.936541
2025-06-09 06:46:36,033 - INFO - Loaded existing data from unegui_data/unegui_rental_data.csv: 11470 records
2025-06-09 06:46:36,156 - INFO - Loaded 11470 existing records
2025-06-09 06:46:36,158 - INFO - Scraping page 1...
2025-06-09 06:46:36,158 - INFO - Scraping page 2...
2025-06-09 06:46:36,158 - INFO - Scraping page 3...
2025-06-09 06:46:40,451 - INFO - Found 60 links on page 3
2025-06-09 06:46:40,451 - INFO - Scraping page 4...
2025-06-09 06:46:40,797 - INFO - Found 60 links on page 1
2025-06-09 06:46:40,803 - INFO - Scraping page 5...
2025-06-09 06:46:40,823 - INFO - Found 60 links on page 2
2025-06-09 06:46:40,823 - INFO - Scraping page 6...
2025-06-09 06:46:44,350 - INFO - Found 60 links on page 4
2025-06-09 06:46:44,350 - INFO - Scraping page 7...
2025-06-09 06:46:45,194 - INFO - Found 60 links on page 6
2025-06-09 06:46:45,195 - INFO - Scraping page 8...
2025-06-09 06:46:45,434 - INFO - Found 60 links on page 5
2025-06-09 06:46:45,435 - INFO - Scraping page 9...
2025-06-09 06:46:48,287 - INFO - Found 60 links on page 7
2025-06-09 06:46:48,287 - INFO - Scraping page 10...
2025-06-09 06:46:48,820 - INFO - Found 60 links on page 8
2025-06-09 06:46:48,820 - INFO - Scraping page 11...
2025-06-09 06:46:49,201 - INFO - Found 60 links on page 9
2025-06-09 06:46:49,201 - INFO - Scraping page 12...
2025-06-09 06:46:52,197 - INFO - Found 60 links on page 10
2025-06-09 06:46:52,197 - INFO - Scraping page 13...
2025-06-09 06:46:52,774 - INFO - Found 60 links on page 11
2025-06-09 06:46:52,784 - INFO - Scraping page 14...
2025-06-09 06:46:52,859 - INFO - Found 60 links on page 12
2025-06-09 06:46:52,859 - INFO - Scraping page 15...
2025-06-09 06:46:55,903 - INFO - Found 60 links on page 13
2025-06-09 06:46:55,903 - INFO - Scraping page 16...
2025-06-09 06:46:56,333 - INFO - Found 60 links on page 14
2025-06-09 06:46:56,333 - INFO - Scraping page 17...
2025-06-09 06:46:56,573 - INFO - Found 60 links on page 15
2025-06-09 06:46:56,573 - INFO - Scraping page 18...
2025-06-09 06:46:59,596 - INFO - Found 60 links on page 16
2025-06-09 06:46:59,596 - INFO - Scraping page 19...
2025-06-09 06:46:59,960 - INFO - Found 60 links on page 17
2025-06-09 06:46:59,966 - INFO - Scraping page 20...
2025-06-09 06:47:00,132 - INFO - Found 60 links on page 18
2025-06-09 06:47:00,133 - INFO - Scraping page 21...
2025-06-09 06:47:03,345 - INFO - Found 60 links on page 20
2025-06-09 06:47:03,345 - INFO - Scraping page 22...
2025-06-09 06:47:03,955 - INFO - Found 60 links on page 21
2025-06-09 06:47:03,960 - INFO - Scraping page 23...
2025-06-09 06:47:04,031 - INFO - Found 60 links on page 19
2025-06-09 06:47:04,031 - INFO - Scraping page 24...
2025-06-09 06:47:07,246 - INFO - Found 60 links on page 22
2025-06-09 06:47:07,247 - INFO - Scraping page 25...
2025-06-09 06:47:07,602 - INFO - Found 60 links on page 24
2025-06-09 06:47:07,602 - INFO - Scraping page 26...
2025-06-09 06:47:07,786 - INFO - Found 60 links on page 23
2025-06-09 06:47:07,786 - INFO - Scraping page 27...
2025-06-09 06:47:11,213 - INFO - Found 60 links on page 25
2025-06-09 06:47:11,213 - INFO - Scraping page 28...
2025-06-09 06:47:11,404 - INFO - Found 60 links on page 26
2025-06-09 06:47:11,404 - INFO - Scraping page 29...
2025-06-09 06:47:11,587 - INFO - Found 60 links on page 27
2025-06-09 06:47:11,587 - INFO - Scraping page 30...
2025-06-09 06:47:14,909 - INFO - Found 60 links on page 28
2025-06-09 06:47:14,909 - INFO - Scraping page 31...
2025-06-09 06:47:15,255 - INFO - Found 60 links on page 30
2025-06-09 06:47:15,255 - INFO - Scraping page 32...
2025-06-09 06:47:15,757 - INFO - Found 60 links on page 29
2025-06-09 06:47:15,757 - INFO - Scraping page 33...
2025-06-09 06:47:18,715 - INFO - Found 60 links on page 31
2025-06-09 06:47:18,715 - INFO - Scraping page 34...
2025-06-09 06:47:19,554 - INFO - Found 60 links on page 33
2025-06-09 06:47:19,554 - INFO - Scraping page 35...
2025-06-09 06:47:19,921 - INFO - Found 60 links on page 32
2025-06-09 06:47:19,922 - INFO - Scraping page 36...
2025-06-09 06:47:23,012 - INFO - Found 60 links on page 34
2025-06-09 06:47:23,012 - INFO - Scraping page 37...
2025-06-09 06:47:23,344 - INFO - Found 60 links on page 35
2025-06-09 06:47:23,344 - INFO - Scraping page 38...
2025-06-09 06:47:23,858 - INFO - Found 60 links on page 36
2025-06-09 06:47:23,858 - INFO - Scraping page 39...
2025-06-09 06:47:26,537 - INFO - Found 60 links on page 37
2025-06-09 06:47:26,537 - INFO - Scraping page 40...
2025-06-09 06:47:27,078 - INFO - Found 60 links on page 38
2025-06-09 06:47:27,078 - INFO - Scraping page 41...
2025-06-09 06:47:27,640 - INFO - Found 60 links on page 39
2025-06-09 06:47:27,640 - INFO - Scraping page 42...
2025-06-09 06:47:30,642 - INFO - Found 60 links on page 41
2025-06-09 06:47:30,642 - INFO - Scraping page 43...
2025-06-09 06:47:30,897 - INFO - Found 60 links on page 40
2025-06-09 06:47:30,898 - INFO - Scraping page 44...
2025-06-09 06:47:31,368 - INFO - Found 60 links on page 42
2025-06-09 06:47:31,368 - INFO - Scraping page 45...
2025-06-09 06:47:34,505 - INFO - Found 60 links on page 43
2025-06-09 06:47:34,505 - INFO - Scraping page 46...
2025-06-09 06:47:34,969 - INFO - Found 60 links on page 44
2025-06-09 06:47:34,970 - INFO - Scraping page 47...
2025-06-09 06:47:35,183 - INFO - Found 60 links on page 45
2025-06-09 06:47:35,183 - INFO - Scraping page 48...
2025-06-09 06:47:38,252 - INFO - Found 60 links on page 46
2025-06-09 06:47:38,252 - INFO - Scraping page 49...
2025-06-09 06:47:38,824 - INFO - Found 60 links on page 47
2025-06-09 06:47:38,824 - INFO - Scraping page 50...
2025-06-09 06:47:38,993 - INFO - Found 60 links on page 48
2025-06-09 06:47:38,993 - INFO - Scraping page 51...
2025-06-09 06:47:41,832 - INFO - Found 60 links on page 49
2025-06-09 06:47:41,832 - INFO - Scraping page 52...
2025-06-09 06:47:42,445 - INFO - Found 60 links on page 50
2025-06-09 06:47:42,456 - INFO - Scraping page 53...
2025-06-09 06:47:42,595 - INFO - Found 60 links on page 51
2025-06-09 06:47:42,595 - INFO - Scraping page 54...
2025-06-09 06:47:45,711 - INFO - Found 60 links on page 52
2025-06-09 06:47:45,711 - INFO - Scraping page 55...
2025-06-09 06:47:46,066 - INFO - Found 60 links on page 53
2025-06-09 06:47:46,066 - INFO - Scraping page 56...
2025-06-09 06:47:46,852 - INFO - Found 60 links on page 54
2025-06-09 06:47:46,852 - INFO - Scraping page 57...
2025-06-09 06:47:49,536 - INFO - Found 60 links on page 55
2025-06-09 06:47:49,536 - INFO - Scraping page 58...
2025-06-09 06:47:49,983 - INFO - Found 60 links on page 56
2025-06-09 06:47:49,984 - INFO - Scraping page 59...
2025-06-09 06:47:50,525 - INFO - Found 60 links on page 57
2025-06-09 06:47:50,525 - INFO - Scraping page 60...
2025-06-09 06:47:53,536 - INFO - Found 60 links on page 59
2025-06-09 06:47:53,536 - INFO - Scraping page 61...
2025-06-09 06:47:53,897 - INFO - Found 60 links on page 58
2025-06-09 06:47:53,897 - INFO - Scraping page 62...
2025-06-09 06:47:54,152 - INFO - Found 60 links on page 60
2025-06-09 06:47:54,152 - INFO - Scraping page 63...
2025-06-09 06:47:57,511 - INFO - Found 60 links on page 61
2025-06-09 06:47:57,511 - INFO - Scraping page 64...
2025-06-09 06:47:57,908 - INFO - Found 60 links on page 62
2025-06-09 06:47:57,908 - INFO - Scraping page 65...
2025-06-09 06:47:58,260 - INFO - Found 60 links on page 63
2025-06-09 06:47:58,260 - INFO - Scraping page 66...
2025-06-09 06:48:01,441 - INFO - Found 60 links on page 65
2025-06-09 06:48:01,442 - INFO - Scraping page 67...
2025-06-09 06:48:01,931 - INFO - Found 60 links on page 64
2025-06-09 06:48:01,937 - INFO - Scraping page 68...
2025-06-09 06:48:01,973 - INFO - Found 60 links on page 66
2025-06-09 06:48:01,973 - INFO - Scraping page 69...
2025-06-09 06:48:05,053 - INFO - Found 60 links on page 67
2025-06-09 06:48:05,053 - INFO - Scraping page 70...
2025-06-09 06:48:05,706 - INFO - Found 60 links on page 69
2025-06-09 06:48:05,707 - INFO - Scraping page 71...
2025-06-09 06:48:05,977 - INFO - Found 60 links on page 68
2025-06-09 06:48:05,977 - INFO - Scraping page 72...
2025-06-09 06:48:08,742 - INFO - Found 60 links on page 70
2025-06-09 06:48:08,742 - INFO - Scraping page 73...
2025-06-09 06:48:09,547 - INFO - Found 60 links on page 72
2025-06-09 06:48:09,548 - INFO - Scraping page 74...
2025-06-09 06:48:10,429 - INFO - Found 60 links on page 71
2025-06-09 06:48:10,429 - INFO - Scraping page 75...
2025-06-09 06:48:12,498 - INFO - Found 60 links on page 73
2025-06-09 06:48:12,498 - INFO - Scraping page 76...
2025-06-09 06:48:13,511 - INFO - Found 60 links on page 74
2025-06-09 06:48:13,511 - INFO - Scraping page 77...
2025-06-09 06:48:14,123 - INFO - Found 60 links on page 75
2025-06-09 06:48:14,123 - INFO - Scraping page 78...
2025-06-09 06:48:16,359 - INFO - Found 60 links on page 76
2025-06-09 06:48:16,359 - INFO - Scraping page 79...
2025-06-09 06:48:17,420 - INFO - Found 60 links on page 77
2025-06-09 06:48:17,420 - INFO - Scraping page 80...
2025-06-09 06:48:18,195 - INFO - Found 60 links on page 78
2025-06-09 06:48:18,195 - INFO - Scraping page 81...
2025-06-09 06:48:20,742 - INFO - Found 60 links on page 79
2025-06-09 06:48:20,742 - INFO - Scraping page 82...
2025-06-09 06:48:21,139 - INFO - Found 60 links on page 80
2025-06-09 06:48:21,139 - INFO - Scraping page 83...
2025-06-09 06:48:21,843 - INFO - Found 60 links on page 81
2025-06-09 06:48:21,843 - INFO - Scraping page 84...
2025-06-09 06:48:24,640 - INFO - Found 60 links on page 82
2025-06-09 06:48:24,640 - INFO - Scraping page 85...
2025-06-09 06:48:25,087 - INFO - Found 60 links on page 83
2025-06-09 06:48:25,087 - INFO - Scraping page 86...
2025-06-09 06:48:26,158 - INFO - Found 60 links on page 84
2025-06-09 06:48:26,158 - INFO - Scraping page 87...
2025-06-09 06:48:28,213 - INFO - Found 60 links on page 85
2025-06-09 06:48:28,213 - INFO - Scraping page 88...
2025-06-09 06:48:29,305 - INFO - Found 60 links on page 86
2025-06-09 06:48:29,305 - INFO - Scraping page 89...
2025-06-09 06:48:29,743 - INFO - Found 60 links on page 87
2025-06-09 06:48:29,743 - INFO - Scraping page 90...
2025-06-09 06:48:31,965 - INFO - Found 60 links on page 88
2025-06-09 06:48:32,724 - INFO - Found 51 links on page 89
2025-06-09 06:48:33,657 - INFO - Found 51 links on page 90
2025-06-09 06:48:33,661 - INFO - Found 239 new links to scrape out of 5382 total links
2025-06-09 06:48:33,661 - INFO - Processing batch 1/5 (50 links)
2025-06-09 06:48:39,555 - INFO - Progress: 10/50 ads processed
2025-06-09 06:48:44,539 - INFO - Progress: 20/50 ads processed
2025-06-09 06:48:49,634 - INFO - Progress: 30/50 ads processed
2025-06-09 06:48:54,518 - INFO - Progress: 40/50 ads processed
2025-06-09 06:48:59,525 - INFO - Progress: 50/50 ads processed
2025-06-09 06:48:59,560 - INFO - Created backup of existing data file at unegui_data/unegui_rental_data.csv.bak
2025-06-09 06:48:59,698 - INFO - Data saved to unegui_data/unegui_rental_data.csv: 11516 records
2025-06-09 06:49:00,075 - INFO - Cache saved with 11815 URLs
2025-06-09 06:49:00,075 - INFO - Saved batch data. Total records: 11516
2025-06-09 06:49:00,075 - INFO - Processing batch 2/5 (50 links)
2025-06-09 06:49:05,634 - INFO - Progress: 10/50 ads processed
2025-06-09 06:49:10,868 - INFO - Progress: 20/50 ads processed
2025-06-09 06:49:16,561 - INFO - Progress: 30/50 ads processed
2025-06-09 06:49:21,680 - INFO - Progress: 40/50 ads processed
2025-06-09 06:49:26,526 - INFO - Progress: 50/50 ads processed
2025-06-09 06:49:26,561 - INFO - Created backup of existing data file at unegui_data/unegui_rental_data.csv.bak
2025-06-09 06:49:26,698 - INFO - Data saved to unegui_data/unegui_rental_data.csv: 11566 records
2025-06-09 06:49:27,075 - INFO - Cache saved with 11865 URLs
2025-06-09 06:49:27,075 - INFO - Saved batch data. Total records: 11566
2025-06-09 06:49:27,075 - INFO - Processing batch 3/5 (50 links)
2025-06-09 06:49:32,719 - INFO - Progress: 10/50 ads processed
2025-06-09 06:49:38,422 - INFO - Progress: 20/50 ads processed
2025-06-09 06:49:43,828 - INFO - Progress: 30/50 ads processed
2025-06-09 06:49:48,958 - INFO - Progress: 40/50 ads processed
2025-06-09 06:49:54,125 - INFO - Progress: 50/50 ads processed
2025-06-09 06:49:54,160 - INFO - Created backup of existing data file at unegui_data/unegui_rental_data.csv.bak
2025-06-09 06:49:54,298 - INFO - Data saved to unegui_data/unegui_rental_data.csv: 11616 records
2025-06-09 06:49:54,675 - INFO - Cache saved with 11915 URLs
2025-06-09 06:49:54,675 - INFO - Saved batch data. Total records: 11616
2025-06-09 06:49:54,675 - INFO - Processing batch 4/5 (50 links)
2025-06-09 06:50:00,023 - INFO - Progress: 10/50 ads processed
2025-06-09 06:50:05,008 - INFO - Progress: 20/50 ads processed
2025-06-09 06:50:10,477 - INFO - Progress: 30/50 ads processed
2025-06-09 06:50:15,658 - INFO - Progress: 40/50 ads processed
2025-06-09 06:50:21,287 - INFO - Progress: 50/50 ads processed
2025-06-09 06:50:21,322 - INFO - Created backup of existing data file at unegui_data/unegui_rental_data.csv.bak
2025-06-09 06:50:21,462 - INFO - Data saved to unegui_data/unegui_rental_data.csv: 11665 records
2025-06-09 06:50:21,841 - INFO - Cache saved with 11965 URLs
2025-06-09 06:50:21,841 - INFO - Saved batch data. Total records: 11665
2025-06-09 06:50:21,842 - INFO - Processing batch 5/5 (39 links)
2025-06-09 06:50:27,249 - INFO - Progress: 10/39 ads processed
2025-06-09 06:50:32,346 - INFO - Progress: 20/39 ads processed
2025-06-09 06:50:37,828 - INFO - Progress: 30/39 ads processed
2025-06-09 06:50:42,590 - INFO - Progress: 39/39 ads processed
2025-06-09 06:50:42,625 - INFO - Created backup of existing data file at unegui_data/unegui_rental_data.csv.bak
2025-06-09 06:50:42,768 - INFO - Data saved to unegui_data/unegui_rental_data.csv: 11704 records
2025-06-09 06:50:43,150 - INFO - Cache saved with 12004 URLs
2025-06-09 06:50:43,150 - INFO - Saved batch data. Total records: 11704
2025-06-09 06:50:43,150 - INFO - Scraping completed in 0:04:07.214283. Total ads collected: 11704
