2025-05-27 06:45:20,103 - INFO - Starting rental apartment scraper at 2025-05-27 06:45:20.103237
2025-05-27 06:45:20,182 - INFO - Loaded existing data from unegui_data/unegui_rental_data.csv: 8515 records
2025-05-27 06:45:20,278 - INFO - Loaded 8515 existing records
2025-05-27 06:45:20,280 - INFO - Scraping page 1...
2025-05-27 06:45:20,280 - INFO - Scraping page 2...
2025-05-27 06:45:20,281 - INFO - Scraping page 3...
2025-05-27 06:45:24,455 - INFO - Found 60 links on page 3
2025-05-27 06:45:24,455 - INFO - Scraping page 4...
2025-05-27 06:45:24,664 - INFO - Found 60 links on page 2
2025-05-27 06:45:24,670 - INFO - Scraping page 5...
2025-05-27 06:45:24,822 - INFO - Found 60 links on page 1
2025-05-27 06:45:24,822 - INFO - Scraping page 6...
2025-05-27 06:45:28,155 - INFO - Found 60 links on page 4
2025-05-27 06:45:28,155 - INFO - Scraping page 7...
2025-05-27 06:45:28,468 - INFO - Found 60 links on page 6
2025-05-27 06:45:28,473 - INFO - Scraping page 8...
2025-05-27 06:45:28,694 - INFO - Found 60 links on page 5
2025-05-27 06:45:28,695 - INFO - Scraping page 9...
2025-05-27 06:45:31,494 - INFO - Found 60 links on page 7
2025-05-27 06:45:31,494 - INFO - Scraping page 10...
2025-05-27 06:45:31,941 - INFO - Found 60 links on page 8
2025-05-27 06:45:31,941 - INFO - Scraping page 11...
2025-05-27 06:45:32,614 - INFO - Found 60 links on page 9
2025-05-27 06:45:32,615 - INFO - Scraping page 12...
2025-05-27 06:45:34,937 - INFO - Found 60 links on page 10
2025-05-27 06:45:34,938 - INFO - Scraping page 13...
2025-05-27 06:45:35,618 - INFO - Found 60 links on page 11
2025-05-27 06:45:35,619 - INFO - Scraping page 14...
2025-05-27 06:45:36,514 - INFO - Found 60 links on page 12
2025-05-27 06:45:36,515 - INFO - Scraping page 15...
2025-05-27 06:45:38,646 - INFO - Found 60 links on page 13
2025-05-27 06:45:38,647 - INFO - Scraping page 16...
2025-05-27 06:45:39,364 - INFO - Found 60 links on page 14
2025-05-27 06:45:39,365 - INFO - Scraping page 17...
2025-05-27 06:45:40,688 - INFO - Found 60 links on page 15
2025-05-27 06:45:40,689 - INFO - Scraping page 18...
2025-05-27 06:45:42,184 - INFO - Found 60 links on page 16
2025-05-27 06:45:42,184 - INFO - Scraping page 19...
2025-05-27 06:45:43,045 - INFO - Found 60 links on page 17
2025-05-27 06:45:43,046 - INFO - Scraping page 20...
2025-05-27 06:45:44,149 - INFO - Found 60 links on page 18
2025-05-27 06:45:44,149 - INFO - Scraping page 21...
2025-05-27 06:45:46,364 - INFO - Found 60 links on page 19
2025-05-27 06:45:46,364 - INFO - Scraping page 22...
2025-05-27 06:45:46,616 - INFO - Found 60 links on page 20
2025-05-27 06:45:46,616 - INFO - Scraping page 23...
2025-05-27 06:45:47,648 - INFO - Found 60 links on page 21
2025-05-27 06:45:47,648 - INFO - Scraping page 24...
2025-05-27 06:45:49,952 - INFO - Found 60 links on page 22
2025-05-27 06:45:49,952 - INFO - Scraping page 25...
2025-05-27 06:45:50,221 - INFO - Found 60 links on page 23
2025-05-27 06:45:50,222 - INFO - Scraping page 26...
2025-05-27 06:45:51,095 - INFO - Found 60 links on page 24
2025-05-27 06:45:51,095 - INFO - Scraping page 27...
2025-05-27 06:45:53,461 - INFO - Found 60 links on page 25
2025-05-27 06:45:53,461 - INFO - Scraping page 28...
2025-05-27 06:45:53,809 - INFO - Found 60 links on page 26
2025-05-27 06:45:53,809 - INFO - Scraping page 29...
2025-05-27 06:45:55,398 - INFO - Found 60 links on page 27
2025-05-27 06:45:55,398 - INFO - Scraping page 30...
2025-05-27 06:45:57,073 - INFO - Found 60 links on page 28
2025-05-27 06:45:57,073 - INFO - Scraping page 31...
2025-05-27 06:45:57,272 - INFO - Found 60 links on page 29
2025-05-27 06:45:57,272 - INFO - Scraping page 32...
2025-05-27 06:45:59,252 - INFO - Found 60 links on page 30
2025-05-27 06:45:59,252 - INFO - Scraping page 33...
2025-05-27 06:46:00,600 - INFO - Found 60 links on page 31
2025-05-27 06:46:00,600 - INFO - Scraping page 34...
2025-05-27 06:46:00,856 - INFO - Found 60 links on page 32
2025-05-27 06:46:00,856 - INFO - Scraping page 35...
2025-05-27 06:46:03,222 - INFO - Found 60 links on page 33
2025-05-27 06:46:03,222 - INFO - Scraping page 36...
2025-05-27 06:46:04,061 - INFO - Found 60 links on page 34
2025-05-27 06:46:04,061 - INFO - Scraping page 37...
2025-05-27 06:46:04,612 - INFO - Found 60 links on page 35
2025-05-27 06:46:04,612 - INFO - Scraping page 38...
2025-05-27 06:46:06,723 - INFO - Found 60 links on page 36
2025-05-27 06:46:06,723 - INFO - Scraping page 39...
2025-05-27 06:46:07,575 - INFO - Found 60 links on page 37
2025-05-27 06:46:07,576 - INFO - Scraping page 40...
2025-05-27 06:46:08,604 - INFO - Found 60 links on page 38
2025-05-27 06:46:08,605 - INFO - Scraping page 41...
2025-05-27 06:46:10,353 - INFO - Found 60 links on page 39
2025-05-27 06:46:10,353 - INFO - Scraping page 42...
2025-05-27 06:46:11,366 - INFO - Found 60 links on page 40
2025-05-27 06:46:11,366 - INFO - Scraping page 43...
2025-05-27 06:46:12,405 - INFO - Found 60 links on page 41
2025-05-27 06:46:12,406 - INFO - Scraping page 44...
2025-05-27 06:46:13,918 - INFO - Found 60 links on page 42
2025-05-27 06:46:13,918 - INFO - Scraping page 45...
2025-05-27 06:46:14,940 - INFO - Found 60 links on page 43
2025-05-27 06:46:14,940 - INFO - Scraping page 46...
2025-05-27 06:46:16,128 - INFO - Found 60 links on page 44
2025-05-27 06:46:16,128 - INFO - Scraping page 47...
2025-05-27 06:46:17,891 - INFO - Found 60 links on page 45
2025-05-27 06:46:17,891 - INFO - Scraping page 48...
2025-05-27 06:46:18,496 - INFO - Found 60 links on page 46
2025-05-27 06:46:18,497 - INFO - Scraping page 49...
2025-05-27 06:46:19,622 - INFO - Found 60 links on page 47
2025-05-27 06:46:19,622 - INFO - Scraping page 50...
2025-05-27 06:46:21,363 - INFO - Found 60 links on page 48
2025-05-27 06:46:21,363 - INFO - Scraping page 51...
2025-05-27 06:46:22,811 - INFO - Found 60 links on page 49
2025-05-27 06:46:22,812 - INFO - Scraping page 52...
2025-05-27 06:46:23,446 - INFO - Found 60 links on page 50
2025-05-27 06:46:23,446 - INFO - Scraping page 53...
2025-05-27 06:46:24,797 - INFO - Found 60 links on page 51
2025-05-27 06:46:24,797 - INFO - Scraping page 54...
2025-05-27 06:46:26,715 - INFO - Found 60 links on page 52
2025-05-27 06:46:26,715 - INFO - Scraping page 55...
2025-05-27 06:46:27,738 - INFO - Found 60 links on page 53
2025-05-27 06:46:27,738 - INFO - Scraping page 56...
2025-05-27 06:46:29,190 - INFO - Found 60 links on page 54
2025-05-27 06:46:29,190 - INFO - Scraping page 57...
2025-05-27 06:46:31,092 - INFO - Found 60 links on page 55
2025-05-27 06:46:31,092 - INFO - Scraping page 58...
2025-05-27 06:46:31,320 - INFO - Found 60 links on page 56
2025-05-27 06:46:31,321 - INFO - Scraping page 59...
2025-05-27 06:46:32,926 - INFO - Found 60 links on page 57
2025-05-27 06:46:32,926 - INFO - Scraping page 60...
2025-05-27 06:46:34,623 - INFO - Found 60 links on page 58
2025-05-27 06:46:34,629 - INFO - Scraping page 61...
2025-05-27 06:46:34,769 - INFO - Found 60 links on page 59
2025-05-27 06:46:34,769 - INFO - Scraping page 62...
2025-05-27 06:46:36,741 - INFO - Found 60 links on page 60
2025-05-27 06:46:36,741 - INFO - Scraping page 63...
2025-05-27 06:46:38,383 - INFO - Found 60 links on page 62
2025-05-27 06:46:38,383 - INFO - Scraping page 64...
2025-05-27 06:46:39,003 - INFO - Found 60 links on page 61
2025-05-27 06:46:39,003 - INFO - Scraping page 65...
2025-05-27 06:46:40,413 - INFO - Found 60 links on page 63
2025-05-27 06:46:40,413 - INFO - Scraping page 66...
2025-05-27 06:46:41,850 - INFO - Found 60 links on page 64
2025-05-27 06:46:41,850 - INFO - Scraping page 67...
2025-05-27 06:46:42,623 - INFO - Found 60 links on page 65
2025-05-27 06:46:42,623 - INFO - Scraping page 68...
2025-05-27 06:46:43,863 - INFO - Found 60 links on page 66
2025-05-27 06:46:43,864 - INFO - Scraping page 69...
2025-05-27 06:46:45,345 - INFO - Found 60 links on page 67
2025-05-27 06:46:45,346 - INFO - Scraping page 70...
2025-05-27 06:46:46,574 - INFO - Found 60 links on page 68
2025-05-27 06:46:46,574 - INFO - Scraping page 71...
2025-05-27 06:46:47,618 - INFO - Found 60 links on page 69
2025-05-27 06:46:47,618 - INFO - Scraping page 72...
2025-05-27 06:46:48,777 - INFO - Found 60 links on page 70
2025-05-27 06:46:48,777 - INFO - Scraping page 73...
2025-05-27 06:46:50,557 - INFO - Found 60 links on page 71
2025-05-27 06:46:50,557 - INFO - Scraping page 74...
2025-05-27 06:46:51,121 - INFO - Found 60 links on page 72
2025-05-27 06:46:51,121 - INFO - Scraping page 75...
2025-05-27 06:46:52,852 - INFO - Found 60 links on page 73
2025-05-27 06:46:52,852 - INFO - Scraping page 76...
2025-05-27 06:46:54,427 - INFO - Found 60 links on page 74
2025-05-27 06:46:54,427 - INFO - Scraping page 77...
2025-05-27 06:46:54,688 - INFO - Found 60 links on page 75
2025-05-27 06:46:54,689 - INFO - Scraping page 78...
2025-05-27 06:46:57,421 - INFO - Found 60 links on page 76
2025-05-27 06:46:57,421 - INFO - Scraping page 79...
2025-05-27 06:46:57,828 - INFO - Found 60 links on page 77
2025-05-27 06:46:57,828 - INFO - Scraping page 80...
2025-05-27 06:46:58,061 - INFO - Found 60 links on page 78
2025-05-27 06:46:58,061 - INFO - Scraping page 81...
2025-05-27 06:47:01,456 - INFO - Found 60 links on page 79
2025-05-27 06:47:01,461 - INFO - Scraping page 82...
2025-05-27 06:47:01,568 - INFO - Found 60 links on page 81
2025-05-27 06:47:01,568 - INFO - Scraping page 83...
2025-05-27 06:47:01,931 - INFO - Found 60 links on page 80
2025-05-27 06:47:01,931 - INFO - Scraping page 84...
2025-05-27 06:47:05,185 - INFO - Found 60 links on page 82
2025-05-27 06:47:05,185 - INFO - Scraping page 85...
2025-05-27 06:47:05,371 - INFO - Found 60 links on page 83
2025-05-27 06:47:05,377 - INFO - Scraping page 86...
2025-05-27 06:47:05,472 - INFO - Found 60 links on page 84
2025-05-27 06:47:05,473 - INFO - Scraping page 87...
2025-05-27 06:47:08,589 - INFO - Found 60 links on page 85
2025-05-27 06:47:08,590 - INFO - Scraping page 88...
2025-05-27 06:47:08,959 - INFO - Found 60 links on page 87
2025-05-27 06:47:08,960 - INFO - Scraping page 89...
2025-05-27 06:47:09,664 - INFO - Found 60 links on page 86
2025-05-27 06:47:09,665 - INFO - Scraping page 90...
2025-05-27 06:47:11,701 - INFO - Found 28 links on page 88
2025-05-27 06:47:12,123 - INFO - Found 28 links on page 89
2025-05-27 06:47:13,016 - INFO - Found 28 links on page 90
2025-05-27 06:47:13,020 - INFO - Found 277 new links to scrape out of 5304 total links
2025-05-27 06:47:13,020 - INFO - Processing batch 1/6 (50 links)
2025-05-27 06:47:18,910 - INFO - Progress: 10/50 ads processed
2025-05-27 06:47:24,236 - INFO - Progress: 20/50 ads processed
2025-05-27 06:47:29,332 - INFO - Progress: 30/50 ads processed
2025-05-27 06:47:34,307 - INFO - Progress: 40/50 ads processed
2025-05-27 06:47:39,150 - INFO - Progress: 50/50 ads processed
2025-05-27 06:47:39,180 - INFO - Created backup of existing data file at unegui_data/unegui_rental_data.csv.bak
2025-05-27 06:47:39,283 - INFO - Data saved to unegui_data/unegui_rental_data.csv: 8565 records
2025-05-27 06:47:39,558 - INFO - Cache saved with 8767 URLs
2025-05-27 06:47:39,558 - INFO - Saved batch data. Total records: 8565
2025-05-27 06:47:39,558 - INFO - Processing batch 2/6 (50 links)
2025-05-27 06:47:44,675 - INFO - Progress: 10/50 ads processed
2025-05-27 06:47:50,208 - INFO - Progress: 20/50 ads processed
2025-05-27 06:47:55,243 - INFO - Progress: 30/50 ads processed
2025-05-27 06:48:00,721 - INFO - Progress: 40/50 ads processed
2025-05-27 06:48:06,197 - INFO - Progress: 50/50 ads processed
2025-05-27 06:48:06,226 - INFO - Created backup of existing data file at unegui_data/unegui_rental_data.csv.bak
2025-05-27 06:48:06,333 - INFO - Data saved to unegui_data/unegui_rental_data.csv: 8612 records
2025-05-27 06:48:06,612 - INFO - Cache saved with 8817 URLs
2025-05-27 06:48:06,613 - INFO - Saved batch data. Total records: 8612
2025-05-27 06:48:06,613 - INFO - Processing batch 3/6 (50 links)
2025-05-27 06:48:12,369 - INFO - Progress: 10/50 ads processed
2025-05-27 06:48:17,803 - INFO - Progress: 20/50 ads processed
2025-05-27 06:48:22,712 - INFO - Progress: 30/50 ads processed
2025-05-27 06:48:28,140 - INFO - Progress: 40/50 ads processed
2025-05-27 06:48:33,135 - INFO - Progress: 50/50 ads processed
2025-05-27 06:48:33,163 - INFO - Created backup of existing data file at unegui_data/unegui_rental_data.csv.bak
2025-05-27 06:48:33,265 - INFO - Data saved to unegui_data/unegui_rental_data.csv: 8657 records
2025-05-27 06:48:33,551 - INFO - Cache saved with 8867 URLs
2025-05-27 06:48:33,551 - INFO - Saved batch data. Total records: 8657
2025-05-27 06:48:33,551 - INFO - Processing batch 4/6 (50 links)
2025-05-27 06:48:39,053 - INFO - Progress: 10/50 ads processed
2025-05-27 06:48:44,253 - INFO - Progress: 20/50 ads processed
2025-05-27 06:48:49,568 - INFO - Progress: 30/50 ads processed
2025-05-27 06:48:54,518 - INFO - Progress: 40/50 ads processed
2025-05-27 06:48:59,468 - INFO - Progress: 50/50 ads processed
2025-05-27 06:48:59,499 - INFO - Created backup of existing data file at unegui_data/unegui_rental_data.csv.bak
2025-05-27 06:48:59,605 - INFO - Data saved to unegui_data/unegui_rental_data.csv: 8705 records
2025-05-27 06:48:59,890 - INFO - Cache saved with 8917 URLs
2025-05-27 06:48:59,890 - INFO - Saved batch data. Total records: 8705
2025-05-27 06:48:59,890 - INFO - Processing batch 5/6 (50 links)
2025-05-27 06:49:05,626 - INFO - Progress: 10/50 ads processed
2025-05-27 06:49:10,734 - INFO - Progress: 20/50 ads processed
2025-05-27 06:49:16,009 - INFO - Progress: 30/50 ads processed
2025-05-27 06:49:21,433 - INFO - Progress: 40/50 ads processed
2025-05-27 06:49:26,467 - INFO - Progress: 50/50 ads processed
2025-05-27 06:49:26,497 - INFO - Created backup of existing data file at unegui_data/unegui_rental_data.csv.bak
2025-05-27 06:49:26,604 - INFO - Data saved to unegui_data/unegui_rental_data.csv: 8754 records
2025-05-27 06:49:26,891 - INFO - Cache saved with 8967 URLs
2025-05-27 06:49:26,892 - INFO - Saved batch data. Total records: 8754
2025-05-27 06:49:26,892 - INFO - Processing batch 6/6 (27 links)
2025-05-27 06:49:32,333 - INFO - Progress: 10/27 ads processed
2025-05-27 06:49:37,391 - INFO - Progress: 20/27 ads processed
2025-05-27 06:49:41,807 - INFO - Progress: 27/27 ads processed
2025-05-27 06:49:41,836 - INFO - Created backup of existing data file at unegui_data/unegui_rental_data.csv.bak
2025-05-27 06:49:41,942 - INFO - Data saved to unegui_data/unegui_rental_data.csv: 8780 records
2025-05-27 06:49:42,232 - INFO - Cache saved with 8994 URLs
2025-05-27 06:49:42,232 - INFO - Saved batch data. Total records: 8780
2025-05-27 06:49:42,232 - INFO - Scraping completed in 0:04:22.129330. Total ads collected: 8780
