2025-05-17 06:40:28,040 - INFO - Starting rental apartment scraper at 2025-05-17 06:40:28.040688
2025-05-17 06:40:28,096 - INFO - Loaded existing data from unegui_data/unegui_rental_data.csv: 6412 records
2025-05-17 06:40:28,165 - INFO - Loaded 6412 existing records
2025-05-17 06:40:28,166 - INFO - Scraping page 1...
2025-05-17 06:40:28,166 - INFO - Scraping page 2...
2025-05-17 06:40:28,167 - INFO - Scraping page 3...
2025-05-17 06:40:31,659 - INFO - Found 60 links on page 1
2025-05-17 06:40:31,669 - INFO - Scraping page 4...
2025-05-17 06:40:31,787 - INFO - Found 60 links on page 2
2025-05-17 06:40:31,787 - INFO - Scraping page 5...
2025-05-17 06:40:33,033 - INFO - Found 60 links on page 3
2025-05-17 06:40:33,033 - INFO - Scraping page 6...
2025-05-17 06:40:35,420 - INFO - Found 60 links on page 5
2025-05-17 06:40:35,421 - INFO - Scraping page 7...
2025-05-17 06:40:35,573 - INFO - Found 60 links on page 4
2025-05-17 06:40:35,573 - INFO - Scraping page 8...
2025-05-17 06:40:36,856 - INFO - Found 60 links on page 6
2025-05-17 06:40:36,856 - INFO - Scraping page 9...
2025-05-17 06:40:39,437 - INFO - Found 60 links on page 7
2025-05-17 06:40:39,448 - INFO - Scraping page 10...
2025-05-17 06:40:39,491 - INFO - Found 60 links on page 8
2025-05-17 06:40:39,491 - INFO - Scraping page 11...
2025-05-17 06:40:40,503 - INFO - Found 60 links on page 9
2025-05-17 06:40:40,503 - INFO - Scraping page 12...
2025-05-17 06:40:42,919 - INFO - Found 60 links on page 10
2025-05-17 06:40:42,920 - INFO - Scraping page 13...
2025-05-17 06:40:43,286 - INFO - Found 60 links on page 11
2025-05-17 06:40:43,286 - INFO - Scraping page 14...
2025-05-17 06:40:44,145 - INFO - Found 60 links on page 12
2025-05-17 06:40:44,145 - INFO - Scraping page 15...
2025-05-17 06:40:46,380 - INFO - Found 60 links on page 13
2025-05-17 06:40:46,380 - INFO - Scraping page 16...
2025-05-17 06:40:47,118 - INFO - Found 60 links on page 14
2025-05-17 06:40:47,119 - INFO - Scraping page 17...
2025-05-17 06:40:47,799 - INFO - Found 60 links on page 15
2025-05-17 06:40:47,799 - INFO - Scraping page 18...
2025-05-17 06:40:50,396 - INFO - Found 60 links on page 16
2025-05-17 06:40:50,397 - INFO - Scraping page 19...
2025-05-17 06:40:51,314 - INFO - Found 60 links on page 17
2025-05-17 06:40:51,314 - INFO - Scraping page 20...
2025-05-17 06:40:51,534 - INFO - Found 60 links on page 18
2025-05-17 06:40:51,534 - INFO - Scraping page 21...
2025-05-17 06:40:54,571 - INFO - Found 60 links on page 19
2025-05-17 06:40:54,571 - INFO - Scraping page 22...
2025-05-17 06:40:54,905 - INFO - Found 60 links on page 20
2025-05-17 06:40:54,915 - INFO - Scraping page 23...
2025-05-17 06:40:55,112 - INFO - Found 60 links on page 21
2025-05-17 06:40:55,112 - INFO - Scraping page 24...
2025-05-17 06:40:58,463 - INFO - Found 60 links on page 23
2025-05-17 06:40:58,463 - INFO - Scraping page 25...
2025-05-17 06:40:58,781 - INFO - Found 60 links on page 24
2025-05-17 06:40:58,787 - INFO - Scraping page 26...
2025-05-17 06:40:58,875 - INFO - Found 60 links on page 22
2025-05-17 06:40:58,875 - INFO - Scraping page 27...
2025-05-17 06:41:02,072 - INFO - Found 60 links on page 25
2025-05-17 06:41:02,072 - INFO - Scraping page 28...
2025-05-17 06:41:02,306 - INFO - Found 60 links on page 27
2025-05-17 06:41:02,306 - INFO - Scraping page 29...
2025-05-17 06:41:02,681 - INFO - Found 60 links on page 26
2025-05-17 06:41:02,682 - INFO - Scraping page 30...
2025-05-17 06:41:05,687 - INFO - Found 60 links on page 29
2025-05-17 06:41:05,688 - INFO - Scraping page 31...
2025-05-17 06:41:05,975 - INFO - Found 60 links on page 28
2025-05-17 06:41:05,976 - INFO - Scraping page 32...
2025-05-17 06:41:06,936 - INFO - Found 60 links on page 30
2025-05-17 06:41:06,936 - INFO - Scraping page 33...
2025-05-17 06:41:09,306 - INFO - Found 60 links on page 32
2025-05-17 06:41:09,306 - INFO - Scraping page 34...
2025-05-17 06:41:09,581 - INFO - Found 60 links on page 31
2025-05-17 06:41:09,581 - INFO - Scraping page 35...
2025-05-17 06:41:10,876 - INFO - Found 60 links on page 33
2025-05-17 06:41:10,876 - INFO - Scraping page 36...
2025-05-17 06:41:12,781 - INFO - Found 60 links on page 34
2025-05-17 06:41:12,781 - INFO - Scraping page 37...
2025-05-17 06:41:13,295 - INFO - Found 60 links on page 35
2025-05-17 06:41:13,295 - INFO - Scraping page 38...
2025-05-17 06:41:14,514 - INFO - Found 60 links on page 36
2025-05-17 06:41:14,514 - INFO - Scraping page 39...
2025-05-17 06:41:16,335 - INFO - Found 60 links on page 37
2025-05-17 06:41:16,335 - INFO - Scraping page 40...
2025-05-17 06:41:16,936 - INFO - Found 60 links on page 38
2025-05-17 06:41:16,936 - INFO - Scraping page 41...
2025-05-17 06:41:18,373 - INFO - Found 60 links on page 39
2025-05-17 06:41:18,373 - INFO - Scraping page 42...
2025-05-17 06:41:19,792 - INFO - Found 60 links on page 40
2025-05-17 06:41:19,792 - INFO - Scraping page 43...
2025-05-17 06:41:20,546 - INFO - Found 60 links on page 41
2025-05-17 06:41:20,546 - INFO - Scraping page 44...
2025-05-17 06:41:22,099 - INFO - Found 60 links on page 42
2025-05-17 06:41:22,099 - INFO - Scraping page 45...
2025-05-17 06:41:23,219 - INFO - Found 60 links on page 43
2025-05-17 06:41:23,219 - INFO - Scraping page 46...
2025-05-17 06:41:24,202 - INFO - Found 60 links on page 44
2025-05-17 06:41:24,202 - INFO - Scraping page 47...
2025-05-17 06:41:26,446 - INFO - Found 60 links on page 45
2025-05-17 06:41:26,446 - INFO - Scraping page 48...
2025-05-17 06:41:26,824 - INFO - Found 60 links on page 46
2025-05-17 06:41:26,824 - INFO - Scraping page 49...
2025-05-17 06:41:28,323 - INFO - Found 60 links on page 47
2025-05-17 06:41:28,323 - INFO - Scraping page 50...
2025-05-17 06:41:30,210 - INFO - Found 60 links on page 49
2025-05-17 06:41:30,215 - INFO - Scraping page 51...
2025-05-17 06:41:30,319 - INFO - Found 60 links on page 48
2025-05-17 06:41:30,319 - INFO - Scraping page 52...
2025-05-17 06:41:31,805 - INFO - Found 60 links on page 50
2025-05-17 06:41:31,805 - INFO - Scraping page 53...
2025-05-17 06:41:34,076 - INFO - Found 60 links on page 52
2025-05-17 06:41:34,076 - INFO - Scraping page 54...
2025-05-17 06:41:34,679 - INFO - Found 60 links on page 51
2025-05-17 06:41:34,679 - INFO - Scraping page 55...
2025-05-17 06:41:35,240 - INFO - Found 60 links on page 53
2025-05-17 06:41:35,240 - INFO - Scraping page 56...
2025-05-17 06:41:37,530 - INFO - Found 60 links on page 54
2025-05-17 06:41:37,530 - INFO - Scraping page 57...
2025-05-17 06:41:38,701 - INFO - Found 60 links on page 55
2025-05-17 06:41:38,701 - INFO - Scraping page 58...
2025-05-17 06:41:38,921 - INFO - Found 60 links on page 56
2025-05-17 06:41:38,922 - INFO - Scraping page 59...
2025-05-17 06:41:41,093 - INFO - Found 60 links on page 57
2025-05-17 06:41:41,093 - INFO - Scraping page 60...
2025-05-17 06:41:42,208 - INFO - Found 60 links on page 58
2025-05-17 06:41:42,208 - INFO - Scraping page 61...
2025-05-17 06:41:43,520 - INFO - Found 60 links on page 59
2025-05-17 06:41:43,520 - INFO - Scraping page 62...
2025-05-17 06:41:44,314 - INFO - Found 60 links on page 60
2025-05-17 06:41:44,315 - INFO - Scraping page 63...
2025-05-17 06:41:46,207 - INFO - Found 60 links on page 61
2025-05-17 06:41:46,207 - INFO - Scraping page 64...
2025-05-17 06:41:47,105 - INFO - Found 60 links on page 62
2025-05-17 06:41:47,105 - INFO - Scraping page 65...
2025-05-17 06:41:48,109 - INFO - Found 60 links on page 63
2025-05-17 06:41:48,109 - INFO - Scraping page 66...
2025-05-17 06:41:49,371 - INFO - Found 60 links on page 64
2025-05-17 06:41:49,371 - INFO - Scraping page 67...
2025-05-17 06:41:50,599 - INFO - Found 60 links on page 65
2025-05-17 06:41:50,599 - INFO - Scraping page 68...
2025-05-17 06:41:51,529 - INFO - Found 60 links on page 66
2025-05-17 06:41:51,529 - INFO - Scraping page 69...
2025-05-17 06:41:52,690 - INFO - Found 60 links on page 67
2025-05-17 06:41:52,690 - INFO - Scraping page 70...
2025-05-17 06:41:54,258 - INFO - Found 60 links on page 68
2025-05-17 06:41:54,258 - INFO - Scraping page 71...
2025-05-17 06:41:54,766 - INFO - Found 60 links on page 69
2025-05-17 06:41:54,767 - INFO - Scraping page 72...
2025-05-17 06:41:57,464 - INFO - Found 60 links on page 70
2025-05-17 06:41:57,464 - INFO - Scraping page 73...
2025-05-17 06:41:57,674 - INFO - Found 60 links on page 71
2025-05-17 06:41:57,674 - INFO - Scraping page 74...
2025-05-17 06:41:58,030 - INFO - Found 60 links on page 72
2025-05-17 06:41:58,030 - INFO - Scraping page 75...
2025-05-17 06:42:01,043 - INFO - Found 60 links on page 73
2025-05-17 06:42:01,049 - INFO - Scraping page 76...
2025-05-17 06:42:01,112 - INFO - Found 60 links on page 74
2025-05-17 06:42:01,112 - INFO - Scraping page 77...
2025-05-17 06:42:01,448 - INFO - Found 60 links on page 75
2025-05-17 06:42:01,448 - INFO - Scraping page 78...
2025-05-17 06:42:04,661 - INFO - Found 60 links on page 76
2025-05-17 06:42:04,661 - INFO - Scraping page 79...
2025-05-17 06:42:05,147 - INFO - Found 60 links on page 78
2025-05-17 06:42:05,147 - INFO - Scraping page 80...
2025-05-17 06:42:05,365 - INFO - Found 60 links on page 77
2025-05-17 06:42:05,365 - INFO - Scraping page 81...
2025-05-17 06:42:08,648 - INFO - Found 60 links on page 80
2025-05-17 06:42:08,648 - INFO - Scraping page 82...
2025-05-17 06:42:09,020 - INFO - Found 60 links on page 79
2025-05-17 06:42:09,020 - INFO - Scraping page 83...
2025-05-17 06:42:09,358 - INFO - Found 60 links on page 81
2025-05-17 06:42:09,358 - INFO - Scraping page 84...
2025-05-17 06:42:11,987 - INFO - Found 60 links on page 82
2025-05-17 06:42:11,987 - INFO - Scraping page 85...
2025-05-17 06:42:12,524 - INFO - Found 60 links on page 83
2025-05-17 06:42:12,525 - INFO - Scraping page 86...
2025-05-17 06:42:12,905 - INFO - Found 60 links on page 84
2025-05-17 06:42:12,905 - INFO - Scraping page 87...
2025-05-17 06:42:15,623 - INFO - Found 60 links on page 85
2025-05-17 06:42:15,624 - INFO - Scraping page 88...
2025-05-17 06:42:16,245 - INFO - Found 60 links on page 86
2025-05-17 06:42:16,245 - INFO - Scraping page 89...
2025-05-17 06:42:17,164 - INFO - Found 42 links on page 87
2025-05-17 06:42:17,164 - INFO - Scraping page 90...
2025-05-17 06:42:19,190 - INFO - Found 42 links on page 88
2025-05-17 06:42:20,301 - INFO - Found 42 links on page 89
2025-05-17 06:42:20,907 - INFO - Found 42 links on page 90
2025-05-17 06:42:20,910 - INFO - Found 167 new links to scrape out of 5328 total links
2025-05-17 06:42:20,911 - INFO - Processing batch 1/4 (50 links)
2025-05-17 06:42:26,975 - INFO - Progress: 10/50 ads processed
2025-05-17 06:42:31,785 - INFO - Progress: 20/50 ads processed
2025-05-17 06:42:36,856 - INFO - Progress: 30/50 ads processed
2025-05-17 06:42:41,924 - INFO - Progress: 40/50 ads processed
2025-05-17 06:42:46,785 - INFO - Progress: 50/50 ads processed
2025-05-17 06:42:46,806 - INFO - Created backup of existing data file at unegui_data/unegui_rental_data.csv.bak
2025-05-17 06:42:46,882 - INFO - Data saved to unegui_data/unegui_rental_data.csv: 6461 records
2025-05-17 06:42:47,090 - INFO - Cache saved with 6614 URLs
2025-05-17 06:42:47,090 - INFO - Saved batch data. Total records: 6461
2025-05-17 06:42:47,091 - INFO - Processing batch 2/4 (50 links)
2025-05-17 06:42:52,154 - INFO - Progress: 10/50 ads processed
2025-05-17 06:42:57,251 - INFO - Progress: 20/50 ads processed
2025-05-17 06:43:02,623 - INFO - Progress: 30/50 ads processed
2025-05-17 06:43:07,415 - INFO - Progress: 40/50 ads processed
2025-05-17 06:43:12,521 - INFO - Progress: 50/50 ads processed
2025-05-17 06:43:12,543 - INFO - Created backup of existing data file at unegui_data/unegui_rental_data.csv.bak
2025-05-17 06:43:12,619 - INFO - Data saved to unegui_data/unegui_rental_data.csv: 6508 records
2025-05-17 06:43:12,825 - INFO - Cache saved with 6664 URLs
2025-05-17 06:43:12,825 - INFO - Saved batch data. Total records: 6508
2025-05-17 06:43:12,825 - INFO - Processing batch 3/4 (50 links)
2025-05-17 06:43:18,627 - INFO - Progress: 10/50 ads processed
2025-05-17 06:43:24,204 - INFO - Progress: 20/50 ads processed
2025-05-17 06:43:29,266 - INFO - Progress: 30/50 ads processed
2025-05-17 06:43:34,192 - INFO - Progress: 40/50 ads processed
2025-05-17 06:43:39,053 - INFO - Progress: 50/50 ads processed
2025-05-17 06:43:39,075 - INFO - Created backup of existing data file at unegui_data/unegui_rental_data.csv.bak
2025-05-17 06:43:39,152 - INFO - Data saved to unegui_data/unegui_rental_data.csv: 6555 records
2025-05-17 06:43:39,370 - INFO - Cache saved with 6714 URLs
2025-05-17 06:43:39,370 - INFO - Saved batch data. Total records: 6555
2025-05-17 06:43:39,370 - INFO - Processing batch 4/4 (17 links)
2025-05-17 06:43:45,195 - INFO - Progress: 10/17 ads processed
2025-05-17 06:43:49,499 - INFO - Progress: 17/17 ads processed
2025-05-17 06:43:49,521 - INFO - Created backup of existing data file at unegui_data/unegui_rental_data.csv.bak
2025-05-17 06:43:49,598 - INFO - Data saved to unegui_data/unegui_rental_data.csv: 6572 records
2025-05-17 06:43:49,813 - INFO - Cache saved with 6731 URLs
2025-05-17 06:43:49,813 - INFO - Saved batch data. Total records: 6572
2025-05-17 06:43:49,813 - INFO - Scraping completed in 0:03:21.772795. Total ads collected: 6572
